18 Mar 2016, 18:19:57.299 [   INFO] [         FXGL.Logger] [JavaFX Application Thread] Logger initialized with level: CONFIG
18 Mar 2016, 18:19:57.303 [  FINER] [         FXGL.Logger] [JavaFX Application Thread] CPU cores: 4
18 Mar 2016, 18:19:57.305 [  FINER] [         FXGL.Logger] [JavaFX Application Thread] Free Memory: 109MB
18 Mar 2016, 18:19:57.305 [  FINER] [         FXGL.Logger] [JavaFX Application Thread] Max Memory: 1776MB
18 Mar 2016, 18:19:57.306 [  FINER] [         FXGL.Logger] [JavaFX Application Thread] Total Memory: 121MB
18 Mar 2016, 18:19:57.306 [  FINER] [         FXGL.Logger] [JavaFX Application Thread] System Properties:
18 Mar 2016, 18:19:57.307 [  FINER] [         FXGL.Logger] [JavaFX Application Thread] sun.cpu.isalist=amd64
18 Mar 2016, 18:19:57.307 [  FINER] [         FXGL.Logger] [JavaFX Application Thread] sun.desktop=windows
18 Mar 2016, 18:19:57.308 [  FINER] [         FXGL.Logger] [JavaFX Application Thread] sun.io.unicode.encoding=UnicodeLittle
18 Mar 2016, 18:19:57.308 [  FINER] [         FXGL.Logger] [JavaFX Application Thread] sun.cpu.endian=little
18 Mar 2016, 18:19:57.308 [  FINER] [         FXGL.Logger] [JavaFX Application Thread] java.vendor.url.bug=http://bugreport.sun.com/bugreport/
18 Mar 2016, 18:19:57.308 [  FINER] [         FXGL.Logger] [JavaFX Application Thread] file.separator=\
18 Mar 2016, 18:19:57.308 [  FINER] [         FXGL.Logger] [JavaFX Application Thread] java.vendor=Oracle Corporation
18 Mar 2016, 18:19:57.309 [  FINER] [         FXGL.Logger] [JavaFX Application Thread] sun.boot.class.path=C:\Program Files\Java\jre1.8.0_73\lib\resources.jar;C:\Program Files\Java\jre1.8.0_73\lib\rt.jar;C:\Program Files\Java\jre1.8.0_73\lib\sunrsasign.jar;C:\Program Files\Java\jre1.8.0_73\lib\jsse.jar;C:\Program Files\Java\jre1.8.0_73\lib\jce.jar;C:\Program Files\Java\jre1.8.0_73\lib\charsets.jar;C:\Program Files\Java\jre1.8.0_73\lib\jfr.jar;C:\Program Files\Java\jre1.8.0_73\classes
18 Mar 2016, 18:19:57.309 [  FINER] [         FXGL.Logger] [JavaFX Application Thread] java.ext.dirs=C:\Program Files\Java\jre1.8.0_73\lib\ext;C:\Windows\Sun\Java\lib\ext
18 Mar 2016, 18:19:57.309 [  FINER] [         FXGL.Logger] [JavaFX Application Thread] java.version=1.8.0_73
18 Mar 2016, 18:19:57.310 [  FINER] [         FXGL.Logger] [JavaFX Application Thread] java.vm.info=mixed mode
18 Mar 2016, 18:19:57.310 [  FINER] [         FXGL.Logger] [JavaFX Application Thread] awt.toolkit=sun.awt.windows.WToolkit
18 Mar 2016, 18:19:57.310 [  FINER] [         FXGL.Logger] [JavaFX Application Thread] user.language=en
18 Mar 2016, 18:19:57.311 [  FINER] [         FXGL.Logger] [JavaFX Application Thread] java.specification.vendor=Oracle Corporation
18 Mar 2016, 18:19:57.311 [  FINER] [         FXGL.Logger] [JavaFX Application Thread] sun.java.command=com.chromalife.SpaceInvaders.SpaceInvadersApp
18 Mar 2016, 18:19:57.311 [  FINER] [         FXGL.Logger] [JavaFX Application Thread] java.home=C:\Program Files\Java\jre1.8.0_73
18 Mar 2016, 18:19:57.311 [  FINER] [         FXGL.Logger] [JavaFX Application Thread] sun.arch.data.model=64
18 Mar 2016, 18:19:57.312 [  FINER] [         FXGL.Logger] [JavaFX Application Thread] java.vm.specification.version=1.8
18 Mar 2016, 18:19:57.312 [  FINER] [         FXGL.Logger] [JavaFX Application Thread] java.class.path=C:\Users\User\Documents\School\spring 2016\github\SpaceInvaders\target\classes;C:\Users\User\.m2\repository\com\github\AlmasB\FXGL\0.2.1-0.2.0-gba5970d-32\FXGL-0.2.1-0.2.0-gba5970d-32.jar;C:\Users\User\.m2\repository\com\google\inject\guice\4.0\guice-4.0.jar;C:\Users\User\.m2\repository\javax\inject\javax.inject\1\javax.inject-1.jar;C:\Users\User\.m2\repository\aopalliance\aopalliance\1.0\aopalliance-1.0.jar;C:\Users\User\.m2\repository\com\google\guava\guava\16.0.1\guava-16.0.1.jar;C:\Users\User\.m2\repository\org\jfxtras\jfxtras-window\8.0-r4\jfxtras-window-8.0-r4.jar;C:\Users\User\.m2\repository\org\jfxtras\jfxtras-common\8.0-r4\jfxtras-common-8.0-r4.jar;C:\Users\User\.m2\repository\com\github\AlmasB\FXEventBus\1.0\FXEventBus-1.0.jar;C:\Users\User\.m2\repository\com\github\AlmasB\Ents\1.0\Ents-1.0.jar;C:\Users\User\.m2\repository\org\apache\logging\log4j\log4j-api\2.5\log4j-api-2.5.jar;C:\Users\User\.m2\repository\org\apache\logging\log4j\log4j-core\2.5\log4j-core-2.5.jar;C:\Users\User\.m2\repository\com\github\AlmasB\AStar\1.0\AStar-1.0.jar
18 Mar 2016, 18:19:57.312 [  FINER] [         FXGL.Logger] [JavaFX Application Thread] user.name=User
18 Mar 2016, 18:19:57.312 [  FINER] [         FXGL.Logger] [JavaFX Application Thread] file.encoding=Cp1252
18 Mar 2016, 18:19:57.313 [  FINER] [         FXGL.Logger] [JavaFX Application Thread] java.specification.version=1.8
18 Mar 2016, 18:19:57.313 [  FINER] [         FXGL.Logger] [JavaFX Application Thread] java.awt.printerjob=sun.awt.windows.WPrinterJob
18 Mar 2016, 18:19:57.313 [  FINER] [         FXGL.Logger] [JavaFX Application Thread] user.timezone=America/New_York
18 Mar 2016, 18:19:57.314 [  FINER] [         FXGL.Logger] [JavaFX Application Thread] user.home=C:\Users\User
18 Mar 2016, 18:19:57.314 [  FINER] [         FXGL.Logger] [JavaFX Application Thread] os.version=6.1
18 Mar 2016, 18:19:57.314 [  FINER] [         FXGL.Logger] [JavaFX Application Thread] sun.management.compiler=HotSpot 64-Bit Tiered Compilers
18 Mar 2016, 18:19:57.315 [  FINER] [         FXGL.Logger] [JavaFX Application Thread] java.specification.name=Java Platform API Specification
18 Mar 2016, 18:19:57.315 [  FINER] [         FXGL.Logger] [JavaFX Application Thread] java.class.version=52.0
18 Mar 2016, 18:19:57.315 [  FINER] [         FXGL.Logger] [JavaFX Application Thread] java.library.path=C:\Program Files\Java\jre1.8.0_73\bin;C:\Windows\Sun\Java\bin;C:\Windows\system32;C:\Windows;C:/Program Files/Java/jre1.8.0_73/bin/server;C:/Program Files/Java/jre1.8.0_73/bin;C:/Program Files/Java/jre1.8.0_73/lib/amd64;C:\ProgramData\Oracle\Java\javapath;C:\Windows\system32;C:\Windows;C:\Windows\System32\Wbem;C:\Windows\System32\WindowsPowerShell\v1.0\;C:\Program Files\nodejs\;C:\Program Files\Microsoft SQL Server\110\Tools\Binn\;C:\Program Files (x86)\Skype\Phone\;C:\Users\User\AppData\Roaming\npm;C:\Program Files\eclipse\java-mars8\eclipse;;.
18 Mar 2016, 18:19:57.316 [  FINER] [         FXGL.Logger] [JavaFX Application Thread] sun.jnu.encoding=Cp1252
18 Mar 2016, 18:19:57.316 [  FINER] [         FXGL.Logger] [JavaFX Application Thread] os.name=Windows 7
18 Mar 2016, 18:19:57.316 [  FINER] [         FXGL.Logger] [JavaFX Application Thread] user.variant=
18 Mar 2016, 18:19:57.316 [  FINER] [         FXGL.Logger] [JavaFX Application Thread] java.vm.specification.vendor=Oracle Corporation
18 Mar 2016, 18:19:57.317 [  FINER] [         FXGL.Logger] [JavaFX Application Thread] java.io.tmpdir=C:\Users\User\AppData\Local\Temp\
18 Mar 2016, 18:19:57.318 [  FINER] [         FXGL.Logger] [JavaFX Application Thread] line.separator=

18 Mar 2016, 18:19:57.318 [  FINER] [         FXGL.Logger] [JavaFX Application Thread] java.endorsed.dirs=C:\Program Files\Java\jre1.8.0_73\lib\endorsed
18 Mar 2016, 18:19:57.318 [  FINER] [         FXGL.Logger] [JavaFX Application Thread] os.arch=amd64
18 Mar 2016, 18:19:57.318 [  FINER] [         FXGL.Logger] [JavaFX Application Thread] javafx.runtime.version=8.0.71-b15
18 Mar 2016, 18:19:57.319 [  FINER] [         FXGL.Logger] [JavaFX Application Thread] java.awt.graphicsenv=sun.awt.Win32GraphicsEnvironment
18 Mar 2016, 18:19:57.319 [  FINER] [         FXGL.Logger] [JavaFX Application Thread] java.runtime.version=1.8.0_73-b02
18 Mar 2016, 18:19:57.319 [  FINER] [         FXGL.Logger] [JavaFX Application Thread] java.vm.specification.name=Java Virtual Machine Specification
18 Mar 2016, 18:19:57.319 [  FINER] [         FXGL.Logger] [JavaFX Application Thread] user.dir=C:\Users\User\Documents\School\spring 2016\github\SpaceInvaders
18 Mar 2016, 18:19:57.320 [  FINER] [         FXGL.Logger] [JavaFX Application Thread] user.country=US
18 Mar 2016, 18:19:57.321 [  FINER] [         FXGL.Logger] [JavaFX Application Thread] user.script=
18 Mar 2016, 18:19:57.321 [  FINER] [         FXGL.Logger] [JavaFX Application Thread] sun.java.launcher=SUN_STANDARD
18 Mar 2016, 18:19:57.321 [  FINER] [         FXGL.Logger] [JavaFX Application Thread] sun.os.patch.level=Service Pack 1
18 Mar 2016, 18:19:57.322 [  FINER] [         FXGL.Logger] [JavaFX Application Thread] java.vm.name=Java HotSpot(TM) 64-Bit Server VM
18 Mar 2016, 18:19:57.322 [  FINER] [         FXGL.Logger] [JavaFX Application Thread] file.encoding.pkg=sun.io
18 Mar 2016, 18:19:57.322 [  FINER] [         FXGL.Logger] [JavaFX Application Thread] path.separator=;
18 Mar 2016, 18:19:57.322 [  FINER] [         FXGL.Logger] [JavaFX Application Thread] java.vm.vendor=Oracle Corporation
18 Mar 2016, 18:19:57.323 [  FINER] [         FXGL.Logger] [JavaFX Application Thread] java.vendor.url=http://java.oracle.com/
18 Mar 2016, 18:19:57.323 [  FINER] [         FXGL.Logger] [JavaFX Application Thread] sun.boot.library.path=C:\Program Files\Java\jre1.8.0_73\bin
18 Mar 2016, 18:19:57.323 [  FINER] [         FXGL.Logger] [JavaFX Application Thread] java.vm.version=25.73-b02
18 Mar 2016, 18:19:57.324 [  FINER] [         FXGL.Logger] [JavaFX Application Thread] java.runtime.name=Java(TM) SE Runtime Environment
18 Mar 2016, 18:19:57.324 [  FINER] [         FXGL.Logger] [JavaFX Application Thread] javafx.version=8.0.71
18 Mar 2016, 18:19:57.328 [   INFO] [        FXGL.Version] [JavaFX Application Thread] FXGL-0.2.1-SNAPSHOT
18 Mar 2016, 18:19:57.329 [   INFO] [        FXGL.Version] [JavaFX Application Thread] Source code and latest builds at: https://github.com/AlmasB/FXGL
18 Mar 2016, 18:19:57.335 [  FINER] [    FXGL.Application] [JavaFX Application Thread] Game_clinit()
18 Mar 2016, 18:19:57.342 [  FINER] [    FXGL.Application] [JavaFX-Launcher] FXGL_init()
18 Mar 2016, 18:19:57.368 [  FINER] [    FXGL.Application] [JavaFX Application Thread] FXGL_start()
18 Mar 2016, 18:19:57.369 [  FINER] [    FXGL.Application] [JavaFX Application Thread] Initializing system properties
18 Mar 2016, 18:19:57.371 [  FINER] [    FXGL.Application] [JavaFX Application Thread] sound.notification = system/notification.wav
18 Mar 2016, 18:19:57.372 [  FINER] [    FXGL.Application] [JavaFX Application Thread] asset.cache.size = 35
18 Mar 2016, 18:19:57.372 [  FINER] [    FXGL.Application] [JavaFX Application Thread] ui.font = Copperplate_Gothic_Light_Regular.ttf
18 Mar 2016, 18:19:57.372 [  FINER] [    FXGL.Application] [JavaFX Application Thread] sound.menu.back = menu/back.wav
18 Mar 2016, 18:19:57.373 [  FINER] [    FXGL.Application] [JavaFX Application Thread] sound.menu.select = menu/select.wav
18 Mar 2016, 18:19:57.373 [  FINER] [    FXGL.Application] [JavaFX Application Thread] physics.ppm = 50
18 Mar 2016, 18:19:57.373 [  FINER] [    FXGL.Application] [JavaFX Application Thread] ui.css = fxgl.css
18 Mar 2016, 18:19:57.373 [  FINER] [    FXGL.Application] [JavaFX Application Thread] ui.icon.name = fxgl_icon.png
18 Mar 2016, 18:19:57.374 [  FINER] [    FXGL.Application] [JavaFX Application Thread] sound.menu.press = menu/press.wav
18 Mar 2016, 18:19:57.374 [  FINER] [    FXGL.Application] [JavaFX Application Thread] Initializing user properties
18 Mar 2016, 18:19:57.374 [   INFO] [    FXGL.Application] [JavaFX Application Thread] User properties not found. Using system
18 Mar 2016, 18:19:57.386 [   INFO] [         FXGL.Logger] [JavaFX Application Thread] Logger level set to: CONFIG
18 Mar 2016, 18:19:57.387 [   INFO] [    FXGL.Application] [JavaFX Application Thread] Application Mode: DEVELOPER
18 Mar 2016, 18:19:57.898 [  FINER] [    FXGL.Application] [JavaFX Application Thread] Services configuration complete
18 Mar 2016, 18:19:57.908 [  FINER] [       FXGL.EventBus] [JavaFX Application Thread] Service [EventBus] initialized
18 Mar 2016, 18:19:57.911 [  FINER] [    FXGL.AssetLoader] [JavaFX Application Thread] Service [AssetLoader] initialized
18 Mar 2016, 18:19:57.914 [  FINER] [    FXGL.AssetLoader] [JavaFX Application Thread] Loading from disk: /assets/sounds/system/notification.wav
18 Mar 2016, 18:19:57.939 [  FINER] [    FXGL.AssetLoader] [JavaFX Application Thread] Loading from disk: /assets/sounds/menu/select.wav
18 Mar 2016, 18:19:57.941 [  FINER] [    FXGL.AssetLoader] [JavaFX Application Thread] Loading from disk: /assets/sounds/menu/back.wav
18 Mar 2016, 18:19:57.943 [  FINER] [    FXGL.AssetLoader] [JavaFX Application Thread] Loading from disk: /assets/sounds/menu/press.wav
18 Mar 2016, 18:19:57.946 [  FINER] [    FXGL.AssetLoader] [JavaFX Application Thread] Loading from disk: /assets/ui/fonts/Copperplate_Gothic_Light_Regular.ttf
18 Mar 2016, 18:19:58.190 [  FINER] [    FXGL.AssetLoader] [JavaFX Application Thread] Loading from disk: /assets/ui/css/fxgl.css
18 Mar 2016, 18:19:58.191 [  FINER] [    FXGL.AssetLoader] [JavaFX Application Thread] Loading from disk: /assets/ui/icons/fxgl_icon.png
18 Mar 2016, 18:19:58.236 [  FINER] [    FXGL.AssetLoader] [JavaFX Application Thread] Loading from disk: /assets/ui/css/fxgl_dark.css
18 Mar 2016, 18:19:58.358 [  FINER] [        FXGL.Display] [JavaFX Application Thread] Target size: 400.0x400.0@1.0
18 Mar 2016, 18:19:58.358 [  FINER] [        FXGL.Display] [JavaFX Application Thread] New size:    400.0x400.0@1.0
18 Mar 2016, 18:19:58.360 [  FINER] [        FXGL.Display] [JavaFX Application Thread] Service [Display] initialized
18 Mar 2016, 18:19:58.360 [  FINER] [        FXGL.Display] [JavaFX Application Thread] Using CSS: CSS[jar:file:/C:/Users/User/.m2/repository/com/github/AlmasB/FXGL/0.2.1-0.2.0-gba5970d-32/FXGL-0.2.1-0.2.0-gba5970d-32.jar!/assets/ui/css/fxgl_dark.css]
18 Mar 2016, 18:19:58.365 [  FINER] [          FXGL.Input] [JavaFX Application Thread] Service [Input] initialized
18 Mar 2016, 18:19:58.370 [  FINER] [    FXGL.AudioPlayer] [JavaFX Application Thread] Service [AudioPlayer] initialized
18 Mar 2016, 18:19:58.380 [  FINER] [    FXGL.MasterTimer] [JavaFX Application Thread] Service [MasterTimer] initialized
18 Mar 2016, 18:19:58.402 [  FINER] [      FXGL.GameScene] [JavaFX Application Thread] Game scene initialized
18 Mar 2016, 18:19:58.404 [  FINER] [FXGL.NotificationSer] [JavaFX Application Thread] Service [NotificationService] initialized
18 Mar 2016, 18:19:58.695 [  FINER] [      FXGL.GameWorld] [JavaFX Application Thread] Game world initialized
18 Mar 2016, 18:19:58.750 [  FINER] [   FXGL.PhysicsWorld] [JavaFX Application Thread] Physics world initialized
18 Mar 2016, 18:19:58.841 [  FINER] [    FXGL.Application] [JavaFX Application Thread] Game_start()
18 Mar 2016, 18:19:58.847 [  FINER] [    FXGL.Application] [JavaFX Application Thread] Saving data to profile
18 Mar 2016, 18:19:58.848 [  FINER] [    FXGL.UserProfile] [JavaFX Application Thread] Logging bundle: game
18 Mar 2016, 18:19:58.848 [  FINER] [    FXGL.UserProfile] [JavaFX Application Thread] game.playtime=1506758198
18 Mar 2016, 18:19:58.849 [  FINER] [       FXGL.EventBus] [JavaFX Application Thread] Firing event: SaveEvent
18 Mar 2016, 18:19:58.850 [  FINER] [        FXGL.Display] [JavaFX Application Thread] Saving data to profile
18 Mar 2016, 18:19:58.851 [  FINER] [    FXGL.UserProfile] [JavaFX Application Thread] Logging bundle: scene
18 Mar 2016, 18:19:58.851 [  FINER] [    FXGL.UserProfile] [JavaFX Application Thread] scene.sizeW=400.0
18 Mar 2016, 18:19:58.851 [  FINER] [    FXGL.UserProfile] [JavaFX Application Thread] scene.sizeH=400.0
18 Mar 2016, 18:19:58.851 [  FINER] [          FXGL.Input] [JavaFX Application Thread] Saving data to profile
18 Mar 2016, 18:19:58.851 [  FINER] [    FXGL.UserProfile] [JavaFX Application Thread] Logging bundle: input
18 Mar 2016, 18:19:58.852 [  FINER] [    FXGL.AudioPlayer] [JavaFX Application Thread] Saving data to profile
18 Mar 2016, 18:19:58.852 [  FINER] [    FXGL.UserProfile] [JavaFX Application Thread] Logging bundle: audio
18 Mar 2016, 18:19:58.852 [  FINER] [    FXGL.UserProfile] [JavaFX Application Thread] audio.musicVolume=0.5
18 Mar 2016, 18:19:58.852 [  FINER] [    FXGL.UserProfile] [JavaFX Application Thread] audio.soundVolume=0.5
18 Mar 2016, 18:19:58.852 [  FINER] [FXGL.AchievementMana] [JavaFX Application Thread] Saving data to profile
18 Mar 2016, 18:19:58.855 [  FINER] [    FXGL.UserProfile] [JavaFX Application Thread] Logging bundle: achievement
18 Mar 2016, 18:19:58.856 [  FINER] [    FXGL.Application] [JavaFX Application Thread] Starting new game
18 Mar 2016, 18:19:58.859 [  FINER] [    FXGL.Application] [JavaFX Application Thread] Initializing App
18 Mar 2016, 18:19:58.859 [  FINER] [    FXGL.Application] [JavaFX Application Thread] Pausing main loop
18 Mar 2016, 18:19:58.860 [  FINER] [       FXGL.EventBus] [JavaFX Application Thread] Firing event: FXGLEvent[type=PAUSE]
18 Mar 2016, 18:19:58.860 [  FINER] [          FXGL.Input] [JavaFX Application Thread] Clearing active input actions
18 Mar 2016, 18:19:58.860 [  FINER] [    FXGL.MasterTimer] [JavaFX Application Thread] Stopping master timer
18 Mar 2016, 18:19:58.860 [  FINER] [    FXGL.Application] [JavaFX Application Thread] State: STARTUP -> PAUSED
18 Mar 2016, 18:19:58.862 [  FINER] [    FXGL.Application] [JavaFX Application Thread] Resetting FXGL application
18 Mar 2016, 18:19:58.862 [  FINER] [       FXGL.EventBus] [JavaFX Application Thread] Firing event: FXGLEvent[type=RESET]
18 Mar 2016, 18:19:58.863 [  FINER] [          FXGL.Input] [JavaFX Application Thread] Clearing active input actions
18 Mar 2016, 18:19:58.863 [  FINER] [    FXGL.MasterTimer] [JavaFX Application Thread] Resetting ticks to 0
18 Mar 2016, 18:19:58.863 [  FINER] [    FXGL.MasterTimer] [JavaFX Application Thread] Clearing all scheduled actions
18 Mar 2016, 18:19:58.863 [  FINER] [      FXGL.GameScene] [JavaFX Application Thread] Resetting game scene
18 Mar 2016, 18:19:58.863 [  FINER] [      FXGL.GameWorld] [JavaFX Application Thread] Resetting game world
18 Mar 2016, 18:19:58.866 [  FINER] [    FXGL.Application] [JavaFX Application Thread] State: PAUSED -> LOADING
18 Mar 2016, 18:19:58.906 [  FINER] [    FXGL.Application] [JavaFX Application Thread] Starting FXGL Init Thread
18 Mar 2016, 18:19:58.907 [  FINER] [    FXGL.Application] [FXGL Init Thread] Initializing Assets
18 Mar 2016, 18:19:58.908 [  FINER] [    FXGL.AssetLoader] [FXGL Init Thread] Loading from disk: /assets/textures/spaceshipReduced.png
18 Mar 2016, 18:19:58.914 [  FINER] [    FXGL.Application] [FXGL Init Thread] Initializing Game
18 Mar 2016, 18:19:58.937 [  FINER] [    FXGL.AssetLoader] [FXGL Init Thread] Loading from disk: /assets/textures/enemyReduced3.png
18 Mar 2016, 18:19:58.958 [  FINER] [    FXGL.AssetLoader] [FXGL Init Thread] Loading from cache: /assets/textures/enemyReduced3.png
18 Mar 2016, 18:19:58.959 [  FINER] [    FXGL.AssetLoader] [FXGL Init Thread] Loading from cache: /assets/textures/enemyReduced3.png
18 Mar 2016, 18:19:58.961 [  FINER] [    FXGL.AssetLoader] [FXGL Init Thread] Loading from disk: /assets/textures/enemyReduced1.png
18 Mar 2016, 18:19:58.964 [  FINER] [    FXGL.AssetLoader] [FXGL Init Thread] Loading from disk: /assets/textures/enemyReduced2.png
18 Mar 2016, 18:19:58.967 [  FINER] [    FXGL.AssetLoader] [FXGL Init Thread] Loading from cache: /assets/textures/enemyReduced2.png
18 Mar 2016, 18:19:58.968 [  FINER] [    FXGL.AssetLoader] [FXGL Init Thread] Loading from cache: /assets/textures/enemyReduced1.png
18 Mar 2016, 18:19:58.970 [  FINER] [    FXGL.AssetLoader] [FXGL Init Thread] Loading from cache: /assets/textures/enemyReduced1.png
18 Mar 2016, 18:19:58.972 [  FINER] [    FXGL.AssetLoader] [FXGL Init Thread] Loading from cache: /assets/textures/enemyReduced1.png
18 Mar 2016, 18:19:58.974 [  FINER] [    FXGL.AssetLoader] [FXGL Init Thread] Loading from cache: /assets/textures/enemyReduced1.png
18 Mar 2016, 18:19:58.975 [  FINER] [    FXGL.AssetLoader] [FXGL Init Thread] Loading from cache: /assets/textures/enemyReduced2.png
18 Mar 2016, 18:19:58.976 [  FINER] [    FXGL.AssetLoader] [FXGL Init Thread] Loading from cache: /assets/textures/enemyReduced1.png
18 Mar 2016, 18:19:58.978 [  FINER] [    FXGL.AssetLoader] [FXGL Init Thread] Loading from cache: /assets/textures/enemyReduced2.png
18 Mar 2016, 18:19:58.978 [  FINER] [    FXGL.AssetLoader] [FXGL Init Thread] Loading from cache: /assets/textures/enemyReduced2.png
18 Mar 2016, 18:19:58.979 [  FINER] [    FXGL.AssetLoader] [FXGL Init Thread] Loading from cache: /assets/textures/enemyReduced3.png
18 Mar 2016, 18:19:58.980 [  FINER] [    FXGL.AssetLoader] [FXGL Init Thread] Loading from cache: /assets/textures/enemyReduced3.png
18 Mar 2016, 18:19:58.981 [  FINER] [    FXGL.AssetLoader] [FXGL Init Thread] Loading from cache: /assets/textures/enemyReduced2.png
18 Mar 2016, 18:19:58.982 [  FINER] [    FXGL.AssetLoader] [FXGL Init Thread] Loading from cache: /assets/textures/enemyReduced2.png
18 Mar 2016, 18:19:58.984 [  FINER] [    FXGL.AssetLoader] [FXGL Init Thread] Loading from cache: /assets/textures/enemyReduced1.png
18 Mar 2016, 18:19:58.985 [  FINER] [    FXGL.AssetLoader] [FXGL Init Thread] Loading from cache: /assets/textures/enemyReduced1.png
18 Mar 2016, 18:19:58.986 [  FINER] [    FXGL.AssetLoader] [FXGL Init Thread] Loading from cache: /assets/textures/enemyReduced3.png
18 Mar 2016, 18:19:58.987 [  FINER] [    FXGL.AssetLoader] [FXGL Init Thread] Loading from cache: /assets/textures/enemyReduced2.png
18 Mar 2016, 18:19:58.988 [  FINER] [    FXGL.AssetLoader] [FXGL Init Thread] Loading from cache: /assets/textures/enemyReduced2.png
18 Mar 2016, 18:19:58.989 [  FINER] [    FXGL.AssetLoader] [FXGL Init Thread] Loading from cache: /assets/textures/enemyReduced1.png
18 Mar 2016, 18:19:58.990 [  FINER] [    FXGL.AssetLoader] [FXGL Init Thread] Loading from cache: /assets/textures/enemyReduced3.png
18 Mar 2016, 18:19:58.991 [  FINER] [    FXGL.AssetLoader] [FXGL Init Thread] Loading from cache: /assets/textures/enemyReduced1.png
18 Mar 2016, 18:19:58.992 [  FINER] [    FXGL.AssetLoader] [FXGL Init Thread] Loading from cache: /assets/textures/enemyReduced1.png
18 Mar 2016, 18:19:58.993 [  FINER] [    FXGL.AssetLoader] [FXGL Init Thread] Loading from cache: /assets/textures/enemyReduced3.png
18 Mar 2016, 18:19:58.995 [  FINER] [    FXGL.AssetLoader] [FXGL Init Thread] Loading from cache: /assets/textures/enemyReduced2.png
18 Mar 2016, 18:19:58.996 [  FINER] [    FXGL.AssetLoader] [FXGL Init Thread] Loading from cache: /assets/textures/enemyReduced1.png
18 Mar 2016, 18:19:58.998 [  FINER] [    FXGL.AssetLoader] [FXGL Init Thread] Loading from cache: /assets/textures/enemyReduced2.png
18 Mar 2016, 18:19:58.999 [  FINER] [    FXGL.AssetLoader] [FXGL Init Thread] Loading from cache: /assets/textures/enemyReduced3.png
18 Mar 2016, 18:19:59.000 [  FINER] [    FXGL.AssetLoader] [FXGL Init Thread] Loading from cache: /assets/textures/enemyReduced3.png
18 Mar 2016, 18:19:59.002 [  FINER] [    FXGL.AssetLoader] [FXGL Init Thread] Loading from cache: /assets/textures/enemyReduced2.png
18 Mar 2016, 18:19:59.004 [  FINER] [    FXGL.AssetLoader] [FXGL Init Thread] Loading from cache: /assets/textures/enemyReduced1.png
18 Mar 2016, 18:19:59.006 [  FINER] [    FXGL.AssetLoader] [FXGL Init Thread] Loading from cache: /assets/textures/enemyReduced2.png
18 Mar 2016, 18:19:59.008 [  FINER] [    FXGL.AssetLoader] [FXGL Init Thread] Loading from cache: /assets/textures/enemyReduced1.png
18 Mar 2016, 18:19:59.009 [  FINER] [    FXGL.AssetLoader] [FXGL Init Thread] Loading from cache: /assets/textures/enemyReduced2.png
18 Mar 2016, 18:19:59.019 [  FINER] [    FXGL.AssetLoader] [FXGL Init Thread] Loading from cache: /assets/textures/enemyReduced2.png
18 Mar 2016, 18:19:59.022 [  FINER] [    FXGL.AssetLoader] [FXGL Init Thread] Loading from cache: /assets/textures/enemyReduced3.png
18 Mar 2016, 18:19:59.024 [  FINER] [    FXGL.AssetLoader] [FXGL Init Thread] Loading from cache: /assets/textures/enemyReduced2.png
18 Mar 2016, 18:19:59.025 [  FINER] [    FXGL.AssetLoader] [FXGL Init Thread] Loading from cache: /assets/textures/enemyReduced1.png
18 Mar 2016, 18:19:59.026 [  FINER] [    FXGL.AssetLoader] [FXGL Init Thread] Loading from cache: /assets/textures/enemyReduced3.png
18 Mar 2016, 18:19:59.027 [  FINER] [    FXGL.AssetLoader] [FXGL Init Thread] Loading from cache: /assets/textures/enemyReduced1.png
18 Mar 2016, 18:19:59.029 [  FINER] [    FXGL.AssetLoader] [FXGL Init Thread] Loading from cache: /assets/textures/enemyReduced3.png
18 Mar 2016, 18:19:59.030 [  FINER] [    FXGL.AssetLoader] [FXGL Init Thread] Loading from cache: /assets/textures/enemyReduced1.png
18 Mar 2016, 18:19:59.031 [  FINER] [    FXGL.AssetLoader] [FXGL Init Thread] Loading from cache: /assets/textures/enemyReduced1.png
18 Mar 2016, 18:19:59.032 [  FINER] [    FXGL.AssetLoader] [FXGL Init Thread] Loading from cache: /assets/textures/enemyReduced1.png
18 Mar 2016, 18:19:59.034 [  FINER] [    FXGL.AssetLoader] [FXGL Init Thread] Loading from cache: /assets/textures/enemyReduced2.png
18 Mar 2016, 18:19:59.035 [  FINER] [    FXGL.AssetLoader] [FXGL Init Thread] Loading from cache: /assets/textures/enemyReduced3.png
18 Mar 2016, 18:19:59.036 [  FINER] [    FXGL.Application] [FXGL Init Thread] Initializing Physics
18 Mar 2016, 18:19:59.036 [  FINER] [    FXGL.Application] [FXGL Init Thread] Initializing UI
18 Mar 2016, 18:19:59.042 [  FINER] [    FXGL.Application] [FXGL Init Thread] Initialization Complete
18 Mar 2016, 18:19:59.159 [  FINER] [    FXGL.Application] [JavaFX Application Thread] Showing stage
18 Mar 2016, 18:19:59.160 [  FINER] [    FXGL.Application] [JavaFX Application Thread] Root size: 400.0x400.0
18 Mar 2016, 18:19:59.160 [  FINER] [    FXGL.Application] [JavaFX Application Thread] Scene size: 400.0x400.0
18 Mar 2016, 18:19:59.160 [  FINER] [    FXGL.Application] [JavaFX Application Thread] Stage size: 406.0x428.0
18 Mar 2016, 18:19:59.182 [  FINER] [       FXGL.EventBus] [JavaFX Application Thread] Firing event: FXGLEvent[type=INIT_APP_COMPLETE]
18 Mar 2016, 18:19:59.183 [  FINER] [    FXGL.Application] [JavaFX Application Thread] Resuming main loop
18 Mar 2016, 18:19:59.183 [  FINER] [       FXGL.EventBus] [JavaFX Application Thread] Firing event: FXGLEvent[type=RESUME]
18 Mar 2016, 18:19:59.183 [  FINER] [          FXGL.Input] [JavaFX Application Thread] Clearing active input actions
18 Mar 2016, 18:19:59.183 [  FINER] [    FXGL.MasterTimer] [JavaFX Application Thread] Starting master timer
18 Mar 2016, 18:19:59.184 [  FINER] [    FXGL.Application] [JavaFX Application Thread] State: LOADING -> PLAYING
18 Mar 2016, 18:19:59.196 [  FINER] [       FXGL.EventBus] [JavaFX Application Thread] Firing event: WorldEvent[type=ENTITY_ADDED]
18 Mar 2016, 18:19:59.197 [  FINER] [      FXGL.GameScene] [JavaFX Application Thread] Entity added to scene
18 Mar 2016, 18:19:59.197 [  FINER] [      FXGL.GameScene] [JavaFX Application Thread] Added MainViewComponent
18 Mar 2016, 18:19:59.199 [  FINER] [      FXGL.GameScene] [JavaFX Application Thread] Creating render group for layer: TOP(2147483647)
18 Mar 2016, 18:19:59.206 [  FINER] [       FXGL.EventBus] [JavaFX Application Thread] Firing event: WorldEvent[type=ENTITY_ADDED]
18 Mar 2016, 18:19:59.206 [  FINER] [      FXGL.GameScene] [JavaFX Application Thread] Entity added to scene
18 Mar 2016, 18:19:59.206 [  FINER] [      FXGL.GameScene] [JavaFX Application Thread] Added MainViewComponent
18 Mar 2016, 18:19:59.207 [  FINER] [       FXGL.EventBus] [JavaFX Application Thread] Firing event: WorldEvent[type=ENTITY_ADDED]
18 Mar 2016, 18:19:59.207 [  FINER] [      FXGL.GameScene] [JavaFX Application Thread] Entity added to scene
18 Mar 2016, 18:19:59.208 [  FINER] [      FXGL.GameScene] [JavaFX Application Thread] Added MainViewComponent
18 Mar 2016, 18:19:59.208 [  FINER] [       FXGL.EventBus] [JavaFX Application Thread] Firing event: WorldEvent[type=ENTITY_ADDED]
18 Mar 2016, 18:19:59.208 [  FINER] [      FXGL.GameScene] [JavaFX Application Thread] Entity added to scene
18 Mar 2016, 18:19:59.208 [  FINER] [      FXGL.GameScene] [JavaFX Application Thread] Added MainViewComponent
18 Mar 2016, 18:19:59.209 [  FINER] [       FXGL.EventBus] [JavaFX Application Thread] Firing event: WorldEvent[type=ENTITY_ADDED]
18 Mar 2016, 18:19:59.209 [  FINER] [      FXGL.GameScene] [JavaFX Application Thread] Entity added to scene
18 Mar 2016, 18:19:59.209 [  FINER] [      FXGL.GameScene] [JavaFX Application Thread] Added MainViewComponent
18 Mar 2016, 18:19:59.209 [  FINER] [       FXGL.EventBus] [JavaFX Application Thread] Firing event: WorldEvent[type=ENTITY_ADDED]
18 Mar 2016, 18:19:59.209 [  FINER] [      FXGL.GameScene] [JavaFX Application Thread] Entity added to scene
18 Mar 2016, 18:19:59.210 [  FINER] [      FXGL.GameScene] [JavaFX Application Thread] Added MainViewComponent
18 Mar 2016, 18:19:59.210 [  FINER] [       FXGL.EventBus] [JavaFX Application Thread] Firing event: WorldEvent[type=ENTITY_ADDED]
18 Mar 2016, 18:19:59.210 [  FINER] [      FXGL.GameScene] [JavaFX Application Thread] Entity added to scene
18 Mar 2016, 18:19:59.210 [  FINER] [      FXGL.GameScene] [JavaFX Application Thread] Added MainViewComponent
18 Mar 2016, 18:19:59.211 [  FINER] [       FXGL.EventBus] [JavaFX Application Thread] Firing event: WorldEvent[type=ENTITY_ADDED]
18 Mar 2016, 18:19:59.211 [  FINER] [      FXGL.GameScene] [JavaFX Application Thread] Entity added to scene
18 Mar 2016, 18:19:59.211 [  FINER] [      FXGL.GameScene] [JavaFX Application Thread] Added MainViewComponent
18 Mar 2016, 18:19:59.211 [  FINER] [       FXGL.EventBus] [JavaFX Application Thread] Firing event: WorldEvent[type=ENTITY_ADDED]
18 Mar 2016, 18:19:59.211 [  FINER] [      FXGL.GameScene] [JavaFX Application Thread] Entity added to scene
18 Mar 2016, 18:19:59.212 [  FINER] [      FXGL.GameScene] [JavaFX Application Thread] Added MainViewComponent
18 Mar 2016, 18:19:59.212 [  FINER] [       FXGL.EventBus] [JavaFX Application Thread] Firing event: WorldEvent[type=ENTITY_ADDED]
18 Mar 2016, 18:19:59.212 [  FINER] [      FXGL.GameScene] [JavaFX Application Thread] Entity added to scene
18 Mar 2016, 18:19:59.212 [  FINER] [      FXGL.GameScene] [JavaFX Application Thread] Added MainViewComponent
18 Mar 2016, 18:19:59.213 [  FINER] [       FXGL.EventBus] [JavaFX Application Thread] Firing event: WorldEvent[type=ENTITY_ADDED]
18 Mar 2016, 18:19:59.213 [  FINER] [      FXGL.GameScene] [JavaFX Application Thread] Entity added to scene
18 Mar 2016, 18:19:59.213 [  FINER] [      FXGL.GameScene] [JavaFX Application Thread] Added MainViewComponent
18 Mar 2016, 18:19:59.213 [  FINER] [       FXGL.EventBus] [JavaFX Application Thread] Firing event: WorldEvent[type=ENTITY_ADDED]
18 Mar 2016, 18:19:59.214 [  FINER] [      FXGL.GameScene] [JavaFX Application Thread] Entity added to scene
18 Mar 2016, 18:19:59.214 [  FINER] [      FXGL.GameScene] [JavaFX Application Thread] Added MainViewComponent
18 Mar 2016, 18:19:59.214 [  FINER] [       FXGL.EventBus] [JavaFX Application Thread] Firing event: WorldEvent[type=ENTITY_ADDED]
18 Mar 2016, 18:19:59.214 [  FINER] [      FXGL.GameScene] [JavaFX Application Thread] Entity added to scene
18 Mar 2016, 18:19:59.214 [  FINER] [      FXGL.GameScene] [JavaFX Application Thread] Added MainViewComponent
18 Mar 2016, 18:19:59.215 [  FINER] [       FXGL.EventBus] [JavaFX Application Thread] Firing event: WorldEvent[type=ENTITY_ADDED]
18 Mar 2016, 18:19:59.215 [  FINER] [      FXGL.GameScene] [JavaFX Application Thread] Entity added to scene
18 Mar 2016, 18:19:59.215 [  FINER] [      FXGL.GameScene] [JavaFX Application Thread] Added MainViewComponent
18 Mar 2016, 18:19:59.215 [  FINER] [       FXGL.EventBus] [JavaFX Application Thread] Firing event: WorldEvent[type=ENTITY_ADDED]
18 Mar 2016, 18:19:59.216 [  FINER] [      FXGL.GameScene] [JavaFX Application Thread] Entity added to scene
18 Mar 2016, 18:19:59.216 [  FINER] [      FXGL.GameScene] [JavaFX Application Thread] Added MainViewComponent
18 Mar 2016, 18:19:59.216 [  FINER] [       FXGL.EventBus] [JavaFX Application Thread] Firing event: WorldEvent[type=ENTITY_ADDED]
18 Mar 2016, 18:19:59.217 [  FINER] [      FXGL.GameScene] [JavaFX Application Thread] Entity added to scene
18 Mar 2016, 18:19:59.217 [  FINER] [      FXGL.GameScene] [JavaFX Application Thread] Added MainViewComponent
18 Mar 2016, 18:19:59.217 [  FINER] [       FXGL.EventBus] [JavaFX Application Thread] Firing event: WorldEvent[type=ENTITY_ADDED]
18 Mar 2016, 18:19:59.217 [  FINER] [      FXGL.GameScene] [JavaFX Application Thread] Entity added to scene
18 Mar 2016, 18:19:59.218 [  FINER] [      FXGL.GameScene] [JavaFX Application Thread] Added MainViewComponent
18 Mar 2016, 18:19:59.218 [  FINER] [       FXGL.EventBus] [JavaFX Application Thread] Firing event: WorldEvent[type=ENTITY_ADDED]
18 Mar 2016, 18:19:59.218 [  FINER] [      FXGL.GameScene] [JavaFX Application Thread] Entity added to scene
18 Mar 2016, 18:19:59.218 [  FINER] [      FXGL.GameScene] [JavaFX Application Thread] Added MainViewComponent
18 Mar 2016, 18:19:59.219 [  FINER] [       FXGL.EventBus] [JavaFX Application Thread] Firing event: WorldEvent[type=ENTITY_ADDED]
18 Mar 2016, 18:19:59.219 [  FINER] [      FXGL.GameScene] [JavaFX Application Thread] Entity added to scene
18 Mar 2016, 18:19:59.219 [  FINER] [      FXGL.GameScene] [JavaFX Application Thread] Added MainViewComponent
18 Mar 2016, 18:19:59.219 [  FINER] [       FXGL.EventBus] [JavaFX Application Thread] Firing event: WorldEvent[type=ENTITY_ADDED]
18 Mar 2016, 18:19:59.220 [  FINER] [      FXGL.GameScene] [JavaFX Application Thread] Entity added to scene
18 Mar 2016, 18:19:59.220 [  FINER] [      FXGL.GameScene] [JavaFX Application Thread] Added MainViewComponent
18 Mar 2016, 18:19:59.220 [  FINER] [       FXGL.EventBus] [JavaFX Application Thread] Firing event: WorldEvent[type=ENTITY_ADDED]
18 Mar 2016, 18:19:59.220 [  FINER] [      FXGL.GameScene] [JavaFX Application Thread] Entity added to scene
18 Mar 2016, 18:19:59.220 [  FINER] [      FXGL.GameScene] [JavaFX Application Thread] Added MainViewComponent
18 Mar 2016, 18:19:59.221 [  FINER] [       FXGL.EventBus] [JavaFX Application Thread] Firing event: WorldEvent[type=ENTITY_ADDED]
18 Mar 2016, 18:19:59.221 [  FINER] [      FXGL.GameScene] [JavaFX Application Thread] Entity added to scene
18 Mar 2016, 18:19:59.221 [  FINER] [      FXGL.GameScene] [JavaFX Application Thread] Added MainViewComponent
18 Mar 2016, 18:19:59.222 [  FINER] [       FXGL.EventBus] [JavaFX Application Thread] Firing event: WorldEvent[type=ENTITY_ADDED]
18 Mar 2016, 18:19:59.222 [  FINER] [      FXGL.GameScene] [JavaFX Application Thread] Entity added to scene
18 Mar 2016, 18:19:59.222 [  FINER] [      FXGL.GameScene] [JavaFX Application Thread] Added MainViewComponent
18 Mar 2016, 18:19:59.222 [  FINER] [       FXGL.EventBus] [JavaFX Application Thread] Firing event: WorldEvent[type=ENTITY_ADDED]
18 Mar 2016, 18:19:59.222 [  FINER] [      FXGL.GameScene] [JavaFX Application Thread] Entity added to scene
18 Mar 2016, 18:19:59.223 [  FINER] [      FXGL.GameScene] [JavaFX Application Thread] Added MainViewComponent
18 Mar 2016, 18:19:59.223 [  FINER] [       FXGL.EventBus] [JavaFX Application Thread] Firing event: WorldEvent[type=ENTITY_ADDED]
18 Mar 2016, 18:19:59.223 [  FINER] [      FXGL.GameScene] [JavaFX Application Thread] Entity added to scene
18 Mar 2016, 18:19:59.223 [  FINER] [      FXGL.GameScene] [JavaFX Application Thread] Added MainViewComponent
18 Mar 2016, 18:19:59.224 [  FINER] [       FXGL.EventBus] [JavaFX Application Thread] Firing event: WorldEvent[type=ENTITY_ADDED]
18 Mar 2016, 18:19:59.224 [  FINER] [      FXGL.GameScene] [JavaFX Application Thread] Entity added to scene
18 Mar 2016, 18:19:59.224 [  FINER] [      FXGL.GameScene] [JavaFX Application Thread] Added MainViewComponent
18 Mar 2016, 18:19:59.225 [  FINER] [       FXGL.EventBus] [JavaFX Application Thread] Firing event: WorldEvent[type=ENTITY_ADDED]
18 Mar 2016, 18:19:59.225 [  FINER] [      FXGL.GameScene] [JavaFX Application Thread] Entity added to scene
18 Mar 2016, 18:19:59.225 [  FINER] [      FXGL.GameScene] [JavaFX Application Thread] Added MainViewComponent
18 Mar 2016, 18:19:59.225 [  FINER] [       FXGL.EventBus] [JavaFX Application Thread] Firing event: WorldEvent[type=ENTITY_ADDED]
18 Mar 2016, 18:19:59.226 [  FINER] [      FXGL.GameScene] [JavaFX Application Thread] Entity added to scene
18 Mar 2016, 18:19:59.226 [  FINER] [      FXGL.GameScene] [JavaFX Application Thread] Added MainViewComponent
18 Mar 2016, 18:19:59.227 [  FINER] [       FXGL.EventBus] [JavaFX Application Thread] Firing event: WorldEvent[type=ENTITY_ADDED]
18 Mar 2016, 18:19:59.227 [  FINER] [      FXGL.GameScene] [JavaFX Application Thread] Entity added to scene
18 Mar 2016, 18:19:59.227 [  FINER] [      FXGL.GameScene] [JavaFX Application Thread] Added MainViewComponent
18 Mar 2016, 18:19:59.228 [  FINER] [       FXGL.EventBus] [JavaFX Application Thread] Firing event: WorldEvent[type=ENTITY_ADDED]
18 Mar 2016, 18:19:59.228 [  FINER] [      FXGL.GameScene] [JavaFX Application Thread] Entity added to scene
18 Mar 2016, 18:19:59.228 [  FINER] [      FXGL.GameScene] [JavaFX Application Thread] Added MainViewComponent
18 Mar 2016, 18:19:59.229 [  FINER] [       FXGL.EventBus] [JavaFX Application Thread] Firing event: WorldEvent[type=ENTITY_ADDED]
18 Mar 2016, 18:19:59.229 [  FINER] [      FXGL.GameScene] [JavaFX Application Thread] Entity added to scene
18 Mar 2016, 18:19:59.229 [  FINER] [      FXGL.GameScene] [JavaFX Application Thread] Added MainViewComponent
18 Mar 2016, 18:19:59.230 [  FINER] [       FXGL.EventBus] [JavaFX Application Thread] Firing event: WorldEvent[type=ENTITY_ADDED]
18 Mar 2016, 18:19:59.230 [  FINER] [      FXGL.GameScene] [JavaFX Application Thread] Entity added to scene
18 Mar 2016, 18:19:59.231 [  FINER] [      FXGL.GameScene] [JavaFX Application Thread] Added MainViewComponent
18 Mar 2016, 18:19:59.231 [  FINER] [       FXGL.EventBus] [JavaFX Application Thread] Firing event: WorldEvent[type=ENTITY_ADDED]
18 Mar 2016, 18:19:59.232 [  FINER] [      FXGL.GameScene] [JavaFX Application Thread] Entity added to scene
18 Mar 2016, 18:19:59.232 [  FINER] [      FXGL.GameScene] [JavaFX Application Thread] Added MainViewComponent
18 Mar 2016, 18:19:59.233 [  FINER] [       FXGL.EventBus] [JavaFX Application Thread] Firing event: WorldEvent[type=ENTITY_ADDED]
18 Mar 2016, 18:19:59.233 [  FINER] [      FXGL.GameScene] [JavaFX Application Thread] Entity added to scene
18 Mar 2016, 18:19:59.233 [  FINER] [      FXGL.GameScene] [JavaFX Application Thread] Added MainViewComponent
18 Mar 2016, 18:19:59.234 [  FINER] [       FXGL.EventBus] [JavaFX Application Thread] Firing event: WorldEvent[type=ENTITY_ADDED]
18 Mar 2016, 18:19:59.234 [  FINER] [      FXGL.GameScene] [JavaFX Application Thread] Entity added to scene
18 Mar 2016, 18:19:59.234 [  FINER] [      FXGL.GameScene] [JavaFX Application Thread] Added MainViewComponent
18 Mar 2016, 18:19:59.235 [  FINER] [       FXGL.EventBus] [JavaFX Application Thread] Firing event: WorldEvent[type=ENTITY_ADDED]
18 Mar 2016, 18:19:59.235 [  FINER] [      FXGL.GameScene] [JavaFX Application Thread] Entity added to scene
18 Mar 2016, 18:19:59.235 [  FINER] [      FXGL.GameScene] [JavaFX Application Thread] Added MainViewComponent
18 Mar 2016, 18:19:59.236 [  FINER] [       FXGL.EventBus] [JavaFX Application Thread] Firing event: WorldEvent[type=ENTITY_ADDED]
18 Mar 2016, 18:19:59.236 [  FINER] [      FXGL.GameScene] [JavaFX Application Thread] Entity added to scene
18 Mar 2016, 18:19:59.236 [  FINER] [      FXGL.GameScene] [JavaFX Application Thread] Added MainViewComponent
18 Mar 2016, 18:19:59.236 [  FINER] [       FXGL.EventBus] [JavaFX Application Thread] Firing event: WorldEvent[type=ENTITY_ADDED]
18 Mar 2016, 18:19:59.236 [  FINER] [      FXGL.GameScene] [JavaFX Application Thread] Entity added to scene
18 Mar 2016, 18:19:59.237 [  FINER] [      FXGL.GameScene] [JavaFX Application Thread] Added MainViewComponent
18 Mar 2016, 18:19:59.237 [  FINER] [       FXGL.EventBus] [JavaFX Application Thread] Firing event: WorldEvent[type=ENTITY_ADDED]
18 Mar 2016, 18:19:59.237 [  FINER] [      FXGL.GameScene] [JavaFX Application Thread] Entity added to scene
18 Mar 2016, 18:19:59.237 [  FINER] [      FXGL.GameScene] [JavaFX Application Thread] Added MainViewComponent
18 Mar 2016, 18:19:59.238 [  FINER] [       FXGL.EventBus] [JavaFX Application Thread] Firing event: WorldEvent[type=ENTITY_ADDED]
18 Mar 2016, 18:19:59.238 [  FINER] [      FXGL.GameScene] [JavaFX Application Thread] Entity added to scene
18 Mar 2016, 18:19:59.238 [  FINER] [      FXGL.GameScene] [JavaFX Application Thread] Added MainViewComponent
18 Mar 2016, 18:19:59.239 [  FINER] [       FXGL.EventBus] [JavaFX Application Thread] Firing event: WorldEvent[type=ENTITY_ADDED]
18 Mar 2016, 18:19:59.239 [  FINER] [      FXGL.GameScene] [JavaFX Application Thread] Entity added to scene
18 Mar 2016, 18:19:59.239 [  FINER] [      FXGL.GameScene] [JavaFX Application Thread] Added MainViewComponent
18 Mar 2016, 18:19:59.240 [  FINER] [       FXGL.EventBus] [JavaFX Application Thread] Firing event: WorldEvent[type=ENTITY_ADDED]
18 Mar 2016, 18:19:59.240 [  FINER] [      FXGL.GameScene] [JavaFX Application Thread] Entity added to scene
18 Mar 2016, 18:19:59.240 [  FINER] [      FXGL.GameScene] [JavaFX Application Thread] Added MainViewComponent
18 Mar 2016, 18:19:59.240 [  FINER] [       FXGL.EventBus] [JavaFX Application Thread] Firing event: WorldEvent[type=ENTITY_ADDED]
18 Mar 2016, 18:19:59.241 [  FINER] [      FXGL.GameScene] [JavaFX Application Thread] Entity added to scene
18 Mar 2016, 18:19:59.241 [  FINER] [      FXGL.GameScene] [JavaFX Application Thread] Added MainViewComponent
18 Mar 2016, 18:19:59.241 [  FINER] [       FXGL.EventBus] [JavaFX Application Thread] Firing event: WorldEvent[type=ENTITY_ADDED]
18 Mar 2016, 18:19:59.241 [  FINER] [      FXGL.GameScene] [JavaFX Application Thread] Entity added to scene
18 Mar 2016, 18:19:59.242 [  FINER] [      FXGL.GameScene] [JavaFX Application Thread] Added MainViewComponent
18 Mar 2016, 18:19:59.242 [  FINER] [       FXGL.EventBus] [JavaFX Application Thread] Firing event: WorldEvent[type=ENTITY_ADDED]
18 Mar 2016, 18:19:59.242 [  FINER] [      FXGL.GameScene] [JavaFX Application Thread] Entity added to scene
18 Mar 2016, 18:19:59.243 [  FINER] [      FXGL.GameScene] [JavaFX Application Thread] Added MainViewComponent
18 Mar 2016, 18:19:59.243 [  FINER] [       FXGL.EventBus] [JavaFX Application Thread] Firing event: WorldEvent[type=ENTITY_ADDED]
18 Mar 2016, 18:19:59.244 [  FINER] [      FXGL.GameScene] [JavaFX Application Thread] Entity added to scene
18 Mar 2016, 18:19:59.244 [  FINER] [      FXGL.GameScene] [JavaFX Application Thread] Added MainViewComponent
18 Mar 2016, 18:19:59.244 [  FINER] [       FXGL.EventBus] [JavaFX Application Thread] Firing event: WorldEvent[type=ENTITY_ADDED]
18 Mar 2016, 18:19:59.244 [  FINER] [      FXGL.GameScene] [JavaFX Application Thread] Entity added to scene
18 Mar 2016, 18:19:59.245 [  FINER] [      FXGL.GameScene] [JavaFX Application Thread] Added MainViewComponent
18 Mar 2016, 18:19:59.245 [  FINER] [       FXGL.EventBus] [JavaFX Application Thread] Firing event: WorldEvent[type=ENTITY_ADDED]
18 Mar 2016, 18:19:59.245 [  FINER] [      FXGL.GameScene] [JavaFX Application Thread] Entity added to scene
18 Mar 2016, 18:19:59.245 [  FINER] [      FXGL.GameScene] [JavaFX Application Thread] Added MainViewComponent
18 Mar 2016, 18:19:59.246 [  FINER] [       FXGL.EventBus] [JavaFX Application Thread] Firing event: WorldEvent[type=ENTITY_ADDED]
18 Mar 2016, 18:19:59.246 [  FINER] [      FXGL.GameScene] [JavaFX Application Thread] Entity added to scene
18 Mar 2016, 18:19:59.246 [  FINER] [      FXGL.GameScene] [JavaFX Application Thread] Added MainViewComponent
18 Mar 2016, 18:19:59.247 [  FINER] [       FXGL.EventBus] [JavaFX Application Thread] Firing event: WorldEvent[type=ENTITY_ADDED]
18 Mar 2016, 18:19:59.247 [  FINER] [      FXGL.GameScene] [JavaFX Application Thread] Entity added to scene
18 Mar 2016, 18:19:59.247 [  FINER] [      FXGL.GameScene] [JavaFX Application Thread] Added MainViewComponent
18 Mar 2016, 18:20:01.086 [  FINER] [       FXGL.EventBus] [JavaFX Application Thread] Firing event: DisplayEvent[type=DIALOG_OPENED]
18 Mar 2016, 18:20:01.086 [  FINER] [    FXGL.Application] [JavaFX Application Thread] Pausing main loop
18 Mar 2016, 18:20:01.087 [  FINER] [       FXGL.EventBus] [JavaFX Application Thread] Firing event: FXGLEvent[type=PAUSE]
18 Mar 2016, 18:20:01.087 [  FINER] [          FXGL.Input] [JavaFX Application Thread] Clearing active input actions
18 Mar 2016, 18:20:01.087 [  FINER] [    FXGL.MasterTimer] [JavaFX Application Thread] Stopping master timer
18 Mar 2016, 18:20:01.087 [  FINER] [    FXGL.Application] [JavaFX Application Thread] State: PLAYING -> PAUSED
18 Mar 2016, 18:20:01.088 [  FINER] [          FXGL.Input] [JavaFX Application Thread] Clearing active input actions
18 Mar 2016, 18:20:02.376 [  FINER] [       FXGL.EventBus] [JavaFX Application Thread] Firing event: DisplayEvent[type=DIALOG_CLOSED]
18 Mar 2016, 18:20:02.376 [  FINER] [    FXGL.Application] [JavaFX Application Thread] Resuming main loop
18 Mar 2016, 18:20:02.376 [  FINER] [       FXGL.EventBus] [JavaFX Application Thread] Firing event: FXGLEvent[type=RESUME]
18 Mar 2016, 18:20:02.377 [  FINER] [          FXGL.Input] [JavaFX Application Thread] Clearing active input actions
18 Mar 2016, 18:20:02.377 [  FINER] [    FXGL.MasterTimer] [JavaFX Application Thread] Starting master timer
18 Mar 2016, 18:20:02.377 [  FINER] [    FXGL.Application] [JavaFX Application Thread] State: PAUSED -> PLAYING
18 Mar 2016, 18:20:02.377 [  FINER] [       FXGL.EventBus] [JavaFX Application Thread] Firing event: DisplayEvent[type=CLOSE_REQUEST]
18 Mar 2016, 18:20:02.378 [  FINER] [    FXGL.Application] [JavaFX Application Thread] Exiting Normally
18 Mar 2016, 18:20:02.378 [  FINER] [       FXGL.EventBus] [JavaFX Application Thread] Firing event: FXGLEvent[type=EXIT]
18 Mar 2016, 18:20:02.378 [  FINER] [         FXGL.Logger] [JavaFX Application Thread] Logger is closing
