18 Mar 2016, 18:00:56.283 [   INFO] [         FXGL.Logger] [JavaFX Application Thread] Logger initialized with level: CONFIG
18 Mar 2016, 18:00:56.286 [  FINER] [         FXGL.Logger] [JavaFX Application Thread] CPU cores: 4
18 Mar 2016, 18:00:56.288 [  FINER] [         FXGL.Logger] [JavaFX Application Thread] Free Memory: 109MB
18 Mar 2016, 18:00:56.289 [  FINER] [         FXGL.Logger] [JavaFX Application Thread] Max Memory: 1776MB
18 Mar 2016, 18:00:56.289 [  FINER] [         FXGL.Logger] [JavaFX Application Thread] Total Memory: 121MB
18 Mar 2016, 18:00:56.289 [  FINER] [         FXGL.Logger] [JavaFX Application Thread] System Properties:
18 Mar 2016, 18:00:56.290 [  FINER] [         FXGL.Logger] [JavaFX Application Thread] sun.cpu.isalist=amd64
18 Mar 2016, 18:00:56.291 [  FINER] [         FXGL.Logger] [JavaFX Application Thread] sun.desktop=windows
18 Mar 2016, 18:00:56.291 [  FINER] [         FXGL.Logger] [JavaFX Application Thread] sun.io.unicode.encoding=UnicodeLittle
18 Mar 2016, 18:00:56.291 [  FINER] [         FXGL.Logger] [JavaFX Application Thread] sun.cpu.endian=little
18 Mar 2016, 18:00:56.292 [  FINER] [         FXGL.Logger] [JavaFX Application Thread] java.vendor.url.bug=http://bugreport.sun.com/bugreport/
18 Mar 2016, 18:00:56.292 [  FINER] [         FXGL.Logger] [JavaFX Application Thread] file.separator=\
18 Mar 2016, 18:00:56.292 [  FINER] [         FXGL.Logger] [JavaFX Application Thread] java.vendor=Oracle Corporation
18 Mar 2016, 18:00:56.293 [  FINER] [         FXGL.Logger] [JavaFX Application Thread] sun.boot.class.path=C:\Program Files\Java\jre1.8.0_73\lib\resources.jar;C:\Program Files\Java\jre1.8.0_73\lib\rt.jar;C:\Program Files\Java\jre1.8.0_73\lib\sunrsasign.jar;C:\Program Files\Java\jre1.8.0_73\lib\jsse.jar;C:\Program Files\Java\jre1.8.0_73\lib\jce.jar;C:\Program Files\Java\jre1.8.0_73\lib\charsets.jar;C:\Program Files\Java\jre1.8.0_73\lib\jfr.jar;C:\Program Files\Java\jre1.8.0_73\classes
18 Mar 2016, 18:00:56.293 [  FINER] [         FXGL.Logger] [JavaFX Application Thread] java.ext.dirs=C:\Program Files\Java\jre1.8.0_73\lib\ext;C:\Windows\Sun\Java\lib\ext
18 Mar 2016, 18:00:56.293 [  FINER] [         FXGL.Logger] [JavaFX Application Thread] java.version=1.8.0_73
18 Mar 2016, 18:00:56.294 [  FINER] [         FXGL.Logger] [JavaFX Application Thread] java.vm.info=mixed mode
18 Mar 2016, 18:00:56.294 [  FINER] [         FXGL.Logger] [JavaFX Application Thread] awt.toolkit=sun.awt.windows.WToolkit
18 Mar 2016, 18:00:56.294 [  FINER] [         FXGL.Logger] [JavaFX Application Thread] user.language=en
18 Mar 2016, 18:00:56.294 [  FINER] [         FXGL.Logger] [JavaFX Application Thread] java.specification.vendor=Oracle Corporation
18 Mar 2016, 18:00:56.294 [  FINER] [         FXGL.Logger] [JavaFX Application Thread] sun.java.command=com.chromalife.SpaceInvaders.SpaceInvadersApp
18 Mar 2016, 18:00:56.295 [  FINER] [         FXGL.Logger] [JavaFX Application Thread] java.home=C:\Program Files\Java\jre1.8.0_73
18 Mar 2016, 18:00:56.295 [  FINER] [         FXGL.Logger] [JavaFX Application Thread] sun.arch.data.model=64
18 Mar 2016, 18:00:56.295 [  FINER] [         FXGL.Logger] [JavaFX Application Thread] java.vm.specification.version=1.8
18 Mar 2016, 18:00:56.295 [  FINER] [         FXGL.Logger] [JavaFX Application Thread] java.class.path=C:\Users\User\Documents\School\spring 2016\github\SpaceInvaders\target\classes;C:\Users\User\.m2\repository\com\github\AlmasB\FXGL\0.2.1-0.2.0-gba5970d-32\FXGL-0.2.1-0.2.0-gba5970d-32.jar;C:\Users\User\.m2\repository\com\google\inject\guice\4.0\guice-4.0.jar;C:\Users\User\.m2\repository\javax\inject\javax.inject\1\javax.inject-1.jar;C:\Users\User\.m2\repository\aopalliance\aopalliance\1.0\aopalliance-1.0.jar;C:\Users\User\.m2\repository\com\google\guava\guava\16.0.1\guava-16.0.1.jar;C:\Users\User\.m2\repository\org\jfxtras\jfxtras-window\8.0-r4\jfxtras-window-8.0-r4.jar;C:\Users\User\.m2\repository\org\jfxtras\jfxtras-common\8.0-r4\jfxtras-common-8.0-r4.jar;C:\Users\User\.m2\repository\com\github\AlmasB\FXEventBus\1.0\FXEventBus-1.0.jar;C:\Users\User\.m2\repository\com\github\AlmasB\Ents\1.0\Ents-1.0.jar;C:\Users\User\.m2\repository\org\apache\logging\log4j\log4j-api\2.5\log4j-api-2.5.jar;C:\Users\User\.m2\repository\org\apache\logging\log4j\log4j-core\2.5\log4j-core-2.5.jar;C:\Users\User\.m2\repository\com\github\AlmasB\AStar\1.0\AStar-1.0.jar
18 Mar 2016, 18:00:56.296 [  FINER] [         FXGL.Logger] [JavaFX Application Thread] user.name=User
18 Mar 2016, 18:00:56.296 [  FINER] [         FXGL.Logger] [JavaFX Application Thread] file.encoding=Cp1252
18 Mar 2016, 18:00:56.296 [  FINER] [         FXGL.Logger] [JavaFX Application Thread] java.specification.version=1.8
18 Mar 2016, 18:00:56.296 [  FINER] [         FXGL.Logger] [JavaFX Application Thread] java.awt.printerjob=sun.awt.windows.WPrinterJob
18 Mar 2016, 18:00:56.297 [  FINER] [         FXGL.Logger] [JavaFX Application Thread] user.timezone=America/New_York
18 Mar 2016, 18:00:56.297 [  FINER] [         FXGL.Logger] [JavaFX Application Thread] user.home=C:\Users\User
18 Mar 2016, 18:00:56.297 [  FINER] [         FXGL.Logger] [JavaFX Application Thread] os.version=6.1
18 Mar 2016, 18:00:56.297 [  FINER] [         FXGL.Logger] [JavaFX Application Thread] sun.management.compiler=HotSpot 64-Bit Tiered Compilers
18 Mar 2016, 18:00:56.298 [  FINER] [         FXGL.Logger] [JavaFX Application Thread] java.specification.name=Java Platform API Specification
18 Mar 2016, 18:00:56.298 [  FINER] [         FXGL.Logger] [JavaFX Application Thread] java.class.version=52.0
18 Mar 2016, 18:00:56.298 [  FINER] [         FXGL.Logger] [JavaFX Application Thread] java.library.path=C:\Program Files\Java\jre1.8.0_73\bin;C:\Windows\Sun\Java\bin;C:\Windows\system32;C:\Windows;C:/Program Files/Java/jre1.8.0_73/bin/server;C:/Program Files/Java/jre1.8.0_73/bin;C:/Program Files/Java/jre1.8.0_73/lib/amd64;C:\ProgramData\Oracle\Java\javapath;C:\Windows\system32;C:\Windows;C:\Windows\System32\Wbem;C:\Windows\System32\WindowsPowerShell\v1.0\;C:\Program Files\nodejs\;C:\Program Files\Microsoft SQL Server\110\Tools\Binn\;C:\Program Files (x86)\Skype\Phone\;C:\Users\User\AppData\Roaming\npm;C:\Program Files\eclipse\java-mars8\eclipse;;.
18 Mar 2016, 18:00:56.299 [  FINER] [         FXGL.Logger] [JavaFX Application Thread] sun.jnu.encoding=Cp1252
18 Mar 2016, 18:00:56.299 [  FINER] [         FXGL.Logger] [JavaFX Application Thread] os.name=Windows 7
18 Mar 2016, 18:00:56.299 [  FINER] [         FXGL.Logger] [JavaFX Application Thread] user.variant=
18 Mar 2016, 18:00:56.299 [  FINER] [         FXGL.Logger] [JavaFX Application Thread] java.vm.specification.vendor=Oracle Corporation
18 Mar 2016, 18:00:56.300 [  FINER] [         FXGL.Logger] [JavaFX Application Thread] java.io.tmpdir=C:\Users\User\AppData\Local\Temp\
18 Mar 2016, 18:00:56.300 [  FINER] [         FXGL.Logger] [JavaFX Application Thread] line.separator=

18 Mar 2016, 18:00:56.300 [  FINER] [         FXGL.Logger] [JavaFX Application Thread] java.endorsed.dirs=C:\Program Files\Java\jre1.8.0_73\lib\endorsed
18 Mar 2016, 18:00:56.300 [  FINER] [         FXGL.Logger] [JavaFX Application Thread] os.arch=amd64
18 Mar 2016, 18:00:56.301 [  FINER] [         FXGL.Logger] [JavaFX Application Thread] javafx.runtime.version=8.0.71-b15
18 Mar 2016, 18:00:56.301 [  FINER] [         FXGL.Logger] [JavaFX Application Thread] java.awt.graphicsenv=sun.awt.Win32GraphicsEnvironment
18 Mar 2016, 18:00:56.301 [  FINER] [         FXGL.Logger] [JavaFX Application Thread] java.runtime.version=1.8.0_73-b02
18 Mar 2016, 18:00:56.301 [  FINER] [         FXGL.Logger] [JavaFX Application Thread] java.vm.specification.name=Java Virtual Machine Specification
18 Mar 2016, 18:00:56.301 [  FINER] [         FXGL.Logger] [JavaFX Application Thread] user.dir=C:\Users\User\Documents\School\spring 2016\github\SpaceInvaders
18 Mar 2016, 18:00:56.302 [  FINER] [         FXGL.Logger] [JavaFX Application Thread] user.country=US
18 Mar 2016, 18:00:56.302 [  FINER] [         FXGL.Logger] [JavaFX Application Thread] user.script=
18 Mar 2016, 18:00:56.302 [  FINER] [         FXGL.Logger] [JavaFX Application Thread] sun.java.launcher=SUN_STANDARD
18 Mar 2016, 18:00:56.303 [  FINER] [         FXGL.Logger] [JavaFX Application Thread] sun.os.patch.level=Service Pack 1
18 Mar 2016, 18:00:56.303 [  FINER] [         FXGL.Logger] [JavaFX Application Thread] java.vm.name=Java HotSpot(TM) 64-Bit Server VM
18 Mar 2016, 18:00:56.303 [  FINER] [         FXGL.Logger] [JavaFX Application Thread] file.encoding.pkg=sun.io
18 Mar 2016, 18:00:56.304 [  FINER] [         FXGL.Logger] [JavaFX Application Thread] path.separator=;
18 Mar 2016, 18:00:56.304 [  FINER] [         FXGL.Logger] [JavaFX Application Thread] java.vm.vendor=Oracle Corporation
18 Mar 2016, 18:00:56.304 [  FINER] [         FXGL.Logger] [JavaFX Application Thread] java.vendor.url=http://java.oracle.com/
18 Mar 2016, 18:00:56.304 [  FINER] [         FXGL.Logger] [JavaFX Application Thread] sun.boot.library.path=C:\Program Files\Java\jre1.8.0_73\bin
18 Mar 2016, 18:00:56.305 [  FINER] [         FXGL.Logger] [JavaFX Application Thread] java.vm.version=25.73-b02
18 Mar 2016, 18:00:56.305 [  FINER] [         FXGL.Logger] [JavaFX Application Thread] java.runtime.name=Java(TM) SE Runtime Environment
18 Mar 2016, 18:00:56.305 [  FINER] [         FXGL.Logger] [JavaFX Application Thread] javafx.version=8.0.71
18 Mar 2016, 18:00:56.310 [   INFO] [        FXGL.Version] [JavaFX Application Thread] FXGL-0.2.1-SNAPSHOT
18 Mar 2016, 18:00:56.310 [   INFO] [        FXGL.Version] [JavaFX Application Thread] Source code and latest builds at: https://github.com/AlmasB/FXGL
18 Mar 2016, 18:00:56.317 [  FINER] [    FXGL.Application] [JavaFX Application Thread] Game_clinit()
18 Mar 2016, 18:00:56.323 [  FINER] [    FXGL.Application] [JavaFX-Launcher] FXGL_init()
18 Mar 2016, 18:00:56.348 [  FINER] [    FXGL.Application] [JavaFX Application Thread] FXGL_start()
18 Mar 2016, 18:00:56.349 [  FINER] [    FXGL.Application] [JavaFX Application Thread] Initializing system properties
18 Mar 2016, 18:00:56.352 [  FINER] [    FXGL.Application] [JavaFX Application Thread] sound.notification = system/notification.wav
18 Mar 2016, 18:00:56.352 [  FINER] [    FXGL.Application] [JavaFX Application Thread] asset.cache.size = 35
18 Mar 2016, 18:00:56.352 [  FINER] [    FXGL.Application] [JavaFX Application Thread] ui.font = Copperplate_Gothic_Light_Regular.ttf
18 Mar 2016, 18:00:56.352 [  FINER] [    FXGL.Application] [JavaFX Application Thread] sound.menu.back = menu/back.wav
18 Mar 2016, 18:00:56.352 [  FINER] [    FXGL.Application] [JavaFX Application Thread] sound.menu.select = menu/select.wav
18 Mar 2016, 18:00:56.353 [  FINER] [    FXGL.Application] [JavaFX Application Thread] physics.ppm = 50
18 Mar 2016, 18:00:56.353 [  FINER] [    FXGL.Application] [JavaFX Application Thread] ui.css = fxgl.css
18 Mar 2016, 18:00:56.353 [  FINER] [    FXGL.Application] [JavaFX Application Thread] ui.icon.name = fxgl_icon.png
18 Mar 2016, 18:00:56.354 [  FINER] [    FXGL.Application] [JavaFX Application Thread] sound.menu.press = menu/press.wav
18 Mar 2016, 18:00:56.354 [  FINER] [    FXGL.Application] [JavaFX Application Thread] Initializing user properties
18 Mar 2016, 18:00:56.354 [   INFO] [    FXGL.Application] [JavaFX Application Thread] User properties not found. Using system
18 Mar 2016, 18:00:56.365 [   INFO] [         FXGL.Logger] [JavaFX Application Thread] Logger level set to: CONFIG
18 Mar 2016, 18:00:56.366 [   INFO] [    FXGL.Application] [JavaFX Application Thread] Application Mode: DEVELOPER
18 Mar 2016, 18:00:56.878 [  FINER] [    FXGL.Application] [JavaFX Application Thread] Services configuration complete
18 Mar 2016, 18:00:56.888 [  FINER] [       FXGL.EventBus] [JavaFX Application Thread] Service [EventBus] initialized
18 Mar 2016, 18:00:56.891 [  FINER] [    FXGL.AssetLoader] [JavaFX Application Thread] Service [AssetLoader] initialized
18 Mar 2016, 18:00:56.893 [  FINER] [    FXGL.AssetLoader] [JavaFX Application Thread] Loading from disk: /assets/sounds/system/notification.wav
18 Mar 2016, 18:00:56.917 [  FINER] [    FXGL.AssetLoader] [JavaFX Application Thread] Loading from disk: /assets/sounds/menu/select.wav
18 Mar 2016, 18:00:56.919 [  FINER] [    FXGL.AssetLoader] [JavaFX Application Thread] Loading from disk: /assets/sounds/menu/back.wav
18 Mar 2016, 18:00:56.922 [  FINER] [    FXGL.AssetLoader] [JavaFX Application Thread] Loading from disk: /assets/sounds/menu/press.wav
18 Mar 2016, 18:00:56.924 [  FINER] [    FXGL.AssetLoader] [JavaFX Application Thread] Loading from disk: /assets/ui/fonts/Copperplate_Gothic_Light_Regular.ttf
18 Mar 2016, 18:00:57.158 [  FINER] [    FXGL.AssetLoader] [JavaFX Application Thread] Loading from disk: /assets/ui/css/fxgl.css
18 Mar 2016, 18:00:57.159 [  FINER] [    FXGL.AssetLoader] [JavaFX Application Thread] Loading from disk: /assets/ui/icons/fxgl_icon.png
18 Mar 2016, 18:00:57.204 [  FINER] [    FXGL.AssetLoader] [JavaFX Application Thread] Loading from disk: /assets/ui/css/fxgl_dark.css
18 Mar 2016, 18:00:57.299 [  FINER] [        FXGL.Display] [JavaFX Application Thread] Target size: 400.0x400.0@1.0
18 Mar 2016, 18:00:57.299 [  FINER] [        FXGL.Display] [JavaFX Application Thread] New size:    400.0x400.0@1.0
18 Mar 2016, 18:00:57.301 [  FINER] [        FXGL.Display] [JavaFX Application Thread] Service [Display] initialized
18 Mar 2016, 18:00:57.301 [  FINER] [        FXGL.Display] [JavaFX Application Thread] Using CSS: CSS[jar:file:/C:/Users/User/.m2/repository/com/github/AlmasB/FXGL/0.2.1-0.2.0-gba5970d-32/FXGL-0.2.1-0.2.0-gba5970d-32.jar!/assets/ui/css/fxgl_dark.css]
18 Mar 2016, 18:00:57.305 [  FINER] [          FXGL.Input] [JavaFX Application Thread] Service [Input] initialized
18 Mar 2016, 18:00:57.308 [  FINER] [    FXGL.AudioPlayer] [JavaFX Application Thread] Service [AudioPlayer] initialized
18 Mar 2016, 18:00:57.315 [  FINER] [    FXGL.MasterTimer] [JavaFX Application Thread] Service [MasterTimer] initialized
18 Mar 2016, 18:00:57.333 [  FINER] [      FXGL.GameScene] [JavaFX Application Thread] Game scene initialized
18 Mar 2016, 18:00:57.334 [  FINER] [FXGL.NotificationSer] [JavaFX Application Thread] Service [NotificationService] initialized
18 Mar 2016, 18:00:57.592 [  FINER] [      FXGL.GameWorld] [JavaFX Application Thread] Game world initialized
18 Mar 2016, 18:00:57.644 [  FINER] [   FXGL.PhysicsWorld] [JavaFX Application Thread] Physics world initialized
18 Mar 2016, 18:00:57.742 [  FINER] [    FXGL.Application] [JavaFX Application Thread] Game_start()
18 Mar 2016, 18:00:57.747 [  FINER] [    FXGL.Application] [JavaFX Application Thread] Saving data to profile
18 Mar 2016, 18:00:57.748 [  FINER] [    FXGL.UserProfile] [JavaFX Application Thread] Logging bundle: game
18 Mar 2016, 18:00:57.749 [  FINER] [    FXGL.UserProfile] [JavaFX Application Thread] game.playtime=1425846911
18 Mar 2016, 18:00:57.749 [  FINER] [       FXGL.EventBus] [JavaFX Application Thread] Firing event: SaveEvent
18 Mar 2016, 18:00:57.751 [  FINER] [        FXGL.Display] [JavaFX Application Thread] Saving data to profile
18 Mar 2016, 18:00:57.751 [  FINER] [    FXGL.UserProfile] [JavaFX Application Thread] Logging bundle: scene
18 Mar 2016, 18:00:57.752 [  FINER] [    FXGL.UserProfile] [JavaFX Application Thread] scene.sizeW=400.0
18 Mar 2016, 18:00:57.752 [  FINER] [    FXGL.UserProfile] [JavaFX Application Thread] scene.sizeH=400.0
18 Mar 2016, 18:00:57.752 [  FINER] [          FXGL.Input] [JavaFX Application Thread] Saving data to profile
18 Mar 2016, 18:00:57.752 [  FINER] [    FXGL.UserProfile] [JavaFX Application Thread] Logging bundle: input
18 Mar 2016, 18:00:57.752 [  FINER] [    FXGL.AudioPlayer] [JavaFX Application Thread] Saving data to profile
18 Mar 2016, 18:00:57.753 [  FINER] [    FXGL.UserProfile] [JavaFX Application Thread] Logging bundle: audio
18 Mar 2016, 18:00:57.753 [  FINER] [    FXGL.UserProfile] [JavaFX Application Thread] audio.musicVolume=0.5
18 Mar 2016, 18:00:57.753 [  FINER] [    FXGL.UserProfile] [JavaFX Application Thread] audio.soundVolume=0.5
18 Mar 2016, 18:00:57.753 [  FINER] [FXGL.AchievementMana] [JavaFX Application Thread] Saving data to profile
18 Mar 2016, 18:00:57.756 [  FINER] [    FXGL.UserProfile] [JavaFX Application Thread] Logging bundle: achievement
18 Mar 2016, 18:00:57.756 [  FINER] [    FXGL.Application] [JavaFX Application Thread] Starting new game
18 Mar 2016, 18:00:57.760 [  FINER] [    FXGL.Application] [JavaFX Application Thread] Initializing App
18 Mar 2016, 18:00:57.761 [  FINER] [    FXGL.Application] [JavaFX Application Thread] Pausing main loop
18 Mar 2016, 18:00:57.761 [  FINER] [       FXGL.EventBus] [JavaFX Application Thread] Firing event: FXGLEvent[type=PAUSE]
18 Mar 2016, 18:00:57.761 [  FINER] [          FXGL.Input] [JavaFX Application Thread] Clearing active input actions
18 Mar 2016, 18:00:57.761 [  FINER] [    FXGL.MasterTimer] [JavaFX Application Thread] Stopping master timer
18 Mar 2016, 18:00:57.762 [  FINER] [    FXGL.Application] [JavaFX Application Thread] State: STARTUP -> PAUSED
18 Mar 2016, 18:00:57.765 [  FINER] [    FXGL.Application] [JavaFX Application Thread] Resetting FXGL application
18 Mar 2016, 18:00:57.765 [  FINER] [       FXGL.EventBus] [JavaFX Application Thread] Firing event: FXGLEvent[type=RESET]
18 Mar 2016, 18:00:57.765 [  FINER] [          FXGL.Input] [JavaFX Application Thread] Clearing active input actions
18 Mar 2016, 18:00:57.766 [  FINER] [    FXGL.MasterTimer] [JavaFX Application Thread] Resetting ticks to 0
18 Mar 2016, 18:00:57.766 [  FINER] [    FXGL.MasterTimer] [JavaFX Application Thread] Clearing all scheduled actions
18 Mar 2016, 18:00:57.766 [  FINER] [      FXGL.GameScene] [JavaFX Application Thread] Resetting game scene
18 Mar 2016, 18:00:57.767 [  FINER] [      FXGL.GameWorld] [JavaFX Application Thread] Resetting game world
18 Mar 2016, 18:00:57.770 [  FINER] [    FXGL.Application] [JavaFX Application Thread] State: PAUSED -> LOADING
18 Mar 2016, 18:00:57.811 [  FINER] [    FXGL.Application] [JavaFX Application Thread] Starting FXGL Init Thread
18 Mar 2016, 18:00:57.812 [  FINER] [    FXGL.Application] [FXGL Init Thread] Initializing Assets
18 Mar 2016, 18:00:57.813 [  FINER] [    FXGL.AssetLoader] [FXGL Init Thread] Loading from disk: /assets/textures/spaceshipReduced.png
18 Mar 2016, 18:00:57.822 [  FINER] [    FXGL.Application] [FXGL Init Thread] Initializing Game
18 Mar 2016, 18:00:57.849 [  FINER] [    FXGL.AssetLoader] [FXGL Init Thread] Loading from disk: /assets/textures/enemyReduced1.png
18 Mar 2016, 18:00:57.866 [  FINER] [    FXGL.AssetLoader] [FXGL Init Thread] Loading from disk: /assets/textures/enemyReduced3.png
18 Mar 2016, 18:00:57.868 [  FINER] [    FXGL.AssetLoader] [FXGL Init Thread] Loading from disk: /assets/textures/enemyReduced2.png
18 Mar 2016, 18:00:57.870 [  FINER] [    FXGL.AssetLoader] [FXGL Init Thread] Loading from cache: /assets/textures/enemyReduced2.png
18 Mar 2016, 18:00:57.871 [  FINER] [    FXGL.AssetLoader] [FXGL Init Thread] Loading from cache: /assets/textures/enemyReduced1.png
18 Mar 2016, 18:00:57.872 [  FINER] [    FXGL.AssetLoader] [FXGL Init Thread] Loading from cache: /assets/textures/enemyReduced2.png
18 Mar 2016, 18:00:57.873 [  FINER] [    FXGL.AssetLoader] [FXGL Init Thread] Loading from cache: /assets/textures/enemyReduced3.png
18 Mar 2016, 18:00:57.874 [  FINER] [    FXGL.AssetLoader] [FXGL Init Thread] Loading from cache: /assets/textures/enemyReduced3.png
18 Mar 2016, 18:00:57.876 [  FINER] [    FXGL.AssetLoader] [FXGL Init Thread] Loading from cache: /assets/textures/enemyReduced3.png
18 Mar 2016, 18:00:57.878 [  FINER] [    FXGL.AssetLoader] [FXGL Init Thread] Loading from cache: /assets/textures/enemyReduced1.png
18 Mar 2016, 18:00:57.886 [  FINER] [    FXGL.AssetLoader] [FXGL Init Thread] Loading from cache: /assets/textures/enemyReduced3.png
18 Mar 2016, 18:00:57.888 [  FINER] [    FXGL.AssetLoader] [FXGL Init Thread] Loading from cache: /assets/textures/enemyReduced2.png
18 Mar 2016, 18:00:57.889 [  FINER] [    FXGL.AssetLoader] [FXGL Init Thread] Loading from cache: /assets/textures/enemyReduced2.png
18 Mar 2016, 18:00:57.892 [  FINER] [    FXGL.AssetLoader] [FXGL Init Thread] Loading from cache: /assets/textures/enemyReduced1.png
18 Mar 2016, 18:00:57.893 [  FINER] [    FXGL.AssetLoader] [FXGL Init Thread] Loading from cache: /assets/textures/enemyReduced2.png
18 Mar 2016, 18:00:57.895 [  FINER] [    FXGL.AssetLoader] [FXGL Init Thread] Loading from cache: /assets/textures/enemyReduced3.png
18 Mar 2016, 18:00:57.896 [  FINER] [    FXGL.AssetLoader] [FXGL Init Thread] Loading from cache: /assets/textures/enemyReduced2.png
18 Mar 2016, 18:00:57.897 [  FINER] [    FXGL.AssetLoader] [FXGL Init Thread] Loading from cache: /assets/textures/enemyReduced3.png
18 Mar 2016, 18:00:57.899 [  FINER] [    FXGL.AssetLoader] [FXGL Init Thread] Loading from cache: /assets/textures/enemyReduced3.png
18 Mar 2016, 18:00:57.900 [  FINER] [    FXGL.AssetLoader] [FXGL Init Thread] Loading from cache: /assets/textures/enemyReduced1.png
18 Mar 2016, 18:00:57.903 [  FINER] [    FXGL.AssetLoader] [FXGL Init Thread] Loading from cache: /assets/textures/enemyReduced3.png
18 Mar 2016, 18:00:57.904 [  FINER] [    FXGL.AssetLoader] [FXGL Init Thread] Loading from cache: /assets/textures/enemyReduced3.png
18 Mar 2016, 18:00:57.906 [  FINER] [    FXGL.AssetLoader] [FXGL Init Thread] Loading from cache: /assets/textures/enemyReduced3.png
18 Mar 2016, 18:00:57.907 [  FINER] [    FXGL.AssetLoader] [FXGL Init Thread] Loading from cache: /assets/textures/enemyReduced1.png
18 Mar 2016, 18:00:57.909 [  FINER] [    FXGL.AssetLoader] [FXGL Init Thread] Loading from cache: /assets/textures/enemyReduced2.png
18 Mar 2016, 18:00:57.911 [  FINER] [    FXGL.AssetLoader] [FXGL Init Thread] Loading from cache: /assets/textures/enemyReduced1.png
18 Mar 2016, 18:00:57.913 [  FINER] [    FXGL.AssetLoader] [FXGL Init Thread] Loading from cache: /assets/textures/enemyReduced1.png
18 Mar 2016, 18:00:57.914 [  FINER] [    FXGL.AssetLoader] [FXGL Init Thread] Loading from cache: /assets/textures/enemyReduced3.png
18 Mar 2016, 18:00:57.918 [  FINER] [    FXGL.AssetLoader] [FXGL Init Thread] Loading from cache: /assets/textures/enemyReduced3.png
18 Mar 2016, 18:00:57.920 [  FINER] [    FXGL.AssetLoader] [FXGL Init Thread] Loading from cache: /assets/textures/enemyReduced1.png
18 Mar 2016, 18:00:57.924 [  FINER] [    FXGL.AssetLoader] [FXGL Init Thread] Loading from cache: /assets/textures/enemyReduced1.png
18 Mar 2016, 18:00:57.926 [  FINER] [    FXGL.AssetLoader] [FXGL Init Thread] Loading from cache: /assets/textures/enemyReduced1.png
18 Mar 2016, 18:00:57.932 [  FINER] [    FXGL.AssetLoader] [FXGL Init Thread] Loading from cache: /assets/textures/enemyReduced2.png
18 Mar 2016, 18:00:57.933 [  FINER] [    FXGL.AssetLoader] [FXGL Init Thread] Loading from cache: /assets/textures/enemyReduced2.png
18 Mar 2016, 18:00:57.938 [  FINER] [    FXGL.AssetLoader] [FXGL Init Thread] Loading from cache: /assets/textures/enemyReduced2.png
18 Mar 2016, 18:00:57.941 [  FINER] [    FXGL.AssetLoader] [FXGL Init Thread] Loading from cache: /assets/textures/enemyReduced3.png
18 Mar 2016, 18:00:57.942 [  FINER] [    FXGL.AssetLoader] [FXGL Init Thread] Loading from cache: /assets/textures/enemyReduced1.png
18 Mar 2016, 18:00:57.944 [  FINER] [    FXGL.AssetLoader] [FXGL Init Thread] Loading from cache: /assets/textures/enemyReduced3.png
18 Mar 2016, 18:00:57.946 [  FINER] [    FXGL.AssetLoader] [FXGL Init Thread] Loading from cache: /assets/textures/enemyReduced2.png
18 Mar 2016, 18:00:57.947 [  FINER] [    FXGL.AssetLoader] [FXGL Init Thread] Loading from cache: /assets/textures/enemyReduced2.png
18 Mar 2016, 18:00:57.948 [  FINER] [    FXGL.AssetLoader] [FXGL Init Thread] Loading from cache: /assets/textures/enemyReduced2.png
18 Mar 2016, 18:00:57.949 [  FINER] [    FXGL.AssetLoader] [FXGL Init Thread] Loading from cache: /assets/textures/enemyReduced1.png
18 Mar 2016, 18:00:57.956 [  FINER] [    FXGL.AssetLoader] [FXGL Init Thread] Loading from cache: /assets/textures/enemyReduced1.png
18 Mar 2016, 18:00:57.957 [  FINER] [    FXGL.AssetLoader] [FXGL Init Thread] Loading from cache: /assets/textures/enemyReduced2.png
18 Mar 2016, 18:00:57.960 [  FINER] [    FXGL.AssetLoader] [FXGL Init Thread] Loading from cache: /assets/textures/enemyReduced1.png
18 Mar 2016, 18:00:57.962 [  FINER] [    FXGL.AssetLoader] [FXGL Init Thread] Loading from cache: /assets/textures/enemyReduced1.png
18 Mar 2016, 18:00:57.963 [  FINER] [    FXGL.AssetLoader] [FXGL Init Thread] Loading from cache: /assets/textures/enemyReduced2.png
18 Mar 2016, 18:00:57.965 [  FINER] [    FXGL.AssetLoader] [FXGL Init Thread] Loading from cache: /assets/textures/enemyReduced2.png
18 Mar 2016, 18:00:57.966 [  FINER] [    FXGL.AssetLoader] [FXGL Init Thread] Loading from cache: /assets/textures/enemyReduced3.png
18 Mar 2016, 18:00:57.968 [  FINER] [    FXGL.AssetLoader] [FXGL Init Thread] Loading from cache: /assets/textures/enemyReduced3.png
18 Mar 2016, 18:00:57.969 [  FINER] [    FXGL.Application] [FXGL Init Thread] Initializing Physics
18 Mar 2016, 18:00:57.969 [  FINER] [    FXGL.Application] [FXGL Init Thread] Initializing UI
18 Mar 2016, 18:00:57.976 [  FINER] [    FXGL.Application] [FXGL Init Thread] Initialization Complete
18 Mar 2016, 18:00:58.071 [  FINER] [    FXGL.Application] [JavaFX Application Thread] Showing stage
18 Mar 2016, 18:00:58.072 [  FINER] [    FXGL.Application] [JavaFX Application Thread] Root size: 400.0x400.0
18 Mar 2016, 18:00:58.072 [  FINER] [    FXGL.Application] [JavaFX Application Thread] Scene size: 400.0x400.0
18 Mar 2016, 18:00:58.072 [  FINER] [    FXGL.Application] [JavaFX Application Thread] Stage size: 406.0x428.0
18 Mar 2016, 18:00:58.101 [  FINER] [       FXGL.EventBus] [JavaFX Application Thread] Firing event: FXGLEvent[type=INIT_APP_COMPLETE]
18 Mar 2016, 18:00:58.102 [  FINER] [    FXGL.Application] [JavaFX Application Thread] Resuming main loop
18 Mar 2016, 18:00:58.102 [  FINER] [       FXGL.EventBus] [JavaFX Application Thread] Firing event: FXGLEvent[type=RESUME]
18 Mar 2016, 18:00:58.102 [  FINER] [          FXGL.Input] [JavaFX Application Thread] Clearing active input actions
18 Mar 2016, 18:00:58.102 [  FINER] [    FXGL.MasterTimer] [JavaFX Application Thread] Starting master timer
18 Mar 2016, 18:00:58.103 [  FINER] [    FXGL.Application] [JavaFX Application Thread] State: LOADING -> PLAYING
18 Mar 2016, 18:00:58.116 [  FINER] [       FXGL.EventBus] [JavaFX Application Thread] Firing event: WorldEvent[type=ENTITY_ADDED]
18 Mar 2016, 18:00:58.116 [  FINER] [      FXGL.GameScene] [JavaFX Application Thread] Entity added to scene
18 Mar 2016, 18:00:58.116 [  FINER] [      FXGL.GameScene] [JavaFX Application Thread] Added MainViewComponent
18 Mar 2016, 18:00:58.119 [  FINER] [      FXGL.GameScene] [JavaFX Application Thread] Creating render group for layer: TOP(2147483647)
18 Mar 2016, 18:00:58.125 [  FINER] [       FXGL.EventBus] [JavaFX Application Thread] Firing event: WorldEvent[type=ENTITY_ADDED]
18 Mar 2016, 18:00:58.125 [  FINER] [      FXGL.GameScene] [JavaFX Application Thread] Entity added to scene
18 Mar 2016, 18:00:58.125 [  FINER] [      FXGL.GameScene] [JavaFX Application Thread] Added MainViewComponent
18 Mar 2016, 18:00:58.126 [  FINER] [       FXGL.EventBus] [JavaFX Application Thread] Firing event: WorldEvent[type=ENTITY_ADDED]
18 Mar 2016, 18:00:58.126 [  FINER] [      FXGL.GameScene] [JavaFX Application Thread] Entity added to scene
18 Mar 2016, 18:00:58.126 [  FINER] [      FXGL.GameScene] [JavaFX Application Thread] Added MainViewComponent
18 Mar 2016, 18:00:58.127 [  FINER] [       FXGL.EventBus] [JavaFX Application Thread] Firing event: WorldEvent[type=ENTITY_ADDED]
18 Mar 2016, 18:00:58.127 [  FINER] [      FXGL.GameScene] [JavaFX Application Thread] Entity added to scene
18 Mar 2016, 18:00:58.127 [  FINER] [      FXGL.GameScene] [JavaFX Application Thread] Added MainViewComponent
18 Mar 2016, 18:00:58.127 [  FINER] [       FXGL.EventBus] [JavaFX Application Thread] Firing event: WorldEvent[type=ENTITY_ADDED]
18 Mar 2016, 18:00:58.128 [  FINER] [      FXGL.GameScene] [JavaFX Application Thread] Entity added to scene
18 Mar 2016, 18:00:58.128 [  FINER] [      FXGL.GameScene] [JavaFX Application Thread] Added MainViewComponent
18 Mar 2016, 18:00:58.128 [  FINER] [       FXGL.EventBus] [JavaFX Application Thread] Firing event: WorldEvent[type=ENTITY_ADDED]
18 Mar 2016, 18:00:58.128 [  FINER] [      FXGL.GameScene] [JavaFX Application Thread] Entity added to scene
18 Mar 2016, 18:00:58.128 [  FINER] [      FXGL.GameScene] [JavaFX Application Thread] Added MainViewComponent
18 Mar 2016, 18:00:58.129 [  FINER] [       FXGL.EventBus] [JavaFX Application Thread] Firing event: WorldEvent[type=ENTITY_ADDED]
18 Mar 2016, 18:00:58.129 [  FINER] [      FXGL.GameScene] [JavaFX Application Thread] Entity added to scene
18 Mar 2016, 18:00:58.129 [  FINER] [      FXGL.GameScene] [JavaFX Application Thread] Added MainViewComponent
18 Mar 2016, 18:00:58.130 [  FINER] [       FXGL.EventBus] [JavaFX Application Thread] Firing event: WorldEvent[type=ENTITY_ADDED]
18 Mar 2016, 18:00:58.130 [  FINER] [      FXGL.GameScene] [JavaFX Application Thread] Entity added to scene
18 Mar 2016, 18:00:58.130 [  FINER] [      FXGL.GameScene] [JavaFX Application Thread] Added MainViewComponent
18 Mar 2016, 18:00:58.131 [  FINER] [       FXGL.EventBus] [JavaFX Application Thread] Firing event: WorldEvent[type=ENTITY_ADDED]
18 Mar 2016, 18:00:58.131 [  FINER] [      FXGL.GameScene] [JavaFX Application Thread] Entity added to scene
18 Mar 2016, 18:00:58.131 [  FINER] [      FXGL.GameScene] [JavaFX Application Thread] Added MainViewComponent
18 Mar 2016, 18:00:58.131 [  FINER] [       FXGL.EventBus] [JavaFX Application Thread] Firing event: WorldEvent[type=ENTITY_ADDED]
18 Mar 2016, 18:00:58.132 [  FINER] [      FXGL.GameScene] [JavaFX Application Thread] Entity added to scene
18 Mar 2016, 18:00:58.132 [  FINER] [      FXGL.GameScene] [JavaFX Application Thread] Added MainViewComponent
18 Mar 2016, 18:00:58.132 [  FINER] [       FXGL.EventBus] [JavaFX Application Thread] Firing event: WorldEvent[type=ENTITY_ADDED]
18 Mar 2016, 18:00:58.132 [  FINER] [      FXGL.GameScene] [JavaFX Application Thread] Entity added to scene
18 Mar 2016, 18:00:58.132 [  FINER] [      FXGL.GameScene] [JavaFX Application Thread] Added MainViewComponent
18 Mar 2016, 18:00:58.133 [  FINER] [       FXGL.EventBus] [JavaFX Application Thread] Firing event: WorldEvent[type=ENTITY_ADDED]
18 Mar 2016, 18:00:58.133 [  FINER] [      FXGL.GameScene] [JavaFX Application Thread] Entity added to scene
18 Mar 2016, 18:00:58.133 [  FINER] [      FXGL.GameScene] [JavaFX Application Thread] Added MainViewComponent
18 Mar 2016, 18:00:58.133 [  FINER] [       FXGL.EventBus] [JavaFX Application Thread] Firing event: WorldEvent[type=ENTITY_ADDED]
18 Mar 2016, 18:00:58.134 [  FINER] [      FXGL.GameScene] [JavaFX Application Thread] Entity added to scene
18 Mar 2016, 18:00:58.134 [  FINER] [      FXGL.GameScene] [JavaFX Application Thread] Added MainViewComponent
18 Mar 2016, 18:00:58.134 [  FINER] [       FXGL.EventBus] [JavaFX Application Thread] Firing event: WorldEvent[type=ENTITY_ADDED]
18 Mar 2016, 18:00:58.134 [  FINER] [      FXGL.GameScene] [JavaFX Application Thread] Entity added to scene
18 Mar 2016, 18:00:58.134 [  FINER] [      FXGL.GameScene] [JavaFX Application Thread] Added MainViewComponent
18 Mar 2016, 18:00:58.135 [  FINER] [       FXGL.EventBus] [JavaFX Application Thread] Firing event: WorldEvent[type=ENTITY_ADDED]
18 Mar 2016, 18:00:58.135 [  FINER] [      FXGL.GameScene] [JavaFX Application Thread] Entity added to scene
18 Mar 2016, 18:00:58.135 [  FINER] [      FXGL.GameScene] [JavaFX Application Thread] Added MainViewComponent
18 Mar 2016, 18:00:58.136 [  FINER] [       FXGL.EventBus] [JavaFX Application Thread] Firing event: WorldEvent[type=ENTITY_ADDED]
18 Mar 2016, 18:00:58.136 [  FINER] [      FXGL.GameScene] [JavaFX Application Thread] Entity added to scene
18 Mar 2016, 18:00:58.136 [  FINER] [      FXGL.GameScene] [JavaFX Application Thread] Added MainViewComponent
18 Mar 2016, 18:00:58.137 [  FINER] [       FXGL.EventBus] [JavaFX Application Thread] Firing event: WorldEvent[type=ENTITY_ADDED]
18 Mar 2016, 18:00:58.137 [  FINER] [      FXGL.GameScene] [JavaFX Application Thread] Entity added to scene
18 Mar 2016, 18:00:58.137 [  FINER] [      FXGL.GameScene] [JavaFX Application Thread] Added MainViewComponent
18 Mar 2016, 18:00:58.137 [  FINER] [       FXGL.EventBus] [JavaFX Application Thread] Firing event: WorldEvent[type=ENTITY_ADDED]
18 Mar 2016, 18:00:58.137 [  FINER] [      FXGL.GameScene] [JavaFX Application Thread] Entity added to scene
18 Mar 2016, 18:00:58.138 [  FINER] [      FXGL.GameScene] [JavaFX Application Thread] Added MainViewComponent
18 Mar 2016, 18:00:58.138 [  FINER] [       FXGL.EventBus] [JavaFX Application Thread] Firing event: WorldEvent[type=ENTITY_ADDED]
18 Mar 2016, 18:00:58.138 [  FINER] [      FXGL.GameScene] [JavaFX Application Thread] Entity added to scene
18 Mar 2016, 18:00:58.138 [  FINER] [      FXGL.GameScene] [JavaFX Application Thread] Added MainViewComponent
18 Mar 2016, 18:00:58.139 [  FINER] [       FXGL.EventBus] [JavaFX Application Thread] Firing event: WorldEvent[type=ENTITY_ADDED]
18 Mar 2016, 18:00:58.139 [  FINER] [      FXGL.GameScene] [JavaFX Application Thread] Entity added to scene
18 Mar 2016, 18:00:58.139 [  FINER] [      FXGL.GameScene] [JavaFX Application Thread] Added MainViewComponent
18 Mar 2016, 18:00:58.139 [  FINER] [       FXGL.EventBus] [JavaFX Application Thread] Firing event: WorldEvent[type=ENTITY_ADDED]
18 Mar 2016, 18:00:58.140 [  FINER] [      FXGL.GameScene] [JavaFX Application Thread] Entity added to scene
18 Mar 2016, 18:00:58.140 [  FINER] [      FXGL.GameScene] [JavaFX Application Thread] Added MainViewComponent
18 Mar 2016, 18:00:58.140 [  FINER] [       FXGL.EventBus] [JavaFX Application Thread] Firing event: WorldEvent[type=ENTITY_ADDED]
18 Mar 2016, 18:00:58.140 [  FINER] [      FXGL.GameScene] [JavaFX Application Thread] Entity added to scene
18 Mar 2016, 18:00:58.140 [  FINER] [      FXGL.GameScene] [JavaFX Application Thread] Added MainViewComponent
18 Mar 2016, 18:00:58.141 [  FINER] [       FXGL.EventBus] [JavaFX Application Thread] Firing event: WorldEvent[type=ENTITY_ADDED]
18 Mar 2016, 18:00:58.141 [  FINER] [      FXGL.GameScene] [JavaFX Application Thread] Entity added to scene
18 Mar 2016, 18:00:58.141 [  FINER] [      FXGL.GameScene] [JavaFX Application Thread] Added MainViewComponent
18 Mar 2016, 18:00:58.141 [  FINER] [       FXGL.EventBus] [JavaFX Application Thread] Firing event: WorldEvent[type=ENTITY_ADDED]
18 Mar 2016, 18:00:58.142 [  FINER] [      FXGL.GameScene] [JavaFX Application Thread] Entity added to scene
18 Mar 2016, 18:00:58.142 [  FINER] [      FXGL.GameScene] [JavaFX Application Thread] Added MainViewComponent
18 Mar 2016, 18:00:58.142 [  FINER] [       FXGL.EventBus] [JavaFX Application Thread] Firing event: WorldEvent[type=ENTITY_ADDED]
18 Mar 2016, 18:00:58.142 [  FINER] [      FXGL.GameScene] [JavaFX Application Thread] Entity added to scene
18 Mar 2016, 18:00:58.142 [  FINER] [      FXGL.GameScene] [JavaFX Application Thread] Added MainViewComponent
18 Mar 2016, 18:00:58.143 [  FINER] [       FXGL.EventBus] [JavaFX Application Thread] Firing event: WorldEvent[type=ENTITY_ADDED]
18 Mar 2016, 18:00:58.143 [  FINER] [      FXGL.GameScene] [JavaFX Application Thread] Entity added to scene
18 Mar 2016, 18:00:58.143 [  FINER] [      FXGL.GameScene] [JavaFX Application Thread] Added MainViewComponent
18 Mar 2016, 18:00:58.143 [  FINER] [       FXGL.EventBus] [JavaFX Application Thread] Firing event: WorldEvent[type=ENTITY_ADDED]
18 Mar 2016, 18:00:58.144 [  FINER] [      FXGL.GameScene] [JavaFX Application Thread] Entity added to scene
18 Mar 2016, 18:00:58.144 [  FINER] [      FXGL.GameScene] [JavaFX Application Thread] Added MainViewComponent
18 Mar 2016, 18:00:58.144 [  FINER] [       FXGL.EventBus] [JavaFX Application Thread] Firing event: WorldEvent[type=ENTITY_ADDED]
18 Mar 2016, 18:00:58.145 [  FINER] [      FXGL.GameScene] [JavaFX Application Thread] Entity added to scene
18 Mar 2016, 18:00:58.145 [  FINER] [      FXGL.GameScene] [JavaFX Application Thread] Added MainViewComponent
18 Mar 2016, 18:00:58.145 [  FINER] [       FXGL.EventBus] [JavaFX Application Thread] Firing event: WorldEvent[type=ENTITY_ADDED]
18 Mar 2016, 18:00:58.146 [  FINER] [      FXGL.GameScene] [JavaFX Application Thread] Entity added to scene
18 Mar 2016, 18:00:58.146 [  FINER] [      FXGL.GameScene] [JavaFX Application Thread] Added MainViewComponent
18 Mar 2016, 18:00:58.146 [  FINER] [       FXGL.EventBus] [JavaFX Application Thread] Firing event: WorldEvent[type=ENTITY_ADDED]
18 Mar 2016, 18:00:58.147 [  FINER] [      FXGL.GameScene] [JavaFX Application Thread] Entity added to scene
18 Mar 2016, 18:00:58.147 [  FINER] [      FXGL.GameScene] [JavaFX Application Thread] Added MainViewComponent
18 Mar 2016, 18:00:58.148 [  FINER] [       FXGL.EventBus] [JavaFX Application Thread] Firing event: WorldEvent[type=ENTITY_ADDED]
18 Mar 2016, 18:00:58.148 [  FINER] [      FXGL.GameScene] [JavaFX Application Thread] Entity added to scene
18 Mar 2016, 18:00:58.148 [  FINER] [      FXGL.GameScene] [JavaFX Application Thread] Added MainViewComponent
18 Mar 2016, 18:00:58.149 [  FINER] [       FXGL.EventBus] [JavaFX Application Thread] Firing event: WorldEvent[type=ENTITY_ADDED]
18 Mar 2016, 18:00:58.149 [  FINER] [      FXGL.GameScene] [JavaFX Application Thread] Entity added to scene
18 Mar 2016, 18:00:58.150 [  FINER] [      FXGL.GameScene] [JavaFX Application Thread] Added MainViewComponent
18 Mar 2016, 18:00:58.150 [  FINER] [       FXGL.EventBus] [JavaFX Application Thread] Firing event: WorldEvent[type=ENTITY_ADDED]
18 Mar 2016, 18:00:58.150 [  FINER] [      FXGL.GameScene] [JavaFX Application Thread] Entity added to scene
18 Mar 2016, 18:00:58.151 [  FINER] [      FXGL.GameScene] [JavaFX Application Thread] Added MainViewComponent
18 Mar 2016, 18:00:58.151 [  FINER] [       FXGL.EventBus] [JavaFX Application Thread] Firing event: WorldEvent[type=ENTITY_ADDED]
18 Mar 2016, 18:00:58.151 [  FINER] [      FXGL.GameScene] [JavaFX Application Thread] Entity added to scene
18 Mar 2016, 18:00:58.151 [  FINER] [      FXGL.GameScene] [JavaFX Application Thread] Added MainViewComponent
18 Mar 2016, 18:00:58.152 [  FINER] [       FXGL.EventBus] [JavaFX Application Thread] Firing event: WorldEvent[type=ENTITY_ADDED]
18 Mar 2016, 18:00:58.152 [  FINER] [      FXGL.GameScene] [JavaFX Application Thread] Entity added to scene
18 Mar 2016, 18:00:58.153 [  FINER] [      FXGL.GameScene] [JavaFX Application Thread] Added MainViewComponent
18 Mar 2016, 18:00:58.153 [  FINER] [       FXGL.EventBus] [JavaFX Application Thread] Firing event: WorldEvent[type=ENTITY_ADDED]
18 Mar 2016, 18:00:58.153 [  FINER] [      FXGL.GameScene] [JavaFX Application Thread] Entity added to scene
18 Mar 2016, 18:00:58.154 [  FINER] [      FXGL.GameScene] [JavaFX Application Thread] Added MainViewComponent
18 Mar 2016, 18:00:58.154 [  FINER] [       FXGL.EventBus] [JavaFX Application Thread] Firing event: WorldEvent[type=ENTITY_ADDED]
18 Mar 2016, 18:00:58.155 [  FINER] [      FXGL.GameScene] [JavaFX Application Thread] Entity added to scene
18 Mar 2016, 18:00:58.155 [  FINER] [      FXGL.GameScene] [JavaFX Application Thread] Added MainViewComponent
18 Mar 2016, 18:00:58.155 [  FINER] [       FXGL.EventBus] [JavaFX Application Thread] Firing event: WorldEvent[type=ENTITY_ADDED]
18 Mar 2016, 18:00:58.155 [  FINER] [      FXGL.GameScene] [JavaFX Application Thread] Entity added to scene
18 Mar 2016, 18:00:58.156 [  FINER] [      FXGL.GameScene] [JavaFX Application Thread] Added MainViewComponent
18 Mar 2016, 18:00:58.156 [  FINER] [       FXGL.EventBus] [JavaFX Application Thread] Firing event: WorldEvent[type=ENTITY_ADDED]
18 Mar 2016, 18:00:58.156 [  FINER] [      FXGL.GameScene] [JavaFX Application Thread] Entity added to scene
18 Mar 2016, 18:00:58.157 [  FINER] [      FXGL.GameScene] [JavaFX Application Thread] Added MainViewComponent
18 Mar 2016, 18:00:58.157 [  FINER] [       FXGL.EventBus] [JavaFX Application Thread] Firing event: WorldEvent[type=ENTITY_ADDED]
18 Mar 2016, 18:00:58.157 [  FINER] [      FXGL.GameScene] [JavaFX Application Thread] Entity added to scene
18 Mar 2016, 18:00:58.157 [  FINER] [      FXGL.GameScene] [JavaFX Application Thread] Added MainViewComponent
18 Mar 2016, 18:00:58.158 [  FINER] [       FXGL.EventBus] [JavaFX Application Thread] Firing event: WorldEvent[type=ENTITY_ADDED]
18 Mar 2016, 18:00:58.158 [  FINER] [      FXGL.GameScene] [JavaFX Application Thread] Entity added to scene
18 Mar 2016, 18:00:58.158 [  FINER] [      FXGL.GameScene] [JavaFX Application Thread] Added MainViewComponent
18 Mar 2016, 18:00:58.158 [  FINER] [       FXGL.EventBus] [JavaFX Application Thread] Firing event: WorldEvent[type=ENTITY_ADDED]
18 Mar 2016, 18:00:58.158 [  FINER] [      FXGL.GameScene] [JavaFX Application Thread] Entity added to scene
18 Mar 2016, 18:00:58.159 [  FINER] [      FXGL.GameScene] [JavaFX Application Thread] Added MainViewComponent
18 Mar 2016, 18:00:58.159 [  FINER] [       FXGL.EventBus] [JavaFX Application Thread] Firing event: WorldEvent[type=ENTITY_ADDED]
18 Mar 2016, 18:00:58.159 [  FINER] [      FXGL.GameScene] [JavaFX Application Thread] Entity added to scene
18 Mar 2016, 18:00:58.159 [  FINER] [      FXGL.GameScene] [JavaFX Application Thread] Added MainViewComponent
18 Mar 2016, 18:00:58.160 [  FINER] [       FXGL.EventBus] [JavaFX Application Thread] Firing event: WorldEvent[type=ENTITY_ADDED]
18 Mar 2016, 18:00:58.160 [  FINER] [      FXGL.GameScene] [JavaFX Application Thread] Entity added to scene
18 Mar 2016, 18:00:58.160 [  FINER] [      FXGL.GameScene] [JavaFX Application Thread] Added MainViewComponent
18 Mar 2016, 18:00:58.161 [  FINER] [       FXGL.EventBus] [JavaFX Application Thread] Firing event: WorldEvent[type=ENTITY_ADDED]
18 Mar 2016, 18:00:58.161 [  FINER] [      FXGL.GameScene] [JavaFX Application Thread] Entity added to scene
18 Mar 2016, 18:00:58.161 [  FINER] [      FXGL.GameScene] [JavaFX Application Thread] Added MainViewComponent
18 Mar 2016, 18:00:58.162 [  FINER] [       FXGL.EventBus] [JavaFX Application Thread] Firing event: WorldEvent[type=ENTITY_ADDED]
18 Mar 2016, 18:00:58.162 [  FINER] [      FXGL.GameScene] [JavaFX Application Thread] Entity added to scene
18 Mar 2016, 18:00:58.162 [  FINER] [      FXGL.GameScene] [JavaFX Application Thread] Added MainViewComponent
18 Mar 2016, 18:00:58.162 [  FINER] [       FXGL.EventBus] [JavaFX Application Thread] Firing event: WorldEvent[type=ENTITY_ADDED]
18 Mar 2016, 18:00:58.162 [  FINER] [      FXGL.GameScene] [JavaFX Application Thread] Entity added to scene
18 Mar 2016, 18:00:58.163 [  FINER] [      FXGL.GameScene] [JavaFX Application Thread] Added MainViewComponent
18 Mar 2016, 18:00:58.163 [  FINER] [       FXGL.EventBus] [JavaFX Application Thread] Firing event: WorldEvent[type=ENTITY_ADDED]
18 Mar 2016, 18:00:58.163 [  FINER] [      FXGL.GameScene] [JavaFX Application Thread] Entity added to scene
18 Mar 2016, 18:00:58.163 [  FINER] [      FXGL.GameScene] [JavaFX Application Thread] Added MainViewComponent
18 Mar 2016, 18:00:58.164 [  FINER] [       FXGL.EventBus] [JavaFX Application Thread] Firing event: WorldEvent[type=ENTITY_ADDED]
18 Mar 2016, 18:00:58.164 [  FINER] [      FXGL.GameScene] [JavaFX Application Thread] Entity added to scene
18 Mar 2016, 18:00:58.164 [  FINER] [      FXGL.GameScene] [JavaFX Application Thread] Added MainViewComponent
18 Mar 2016, 18:00:58.165 [  FINER] [       FXGL.EventBus] [JavaFX Application Thread] Firing event: WorldEvent[type=ENTITY_ADDED]
18 Mar 2016, 18:00:58.165 [  FINER] [      FXGL.GameScene] [JavaFX Application Thread] Entity added to scene
18 Mar 2016, 18:00:58.165 [  FINER] [      FXGL.GameScene] [JavaFX Application Thread] Added MainViewComponent
18 Mar 2016, 18:01:18.846 [  FINER] [       FXGL.EventBus] [JavaFX Application Thread] Firing event: DisplayEvent[type=DIALOG_OPENED]
18 Mar 2016, 18:01:18.847 [  FINER] [    FXGL.Application] [JavaFX Application Thread] Pausing main loop
18 Mar 2016, 18:01:18.847 [  FINER] [       FXGL.EventBus] [JavaFX Application Thread] Firing event: FXGLEvent[type=PAUSE]
18 Mar 2016, 18:01:18.847 [  FINER] [          FXGL.Input] [JavaFX Application Thread] Clearing active input actions
18 Mar 2016, 18:01:18.847 [  FINER] [    FXGL.MasterTimer] [JavaFX Application Thread] Stopping master timer
18 Mar 2016, 18:01:18.849 [  FINER] [    FXGL.Application] [JavaFX Application Thread] State: PLAYING -> PAUSED
18 Mar 2016, 18:01:18.849 [  FINER] [          FXGL.Input] [JavaFX Application Thread] Clearing active input actions
18 Mar 2016, 18:01:20.165 [  FINER] [       FXGL.EventBus] [JavaFX Application Thread] Firing event: DisplayEvent[type=DIALOG_CLOSED]
18 Mar 2016, 18:01:20.166 [  FINER] [    FXGL.Application] [JavaFX Application Thread] Resuming main loop
18 Mar 2016, 18:01:20.166 [  FINER] [       FXGL.EventBus] [JavaFX Application Thread] Firing event: FXGLEvent[type=RESUME]
18 Mar 2016, 18:01:20.166 [  FINER] [          FXGL.Input] [JavaFX Application Thread] Clearing active input actions
18 Mar 2016, 18:01:20.167 [  FINER] [    FXGL.MasterTimer] [JavaFX Application Thread] Starting master timer
18 Mar 2016, 18:01:20.167 [  FINER] [    FXGL.Application] [JavaFX Application Thread] State: PAUSED -> PLAYING
18 Mar 2016, 18:01:20.167 [  FINER] [       FXGL.EventBus] [JavaFX Application Thread] Firing event: DisplayEvent[type=CLOSE_REQUEST]
18 Mar 2016, 18:01:20.167 [  FINER] [    FXGL.Application] [JavaFX Application Thread] Exiting Normally
18 Mar 2016, 18:01:20.168 [  FINER] [       FXGL.EventBus] [JavaFX Application Thread] Firing event: FXGLEvent[type=EXIT]
18 Mar 2016, 18:01:20.168 [  FINER] [         FXGL.Logger] [JavaFX Application Thread] Logger is closing
