29 Mar 2016, 21:21:25.683 [   INFO] [         FXGL.Logger] [JavaFX Application Thread] Logger initialized with level: CONFIG
29 Mar 2016, 21:21:25.690 [  FINER] [         FXGL.Logger] [JavaFX Application Thread] CPU cores: 4
29 Mar 2016, 21:21:25.694 [  FINER] [         FXGL.Logger] [JavaFX Application Thread] Free Memory: 107MB
29 Mar 2016, 21:21:25.694 [  FINER] [         FXGL.Logger] [JavaFX Application Thread] Max Memory: 1755MB
29 Mar 2016, 21:21:25.695 [  FINER] [         FXGL.Logger] [JavaFX Application Thread] Total Memory: 119MB
29 Mar 2016, 21:21:25.696 [  FINER] [         FXGL.Logger] [JavaFX Application Thread] System Properties:
29 Mar 2016, 21:21:25.698 [  FINER] [         FXGL.Logger] [JavaFX Application Thread] sun.cpu.isalist=amd64
29 Mar 2016, 21:21:25.698 [  FINER] [         FXGL.Logger] [JavaFX Application Thread] sun.desktop=windows
29 Mar 2016, 21:21:25.699 [  FINER] [         FXGL.Logger] [JavaFX Application Thread] sun.io.unicode.encoding=UnicodeLittle
29 Mar 2016, 21:21:25.700 [  FINER] [         FXGL.Logger] [JavaFX Application Thread] sun.cpu.endian=little
29 Mar 2016, 21:21:25.701 [  FINER] [         FXGL.Logger] [JavaFX Application Thread] java.vendor.url.bug=http://bugreport.sun.com/bugreport/
29 Mar 2016, 21:21:25.701 [  FINER] [         FXGL.Logger] [JavaFX Application Thread] file.separator=\
29 Mar 2016, 21:21:25.702 [  FINER] [         FXGL.Logger] [JavaFX Application Thread] java.vendor=Oracle Corporation
29 Mar 2016, 21:21:25.704 [  FINER] [         FXGL.Logger] [JavaFX Application Thread] sun.boot.class.path=C:\Program Files\Java\jre1.8.0_73\lib\resources.jar;C:\Program Files\Java\jre1.8.0_73\lib\rt.jar;C:\Program Files\Java\jre1.8.0_73\lib\sunrsasign.jar;C:\Program Files\Java\jre1.8.0_73\lib\jsse.jar;C:\Program Files\Java\jre1.8.0_73\lib\jce.jar;C:\Program Files\Java\jre1.8.0_73\lib\charsets.jar;C:\Program Files\Java\jre1.8.0_73\lib\jfr.jar;C:\Program Files\Java\jre1.8.0_73\classes
29 Mar 2016, 21:21:25.705 [  FINER] [         FXGL.Logger] [JavaFX Application Thread] java.ext.dirs=C:\Program Files\Java\jre1.8.0_73\lib\ext;C:\Windows\Sun\Java\lib\ext
29 Mar 2016, 21:21:25.706 [  FINER] [         FXGL.Logger] [JavaFX Application Thread] java.version=1.8.0_73
29 Mar 2016, 21:21:25.707 [  FINER] [         FXGL.Logger] [JavaFX Application Thread] java.vm.info=mixed mode
29 Mar 2016, 21:21:25.708 [  FINER] [         FXGL.Logger] [JavaFX Application Thread] awt.toolkit=sun.awt.windows.WToolkit
29 Mar 2016, 21:21:25.709 [  FINER] [         FXGL.Logger] [JavaFX Application Thread] user.language=en
29 Mar 2016, 21:21:25.709 [  FINER] [         FXGL.Logger] [JavaFX Application Thread] java.specification.vendor=Oracle Corporation
29 Mar 2016, 21:21:25.710 [  FINER] [         FXGL.Logger] [JavaFX Application Thread] sun.java.command=SpaceInvaders.SpaceInvadersApp
29 Mar 2016, 21:21:25.710 [  FINER] [         FXGL.Logger] [JavaFX Application Thread] java.home=C:\Program Files\Java\jre1.8.0_73
29 Mar 2016, 21:21:25.710 [  FINER] [         FXGL.Logger] [JavaFX Application Thread] sun.arch.data.model=64
29 Mar 2016, 21:21:25.712 [  FINER] [         FXGL.Logger] [JavaFX Application Thread] java.vm.specification.version=1.8
29 Mar 2016, 21:21:25.714 [  FINER] [         FXGL.Logger] [JavaFX Application Thread] java.class.path=D:\SpaceInvaders\target\classes;C:\Program Files\eclipse\plugins\org.junit_4.12.0.v201504281640\junit.jar;C:\Program Files\eclipse\plugins\org.hamcrest.core_1.3.0.v201303031735.jar;C:\Users\Anwar Saleeby\.m2\repository\com\github\AlmasB\FXGL\0.2.1-0.2.0-gba5970d-32\FXGL-0.2.1-0.2.0-gba5970d-32.jar;C:\Users\Anwar Saleeby\.m2\repository\com\google\inject\guice\4.0\guice-4.0.jar;C:\Users\Anwar Saleeby\.m2\repository\javax\inject\javax.inject\1\javax.inject-1.jar;C:\Users\Anwar Saleeby\.m2\repository\aopalliance\aopalliance\1.0\aopalliance-1.0.jar;C:\Users\Anwar Saleeby\.m2\repository\com\google\guava\guava\16.0.1\guava-16.0.1.jar;C:\Users\Anwar Saleeby\.m2\repository\org\jfxtras\jfxtras-window\8.0-r4\jfxtras-window-8.0-r4.jar;C:\Users\Anwar Saleeby\.m2\repository\org\jfxtras\jfxtras-common\8.0-r4\jfxtras-common-8.0-r4.jar;C:\Users\Anwar Saleeby\.m2\repository\com\github\AlmasB\FXEventBus\1.0\FXEventBus-1.0.jar;C:\Users\Anwar Saleeby\.m2\repository\com\github\AlmasB\Ents\1.0\Ents-1.0.jar;C:\Users\Anwar Saleeby\.m2\repository\org\apache\logging\log4j\log4j-api\2.5\log4j-api-2.5.jar;C:\Users\Anwar Saleeby\.m2\repository\org\apache\logging\log4j\log4j-core\2.5\log4j-core-2.5.jar;C:\Users\Anwar Saleeby\.m2\repository\com\github\AlmasB\AStar\1.0\AStar-1.0.jar
29 Mar 2016, 21:21:25.715 [  FINER] [         FXGL.Logger] [JavaFX Application Thread] user.name=Anwar Saleeby
29 Mar 2016, 21:21:25.715 [  FINER] [         FXGL.Logger] [JavaFX Application Thread] file.encoding=UTF-8
29 Mar 2016, 21:21:25.717 [  FINER] [         FXGL.Logger] [JavaFX Application Thread] java.specification.version=1.8
29 Mar 2016, 21:21:25.719 [  FINER] [         FXGL.Logger] [JavaFX Application Thread] java.awt.printerjob=sun.awt.windows.WPrinterJob
29 Mar 2016, 21:21:25.720 [  FINER] [         FXGL.Logger] [JavaFX Application Thread] user.timezone=America/New_York
29 Mar 2016, 21:21:25.720 [  FINER] [         FXGL.Logger] [JavaFX Application Thread] user.home=C:\Users\Anwar Saleeby
29 Mar 2016, 21:21:25.721 [  FINER] [         FXGL.Logger] [JavaFX Application Thread] os.version=10.0
29 Mar 2016, 21:21:25.721 [  FINER] [         FXGL.Logger] [JavaFX Application Thread] sun.management.compiler=HotSpot 64-Bit Tiered Compilers
29 Mar 2016, 21:21:25.721 [  FINER] [         FXGL.Logger] [JavaFX Application Thread] java.specification.name=Java Platform API Specification
29 Mar 2016, 21:21:25.722 [  FINER] [         FXGL.Logger] [JavaFX Application Thread] java.class.version=52.0
29 Mar 2016, 21:21:25.722 [  FINER] [         FXGL.Logger] [JavaFX Application Thread] java.library.path=C:\Program Files\Java\jre1.8.0_73\bin;C:\Windows\Sun\Java\bin;C:\Windows\system32;C:\Windows;C:/Program Files/Java/jre1.8.0_73/bin/server;C:/Program Files/Java/jre1.8.0_73/bin;C:/Program Files/Java/jre1.8.0_73/lib/amd64;C:\oraclexe\app\oracle\product\11.2.0\server\bin;C:\ProgramData\Oracle\Java\javapath;C:\Windows\system32;C:\Windows;C:\Windows\System32\Wbem;C:\Windows\System32\WindowsPowerShell\v1.0\;C:\Program Files\nodejs\;C:\Program Files\Git\cmd;C:\Users\Anwar Saleeby\AppData\Local\Programs\Python\Python35\Scripts\;C:\Users\Anwar Saleeby\AppData\Local\Programs\Python\Python35\;C:\Users\Anwar Saleeby\AppData\Roaming\npm;C:\Program Files\MongoDB\Server\3.2\bin;C:\Program Files\Git;C:\Program Files\eclipse;;.
29 Mar 2016, 21:21:25.722 [  FINER] [         FXGL.Logger] [JavaFX Application Thread] sun.jnu.encoding=Cp1252
29 Mar 2016, 21:21:25.723 [  FINER] [         FXGL.Logger] [JavaFX Application Thread] os.name=Windows 10
29 Mar 2016, 21:21:25.723 [  FINER] [         FXGL.Logger] [JavaFX Application Thread] user.variant=
29 Mar 2016, 21:21:25.723 [  FINER] [         FXGL.Logger] [JavaFX Application Thread] java.vm.specification.vendor=Oracle Corporation
29 Mar 2016, 21:21:25.724 [  FINER] [         FXGL.Logger] [JavaFX Application Thread] java.io.tmpdir=C:\Users\ANWARS~1\AppData\Local\Temp\
29 Mar 2016, 21:21:25.724 [  FINER] [         FXGL.Logger] [JavaFX Application Thread] line.separator=

29 Mar 2016, 21:21:25.724 [  FINER] [         FXGL.Logger] [JavaFX Application Thread] java.endorsed.dirs=C:\Program Files\Java\jre1.8.0_73\lib\endorsed
29 Mar 2016, 21:21:25.724 [  FINER] [         FXGL.Logger] [JavaFX Application Thread] os.arch=amd64
29 Mar 2016, 21:21:25.725 [  FINER] [         FXGL.Logger] [JavaFX Application Thread] javafx.runtime.version=8.0.71-b15
29 Mar 2016, 21:21:25.725 [  FINER] [         FXGL.Logger] [JavaFX Application Thread] java.awt.graphicsenv=sun.awt.Win32GraphicsEnvironment
29 Mar 2016, 21:21:25.725 [  FINER] [         FXGL.Logger] [JavaFX Application Thread] java.runtime.version=1.8.0_73-b02
29 Mar 2016, 21:21:25.725 [  FINER] [         FXGL.Logger] [JavaFX Application Thread] java.vm.specification.name=Java Virtual Machine Specification
29 Mar 2016, 21:21:25.726 [  FINER] [         FXGL.Logger] [JavaFX Application Thread] user.dir=D:\SpaceInvaders
29 Mar 2016, 21:21:25.726 [  FINER] [         FXGL.Logger] [JavaFX Application Thread] user.country=US
29 Mar 2016, 21:21:25.726 [  FINER] [         FXGL.Logger] [JavaFX Application Thread] user.script=
29 Mar 2016, 21:21:25.727 [  FINER] [         FXGL.Logger] [JavaFX Application Thread] sun.java.launcher=SUN_STANDARD
29 Mar 2016, 21:21:25.727 [  FINER] [         FXGL.Logger] [JavaFX Application Thread] sun.os.patch.level=
29 Mar 2016, 21:21:25.727 [  FINER] [         FXGL.Logger] [JavaFX Application Thread] java.vm.name=Java HotSpot(TM) 64-Bit Server VM
29 Mar 2016, 21:21:25.727 [  FINER] [         FXGL.Logger] [JavaFX Application Thread] file.encoding.pkg=sun.io
29 Mar 2016, 21:21:25.727 [  FINER] [         FXGL.Logger] [JavaFX Application Thread] path.separator=;
29 Mar 2016, 21:21:25.728 [  FINER] [         FXGL.Logger] [JavaFX Application Thread] java.vm.vendor=Oracle Corporation
29 Mar 2016, 21:21:25.728 [  FINER] [         FXGL.Logger] [JavaFX Application Thread] java.vendor.url=http://java.oracle.com/
29 Mar 2016, 21:21:25.728 [  FINER] [         FXGL.Logger] [JavaFX Application Thread] sun.boot.library.path=C:\Program Files\Java\jre1.8.0_73\bin
29 Mar 2016, 21:21:25.728 [  FINER] [         FXGL.Logger] [JavaFX Application Thread] java.vm.version=25.73-b02
29 Mar 2016, 21:21:25.729 [  FINER] [         FXGL.Logger] [JavaFX Application Thread] java.runtime.name=Java(TM) SE Runtime Environment
29 Mar 2016, 21:21:25.729 [  FINER] [         FXGL.Logger] [JavaFX Application Thread] javafx.version=8.0.71
29 Mar 2016, 21:21:25.734 [   INFO] [        FXGL.Version] [JavaFX Application Thread] FXGL-0.2.1-SNAPSHOT
29 Mar 2016, 21:21:25.735 [   INFO] [        FXGL.Version] [JavaFX Application Thread] Source code and latest builds at: https://github.com/AlmasB/FXGL
29 Mar 2016, 21:21:25.744 [  FINER] [    FXGL.Application] [JavaFX Application Thread] Game_clinit()
29 Mar 2016, 21:21:25.752 [  FINER] [    FXGL.Application] [JavaFX-Launcher] FXGL_init()
29 Mar 2016, 21:21:25.778 [  FINER] [    FXGL.Application] [JavaFX Application Thread] FXGL_start()
29 Mar 2016, 21:21:25.779 [  FINER] [    FXGL.Application] [JavaFX Application Thread] Initializing system properties
29 Mar 2016, 21:21:25.781 [  FINER] [    FXGL.Application] [JavaFX Application Thread] sound.notification = system/notification.wav
29 Mar 2016, 21:21:25.782 [  FINER] [    FXGL.Application] [JavaFX Application Thread] asset.cache.size = 35
29 Mar 2016, 21:21:25.782 [  FINER] [    FXGL.Application] [JavaFX Application Thread] ui.font = Copperplate_Gothic_Light_Regular.ttf
29 Mar 2016, 21:21:25.783 [  FINER] [    FXGL.Application] [JavaFX Application Thread] sound.menu.back = menu/back.wav
29 Mar 2016, 21:21:25.784 [  FINER] [    FXGL.Application] [JavaFX Application Thread] sound.menu.select = menu/select.wav
29 Mar 2016, 21:21:25.785 [  FINER] [    FXGL.Application] [JavaFX Application Thread] physics.ppm = 50
29 Mar 2016, 21:21:25.785 [  FINER] [    FXGL.Application] [JavaFX Application Thread] ui.css = fxgl.css
29 Mar 2016, 21:21:25.786 [  FINER] [    FXGL.Application] [JavaFX Application Thread] ui.icon.name = fxgl_icon.png
29 Mar 2016, 21:21:25.786 [  FINER] [    FXGL.Application] [JavaFX Application Thread] sound.menu.press = menu/press.wav
29 Mar 2016, 21:21:25.787 [  FINER] [    FXGL.Application] [JavaFX Application Thread] Initializing user properties
29 Mar 2016, 21:21:25.787 [   INFO] [    FXGL.Application] [JavaFX Application Thread] User properties not found. Using system
29 Mar 2016, 21:21:25.806 [   INFO] [         FXGL.Logger] [JavaFX Application Thread] Logger level set to: CONFIG
29 Mar 2016, 21:21:25.807 [   INFO] [    FXGL.Application] [JavaFX Application Thread] Application Mode: DEVELOPER
29 Mar 2016, 21:21:26.753 [  FINER] [    FXGL.Application] [JavaFX Application Thread] Services configuration complete
29 Mar 2016, 21:21:26.768 [  FINER] [       FXGL.EventBus] [JavaFX Application Thread] Service [EventBus] initialized
29 Mar 2016, 21:21:26.772 [  FINER] [    FXGL.AssetLoader] [JavaFX Application Thread] Service [AssetLoader] initialized
29 Mar 2016, 21:21:26.777 [  FINER] [    FXGL.AssetLoader] [JavaFX Application Thread] Loading from disk: /assets/sounds/system/notification.wav
29 Mar 2016, 21:21:26.807 [  FINER] [    FXGL.AssetLoader] [JavaFX Application Thread] Loading from disk: /assets/sounds/menu/select.wav
29 Mar 2016, 21:21:26.810 [  FINER] [    FXGL.AssetLoader] [JavaFX Application Thread] Loading from disk: /assets/sounds/menu/back.wav
29 Mar 2016, 21:21:26.812 [  FINER] [    FXGL.AssetLoader] [JavaFX Application Thread] Loading from disk: /assets/sounds/menu/press.wav
29 Mar 2016, 21:21:26.814 [  FINER] [    FXGL.AssetLoader] [JavaFX Application Thread] Loading from disk: /assets/ui/fonts/Copperplate_Gothic_Light_Regular.ttf
29 Mar 2016, 21:21:26.891 [  FINER] [    FXGL.AssetLoader] [JavaFX Application Thread] Loading from disk: /assets/ui/css/fxgl.css
29 Mar 2016, 21:21:26.892 [  FINER] [    FXGL.AssetLoader] [JavaFX Application Thread] Loading from disk: /assets/ui/icons/fxgl_icon.png
29 Mar 2016, 21:21:26.929 [  FINER] [    FXGL.AssetLoader] [JavaFX Application Thread] Loading from disk: /assets/ui/css/fxgl_dark.css
29 Mar 2016, 21:21:27.004 [  FINER] [        FXGL.Display] [JavaFX Application Thread] Target size: 480.0x600.0@1.0
29 Mar 2016, 21:21:27.004 [  FINER] [        FXGL.Display] [JavaFX Application Thread] New size:    480.0x600.0@1.0
29 Mar 2016, 21:21:27.005 [  FINER] [        FXGL.Display] [JavaFX Application Thread] Service [Display] initialized
29 Mar 2016, 21:21:27.006 [  FINER] [        FXGL.Display] [JavaFX Application Thread] Using CSS: CSS[jar:file:/C:/Users/Anwar%20Saleeby/.m2/repository/com/github/AlmasB/FXGL/0.2.1-0.2.0-gba5970d-32/FXGL-0.2.1-0.2.0-gba5970d-32.jar!/assets/ui/css/fxgl_dark.css]
29 Mar 2016, 21:21:27.009 [  FINER] [          FXGL.Input] [JavaFX Application Thread] Service [Input] initialized
29 Mar 2016, 21:21:27.012 [  FINER] [    FXGL.AudioPlayer] [JavaFX Application Thread] Service [AudioPlayer] initialized
29 Mar 2016, 21:21:27.019 [  FINER] [    FXGL.MasterTimer] [JavaFX Application Thread] Service [MasterTimer] initialized
29 Mar 2016, 21:21:27.033 [  FINER] [      FXGL.GameScene] [JavaFX Application Thread] Game scene initialized
29 Mar 2016, 21:21:27.034 [  FINER] [FXGL.NotificationSer] [JavaFX Application Thread] Service [NotificationService] initialized
29 Mar 2016, 21:21:27.289 [  FINER] [      FXGL.GameWorld] [JavaFX Application Thread] Game world initialized
29 Mar 2016, 21:21:27.383 [  FINER] [   FXGL.PhysicsWorld] [JavaFX Application Thread] Physics world initialized
29 Mar 2016, 21:21:27.405 [  FINER] [    FXGL.Application] [JavaFX Application Thread] Game_start()
29 Mar 2016, 21:21:27.414 [  FINER] [          FXGL.Input] [JavaFX Application Thread] Registered new binding: Move Left A
29 Mar 2016, 21:21:27.415 [  FINER] [          FXGL.Input] [JavaFX Application Thread] Registered new binding: Shoot Space
29 Mar 2016, 21:21:27.416 [  FINER] [          FXGL.Input] [JavaFX Application Thread] Registered new binding: Move Right D
29 Mar 2016, 21:21:27.418 [  FINER] [    FXGL.Application] [JavaFX Application Thread] Saving data to profile
29 Mar 2016, 21:21:27.419 [  FINER] [    FXGL.UserProfile] [JavaFX Application Thread] Logging bundle: game
29 Mar 2016, 21:21:27.420 [  FINER] [    FXGL.UserProfile] [JavaFX Application Thread] game.playtime=1669009712
29 Mar 2016, 21:21:27.420 [  FINER] [       FXGL.EventBus] [JavaFX Application Thread] Firing event: SaveEvent
29 Mar 2016, 21:21:27.422 [  FINER] [        FXGL.Display] [JavaFX Application Thread] Saving data to profile
29 Mar 2016, 21:21:27.423 [  FINER] [    FXGL.UserProfile] [JavaFX Application Thread] Logging bundle: scene
29 Mar 2016, 21:21:27.423 [  FINER] [    FXGL.UserProfile] [JavaFX Application Thread] scene.sizeW=480.0
29 Mar 2016, 21:21:27.423 [  FINER] [    FXGL.UserProfile] [JavaFX Application Thread] scene.sizeH=600.0
29 Mar 2016, 21:21:27.423 [  FINER] [          FXGL.Input] [JavaFX Application Thread] Saving data to profile
29 Mar 2016, 21:21:27.424 [  FINER] [    FXGL.UserProfile] [JavaFX Application Thread] Logging bundle: input
29 Mar 2016, 21:21:27.424 [  FINER] [    FXGL.UserProfile] [JavaFX Application Thread] input.Shoot=Space
29 Mar 2016, 21:21:27.424 [  FINER] [    FXGL.UserProfile] [JavaFX Application Thread] input.Move Right=D
29 Mar 2016, 21:21:27.425 [  FINER] [    FXGL.UserProfile] [JavaFX Application Thread] input.Move Left=A
29 Mar 2016, 21:21:27.425 [  FINER] [    FXGL.AudioPlayer] [JavaFX Application Thread] Saving data to profile
29 Mar 2016, 21:21:27.425 [  FINER] [    FXGL.UserProfile] [JavaFX Application Thread] Logging bundle: audio
29 Mar 2016, 21:21:27.426 [  FINER] [    FXGL.UserProfile] [JavaFX Application Thread] audio.musicVolume=0.5
29 Mar 2016, 21:21:27.426 [  FINER] [    FXGL.UserProfile] [JavaFX Application Thread] audio.soundVolume=0.5
29 Mar 2016, 21:21:27.426 [  FINER] [FXGL.AchievementMana] [JavaFX Application Thread] Saving data to profile
29 Mar 2016, 21:21:27.427 [  FINER] [    FXGL.UserProfile] [JavaFX Application Thread] Logging bundle: achievement
29 Mar 2016, 21:21:27.461 [  FINER] [    FXGL.Application] [JavaFX Application Thread] State: STARTUP -> INTRO
29 Mar 2016, 21:21:27.676 [  FINER] [    FXGL.Application] [JavaFX Application Thread] Showing stage
29 Mar 2016, 21:21:27.677 [  FINER] [    FXGL.Application] [JavaFX Application Thread] Root size: 480.0x600.0
29 Mar 2016, 21:21:27.677 [  FINER] [    FXGL.Application] [JavaFX Application Thread] Scene size: 480.0x600.0
29 Mar 2016, 21:21:27.678 [  FINER] [    FXGL.Application] [JavaFX Application Thread] Stage size: 486.0x629.0
29 Mar 2016, 21:21:32.727 [  FINER] [    FXGL.Application] [JavaFX Application Thread] State: INTRO -> MAIN_MENU
29 Mar 2016, 21:21:32.757 [  FINER] [       FXGL.EventBus] [JavaFX Application Thread] Firing event: DisplayEvent[type=DIALOG_OPENED]
29 Mar 2016, 21:21:32.758 [  FINER] [          FXGL.Input] [JavaFX Application Thread] Clearing active input actions
29 Mar 2016, 21:21:36.289 [  FINER] [       FXGL.EventBus] [JavaFX Application Thread] Firing event: DisplayEvent[type=DIALOG_CLOSED]
29 Mar 2016, 21:21:36.290 [  FINER] [FXGL.SaveLoadManager] [JavaFX Application Thread] Loading profile: Jimmy
29 Mar 2016, 21:21:36.307 [  FINER] [    FXGL.Application] [JavaFX Application Thread] Loading data from profile
29 Mar 2016, 21:21:36.307 [  FINER] [    FXGL.UserProfile] [JavaFX Application Thread] Logging bundle: game
29 Mar 2016, 21:21:36.307 [  FINER] [    FXGL.UserProfile] [JavaFX Application Thread] game.playtime=36483396643
29 Mar 2016, 21:21:36.307 [  FINER] [       FXGL.EventBus] [JavaFX Application Thread] Firing event: LoadEvent[type=LOAD_PROFILE]
29 Mar 2016, 21:21:36.307 [  FINER] [FXGL.AchievementMana] [JavaFX Application Thread] Loading data from profile
29 Mar 2016, 21:21:36.307 [  FINER] [    FXGL.UserProfile] [JavaFX Application Thread] Logging bundle: achievement
29 Mar 2016, 21:21:36.308 [  FINER] [        FXGL.Display] [JavaFX Application Thread] Loading data from profile
29 Mar 2016, 21:21:36.309 [  FINER] [    FXGL.UserProfile] [JavaFX Application Thread] Logging bundle: scene
29 Mar 2016, 21:21:36.309 [  FINER] [    FXGL.UserProfile] [JavaFX Application Thread] scene.sizeW=480.0
29 Mar 2016, 21:21:36.309 [  FINER] [    FXGL.UserProfile] [JavaFX Application Thread] scene.sizeH=600.0
29 Mar 2016, 21:21:36.309 [  FINER] [        FXGL.Display] [JavaFX Application Thread] Target size: 480.0x600.0@1.0
29 Mar 2016, 21:21:36.310 [  FINER] [        FXGL.Display] [JavaFX Application Thread] New size:    480.0x600.0@1.0
29 Mar 2016, 21:21:36.327 [  FINER] [          FXGL.Input] [JavaFX Application Thread] Loading data from profile
29 Mar 2016, 21:21:36.328 [  FINER] [    FXGL.UserProfile] [JavaFX Application Thread] Logging bundle: input
29 Mar 2016, 21:21:36.328 [  FINER] [    FXGL.UserProfile] [JavaFX Application Thread] input.Shoot=Space
29 Mar 2016, 21:21:36.328 [  FINER] [    FXGL.UserProfile] [JavaFX Application Thread] input.Move Right=D
29 Mar 2016, 21:21:36.328 [  FINER] [    FXGL.UserProfile] [JavaFX Application Thread] input.Move Left=A
29 Mar 2016, 21:21:36.328 [  FINER] [    FXGL.AudioPlayer] [JavaFX Application Thread] Loading data from profile
29 Mar 2016, 21:21:36.329 [  FINER] [    FXGL.UserProfile] [JavaFX Application Thread] Logging bundle: audio
29 Mar 2016, 21:21:36.329 [  FINER] [    FXGL.UserProfile] [JavaFX Application Thread] audio.musicVolume=0.5
29 Mar 2016, 21:21:36.329 [  FINER] [    FXGL.UserProfile] [JavaFX Application Thread] audio.soundVolume=0.5
29 Mar 2016, 21:21:36.329 [  FINER] [       FXGL.EventBus] [JavaFX Application Thread] Firing event: MenuEvent[type=PROFILE_SELECTED,data=Jimmy]
29 Mar 2016, 21:21:38.056 [  FINER] [       FXGL.EventBus] [JavaFX Application Thread] Firing event: MenuEvent[type=NEW_GAME]
29 Mar 2016, 21:21:38.056 [  FINER] [    FXGL.Application] [JavaFX Application Thread] Starting new game
29 Mar 2016, 21:21:38.059 [  FINER] [    FXGL.Application] [JavaFX Application Thread] Initializing App
29 Mar 2016, 21:21:38.059 [  FINER] [    FXGL.Application] [JavaFX Application Thread] Pausing main loop
29 Mar 2016, 21:21:38.059 [  FINER] [       FXGL.EventBus] [JavaFX Application Thread] Firing event: FXGLEvent[type=PAUSE]
29 Mar 2016, 21:21:38.059 [  FINER] [          FXGL.Input] [JavaFX Application Thread] Clearing active input actions
29 Mar 2016, 21:21:38.059 [  FINER] [    FXGL.MasterTimer] [JavaFX Application Thread] Stopping master timer
29 Mar 2016, 21:21:38.060 [  FINER] [    FXGL.Application] [JavaFX Application Thread] State: MAIN_MENU -> PAUSED
29 Mar 2016, 21:21:38.060 [  FINER] [    FXGL.Application] [JavaFX Application Thread] Resetting FXGL application
29 Mar 2016, 21:21:38.060 [  FINER] [       FXGL.EventBus] [JavaFX Application Thread] Firing event: FXGLEvent[type=RESET]
29 Mar 2016, 21:21:38.060 [  FINER] [          FXGL.Input] [JavaFX Application Thread] Clearing active input actions
29 Mar 2016, 21:21:38.060 [  FINER] [    FXGL.MasterTimer] [JavaFX Application Thread] Resetting ticks to 0
29 Mar 2016, 21:21:38.060 [  FINER] [    FXGL.MasterTimer] [JavaFX Application Thread] Clearing all scheduled actions
29 Mar 2016, 21:21:38.061 [  FINER] [      FXGL.GameScene] [JavaFX Application Thread] Resetting game scene
29 Mar 2016, 21:21:38.061 [  FINER] [      FXGL.GameWorld] [JavaFX Application Thread] Resetting game world
29 Mar 2016, 21:21:38.062 [  FINER] [    FXGL.Application] [JavaFX Application Thread] State: PAUSED -> LOADING
29 Mar 2016, 21:21:38.074 [  FINER] [    FXGL.Application] [JavaFX Application Thread] Starting FXGL Init Thread
29 Mar 2016, 21:21:38.075 [  FINER] [    FXGL.Application] [FXGL Init Thread] Initializing Assets
29 Mar 2016, 21:21:38.118 [  FINER] [    FXGL.AssetLoader] [FXGL Init Thread] Loading from disk: /assets/textures/enemy.png
29 Mar 2016, 21:21:38.130 [  FINER] [    FXGL.AssetLoader] [FXGL Init Thread] Loading from disk: /assets/textures/enemyReduced.png
29 Mar 2016, 21:21:38.131 [  FINER] [    FXGL.AssetLoader] [FXGL Init Thread] Loading from disk: /assets/textures/enemyReduced1.png
29 Mar 2016, 21:21:38.133 [  FINER] [    FXGL.AssetLoader] [FXGL Init Thread] Loading from disk: /assets/textures/enemyReduced2.png
29 Mar 2016, 21:21:38.135 [  FINER] [    FXGL.AssetLoader] [FXGL Init Thread] Loading from disk: /assets/textures/enemyReduced3.png
29 Mar 2016, 21:21:38.137 [  FINER] [    FXGL.AssetLoader] [FXGL Init Thread] Loading from disk: /assets/textures/life.png
29 Mar 2016, 21:21:38.139 [  FINER] [    FXGL.AssetLoader] [FXGL Init Thread] Loading from disk: /assets/textures/spaceship.png
29 Mar 2016, 21:21:38.142 [  FINER] [    FXGL.AssetLoader] [FXGL Init Thread] Loading from disk: /assets/textures/spaceshipReduced.png
29 Mar 2016, 21:21:38.144 [  FINER] [    FXGL.AssetLoader] [FXGL Init Thread] Loading from disk: /assets/textures/text.png
29 Mar 2016, 21:21:38.166 [  FINER] [    FXGL.AssetLoader] [FXGL Init Thread] Loading from disk: /assets/textures/wall.png
29 Mar 2016, 21:21:38.221 [  FINER] [    FXGL.AssetLoader] [FXGL Init Thread] Loading from cache: /assets/sounds/menu/select.wav
29 Mar 2016, 21:21:38.221 [  FINER] [    FXGL.AssetLoader] [FXGL Init Thread] Loading from cache: /assets/sounds/menu/press.wav
29 Mar 2016, 21:21:38.221 [  FINER] [    FXGL.AssetLoader] [FXGL Init Thread] Loading from cache: /assets/sounds/menu/back.wav
29 Mar 2016, 21:21:38.221 [  FINER] [    FXGL.AssetLoader] [FXGL Init Thread] Loading from cache: /assets/sounds/system/notification.wav
29 Mar 2016, 21:21:38.224 [  FINER] [    FXGL.AssetLoader] [FXGL Init Thread] Loading from disk: /assets/music/bgm.mp3
29 Mar 2016, 21:21:38.311 [  FINER] [    FXGL.AssetLoader] [FXGL Init Thread] Loading from cache: /assets/ui/fonts/Copperplate_Gothic_Light_Regular.ttf
29 Mar 2016, 21:21:38.344 [  FINER] [    FXGL.Application] [FXGL Init Thread] Initializing Game
29 Mar 2016, 21:21:38.366 [  FINER] [    FXGL.AssetLoader] [FXGL Init Thread] Loading from cache: /assets/textures/enemyReduced3.png
29 Mar 2016, 21:21:38.373 [  FINER] [    FXGL.AssetLoader] [FXGL Init Thread] Loading from cache: /assets/textures/enemyReduced3.png
29 Mar 2016, 21:21:38.375 [  FINER] [    FXGL.AssetLoader] [FXGL Init Thread] Loading from cache: /assets/textures/enemyReduced3.png
29 Mar 2016, 21:21:38.376 [  FINER] [    FXGL.AssetLoader] [FXGL Init Thread] Loading from cache: /assets/textures/enemyReduced3.png
29 Mar 2016, 21:21:38.377 [  FINER] [    FXGL.AssetLoader] [FXGL Init Thread] Loading from cache: /assets/textures/enemyReduced2.png
29 Mar 2016, 21:21:38.378 [  FINER] [    FXGL.AssetLoader] [FXGL Init Thread] Loading from cache: /assets/textures/enemyReduced3.png
29 Mar 2016, 21:21:38.379 [  FINER] [    FXGL.AssetLoader] [FXGL Init Thread] Loading from cache: /assets/textures/enemyReduced2.png
29 Mar 2016, 21:21:38.380 [  FINER] [    FXGL.AssetLoader] [FXGL Init Thread] Loading from cache: /assets/textures/enemyReduced2.png
29 Mar 2016, 21:21:38.382 [  FINER] [    FXGL.AssetLoader] [FXGL Init Thread] Loading from cache: /assets/textures/enemyReduced2.png
29 Mar 2016, 21:21:38.383 [  FINER] [    FXGL.AssetLoader] [FXGL Init Thread] Loading from cache: /assets/textures/enemyReduced3.png
29 Mar 2016, 21:21:38.385 [  FINER] [    FXGL.AssetLoader] [FXGL Init Thread] Loading from cache: /assets/textures/enemyReduced2.png
29 Mar 2016, 21:21:38.386 [  FINER] [    FXGL.AssetLoader] [FXGL Init Thread] Loading from cache: /assets/textures/enemyReduced3.png
29 Mar 2016, 21:21:38.387 [  FINER] [    FXGL.AssetLoader] [FXGL Init Thread] Loading from cache: /assets/textures/enemyReduced1.png
29 Mar 2016, 21:21:38.388 [  FINER] [    FXGL.AssetLoader] [FXGL Init Thread] Loading from cache: /assets/textures/enemyReduced3.png
29 Mar 2016, 21:21:38.389 [  FINER] [    FXGL.AssetLoader] [FXGL Init Thread] Loading from cache: /assets/textures/enemyReduced3.png
29 Mar 2016, 21:21:38.390 [  FINER] [    FXGL.AssetLoader] [FXGL Init Thread] Loading from cache: /assets/textures/enemyReduced3.png
29 Mar 2016, 21:21:38.391 [  FINER] [    FXGL.AssetLoader] [FXGL Init Thread] Loading from cache: /assets/textures/enemyReduced1.png
29 Mar 2016, 21:21:38.392 [  FINER] [    FXGL.AssetLoader] [FXGL Init Thread] Loading from cache: /assets/textures/enemyReduced2.png
29 Mar 2016, 21:21:38.393 [  FINER] [    FXGL.AssetLoader] [FXGL Init Thread] Loading from cache: /assets/textures/enemyReduced3.png
29 Mar 2016, 21:21:38.394 [  FINER] [    FXGL.AssetLoader] [FXGL Init Thread] Loading from cache: /assets/textures/enemyReduced3.png
29 Mar 2016, 21:21:38.395 [  FINER] [    FXGL.AssetLoader] [FXGL Init Thread] Loading from cache: /assets/textures/enemyReduced1.png
29 Mar 2016, 21:21:38.395 [  FINER] [    FXGL.AssetLoader] [FXGL Init Thread] Loading from cache: /assets/textures/enemyReduced2.png
29 Mar 2016, 21:21:38.396 [  FINER] [    FXGL.AssetLoader] [FXGL Init Thread] Loading from cache: /assets/textures/enemyReduced2.png
29 Mar 2016, 21:21:38.396 [  FINER] [    FXGL.AssetLoader] [FXGL Init Thread] Loading from cache: /assets/textures/enemyReduced3.png
29 Mar 2016, 21:21:38.397 [  FINER] [    FXGL.AssetLoader] [FXGL Init Thread] Loading from cache: /assets/textures/enemyReduced3.png
29 Mar 2016, 21:21:38.397 [  FINER] [    FXGL.AssetLoader] [FXGL Init Thread] Loading from cache: /assets/textures/enemyReduced1.png
29 Mar 2016, 21:21:38.398 [  FINER] [    FXGL.AssetLoader] [FXGL Init Thread] Loading from cache: /assets/textures/enemyReduced2.png
29 Mar 2016, 21:21:38.399 [  FINER] [    FXGL.AssetLoader] [FXGL Init Thread] Loading from cache: /assets/textures/enemyReduced2.png
29 Mar 2016, 21:21:38.399 [  FINER] [    FXGL.AssetLoader] [FXGL Init Thread] Loading from cache: /assets/textures/enemyReduced1.png
29 Mar 2016, 21:21:38.400 [  FINER] [    FXGL.AssetLoader] [FXGL Init Thread] Loading from cache: /assets/textures/enemyReduced3.png
29 Mar 2016, 21:21:38.400 [  FINER] [    FXGL.AssetLoader] [FXGL Init Thread] Loading from cache: /assets/textures/enemyReduced3.png
29 Mar 2016, 21:21:38.401 [  FINER] [    FXGL.AssetLoader] [FXGL Init Thread] Loading from cache: /assets/textures/enemyReduced3.png
29 Mar 2016, 21:21:38.402 [  FINER] [    FXGL.AssetLoader] [FXGL Init Thread] Loading from cache: /assets/textures/enemyReduced1.png
29 Mar 2016, 21:21:38.403 [  FINER] [    FXGL.AssetLoader] [FXGL Init Thread] Loading from cache: /assets/textures/enemyReduced2.png
29 Mar 2016, 21:21:38.403 [  FINER] [    FXGL.AssetLoader] [FXGL Init Thread] Loading from cache: /assets/textures/enemyReduced1.png
29 Mar 2016, 21:21:38.404 [  FINER] [    FXGL.AssetLoader] [FXGL Init Thread] Loading from cache: /assets/textures/enemyReduced2.png
29 Mar 2016, 21:21:38.405 [  FINER] [    FXGL.AssetLoader] [FXGL Init Thread] Loading from cache: /assets/textures/enemyReduced3.png
29 Mar 2016, 21:21:38.406 [  FINER] [    FXGL.AssetLoader] [FXGL Init Thread] Loading from cache: /assets/textures/enemyReduced2.png
29 Mar 2016, 21:21:38.406 [  FINER] [    FXGL.AssetLoader] [FXGL Init Thread] Loading from cache: /assets/textures/enemyReduced2.png
29 Mar 2016, 21:21:38.407 [  FINER] [    FXGL.AssetLoader] [FXGL Init Thread] Loading from cache: /assets/textures/enemyReduced2.png
29 Mar 2016, 21:21:38.407 [  FINER] [    FXGL.AssetLoader] [FXGL Init Thread] Loading from cache: /assets/textures/wall.png
29 Mar 2016, 21:21:38.408 [  FINER] [    FXGL.AssetLoader] [FXGL Init Thread] Loading from cache: /assets/textures/wall.png
29 Mar 2016, 21:21:38.408 [  FINER] [    FXGL.AssetLoader] [FXGL Init Thread] Loading from cache: /assets/textures/wall.png
29 Mar 2016, 21:21:38.409 [  FINER] [    FXGL.AssetLoader] [FXGL Init Thread] Loading from cache: /assets/textures/wall.png
29 Mar 2016, 21:21:38.409 [  FINER] [    FXGL.AssetLoader] [FXGL Init Thread] Loading from cache: /assets/textures/spaceshipReduced.png
29 Mar 2016, 21:21:38.411 [  FINER] [    FXGL.Application] [FXGL Init Thread] Initializing Physics
29 Mar 2016, 21:21:38.412 [  FINER] [    FXGL.Application] [FXGL Init Thread] Initializing UI
29 Mar 2016, 21:21:38.414 [  FINER] [    FXGL.Application] [FXGL Init Thread] Initialization Complete
29 Mar 2016, 21:21:38.415 [  FINER] [       FXGL.EventBus] [JavaFX Application Thread] Firing event: FXGLEvent[type=INIT_APP_COMPLETE]
29 Mar 2016, 21:21:38.415 [  FINER] [    FXGL.Application] [JavaFX Application Thread] Resuming main loop
29 Mar 2016, 21:21:38.416 [  FINER] [       FXGL.EventBus] [JavaFX Application Thread] Firing event: FXGLEvent[type=RESUME]
29 Mar 2016, 21:21:38.416 [  FINER] [          FXGL.Input] [JavaFX Application Thread] Clearing active input actions
29 Mar 2016, 21:21:38.416 [  FINER] [    FXGL.MasterTimer] [JavaFX Application Thread] Starting master timer
29 Mar 2016, 21:21:38.416 [  FINER] [    FXGL.Application] [JavaFX Application Thread] State: LOADING -> PLAYING
29 Mar 2016, 21:21:38.424 [  FINER] [       FXGL.EventBus] [JavaFX Application Thread] Firing event: WorldEvent[type=ENTITY_ADDED]
29 Mar 2016, 21:21:38.424 [  FINER] [      FXGL.GameScene] [JavaFX Application Thread] Entity added to scene
29 Mar 2016, 21:21:38.425 [  FINER] [      FXGL.GameScene] [JavaFX Application Thread] Added MainViewComponent
29 Mar 2016, 21:21:38.426 [  FINER] [      FXGL.GameScene] [JavaFX Application Thread] Creating render group for layer: TOP(2147483647)
29 Mar 2016, 21:21:38.429 [  FINER] [       FXGL.EventBus] [JavaFX Application Thread] Firing event: WorldEvent[type=ENTITY_ADDED]
29 Mar 2016, 21:21:38.429 [  FINER] [      FXGL.GameScene] [JavaFX Application Thread] Entity added to scene
29 Mar 2016, 21:21:38.429 [  FINER] [      FXGL.GameScene] [JavaFX Application Thread] Added MainViewComponent
29 Mar 2016, 21:21:38.430 [  FINER] [       FXGL.EventBus] [JavaFX Application Thread] Firing event: WorldEvent[type=ENTITY_ADDED]
29 Mar 2016, 21:21:38.430 [  FINER] [      FXGL.GameScene] [JavaFX Application Thread] Entity added to scene
29 Mar 2016, 21:21:38.430 [  FINER] [      FXGL.GameScene] [JavaFX Application Thread] Added MainViewComponent
29 Mar 2016, 21:21:38.430 [  FINER] [       FXGL.EventBus] [JavaFX Application Thread] Firing event: WorldEvent[type=ENTITY_ADDED]
29 Mar 2016, 21:21:38.431 [  FINER] [      FXGL.GameScene] [JavaFX Application Thread] Entity added to scene
29 Mar 2016, 21:21:38.431 [  FINER] [      FXGL.GameScene] [JavaFX Application Thread] Added MainViewComponent
29 Mar 2016, 21:21:38.431 [  FINER] [       FXGL.EventBus] [JavaFX Application Thread] Firing event: WorldEvent[type=ENTITY_ADDED]
29 Mar 2016, 21:21:38.431 [  FINER] [      FXGL.GameScene] [JavaFX Application Thread] Entity added to scene
29 Mar 2016, 21:21:38.431 [  FINER] [      FXGL.GameScene] [JavaFX Application Thread] Added MainViewComponent
29 Mar 2016, 21:21:38.432 [  FINER] [       FXGL.EventBus] [JavaFX Application Thread] Firing event: WorldEvent[type=ENTITY_ADDED]
29 Mar 2016, 21:21:38.432 [  FINER] [      FXGL.GameScene] [JavaFX Application Thread] Entity added to scene
29 Mar 2016, 21:21:38.432 [  FINER] [      FXGL.GameScene] [JavaFX Application Thread] Added MainViewComponent
29 Mar 2016, 21:21:38.432 [  FINER] [       FXGL.EventBus] [JavaFX Application Thread] Firing event: WorldEvent[type=ENTITY_ADDED]
29 Mar 2016, 21:21:38.432 [  FINER] [      FXGL.GameScene] [JavaFX Application Thread] Entity added to scene
29 Mar 2016, 21:21:38.432 [  FINER] [      FXGL.GameScene] [JavaFX Application Thread] Added MainViewComponent
29 Mar 2016, 21:21:38.433 [  FINER] [       FXGL.EventBus] [JavaFX Application Thread] Firing event: WorldEvent[type=ENTITY_ADDED]
29 Mar 2016, 21:21:38.433 [  FINER] [      FXGL.GameScene] [JavaFX Application Thread] Entity added to scene
29 Mar 2016, 21:21:38.433 [  FINER] [      FXGL.GameScene] [JavaFX Application Thread] Added MainViewComponent
29 Mar 2016, 21:21:38.433 [  FINER] [       FXGL.EventBus] [JavaFX Application Thread] Firing event: WorldEvent[type=ENTITY_ADDED]
29 Mar 2016, 21:21:38.433 [  FINER] [      FXGL.GameScene] [JavaFX Application Thread] Entity added to scene
29 Mar 2016, 21:21:38.434 [  FINER] [      FXGL.GameScene] [JavaFX Application Thread] Added MainViewComponent
29 Mar 2016, 21:21:38.434 [  FINER] [       FXGL.EventBus] [JavaFX Application Thread] Firing event: WorldEvent[type=ENTITY_ADDED]
29 Mar 2016, 21:21:38.434 [  FINER] [      FXGL.GameScene] [JavaFX Application Thread] Entity added to scene
29 Mar 2016, 21:21:38.434 [  FINER] [      FXGL.GameScene] [JavaFX Application Thread] Added MainViewComponent
29 Mar 2016, 21:21:38.434 [  FINER] [       FXGL.EventBus] [JavaFX Application Thread] Firing event: WorldEvent[type=ENTITY_ADDED]
29 Mar 2016, 21:21:38.434 [  FINER] [      FXGL.GameScene] [JavaFX Application Thread] Entity added to scene
29 Mar 2016, 21:21:38.434 [  FINER] [      FXGL.GameScene] [JavaFX Application Thread] Added MainViewComponent
29 Mar 2016, 21:21:38.435 [  FINER] [       FXGL.EventBus] [JavaFX Application Thread] Firing event: WorldEvent[type=ENTITY_ADDED]
29 Mar 2016, 21:21:38.435 [  FINER] [      FXGL.GameScene] [JavaFX Application Thread] Entity added to scene
29 Mar 2016, 21:21:38.435 [  FINER] [      FXGL.GameScene] [JavaFX Application Thread] Added MainViewComponent
29 Mar 2016, 21:21:38.435 [  FINER] [       FXGL.EventBus] [JavaFX Application Thread] Firing event: WorldEvent[type=ENTITY_ADDED]
29 Mar 2016, 21:21:38.436 [  FINER] [      FXGL.GameScene] [JavaFX Application Thread] Entity added to scene
29 Mar 2016, 21:21:38.436 [  FINER] [      FXGL.GameScene] [JavaFX Application Thread] Added MainViewComponent
29 Mar 2016, 21:21:38.436 [  FINER] [       FXGL.EventBus] [JavaFX Application Thread] Firing event: WorldEvent[type=ENTITY_ADDED]
29 Mar 2016, 21:21:38.437 [  FINER] [      FXGL.GameScene] [JavaFX Application Thread] Entity added to scene
29 Mar 2016, 21:21:38.437 [  FINER] [      FXGL.GameScene] [JavaFX Application Thread] Added MainViewComponent
29 Mar 2016, 21:21:38.437 [  FINER] [       FXGL.EventBus] [JavaFX Application Thread] Firing event: WorldEvent[type=ENTITY_ADDED]
29 Mar 2016, 21:21:38.438 [  FINER] [      FXGL.GameScene] [JavaFX Application Thread] Entity added to scene
29 Mar 2016, 21:21:38.438 [  FINER] [      FXGL.GameScene] [JavaFX Application Thread] Added MainViewComponent
29 Mar 2016, 21:21:38.438 [  FINER] [       FXGL.EventBus] [JavaFX Application Thread] Firing event: WorldEvent[type=ENTITY_ADDED]
29 Mar 2016, 21:21:38.439 [  FINER] [      FXGL.GameScene] [JavaFX Application Thread] Entity added to scene
29 Mar 2016, 21:21:38.439 [  FINER] [      FXGL.GameScene] [JavaFX Application Thread] Added MainViewComponent
29 Mar 2016, 21:21:38.439 [  FINER] [       FXGL.EventBus] [JavaFX Application Thread] Firing event: WorldEvent[type=ENTITY_ADDED]
29 Mar 2016, 21:21:38.439 [  FINER] [      FXGL.GameScene] [JavaFX Application Thread] Entity added to scene
29 Mar 2016, 21:21:38.439 [  FINER] [      FXGL.GameScene] [JavaFX Application Thread] Added MainViewComponent
29 Mar 2016, 21:21:38.440 [  FINER] [       FXGL.EventBus] [JavaFX Application Thread] Firing event: WorldEvent[type=ENTITY_ADDED]
29 Mar 2016, 21:21:38.440 [  FINER] [      FXGL.GameScene] [JavaFX Application Thread] Entity added to scene
29 Mar 2016, 21:21:38.440 [  FINER] [      FXGL.GameScene] [JavaFX Application Thread] Added MainViewComponent
29 Mar 2016, 21:21:38.441 [  FINER] [       FXGL.EventBus] [JavaFX Application Thread] Firing event: WorldEvent[type=ENTITY_ADDED]
29 Mar 2016, 21:21:38.441 [  FINER] [      FXGL.GameScene] [JavaFX Application Thread] Entity added to scene
29 Mar 2016, 21:21:38.441 [  FINER] [      FXGL.GameScene] [JavaFX Application Thread] Added MainViewComponent
29 Mar 2016, 21:21:38.442 [  FINER] [       FXGL.EventBus] [JavaFX Application Thread] Firing event: WorldEvent[type=ENTITY_ADDED]
29 Mar 2016, 21:21:38.442 [  FINER] [      FXGL.GameScene] [JavaFX Application Thread] Entity added to scene
29 Mar 2016, 21:21:38.442 [  FINER] [      FXGL.GameScene] [JavaFX Application Thread] Added MainViewComponent
29 Mar 2016, 21:21:38.442 [  FINER] [       FXGL.EventBus] [JavaFX Application Thread] Firing event: WorldEvent[type=ENTITY_ADDED]
29 Mar 2016, 21:21:38.443 [  FINER] [      FXGL.GameScene] [JavaFX Application Thread] Entity added to scene
29 Mar 2016, 21:21:38.443 [  FINER] [      FXGL.GameScene] [JavaFX Application Thread] Added MainViewComponent
29 Mar 2016, 21:21:38.443 [  FINER] [       FXGL.EventBus] [JavaFX Application Thread] Firing event: WorldEvent[type=ENTITY_ADDED]
29 Mar 2016, 21:21:38.444 [  FINER] [      FXGL.GameScene] [JavaFX Application Thread] Entity added to scene
29 Mar 2016, 21:21:38.444 [  FINER] [      FXGL.GameScene] [JavaFX Application Thread] Added MainViewComponent
29 Mar 2016, 21:21:38.444 [  FINER] [       FXGL.EventBus] [JavaFX Application Thread] Firing event: WorldEvent[type=ENTITY_ADDED]
29 Mar 2016, 21:21:38.444 [  FINER] [      FXGL.GameScene] [JavaFX Application Thread] Entity added to scene
29 Mar 2016, 21:21:38.444 [  FINER] [      FXGL.GameScene] [JavaFX Application Thread] Added MainViewComponent
29 Mar 2016, 21:21:38.445 [  FINER] [       FXGL.EventBus] [JavaFX Application Thread] Firing event: WorldEvent[type=ENTITY_ADDED]
29 Mar 2016, 21:21:38.445 [  FINER] [      FXGL.GameScene] [JavaFX Application Thread] Entity added to scene
29 Mar 2016, 21:21:38.445 [  FINER] [      FXGL.GameScene] [JavaFX Application Thread] Added MainViewComponent
29 Mar 2016, 21:21:38.446 [  FINER] [       FXGL.EventBus] [JavaFX Application Thread] Firing event: WorldEvent[type=ENTITY_ADDED]
29 Mar 2016, 21:21:38.446 [  FINER] [      FXGL.GameScene] [JavaFX Application Thread] Entity added to scene
29 Mar 2016, 21:21:38.446 [  FINER] [      FXGL.GameScene] [JavaFX Application Thread] Added MainViewComponent
29 Mar 2016, 21:21:38.446 [  FINER] [       FXGL.EventBus] [JavaFX Application Thread] Firing event: WorldEvent[type=ENTITY_ADDED]
29 Mar 2016, 21:21:38.447 [  FINER] [      FXGL.GameScene] [JavaFX Application Thread] Entity added to scene
29 Mar 2016, 21:21:38.447 [  FINER] [      FXGL.GameScene] [JavaFX Application Thread] Added MainViewComponent
29 Mar 2016, 21:21:38.447 [  FINER] [       FXGL.EventBus] [JavaFX Application Thread] Firing event: WorldEvent[type=ENTITY_ADDED]
29 Mar 2016, 21:21:38.447 [  FINER] [      FXGL.GameScene] [JavaFX Application Thread] Entity added to scene
29 Mar 2016, 21:21:38.447 [  FINER] [      FXGL.GameScene] [JavaFX Application Thread] Added MainViewComponent
29 Mar 2016, 21:21:38.448 [  FINER] [       FXGL.EventBus] [JavaFX Application Thread] Firing event: WorldEvent[type=ENTITY_ADDED]
29 Mar 2016, 21:21:38.448 [  FINER] [      FXGL.GameScene] [JavaFX Application Thread] Entity added to scene
29 Mar 2016, 21:21:38.448 [  FINER] [      FXGL.GameScene] [JavaFX Application Thread] Added MainViewComponent
29 Mar 2016, 21:21:38.448 [  FINER] [       FXGL.EventBus] [JavaFX Application Thread] Firing event: WorldEvent[type=ENTITY_ADDED]
29 Mar 2016, 21:21:38.449 [  FINER] [      FXGL.GameScene] [JavaFX Application Thread] Entity added to scene
29 Mar 2016, 21:21:38.449 [  FINER] [      FXGL.GameScene] [JavaFX Application Thread] Added MainViewComponent
29 Mar 2016, 21:21:38.449 [  FINER] [       FXGL.EventBus] [JavaFX Application Thread] Firing event: WorldEvent[type=ENTITY_ADDED]
29 Mar 2016, 21:21:38.449 [  FINER] [      FXGL.GameScene] [JavaFX Application Thread] Entity added to scene
29 Mar 2016, 21:21:38.449 [  FINER] [      FXGL.GameScene] [JavaFX Application Thread] Added MainViewComponent
29 Mar 2016, 21:21:38.450 [  FINER] [       FXGL.EventBus] [JavaFX Application Thread] Firing event: WorldEvent[type=ENTITY_ADDED]
29 Mar 2016, 21:21:38.450 [  FINER] [      FXGL.GameScene] [JavaFX Application Thread] Entity added to scene
29 Mar 2016, 21:21:38.450 [  FINER] [      FXGL.GameScene] [JavaFX Application Thread] Added MainViewComponent
29 Mar 2016, 21:21:38.451 [  FINER] [       FXGL.EventBus] [JavaFX Application Thread] Firing event: WorldEvent[type=ENTITY_ADDED]
29 Mar 2016, 21:21:38.451 [  FINER] [      FXGL.GameScene] [JavaFX Application Thread] Entity added to scene
29 Mar 2016, 21:21:38.451 [  FINER] [      FXGL.GameScene] [JavaFX Application Thread] Added MainViewComponent
29 Mar 2016, 21:21:38.451 [  FINER] [       FXGL.EventBus] [JavaFX Application Thread] Firing event: WorldEvent[type=ENTITY_ADDED]
29 Mar 2016, 21:21:38.451 [  FINER] [      FXGL.GameScene] [JavaFX Application Thread] Entity added to scene
29 Mar 2016, 21:21:38.452 [  FINER] [      FXGL.GameScene] [JavaFX Application Thread] Added MainViewComponent
29 Mar 2016, 21:21:38.452 [  FINER] [       FXGL.EventBus] [JavaFX Application Thread] Firing event: WorldEvent[type=ENTITY_ADDED]
29 Mar 2016, 21:21:38.453 [  FINER] [      FXGL.GameScene] [JavaFX Application Thread] Entity added to scene
29 Mar 2016, 21:21:38.453 [  FINER] [      FXGL.GameScene] [JavaFX Application Thread] Added MainViewComponent
29 Mar 2016, 21:21:38.453 [  FINER] [       FXGL.EventBus] [JavaFX Application Thread] Firing event: WorldEvent[type=ENTITY_ADDED]
29 Mar 2016, 21:21:38.454 [  FINER] [      FXGL.GameScene] [JavaFX Application Thread] Entity added to scene
29 Mar 2016, 21:21:38.454 [  FINER] [      FXGL.GameScene] [JavaFX Application Thread] Added MainViewComponent
29 Mar 2016, 21:21:38.454 [  FINER] [       FXGL.EventBus] [JavaFX Application Thread] Firing event: WorldEvent[type=ENTITY_ADDED]
29 Mar 2016, 21:21:38.455 [  FINER] [      FXGL.GameScene] [JavaFX Application Thread] Entity added to scene
29 Mar 2016, 21:21:38.455 [  FINER] [      FXGL.GameScene] [JavaFX Application Thread] Added MainViewComponent
29 Mar 2016, 21:21:38.455 [  FINER] [       FXGL.EventBus] [JavaFX Application Thread] Firing event: WorldEvent[type=ENTITY_ADDED]
29 Mar 2016, 21:21:38.456 [  FINER] [      FXGL.GameScene] [JavaFX Application Thread] Entity added to scene
29 Mar 2016, 21:21:38.456 [  FINER] [      FXGL.GameScene] [JavaFX Application Thread] Added MainViewComponent
29 Mar 2016, 21:21:38.456 [  FINER] [       FXGL.EventBus] [JavaFX Application Thread] Firing event: WorldEvent[type=ENTITY_ADDED]
29 Mar 2016, 21:21:38.457 [  FINER] [      FXGL.GameScene] [JavaFX Application Thread] Entity added to scene
29 Mar 2016, 21:21:38.457 [  FINER] [      FXGL.GameScene] [JavaFX Application Thread] Added MainViewComponent
29 Mar 2016, 21:21:38.457 [  FINER] [       FXGL.EventBus] [JavaFX Application Thread] Firing event: WorldEvent[type=ENTITY_ADDED]
29 Mar 2016, 21:21:38.457 [  FINER] [      FXGL.GameScene] [JavaFX Application Thread] Entity added to scene
29 Mar 2016, 21:21:38.458 [  FINER] [      FXGL.GameScene] [JavaFX Application Thread] Added MainViewComponent
29 Mar 2016, 21:21:38.458 [  FINER] [       FXGL.EventBus] [JavaFX Application Thread] Firing event: WorldEvent[type=ENTITY_ADDED]
29 Mar 2016, 21:21:38.458 [  FINER] [      FXGL.GameScene] [JavaFX Application Thread] Entity added to scene
29 Mar 2016, 21:21:38.458 [  FINER] [      FXGL.GameScene] [JavaFX Application Thread] Added MainViewComponent
29 Mar 2016, 21:21:38.459 [  FINER] [       FXGL.EventBus] [JavaFX Application Thread] Firing event: WorldEvent[type=ENTITY_ADDED]
29 Mar 2016, 21:21:38.459 [  FINER] [      FXGL.GameScene] [JavaFX Application Thread] Entity added to scene
29 Mar 2016, 21:21:38.459 [  FINER] [      FXGL.GameScene] [JavaFX Application Thread] Added MainViewComponent
29 Mar 2016, 21:21:38.460 [  FINER] [       FXGL.EventBus] [JavaFX Application Thread] Firing event: WorldEvent[type=ENTITY_ADDED]
29 Mar 2016, 21:21:38.460 [  FINER] [      FXGL.GameScene] [JavaFX Application Thread] Entity added to scene
29 Mar 2016, 21:21:38.460 [  FINER] [      FXGL.GameScene] [JavaFX Application Thread] Added MainViewComponent
29 Mar 2016, 21:21:38.461 [  FINER] [       FXGL.EventBus] [JavaFX Application Thread] Firing event: WorldEvent[type=ENTITY_ADDED]
29 Mar 2016, 21:21:38.461 [  FINER] [      FXGL.GameScene] [JavaFX Application Thread] Entity added to scene
29 Mar 2016, 21:21:38.461 [  FINER] [      FXGL.GameScene] [JavaFX Application Thread] Added MainViewComponent
29 Mar 2016, 21:21:38.462 [  FINER] [       FXGL.EventBus] [JavaFX Application Thread] Firing event: WorldEvent[type=ENTITY_ADDED]
29 Mar 2016, 21:21:38.463 [  FINER] [      FXGL.GameScene] [JavaFX Application Thread] Entity added to scene
29 Mar 2016, 21:21:38.463 [  FINER] [      FXGL.GameScene] [JavaFX Application Thread] Added MainViewComponent
29 Mar 2016, 21:21:38.463 [  FINER] [       FXGL.EventBus] [JavaFX Application Thread] Firing event: WorldEvent[type=ENTITY_ADDED]
29 Mar 2016, 21:21:38.464 [  FINER] [      FXGL.GameScene] [JavaFX Application Thread] Entity added to scene
29 Mar 2016, 21:21:38.464 [  FINER] [      FXGL.GameScene] [JavaFX Application Thread] Added MainViewComponent
29 Mar 2016, 21:26:47.298 [  FINER] [       FXGL.EventBus] [JavaFX Application Thread] Firing event: DisplayEvent[type=DIALOG_OPENED]
29 Mar 2016, 21:26:47.298 [  FINER] [    FXGL.Application] [JavaFX Application Thread] Pausing main loop
29 Mar 2016, 21:26:47.298 [  FINER] [       FXGL.EventBus] [JavaFX Application Thread] Firing event: FXGLEvent[type=PAUSE]
29 Mar 2016, 21:26:47.299 [  FINER] [          FXGL.Input] [JavaFX Application Thread] Clearing active input actions
29 Mar 2016, 21:26:47.299 [  FINER] [    FXGL.MasterTimer] [JavaFX Application Thread] Stopping master timer
29 Mar 2016, 21:26:47.299 [  FINER] [    FXGL.Application] [JavaFX Application Thread] State: PLAYING -> PAUSED
29 Mar 2016, 21:26:47.299 [  FINER] [          FXGL.Input] [JavaFX Application Thread] Clearing active input actions
29 Mar 2016, 21:26:48.870 [  FINER] [       FXGL.EventBus] [JavaFX Application Thread] Firing event: DisplayEvent[type=DIALOG_CLOSED]
29 Mar 2016, 21:26:48.870 [  FINER] [    FXGL.Application] [JavaFX Application Thread] Resuming main loop
29 Mar 2016, 21:26:48.870 [  FINER] [       FXGL.EventBus] [JavaFX Application Thread] Firing event: FXGLEvent[type=RESUME]
29 Mar 2016, 21:26:48.870 [  FINER] [          FXGL.Input] [JavaFX Application Thread] Clearing active input actions
29 Mar 2016, 21:26:48.870 [  FINER] [    FXGL.MasterTimer] [JavaFX Application Thread] Starting master timer
29 Mar 2016, 21:26:48.870 [  FINER] [    FXGL.Application] [JavaFX Application Thread] State: PAUSED -> PLAYING
29 Mar 2016, 21:26:48.871 [  FINER] [       FXGL.EventBus] [JavaFX Application Thread] Firing event: DisplayEvent[type=CLOSE_REQUEST]
29 Mar 2016, 21:26:48.871 [  FINER] [    FXGL.Application] [JavaFX Application Thread] Exiting Normally
29 Mar 2016, 21:26:48.871 [  FINER] [    FXGL.Application] [JavaFX Application Thread] Saving data to profile
29 Mar 2016, 21:26:48.871 [  FINER] [    FXGL.UserProfile] [JavaFX Application Thread] Logging bundle: game
29 Mar 2016, 21:26:48.871 [  FINER] [    FXGL.UserProfile] [JavaFX Application Thread] game.playtime=359603620240
29 Mar 2016, 21:26:48.871 [  FINER] [       FXGL.EventBus] [JavaFX Application Thread] Firing event: SaveEvent
29 Mar 2016, 21:26:48.871 [  FINER] [        FXGL.Display] [JavaFX Application Thread] Saving data to profile
29 Mar 2016, 21:26:48.871 [  FINER] [    FXGL.UserProfile] [JavaFX Application Thread] Logging bundle: scene
29 Mar 2016, 21:26:48.871 [  FINER] [    FXGL.UserProfile] [JavaFX Application Thread] scene.sizeW=480.0
29 Mar 2016, 21:26:48.871 [  FINER] [    FXGL.UserProfile] [JavaFX Application Thread] scene.sizeH=600.0
29 Mar 2016, 21:26:48.871 [  FINER] [          FXGL.Input] [JavaFX Application Thread] Saving data to profile
29 Mar 2016, 21:26:48.871 [  FINER] [    FXGL.UserProfile] [JavaFX Application Thread] Logging bundle: input
29 Mar 2016, 21:26:48.871 [  FINER] [    FXGL.UserProfile] [JavaFX Application Thread] input.Shoot=Space
29 Mar 2016, 21:26:48.872 [  FINER] [    FXGL.UserProfile] [JavaFX Application Thread] input.Move Right=D
29 Mar 2016, 21:26:48.872 [  FINER] [    FXGL.UserProfile] [JavaFX Application Thread] input.Move Left=A
29 Mar 2016, 21:26:48.872 [  FINER] [    FXGL.AudioPlayer] [JavaFX Application Thread] Saving data to profile
29 Mar 2016, 21:26:48.872 [  FINER] [    FXGL.UserProfile] [JavaFX Application Thread] Logging bundle: audio
29 Mar 2016, 21:26:48.872 [  FINER] [    FXGL.UserProfile] [JavaFX Application Thread] audio.musicVolume=0.5
29 Mar 2016, 21:26:48.872 [  FINER] [    FXGL.UserProfile] [JavaFX Application Thread] audio.soundVolume=0.5
29 Mar 2016, 21:26:48.872 [  FINER] [FXGL.AchievementMana] [JavaFX Application Thread] Saving data to profile
29 Mar 2016, 21:26:48.872 [  FINER] [    FXGL.UserProfile] [JavaFX Application Thread] Logging bundle: achievement
29 Mar 2016, 21:26:48.872 [  FINER] [FXGL.SaveLoadManager] [JavaFX Application Thread] Saving profile: Jimmy
29 Mar 2016, 21:26:48.879 [  FINER] [       FXGL.EventBus] [JavaFX Application Thread] Firing event: FXGLEvent[type=EXIT]
29 Mar 2016, 21:26:48.879 [  FINER] [         FXGL.Logger] [JavaFX Application Thread] Logger is closing
