29 Mar 2016, 13:01:18.337 [   INFO] [         FXGL.Logger] [JavaFX Application Thread] Logger initialized with level: CONFIG
29 Mar 2016, 13:01:18.340 [  FINER] [         FXGL.Logger] [JavaFX Application Thread] CPU cores: 4
29 Mar 2016, 13:01:18.342 [  FINER] [         FXGL.Logger] [JavaFX Application Thread] Free Memory: 107MB
29 Mar 2016, 13:01:18.342 [  FINER] [         FXGL.Logger] [JavaFX Application Thread] Max Memory: 1755MB
29 Mar 2016, 13:01:18.343 [  FINER] [         FXGL.Logger] [JavaFX Application Thread] Total Memory: 119MB
29 Mar 2016, 13:01:18.343 [  FINER] [         FXGL.Logger] [JavaFX Application Thread] System Properties:
29 Mar 2016, 13:01:18.344 [  FINER] [         FXGL.Logger] [JavaFX Application Thread] sun.cpu.isalist=amd64
29 Mar 2016, 13:01:18.344 [  FINER] [         FXGL.Logger] [JavaFX Application Thread] sun.desktop=windows
29 Mar 2016, 13:01:18.344 [  FINER] [         FXGL.Logger] [JavaFX Application Thread] sun.io.unicode.encoding=UnicodeLittle
29 Mar 2016, 13:01:18.345 [  FINER] [         FXGL.Logger] [JavaFX Application Thread] sun.cpu.endian=little
29 Mar 2016, 13:01:18.345 [  FINER] [         FXGL.Logger] [JavaFX Application Thread] java.vendor.url.bug=http://bugreport.sun.com/bugreport/
29 Mar 2016, 13:01:18.345 [  FINER] [         FXGL.Logger] [JavaFX Application Thread] file.separator=\
29 Mar 2016, 13:01:18.345 [  FINER] [         FXGL.Logger] [JavaFX Application Thread] java.vendor=Oracle Corporation
29 Mar 2016, 13:01:18.346 [  FINER] [         FXGL.Logger] [JavaFX Application Thread] sun.boot.class.path=C:\Program Files\Java\jre1.8.0_73\lib\resources.jar;C:\Program Files\Java\jre1.8.0_73\lib\rt.jar;C:\Program Files\Java\jre1.8.0_73\lib\sunrsasign.jar;C:\Program Files\Java\jre1.8.0_73\lib\jsse.jar;C:\Program Files\Java\jre1.8.0_73\lib\jce.jar;C:\Program Files\Java\jre1.8.0_73\lib\charsets.jar;C:\Program Files\Java\jre1.8.0_73\lib\jfr.jar;C:\Program Files\Java\jre1.8.0_73\classes
29 Mar 2016, 13:01:18.346 [  FINER] [         FXGL.Logger] [JavaFX Application Thread] java.ext.dirs=C:\Program Files\Java\jre1.8.0_73\lib\ext;C:\Windows\Sun\Java\lib\ext
29 Mar 2016, 13:01:18.346 [  FINER] [         FXGL.Logger] [JavaFX Application Thread] java.version=1.8.0_73
29 Mar 2016, 13:01:18.346 [  FINER] [         FXGL.Logger] [JavaFX Application Thread] java.vm.info=mixed mode
29 Mar 2016, 13:01:18.347 [  FINER] [         FXGL.Logger] [JavaFX Application Thread] awt.toolkit=sun.awt.windows.WToolkit
29 Mar 2016, 13:01:18.347 [  FINER] [         FXGL.Logger] [JavaFX Application Thread] user.language=en
29 Mar 2016, 13:01:18.347 [  FINER] [         FXGL.Logger] [JavaFX Application Thread] java.specification.vendor=Oracle Corporation
29 Mar 2016, 13:01:18.347 [  FINER] [         FXGL.Logger] [JavaFX Application Thread] sun.java.command=SpaceInvaders.SpaceInvadersApp
29 Mar 2016, 13:01:18.347 [  FINER] [         FXGL.Logger] [JavaFX Application Thread] java.home=C:\Program Files\Java\jre1.8.0_73
29 Mar 2016, 13:01:18.348 [  FINER] [         FXGL.Logger] [JavaFX Application Thread] sun.arch.data.model=64
29 Mar 2016, 13:01:18.348 [  FINER] [         FXGL.Logger] [JavaFX Application Thread] java.vm.specification.version=1.8
29 Mar 2016, 13:01:18.348 [  FINER] [         FXGL.Logger] [JavaFX Application Thread] java.class.path=D:\SpaceInvaders\target\classes;C:\Program Files\eclipse\plugins\org.junit_4.12.0.v201504281640\junit.jar;C:\Program Files\eclipse\plugins\org.hamcrest.core_1.3.0.v201303031735.jar;C:\Users\Anwar Saleeby\.m2\repository\com\github\AlmasB\FXGL\0.2.1-0.2.0-gba5970d-32\FXGL-0.2.1-0.2.0-gba5970d-32.jar;C:\Users\Anwar Saleeby\.m2\repository\com\google\inject\guice\4.0\guice-4.0.jar;C:\Users\Anwar Saleeby\.m2\repository\javax\inject\javax.inject\1\javax.inject-1.jar;C:\Users\Anwar Saleeby\.m2\repository\aopalliance\aopalliance\1.0\aopalliance-1.0.jar;C:\Users\Anwar Saleeby\.m2\repository\com\google\guava\guava\16.0.1\guava-16.0.1.jar;C:\Users\Anwar Saleeby\.m2\repository\org\jfxtras\jfxtras-window\8.0-r4\jfxtras-window-8.0-r4.jar;C:\Users\Anwar Saleeby\.m2\repository\org\jfxtras\jfxtras-common\8.0-r4\jfxtras-common-8.0-r4.jar;C:\Users\Anwar Saleeby\.m2\repository\com\github\AlmasB\FXEventBus\1.0\FXEventBus-1.0.jar;C:\Users\Anwar Saleeby\.m2\repository\com\github\AlmasB\Ents\1.0\Ents-1.0.jar;C:\Users\Anwar Saleeby\.m2\repository\org\apache\logging\log4j\log4j-api\2.5\log4j-api-2.5.jar;C:\Users\Anwar Saleeby\.m2\repository\org\apache\logging\log4j\log4j-core\2.5\log4j-core-2.5.jar;C:\Users\Anwar Saleeby\.m2\repository\com\github\AlmasB\AStar\1.0\AStar-1.0.jar
29 Mar 2016, 13:01:18.348 [  FINER] [         FXGL.Logger] [JavaFX Application Thread] user.name=Anwar Saleeby
29 Mar 2016, 13:01:18.348 [  FINER] [         FXGL.Logger] [JavaFX Application Thread] file.encoding=UTF-8
29 Mar 2016, 13:01:18.349 [  FINER] [         FXGL.Logger] [JavaFX Application Thread] java.specification.version=1.8
29 Mar 2016, 13:01:18.349 [  FINER] [         FXGL.Logger] [JavaFX Application Thread] java.awt.printerjob=sun.awt.windows.WPrinterJob
29 Mar 2016, 13:01:18.349 [  FINER] [         FXGL.Logger] [JavaFX Application Thread] user.timezone=America/New_York
29 Mar 2016, 13:01:18.349 [  FINER] [         FXGL.Logger] [JavaFX Application Thread] user.home=C:\Users\Anwar Saleeby
29 Mar 2016, 13:01:18.349 [  FINER] [         FXGL.Logger] [JavaFX Application Thread] os.version=10.0
29 Mar 2016, 13:01:18.350 [  FINER] [         FXGL.Logger] [JavaFX Application Thread] sun.management.compiler=HotSpot 64-Bit Tiered Compilers
29 Mar 2016, 13:01:18.350 [  FINER] [         FXGL.Logger] [JavaFX Application Thread] java.specification.name=Java Platform API Specification
29 Mar 2016, 13:01:18.350 [  FINER] [         FXGL.Logger] [JavaFX Application Thread] java.class.version=52.0
29 Mar 2016, 13:01:18.350 [  FINER] [         FXGL.Logger] [JavaFX Application Thread] java.library.path=C:\Program Files\Java\jre1.8.0_73\bin;C:\Windows\Sun\Java\bin;C:\Windows\system32;C:\Windows;C:/Program Files/Java/jre1.8.0_73/bin/server;C:/Program Files/Java/jre1.8.0_73/bin;C:/Program Files/Java/jre1.8.0_73/lib/amd64;C:\oraclexe\app\oracle\product\11.2.0\server\bin;C:\ProgramData\Oracle\Java\javapath;C:\Windows\system32;C:\Windows;C:\Windows\System32\Wbem;C:\Windows\System32\WindowsPowerShell\v1.0\;C:\Program Files\nodejs\;C:\Program Files\Git\cmd;C:\Users\Anwar Saleeby\AppData\Local\Programs\Python\Python35\Scripts\;C:\Users\Anwar Saleeby\AppData\Local\Programs\Python\Python35\;C:\Users\Anwar Saleeby\AppData\Roaming\npm;C:\Program Files\MongoDB\Server\3.2\bin;C:\Program Files\Git;C:\Program Files\eclipse;;.
29 Mar 2016, 13:01:18.350 [  FINER] [         FXGL.Logger] [JavaFX Application Thread] sun.jnu.encoding=Cp1252
29 Mar 2016, 13:01:18.351 [  FINER] [         FXGL.Logger] [JavaFX Application Thread] os.name=Windows 10
29 Mar 2016, 13:01:18.351 [  FINER] [         FXGL.Logger] [JavaFX Application Thread] user.variant=
29 Mar 2016, 13:01:18.351 [  FINER] [         FXGL.Logger] [JavaFX Application Thread] java.vm.specification.vendor=Oracle Corporation
29 Mar 2016, 13:01:18.351 [  FINER] [         FXGL.Logger] [JavaFX Application Thread] java.io.tmpdir=C:\Users\ANWARS~1\AppData\Local\Temp\
29 Mar 2016, 13:01:18.351 [  FINER] [         FXGL.Logger] [JavaFX Application Thread] line.separator=

29 Mar 2016, 13:01:18.352 [  FINER] [         FXGL.Logger] [JavaFX Application Thread] java.endorsed.dirs=C:\Program Files\Java\jre1.8.0_73\lib\endorsed
29 Mar 2016, 13:01:18.352 [  FINER] [         FXGL.Logger] [JavaFX Application Thread] os.arch=amd64
29 Mar 2016, 13:01:18.352 [  FINER] [         FXGL.Logger] [JavaFX Application Thread] javafx.runtime.version=8.0.71-b15
29 Mar 2016, 13:01:18.352 [  FINER] [         FXGL.Logger] [JavaFX Application Thread] java.awt.graphicsenv=sun.awt.Win32GraphicsEnvironment
29 Mar 2016, 13:01:18.352 [  FINER] [         FXGL.Logger] [JavaFX Application Thread] java.runtime.version=1.8.0_73-b02
29 Mar 2016, 13:01:18.352 [  FINER] [         FXGL.Logger] [JavaFX Application Thread] java.vm.specification.name=Java Virtual Machine Specification
29 Mar 2016, 13:01:18.353 [  FINER] [         FXGL.Logger] [JavaFX Application Thread] user.dir=D:\SpaceInvaders
29 Mar 2016, 13:01:18.353 [  FINER] [         FXGL.Logger] [JavaFX Application Thread] user.country=US
29 Mar 2016, 13:01:18.353 [  FINER] [         FXGL.Logger] [JavaFX Application Thread] user.script=
29 Mar 2016, 13:01:18.353 [  FINER] [         FXGL.Logger] [JavaFX Application Thread] sun.java.launcher=SUN_STANDARD
29 Mar 2016, 13:01:18.353 [  FINER] [         FXGL.Logger] [JavaFX Application Thread] sun.os.patch.level=
29 Mar 2016, 13:01:18.354 [  FINER] [         FXGL.Logger] [JavaFX Application Thread] java.vm.name=Java HotSpot(TM) 64-Bit Server VM
29 Mar 2016, 13:01:18.354 [  FINER] [         FXGL.Logger] [JavaFX Application Thread] file.encoding.pkg=sun.io
29 Mar 2016, 13:01:18.354 [  FINER] [         FXGL.Logger] [JavaFX Application Thread] path.separator=;
29 Mar 2016, 13:01:18.354 [  FINER] [         FXGL.Logger] [JavaFX Application Thread] java.vm.vendor=Oracle Corporation
29 Mar 2016, 13:01:18.354 [  FINER] [         FXGL.Logger] [JavaFX Application Thread] java.vendor.url=http://java.oracle.com/
29 Mar 2016, 13:01:18.355 [  FINER] [         FXGL.Logger] [JavaFX Application Thread] sun.boot.library.path=C:\Program Files\Java\jre1.8.0_73\bin
29 Mar 2016, 13:01:18.355 [  FINER] [         FXGL.Logger] [JavaFX Application Thread] java.vm.version=25.73-b02
29 Mar 2016, 13:01:18.355 [  FINER] [         FXGL.Logger] [JavaFX Application Thread] java.runtime.name=Java(TM) SE Runtime Environment
29 Mar 2016, 13:01:18.355 [  FINER] [         FXGL.Logger] [JavaFX Application Thread] javafx.version=8.0.71
29 Mar 2016, 13:01:18.359 [   INFO] [        FXGL.Version] [JavaFX Application Thread] FXGL-0.2.1-SNAPSHOT
29 Mar 2016, 13:01:18.360 [   INFO] [        FXGL.Version] [JavaFX Application Thread] Source code and latest builds at: https://github.com/AlmasB/FXGL
29 Mar 2016, 13:01:18.366 [  FINER] [    FXGL.Application] [JavaFX Application Thread] Game_clinit()
29 Mar 2016, 13:01:18.372 [  FINER] [    FXGL.Application] [JavaFX-Launcher] FXGL_init()
29 Mar 2016, 13:01:18.396 [  FINER] [    FXGL.Application] [JavaFX Application Thread] FXGL_start()
29 Mar 2016, 13:01:18.396 [  FINER] [    FXGL.Application] [JavaFX Application Thread] Initializing system properties
29 Mar 2016, 13:01:18.399 [  FINER] [    FXGL.Application] [JavaFX Application Thread] sound.notification = system/notification.wav
29 Mar 2016, 13:01:18.399 [  FINER] [    FXGL.Application] [JavaFX Application Thread] asset.cache.size = 35
29 Mar 2016, 13:01:18.399 [  FINER] [    FXGL.Application] [JavaFX Application Thread] ui.font = Copperplate_Gothic_Light_Regular.ttf
29 Mar 2016, 13:01:18.400 [  FINER] [    FXGL.Application] [JavaFX Application Thread] sound.menu.back = menu/back.wav
29 Mar 2016, 13:01:18.400 [  FINER] [    FXGL.Application] [JavaFX Application Thread] sound.menu.select = menu/select.wav
29 Mar 2016, 13:01:18.400 [  FINER] [    FXGL.Application] [JavaFX Application Thread] physics.ppm = 50
29 Mar 2016, 13:01:18.400 [  FINER] [    FXGL.Application] [JavaFX Application Thread] ui.css = fxgl.css
29 Mar 2016, 13:01:18.400 [  FINER] [    FXGL.Application] [JavaFX Application Thread] ui.icon.name = fxgl_icon.png
29 Mar 2016, 13:01:18.401 [  FINER] [    FXGL.Application] [JavaFX Application Thread] sound.menu.press = menu/press.wav
29 Mar 2016, 13:01:18.401 [  FINER] [    FXGL.Application] [JavaFX Application Thread] Initializing user properties
29 Mar 2016, 13:01:18.401 [   INFO] [    FXGL.Application] [JavaFX Application Thread] User properties not found. Using system
29 Mar 2016, 13:01:18.410 [   INFO] [         FXGL.Logger] [JavaFX Application Thread] Logger level set to: CONFIG
29 Mar 2016, 13:01:18.411 [   INFO] [    FXGL.Application] [JavaFX Application Thread] Application Mode: DEVELOPER
29 Mar 2016, 13:01:18.839 [  FINER] [    FXGL.Application] [JavaFX Application Thread] Services configuration complete
29 Mar 2016, 13:01:18.850 [  FINER] [       FXGL.EventBus] [JavaFX Application Thread] Service [EventBus] initialized
29 Mar 2016, 13:01:18.853 [  FINER] [    FXGL.AssetLoader] [JavaFX Application Thread] Service [AssetLoader] initialized
29 Mar 2016, 13:01:18.856 [  FINER] [    FXGL.AssetLoader] [JavaFX Application Thread] Loading from disk: /assets/sounds/system/notification.wav
29 Mar 2016, 13:01:18.880 [  FINER] [    FXGL.AssetLoader] [JavaFX Application Thread] Loading from disk: /assets/sounds/menu/select.wav
29 Mar 2016, 13:01:18.883 [  FINER] [    FXGL.AssetLoader] [JavaFX Application Thread] Loading from disk: /assets/sounds/menu/back.wav
29 Mar 2016, 13:01:18.885 [  FINER] [    FXGL.AssetLoader] [JavaFX Application Thread] Loading from disk: /assets/sounds/menu/press.wav
29 Mar 2016, 13:01:18.887 [  FINER] [    FXGL.AssetLoader] [JavaFX Application Thread] Loading from disk: /assets/ui/fonts/Copperplate_Gothic_Light_Regular.ttf
29 Mar 2016, 13:01:18.967 [  FINER] [    FXGL.AssetLoader] [JavaFX Application Thread] Loading from disk: /assets/ui/css/fxgl.css
29 Mar 2016, 13:01:18.968 [  FINER] [    FXGL.AssetLoader] [JavaFX Application Thread] Loading from disk: /assets/ui/icons/fxgl_icon.png
29 Mar 2016, 13:01:19.007 [  FINER] [    FXGL.AssetLoader] [JavaFX Application Thread] Loading from disk: /assets/ui/css/fxgl_dark.css
29 Mar 2016, 13:01:19.079 [  FINER] [        FXGL.Display] [JavaFX Application Thread] Target size: 480.0x600.0@1.0
29 Mar 2016, 13:01:19.080 [  FINER] [        FXGL.Display] [JavaFX Application Thread] New size:    480.0x600.0@1.0
29 Mar 2016, 13:01:19.081 [  FINER] [        FXGL.Display] [JavaFX Application Thread] Service [Display] initialized
29 Mar 2016, 13:01:19.081 [  FINER] [        FXGL.Display] [JavaFX Application Thread] Using CSS: CSS[jar:file:/C:/Users/Anwar%20Saleeby/.m2/repository/com/github/AlmasB/FXGL/0.2.1-0.2.0-gba5970d-32/FXGL-0.2.1-0.2.0-gba5970d-32.jar!/assets/ui/css/fxgl_dark.css]
29 Mar 2016, 13:01:19.085 [  FINER] [          FXGL.Input] [JavaFX Application Thread] Service [Input] initialized
29 Mar 2016, 13:01:19.087 [  FINER] [    FXGL.AudioPlayer] [JavaFX Application Thread] Service [AudioPlayer] initialized
29 Mar 2016, 13:01:19.093 [  FINER] [    FXGL.MasterTimer] [JavaFX Application Thread] Service [MasterTimer] initialized
29 Mar 2016, 13:01:19.107 [  FINER] [      FXGL.GameScene] [JavaFX Application Thread] Game scene initialized
29 Mar 2016, 13:01:19.108 [  FINER] [FXGL.NotificationSer] [JavaFX Application Thread] Service [NotificationService] initialized
29 Mar 2016, 13:01:19.324 [  FINER] [      FXGL.GameWorld] [JavaFX Application Thread] Game world initialized
29 Mar 2016, 13:01:19.423 [  FINER] [   FXGL.PhysicsWorld] [JavaFX Application Thread] Physics world initialized
29 Mar 2016, 13:01:19.447 [  FINER] [    FXGL.Application] [JavaFX Application Thread] Game_start()
29 Mar 2016, 13:01:19.456 [  FINER] [          FXGL.Input] [JavaFX Application Thread] Registered new binding: Move Left A
29 Mar 2016, 13:01:19.457 [  FINER] [          FXGL.Input] [JavaFX Application Thread] Registered new binding: Shoot Space
29 Mar 2016, 13:01:19.458 [  FINER] [          FXGL.Input] [JavaFX Application Thread] Registered new binding: Move Right D
29 Mar 2016, 13:01:19.460 [  FINER] [    FXGL.Application] [JavaFX Application Thread] Saving data to profile
29 Mar 2016, 13:01:19.461 [  FINER] [    FXGL.UserProfile] [JavaFX Application Thread] Logging bundle: game
29 Mar 2016, 13:01:19.462 [  FINER] [    FXGL.UserProfile] [JavaFX Application Thread] game.playtime=1090261645
29 Mar 2016, 13:01:19.463 [  FINER] [       FXGL.EventBus] [JavaFX Application Thread] Firing event: SaveEvent
29 Mar 2016, 13:01:19.465 [  FINER] [        FXGL.Display] [JavaFX Application Thread] Saving data to profile
29 Mar 2016, 13:01:19.466 [  FINER] [    FXGL.UserProfile] [JavaFX Application Thread] Logging bundle: scene
29 Mar 2016, 13:01:19.466 [  FINER] [    FXGL.UserProfile] [JavaFX Application Thread] scene.sizeW=480.0
29 Mar 2016, 13:01:19.466 [  FINER] [    FXGL.UserProfile] [JavaFX Application Thread] scene.sizeH=600.0
29 Mar 2016, 13:01:19.466 [  FINER] [          FXGL.Input] [JavaFX Application Thread] Saving data to profile
29 Mar 2016, 13:01:19.467 [  FINER] [    FXGL.UserProfile] [JavaFX Application Thread] Logging bundle: input
29 Mar 2016, 13:01:19.467 [  FINER] [    FXGL.UserProfile] [JavaFX Application Thread] input.Shoot=Space
29 Mar 2016, 13:01:19.468 [  FINER] [    FXGL.UserProfile] [JavaFX Application Thread] input.Move Right=D
29 Mar 2016, 13:01:19.468 [  FINER] [    FXGL.UserProfile] [JavaFX Application Thread] input.Move Left=A
29 Mar 2016, 13:01:19.468 [  FINER] [    FXGL.AudioPlayer] [JavaFX Application Thread] Saving data to profile
29 Mar 2016, 13:01:19.468 [  FINER] [    FXGL.UserProfile] [JavaFX Application Thread] Logging bundle: audio
29 Mar 2016, 13:01:19.469 [  FINER] [    FXGL.UserProfile] [JavaFX Application Thread] audio.musicVolume=0.5
29 Mar 2016, 13:01:19.469 [  FINER] [    FXGL.UserProfile] [JavaFX Application Thread] audio.soundVolume=0.5
29 Mar 2016, 13:01:19.469 [  FINER] [FXGL.AchievementMana] [JavaFX Application Thread] Saving data to profile
29 Mar 2016, 13:01:19.471 [  FINER] [    FXGL.UserProfile] [JavaFX Application Thread] Logging bundle: achievement
29 Mar 2016, 13:01:19.497 [  FINER] [    FXGL.Application] [JavaFX Application Thread] State: STARTUP -> INTRO
29 Mar 2016, 13:01:19.724 [  FINER] [    FXGL.Application] [JavaFX Application Thread] Showing stage
29 Mar 2016, 13:01:19.725 [  FINER] [    FXGL.Application] [JavaFX Application Thread] Root size: 480.0x600.0
29 Mar 2016, 13:01:19.726 [  FINER] [    FXGL.Application] [JavaFX Application Thread] Scene size: 480.0x600.0
29 Mar 2016, 13:01:19.726 [  FINER] [    FXGL.Application] [JavaFX Application Thread] Stage size: 486.0x629.0
29 Mar 2016, 13:01:24.781 [  FINER] [    FXGL.Application] [JavaFX Application Thread] State: INTRO -> MAIN_MENU
29 Mar 2016, 13:01:24.821 [  FINER] [       FXGL.EventBus] [JavaFX Application Thread] Firing event: DisplayEvent[type=DIALOG_OPENED]
29 Mar 2016, 13:01:24.822 [  FINER] [          FXGL.Input] [JavaFX Application Thread] Clearing active input actions
29 Mar 2016, 13:01:30.750 [  FINER] [       FXGL.EventBus] [JavaFX Application Thread] Firing event: DisplayEvent[type=DIALOG_CLOSED]
29 Mar 2016, 13:01:30.774 [  FINER] [       FXGL.EventBus] [JavaFX Application Thread] Firing event: DisplayEvent[type=DIALOG_OPENED]
29 Mar 2016, 13:01:30.774 [  FINER] [          FXGL.Input] [JavaFX Application Thread] Clearing active input actions
29 Mar 2016, 13:01:35.590 [  FINER] [       FXGL.EventBus] [JavaFX Application Thread] Firing event: DisplayEvent[type=DIALOG_CLOSED]
29 Mar 2016, 13:01:35.590 [  FINER] [       FXGL.EventBus] [JavaFX Application Thread] Firing event: MenuEvent[type=PROFILE_SELECTED,data=Jimmy]
29 Mar 2016, 13:01:52.989 [  FINER] [       FXGL.EventBus] [JavaFX Application Thread] Firing event: DisplayEvent[type=DIALOG_OPENED]
29 Mar 2016, 13:01:52.990 [  FINER] [          FXGL.Input] [JavaFX Application Thread] Clearing active input actions
29 Mar 2016, 13:01:54.853 [  FINER] [       FXGL.EventBus] [JavaFX Application Thread] Firing event: DisplayEvent[type=DIALOG_CLOSED]
29 Mar 2016, 13:01:54.854 [  FINER] [       FXGL.EventBus] [JavaFX Application Thread] Firing event: DisplayEvent[type=CLOSE_REQUEST]
29 Mar 2016, 13:01:54.854 [  FINER] [    FXGL.Application] [JavaFX Application Thread] Exiting Normally
29 Mar 2016, 13:01:54.855 [  FINER] [    FXGL.Application] [JavaFX Application Thread] Saving data to profile
29 Mar 2016, 13:01:54.855 [  FINER] [    FXGL.UserProfile] [JavaFX Application Thread] Logging bundle: game
29 Mar 2016, 13:01:54.855 [  FINER] [    FXGL.UserProfile] [JavaFX Application Thread] game.playtime=36483396643
29 Mar 2016, 13:01:54.855 [  FINER] [       FXGL.EventBus] [JavaFX Application Thread] Firing event: SaveEvent
29 Mar 2016, 13:01:54.856 [  FINER] [        FXGL.Display] [JavaFX Application Thread] Saving data to profile
29 Mar 2016, 13:01:54.856 [  FINER] [    FXGL.UserProfile] [JavaFX Application Thread] Logging bundle: scene
29 Mar 2016, 13:01:54.856 [  FINER] [    FXGL.UserProfile] [JavaFX Application Thread] scene.sizeW=480.0
29 Mar 2016, 13:01:54.856 [  FINER] [    FXGL.UserProfile] [JavaFX Application Thread] scene.sizeH=600.0
29 Mar 2016, 13:01:54.857 [  FINER] [          FXGL.Input] [JavaFX Application Thread] Saving data to profile
29 Mar 2016, 13:01:54.857 [  FINER] [    FXGL.UserProfile] [JavaFX Application Thread] Logging bundle: input
29 Mar 2016, 13:01:54.857 [  FINER] [    FXGL.UserProfile] [JavaFX Application Thread] input.Shoot=Space
29 Mar 2016, 13:01:54.857 [  FINER] [    FXGL.UserProfile] [JavaFX Application Thread] input.Move Right=D
29 Mar 2016, 13:01:54.857 [  FINER] [    FXGL.UserProfile] [JavaFX Application Thread] input.Move Left=A
29 Mar 2016, 13:01:54.858 [  FINER] [    FXGL.AudioPlayer] [JavaFX Application Thread] Saving data to profile
29 Mar 2016, 13:01:54.858 [  FINER] [    FXGL.UserProfile] [JavaFX Application Thread] Logging bundle: audio
29 Mar 2016, 13:01:54.858 [  FINER] [    FXGL.UserProfile] [JavaFX Application Thread] audio.musicVolume=0.5
29 Mar 2016, 13:01:54.859 [  FINER] [    FXGL.UserProfile] [JavaFX Application Thread] audio.soundVolume=0.5
29 Mar 2016, 13:01:54.859 [  FINER] [FXGL.AchievementMana] [JavaFX Application Thread] Saving data to profile
29 Mar 2016, 13:01:54.859 [  FINER] [    FXGL.UserProfile] [JavaFX Application Thread] Logging bundle: achievement
29 Mar 2016, 13:01:54.859 [  FINER] [FXGL.SaveLoadManager] [JavaFX Application Thread] Saving profile: Jimmy
29 Mar 2016, 13:01:54.878 [  FINER] [       FXGL.EventBus] [JavaFX Application Thread] Firing event: FXGLEvent[type=EXIT]
29 Mar 2016, 13:01:54.879 [  FINER] [         FXGL.Logger] [JavaFX Application Thread] Logger is closing
