18 Mar 2016, 10:05:16.395 [   INFO] [         FXGL.Logger] [JavaFX Application Thread] Logger initialized with level: CONFIG
18 Mar 2016, 10:05:16.400 [  FINER] [         FXGL.Logger] [JavaFX Application Thread] CPU cores: 4
18 Mar 2016, 10:05:16.403 [  FINER] [         FXGL.Logger] [JavaFX Application Thread] Free Memory: 107MB
18 Mar 2016, 10:05:16.404 [  FINER] [         FXGL.Logger] [JavaFX Application Thread] Max Memory: 1755MB
18 Mar 2016, 10:05:16.404 [  FINER] [         FXGL.Logger] [JavaFX Application Thread] Total Memory: 119MB
18 Mar 2016, 10:05:16.405 [  FINER] [         FXGL.Logger] [JavaFX Application Thread] System Properties:
18 Mar 2016, 10:05:16.406 [  FINER] [         FXGL.Logger] [JavaFX Application Thread] sun.cpu.isalist=amd64
18 Mar 2016, 10:05:16.407 [  FINER] [         FXGL.Logger] [JavaFX Application Thread] sun.desktop=windows
18 Mar 2016, 10:05:16.408 [  FINER] [         FXGL.Logger] [JavaFX Application Thread] sun.io.unicode.encoding=UnicodeLittle
18 Mar 2016, 10:05:16.408 [  FINER] [         FXGL.Logger] [JavaFX Application Thread] sun.cpu.endian=little
18 Mar 2016, 10:05:16.408 [  FINER] [         FXGL.Logger] [JavaFX Application Thread] java.vendor.url.bug=http://bugreport.sun.com/bugreport/
18 Mar 2016, 10:05:16.409 [  FINER] [         FXGL.Logger] [JavaFX Application Thread] file.separator=\
18 Mar 2016, 10:05:16.409 [  FINER] [         FXGL.Logger] [JavaFX Application Thread] java.vendor=Oracle Corporation
18 Mar 2016, 10:05:16.410 [  FINER] [         FXGL.Logger] [JavaFX Application Thread] sun.boot.class.path=C:\Program Files\Java\jre1.8.0_73\lib\resources.jar;C:\Program Files\Java\jre1.8.0_73\lib\rt.jar;C:\Program Files\Java\jre1.8.0_73\lib\sunrsasign.jar;C:\Program Files\Java\jre1.8.0_73\lib\jsse.jar;C:\Program Files\Java\jre1.8.0_73\lib\jce.jar;C:\Program Files\Java\jre1.8.0_73\lib\charsets.jar;C:\Program Files\Java\jre1.8.0_73\lib\jfr.jar;C:\Program Files\Java\jre1.8.0_73\classes
18 Mar 2016, 10:05:16.410 [  FINER] [         FXGL.Logger] [JavaFX Application Thread] java.ext.dirs=C:\Program Files\Java\jre1.8.0_73\lib\ext;C:\Windows\Sun\Java\lib\ext
18 Mar 2016, 10:05:16.411 [  FINER] [         FXGL.Logger] [JavaFX Application Thread] java.version=1.8.0_73
18 Mar 2016, 10:05:16.411 [  FINER] [         FXGL.Logger] [JavaFX Application Thread] java.vm.info=mixed mode
18 Mar 2016, 10:05:16.411 [  FINER] [         FXGL.Logger] [JavaFX Application Thread] awt.toolkit=sun.awt.windows.WToolkit
18 Mar 2016, 10:05:16.412 [  FINER] [         FXGL.Logger] [JavaFX Application Thread] user.language=en
18 Mar 2016, 10:05:16.412 [  FINER] [         FXGL.Logger] [JavaFX Application Thread] java.specification.vendor=Oracle Corporation
18 Mar 2016, 10:05:16.413 [  FINER] [         FXGL.Logger] [JavaFX Application Thread] sun.java.command=com.chromalife.SpaceInvaders.SpaceInvadersApp
18 Mar 2016, 10:05:16.413 [  FINER] [         FXGL.Logger] [JavaFX Application Thread] java.home=C:\Program Files\Java\jre1.8.0_73
18 Mar 2016, 10:05:16.413 [  FINER] [         FXGL.Logger] [JavaFX Application Thread] sun.arch.data.model=64
18 Mar 2016, 10:05:16.414 [  FINER] [         FXGL.Logger] [JavaFX Application Thread] java.vm.specification.version=1.8
18 Mar 2016, 10:05:16.414 [  FINER] [         FXGL.Logger] [JavaFX Application Thread] java.class.path=D:\SpaceInvaders\target\classes;C:\Users\Anwar Saleeby\.m2\repository\com\github\AlmasB\FXGL\0.2.1-0.2.0-gba5970d-32\FXGL-0.2.1-0.2.0-gba5970d-32.jar;C:\Users\Anwar Saleeby\.m2\repository\com\google\inject\guice\4.0\guice-4.0.jar;C:\Users\Anwar Saleeby\.m2\repository\javax\inject\javax.inject\1\javax.inject-1.jar;C:\Users\Anwar Saleeby\.m2\repository\aopalliance\aopalliance\1.0\aopalliance-1.0.jar;C:\Users\Anwar Saleeby\.m2\repository\com\google\guava\guava\16.0.1\guava-16.0.1.jar;C:\Users\Anwar Saleeby\.m2\repository\org\jfxtras\jfxtras-window\8.0-r4\jfxtras-window-8.0-r4.jar;C:\Users\Anwar Saleeby\.m2\repository\org\jfxtras\jfxtras-common\8.0-r4\jfxtras-common-8.0-r4.jar;C:\Users\Anwar Saleeby\.m2\repository\com\github\AlmasB\FXEventBus\1.0\FXEventBus-1.0.jar;C:\Users\Anwar Saleeby\.m2\repository\com\github\AlmasB\Ents\1.0\Ents-1.0.jar;C:\Users\Anwar Saleeby\.m2\repository\org\apache\logging\log4j\log4j-api\2.5\log4j-api-2.5.jar;C:\Users\Anwar Saleeby\.m2\repository\org\apache\logging\log4j\log4j-core\2.5\log4j-core-2.5.jar;C:\Users\Anwar Saleeby\.m2\repository\com\github\AlmasB\AStar\1.0\AStar-1.0.jar
18 Mar 2016, 10:05:16.415 [  FINER] [         FXGL.Logger] [JavaFX Application Thread] user.name=Anwar Saleeby
18 Mar 2016, 10:05:16.415 [  FINER] [         FXGL.Logger] [JavaFX Application Thread] file.encoding=Cp1252
18 Mar 2016, 10:05:16.416 [  FINER] [         FXGL.Logger] [JavaFX Application Thread] java.specification.version=1.8
18 Mar 2016, 10:05:16.416 [  FINER] [         FXGL.Logger] [JavaFX Application Thread] java.awt.printerjob=sun.awt.windows.WPrinterJob
18 Mar 2016, 10:05:16.416 [  FINER] [         FXGL.Logger] [JavaFX Application Thread] user.timezone=America/New_York
18 Mar 2016, 10:05:16.417 [  FINER] [         FXGL.Logger] [JavaFX Application Thread] user.home=C:\Users\Anwar Saleeby
18 Mar 2016, 10:05:16.417 [  FINER] [         FXGL.Logger] [JavaFX Application Thread] os.version=10.0
18 Mar 2016, 10:05:16.417 [  FINER] [         FXGL.Logger] [JavaFX Application Thread] sun.management.compiler=HotSpot 64-Bit Tiered Compilers
18 Mar 2016, 10:05:16.418 [  FINER] [         FXGL.Logger] [JavaFX Application Thread] java.specification.name=Java Platform API Specification
18 Mar 2016, 10:05:16.418 [  FINER] [         FXGL.Logger] [JavaFX Application Thread] java.class.version=52.0
18 Mar 2016, 10:05:16.418 [  FINER] [         FXGL.Logger] [JavaFX Application Thread] java.library.path=C:\Program Files\Java\jre1.8.0_73\bin;C:\Windows\Sun\Java\bin;C:\Windows\system32;C:\Windows;C:/Program Files/Java/jre1.8.0_73/bin/server;C:/Program Files/Java/jre1.8.0_73/bin;C:/Program Files/Java/jre1.8.0_73/lib/amd64;C:\oraclexe\app\oracle\product\11.2.0\server\bin;C:\ProgramData\Oracle\Java\javapath;C:\Windows\system32;C:\Windows;C:\Windows\System32\Wbem;C:\Windows\System32\WindowsPowerShell\v1.0\;C:\Program Files\nodejs\;C:\Program Files\Git\cmd;C:\Users\Anwar Saleeby\AppData\Local\Programs\Python\Python35\Scripts\;C:\Users\Anwar Saleeby\AppData\Local\Programs\Python\Python35\;C:\Users\Anwar Saleeby\AppData\Roaming\npm;C:\Program Files\MongoDB\Server\3.2\bin;C:\Program Files\Git;C:\Program Files\eclipse;;.
18 Mar 2016, 10:05:16.419 [  FINER] [         FXGL.Logger] [JavaFX Application Thread] sun.jnu.encoding=Cp1252
18 Mar 2016, 10:05:16.419 [  FINER] [         FXGL.Logger] [JavaFX Application Thread] os.name=Windows 10
18 Mar 2016, 10:05:16.419 [  FINER] [         FXGL.Logger] [JavaFX Application Thread] user.variant=
18 Mar 2016, 10:05:16.419 [  FINER] [         FXGL.Logger] [JavaFX Application Thread] java.vm.specification.vendor=Oracle Corporation
18 Mar 2016, 10:05:16.420 [  FINER] [         FXGL.Logger] [JavaFX Application Thread] java.io.tmpdir=C:\Users\ANWARS~1\AppData\Local\Temp\
18 Mar 2016, 10:05:16.420 [  FINER] [         FXGL.Logger] [JavaFX Application Thread] line.separator=

18 Mar 2016, 10:05:16.420 [  FINER] [         FXGL.Logger] [JavaFX Application Thread] java.endorsed.dirs=C:\Program Files\Java\jre1.8.0_73\lib\endorsed
18 Mar 2016, 10:05:16.422 [  FINER] [         FXGL.Logger] [JavaFX Application Thread] os.arch=amd64
18 Mar 2016, 10:05:16.422 [  FINER] [         FXGL.Logger] [JavaFX Application Thread] javafx.runtime.version=8.0.71-b15
18 Mar 2016, 10:05:16.423 [  FINER] [         FXGL.Logger] [JavaFX Application Thread] java.awt.graphicsenv=sun.awt.Win32GraphicsEnvironment
18 Mar 2016, 10:05:16.423 [  FINER] [         FXGL.Logger] [JavaFX Application Thread] java.runtime.version=1.8.0_73-b02
18 Mar 2016, 10:05:16.423 [  FINER] [         FXGL.Logger] [JavaFX Application Thread] java.vm.specification.name=Java Virtual Machine Specification
18 Mar 2016, 10:05:16.424 [  FINER] [         FXGL.Logger] [JavaFX Application Thread] user.dir=D:\SpaceInvaders
18 Mar 2016, 10:05:16.424 [  FINER] [         FXGL.Logger] [JavaFX Application Thread] user.country=US
18 Mar 2016, 10:05:16.425 [  FINER] [         FXGL.Logger] [JavaFX Application Thread] user.script=
18 Mar 2016, 10:05:16.425 [  FINER] [         FXGL.Logger] [JavaFX Application Thread] sun.java.launcher=SUN_STANDARD
18 Mar 2016, 10:05:16.425 [  FINER] [         FXGL.Logger] [JavaFX Application Thread] sun.os.patch.level=
18 Mar 2016, 10:05:16.426 [  FINER] [         FXGL.Logger] [JavaFX Application Thread] java.vm.name=Java HotSpot(TM) 64-Bit Server VM
18 Mar 2016, 10:05:16.426 [  FINER] [         FXGL.Logger] [JavaFX Application Thread] file.encoding.pkg=sun.io
18 Mar 2016, 10:05:16.426 [  FINER] [         FXGL.Logger] [JavaFX Application Thread] path.separator=;
18 Mar 2016, 10:05:16.427 [  FINER] [         FXGL.Logger] [JavaFX Application Thread] java.vm.vendor=Oracle Corporation
18 Mar 2016, 10:05:16.427 [  FINER] [         FXGL.Logger] [JavaFX Application Thread] java.vendor.url=http://java.oracle.com/
18 Mar 2016, 10:05:16.427 [  FINER] [         FXGL.Logger] [JavaFX Application Thread] sun.boot.library.path=C:\Program Files\Java\jre1.8.0_73\bin
18 Mar 2016, 10:05:16.427 [  FINER] [         FXGL.Logger] [JavaFX Application Thread] java.vm.version=25.73-b02
18 Mar 2016, 10:05:16.428 [  FINER] [         FXGL.Logger] [JavaFX Application Thread] java.runtime.name=Java(TM) SE Runtime Environment
18 Mar 2016, 10:05:16.428 [  FINER] [         FXGL.Logger] [JavaFX Application Thread] javafx.version=8.0.71
18 Mar 2016, 10:05:16.433 [   INFO] [        FXGL.Version] [JavaFX Application Thread] FXGL-0.2.1-SNAPSHOT
18 Mar 2016, 10:05:16.433 [   INFO] [        FXGL.Version] [JavaFX Application Thread] Source code and latest builds at: https://github.com/AlmasB/FXGL
18 Mar 2016, 10:05:16.442 [  FINER] [    FXGL.Application] [JavaFX Application Thread] Game_clinit()
18 Mar 2016, 10:05:16.450 [  FINER] [    FXGL.Application] [JavaFX-Launcher] FXGL_init()
18 Mar 2016, 10:05:16.482 [  FINER] [    FXGL.Application] [JavaFX Application Thread] FXGL_start()
18 Mar 2016, 10:05:16.483 [  FINER] [    FXGL.Application] [JavaFX Application Thread] Initializing system properties
18 Mar 2016, 10:05:16.487 [  FINER] [    FXGL.Application] [JavaFX Application Thread] sound.notification = system/notification.wav
18 Mar 2016, 10:05:16.487 [  FINER] [    FXGL.Application] [JavaFX Application Thread] asset.cache.size = 35
18 Mar 2016, 10:05:16.488 [  FINER] [    FXGL.Application] [JavaFX Application Thread] ui.font = Copperplate_Gothic_Light_Regular.ttf
18 Mar 2016, 10:05:16.488 [  FINER] [    FXGL.Application] [JavaFX Application Thread] sound.menu.back = menu/back.wav
18 Mar 2016, 10:05:16.488 [  FINER] [    FXGL.Application] [JavaFX Application Thread] sound.menu.select = menu/select.wav
18 Mar 2016, 10:05:16.489 [  FINER] [    FXGL.Application] [JavaFX Application Thread] physics.ppm = 50
18 Mar 2016, 10:05:16.489 [  FINER] [    FXGL.Application] [JavaFX Application Thread] ui.css = fxgl.css
18 Mar 2016, 10:05:16.489 [  FINER] [    FXGL.Application] [JavaFX Application Thread] ui.icon.name = fxgl_icon.png
18 Mar 2016, 10:05:16.490 [  FINER] [    FXGL.Application] [JavaFX Application Thread] sound.menu.press = menu/press.wav
18 Mar 2016, 10:05:16.490 [  FINER] [    FXGL.Application] [JavaFX Application Thread] Initializing user properties
18 Mar 2016, 10:05:16.491 [   INFO] [    FXGL.Application] [JavaFX Application Thread] User properties not found. Using system
18 Mar 2016, 10:05:16.508 [   INFO] [         FXGL.Logger] [JavaFX Application Thread] Logger level set to: CONFIG
18 Mar 2016, 10:05:16.509 [   INFO] [    FXGL.Application] [JavaFX Application Thread] Application Mode: DEVELOPER
18 Mar 2016, 10:05:17.185 [  FINER] [    FXGL.Application] [JavaFX Application Thread] Services configuration complete
18 Mar 2016, 10:05:17.197 [  FINER] [       FXGL.EventBus] [JavaFX Application Thread] Service [EventBus] initialized
18 Mar 2016, 10:05:17.201 [  FINER] [    FXGL.AssetLoader] [JavaFX Application Thread] Service [AssetLoader] initialized
18 Mar 2016, 10:05:17.203 [  FINER] [    FXGL.AssetLoader] [JavaFX Application Thread] Loading from disk: /assets/sounds/system/notification.wav
18 Mar 2016, 10:05:17.266 [  FINER] [    FXGL.AssetLoader] [JavaFX Application Thread] Loading from disk: /assets/sounds/menu/select.wav
18 Mar 2016, 10:05:17.269 [  FINER] [    FXGL.AssetLoader] [JavaFX Application Thread] Loading from disk: /assets/sounds/menu/back.wav
18 Mar 2016, 10:05:17.273 [  FINER] [    FXGL.AssetLoader] [JavaFX Application Thread] Loading from disk: /assets/sounds/menu/press.wav
18 Mar 2016, 10:05:17.276 [  FINER] [    FXGL.AssetLoader] [JavaFX Application Thread] Loading from disk: /assets/ui/fonts/Copperplate_Gothic_Light_Regular.ttf
18 Mar 2016, 10:05:17.382 [  FINER] [    FXGL.AssetLoader] [JavaFX Application Thread] Loading from disk: /assets/ui/css/fxgl.css
18 Mar 2016, 10:05:17.383 [  FINER] [    FXGL.AssetLoader] [JavaFX Application Thread] Loading from disk: /assets/ui/icons/fxgl_icon.png
18 Mar 2016, 10:05:17.435 [  FINER] [    FXGL.AssetLoader] [JavaFX Application Thread] Loading from disk: /assets/ui/css/fxgl_dark.css
18 Mar 2016, 10:05:17.533 [  FINER] [        FXGL.Display] [JavaFX Application Thread] Target size: 480.0x800.0@1.0
18 Mar 2016, 10:05:17.533 [  FINER] [        FXGL.Display] [JavaFX Application Thread] New size:    480.0x800.0@1.0
18 Mar 2016, 10:05:17.535 [  FINER] [        FXGL.Display] [JavaFX Application Thread] Service [Display] initialized
18 Mar 2016, 10:05:17.535 [  FINER] [        FXGL.Display] [JavaFX Application Thread] Using CSS: CSS[jar:file:/C:/Users/Anwar%20Saleeby/.m2/repository/com/github/AlmasB/FXGL/0.2.1-0.2.0-gba5970d-32/FXGL-0.2.1-0.2.0-gba5970d-32.jar!/assets/ui/css/fxgl_dark.css]
18 Mar 2016, 10:05:17.541 [  FINER] [          FXGL.Input] [JavaFX Application Thread] Service [Input] initialized
18 Mar 2016, 10:05:17.544 [  FINER] [    FXGL.AudioPlayer] [JavaFX Application Thread] Service [AudioPlayer] initialized
18 Mar 2016, 10:05:17.552 [  FINER] [    FXGL.MasterTimer] [JavaFX Application Thread] Service [MasterTimer] initialized
18 Mar 2016, 10:05:17.572 [  FINER] [      FXGL.GameScene] [JavaFX Application Thread] Game scene initialized
18 Mar 2016, 10:05:17.573 [  FINER] [FXGL.NotificationSer] [JavaFX Application Thread] Service [NotificationService] initialized
18 Mar 2016, 10:05:17.833 [  FINER] [      FXGL.GameWorld] [JavaFX Application Thread] Game world initialized
18 Mar 2016, 10:05:17.951 [  FINER] [   FXGL.PhysicsWorld] [JavaFX Application Thread] Physics world initialized
18 Mar 2016, 10:05:17.976 [  FINER] [    FXGL.Application] [JavaFX Application Thread] Game_start()
18 Mar 2016, 10:05:17.983 [  FINER] [    FXGL.Application] [JavaFX Application Thread] Saving data to profile
18 Mar 2016, 10:05:17.984 [  FINER] [    FXGL.UserProfile] [JavaFX Application Thread] Logging bundle: game
18 Mar 2016, 10:05:17.985 [  FINER] [    FXGL.UserProfile] [JavaFX Application Thread] game.playtime=1534675582
18 Mar 2016, 10:05:17.985 [  FINER] [       FXGL.EventBus] [JavaFX Application Thread] Firing event: SaveEvent
18 Mar 2016, 10:05:17.987 [  FINER] [        FXGL.Display] [JavaFX Application Thread] Saving data to profile
18 Mar 2016, 10:05:17.987 [  FINER] [    FXGL.UserProfile] [JavaFX Application Thread] Logging bundle: scene
18 Mar 2016, 10:05:17.988 [  FINER] [    FXGL.UserProfile] [JavaFX Application Thread] scene.sizeW=480.0
18 Mar 2016, 10:05:17.988 [  FINER] [    FXGL.UserProfile] [JavaFX Application Thread] scene.sizeH=800.0
18 Mar 2016, 10:05:17.988 [  FINER] [          FXGL.Input] [JavaFX Application Thread] Saving data to profile
18 Mar 2016, 10:05:17.988 [  FINER] [    FXGL.UserProfile] [JavaFX Application Thread] Logging bundle: input
18 Mar 2016, 10:05:17.989 [  FINER] [    FXGL.AudioPlayer] [JavaFX Application Thread] Saving data to profile
18 Mar 2016, 10:05:17.989 [  FINER] [    FXGL.UserProfile] [JavaFX Application Thread] Logging bundle: audio
18 Mar 2016, 10:05:17.989 [  FINER] [    FXGL.UserProfile] [JavaFX Application Thread] audio.musicVolume=0.5
18 Mar 2016, 10:05:17.990 [  FINER] [    FXGL.UserProfile] [JavaFX Application Thread] audio.soundVolume=0.5
18 Mar 2016, 10:05:17.990 [  FINER] [FXGL.AchievementMana] [JavaFX Application Thread] Saving data to profile
18 Mar 2016, 10:05:17.993 [  FINER] [    FXGL.UserProfile] [JavaFX Application Thread] Logging bundle: achievement
18 Mar 2016, 10:05:17.994 [  FINER] [    FXGL.Application] [JavaFX Application Thread] Starting new game
18 Mar 2016, 10:05:17.999 [  FINER] [    FXGL.Application] [JavaFX Application Thread] Initializing App
18 Mar 2016, 10:05:18.000 [  FINER] [    FXGL.Application] [JavaFX Application Thread] Pausing main loop
18 Mar 2016, 10:05:18.000 [  FINER] [       FXGL.EventBus] [JavaFX Application Thread] Firing event: FXGLEvent[type=PAUSE]
18 Mar 2016, 10:05:18.000 [  FINER] [          FXGL.Input] [JavaFX Application Thread] Clearing active input actions
18 Mar 2016, 10:05:18.000 [  FINER] [    FXGL.MasterTimer] [JavaFX Application Thread] Stopping master timer
18 Mar 2016, 10:05:18.001 [  FINER] [    FXGL.Application] [JavaFX Application Thread] State: STARTUP -> PAUSED
18 Mar 2016, 10:05:18.001 [  FINER] [    FXGL.Application] [JavaFX Application Thread] Resetting FXGL application
18 Mar 2016, 10:05:18.002 [  FINER] [       FXGL.EventBus] [JavaFX Application Thread] Firing event: FXGLEvent[type=RESET]
18 Mar 2016, 10:05:18.002 [  FINER] [          FXGL.Input] [JavaFX Application Thread] Clearing active input actions
18 Mar 2016, 10:05:18.002 [  FINER] [    FXGL.MasterTimer] [JavaFX Application Thread] Resetting ticks to 0
18 Mar 2016, 10:05:18.002 [  FINER] [    FXGL.MasterTimer] [JavaFX Application Thread] Clearing all scheduled actions
18 Mar 2016, 10:05:18.002 [  FINER] [      FXGL.GameScene] [JavaFX Application Thread] Resetting game scene
18 Mar 2016, 10:05:18.003 [  FINER] [      FXGL.GameWorld] [JavaFX Application Thread] Resetting game world
18 Mar 2016, 10:05:18.005 [  FINER] [    FXGL.Application] [JavaFX Application Thread] State: PAUSED -> LOADING
18 Mar 2016, 10:05:18.048 [  FINER] [    FXGL.Application] [JavaFX Application Thread] Starting FXGL Init Thread
18 Mar 2016, 10:05:18.050 [  FINER] [    FXGL.Application] [FXGL Init Thread] Initializing Assets
18 Mar 2016, 10:05:18.051 [  FINER] [    FXGL.AssetLoader] [FXGL Init Thread] Loading from disk: /assets/textures/spaceshipReduced.png
18 Mar 2016, 10:05:18.057 [  FINER] [    FXGL.Application] [FXGL Init Thread] Initializing Game
18 Mar 2016, 10:05:18.079 [  FINER] [    FXGL.AssetLoader] [FXGL Init Thread] Loading from disk: /assets/textures/enemyReduced2.png
18 Mar 2016, 10:05:18.096 [  FINER] [    FXGL.AssetLoader] [FXGL Init Thread] Loading from cache: /assets/textures/enemyReduced2.png
18 Mar 2016, 10:05:18.098 [  FINER] [    FXGL.AssetLoader] [FXGL Init Thread] Loading from disk: /assets/textures/enemyReduced1.png
18 Mar 2016, 10:05:18.100 [  FINER] [    FXGL.AssetLoader] [FXGL Init Thread] Loading from disk: /assets/textures/enemyReduced3.png
18 Mar 2016, 10:05:18.103 [  FINER] [    FXGL.AssetLoader] [FXGL Init Thread] Loading from cache: /assets/textures/enemyReduced2.png
18 Mar 2016, 10:05:18.104 [  FINER] [    FXGL.AssetLoader] [FXGL Init Thread] Loading from cache: /assets/textures/enemyReduced1.png
18 Mar 2016, 10:05:18.105 [  FINER] [    FXGL.AssetLoader] [FXGL Init Thread] Loading from cache: /assets/textures/enemyReduced2.png
18 Mar 2016, 10:05:18.107 [  FINER] [    FXGL.AssetLoader] [FXGL Init Thread] Loading from cache: /assets/textures/enemyReduced3.png
18 Mar 2016, 10:05:18.109 [  FINER] [    FXGL.AssetLoader] [FXGL Init Thread] Loading from cache: /assets/textures/enemyReduced1.png
18 Mar 2016, 10:05:18.110 [  FINER] [    FXGL.AssetLoader] [FXGL Init Thread] Loading from cache: /assets/textures/enemyReduced3.png
18 Mar 2016, 10:05:18.111 [  FINER] [    FXGL.AssetLoader] [FXGL Init Thread] Loading from cache: /assets/textures/enemyReduced2.png
18 Mar 2016, 10:05:18.113 [  FINER] [    FXGL.AssetLoader] [FXGL Init Thread] Loading from cache: /assets/textures/enemyReduced2.png
18 Mar 2016, 10:05:18.117 [  FINER] [    FXGL.AssetLoader] [FXGL Init Thread] Loading from cache: /assets/textures/enemyReduced2.png
18 Mar 2016, 10:05:18.118 [  FINER] [    FXGL.AssetLoader] [FXGL Init Thread] Loading from cache: /assets/textures/enemyReduced3.png
18 Mar 2016, 10:05:18.120 [  FINER] [    FXGL.AssetLoader] [FXGL Init Thread] Loading from cache: /assets/textures/enemyReduced2.png
18 Mar 2016, 10:05:18.121 [  FINER] [    FXGL.AssetLoader] [FXGL Init Thread] Loading from cache: /assets/textures/enemyReduced1.png
18 Mar 2016, 10:05:18.123 [  FINER] [    FXGL.AssetLoader] [FXGL Init Thread] Loading from cache: /assets/textures/enemyReduced1.png
18 Mar 2016, 10:05:18.124 [  FINER] [    FXGL.AssetLoader] [FXGL Init Thread] Loading from cache: /assets/textures/enemyReduced3.png
18 Mar 2016, 10:05:18.125 [  FINER] [    FXGL.AssetLoader] [FXGL Init Thread] Loading from cache: /assets/textures/enemyReduced3.png
18 Mar 2016, 10:05:18.127 [  FINER] [    FXGL.AssetLoader] [FXGL Init Thread] Loading from cache: /assets/textures/enemyReduced3.png
18 Mar 2016, 10:05:18.128 [  FINER] [    FXGL.AssetLoader] [FXGL Init Thread] Loading from cache: /assets/textures/enemyReduced1.png
18 Mar 2016, 10:05:18.130 [  FINER] [    FXGL.AssetLoader] [FXGL Init Thread] Loading from cache: /assets/textures/enemyReduced2.png
18 Mar 2016, 10:05:18.132 [  FINER] [    FXGL.AssetLoader] [FXGL Init Thread] Loading from cache: /assets/textures/enemyReduced2.png
18 Mar 2016, 10:05:18.134 [  FINER] [    FXGL.AssetLoader] [FXGL Init Thread] Loading from cache: /assets/textures/enemyReduced1.png
18 Mar 2016, 10:05:18.135 [  FINER] [    FXGL.AssetLoader] [FXGL Init Thread] Loading from cache: /assets/textures/enemyReduced1.png
18 Mar 2016, 10:05:18.136 [  FINER] [    FXGL.AssetLoader] [FXGL Init Thread] Loading from cache: /assets/textures/enemyReduced1.png
18 Mar 2016, 10:05:18.138 [  FINER] [    FXGL.AssetLoader] [FXGL Init Thread] Loading from cache: /assets/textures/enemyReduced3.png
18 Mar 2016, 10:05:18.140 [  FINER] [    FXGL.AssetLoader] [FXGL Init Thread] Loading from cache: /assets/textures/enemyReduced1.png
18 Mar 2016, 10:05:18.141 [  FINER] [    FXGL.AssetLoader] [FXGL Init Thread] Loading from cache: /assets/textures/enemyReduced2.png
18 Mar 2016, 10:05:18.142 [  FINER] [    FXGL.AssetLoader] [FXGL Init Thread] Loading from cache: /assets/textures/enemyReduced3.png
18 Mar 2016, 10:05:18.144 [  FINER] [    FXGL.AssetLoader] [FXGL Init Thread] Loading from cache: /assets/textures/enemyReduced1.png
18 Mar 2016, 10:05:18.147 [  FINER] [    FXGL.AssetLoader] [FXGL Init Thread] Loading from cache: /assets/textures/enemyReduced1.png
18 Mar 2016, 10:05:18.149 [  FINER] [    FXGL.AssetLoader] [FXGL Init Thread] Loading from cache: /assets/textures/enemyReduced3.png
18 Mar 2016, 10:05:18.150 [  FINER] [    FXGL.AssetLoader] [FXGL Init Thread] Loading from cache: /assets/textures/enemyReduced1.png
18 Mar 2016, 10:05:18.152 [  FINER] [    FXGL.AssetLoader] [FXGL Init Thread] Loading from cache: /assets/textures/enemyReduced2.png
18 Mar 2016, 10:05:18.153 [  FINER] [    FXGL.AssetLoader] [FXGL Init Thread] Loading from cache: /assets/textures/enemyReduced3.png
18 Mar 2016, 10:05:18.154 [  FINER] [    FXGL.AssetLoader] [FXGL Init Thread] Loading from cache: /assets/textures/enemyReduced3.png
18 Mar 2016, 10:05:18.155 [  FINER] [    FXGL.AssetLoader] [FXGL Init Thread] Loading from cache: /assets/textures/enemyReduced3.png
18 Mar 2016, 10:05:18.156 [  FINER] [    FXGL.AssetLoader] [FXGL Init Thread] Loading from cache: /assets/textures/enemyReduced3.png
18 Mar 2016, 10:05:18.158 [  FINER] [    FXGL.AssetLoader] [FXGL Init Thread] Loading from cache: /assets/textures/enemyReduced3.png
18 Mar 2016, 10:05:18.159 [  FINER] [    FXGL.AssetLoader] [FXGL Init Thread] Loading from cache: /assets/textures/enemyReduced1.png
18 Mar 2016, 10:05:18.160 [  FINER] [    FXGL.AssetLoader] [FXGL Init Thread] Loading from cache: /assets/textures/enemyReduced1.png
18 Mar 2016, 10:05:18.162 [  FINER] [    FXGL.AssetLoader] [FXGL Init Thread] Loading from cache: /assets/textures/enemyReduced3.png
18 Mar 2016, 10:05:18.163 [  FINER] [    FXGL.AssetLoader] [FXGL Init Thread] Loading from cache: /assets/textures/enemyReduced2.png
18 Mar 2016, 10:05:18.165 [  FINER] [    FXGL.AssetLoader] [FXGL Init Thread] Loading from cache: /assets/textures/enemyReduced1.png
18 Mar 2016, 10:05:18.166 [  FINER] [    FXGL.AssetLoader] [FXGL Init Thread] Loading from cache: /assets/textures/enemyReduced3.png
18 Mar 2016, 10:05:18.167 [  FINER] [    FXGL.AssetLoader] [FXGL Init Thread] Loading from cache: /assets/textures/enemyReduced2.png
18 Mar 2016, 10:05:18.168 [  FINER] [    FXGL.AssetLoader] [FXGL Init Thread] Loading from cache: /assets/textures/enemyReduced2.png
18 Mar 2016, 10:05:18.172 [  FINER] [    FXGL.AssetLoader] [FXGL Init Thread] Loading from cache: /assets/textures/enemyReduced3.png
18 Mar 2016, 10:05:18.173 [  FINER] [    FXGL.AssetLoader] [FXGL Init Thread] Loading from cache: /assets/textures/enemyReduced3.png
18 Mar 2016, 10:05:18.174 [  FINER] [    FXGL.Application] [FXGL Init Thread] Initializing Physics
18 Mar 2016, 10:05:18.175 [  FINER] [    FXGL.Application] [FXGL Init Thread] Initializing UI
18 Mar 2016, 10:05:18.180 [  FINER] [    FXGL.Application] [FXGL Init Thread] Initialization Complete
18 Mar 2016, 10:05:18.313 [  FINER] [    FXGL.Application] [JavaFX Application Thread] Showing stage
18 Mar 2016, 10:05:18.313 [  FINER] [    FXGL.Application] [JavaFX Application Thread] Root size: 480.0x800.0
18 Mar 2016, 10:05:18.314 [  FINER] [    FXGL.Application] [JavaFX Application Thread] Scene size: 480.0x800.0
18 Mar 2016, 10:05:18.314 [  FINER] [    FXGL.Application] [JavaFX Application Thread] Stage size: 486.0x829.0
18 Mar 2016, 10:05:18.339 [  FINER] [       FXGL.EventBus] [JavaFX Application Thread] Firing event: FXGLEvent[type=INIT_APP_COMPLETE]
18 Mar 2016, 10:05:18.340 [  FINER] [    FXGL.Application] [JavaFX Application Thread] Resuming main loop
18 Mar 2016, 10:05:18.340 [  FINER] [       FXGL.EventBus] [JavaFX Application Thread] Firing event: FXGLEvent[type=RESUME]
18 Mar 2016, 10:05:18.340 [  FINER] [          FXGL.Input] [JavaFX Application Thread] Clearing active input actions
18 Mar 2016, 10:05:18.341 [  FINER] [    FXGL.MasterTimer] [JavaFX Application Thread] Starting master timer
18 Mar 2016, 10:05:18.341 [  FINER] [    FXGL.Application] [JavaFX Application Thread] State: LOADING -> PLAYING
18 Mar 2016, 10:05:18.357 [  FINER] [       FXGL.EventBus] [JavaFX Application Thread] Firing event: WorldEvent[type=ENTITY_ADDED]
18 Mar 2016, 10:05:18.357 [  FINER] [      FXGL.GameScene] [JavaFX Application Thread] Entity added to scene
18 Mar 2016, 10:05:18.358 [  FINER] [      FXGL.GameScene] [JavaFX Application Thread] Added MainViewComponent
18 Mar 2016, 10:05:18.360 [  FINER] [      FXGL.GameScene] [JavaFX Application Thread] Creating render group for layer: TOP(2147483647)
18 Mar 2016, 10:05:18.367 [  FINER] [       FXGL.EventBus] [JavaFX Application Thread] Firing event: WorldEvent[type=ENTITY_ADDED]
18 Mar 2016, 10:05:18.368 [  FINER] [      FXGL.GameScene] [JavaFX Application Thread] Entity added to scene
18 Mar 2016, 10:05:18.368 [  FINER] [      FXGL.GameScene] [JavaFX Application Thread] Added MainViewComponent
18 Mar 2016, 10:05:18.369 [  FINER] [       FXGL.EventBus] [JavaFX Application Thread] Firing event: WorldEvent[type=ENTITY_ADDED]
18 Mar 2016, 10:05:18.369 [  FINER] [      FXGL.GameScene] [JavaFX Application Thread] Entity added to scene
18 Mar 2016, 10:05:18.369 [  FINER] [      FXGL.GameScene] [JavaFX Application Thread] Added MainViewComponent
18 Mar 2016, 10:05:18.370 [  FINER] [       FXGL.EventBus] [JavaFX Application Thread] Firing event: WorldEvent[type=ENTITY_ADDED]
18 Mar 2016, 10:05:18.370 [  FINER] [      FXGL.GameScene] [JavaFX Application Thread] Entity added to scene
18 Mar 2016, 10:05:18.370 [  FINER] [      FXGL.GameScene] [JavaFX Application Thread] Added MainViewComponent
18 Mar 2016, 10:05:18.370 [  FINER] [       FXGL.EventBus] [JavaFX Application Thread] Firing event: WorldEvent[type=ENTITY_ADDED]
18 Mar 2016, 10:05:18.371 [  FINER] [      FXGL.GameScene] [JavaFX Application Thread] Entity added to scene
18 Mar 2016, 10:05:18.371 [  FINER] [      FXGL.GameScene] [JavaFX Application Thread] Added MainViewComponent
18 Mar 2016, 10:05:18.371 [  FINER] [       FXGL.EventBus] [JavaFX Application Thread] Firing event: WorldEvent[type=ENTITY_ADDED]
18 Mar 2016, 10:05:18.372 [  FINER] [      FXGL.GameScene] [JavaFX Application Thread] Entity added to scene
18 Mar 2016, 10:05:18.372 [  FINER] [      FXGL.GameScene] [JavaFX Application Thread] Added MainViewComponent
18 Mar 2016, 10:05:18.372 [  FINER] [       FXGL.EventBus] [JavaFX Application Thread] Firing event: WorldEvent[type=ENTITY_ADDED]
18 Mar 2016, 10:05:18.373 [  FINER] [      FXGL.GameScene] [JavaFX Application Thread] Entity added to scene
18 Mar 2016, 10:05:18.373 [  FINER] [      FXGL.GameScene] [JavaFX Application Thread] Added MainViewComponent
18 Mar 2016, 10:05:18.373 [  FINER] [       FXGL.EventBus] [JavaFX Application Thread] Firing event: WorldEvent[type=ENTITY_ADDED]
18 Mar 2016, 10:05:18.374 [  FINER] [      FXGL.GameScene] [JavaFX Application Thread] Entity added to scene
18 Mar 2016, 10:05:18.374 [  FINER] [      FXGL.GameScene] [JavaFX Application Thread] Added MainViewComponent
18 Mar 2016, 10:05:18.374 [  FINER] [       FXGL.EventBus] [JavaFX Application Thread] Firing event: WorldEvent[type=ENTITY_ADDED]
18 Mar 2016, 10:05:18.375 [  FINER] [      FXGL.GameScene] [JavaFX Application Thread] Entity added to scene
18 Mar 2016, 10:05:18.375 [  FINER] [      FXGL.GameScene] [JavaFX Application Thread] Added MainViewComponent
18 Mar 2016, 10:05:18.375 [  FINER] [       FXGL.EventBus] [JavaFX Application Thread] Firing event: WorldEvent[type=ENTITY_ADDED]
18 Mar 2016, 10:05:18.376 [  FINER] [      FXGL.GameScene] [JavaFX Application Thread] Entity added to scene
18 Mar 2016, 10:05:18.376 [  FINER] [      FXGL.GameScene] [JavaFX Application Thread] Added MainViewComponent
18 Mar 2016, 10:05:18.376 [  FINER] [       FXGL.EventBus] [JavaFX Application Thread] Firing event: WorldEvent[type=ENTITY_ADDED]
18 Mar 2016, 10:05:18.377 [  FINER] [      FXGL.GameScene] [JavaFX Application Thread] Entity added to scene
18 Mar 2016, 10:05:18.377 [  FINER] [      FXGL.GameScene] [JavaFX Application Thread] Added MainViewComponent
18 Mar 2016, 10:05:18.377 [  FINER] [       FXGL.EventBus] [JavaFX Application Thread] Firing event: WorldEvent[type=ENTITY_ADDED]
18 Mar 2016, 10:05:18.377 [  FINER] [      FXGL.GameScene] [JavaFX Application Thread] Entity added to scene
18 Mar 2016, 10:05:18.378 [  FINER] [      FXGL.GameScene] [JavaFX Application Thread] Added MainViewComponent
18 Mar 2016, 10:05:18.378 [  FINER] [       FXGL.EventBus] [JavaFX Application Thread] Firing event: WorldEvent[type=ENTITY_ADDED]
18 Mar 2016, 10:05:18.378 [  FINER] [      FXGL.GameScene] [JavaFX Application Thread] Entity added to scene
18 Mar 2016, 10:05:18.378 [  FINER] [      FXGL.GameScene] [JavaFX Application Thread] Added MainViewComponent
18 Mar 2016, 10:05:18.379 [  FINER] [       FXGL.EventBus] [JavaFX Application Thread] Firing event: WorldEvent[type=ENTITY_ADDED]
18 Mar 2016, 10:05:18.379 [  FINER] [      FXGL.GameScene] [JavaFX Application Thread] Entity added to scene
18 Mar 2016, 10:05:18.379 [  FINER] [      FXGL.GameScene] [JavaFX Application Thread] Added MainViewComponent
18 Mar 2016, 10:05:18.380 [  FINER] [       FXGL.EventBus] [JavaFX Application Thread] Firing event: WorldEvent[type=ENTITY_ADDED]
18 Mar 2016, 10:05:18.380 [  FINER] [      FXGL.GameScene] [JavaFX Application Thread] Entity added to scene
18 Mar 2016, 10:05:18.380 [  FINER] [      FXGL.GameScene] [JavaFX Application Thread] Added MainViewComponent
18 Mar 2016, 10:05:18.381 [  FINER] [       FXGL.EventBus] [JavaFX Application Thread] Firing event: WorldEvent[type=ENTITY_ADDED]
18 Mar 2016, 10:05:18.381 [  FINER] [      FXGL.GameScene] [JavaFX Application Thread] Entity added to scene
18 Mar 2016, 10:05:18.382 [  FINER] [      FXGL.GameScene] [JavaFX Application Thread] Added MainViewComponent
18 Mar 2016, 10:05:18.383 [  FINER] [       FXGL.EventBus] [JavaFX Application Thread] Firing event: WorldEvent[type=ENTITY_ADDED]
18 Mar 2016, 10:05:18.383 [  FINER] [      FXGL.GameScene] [JavaFX Application Thread] Entity added to scene
18 Mar 2016, 10:05:18.384 [  FINER] [      FXGL.GameScene] [JavaFX Application Thread] Added MainViewComponent
18 Mar 2016, 10:05:18.384 [  FINER] [       FXGL.EventBus] [JavaFX Application Thread] Firing event: WorldEvent[type=ENTITY_ADDED]
18 Mar 2016, 10:05:18.385 [  FINER] [      FXGL.GameScene] [JavaFX Application Thread] Entity added to scene
18 Mar 2016, 10:05:18.385 [  FINER] [      FXGL.GameScene] [JavaFX Application Thread] Added MainViewComponent
18 Mar 2016, 10:05:18.385 [  FINER] [       FXGL.EventBus] [JavaFX Application Thread] Firing event: WorldEvent[type=ENTITY_ADDED]
18 Mar 2016, 10:05:18.386 [  FINER] [      FXGL.GameScene] [JavaFX Application Thread] Entity added to scene
18 Mar 2016, 10:05:18.386 [  FINER] [      FXGL.GameScene] [JavaFX Application Thread] Added MainViewComponent
18 Mar 2016, 10:05:18.386 [  FINER] [       FXGL.EventBus] [JavaFX Application Thread] Firing event: WorldEvent[type=ENTITY_ADDED]
18 Mar 2016, 10:05:18.386 [  FINER] [      FXGL.GameScene] [JavaFX Application Thread] Entity added to scene
18 Mar 2016, 10:05:18.387 [  FINER] [      FXGL.GameScene] [JavaFX Application Thread] Added MainViewComponent
18 Mar 2016, 10:05:18.387 [  FINER] [       FXGL.EventBus] [JavaFX Application Thread] Firing event: WorldEvent[type=ENTITY_ADDED]
18 Mar 2016, 10:05:18.387 [  FINER] [      FXGL.GameScene] [JavaFX Application Thread] Entity added to scene
18 Mar 2016, 10:05:18.387 [  FINER] [      FXGL.GameScene] [JavaFX Application Thread] Added MainViewComponent
18 Mar 2016, 10:05:18.388 [  FINER] [       FXGL.EventBus] [JavaFX Application Thread] Firing event: WorldEvent[type=ENTITY_ADDED]
18 Mar 2016, 10:05:18.388 [  FINER] [      FXGL.GameScene] [JavaFX Application Thread] Entity added to scene
18 Mar 2016, 10:05:18.388 [  FINER] [      FXGL.GameScene] [JavaFX Application Thread] Added MainViewComponent
18 Mar 2016, 10:05:18.389 [  FINER] [       FXGL.EventBus] [JavaFX Application Thread] Firing event: WorldEvent[type=ENTITY_ADDED]
18 Mar 2016, 10:05:18.389 [  FINER] [      FXGL.GameScene] [JavaFX Application Thread] Entity added to scene
18 Mar 2016, 10:05:18.389 [  FINER] [      FXGL.GameScene] [JavaFX Application Thread] Added MainViewComponent
18 Mar 2016, 10:05:18.390 [  FINER] [       FXGL.EventBus] [JavaFX Application Thread] Firing event: WorldEvent[type=ENTITY_ADDED]
18 Mar 2016, 10:05:18.390 [  FINER] [      FXGL.GameScene] [JavaFX Application Thread] Entity added to scene
18 Mar 2016, 10:05:18.390 [  FINER] [      FXGL.GameScene] [JavaFX Application Thread] Added MainViewComponent
18 Mar 2016, 10:05:18.391 [  FINER] [       FXGL.EventBus] [JavaFX Application Thread] Firing event: WorldEvent[type=ENTITY_ADDED]
18 Mar 2016, 10:05:18.391 [  FINER] [      FXGL.GameScene] [JavaFX Application Thread] Entity added to scene
18 Mar 2016, 10:05:18.391 [  FINER] [      FXGL.GameScene] [JavaFX Application Thread] Added MainViewComponent
18 Mar 2016, 10:05:18.392 [  FINER] [       FXGL.EventBus] [JavaFX Application Thread] Firing event: WorldEvent[type=ENTITY_ADDED]
18 Mar 2016, 10:05:18.392 [  FINER] [      FXGL.GameScene] [JavaFX Application Thread] Entity added to scene
18 Mar 2016, 10:05:18.392 [  FINER] [      FXGL.GameScene] [JavaFX Application Thread] Added MainViewComponent
18 Mar 2016, 10:05:18.392 [  FINER] [       FXGL.EventBus] [JavaFX Application Thread] Firing event: WorldEvent[type=ENTITY_ADDED]
18 Mar 2016, 10:05:18.393 [  FINER] [      FXGL.GameScene] [JavaFX Application Thread] Entity added to scene
18 Mar 2016, 10:05:18.393 [  FINER] [      FXGL.GameScene] [JavaFX Application Thread] Added MainViewComponent
18 Mar 2016, 10:05:18.393 [  FINER] [       FXGL.EventBus] [JavaFX Application Thread] Firing event: WorldEvent[type=ENTITY_ADDED]
18 Mar 2016, 10:05:18.394 [  FINER] [      FXGL.GameScene] [JavaFX Application Thread] Entity added to scene
18 Mar 2016, 10:05:18.394 [  FINER] [      FXGL.GameScene] [JavaFX Application Thread] Added MainViewComponent
18 Mar 2016, 10:05:18.394 [  FINER] [       FXGL.EventBus] [JavaFX Application Thread] Firing event: WorldEvent[type=ENTITY_ADDED]
18 Mar 2016, 10:05:18.395 [  FINER] [      FXGL.GameScene] [JavaFX Application Thread] Entity added to scene
18 Mar 2016, 10:05:18.396 [  FINER] [      FXGL.GameScene] [JavaFX Application Thread] Added MainViewComponent
18 Mar 2016, 10:05:18.396 [  FINER] [       FXGL.EventBus] [JavaFX Application Thread] Firing event: WorldEvent[type=ENTITY_ADDED]
18 Mar 2016, 10:05:18.396 [  FINER] [      FXGL.GameScene] [JavaFX Application Thread] Entity added to scene
18 Mar 2016, 10:05:18.397 [  FINER] [      FXGL.GameScene] [JavaFX Application Thread] Added MainViewComponent
18 Mar 2016, 10:05:18.397 [  FINER] [       FXGL.EventBus] [JavaFX Application Thread] Firing event: WorldEvent[type=ENTITY_ADDED]
18 Mar 2016, 10:05:18.398 [  FINER] [      FXGL.GameScene] [JavaFX Application Thread] Entity added to scene
18 Mar 2016, 10:05:18.398 [  FINER] [      FXGL.GameScene] [JavaFX Application Thread] Added MainViewComponent
18 Mar 2016, 10:05:18.399 [  FINER] [       FXGL.EventBus] [JavaFX Application Thread] Firing event: WorldEvent[type=ENTITY_ADDED]
18 Mar 2016, 10:05:18.399 [  FINER] [      FXGL.GameScene] [JavaFX Application Thread] Entity added to scene
18 Mar 2016, 10:05:18.399 [  FINER] [      FXGL.GameScene] [JavaFX Application Thread] Added MainViewComponent
18 Mar 2016, 10:05:18.401 [  FINER] [       FXGL.EventBus] [JavaFX Application Thread] Firing event: WorldEvent[type=ENTITY_ADDED]
18 Mar 2016, 10:05:18.401 [  FINER] [      FXGL.GameScene] [JavaFX Application Thread] Entity added to scene
18 Mar 2016, 10:05:18.401 [  FINER] [      FXGL.GameScene] [JavaFX Application Thread] Added MainViewComponent
18 Mar 2016, 10:05:18.402 [  FINER] [       FXGL.EventBus] [JavaFX Application Thread] Firing event: WorldEvent[type=ENTITY_ADDED]
18 Mar 2016, 10:05:18.402 [  FINER] [      FXGL.GameScene] [JavaFX Application Thread] Entity added to scene
18 Mar 2016, 10:05:18.403 [  FINER] [      FXGL.GameScene] [JavaFX Application Thread] Added MainViewComponent
18 Mar 2016, 10:05:18.403 [  FINER] [       FXGL.EventBus] [JavaFX Application Thread] Firing event: WorldEvent[type=ENTITY_ADDED]
18 Mar 2016, 10:05:18.404 [  FINER] [      FXGL.GameScene] [JavaFX Application Thread] Entity added to scene
18 Mar 2016, 10:05:18.404 [  FINER] [      FXGL.GameScene] [JavaFX Application Thread] Added MainViewComponent
18 Mar 2016, 10:05:18.404 [  FINER] [       FXGL.EventBus] [JavaFX Application Thread] Firing event: WorldEvent[type=ENTITY_ADDED]
18 Mar 2016, 10:05:18.404 [  FINER] [      FXGL.GameScene] [JavaFX Application Thread] Entity added to scene
18 Mar 2016, 10:05:18.405 [  FINER] [      FXGL.GameScene] [JavaFX Application Thread] Added MainViewComponent
18 Mar 2016, 10:05:18.405 [  FINER] [       FXGL.EventBus] [JavaFX Application Thread] Firing event: WorldEvent[type=ENTITY_ADDED]
18 Mar 2016, 10:05:18.405 [  FINER] [      FXGL.GameScene] [JavaFX Application Thread] Entity added to scene
18 Mar 2016, 10:05:18.406 [  FINER] [      FXGL.GameScene] [JavaFX Application Thread] Added MainViewComponent
18 Mar 2016, 10:05:18.406 [  FINER] [       FXGL.EventBus] [JavaFX Application Thread] Firing event: WorldEvent[type=ENTITY_ADDED]
18 Mar 2016, 10:05:18.407 [  FINER] [      FXGL.GameScene] [JavaFX Application Thread] Entity added to scene
18 Mar 2016, 10:05:18.407 [  FINER] [      FXGL.GameScene] [JavaFX Application Thread] Added MainViewComponent
18 Mar 2016, 10:05:18.407 [  FINER] [       FXGL.EventBus] [JavaFX Application Thread] Firing event: WorldEvent[type=ENTITY_ADDED]
18 Mar 2016, 10:05:18.408 [  FINER] [      FXGL.GameScene] [JavaFX Application Thread] Entity added to scene
18 Mar 2016, 10:05:18.408 [  FINER] [      FXGL.GameScene] [JavaFX Application Thread] Added MainViewComponent
18 Mar 2016, 10:05:18.408 [  FINER] [       FXGL.EventBus] [JavaFX Application Thread] Firing event: WorldEvent[type=ENTITY_ADDED]
18 Mar 2016, 10:05:18.409 [  FINER] [      FXGL.GameScene] [JavaFX Application Thread] Entity added to scene
18 Mar 2016, 10:05:18.409 [  FINER] [      FXGL.GameScene] [JavaFX Application Thread] Added MainViewComponent
18 Mar 2016, 10:05:18.410 [  FINER] [       FXGL.EventBus] [JavaFX Application Thread] Firing event: WorldEvent[type=ENTITY_ADDED]
18 Mar 2016, 10:05:18.410 [  FINER] [      FXGL.GameScene] [JavaFX Application Thread] Entity added to scene
18 Mar 2016, 10:05:18.410 [  FINER] [      FXGL.GameScene] [JavaFX Application Thread] Added MainViewComponent
18 Mar 2016, 10:05:18.411 [  FINER] [       FXGL.EventBus] [JavaFX Application Thread] Firing event: WorldEvent[type=ENTITY_ADDED]
18 Mar 2016, 10:05:18.412 [  FINER] [      FXGL.GameScene] [JavaFX Application Thread] Entity added to scene
18 Mar 2016, 10:05:18.412 [  FINER] [      FXGL.GameScene] [JavaFX Application Thread] Added MainViewComponent
18 Mar 2016, 10:05:18.413 [  FINER] [       FXGL.EventBus] [JavaFX Application Thread] Firing event: WorldEvent[type=ENTITY_ADDED]
18 Mar 2016, 10:05:18.413 [  FINER] [      FXGL.GameScene] [JavaFX Application Thread] Entity added to scene
18 Mar 2016, 10:05:18.413 [  FINER] [      FXGL.GameScene] [JavaFX Application Thread] Added MainViewComponent
18 Mar 2016, 10:05:18.414 [  FINER] [       FXGL.EventBus] [JavaFX Application Thread] Firing event: WorldEvent[type=ENTITY_ADDED]
18 Mar 2016, 10:05:18.414 [  FINER] [      FXGL.GameScene] [JavaFX Application Thread] Entity added to scene
18 Mar 2016, 10:05:18.414 [  FINER] [      FXGL.GameScene] [JavaFX Application Thread] Added MainViewComponent
18 Mar 2016, 10:05:18.415 [  FINER] [       FXGL.EventBus] [JavaFX Application Thread] Firing event: WorldEvent[type=ENTITY_ADDED]
18 Mar 2016, 10:05:18.415 [  FINER] [      FXGL.GameScene] [JavaFX Application Thread] Entity added to scene
18 Mar 2016, 10:05:18.415 [  FINER] [      FXGL.GameScene] [JavaFX Application Thread] Added MainViewComponent
18 Mar 2016, 10:05:18.417 [  FINER] [       FXGL.EventBus] [JavaFX Application Thread] Firing event: WorldEvent[type=ENTITY_ADDED]
18 Mar 2016, 10:05:18.417 [  FINER] [      FXGL.GameScene] [JavaFX Application Thread] Entity added to scene
18 Mar 2016, 10:05:18.417 [  FINER] [      FXGL.GameScene] [JavaFX Application Thread] Added MainViewComponent
18 Mar 2016, 10:05:18.418 [  FINER] [       FXGL.EventBus] [JavaFX Application Thread] Firing event: WorldEvent[type=ENTITY_ADDED]
18 Mar 2016, 10:05:18.418 [  FINER] [      FXGL.GameScene] [JavaFX Application Thread] Entity added to scene
18 Mar 2016, 10:05:18.419 [  FINER] [      FXGL.GameScene] [JavaFX Application Thread] Added MainViewComponent
18 Mar 2016, 10:05:18.419 [  FINER] [       FXGL.EventBus] [JavaFX Application Thread] Firing event: WorldEvent[type=ENTITY_ADDED]
18 Mar 2016, 10:05:18.419 [  FINER] [      FXGL.GameScene] [JavaFX Application Thread] Entity added to scene
18 Mar 2016, 10:05:18.419 [  FINER] [      FXGL.GameScene] [JavaFX Application Thread] Added MainViewComponent
18 Mar 2016, 10:05:18.420 [  FINER] [       FXGL.EventBus] [JavaFX Application Thread] Firing event: WorldEvent[type=ENTITY_ADDED]
18 Mar 2016, 10:05:18.420 [  FINER] [      FXGL.GameScene] [JavaFX Application Thread] Entity added to scene
18 Mar 2016, 10:05:18.420 [  FINER] [      FXGL.GameScene] [JavaFX Application Thread] Added MainViewComponent
18 Mar 2016, 10:05:18.421 [  FINER] [       FXGL.EventBus] [JavaFX Application Thread] Firing event: WorldEvent[type=ENTITY_ADDED]
18 Mar 2016, 10:05:18.421 [  FINER] [      FXGL.GameScene] [JavaFX Application Thread] Entity added to scene
18 Mar 2016, 10:05:18.421 [  FINER] [      FXGL.GameScene] [JavaFX Application Thread] Added MainViewComponent
18 Mar 2016, 10:05:23.819 [  FINER] [       FXGL.EventBus] [JavaFX Application Thread] Firing event: DisplayEvent[type=DIALOG_OPENED]
18 Mar 2016, 10:05:23.819 [  FINER] [    FXGL.Application] [JavaFX Application Thread] Pausing main loop
18 Mar 2016, 10:05:23.819 [  FINER] [       FXGL.EventBus] [JavaFX Application Thread] Firing event: FXGLEvent[type=PAUSE]
18 Mar 2016, 10:05:23.819 [  FINER] [          FXGL.Input] [JavaFX Application Thread] Clearing active input actions
18 Mar 2016, 10:05:23.819 [  FINER] [    FXGL.MasterTimer] [JavaFX Application Thread] Stopping master timer
18 Mar 2016, 10:05:23.820 [  FINER] [    FXGL.Application] [JavaFX Application Thread] State: PLAYING -> PAUSED
18 Mar 2016, 10:05:23.820 [  FINER] [          FXGL.Input] [JavaFX Application Thread] Clearing active input actions
18 Mar 2016, 10:05:25.172 [  FINER] [       FXGL.EventBus] [JavaFX Application Thread] Firing event: DisplayEvent[type=DIALOG_CLOSED]
18 Mar 2016, 10:05:25.172 [  FINER] [    FXGL.Application] [JavaFX Application Thread] Resuming main loop
18 Mar 2016, 10:05:25.172 [  FINER] [       FXGL.EventBus] [JavaFX Application Thread] Firing event: FXGLEvent[type=RESUME]
18 Mar 2016, 10:05:25.172 [  FINER] [          FXGL.Input] [JavaFX Application Thread] Clearing active input actions
18 Mar 2016, 10:05:25.173 [  FINER] [    FXGL.MasterTimer] [JavaFX Application Thread] Starting master timer
18 Mar 2016, 10:05:25.173 [  FINER] [    FXGL.Application] [JavaFX Application Thread] State: PAUSED -> PLAYING
18 Mar 2016, 10:05:25.173 [  FINER] [       FXGL.EventBus] [JavaFX Application Thread] Firing event: DisplayEvent[type=CLOSE_REQUEST]
18 Mar 2016, 10:05:25.173 [  FINER] [    FXGL.Application] [JavaFX Application Thread] Exiting Normally
18 Mar 2016, 10:05:25.173 [  FINER] [       FXGL.EventBus] [JavaFX Application Thread] Firing event: FXGLEvent[type=EXIT]
18 Mar 2016, 10:05:25.173 [  FINER] [         FXGL.Logger] [JavaFX Application Thread] Logger is closing
