01 Mar 2016, 20:25:17.099 [   INFO] [         FXGL.Logger] [JavaFX Application Thread] Logger initialized with level: CONFIG
01 Mar 2016, 20:25:17.102 [  FINER] [         FXGL.Logger] [JavaFX Application Thread] CPU cores: 4
01 Mar 2016, 20:25:17.105 [  FINER] [         FXGL.Logger] [JavaFX Application Thread] Free Memory: 107MB
01 Mar 2016, 20:25:17.105 [  FINER] [         FXGL.Logger] [JavaFX Application Thread] Max Memory: 1755MB
01 Mar 2016, 20:25:17.105 [  FINER] [         FXGL.Logger] [JavaFX Application Thread] Total Memory: 119MB
01 Mar 2016, 20:25:17.106 [  FINER] [         FXGL.Logger] [JavaFX Application Thread] System Properties:
01 Mar 2016, 20:25:17.107 [  FINER] [         FXGL.Logger] [JavaFX Application Thread] sun.cpu.isalist=amd64
01 Mar 2016, 20:25:17.107 [  FINER] [         FXGL.Logger] [JavaFX Application Thread] sun.desktop=windows
01 Mar 2016, 20:25:17.107 [  FINER] [         FXGL.Logger] [JavaFX Application Thread] sun.io.unicode.encoding=UnicodeLittle
01 Mar 2016, 20:25:17.107 [  FINER] [         FXGL.Logger] [JavaFX Application Thread] sun.cpu.endian=little
01 Mar 2016, 20:25:17.108 [  FINER] [         FXGL.Logger] [JavaFX Application Thread] java.vendor.url.bug=http://bugreport.sun.com/bugreport/
01 Mar 2016, 20:25:17.108 [  FINER] [         FXGL.Logger] [JavaFX Application Thread] file.separator=\
01 Mar 2016, 20:25:17.108 [  FINER] [         FXGL.Logger] [JavaFX Application Thread] java.vendor=Oracle Corporation
01 Mar 2016, 20:25:17.108 [  FINER] [         FXGL.Logger] [JavaFX Application Thread] sun.boot.class.path=C:\Program Files\Java\jre1.8.0_73\lib\resources.jar;C:\Program Files\Java\jre1.8.0_73\lib\rt.jar;C:\Program Files\Java\jre1.8.0_73\lib\sunrsasign.jar;C:\Program Files\Java\jre1.8.0_73\lib\jsse.jar;C:\Program Files\Java\jre1.8.0_73\lib\jce.jar;C:\Program Files\Java\jre1.8.0_73\lib\charsets.jar;C:\Program Files\Java\jre1.8.0_73\lib\jfr.jar;C:\Program Files\Java\jre1.8.0_73\classes
01 Mar 2016, 20:25:17.109 [  FINER] [         FXGL.Logger] [JavaFX Application Thread] java.ext.dirs=C:\Program Files\Java\jre1.8.0_73\lib\ext;C:\Windows\Sun\Java\lib\ext
01 Mar 2016, 20:25:17.109 [  FINER] [         FXGL.Logger] [JavaFX Application Thread] java.version=1.8.0_73
01 Mar 2016, 20:25:17.109 [  FINER] [         FXGL.Logger] [JavaFX Application Thread] java.vm.info=mixed mode
01 Mar 2016, 20:25:17.109 [  FINER] [         FXGL.Logger] [JavaFX Application Thread] awt.toolkit=sun.awt.windows.WToolkit
01 Mar 2016, 20:25:17.109 [  FINER] [         FXGL.Logger] [JavaFX Application Thread] user.language=en
01 Mar 2016, 20:25:17.110 [  FINER] [         FXGL.Logger] [JavaFX Application Thread] java.specification.vendor=Oracle Corporation
01 Mar 2016, 20:25:17.110 [  FINER] [         FXGL.Logger] [JavaFX Application Thread] sun.java.command=com.chromalife.SpaceInvaders.SpaceInvadersApp
01 Mar 2016, 20:25:17.110 [  FINER] [         FXGL.Logger] [JavaFX Application Thread] java.home=C:\Program Files\Java\jre1.8.0_73
01 Mar 2016, 20:25:17.111 [  FINER] [         FXGL.Logger] [JavaFX Application Thread] sun.arch.data.model=64
01 Mar 2016, 20:25:17.111 [  FINER] [         FXGL.Logger] [JavaFX Application Thread] java.vm.specification.version=1.8
01 Mar 2016, 20:25:17.111 [  FINER] [         FXGL.Logger] [JavaFX Application Thread] java.class.path=D:\SpaceInvaders\target\classes;C:\Users\Anwar Saleeby\.m2\repository\com\github\AlmasB\FXGL\0.2.1-0.2.0-gba5970d-32\FXGL-0.2.1-0.2.0-gba5970d-32.jar;C:\Users\Anwar Saleeby\.m2\repository\com\google\inject\guice\4.0\guice-4.0.jar;C:\Users\Anwar Saleeby\.m2\repository\javax\inject\javax.inject\1\javax.inject-1.jar;C:\Users\Anwar Saleeby\.m2\repository\aopalliance\aopalliance\1.0\aopalliance-1.0.jar;C:\Users\Anwar Saleeby\.m2\repository\com\google\guava\guava\16.0.1\guava-16.0.1.jar;C:\Users\Anwar Saleeby\.m2\repository\org\jfxtras\jfxtras-window\8.0-r4\jfxtras-window-8.0-r4.jar;C:\Users\Anwar Saleeby\.m2\repository\org\jfxtras\jfxtras-common\8.0-r4\jfxtras-common-8.0-r4.jar;C:\Users\Anwar Saleeby\.m2\repository\com\github\AlmasB\FXEventBus\1.0\FXEventBus-1.0.jar;C:\Users\Anwar Saleeby\.m2\repository\com\github\AlmasB\Ents\1.0\Ents-1.0.jar;C:\Users\Anwar Saleeby\.m2\repository\org\apache\logging\log4j\log4j-api\2.5\log4j-api-2.5.jar;C:\Users\Anwar Saleeby\.m2\repository\org\apache\logging\log4j\log4j-core\2.5\log4j-core-2.5.jar;C:\Users\Anwar Saleeby\.m2\repository\com\github\AlmasB\AStar\1.0\AStar-1.0.jar
01 Mar 2016, 20:25:17.111 [  FINER] [         FXGL.Logger] [JavaFX Application Thread] user.name=Anwar Saleeby
01 Mar 2016, 20:25:17.112 [  FINER] [         FXGL.Logger] [JavaFX Application Thread] file.encoding=Cp1252
01 Mar 2016, 20:25:17.112 [  FINER] [         FXGL.Logger] [JavaFX Application Thread] java.specification.version=1.8
01 Mar 2016, 20:25:17.112 [  FINER] [         FXGL.Logger] [JavaFX Application Thread] java.awt.printerjob=sun.awt.windows.WPrinterJob
01 Mar 2016, 20:25:17.112 [  FINER] [         FXGL.Logger] [JavaFX Application Thread] user.timezone=America/New_York
01 Mar 2016, 20:25:17.113 [  FINER] [         FXGL.Logger] [JavaFX Application Thread] user.home=C:\Users\Anwar Saleeby
01 Mar 2016, 20:25:17.113 [  FINER] [         FXGL.Logger] [JavaFX Application Thread] os.version=10.0
01 Mar 2016, 20:25:17.113 [  FINER] [         FXGL.Logger] [JavaFX Application Thread] sun.management.compiler=HotSpot 64-Bit Tiered Compilers
01 Mar 2016, 20:25:17.114 [  FINER] [         FXGL.Logger] [JavaFX Application Thread] java.specification.name=Java Platform API Specification
01 Mar 2016, 20:25:17.114 [  FINER] [         FXGL.Logger] [JavaFX Application Thread] java.class.version=52.0
01 Mar 2016, 20:25:17.114 [  FINER] [         FXGL.Logger] [JavaFX Application Thread] java.library.path=C:\Program Files\Java\jre1.8.0_73\bin;C:\Windows\Sun\Java\bin;C:\Windows\system32;C:\Windows;C:/Program Files/Java/jre1.8.0_73/bin/server;C:/Program Files/Java/jre1.8.0_73/bin;C:/Program Files/Java/jre1.8.0_73/lib/amd64;C:\oraclexe\app\oracle\product\11.2.0\server\bin;C:\ProgramData\Oracle\Java\javapath;C:\Windows\system32;C:\Windows;C:\Windows\System32\Wbem;C:\Windows\System32\WindowsPowerShell\v1.0\;C:\Program Files\nodejs\;C:\Program Files\Git\cmd;C:\Users\Anwar Saleeby\AppData\Local\Programs\Python\Python35\Scripts\;C:\Users\Anwar Saleeby\AppData\Local\Programs\Python\Python35\;C:\Users\Anwar Saleeby\AppData\Roaming\npm;C:\Program Files\MongoDB\Server\3.2\bin;C:\Program Files\Git;C:\Program Files\eclipse;;.
01 Mar 2016, 20:25:17.115 [  FINER] [         FXGL.Logger] [JavaFX Application Thread] sun.jnu.encoding=Cp1252
01 Mar 2016, 20:25:17.115 [  FINER] [         FXGL.Logger] [JavaFX Application Thread] os.name=Windows 10
01 Mar 2016, 20:25:17.115 [  FINER] [         FXGL.Logger] [JavaFX Application Thread] user.variant=
01 Mar 2016, 20:25:17.115 [  FINER] [         FXGL.Logger] [JavaFX Application Thread] java.vm.specification.vendor=Oracle Corporation
01 Mar 2016, 20:25:17.116 [  FINER] [         FXGL.Logger] [JavaFX Application Thread] java.io.tmpdir=C:\Users\ANWARS~1\AppData\Local\Temp\
01 Mar 2016, 20:25:17.116 [  FINER] [         FXGL.Logger] [JavaFX Application Thread] line.separator=

01 Mar 2016, 20:25:17.116 [  FINER] [         FXGL.Logger] [JavaFX Application Thread] java.endorsed.dirs=C:\Program Files\Java\jre1.8.0_73\lib\endorsed
01 Mar 2016, 20:25:17.116 [  FINER] [         FXGL.Logger] [JavaFX Application Thread] os.arch=amd64
01 Mar 2016, 20:25:17.117 [  FINER] [         FXGL.Logger] [JavaFX Application Thread] javafx.runtime.version=8.0.71-b15
01 Mar 2016, 20:25:17.117 [  FINER] [         FXGL.Logger] [JavaFX Application Thread] java.awt.graphicsenv=sun.awt.Win32GraphicsEnvironment
01 Mar 2016, 20:25:17.117 [  FINER] [         FXGL.Logger] [JavaFX Application Thread] java.runtime.version=1.8.0_73-b02
01 Mar 2016, 20:25:17.118 [  FINER] [         FXGL.Logger] [JavaFX Application Thread] java.vm.specification.name=Java Virtual Machine Specification
01 Mar 2016, 20:25:17.118 [  FINER] [         FXGL.Logger] [JavaFX Application Thread] user.dir=D:\SpaceInvaders
01 Mar 2016, 20:25:17.118 [  FINER] [         FXGL.Logger] [JavaFX Application Thread] user.country=US
01 Mar 2016, 20:25:17.118 [  FINER] [         FXGL.Logger] [JavaFX Application Thread] user.script=
01 Mar 2016, 20:25:17.118 [  FINER] [         FXGL.Logger] [JavaFX Application Thread] sun.java.launcher=SUN_STANDARD
01 Mar 2016, 20:25:17.119 [  FINER] [         FXGL.Logger] [JavaFX Application Thread] sun.os.patch.level=
01 Mar 2016, 20:25:17.119 [  FINER] [         FXGL.Logger] [JavaFX Application Thread] java.vm.name=Java HotSpot(TM) 64-Bit Server VM
01 Mar 2016, 20:25:17.119 [  FINER] [         FXGL.Logger] [JavaFX Application Thread] file.encoding.pkg=sun.io
01 Mar 2016, 20:25:17.119 [  FINER] [         FXGL.Logger] [JavaFX Application Thread] path.separator=;
01 Mar 2016, 20:25:17.119 [  FINER] [         FXGL.Logger] [JavaFX Application Thread] java.vm.vendor=Oracle Corporation
01 Mar 2016, 20:25:17.120 [  FINER] [         FXGL.Logger] [JavaFX Application Thread] java.vendor.url=http://java.oracle.com/
01 Mar 2016, 20:25:17.120 [  FINER] [         FXGL.Logger] [JavaFX Application Thread] sun.boot.library.path=C:\Program Files\Java\jre1.8.0_73\bin
01 Mar 2016, 20:25:17.120 [  FINER] [         FXGL.Logger] [JavaFX Application Thread] java.vm.version=25.73-b02
01 Mar 2016, 20:25:17.120 [  FINER] [         FXGL.Logger] [JavaFX Application Thread] java.runtime.name=Java(TM) SE Runtime Environment
01 Mar 2016, 20:25:17.120 [  FINER] [         FXGL.Logger] [JavaFX Application Thread] javafx.version=8.0.71
01 Mar 2016, 20:25:17.123 [   INFO] [        FXGL.Version] [JavaFX Application Thread] FXGL-0.2.1-SNAPSHOT
01 Mar 2016, 20:25:17.124 [   INFO] [        FXGL.Version] [JavaFX Application Thread] Source code and latest builds at: https://github.com/AlmasB/FXGL
01 Mar 2016, 20:25:17.131 [  FINER] [    FXGL.Application] [JavaFX Application Thread] Game_clinit()
01 Mar 2016, 20:25:17.139 [  FINER] [    FXGL.Application] [JavaFX-Launcher] FXGL_init()
01 Mar 2016, 20:25:17.164 [  FINER] [    FXGL.Application] [JavaFX Application Thread] FXGL_start()
01 Mar 2016, 20:25:17.164 [  FINER] [    FXGL.Application] [JavaFX Application Thread] Initializing system properties
01 Mar 2016, 20:25:17.167 [  FINER] [    FXGL.Application] [JavaFX Application Thread] sound.notification = system/notification.wav
01 Mar 2016, 20:25:17.167 [  FINER] [    FXGL.Application] [JavaFX Application Thread] asset.cache.size = 35
01 Mar 2016, 20:25:17.167 [  FINER] [    FXGL.Application] [JavaFX Application Thread] ui.font = Copperplate_Gothic_Light_Regular.ttf
01 Mar 2016, 20:25:17.168 [  FINER] [    FXGL.Application] [JavaFX Application Thread] sound.menu.back = menu/back.wav
01 Mar 2016, 20:25:17.168 [  FINER] [    FXGL.Application] [JavaFX Application Thread] sound.menu.select = menu/select.wav
01 Mar 2016, 20:25:17.168 [  FINER] [    FXGL.Application] [JavaFX Application Thread] physics.ppm = 50
01 Mar 2016, 20:25:17.168 [  FINER] [    FXGL.Application] [JavaFX Application Thread] ui.css = fxgl.css
01 Mar 2016, 20:25:17.168 [  FINER] [    FXGL.Application] [JavaFX Application Thread] ui.icon.name = fxgl_icon.png
01 Mar 2016, 20:25:17.169 [  FINER] [    FXGL.Application] [JavaFX Application Thread] sound.menu.press = menu/press.wav
01 Mar 2016, 20:25:17.169 [  FINER] [    FXGL.Application] [JavaFX Application Thread] Initializing user properties
01 Mar 2016, 20:25:17.169 [   INFO] [    FXGL.Application] [JavaFX Application Thread] User properties not found. Using system
01 Mar 2016, 20:25:17.179 [   INFO] [         FXGL.Logger] [JavaFX Application Thread] Logger level set to: CONFIG
01 Mar 2016, 20:25:17.179 [   INFO] [    FXGL.Application] [JavaFX Application Thread] Application Mode: DEVELOPER
01 Mar 2016, 20:25:17.622 [  FINER] [    FXGL.Application] [JavaFX Application Thread] Services configuration complete
01 Mar 2016, 20:25:17.630 [  FINER] [       FXGL.EventBus] [JavaFX Application Thread] Service [EventBus] initialized
01 Mar 2016, 20:25:17.633 [  FINER] [    FXGL.AssetLoader] [JavaFX Application Thread] Service [AssetLoader] initialized
01 Mar 2016, 20:25:17.635 [  FINER] [    FXGL.AssetLoader] [JavaFX Application Thread] Loading from disk: /assets/sounds/system/notification.wav
01 Mar 2016, 20:25:17.696 [  FINER] [    FXGL.AssetLoader] [JavaFX Application Thread] Loading from disk: /assets/sounds/menu/select.wav
01 Mar 2016, 20:25:17.698 [  FINER] [    FXGL.AssetLoader] [JavaFX Application Thread] Loading from disk: /assets/sounds/menu/back.wav
01 Mar 2016, 20:25:17.701 [  FINER] [    FXGL.AssetLoader] [JavaFX Application Thread] Loading from disk: /assets/sounds/menu/press.wav
01 Mar 2016, 20:25:17.704 [  FINER] [    FXGL.AssetLoader] [JavaFX Application Thread] Loading from disk: /assets/ui/fonts/Copperplate_Gothic_Light_Regular.ttf
01 Mar 2016, 20:25:17.787 [  FINER] [    FXGL.AssetLoader] [JavaFX Application Thread] Loading from disk: /assets/ui/css/fxgl.css
01 Mar 2016, 20:25:17.788 [  FINER] [    FXGL.AssetLoader] [JavaFX Application Thread] Loading from disk: /assets/ui/icons/fxgl_icon.png
01 Mar 2016, 20:25:17.831 [  FINER] [    FXGL.AssetLoader] [JavaFX Application Thread] Loading from disk: /assets/ui/css/fxgl_dark.css
01 Mar 2016, 20:25:17.908 [  FINER] [        FXGL.Display] [JavaFX Application Thread] Target size: 480.0x800.0@1.0
01 Mar 2016, 20:25:17.908 [  FINER] [        FXGL.Display] [JavaFX Application Thread] New size:    480.0x800.0@1.0
01 Mar 2016, 20:25:17.910 [  FINER] [        FXGL.Display] [JavaFX Application Thread] Service [Display] initialized
01 Mar 2016, 20:25:17.910 [  FINER] [        FXGL.Display] [JavaFX Application Thread] Using CSS: CSS[jar:file:/C:/Users/Anwar%20Saleeby/.m2/repository/com/github/AlmasB/FXGL/0.2.1-0.2.0-gba5970d-32/FXGL-0.2.1-0.2.0-gba5970d-32.jar!/assets/ui/css/fxgl_dark.css]
01 Mar 2016, 20:25:17.914 [  FINER] [          FXGL.Input] [JavaFX Application Thread] Service [Input] initialized
01 Mar 2016, 20:25:17.916 [  FINER] [    FXGL.AudioPlayer] [JavaFX Application Thread] Service [AudioPlayer] initialized
01 Mar 2016, 20:25:17.922 [  FINER] [    FXGL.MasterTimer] [JavaFX Application Thread] Service [MasterTimer] initialized
01 Mar 2016, 20:25:17.935 [  FINER] [      FXGL.GameScene] [JavaFX Application Thread] Game scene initialized
01 Mar 2016, 20:25:17.936 [  FINER] [FXGL.NotificationSer] [JavaFX Application Thread] Service [NotificationService] initialized
01 Mar 2016, 20:25:18.208 [  FINER] [      FXGL.GameWorld] [JavaFX Application Thread] Game world initialized
01 Mar 2016, 20:25:18.318 [  FINER] [   FXGL.PhysicsWorld] [JavaFX Application Thread] Physics world initialized
01 Mar 2016, 20:25:18.338 [  FINER] [    FXGL.Application] [JavaFX Application Thread] Game_start()
01 Mar 2016, 20:25:18.343 [  FINER] [    FXGL.Application] [JavaFX Application Thread] Saving data to profile
01 Mar 2016, 20:25:18.345 [  FINER] [    FXGL.UserProfile] [JavaFX Application Thread] Logging bundle: game
01 Mar 2016, 20:25:18.346 [  FINER] [    FXGL.UserProfile] [JavaFX Application Thread] game.playtime=1206057768
01 Mar 2016, 20:25:18.346 [  FINER] [       FXGL.EventBus] [JavaFX Application Thread] Firing event: SaveEvent
01 Mar 2016, 20:25:18.348 [  FINER] [        FXGL.Display] [JavaFX Application Thread] Saving data to profile
01 Mar 2016, 20:25:18.348 [  FINER] [    FXGL.UserProfile] [JavaFX Application Thread] Logging bundle: scene
01 Mar 2016, 20:25:18.348 [  FINER] [    FXGL.UserProfile] [JavaFX Application Thread] scene.sizeW=480.0
01 Mar 2016, 20:25:18.348 [  FINER] [    FXGL.UserProfile] [JavaFX Application Thread] scene.sizeH=800.0
01 Mar 2016, 20:25:18.348 [  FINER] [          FXGL.Input] [JavaFX Application Thread] Saving data to profile
01 Mar 2016, 20:25:18.349 [  FINER] [    FXGL.UserProfile] [JavaFX Application Thread] Logging bundle: input
01 Mar 2016, 20:25:18.349 [  FINER] [    FXGL.AudioPlayer] [JavaFX Application Thread] Saving data to profile
01 Mar 2016, 20:25:18.349 [  FINER] [    FXGL.UserProfile] [JavaFX Application Thread] Logging bundle: audio
01 Mar 2016, 20:25:18.349 [  FINER] [    FXGL.UserProfile] [JavaFX Application Thread] audio.musicVolume=0.5
01 Mar 2016, 20:25:18.350 [  FINER] [    FXGL.UserProfile] [JavaFX Application Thread] audio.soundVolume=0.5
01 Mar 2016, 20:25:18.350 [  FINER] [FXGL.AchievementMana] [JavaFX Application Thread] Saving data to profile
01 Mar 2016, 20:25:18.351 [  FINER] [    FXGL.UserProfile] [JavaFX Application Thread] Logging bundle: achievement
01 Mar 2016, 20:25:18.351 [  FINER] [    FXGL.Application] [JavaFX Application Thread] Starting new game
01 Mar 2016, 20:25:18.354 [  FINER] [    FXGL.Application] [JavaFX Application Thread] Initializing App
01 Mar 2016, 20:25:18.354 [  FINER] [    FXGL.Application] [JavaFX Application Thread] Pausing main loop
01 Mar 2016, 20:25:18.355 [  FINER] [       FXGL.EventBus] [JavaFX Application Thread] Firing event: FXGLEvent[type=PAUSE]
01 Mar 2016, 20:25:18.355 [  FINER] [          FXGL.Input] [JavaFX Application Thread] Clearing active input actions
01 Mar 2016, 20:25:18.355 [  FINER] [    FXGL.MasterTimer] [JavaFX Application Thread] Stopping master timer
01 Mar 2016, 20:25:18.355 [  FINER] [    FXGL.Application] [JavaFX Application Thread] State: STARTUP -> PAUSED
01 Mar 2016, 20:25:18.356 [  FINER] [    FXGL.Application] [JavaFX Application Thread] Resetting FXGL application
01 Mar 2016, 20:25:18.356 [  FINER] [       FXGL.EventBus] [JavaFX Application Thread] Firing event: FXGLEvent[type=RESET]
01 Mar 2016, 20:25:18.356 [  FINER] [          FXGL.Input] [JavaFX Application Thread] Clearing active input actions
01 Mar 2016, 20:25:18.357 [  FINER] [    FXGL.MasterTimer] [JavaFX Application Thread] Resetting ticks to 0
01 Mar 2016, 20:25:18.357 [  FINER] [    FXGL.MasterTimer] [JavaFX Application Thread] Clearing all scheduled actions
01 Mar 2016, 20:25:18.357 [  FINER] [      FXGL.GameScene] [JavaFX Application Thread] Resetting game scene
01 Mar 2016, 20:25:18.357 [  FINER] [      FXGL.GameWorld] [JavaFX Application Thread] Resetting game world
01 Mar 2016, 20:25:18.359 [  FINER] [    FXGL.Application] [JavaFX Application Thread] State: PAUSED -> LOADING
01 Mar 2016, 20:25:18.395 [  FINER] [    FXGL.Application] [JavaFX Application Thread] Starting FXGL Init Thread
01 Mar 2016, 20:25:18.396 [  FINER] [    FXGL.Application] [FXGL Init Thread] Initializing Assets
01 Mar 2016, 20:25:18.398 [  FINER] [    FXGL.AssetLoader] [FXGL Init Thread] Loading from disk: /assets/textures/spaceship.png
01 Mar 2016, 20:25:18.404 [  FINER] [    FXGL.AssetLoader] [FXGL Init Thread] Loading from disk: /assets/textures/enemy.png
01 Mar 2016, 20:25:18.408 [  FINER] [    FXGL.Application] [FXGL Init Thread] Initializing Game
01 Mar 2016, 20:25:18.430 [  FINER] [    FXGL.AssetLoader] [FXGL Init Thread] Loading from cache: /assets/textures/enemy.png
01 Mar 2016, 20:25:18.431 [  FINER] [    FXGL.AssetLoader] [FXGL Init Thread] Loading from cache: /assets/textures/enemy.png
01 Mar 2016, 20:25:18.433 [  FINER] [    FXGL.AssetLoader] [FXGL Init Thread] Loading from cache: /assets/textures/enemy.png
01 Mar 2016, 20:25:18.434 [  FINER] [    FXGL.AssetLoader] [FXGL Init Thread] Loading from cache: /assets/textures/enemy.png
01 Mar 2016, 20:25:18.435 [  FINER] [    FXGL.AssetLoader] [FXGL Init Thread] Loading from cache: /assets/textures/enemy.png
01 Mar 2016, 20:25:18.436 [  FINER] [    FXGL.AssetLoader] [FXGL Init Thread] Loading from cache: /assets/textures/enemy.png
01 Mar 2016, 20:25:18.437 [  FINER] [    FXGL.AssetLoader] [FXGL Init Thread] Loading from cache: /assets/textures/enemy.png
01 Mar 2016, 20:25:18.438 [  FINER] [    FXGL.AssetLoader] [FXGL Init Thread] Loading from cache: /assets/textures/enemy.png
01 Mar 2016, 20:25:18.439 [  FINER] [    FXGL.AssetLoader] [FXGL Init Thread] Loading from cache: /assets/textures/enemy.png
01 Mar 2016, 20:25:18.440 [  FINER] [    FXGL.AssetLoader] [FXGL Init Thread] Loading from cache: /assets/textures/enemy.png
01 Mar 2016, 20:25:18.441 [  FINER] [    FXGL.AssetLoader] [FXGL Init Thread] Loading from cache: /assets/textures/enemy.png
01 Mar 2016, 20:25:18.448 [  FINER] [    FXGL.AssetLoader] [FXGL Init Thread] Loading from cache: /assets/textures/enemy.png
01 Mar 2016, 20:25:18.449 [  FINER] [    FXGL.AssetLoader] [FXGL Init Thread] Loading from cache: /assets/textures/enemy.png
01 Mar 2016, 20:25:18.452 [  FINER] [    FXGL.AssetLoader] [FXGL Init Thread] Loading from cache: /assets/textures/enemy.png
01 Mar 2016, 20:25:18.453 [  FINER] [    FXGL.AssetLoader] [FXGL Init Thread] Loading from cache: /assets/textures/enemy.png
01 Mar 2016, 20:25:18.454 [  FINER] [    FXGL.AssetLoader] [FXGL Init Thread] Loading from cache: /assets/textures/enemy.png
01 Mar 2016, 20:25:18.454 [  FINER] [    FXGL.AssetLoader] [FXGL Init Thread] Loading from cache: /assets/textures/enemy.png
01 Mar 2016, 20:25:18.455 [  FINER] [    FXGL.AssetLoader] [FXGL Init Thread] Loading from cache: /assets/textures/enemy.png
01 Mar 2016, 20:25:18.456 [  FINER] [    FXGL.AssetLoader] [FXGL Init Thread] Loading from cache: /assets/textures/enemy.png
01 Mar 2016, 20:25:18.457 [  FINER] [    FXGL.AssetLoader] [FXGL Init Thread] Loading from cache: /assets/textures/enemy.png
01 Mar 2016, 20:25:18.458 [  FINER] [    FXGL.AssetLoader] [FXGL Init Thread] Loading from cache: /assets/textures/enemy.png
01 Mar 2016, 20:25:18.459 [  FINER] [    FXGL.AssetLoader] [FXGL Init Thread] Loading from cache: /assets/textures/enemy.png
01 Mar 2016, 20:25:18.459 [  FINER] [    FXGL.AssetLoader] [FXGL Init Thread] Loading from cache: /assets/textures/enemy.png
01 Mar 2016, 20:25:18.460 [  FINER] [    FXGL.AssetLoader] [FXGL Init Thread] Loading from cache: /assets/textures/enemy.png
01 Mar 2016, 20:25:18.460 [  FINER] [    FXGL.AssetLoader] [FXGL Init Thread] Loading from cache: /assets/textures/enemy.png
01 Mar 2016, 20:25:18.461 [  FINER] [    FXGL.AssetLoader] [FXGL Init Thread] Loading from cache: /assets/textures/enemy.png
01 Mar 2016, 20:25:18.462 [  FINER] [    FXGL.AssetLoader] [FXGL Init Thread] Loading from cache: /assets/textures/enemy.png
01 Mar 2016, 20:25:18.462 [  FINER] [    FXGL.AssetLoader] [FXGL Init Thread] Loading from cache: /assets/textures/enemy.png
01 Mar 2016, 20:25:18.463 [  FINER] [    FXGL.AssetLoader] [FXGL Init Thread] Loading from cache: /assets/textures/enemy.png
01 Mar 2016, 20:25:18.464 [  FINER] [    FXGL.AssetLoader] [FXGL Init Thread] Loading from cache: /assets/textures/enemy.png
01 Mar 2016, 20:25:18.464 [  FINER] [    FXGL.AssetLoader] [FXGL Init Thread] Loading from cache: /assets/textures/enemy.png
01 Mar 2016, 20:25:18.465 [  FINER] [    FXGL.AssetLoader] [FXGL Init Thread] Loading from cache: /assets/textures/enemy.png
01 Mar 2016, 20:25:18.466 [  FINER] [    FXGL.AssetLoader] [FXGL Init Thread] Loading from cache: /assets/textures/enemy.png
01 Mar 2016, 20:25:18.466 [  FINER] [    FXGL.AssetLoader] [FXGL Init Thread] Loading from cache: /assets/textures/enemy.png
01 Mar 2016, 20:25:18.467 [  FINER] [    FXGL.AssetLoader] [FXGL Init Thread] Loading from cache: /assets/textures/enemy.png
01 Mar 2016, 20:25:18.468 [  FINER] [    FXGL.AssetLoader] [FXGL Init Thread] Loading from cache: /assets/textures/enemy.png
01 Mar 2016, 20:25:18.468 [  FINER] [    FXGL.AssetLoader] [FXGL Init Thread] Loading from cache: /assets/textures/enemy.png
01 Mar 2016, 20:25:18.469 [  FINER] [    FXGL.AssetLoader] [FXGL Init Thread] Loading from cache: /assets/textures/enemy.png
01 Mar 2016, 20:25:18.470 [  FINER] [    FXGL.AssetLoader] [FXGL Init Thread] Loading from cache: /assets/textures/enemy.png
01 Mar 2016, 20:25:18.470 [  FINER] [    FXGL.AssetLoader] [FXGL Init Thread] Loading from cache: /assets/textures/enemy.png
01 Mar 2016, 20:25:18.471 [  FINER] [    FXGL.AssetLoader] [FXGL Init Thread] Loading from cache: /assets/textures/enemy.png
01 Mar 2016, 20:25:18.472 [  FINER] [    FXGL.AssetLoader] [FXGL Init Thread] Loading from cache: /assets/textures/enemy.png
01 Mar 2016, 20:25:18.473 [  FINER] [    FXGL.AssetLoader] [FXGL Init Thread] Loading from cache: /assets/textures/enemy.png
01 Mar 2016, 20:25:18.474 [  FINER] [    FXGL.AssetLoader] [FXGL Init Thread] Loading from cache: /assets/textures/enemy.png
01 Mar 2016, 20:25:18.475 [  FINER] [    FXGL.AssetLoader] [FXGL Init Thread] Loading from cache: /assets/textures/enemy.png
01 Mar 2016, 20:25:18.476 [  FINER] [    FXGL.AssetLoader] [FXGL Init Thread] Loading from cache: /assets/textures/enemy.png
01 Mar 2016, 20:25:18.476 [  FINER] [    FXGL.AssetLoader] [FXGL Init Thread] Loading from cache: /assets/textures/enemy.png
01 Mar 2016, 20:25:18.478 [  FINER] [    FXGL.AssetLoader] [FXGL Init Thread] Loading from cache: /assets/textures/enemy.png
01 Mar 2016, 20:25:18.479 [  FINER] [    FXGL.AssetLoader] [FXGL Init Thread] Loading from cache: /assets/textures/enemy.png
01 Mar 2016, 20:25:18.480 [  FINER] [    FXGL.AssetLoader] [FXGL Init Thread] Loading from cache: /assets/textures/enemy.png
01 Mar 2016, 20:25:18.480 [  FINER] [    FXGL.Application] [FXGL Init Thread] Initializing Physics
01 Mar 2016, 20:25:18.480 [  FINER] [    FXGL.Application] [FXGL Init Thread] Initializing UI
01 Mar 2016, 20:25:18.485 [  FINER] [    FXGL.Application] [FXGL Init Thread] Initialization Complete
01 Mar 2016, 20:25:18.636 [  FINER] [    FXGL.Application] [JavaFX Application Thread] Showing stage
01 Mar 2016, 20:25:18.637 [  FINER] [    FXGL.Application] [JavaFX Application Thread] Root size: 480.0x800.0
01 Mar 2016, 20:25:18.637 [  FINER] [    FXGL.Application] [JavaFX Application Thread] Scene size: 480.0x800.0
01 Mar 2016, 20:25:18.637 [  FINER] [    FXGL.Application] [JavaFX Application Thread] Stage size: 486.0x829.0
01 Mar 2016, 20:25:18.659 [  FINER] [       FXGL.EventBus] [JavaFX Application Thread] Firing event: FXGLEvent[type=INIT_APP_COMPLETE]
01 Mar 2016, 20:25:18.660 [  FINER] [    FXGL.Application] [JavaFX Application Thread] Resuming main loop
01 Mar 2016, 20:25:18.660 [  FINER] [       FXGL.EventBus] [JavaFX Application Thread] Firing event: FXGLEvent[type=RESUME]
01 Mar 2016, 20:25:18.660 [  FINER] [          FXGL.Input] [JavaFX Application Thread] Clearing active input actions
01 Mar 2016, 20:25:18.660 [  FINER] [    FXGL.MasterTimer] [JavaFX Application Thread] Starting master timer
01 Mar 2016, 20:25:18.661 [  FINER] [    FXGL.Application] [JavaFX Application Thread] State: LOADING -> PLAYING
01 Mar 2016, 20:25:18.673 [  FINER] [       FXGL.EventBus] [JavaFX Application Thread] Firing event: WorldEvent[type=ENTITY_ADDED]
01 Mar 2016, 20:25:18.673 [  FINER] [      FXGL.GameScene] [JavaFX Application Thread] Entity added to scene
01 Mar 2016, 20:25:18.674 [  FINER] [      FXGL.GameScene] [JavaFX Application Thread] Added MainViewComponent
01 Mar 2016, 20:25:18.677 [  FINER] [      FXGL.GameScene] [JavaFX Application Thread] Creating render group for layer: TOP(2147483647)
01 Mar 2016, 20:25:18.683 [  FINER] [       FXGL.EventBus] [JavaFX Application Thread] Firing event: WorldEvent[type=ENTITY_ADDED]
01 Mar 2016, 20:25:18.683 [  FINER] [      FXGL.GameScene] [JavaFX Application Thread] Entity added to scene
01 Mar 2016, 20:25:18.683 [  FINER] [      FXGL.GameScene] [JavaFX Application Thread] Added MainViewComponent
01 Mar 2016, 20:25:18.684 [  FINER] [       FXGL.EventBus] [JavaFX Application Thread] Firing event: WorldEvent[type=ENTITY_ADDED]
01 Mar 2016, 20:25:18.684 [  FINER] [      FXGL.GameScene] [JavaFX Application Thread] Entity added to scene
01 Mar 2016, 20:25:18.684 [  FINER] [      FXGL.GameScene] [JavaFX Application Thread] Added MainViewComponent
01 Mar 2016, 20:25:18.685 [  FINER] [       FXGL.EventBus] [JavaFX Application Thread] Firing event: WorldEvent[type=ENTITY_ADDED]
01 Mar 2016, 20:25:18.685 [  FINER] [      FXGL.GameScene] [JavaFX Application Thread] Entity added to scene
01 Mar 2016, 20:25:18.685 [  FINER] [      FXGL.GameScene] [JavaFX Application Thread] Added MainViewComponent
01 Mar 2016, 20:25:18.686 [  FINER] [       FXGL.EventBus] [JavaFX Application Thread] Firing event: WorldEvent[type=ENTITY_ADDED]
01 Mar 2016, 20:25:18.686 [  FINER] [      FXGL.GameScene] [JavaFX Application Thread] Entity added to scene
01 Mar 2016, 20:25:18.686 [  FINER] [      FXGL.GameScene] [JavaFX Application Thread] Added MainViewComponent
01 Mar 2016, 20:25:18.687 [  FINER] [       FXGL.EventBus] [JavaFX Application Thread] Firing event: WorldEvent[type=ENTITY_ADDED]
01 Mar 2016, 20:25:18.687 [  FINER] [      FXGL.GameScene] [JavaFX Application Thread] Entity added to scene
01 Mar 2016, 20:25:18.687 [  FINER] [      FXGL.GameScene] [JavaFX Application Thread] Added MainViewComponent
01 Mar 2016, 20:25:18.688 [  FINER] [       FXGL.EventBus] [JavaFX Application Thread] Firing event: WorldEvent[type=ENTITY_ADDED]
01 Mar 2016, 20:25:18.688 [  FINER] [      FXGL.GameScene] [JavaFX Application Thread] Entity added to scene
01 Mar 2016, 20:25:18.688 [  FINER] [      FXGL.GameScene] [JavaFX Application Thread] Added MainViewComponent
01 Mar 2016, 20:25:18.689 [  FINER] [       FXGL.EventBus] [JavaFX Application Thread] Firing event: WorldEvent[type=ENTITY_ADDED]
01 Mar 2016, 20:25:18.689 [  FINER] [      FXGL.GameScene] [JavaFX Application Thread] Entity added to scene
01 Mar 2016, 20:25:18.689 [  FINER] [      FXGL.GameScene] [JavaFX Application Thread] Added MainViewComponent
01 Mar 2016, 20:25:18.689 [  FINER] [       FXGL.EventBus] [JavaFX Application Thread] Firing event: WorldEvent[type=ENTITY_ADDED]
01 Mar 2016, 20:25:18.690 [  FINER] [      FXGL.GameScene] [JavaFX Application Thread] Entity added to scene
01 Mar 2016, 20:25:18.690 [  FINER] [      FXGL.GameScene] [JavaFX Application Thread] Added MainViewComponent
01 Mar 2016, 20:25:18.690 [  FINER] [       FXGL.EventBus] [JavaFX Application Thread] Firing event: WorldEvent[type=ENTITY_ADDED]
01 Mar 2016, 20:25:18.690 [  FINER] [      FXGL.GameScene] [JavaFX Application Thread] Entity added to scene
01 Mar 2016, 20:25:18.690 [  FINER] [      FXGL.GameScene] [JavaFX Application Thread] Added MainViewComponent
01 Mar 2016, 20:25:18.691 [  FINER] [       FXGL.EventBus] [JavaFX Application Thread] Firing event: WorldEvent[type=ENTITY_ADDED]
01 Mar 2016, 20:25:18.691 [  FINER] [      FXGL.GameScene] [JavaFX Application Thread] Entity added to scene
01 Mar 2016, 20:25:18.691 [  FINER] [      FXGL.GameScene] [JavaFX Application Thread] Added MainViewComponent
01 Mar 2016, 20:25:18.691 [  FINER] [       FXGL.EventBus] [JavaFX Application Thread] Firing event: WorldEvent[type=ENTITY_ADDED]
01 Mar 2016, 20:25:18.692 [  FINER] [      FXGL.GameScene] [JavaFX Application Thread] Entity added to scene
01 Mar 2016, 20:25:18.692 [  FINER] [      FXGL.GameScene] [JavaFX Application Thread] Added MainViewComponent
01 Mar 2016, 20:25:18.692 [  FINER] [       FXGL.EventBus] [JavaFX Application Thread] Firing event: WorldEvent[type=ENTITY_ADDED]
01 Mar 2016, 20:25:18.692 [  FINER] [      FXGL.GameScene] [JavaFX Application Thread] Entity added to scene
01 Mar 2016, 20:25:18.693 [  FINER] [      FXGL.GameScene] [JavaFX Application Thread] Added MainViewComponent
01 Mar 2016, 20:25:18.693 [  FINER] [       FXGL.EventBus] [JavaFX Application Thread] Firing event: WorldEvent[type=ENTITY_ADDED]
01 Mar 2016, 20:25:18.694 [  FINER] [      FXGL.GameScene] [JavaFX Application Thread] Entity added to scene
01 Mar 2016, 20:25:18.694 [  FINER] [      FXGL.GameScene] [JavaFX Application Thread] Added MainViewComponent
01 Mar 2016, 20:25:18.695 [  FINER] [       FXGL.EventBus] [JavaFX Application Thread] Firing event: WorldEvent[type=ENTITY_ADDED]
01 Mar 2016, 20:25:18.695 [  FINER] [      FXGL.GameScene] [JavaFX Application Thread] Entity added to scene
01 Mar 2016, 20:25:18.695 [  FINER] [      FXGL.GameScene] [JavaFX Application Thread] Added MainViewComponent
01 Mar 2016, 20:25:18.696 [  FINER] [       FXGL.EventBus] [JavaFX Application Thread] Firing event: WorldEvent[type=ENTITY_ADDED]
01 Mar 2016, 20:25:18.696 [  FINER] [      FXGL.GameScene] [JavaFX Application Thread] Entity added to scene
01 Mar 2016, 20:25:18.696 [  FINER] [      FXGL.GameScene] [JavaFX Application Thread] Added MainViewComponent
01 Mar 2016, 20:25:18.697 [  FINER] [       FXGL.EventBus] [JavaFX Application Thread] Firing event: WorldEvent[type=ENTITY_ADDED]
01 Mar 2016, 20:25:18.697 [  FINER] [      FXGL.GameScene] [JavaFX Application Thread] Entity added to scene
01 Mar 2016, 20:25:18.697 [  FINER] [      FXGL.GameScene] [JavaFX Application Thread] Added MainViewComponent
01 Mar 2016, 20:25:18.697 [  FINER] [       FXGL.EventBus] [JavaFX Application Thread] Firing event: WorldEvent[type=ENTITY_ADDED]
01 Mar 2016, 20:25:18.697 [  FINER] [      FXGL.GameScene] [JavaFX Application Thread] Entity added to scene
01 Mar 2016, 20:25:18.698 [  FINER] [      FXGL.GameScene] [JavaFX Application Thread] Added MainViewComponent
01 Mar 2016, 20:25:18.698 [  FINER] [       FXGL.EventBus] [JavaFX Application Thread] Firing event: WorldEvent[type=ENTITY_ADDED]
01 Mar 2016, 20:25:18.699 [  FINER] [      FXGL.GameScene] [JavaFX Application Thread] Entity added to scene
01 Mar 2016, 20:25:18.699 [  FINER] [      FXGL.GameScene] [JavaFX Application Thread] Added MainViewComponent
01 Mar 2016, 20:25:18.699 [  FINER] [       FXGL.EventBus] [JavaFX Application Thread] Firing event: WorldEvent[type=ENTITY_ADDED]
01 Mar 2016, 20:25:18.700 [  FINER] [      FXGL.GameScene] [JavaFX Application Thread] Entity added to scene
01 Mar 2016, 20:25:18.700 [  FINER] [      FXGL.GameScene] [JavaFX Application Thread] Added MainViewComponent
01 Mar 2016, 20:25:18.700 [  FINER] [       FXGL.EventBus] [JavaFX Application Thread] Firing event: WorldEvent[type=ENTITY_ADDED]
01 Mar 2016, 20:25:18.700 [  FINER] [      FXGL.GameScene] [JavaFX Application Thread] Entity added to scene
01 Mar 2016, 20:25:18.700 [  FINER] [      FXGL.GameScene] [JavaFX Application Thread] Added MainViewComponent
01 Mar 2016, 20:25:18.701 [  FINER] [       FXGL.EventBus] [JavaFX Application Thread] Firing event: WorldEvent[type=ENTITY_ADDED]
01 Mar 2016, 20:25:18.701 [  FINER] [      FXGL.GameScene] [JavaFX Application Thread] Entity added to scene
01 Mar 2016, 20:25:18.701 [  FINER] [      FXGL.GameScene] [JavaFX Application Thread] Added MainViewComponent
01 Mar 2016, 20:25:18.702 [  FINER] [       FXGL.EventBus] [JavaFX Application Thread] Firing event: WorldEvent[type=ENTITY_ADDED]
01 Mar 2016, 20:25:18.702 [  FINER] [      FXGL.GameScene] [JavaFX Application Thread] Entity added to scene
01 Mar 2016, 20:25:18.702 [  FINER] [      FXGL.GameScene] [JavaFX Application Thread] Added MainViewComponent
01 Mar 2016, 20:25:18.703 [  FINER] [       FXGL.EventBus] [JavaFX Application Thread] Firing event: WorldEvent[type=ENTITY_ADDED]
01 Mar 2016, 20:25:18.703 [  FINER] [      FXGL.GameScene] [JavaFX Application Thread] Entity added to scene
01 Mar 2016, 20:25:18.703 [  FINER] [      FXGL.GameScene] [JavaFX Application Thread] Added MainViewComponent
01 Mar 2016, 20:25:18.704 [  FINER] [       FXGL.EventBus] [JavaFX Application Thread] Firing event: WorldEvent[type=ENTITY_ADDED]
01 Mar 2016, 20:25:18.704 [  FINER] [      FXGL.GameScene] [JavaFX Application Thread] Entity added to scene
01 Mar 2016, 20:25:18.704 [  FINER] [      FXGL.GameScene] [JavaFX Application Thread] Added MainViewComponent
01 Mar 2016, 20:25:18.704 [  FINER] [       FXGL.EventBus] [JavaFX Application Thread] Firing event: WorldEvent[type=ENTITY_ADDED]
01 Mar 2016, 20:25:18.704 [  FINER] [      FXGL.GameScene] [JavaFX Application Thread] Entity added to scene
01 Mar 2016, 20:25:18.704 [  FINER] [      FXGL.GameScene] [JavaFX Application Thread] Added MainViewComponent
01 Mar 2016, 20:25:18.705 [  FINER] [       FXGL.EventBus] [JavaFX Application Thread] Firing event: WorldEvent[type=ENTITY_ADDED]
01 Mar 2016, 20:25:18.705 [  FINER] [      FXGL.GameScene] [JavaFX Application Thread] Entity added to scene
01 Mar 2016, 20:25:18.705 [  FINER] [      FXGL.GameScene] [JavaFX Application Thread] Added MainViewComponent
01 Mar 2016, 20:25:18.705 [  FINER] [       FXGL.EventBus] [JavaFX Application Thread] Firing event: WorldEvent[type=ENTITY_ADDED]
01 Mar 2016, 20:25:18.706 [  FINER] [      FXGL.GameScene] [JavaFX Application Thread] Entity added to scene
01 Mar 2016, 20:25:18.706 [  FINER] [      FXGL.GameScene] [JavaFX Application Thread] Added MainViewComponent
01 Mar 2016, 20:25:18.706 [  FINER] [       FXGL.EventBus] [JavaFX Application Thread] Firing event: WorldEvent[type=ENTITY_ADDED]
01 Mar 2016, 20:25:18.706 [  FINER] [      FXGL.GameScene] [JavaFX Application Thread] Entity added to scene
01 Mar 2016, 20:25:18.707 [  FINER] [      FXGL.GameScene] [JavaFX Application Thread] Added MainViewComponent
01 Mar 2016, 20:25:18.707 [  FINER] [       FXGL.EventBus] [JavaFX Application Thread] Firing event: WorldEvent[type=ENTITY_ADDED]
01 Mar 2016, 20:25:18.708 [  FINER] [      FXGL.GameScene] [JavaFX Application Thread] Entity added to scene
01 Mar 2016, 20:25:18.708 [  FINER] [      FXGL.GameScene] [JavaFX Application Thread] Added MainViewComponent
01 Mar 2016, 20:25:18.708 [  FINER] [       FXGL.EventBus] [JavaFX Application Thread] Firing event: WorldEvent[type=ENTITY_ADDED]
01 Mar 2016, 20:25:18.709 [  FINER] [      FXGL.GameScene] [JavaFX Application Thread] Entity added to scene
01 Mar 2016, 20:25:18.709 [  FINER] [      FXGL.GameScene] [JavaFX Application Thread] Added MainViewComponent
01 Mar 2016, 20:25:18.709 [  FINER] [       FXGL.EventBus] [JavaFX Application Thread] Firing event: WorldEvent[type=ENTITY_ADDED]
01 Mar 2016, 20:25:18.710 [  FINER] [      FXGL.GameScene] [JavaFX Application Thread] Entity added to scene
01 Mar 2016, 20:25:18.710 [  FINER] [      FXGL.GameScene] [JavaFX Application Thread] Added MainViewComponent
01 Mar 2016, 20:25:18.710 [  FINER] [       FXGL.EventBus] [JavaFX Application Thread] Firing event: WorldEvent[type=ENTITY_ADDED]
01 Mar 2016, 20:25:18.711 [  FINER] [      FXGL.GameScene] [JavaFX Application Thread] Entity added to scene
01 Mar 2016, 20:25:18.711 [  FINER] [      FXGL.GameScene] [JavaFX Application Thread] Added MainViewComponent
01 Mar 2016, 20:25:18.711 [  FINER] [       FXGL.EventBus] [JavaFX Application Thread] Firing event: WorldEvent[type=ENTITY_ADDED]
01 Mar 2016, 20:25:18.712 [  FINER] [      FXGL.GameScene] [JavaFX Application Thread] Entity added to scene
01 Mar 2016, 20:25:18.712 [  FINER] [      FXGL.GameScene] [JavaFX Application Thread] Added MainViewComponent
01 Mar 2016, 20:25:18.714 [  FINER] [       FXGL.EventBus] [JavaFX Application Thread] Firing event: WorldEvent[type=ENTITY_ADDED]
01 Mar 2016, 20:25:18.715 [  FINER] [      FXGL.GameScene] [JavaFX Application Thread] Entity added to scene
01 Mar 2016, 20:25:18.715 [  FINER] [      FXGL.GameScene] [JavaFX Application Thread] Added MainViewComponent
01 Mar 2016, 20:25:18.716 [  FINER] [       FXGL.EventBus] [JavaFX Application Thread] Firing event: WorldEvent[type=ENTITY_ADDED]
01 Mar 2016, 20:25:18.716 [  FINER] [      FXGL.GameScene] [JavaFX Application Thread] Entity added to scene
01 Mar 2016, 20:25:18.716 [  FINER] [      FXGL.GameScene] [JavaFX Application Thread] Added MainViewComponent
01 Mar 2016, 20:25:18.717 [  FINER] [       FXGL.EventBus] [JavaFX Application Thread] Firing event: WorldEvent[type=ENTITY_ADDED]
01 Mar 2016, 20:25:18.717 [  FINER] [      FXGL.GameScene] [JavaFX Application Thread] Entity added to scene
01 Mar 2016, 20:25:18.717 [  FINER] [      FXGL.GameScene] [JavaFX Application Thread] Added MainViewComponent
01 Mar 2016, 20:25:18.717 [  FINER] [       FXGL.EventBus] [JavaFX Application Thread] Firing event: WorldEvent[type=ENTITY_ADDED]
01 Mar 2016, 20:25:18.717 [  FINER] [      FXGL.GameScene] [JavaFX Application Thread] Entity added to scene
01 Mar 2016, 20:25:18.718 [  FINER] [      FXGL.GameScene] [JavaFX Application Thread] Added MainViewComponent
01 Mar 2016, 20:25:18.718 [  FINER] [       FXGL.EventBus] [JavaFX Application Thread] Firing event: WorldEvent[type=ENTITY_ADDED]
01 Mar 2016, 20:25:18.718 [  FINER] [      FXGL.GameScene] [JavaFX Application Thread] Entity added to scene
01 Mar 2016, 20:25:18.718 [  FINER] [      FXGL.GameScene] [JavaFX Application Thread] Added MainViewComponent
01 Mar 2016, 20:25:18.718 [  FINER] [       FXGL.EventBus] [JavaFX Application Thread] Firing event: WorldEvent[type=ENTITY_ADDED]
01 Mar 2016, 20:25:18.719 [  FINER] [      FXGL.GameScene] [JavaFX Application Thread] Entity added to scene
01 Mar 2016, 20:25:18.719 [  FINER] [      FXGL.GameScene] [JavaFX Application Thread] Added MainViewComponent
01 Mar 2016, 20:25:18.719 [  FINER] [       FXGL.EventBus] [JavaFX Application Thread] Firing event: WorldEvent[type=ENTITY_ADDED]
01 Mar 2016, 20:25:18.719 [  FINER] [      FXGL.GameScene] [JavaFX Application Thread] Entity added to scene
01 Mar 2016, 20:25:18.719 [  FINER] [      FXGL.GameScene] [JavaFX Application Thread] Added MainViewComponent
01 Mar 2016, 20:25:18.720 [  FINER] [       FXGL.EventBus] [JavaFX Application Thread] Firing event: WorldEvent[type=ENTITY_ADDED]
01 Mar 2016, 20:25:18.720 [  FINER] [      FXGL.GameScene] [JavaFX Application Thread] Entity added to scene
01 Mar 2016, 20:25:18.720 [  FINER] [      FXGL.GameScene] [JavaFX Application Thread] Added MainViewComponent
01 Mar 2016, 20:25:18.721 [  FINER] [       FXGL.EventBus] [JavaFX Application Thread] Firing event: WorldEvent[type=ENTITY_ADDED]
01 Mar 2016, 20:25:18.721 [  FINER] [      FXGL.GameScene] [JavaFX Application Thread] Entity added to scene
01 Mar 2016, 20:25:18.721 [  FINER] [      FXGL.GameScene] [JavaFX Application Thread] Added MainViewComponent
01 Mar 2016, 20:25:18.722 [  FINER] [       FXGL.EventBus] [JavaFX Application Thread] Firing event: WorldEvent[type=ENTITY_ADDED]
01 Mar 2016, 20:25:18.722 [  FINER] [      FXGL.GameScene] [JavaFX Application Thread] Entity added to scene
01 Mar 2016, 20:25:18.722 [  FINER] [      FXGL.GameScene] [JavaFX Application Thread] Added MainViewComponent
01 Mar 2016, 20:25:18.722 [  FINER] [       FXGL.EventBus] [JavaFX Application Thread] Firing event: WorldEvent[type=ENTITY_ADDED]
01 Mar 2016, 20:25:18.723 [  FINER] [      FXGL.GameScene] [JavaFX Application Thread] Entity added to scene
01 Mar 2016, 20:25:18.723 [  FINER] [      FXGL.GameScene] [JavaFX Application Thread] Added MainViewComponent
01 Mar 2016, 20:25:18.723 [  FINER] [       FXGL.EventBus] [JavaFX Application Thread] Firing event: WorldEvent[type=ENTITY_ADDED]
01 Mar 2016, 20:25:18.723 [  FINER] [      FXGL.GameScene] [JavaFX Application Thread] Entity added to scene
01 Mar 2016, 20:25:18.724 [  FINER] [      FXGL.GameScene] [JavaFX Application Thread] Added MainViewComponent
01 Mar 2016, 20:25:18.724 [  FINER] [       FXGL.EventBus] [JavaFX Application Thread] Firing event: WorldEvent[type=ENTITY_ADDED]
01 Mar 2016, 20:25:18.724 [  FINER] [      FXGL.GameScene] [JavaFX Application Thread] Entity added to scene
01 Mar 2016, 20:25:18.725 [  FINER] [      FXGL.GameScene] [JavaFX Application Thread] Added MainViewComponent
01 Mar 2016, 20:25:18.725 [  FINER] [       FXGL.EventBus] [JavaFX Application Thread] Firing event: WorldEvent[type=ENTITY_ADDED]
01 Mar 2016, 20:25:18.725 [  FINER] [      FXGL.GameScene] [JavaFX Application Thread] Entity added to scene
01 Mar 2016, 20:25:18.726 [  FINER] [      FXGL.GameScene] [JavaFX Application Thread] Added MainViewComponent
01 Mar 2016, 20:25:18.726 [  FINER] [       FXGL.EventBus] [JavaFX Application Thread] Firing event: WorldEvent[type=ENTITY_ADDED]
01 Mar 2016, 20:25:18.726 [  FINER] [      FXGL.GameScene] [JavaFX Application Thread] Entity added to scene
01 Mar 2016, 20:25:18.727 [  FINER] [      FXGL.GameScene] [JavaFX Application Thread] Added MainViewComponent
01 Mar 2016, 20:25:18.727 [  FINER] [       FXGL.EventBus] [JavaFX Application Thread] Firing event: WorldEvent[type=ENTITY_ADDED]
01 Mar 2016, 20:25:18.727 [  FINER] [      FXGL.GameScene] [JavaFX Application Thread] Entity added to scene
01 Mar 2016, 20:25:18.728 [  FINER] [      FXGL.GameScene] [JavaFX Application Thread] Added MainViewComponent
01 Mar 2016, 20:25:18.728 [  FINER] [       FXGL.EventBus] [JavaFX Application Thread] Firing event: WorldEvent[type=ENTITY_ADDED]
01 Mar 2016, 20:25:18.729 [  FINER] [      FXGL.GameScene] [JavaFX Application Thread] Entity added to scene
01 Mar 2016, 20:25:18.729 [  FINER] [      FXGL.GameScene] [JavaFX Application Thread] Added MainViewComponent
01 Mar 2016, 20:25:18.729 [  FINER] [       FXGL.EventBus] [JavaFX Application Thread] Firing event: WorldEvent[type=ENTITY_ADDED]
01 Mar 2016, 20:25:18.729 [  FINER] [      FXGL.GameScene] [JavaFX Application Thread] Entity added to scene
01 Mar 2016, 20:25:18.730 [  FINER] [      FXGL.GameScene] [JavaFX Application Thread] Added MainViewComponent
01 Mar 2016, 20:25:39.962 [  FINER] [       FXGL.EventBus] [JavaFX Application Thread] Firing event: DisplayEvent[type=DIALOG_OPENED]
01 Mar 2016, 20:25:39.963 [  FINER] [    FXGL.Application] [JavaFX Application Thread] Pausing main loop
01 Mar 2016, 20:25:39.963 [  FINER] [       FXGL.EventBus] [JavaFX Application Thread] Firing event: FXGLEvent[type=PAUSE]
01 Mar 2016, 20:25:39.963 [  FINER] [          FXGL.Input] [JavaFX Application Thread] Clearing active input actions
01 Mar 2016, 20:25:39.963 [  FINER] [    FXGL.MasterTimer] [JavaFX Application Thread] Stopping master timer
01 Mar 2016, 20:25:39.964 [  FINER] [    FXGL.Application] [JavaFX Application Thread] State: PLAYING -> PAUSED
01 Mar 2016, 20:25:39.964 [  FINER] [          FXGL.Input] [JavaFX Application Thread] Clearing active input actions
01 Mar 2016, 20:25:41.699 [  FINER] [       FXGL.EventBus] [JavaFX Application Thread] Firing event: DisplayEvent[type=DIALOG_CLOSED]
01 Mar 2016, 20:25:41.700 [  FINER] [    FXGL.Application] [JavaFX Application Thread] Resuming main loop
01 Mar 2016, 20:25:41.700 [  FINER] [       FXGL.EventBus] [JavaFX Application Thread] Firing event: FXGLEvent[type=RESUME]
01 Mar 2016, 20:25:41.700 [  FINER] [          FXGL.Input] [JavaFX Application Thread] Clearing active input actions
01 Mar 2016, 20:25:41.700 [  FINER] [    FXGL.MasterTimer] [JavaFX Application Thread] Starting master timer
01 Mar 2016, 20:25:41.700 [  FINER] [    FXGL.Application] [JavaFX Application Thread] State: PAUSED -> PLAYING
01 Mar 2016, 20:25:41.701 [  FINER] [       FXGL.EventBus] [JavaFX Application Thread] Firing event: DisplayEvent[type=CLOSE_REQUEST]
01 Mar 2016, 20:25:41.701 [  FINER] [    FXGL.Application] [JavaFX Application Thread] Exiting Normally
01 Mar 2016, 20:25:41.701 [  FINER] [       FXGL.EventBus] [JavaFX Application Thread] Firing event: FXGLEvent[type=EXIT]
01 Mar 2016, 20:25:41.701 [  FINER] [         FXGL.Logger] [JavaFX Application Thread] Logger is closing
