17 Mar 2016, 14:25:56.047 [   INFO] [         FXGL.Logger] [JavaFX Application Thread] Logger initialized with level: CONFIG
17 Mar 2016, 14:25:56.050 [  FINER] [         FXGL.Logger] [JavaFX Application Thread] CPU cores: 4
17 Mar 2016, 14:25:56.052 [  FINER] [         FXGL.Logger] [JavaFX Application Thread] Free Memory: 107MB
17 Mar 2016, 14:25:56.053 [  FINER] [         FXGL.Logger] [JavaFX Application Thread] Max Memory: 1755MB
17 Mar 2016, 14:25:56.053 [  FINER] [         FXGL.Logger] [JavaFX Application Thread] Total Memory: 119MB
17 Mar 2016, 14:25:56.053 [  FINER] [         FXGL.Logger] [JavaFX Application Thread] System Properties:
17 Mar 2016, 14:25:56.057 [  FINER] [         FXGL.Logger] [JavaFX Application Thread] sun.cpu.isalist=amd64
17 Mar 2016, 14:25:56.057 [  FINER] [         FXGL.Logger] [JavaFX Application Thread] sun.desktop=windows
17 Mar 2016, 14:25:56.057 [  FINER] [         FXGL.Logger] [JavaFX Application Thread] sun.io.unicode.encoding=UnicodeLittle
17 Mar 2016, 14:25:56.057 [  FINER] [         FXGL.Logger] [JavaFX Application Thread] sun.cpu.endian=little
17 Mar 2016, 14:25:56.058 [  FINER] [         FXGL.Logger] [JavaFX Application Thread] java.vendor.url.bug=http://bugreport.sun.com/bugreport/
17 Mar 2016, 14:25:56.058 [  FINER] [         FXGL.Logger] [JavaFX Application Thread] file.separator=\
17 Mar 2016, 14:25:56.058 [  FINER] [         FXGL.Logger] [JavaFX Application Thread] java.vendor=Oracle Corporation
17 Mar 2016, 14:25:56.058 [  FINER] [         FXGL.Logger] [JavaFX Application Thread] sun.boot.class.path=C:\Program Files\Java\jre1.8.0_73\lib\resources.jar;C:\Program Files\Java\jre1.8.0_73\lib\rt.jar;C:\Program Files\Java\jre1.8.0_73\lib\sunrsasign.jar;C:\Program Files\Java\jre1.8.0_73\lib\jsse.jar;C:\Program Files\Java\jre1.8.0_73\lib\jce.jar;C:\Program Files\Java\jre1.8.0_73\lib\charsets.jar;C:\Program Files\Java\jre1.8.0_73\lib\jfr.jar;C:\Program Files\Java\jre1.8.0_73\classes
17 Mar 2016, 14:25:56.058 [  FINER] [         FXGL.Logger] [JavaFX Application Thread] java.ext.dirs=C:\Program Files\Java\jre1.8.0_73\lib\ext;C:\Windows\Sun\Java\lib\ext
17 Mar 2016, 14:25:56.059 [  FINER] [         FXGL.Logger] [JavaFX Application Thread] java.version=1.8.0_73
17 Mar 2016, 14:25:56.059 [  FINER] [         FXGL.Logger] [JavaFX Application Thread] java.vm.info=mixed mode
17 Mar 2016, 14:25:56.059 [  FINER] [         FXGL.Logger] [JavaFX Application Thread] awt.toolkit=sun.awt.windows.WToolkit
17 Mar 2016, 14:25:56.059 [  FINER] [         FXGL.Logger] [JavaFX Application Thread] user.language=en
17 Mar 2016, 14:25:56.060 [  FINER] [         FXGL.Logger] [JavaFX Application Thread] java.specification.vendor=Oracle Corporation
17 Mar 2016, 14:25:56.060 [  FINER] [         FXGL.Logger] [JavaFX Application Thread] sun.java.command=com.chromalife.SpaceInvaders.SpaceInvadersApp
17 Mar 2016, 14:25:56.060 [  FINER] [         FXGL.Logger] [JavaFX Application Thread] java.home=C:\Program Files\Java\jre1.8.0_73
17 Mar 2016, 14:25:56.060 [  FINER] [         FXGL.Logger] [JavaFX Application Thread] sun.arch.data.model=64
17 Mar 2016, 14:25:56.061 [  FINER] [         FXGL.Logger] [JavaFX Application Thread] java.vm.specification.version=1.8
17 Mar 2016, 14:25:56.061 [  FINER] [         FXGL.Logger] [JavaFX Application Thread] java.class.path=D:\SpaceInvaders\target\classes;C:\Users\Anwar Saleeby\.m2\repository\com\github\AlmasB\FXGL\0.2.1-0.2.0-gba5970d-32\FXGL-0.2.1-0.2.0-gba5970d-32.jar;C:\Users\Anwar Saleeby\.m2\repository\com\google\inject\guice\4.0\guice-4.0.jar;C:\Users\Anwar Saleeby\.m2\repository\javax\inject\javax.inject\1\javax.inject-1.jar;C:\Users\Anwar Saleeby\.m2\repository\aopalliance\aopalliance\1.0\aopalliance-1.0.jar;C:\Users\Anwar Saleeby\.m2\repository\com\google\guava\guava\16.0.1\guava-16.0.1.jar;C:\Users\Anwar Saleeby\.m2\repository\org\jfxtras\jfxtras-window\8.0-r4\jfxtras-window-8.0-r4.jar;C:\Users\Anwar Saleeby\.m2\repository\org\jfxtras\jfxtras-common\8.0-r4\jfxtras-common-8.0-r4.jar;C:\Users\Anwar Saleeby\.m2\repository\com\github\AlmasB\FXEventBus\1.0\FXEventBus-1.0.jar;C:\Users\Anwar Saleeby\.m2\repository\com\github\AlmasB\Ents\1.0\Ents-1.0.jar;C:\Users\Anwar Saleeby\.m2\repository\org\apache\logging\log4j\log4j-api\2.5\log4j-api-2.5.jar;C:\Users\Anwar Saleeby\.m2\repository\org\apache\logging\log4j\log4j-core\2.5\log4j-core-2.5.jar;C:\Users\Anwar Saleeby\.m2\repository\com\github\AlmasB\AStar\1.0\AStar-1.0.jar
17 Mar 2016, 14:25:56.061 [  FINER] [         FXGL.Logger] [JavaFX Application Thread] user.name=Anwar Saleeby
17 Mar 2016, 14:25:56.061 [  FINER] [         FXGL.Logger] [JavaFX Application Thread] file.encoding=Cp1252
17 Mar 2016, 14:25:56.062 [  FINER] [         FXGL.Logger] [JavaFX Application Thread] java.specification.version=1.8
17 Mar 2016, 14:25:56.062 [  FINER] [         FXGL.Logger] [JavaFX Application Thread] java.awt.printerjob=sun.awt.windows.WPrinterJob
17 Mar 2016, 14:25:56.062 [  FINER] [         FXGL.Logger] [JavaFX Application Thread] user.timezone=America/New_York
17 Mar 2016, 14:25:56.062 [  FINER] [         FXGL.Logger] [JavaFX Application Thread] user.home=C:\Users\Anwar Saleeby
17 Mar 2016, 14:25:56.062 [  FINER] [         FXGL.Logger] [JavaFX Application Thread] os.version=10.0
17 Mar 2016, 14:25:56.063 [  FINER] [         FXGL.Logger] [JavaFX Application Thread] sun.management.compiler=HotSpot 64-Bit Tiered Compilers
17 Mar 2016, 14:25:56.063 [  FINER] [         FXGL.Logger] [JavaFX Application Thread] java.specification.name=Java Platform API Specification
17 Mar 2016, 14:25:56.063 [  FINER] [         FXGL.Logger] [JavaFX Application Thread] java.class.version=52.0
17 Mar 2016, 14:25:56.063 [  FINER] [         FXGL.Logger] [JavaFX Application Thread] java.library.path=C:\Program Files\Java\jre1.8.0_73\bin;C:\Windows\Sun\Java\bin;C:\Windows\system32;C:\Windows;C:/Program Files/Java/jre1.8.0_73/bin/server;C:/Program Files/Java/jre1.8.0_73/bin;C:/Program Files/Java/jre1.8.0_73/lib/amd64;C:\oraclexe\app\oracle\product\11.2.0\server\bin;C:\ProgramData\Oracle\Java\javapath;C:\Windows\system32;C:\Windows;C:\Windows\System32\Wbem;C:\Windows\System32\WindowsPowerShell\v1.0\;C:\Program Files\nodejs\;C:\Program Files\Git\cmd;C:\Users\Anwar Saleeby\AppData\Local\Programs\Python\Python35\Scripts\;C:\Users\Anwar Saleeby\AppData\Local\Programs\Python\Python35\;C:\Users\Anwar Saleeby\AppData\Roaming\npm;C:\Program Files\MongoDB\Server\3.2\bin;C:\Program Files\Git;C:\Program Files\eclipse;;.
17 Mar 2016, 14:25:56.064 [  FINER] [         FXGL.Logger] [JavaFX Application Thread] sun.jnu.encoding=Cp1252
17 Mar 2016, 14:25:56.064 [  FINER] [         FXGL.Logger] [JavaFX Application Thread] os.name=Windows 10
17 Mar 2016, 14:25:56.064 [  FINER] [         FXGL.Logger] [JavaFX Application Thread] user.variant=
17 Mar 2016, 14:25:56.064 [  FINER] [         FXGL.Logger] [JavaFX Application Thread] java.vm.specification.vendor=Oracle Corporation
17 Mar 2016, 14:25:56.065 [  FINER] [         FXGL.Logger] [JavaFX Application Thread] java.io.tmpdir=C:\Users\ANWARS~1\AppData\Local\Temp\
17 Mar 2016, 14:25:56.065 [  FINER] [         FXGL.Logger] [JavaFX Application Thread] line.separator=

17 Mar 2016, 14:25:56.065 [  FINER] [         FXGL.Logger] [JavaFX Application Thread] java.endorsed.dirs=C:\Program Files\Java\jre1.8.0_73\lib\endorsed
17 Mar 2016, 14:25:56.065 [  FINER] [         FXGL.Logger] [JavaFX Application Thread] os.arch=amd64
17 Mar 2016, 14:25:56.066 [  FINER] [         FXGL.Logger] [JavaFX Application Thread] javafx.runtime.version=8.0.71-b15
17 Mar 2016, 14:25:56.066 [  FINER] [         FXGL.Logger] [JavaFX Application Thread] java.awt.graphicsenv=sun.awt.Win32GraphicsEnvironment
17 Mar 2016, 14:25:56.066 [  FINER] [         FXGL.Logger] [JavaFX Application Thread] java.runtime.version=1.8.0_73-b02
17 Mar 2016, 14:25:56.066 [  FINER] [         FXGL.Logger] [JavaFX Application Thread] java.vm.specification.name=Java Virtual Machine Specification
17 Mar 2016, 14:25:56.066 [  FINER] [         FXGL.Logger] [JavaFX Application Thread] user.dir=D:\SpaceInvaders
17 Mar 2016, 14:25:56.066 [  FINER] [         FXGL.Logger] [JavaFX Application Thread] user.country=US
17 Mar 2016, 14:25:56.067 [  FINER] [         FXGL.Logger] [JavaFX Application Thread] user.script=
17 Mar 2016, 14:25:56.067 [  FINER] [         FXGL.Logger] [JavaFX Application Thread] sun.java.launcher=SUN_STANDARD
17 Mar 2016, 14:25:56.067 [  FINER] [         FXGL.Logger] [JavaFX Application Thread] sun.os.patch.level=
17 Mar 2016, 14:25:56.068 [  FINER] [         FXGL.Logger] [JavaFX Application Thread] java.vm.name=Java HotSpot(TM) 64-Bit Server VM
17 Mar 2016, 14:25:56.068 [  FINER] [         FXGL.Logger] [JavaFX Application Thread] file.encoding.pkg=sun.io
17 Mar 2016, 14:25:56.068 [  FINER] [         FXGL.Logger] [JavaFX Application Thread] path.separator=;
17 Mar 2016, 14:25:56.068 [  FINER] [         FXGL.Logger] [JavaFX Application Thread] java.vm.vendor=Oracle Corporation
17 Mar 2016, 14:25:56.068 [  FINER] [         FXGL.Logger] [JavaFX Application Thread] java.vendor.url=http://java.oracle.com/
17 Mar 2016, 14:25:56.069 [  FINER] [         FXGL.Logger] [JavaFX Application Thread] sun.boot.library.path=C:\Program Files\Java\jre1.8.0_73\bin
17 Mar 2016, 14:25:56.069 [  FINER] [         FXGL.Logger] [JavaFX Application Thread] java.vm.version=25.73-b02
17 Mar 2016, 14:25:56.069 [  FINER] [         FXGL.Logger] [JavaFX Application Thread] java.runtime.name=Java(TM) SE Runtime Environment
17 Mar 2016, 14:25:56.069 [  FINER] [         FXGL.Logger] [JavaFX Application Thread] javafx.version=8.0.71
17 Mar 2016, 14:25:56.073 [   INFO] [        FXGL.Version] [JavaFX Application Thread] FXGL-0.2.1-SNAPSHOT
17 Mar 2016, 14:25:56.074 [   INFO] [        FXGL.Version] [JavaFX Application Thread] Source code and latest builds at: https://github.com/AlmasB/FXGL
17 Mar 2016, 14:25:56.079 [  FINER] [    FXGL.Application] [JavaFX Application Thread] Game_clinit()
17 Mar 2016, 14:25:56.085 [  FINER] [    FXGL.Application] [JavaFX-Launcher] FXGL_init()
17 Mar 2016, 14:25:56.108 [  FINER] [    FXGL.Application] [JavaFX Application Thread] FXGL_start()
17 Mar 2016, 14:25:56.108 [  FINER] [    FXGL.Application] [JavaFX Application Thread] Initializing system properties
17 Mar 2016, 14:25:56.111 [  FINER] [    FXGL.Application] [JavaFX Application Thread] sound.notification = system/notification.wav
17 Mar 2016, 14:25:56.111 [  FINER] [    FXGL.Application] [JavaFX Application Thread] asset.cache.size = 35
17 Mar 2016, 14:25:56.111 [  FINER] [    FXGL.Application] [JavaFX Application Thread] ui.font = Copperplate_Gothic_Light_Regular.ttf
17 Mar 2016, 14:25:56.111 [  FINER] [    FXGL.Application] [JavaFX Application Thread] sound.menu.back = menu/back.wav
17 Mar 2016, 14:25:56.111 [  FINER] [    FXGL.Application] [JavaFX Application Thread] sound.menu.select = menu/select.wav
17 Mar 2016, 14:25:56.112 [  FINER] [    FXGL.Application] [JavaFX Application Thread] physics.ppm = 50
17 Mar 2016, 14:25:56.112 [  FINER] [    FXGL.Application] [JavaFX Application Thread] ui.css = fxgl.css
17 Mar 2016, 14:25:56.112 [  FINER] [    FXGL.Application] [JavaFX Application Thread] ui.icon.name = fxgl_icon.png
17 Mar 2016, 14:25:56.112 [  FINER] [    FXGL.Application] [JavaFX Application Thread] sound.menu.press = menu/press.wav
17 Mar 2016, 14:25:56.112 [  FINER] [    FXGL.Application] [JavaFX Application Thread] Initializing user properties
17 Mar 2016, 14:25:56.113 [   INFO] [    FXGL.Application] [JavaFX Application Thread] User properties not found. Using system
17 Mar 2016, 14:25:56.123 [   INFO] [         FXGL.Logger] [JavaFX Application Thread] Logger level set to: CONFIG
17 Mar 2016, 14:25:56.123 [   INFO] [    FXGL.Application] [JavaFX Application Thread] Application Mode: DEVELOPER
17 Mar 2016, 14:25:56.792 [  FINER] [    FXGL.Application] [JavaFX Application Thread] Services configuration complete
17 Mar 2016, 14:25:56.800 [  FINER] [       FXGL.EventBus] [JavaFX Application Thread] Service [EventBus] initialized
17 Mar 2016, 14:25:56.803 [  FINER] [    FXGL.AssetLoader] [JavaFX Application Thread] Service [AssetLoader] initialized
17 Mar 2016, 14:25:56.805 [  FINER] [    FXGL.AssetLoader] [JavaFX Application Thread] Loading from disk: /assets/sounds/system/notification.wav
17 Mar 2016, 14:25:56.828 [  FINER] [    FXGL.AssetLoader] [JavaFX Application Thread] Loading from disk: /assets/sounds/menu/select.wav
17 Mar 2016, 14:25:56.830 [  FINER] [    FXGL.AssetLoader] [JavaFX Application Thread] Loading from disk: /assets/sounds/menu/back.wav
17 Mar 2016, 14:25:56.832 [  FINER] [    FXGL.AssetLoader] [JavaFX Application Thread] Loading from disk: /assets/sounds/menu/press.wav
17 Mar 2016, 14:25:56.835 [  FINER] [    FXGL.AssetLoader] [JavaFX Application Thread] Loading from disk: /assets/ui/fonts/Copperplate_Gothic_Light_Regular.ttf
17 Mar 2016, 14:25:56.911 [  FINER] [    FXGL.AssetLoader] [JavaFX Application Thread] Loading from disk: /assets/ui/css/fxgl.css
17 Mar 2016, 14:25:56.911 [  FINER] [    FXGL.AssetLoader] [JavaFX Application Thread] Loading from disk: /assets/ui/icons/fxgl_icon.png
17 Mar 2016, 14:25:56.949 [  FINER] [    FXGL.AssetLoader] [JavaFX Application Thread] Loading from disk: /assets/ui/css/fxgl_dark.css
17 Mar 2016, 14:25:57.025 [  FINER] [        FXGL.Display] [JavaFX Application Thread] Target size: 480.0x800.0@1.0
17 Mar 2016, 14:25:57.025 [  FINER] [        FXGL.Display] [JavaFX Application Thread] New size:    480.0x800.0@1.0
17 Mar 2016, 14:25:57.026 [  FINER] [        FXGL.Display] [JavaFX Application Thread] Service [Display] initialized
17 Mar 2016, 14:25:57.026 [  FINER] [        FXGL.Display] [JavaFX Application Thread] Using CSS: CSS[jar:file:/C:/Users/Anwar%20Saleeby/.m2/repository/com/github/AlmasB/FXGL/0.2.1-0.2.0-gba5970d-32/FXGL-0.2.1-0.2.0-gba5970d-32.jar!/assets/ui/css/fxgl_dark.css]
17 Mar 2016, 14:25:57.030 [  FINER] [          FXGL.Input] [JavaFX Application Thread] Service [Input] initialized
17 Mar 2016, 14:25:57.032 [  FINER] [    FXGL.AudioPlayer] [JavaFX Application Thread] Service [AudioPlayer] initialized
17 Mar 2016, 14:25:57.037 [  FINER] [    FXGL.MasterTimer] [JavaFX Application Thread] Service [MasterTimer] initialized
17 Mar 2016, 14:25:57.050 [  FINER] [      FXGL.GameScene] [JavaFX Application Thread] Game scene initialized
17 Mar 2016, 14:25:57.051 [  FINER] [FXGL.NotificationSer] [JavaFX Application Thread] Service [NotificationService] initialized
17 Mar 2016, 14:25:57.283 [  FINER] [      FXGL.GameWorld] [JavaFX Application Thread] Game world initialized
17 Mar 2016, 14:25:57.380 [  FINER] [   FXGL.PhysicsWorld] [JavaFX Application Thread] Physics world initialized
17 Mar 2016, 14:25:57.400 [  FINER] [    FXGL.Application] [JavaFX Application Thread] Game_start()
17 Mar 2016, 14:25:57.405 [  FINER] [    FXGL.Application] [JavaFX Application Thread] Saving data to profile
17 Mar 2016, 14:25:57.407 [  FINER] [    FXGL.UserProfile] [JavaFX Application Thread] Logging bundle: game
17 Mar 2016, 14:25:57.408 [  FINER] [    FXGL.UserProfile] [JavaFX Application Thread] game.playtime=1322866934
17 Mar 2016, 14:25:57.409 [  FINER] [       FXGL.EventBus] [JavaFX Application Thread] Firing event: SaveEvent
17 Mar 2016, 14:25:57.411 [  FINER] [        FXGL.Display] [JavaFX Application Thread] Saving data to profile
17 Mar 2016, 14:25:57.411 [  FINER] [    FXGL.UserProfile] [JavaFX Application Thread] Logging bundle: scene
17 Mar 2016, 14:25:57.411 [  FINER] [    FXGL.UserProfile] [JavaFX Application Thread] scene.sizeW=480.0
17 Mar 2016, 14:25:57.412 [  FINER] [    FXGL.UserProfile] [JavaFX Application Thread] scene.sizeH=800.0
17 Mar 2016, 14:25:57.412 [  FINER] [          FXGL.Input] [JavaFX Application Thread] Saving data to profile
17 Mar 2016, 14:25:57.412 [  FINER] [    FXGL.UserProfile] [JavaFX Application Thread] Logging bundle: input
17 Mar 2016, 14:25:57.412 [  FINER] [    FXGL.AudioPlayer] [JavaFX Application Thread] Saving data to profile
17 Mar 2016, 14:25:57.412 [  FINER] [    FXGL.UserProfile] [JavaFX Application Thread] Logging bundle: audio
17 Mar 2016, 14:25:57.412 [  FINER] [    FXGL.UserProfile] [JavaFX Application Thread] audio.musicVolume=0.5
17 Mar 2016, 14:25:57.413 [  FINER] [    FXGL.UserProfile] [JavaFX Application Thread] audio.soundVolume=0.5
17 Mar 2016, 14:25:57.413 [  FINER] [FXGL.AchievementMana] [JavaFX Application Thread] Saving data to profile
17 Mar 2016, 14:25:57.414 [  FINER] [    FXGL.UserProfile] [JavaFX Application Thread] Logging bundle: achievement
17 Mar 2016, 14:25:57.415 [  FINER] [    FXGL.Application] [JavaFX Application Thread] Starting new game
17 Mar 2016, 14:25:57.416 [  FINER] [    FXGL.Application] [JavaFX Application Thread] Initializing App
17 Mar 2016, 14:25:57.417 [  FINER] [    FXGL.Application] [JavaFX Application Thread] Pausing main loop
17 Mar 2016, 14:25:57.417 [  FINER] [       FXGL.EventBus] [JavaFX Application Thread] Firing event: FXGLEvent[type=PAUSE]
17 Mar 2016, 14:25:57.417 [  FINER] [          FXGL.Input] [JavaFX Application Thread] Clearing active input actions
17 Mar 2016, 14:25:57.417 [  FINER] [    FXGL.MasterTimer] [JavaFX Application Thread] Stopping master timer
17 Mar 2016, 14:25:57.418 [  FINER] [    FXGL.Application] [JavaFX Application Thread] State: STARTUP -> PAUSED
17 Mar 2016, 14:25:57.418 [  FINER] [    FXGL.Application] [JavaFX Application Thread] Resetting FXGL application
17 Mar 2016, 14:25:57.419 [  FINER] [       FXGL.EventBus] [JavaFX Application Thread] Firing event: FXGLEvent[type=RESET]
17 Mar 2016, 14:25:57.419 [  FINER] [          FXGL.Input] [JavaFX Application Thread] Clearing active input actions
17 Mar 2016, 14:25:57.419 [  FINER] [    FXGL.MasterTimer] [JavaFX Application Thread] Resetting ticks to 0
17 Mar 2016, 14:25:57.419 [  FINER] [    FXGL.MasterTimer] [JavaFX Application Thread] Clearing all scheduled actions
17 Mar 2016, 14:25:57.419 [  FINER] [      FXGL.GameScene] [JavaFX Application Thread] Resetting game scene
17 Mar 2016, 14:25:57.419 [  FINER] [      FXGL.GameWorld] [JavaFX Application Thread] Resetting game world
17 Mar 2016, 14:25:57.421 [  FINER] [    FXGL.Application] [JavaFX Application Thread] State: PAUSED -> LOADING
17 Mar 2016, 14:25:57.457 [  FINER] [    FXGL.Application] [JavaFX Application Thread] Starting FXGL Init Thread
17 Mar 2016, 14:25:57.458 [  FINER] [    FXGL.Application] [FXGL Init Thread] Initializing Assets
17 Mar 2016, 14:25:57.459 [  FINER] [    FXGL.AssetLoader] [FXGL Init Thread] Loading from disk: /assets/textures/spaceshipReduced.png
17 Mar 2016, 14:25:57.466 [  FINER] [    FXGL.AssetLoader] [FXGL Init Thread] Loading from disk: /assets/textures/enemyReduced.png
17 Mar 2016, 14:25:57.467 [  FINER] [    FXGL.Application] [FXGL Init Thread] Initializing Game
17 Mar 2016, 14:25:57.487 [  FINER] [    FXGL.AssetLoader] [FXGL Init Thread] Loading from disk: /assets/textures/enemyReduced1.png
17 Mar 2016, 14:25:57.503 [  FINER] [    FXGL.AssetLoader] [FXGL Init Thread] Loading from disk: /assets/textures/enemyReduced3.png
17 Mar 2016, 14:25:57.506 [  FINER] [    FXGL.AssetLoader] [FXGL Init Thread] Loading from cache: /assets/textures/enemyReduced3.png
17 Mar 2016, 14:25:57.508 [  FINER] [    FXGL.AssetLoader] [FXGL Init Thread] Loading from cache: /assets/textures/enemyReduced3.png
17 Mar 2016, 14:25:57.509 [  FINER] [    FXGL.AssetLoader] [FXGL Init Thread] Loading from cache: /assets/textures/enemyReduced3.png
17 Mar 2016, 14:25:57.510 [  FINER] [    FXGL.AssetLoader] [FXGL Init Thread] Loading from cache: /assets/textures/enemyReduced3.png
17 Mar 2016, 14:25:57.512 [  FINER] [    FXGL.AssetLoader] [FXGL Init Thread] Loading from cache: /assets/textures/enemyReduced1.png
17 Mar 2016, 14:25:57.513 [  FINER] [    FXGL.AssetLoader] [FXGL Init Thread] Loading from cache: /assets/textures/enemyReduced3.png
17 Mar 2016, 14:25:57.515 [  FINER] [    FXGL.AssetLoader] [FXGL Init Thread] Loading from cache: /assets/textures/enemyReduced3.png
17 Mar 2016, 14:25:57.516 [  FINER] [    FXGL.AssetLoader] [FXGL Init Thread] Loading from cache: /assets/textures/enemyReduced1.png
17 Mar 2016, 14:25:57.518 [  FINER] [    FXGL.AssetLoader] [FXGL Init Thread] Loading from disk: /assets/textures/enemyReduced2.png
17 Mar 2016, 14:25:57.520 [  FINER] [    FXGL.AssetLoader] [FXGL Init Thread] Loading from cache: /assets/textures/enemyReduced3.png
17 Mar 2016, 14:25:57.521 [  FINER] [    FXGL.AssetLoader] [FXGL Init Thread] Loading from cache: /assets/textures/enemyReduced3.png
17 Mar 2016, 14:25:57.522 [  FINER] [    FXGL.AssetLoader] [FXGL Init Thread] Loading from cache: /assets/textures/enemyReduced1.png
17 Mar 2016, 14:25:57.524 [  FINER] [    FXGL.AssetLoader] [FXGL Init Thread] Loading from cache: /assets/textures/enemyReduced2.png
17 Mar 2016, 14:25:57.525 [  FINER] [    FXGL.AssetLoader] [FXGL Init Thread] Loading from cache: /assets/textures/enemyReduced2.png
17 Mar 2016, 14:25:57.526 [  FINER] [    FXGL.AssetLoader] [FXGL Init Thread] Loading from cache: /assets/textures/enemyReduced3.png
17 Mar 2016, 14:25:57.528 [  FINER] [    FXGL.AssetLoader] [FXGL Init Thread] Loading from cache: /assets/textures/enemyReduced3.png
17 Mar 2016, 14:25:57.529 [  FINER] [    FXGL.AssetLoader] [FXGL Init Thread] Loading from cache: /assets/textures/enemyReduced2.png
17 Mar 2016, 14:25:57.530 [  FINER] [    FXGL.AssetLoader] [FXGL Init Thread] Loading from cache: /assets/textures/enemyReduced1.png
17 Mar 2016, 14:25:57.532 [  FINER] [    FXGL.AssetLoader] [FXGL Init Thread] Loading from cache: /assets/textures/enemyReduced1.png
17 Mar 2016, 14:25:57.533 [  FINER] [    FXGL.AssetLoader] [FXGL Init Thread] Loading from cache: /assets/textures/enemyReduced2.png
17 Mar 2016, 14:25:57.534 [  FINER] [    FXGL.AssetLoader] [FXGL Init Thread] Loading from cache: /assets/textures/enemyReduced1.png
17 Mar 2016, 14:25:57.536 [  FINER] [    FXGL.AssetLoader] [FXGL Init Thread] Loading from cache: /assets/textures/enemyReduced1.png
17 Mar 2016, 14:25:57.538 [  FINER] [    FXGL.AssetLoader] [FXGL Init Thread] Loading from cache: /assets/textures/enemyReduced1.png
17 Mar 2016, 14:25:57.540 [  FINER] [    FXGL.AssetLoader] [FXGL Init Thread] Loading from cache: /assets/textures/enemyReduced2.png
17 Mar 2016, 14:25:57.541 [  FINER] [    FXGL.AssetLoader] [FXGL Init Thread] Loading from cache: /assets/textures/enemyReduced2.png
17 Mar 2016, 14:25:57.542 [  FINER] [    FXGL.AssetLoader] [FXGL Init Thread] Loading from cache: /assets/textures/enemyReduced1.png
17 Mar 2016, 14:25:57.547 [  FINER] [    FXGL.AssetLoader] [FXGL Init Thread] Loading from cache: /assets/textures/enemyReduced1.png
17 Mar 2016, 14:25:57.548 [  FINER] [    FXGL.AssetLoader] [FXGL Init Thread] Loading from cache: /assets/textures/enemyReduced3.png
17 Mar 2016, 14:25:57.550 [  FINER] [    FXGL.AssetLoader] [FXGL Init Thread] Loading from cache: /assets/textures/enemyReduced2.png
17 Mar 2016, 14:25:57.554 [  FINER] [    FXGL.AssetLoader] [FXGL Init Thread] Loading from cache: /assets/textures/enemyReduced1.png
17 Mar 2016, 14:25:57.555 [  FINER] [    FXGL.AssetLoader] [FXGL Init Thread] Loading from cache: /assets/textures/enemyReduced2.png
17 Mar 2016, 14:25:57.557 [  FINER] [    FXGL.AssetLoader] [FXGL Init Thread] Loading from cache: /assets/textures/enemyReduced1.png
17 Mar 2016, 14:25:57.558 [  FINER] [    FXGL.AssetLoader] [FXGL Init Thread] Loading from cache: /assets/textures/enemyReduced2.png
17 Mar 2016, 14:25:57.559 [  FINER] [    FXGL.AssetLoader] [FXGL Init Thread] Loading from cache: /assets/textures/enemyReduced3.png
17 Mar 2016, 14:25:57.560 [  FINER] [    FXGL.AssetLoader] [FXGL Init Thread] Loading from cache: /assets/textures/enemyReduced1.png
17 Mar 2016, 14:25:57.562 [  FINER] [    FXGL.AssetLoader] [FXGL Init Thread] Loading from cache: /assets/textures/enemyReduced3.png
17 Mar 2016, 14:25:57.564 [  FINER] [    FXGL.AssetLoader] [FXGL Init Thread] Loading from cache: /assets/textures/enemyReduced2.png
17 Mar 2016, 14:25:57.565 [  FINER] [    FXGL.AssetLoader] [FXGL Init Thread] Loading from cache: /assets/textures/enemyReduced2.png
17 Mar 2016, 14:25:57.566 [  FINER] [    FXGL.AssetLoader] [FXGL Init Thread] Loading from cache: /assets/textures/enemyReduced3.png
17 Mar 2016, 14:25:57.568 [  FINER] [    FXGL.AssetLoader] [FXGL Init Thread] Loading from cache: /assets/textures/enemyReduced3.png
17 Mar 2016, 14:25:57.569 [  FINER] [    FXGL.AssetLoader] [FXGL Init Thread] Loading from cache: /assets/textures/enemyReduced2.png
17 Mar 2016, 14:25:57.570 [  FINER] [    FXGL.AssetLoader] [FXGL Init Thread] Loading from cache: /assets/textures/enemyReduced3.png
17 Mar 2016, 14:25:57.571 [  FINER] [    FXGL.AssetLoader] [FXGL Init Thread] Loading from cache: /assets/textures/enemyReduced1.png
17 Mar 2016, 14:25:57.573 [  FINER] [    FXGL.AssetLoader] [FXGL Init Thread] Loading from cache: /assets/textures/enemyReduced1.png
17 Mar 2016, 14:25:57.575 [  FINER] [    FXGL.AssetLoader] [FXGL Init Thread] Loading from cache: /assets/textures/enemyReduced3.png
17 Mar 2016, 14:25:57.577 [  FINER] [    FXGL.AssetLoader] [FXGL Init Thread] Loading from cache: /assets/textures/enemyReduced2.png
17 Mar 2016, 14:25:57.578 [  FINER] [    FXGL.AssetLoader] [FXGL Init Thread] Loading from cache: /assets/textures/enemyReduced3.png
17 Mar 2016, 14:25:57.580 [  FINER] [    FXGL.AssetLoader] [FXGL Init Thread] Loading from cache: /assets/textures/enemyReduced3.png
17 Mar 2016, 14:25:57.580 [  FINER] [    FXGL.Application] [FXGL Init Thread] Initializing Physics
17 Mar 2016, 14:25:57.581 [  FINER] [    FXGL.Application] [FXGL Init Thread] Initializing UI
17 Mar 2016, 14:25:57.586 [  FINER] [    FXGL.Application] [FXGL Init Thread] Initialization Complete
17 Mar 2016, 14:25:57.689 [  FINER] [    FXGL.Application] [JavaFX Application Thread] Showing stage
17 Mar 2016, 14:25:57.690 [  FINER] [    FXGL.Application] [JavaFX Application Thread] Root size: 480.0x800.0
17 Mar 2016, 14:25:57.690 [  FINER] [    FXGL.Application] [JavaFX Application Thread] Scene size: 480.0x800.0
17 Mar 2016, 14:25:57.690 [  FINER] [    FXGL.Application] [JavaFX Application Thread] Stage size: 486.0x829.0
17 Mar 2016, 14:25:57.722 [  FINER] [       FXGL.EventBus] [JavaFX Application Thread] Firing event: FXGLEvent[type=INIT_APP_COMPLETE]
17 Mar 2016, 14:25:57.722 [  FINER] [    FXGL.Application] [JavaFX Application Thread] Resuming main loop
17 Mar 2016, 14:25:57.723 [  FINER] [       FXGL.EventBus] [JavaFX Application Thread] Firing event: FXGLEvent[type=RESUME]
17 Mar 2016, 14:25:57.723 [  FINER] [          FXGL.Input] [JavaFX Application Thread] Clearing active input actions
17 Mar 2016, 14:25:57.723 [  FINER] [    FXGL.MasterTimer] [JavaFX Application Thread] Starting master timer
17 Mar 2016, 14:25:57.724 [  FINER] [    FXGL.Application] [JavaFX Application Thread] State: LOADING -> PLAYING
17 Mar 2016, 14:25:57.739 [  FINER] [       FXGL.EventBus] [JavaFX Application Thread] Firing event: WorldEvent[type=ENTITY_ADDED]
17 Mar 2016, 14:25:57.739 [  FINER] [      FXGL.GameScene] [JavaFX Application Thread] Entity added to scene
17 Mar 2016, 14:25:57.740 [  FINER] [      FXGL.GameScene] [JavaFX Application Thread] Added MainViewComponent
17 Mar 2016, 14:25:57.743 [  FINER] [      FXGL.GameScene] [JavaFX Application Thread] Creating render group for layer: TOP(2147483647)
17 Mar 2016, 14:25:57.751 [  FINER] [       FXGL.EventBus] [JavaFX Application Thread] Firing event: WorldEvent[type=ENTITY_ADDED]
17 Mar 2016, 14:25:57.751 [  FINER] [      FXGL.GameScene] [JavaFX Application Thread] Entity added to scene
17 Mar 2016, 14:25:57.751 [  FINER] [      FXGL.GameScene] [JavaFX Application Thread] Added MainViewComponent
17 Mar 2016, 14:25:57.752 [  FINER] [       FXGL.EventBus] [JavaFX Application Thread] Firing event: WorldEvent[type=ENTITY_ADDED]
17 Mar 2016, 14:25:57.752 [  FINER] [      FXGL.GameScene] [JavaFX Application Thread] Entity added to scene
17 Mar 2016, 14:25:57.752 [  FINER] [      FXGL.GameScene] [JavaFX Application Thread] Added MainViewComponent
17 Mar 2016, 14:25:57.753 [  FINER] [       FXGL.EventBus] [JavaFX Application Thread] Firing event: WorldEvent[type=ENTITY_ADDED]
17 Mar 2016, 14:25:57.753 [  FINER] [      FXGL.GameScene] [JavaFX Application Thread] Entity added to scene
17 Mar 2016, 14:25:57.753 [  FINER] [      FXGL.GameScene] [JavaFX Application Thread] Added MainViewComponent
17 Mar 2016, 14:25:57.754 [  FINER] [       FXGL.EventBus] [JavaFX Application Thread] Firing event: WorldEvent[type=ENTITY_ADDED]
17 Mar 2016, 14:25:57.754 [  FINER] [      FXGL.GameScene] [JavaFX Application Thread] Entity added to scene
17 Mar 2016, 14:25:57.754 [  FINER] [      FXGL.GameScene] [JavaFX Application Thread] Added MainViewComponent
17 Mar 2016, 14:25:57.754 [  FINER] [       FXGL.EventBus] [JavaFX Application Thread] Firing event: WorldEvent[type=ENTITY_ADDED]
17 Mar 2016, 14:25:57.754 [  FINER] [      FXGL.GameScene] [JavaFX Application Thread] Entity added to scene
17 Mar 2016, 14:25:57.754 [  FINER] [      FXGL.GameScene] [JavaFX Application Thread] Added MainViewComponent
17 Mar 2016, 14:25:57.755 [  FINER] [       FXGL.EventBus] [JavaFX Application Thread] Firing event: WorldEvent[type=ENTITY_ADDED]
17 Mar 2016, 14:25:57.756 [  FINER] [      FXGL.GameScene] [JavaFX Application Thread] Entity added to scene
17 Mar 2016, 14:25:57.756 [  FINER] [      FXGL.GameScene] [JavaFX Application Thread] Added MainViewComponent
17 Mar 2016, 14:25:57.756 [  FINER] [       FXGL.EventBus] [JavaFX Application Thread] Firing event: WorldEvent[type=ENTITY_ADDED]
17 Mar 2016, 14:25:57.756 [  FINER] [      FXGL.GameScene] [JavaFX Application Thread] Entity added to scene
17 Mar 2016, 14:25:57.757 [  FINER] [      FXGL.GameScene] [JavaFX Application Thread] Added MainViewComponent
17 Mar 2016, 14:25:57.757 [  FINER] [       FXGL.EventBus] [JavaFX Application Thread] Firing event: WorldEvent[type=ENTITY_ADDED]
17 Mar 2016, 14:25:57.757 [  FINER] [      FXGL.GameScene] [JavaFX Application Thread] Entity added to scene
17 Mar 2016, 14:25:57.757 [  FINER] [      FXGL.GameScene] [JavaFX Application Thread] Added MainViewComponent
17 Mar 2016, 14:25:57.758 [  FINER] [       FXGL.EventBus] [JavaFX Application Thread] Firing event: WorldEvent[type=ENTITY_ADDED]
17 Mar 2016, 14:25:57.758 [  FINER] [      FXGL.GameScene] [JavaFX Application Thread] Entity added to scene
17 Mar 2016, 14:25:57.758 [  FINER] [      FXGL.GameScene] [JavaFX Application Thread] Added MainViewComponent
17 Mar 2016, 14:25:57.759 [  FINER] [       FXGL.EventBus] [JavaFX Application Thread] Firing event: WorldEvent[type=ENTITY_ADDED]
17 Mar 2016, 14:25:57.759 [  FINER] [      FXGL.GameScene] [JavaFX Application Thread] Entity added to scene
17 Mar 2016, 14:25:57.759 [  FINER] [      FXGL.GameScene] [JavaFX Application Thread] Added MainViewComponent
17 Mar 2016, 14:25:57.760 [  FINER] [       FXGL.EventBus] [JavaFX Application Thread] Firing event: WorldEvent[type=ENTITY_ADDED]
17 Mar 2016, 14:25:57.760 [  FINER] [      FXGL.GameScene] [JavaFX Application Thread] Entity added to scene
17 Mar 2016, 14:25:57.760 [  FINER] [      FXGL.GameScene] [JavaFX Application Thread] Added MainViewComponent
17 Mar 2016, 14:25:57.761 [  FINER] [       FXGL.EventBus] [JavaFX Application Thread] Firing event: WorldEvent[type=ENTITY_ADDED]
17 Mar 2016, 14:25:57.761 [  FINER] [      FXGL.GameScene] [JavaFX Application Thread] Entity added to scene
17 Mar 2016, 14:25:57.761 [  FINER] [      FXGL.GameScene] [JavaFX Application Thread] Added MainViewComponent
17 Mar 2016, 14:25:57.762 [  FINER] [       FXGL.EventBus] [JavaFX Application Thread] Firing event: WorldEvent[type=ENTITY_ADDED]
17 Mar 2016, 14:25:57.762 [  FINER] [      FXGL.GameScene] [JavaFX Application Thread] Entity added to scene
17 Mar 2016, 14:25:57.762 [  FINER] [      FXGL.GameScene] [JavaFX Application Thread] Added MainViewComponent
17 Mar 2016, 14:25:57.763 [  FINER] [       FXGL.EventBus] [JavaFX Application Thread] Firing event: WorldEvent[type=ENTITY_ADDED]
17 Mar 2016, 14:25:57.764 [  FINER] [      FXGL.GameScene] [JavaFX Application Thread] Entity added to scene
17 Mar 2016, 14:25:57.764 [  FINER] [      FXGL.GameScene] [JavaFX Application Thread] Added MainViewComponent
17 Mar 2016, 14:25:57.765 [  FINER] [       FXGL.EventBus] [JavaFX Application Thread] Firing event: WorldEvent[type=ENTITY_ADDED]
17 Mar 2016, 14:25:57.765 [  FINER] [      FXGL.GameScene] [JavaFX Application Thread] Entity added to scene
17 Mar 2016, 14:25:57.766 [  FINER] [      FXGL.GameScene] [JavaFX Application Thread] Added MainViewComponent
17 Mar 2016, 14:25:57.766 [  FINER] [       FXGL.EventBus] [JavaFX Application Thread] Firing event: WorldEvent[type=ENTITY_ADDED]
17 Mar 2016, 14:25:57.766 [  FINER] [      FXGL.GameScene] [JavaFX Application Thread] Entity added to scene
17 Mar 2016, 14:25:57.767 [  FINER] [      FXGL.GameScene] [JavaFX Application Thread] Added MainViewComponent
17 Mar 2016, 14:25:57.767 [  FINER] [       FXGL.EventBus] [JavaFX Application Thread] Firing event: WorldEvent[type=ENTITY_ADDED]
17 Mar 2016, 14:25:57.768 [  FINER] [      FXGL.GameScene] [JavaFX Application Thread] Entity added to scene
17 Mar 2016, 14:25:57.768 [  FINER] [      FXGL.GameScene] [JavaFX Application Thread] Added MainViewComponent
17 Mar 2016, 14:25:57.769 [  FINER] [       FXGL.EventBus] [JavaFX Application Thread] Firing event: WorldEvent[type=ENTITY_ADDED]
17 Mar 2016, 14:25:57.769 [  FINER] [      FXGL.GameScene] [JavaFX Application Thread] Entity added to scene
17 Mar 2016, 14:25:57.769 [  FINER] [      FXGL.GameScene] [JavaFX Application Thread] Added MainViewComponent
17 Mar 2016, 14:25:57.769 [  FINER] [       FXGL.EventBus] [JavaFX Application Thread] Firing event: WorldEvent[type=ENTITY_ADDED]
17 Mar 2016, 14:25:57.770 [  FINER] [      FXGL.GameScene] [JavaFX Application Thread] Entity added to scene
17 Mar 2016, 14:25:57.770 [  FINER] [      FXGL.GameScene] [JavaFX Application Thread] Added MainViewComponent
17 Mar 2016, 14:25:57.770 [  FINER] [       FXGL.EventBus] [JavaFX Application Thread] Firing event: WorldEvent[type=ENTITY_ADDED]
17 Mar 2016, 14:25:57.771 [  FINER] [      FXGL.GameScene] [JavaFX Application Thread] Entity added to scene
17 Mar 2016, 14:25:57.771 [  FINER] [      FXGL.GameScene] [JavaFX Application Thread] Added MainViewComponent
17 Mar 2016, 14:25:57.771 [  FINER] [       FXGL.EventBus] [JavaFX Application Thread] Firing event: WorldEvent[type=ENTITY_ADDED]
17 Mar 2016, 14:25:57.772 [  FINER] [      FXGL.GameScene] [JavaFX Application Thread] Entity added to scene
17 Mar 2016, 14:25:57.772 [  FINER] [      FXGL.GameScene] [JavaFX Application Thread] Added MainViewComponent
17 Mar 2016, 14:25:57.772 [  FINER] [       FXGL.EventBus] [JavaFX Application Thread] Firing event: WorldEvent[type=ENTITY_ADDED]
17 Mar 2016, 14:25:57.772 [  FINER] [      FXGL.GameScene] [JavaFX Application Thread] Entity added to scene
17 Mar 2016, 14:25:57.772 [  FINER] [      FXGL.GameScene] [JavaFX Application Thread] Added MainViewComponent
17 Mar 2016, 14:25:57.773 [  FINER] [       FXGL.EventBus] [JavaFX Application Thread] Firing event: WorldEvent[type=ENTITY_ADDED]
17 Mar 2016, 14:25:57.773 [  FINER] [      FXGL.GameScene] [JavaFX Application Thread] Entity added to scene
17 Mar 2016, 14:25:57.773 [  FINER] [      FXGL.GameScene] [JavaFX Application Thread] Added MainViewComponent
17 Mar 2016, 14:25:57.774 [  FINER] [       FXGL.EventBus] [JavaFX Application Thread] Firing event: WorldEvent[type=ENTITY_ADDED]
17 Mar 2016, 14:25:57.774 [  FINER] [      FXGL.GameScene] [JavaFX Application Thread] Entity added to scene
17 Mar 2016, 14:25:57.774 [  FINER] [      FXGL.GameScene] [JavaFX Application Thread] Added MainViewComponent
17 Mar 2016, 14:25:57.774 [  FINER] [       FXGL.EventBus] [JavaFX Application Thread] Firing event: WorldEvent[type=ENTITY_ADDED]
17 Mar 2016, 14:25:57.775 [  FINER] [      FXGL.GameScene] [JavaFX Application Thread] Entity added to scene
17 Mar 2016, 14:25:57.775 [  FINER] [      FXGL.GameScene] [JavaFX Application Thread] Added MainViewComponent
17 Mar 2016, 14:25:57.775 [  FINER] [       FXGL.EventBus] [JavaFX Application Thread] Firing event: WorldEvent[type=ENTITY_ADDED]
17 Mar 2016, 14:25:57.775 [  FINER] [      FXGL.GameScene] [JavaFX Application Thread] Entity added to scene
17 Mar 2016, 14:25:57.776 [  FINER] [      FXGL.GameScene] [JavaFX Application Thread] Added MainViewComponent
17 Mar 2016, 14:25:57.776 [  FINER] [       FXGL.EventBus] [JavaFX Application Thread] Firing event: WorldEvent[type=ENTITY_ADDED]
17 Mar 2016, 14:25:57.776 [  FINER] [      FXGL.GameScene] [JavaFX Application Thread] Entity added to scene
17 Mar 2016, 14:25:57.776 [  FINER] [      FXGL.GameScene] [JavaFX Application Thread] Added MainViewComponent
17 Mar 2016, 14:25:57.777 [  FINER] [       FXGL.EventBus] [JavaFX Application Thread] Firing event: WorldEvent[type=ENTITY_ADDED]
17 Mar 2016, 14:25:57.777 [  FINER] [      FXGL.GameScene] [JavaFX Application Thread] Entity added to scene
17 Mar 2016, 14:25:57.777 [  FINER] [      FXGL.GameScene] [JavaFX Application Thread] Added MainViewComponent
17 Mar 2016, 14:25:57.778 [  FINER] [       FXGL.EventBus] [JavaFX Application Thread] Firing event: WorldEvent[type=ENTITY_ADDED]
17 Mar 2016, 14:25:57.778 [  FINER] [      FXGL.GameScene] [JavaFX Application Thread] Entity added to scene
17 Mar 2016, 14:25:57.779 [  FINER] [      FXGL.GameScene] [JavaFX Application Thread] Added MainViewComponent
17 Mar 2016, 14:25:57.781 [  FINER] [       FXGL.EventBus] [JavaFX Application Thread] Firing event: WorldEvent[type=ENTITY_ADDED]
17 Mar 2016, 14:25:57.782 [  FINER] [      FXGL.GameScene] [JavaFX Application Thread] Entity added to scene
17 Mar 2016, 14:25:57.782 [  FINER] [      FXGL.GameScene] [JavaFX Application Thread] Added MainViewComponent
17 Mar 2016, 14:25:57.783 [  FINER] [       FXGL.EventBus] [JavaFX Application Thread] Firing event: WorldEvent[type=ENTITY_ADDED]
17 Mar 2016, 14:25:57.783 [  FINER] [      FXGL.GameScene] [JavaFX Application Thread] Entity added to scene
17 Mar 2016, 14:25:57.783 [  FINER] [      FXGL.GameScene] [JavaFX Application Thread] Added MainViewComponent
17 Mar 2016, 14:25:57.784 [  FINER] [       FXGL.EventBus] [JavaFX Application Thread] Firing event: WorldEvent[type=ENTITY_ADDED]
17 Mar 2016, 14:25:57.784 [  FINER] [      FXGL.GameScene] [JavaFX Application Thread] Entity added to scene
17 Mar 2016, 14:25:57.784 [  FINER] [      FXGL.GameScene] [JavaFX Application Thread] Added MainViewComponent
17 Mar 2016, 14:25:57.785 [  FINER] [       FXGL.EventBus] [JavaFX Application Thread] Firing event: WorldEvent[type=ENTITY_ADDED]
17 Mar 2016, 14:25:57.785 [  FINER] [      FXGL.GameScene] [JavaFX Application Thread] Entity added to scene
17 Mar 2016, 14:25:57.785 [  FINER] [      FXGL.GameScene] [JavaFX Application Thread] Added MainViewComponent
17 Mar 2016, 14:25:57.786 [  FINER] [       FXGL.EventBus] [JavaFX Application Thread] Firing event: WorldEvent[type=ENTITY_ADDED]
17 Mar 2016, 14:25:57.786 [  FINER] [      FXGL.GameScene] [JavaFX Application Thread] Entity added to scene
17 Mar 2016, 14:25:57.786 [  FINER] [      FXGL.GameScene] [JavaFX Application Thread] Added MainViewComponent
17 Mar 2016, 14:25:57.787 [  FINER] [       FXGL.EventBus] [JavaFX Application Thread] Firing event: WorldEvent[type=ENTITY_ADDED]
17 Mar 2016, 14:25:57.787 [  FINER] [      FXGL.GameScene] [JavaFX Application Thread] Entity added to scene
17 Mar 2016, 14:25:57.788 [  FINER] [      FXGL.GameScene] [JavaFX Application Thread] Added MainViewComponent
17 Mar 2016, 14:25:57.788 [  FINER] [       FXGL.EventBus] [JavaFX Application Thread] Firing event: WorldEvent[type=ENTITY_ADDED]
17 Mar 2016, 14:25:57.788 [  FINER] [      FXGL.GameScene] [JavaFX Application Thread] Entity added to scene
17 Mar 2016, 14:25:57.788 [  FINER] [      FXGL.GameScene] [JavaFX Application Thread] Added MainViewComponent
17 Mar 2016, 14:25:57.789 [  FINER] [       FXGL.EventBus] [JavaFX Application Thread] Firing event: WorldEvent[type=ENTITY_ADDED]
17 Mar 2016, 14:25:57.789 [  FINER] [      FXGL.GameScene] [JavaFX Application Thread] Entity added to scene
17 Mar 2016, 14:25:57.789 [  FINER] [      FXGL.GameScene] [JavaFX Application Thread] Added MainViewComponent
17 Mar 2016, 14:25:57.790 [  FINER] [       FXGL.EventBus] [JavaFX Application Thread] Firing event: WorldEvent[type=ENTITY_ADDED]
17 Mar 2016, 14:25:57.790 [  FINER] [      FXGL.GameScene] [JavaFX Application Thread] Entity added to scene
17 Mar 2016, 14:25:57.790 [  FINER] [      FXGL.GameScene] [JavaFX Application Thread] Added MainViewComponent
17 Mar 2016, 14:25:57.791 [  FINER] [       FXGL.EventBus] [JavaFX Application Thread] Firing event: WorldEvent[type=ENTITY_ADDED]
17 Mar 2016, 14:25:57.791 [  FINER] [      FXGL.GameScene] [JavaFX Application Thread] Entity added to scene
17 Mar 2016, 14:25:57.791 [  FINER] [      FXGL.GameScene] [JavaFX Application Thread] Added MainViewComponent
17 Mar 2016, 14:25:57.792 [  FINER] [       FXGL.EventBus] [JavaFX Application Thread] Firing event: WorldEvent[type=ENTITY_ADDED]
17 Mar 2016, 14:25:57.792 [  FINER] [      FXGL.GameScene] [JavaFX Application Thread] Entity added to scene
17 Mar 2016, 14:25:57.792 [  FINER] [      FXGL.GameScene] [JavaFX Application Thread] Added MainViewComponent
17 Mar 2016, 14:25:57.793 [  FINER] [       FXGL.EventBus] [JavaFX Application Thread] Firing event: WorldEvent[type=ENTITY_ADDED]
17 Mar 2016, 14:25:57.793 [  FINER] [      FXGL.GameScene] [JavaFX Application Thread] Entity added to scene
17 Mar 2016, 14:25:57.793 [  FINER] [      FXGL.GameScene] [JavaFX Application Thread] Added MainViewComponent
17 Mar 2016, 14:25:57.794 [  FINER] [       FXGL.EventBus] [JavaFX Application Thread] Firing event: WorldEvent[type=ENTITY_ADDED]
17 Mar 2016, 14:25:57.794 [  FINER] [      FXGL.GameScene] [JavaFX Application Thread] Entity added to scene
17 Mar 2016, 14:25:57.794 [  FINER] [      FXGL.GameScene] [JavaFX Application Thread] Added MainViewComponent
17 Mar 2016, 14:25:57.795 [  FINER] [       FXGL.EventBus] [JavaFX Application Thread] Firing event: WorldEvent[type=ENTITY_ADDED]
17 Mar 2016, 14:25:57.795 [  FINER] [      FXGL.GameScene] [JavaFX Application Thread] Entity added to scene
17 Mar 2016, 14:25:57.795 [  FINER] [      FXGL.GameScene] [JavaFX Application Thread] Added MainViewComponent
17 Mar 2016, 14:25:57.796 [  FINER] [       FXGL.EventBus] [JavaFX Application Thread] Firing event: WorldEvent[type=ENTITY_ADDED]
17 Mar 2016, 14:25:57.796 [  FINER] [      FXGL.GameScene] [JavaFX Application Thread] Entity added to scene
17 Mar 2016, 14:25:57.796 [  FINER] [      FXGL.GameScene] [JavaFX Application Thread] Added MainViewComponent
17 Mar 2016, 14:25:57.797 [  FINER] [       FXGL.EventBus] [JavaFX Application Thread] Firing event: WorldEvent[type=ENTITY_ADDED]
17 Mar 2016, 14:25:57.797 [  FINER] [      FXGL.GameScene] [JavaFX Application Thread] Entity added to scene
17 Mar 2016, 14:25:57.798 [  FINER] [      FXGL.GameScene] [JavaFX Application Thread] Added MainViewComponent
17 Mar 2016, 14:25:57.798 [  FINER] [       FXGL.EventBus] [JavaFX Application Thread] Firing event: WorldEvent[type=ENTITY_ADDED]
17 Mar 2016, 14:25:57.799 [  FINER] [      FXGL.GameScene] [JavaFX Application Thread] Entity added to scene
17 Mar 2016, 14:25:57.799 [  FINER] [      FXGL.GameScene] [JavaFX Application Thread] Added MainViewComponent
17 Mar 2016, 14:25:57.799 [  FINER] [       FXGL.EventBus] [JavaFX Application Thread] Firing event: WorldEvent[type=ENTITY_ADDED]
17 Mar 2016, 14:25:57.799 [  FINER] [      FXGL.GameScene] [JavaFX Application Thread] Entity added to scene
17 Mar 2016, 14:25:57.800 [  FINER] [      FXGL.GameScene] [JavaFX Application Thread] Added MainViewComponent
17 Mar 2016, 14:25:57.800 [  FINER] [       FXGL.EventBus] [JavaFX Application Thread] Firing event: WorldEvent[type=ENTITY_ADDED]
17 Mar 2016, 14:25:57.800 [  FINER] [      FXGL.GameScene] [JavaFX Application Thread] Entity added to scene
17 Mar 2016, 14:25:57.801 [  FINER] [      FXGL.GameScene] [JavaFX Application Thread] Added MainViewComponent
17 Mar 2016, 14:25:57.801 [  FINER] [       FXGL.EventBus] [JavaFX Application Thread] Firing event: WorldEvent[type=ENTITY_ADDED]
17 Mar 2016, 14:25:57.801 [  FINER] [      FXGL.GameScene] [JavaFX Application Thread] Entity added to scene
17 Mar 2016, 14:25:57.802 [  FINER] [      FXGL.GameScene] [JavaFX Application Thread] Added MainViewComponent
17 Mar 2016, 14:25:57.802 [  FINER] [       FXGL.EventBus] [JavaFX Application Thread] Firing event: WorldEvent[type=ENTITY_ADDED]
17 Mar 2016, 14:25:57.802 [  FINER] [      FXGL.GameScene] [JavaFX Application Thread] Entity added to scene
17 Mar 2016, 14:25:57.802 [  FINER] [      FXGL.GameScene] [JavaFX Application Thread] Added MainViewComponent
17 Mar 2016, 14:25:57.803 [  FINER] [       FXGL.EventBus] [JavaFX Application Thread] Firing event: WorldEvent[type=ENTITY_ADDED]
17 Mar 2016, 14:25:57.803 [  FINER] [      FXGL.GameScene] [JavaFX Application Thread] Entity added to scene
17 Mar 2016, 14:25:57.803 [  FINER] [      FXGL.GameScene] [JavaFX Application Thread] Added MainViewComponent
17 Mar 2016, 14:26:35.284 [  FINER] [       FXGL.EventBus] [JavaFX Application Thread] Firing event: DisplayEvent[type=DIALOG_OPENED]
17 Mar 2016, 14:26:35.285 [  FINER] [    FXGL.Application] [JavaFX Application Thread] Pausing main loop
17 Mar 2016, 14:26:35.285 [  FINER] [       FXGL.EventBus] [JavaFX Application Thread] Firing event: FXGLEvent[type=PAUSE]
17 Mar 2016, 14:26:35.285 [  FINER] [          FXGL.Input] [JavaFX Application Thread] Clearing active input actions
17 Mar 2016, 14:26:35.285 [  FINER] [    FXGL.MasterTimer] [JavaFX Application Thread] Stopping master timer
17 Mar 2016, 14:26:35.285 [  FINER] [    FXGL.Application] [JavaFX Application Thread] State: PLAYING -> PAUSED
17 Mar 2016, 14:26:35.286 [  FINER] [          FXGL.Input] [JavaFX Application Thread] Clearing active input actions
17 Mar 2016, 14:26:38.270 [  FINER] [       FXGL.EventBus] [JavaFX Application Thread] Firing event: DisplayEvent[type=DIALOG_CLOSED]
17 Mar 2016, 14:26:38.270 [  FINER] [    FXGL.Application] [JavaFX Application Thread] Resuming main loop
17 Mar 2016, 14:26:38.270 [  FINER] [       FXGL.EventBus] [JavaFX Application Thread] Firing event: FXGLEvent[type=RESUME]
17 Mar 2016, 14:26:38.270 [  FINER] [          FXGL.Input] [JavaFX Application Thread] Clearing active input actions
17 Mar 2016, 14:26:38.271 [  FINER] [    FXGL.MasterTimer] [JavaFX Application Thread] Starting master timer
17 Mar 2016, 14:26:38.271 [  FINER] [    FXGL.Application] [JavaFX Application Thread] State: PAUSED -> PLAYING
17 Mar 2016, 14:26:38.271 [  FINER] [       FXGL.EventBus] [JavaFX Application Thread] Firing event: DisplayEvent[type=CLOSE_REQUEST]
17 Mar 2016, 14:26:38.271 [  FINER] [    FXGL.Application] [JavaFX Application Thread] Exiting Normally
17 Mar 2016, 14:26:38.271 [  FINER] [       FXGL.EventBus] [JavaFX Application Thread] Firing event: FXGLEvent[type=EXIT]
17 Mar 2016, 14:26:38.272 [  FINER] [         FXGL.Logger] [JavaFX Application Thread] Logger is closing
