28 Feb 2016, 20:52:02.066 [   INFO] [         FXGL.Logger] [JavaFX Application Thread] Logger initialized with level: CONFIG
28 Feb 2016, 20:52:02.069 [  FINER] [         FXGL.Logger] [JavaFX Application Thread] CPU cores: 6
28 Feb 2016, 20:52:02.071 [  FINER] [         FXGL.Logger] [JavaFX Application Thread] Free Memory: 111MB
28 Feb 2016, 20:52:02.071 [  FINER] [         FXGL.Logger] [JavaFX Application Thread] Max Memory: 1800MB
28 Feb 2016, 20:52:02.072 [  FINER] [         FXGL.Logger] [JavaFX Application Thread] Total Memory: 123MB
28 Feb 2016, 20:52:02.072 [  FINER] [         FXGL.Logger] [JavaFX Application Thread] System Properties:
28 Feb 2016, 20:52:02.072 [  FINER] [         FXGL.Logger] [JavaFX Application Thread] sun.cpu.isalist=amd64
28 Feb 2016, 20:52:02.073 [  FINER] [         FXGL.Logger] [JavaFX Application Thread] sun.desktop=windows
28 Feb 2016, 20:52:02.073 [  FINER] [         FXGL.Logger] [JavaFX Application Thread] sun.io.unicode.encoding=UnicodeLittle
28 Feb 2016, 20:52:02.073 [  FINER] [         FXGL.Logger] [JavaFX Application Thread] sun.cpu.endian=little
28 Feb 2016, 20:52:02.073 [  FINER] [         FXGL.Logger] [JavaFX Application Thread] java.vendor.url.bug=http://bugreport.sun.com/bugreport/
28 Feb 2016, 20:52:02.074 [  FINER] [         FXGL.Logger] [JavaFX Application Thread] file.separator=\
28 Feb 2016, 20:52:02.074 [  FINER] [         FXGL.Logger] [JavaFX Application Thread] java.vendor=Oracle Corporation
28 Feb 2016, 20:52:02.074 [  FINER] [         FXGL.Logger] [JavaFX Application Thread] sun.boot.class.path=C:\Program Files\Java\jre1.8.0_71\lib\resources.jar;C:\Program Files\Java\jre1.8.0_71\lib\rt.jar;C:\Program Files\Java\jre1.8.0_71\lib\sunrsasign.jar;C:\Program Files\Java\jre1.8.0_71\lib\jsse.jar;C:\Program Files\Java\jre1.8.0_71\lib\jce.jar;C:\Program Files\Java\jre1.8.0_71\lib\charsets.jar;C:\Program Files\Java\jre1.8.0_71\lib\jfr.jar;C:\Program Files\Java\jre1.8.0_71\classes
28 Feb 2016, 20:52:02.074 [  FINER] [         FXGL.Logger] [JavaFX Application Thread] java.ext.dirs=C:\Program Files\Java\jre1.8.0_71\lib\ext;C:\WINDOWS\Sun\Java\lib\ext
28 Feb 2016, 20:52:02.075 [  FINER] [         FXGL.Logger] [JavaFX Application Thread] java.version=1.8.0_71
28 Feb 2016, 20:52:02.075 [  FINER] [         FXGL.Logger] [JavaFX Application Thread] java.vm.info=mixed mode
28 Feb 2016, 20:52:02.075 [  FINER] [         FXGL.Logger] [JavaFX Application Thread] awt.toolkit=sun.awt.windows.WToolkit
28 Feb 2016, 20:52:02.075 [  FINER] [         FXGL.Logger] [JavaFX Application Thread] user.language=en
28 Feb 2016, 20:52:02.076 [  FINER] [         FXGL.Logger] [JavaFX Application Thread] java.specification.vendor=Oracle Corporation
28 Feb 2016, 20:52:02.076 [  FINER] [         FXGL.Logger] [JavaFX Application Thread] sun.java.command=com.chromalife.SpaceInvaders.SpaceInvadersApp
28 Feb 2016, 20:52:02.076 [  FINER] [         FXGL.Logger] [JavaFX Application Thread] java.home=C:\Program Files\Java\jre1.8.0_71
28 Feb 2016, 20:52:02.076 [  FINER] [         FXGL.Logger] [JavaFX Application Thread] sun.arch.data.model=64
28 Feb 2016, 20:52:02.077 [  FINER] [         FXGL.Logger] [JavaFX Application Thread] java.vm.specification.version=1.8
28 Feb 2016, 20:52:02.077 [  FINER] [         FXGL.Logger] [JavaFX Application Thread] java.class.path=G:\workspace\SpaceInvaders\target\classes;C:\Users\Anwar Saleeby\.m2\repository\com\github\AlmasB\FXGL\0.2.1-0.2.0-gba5970d-32\FXGL-0.2.1-0.2.0-gba5970d-32.jar;C:\Users\Anwar Saleeby\.m2\repository\com\google\inject\guice\4.0\guice-4.0.jar;C:\Users\Anwar Saleeby\.m2\repository\javax\inject\javax.inject\1\javax.inject-1.jar;C:\Users\Anwar Saleeby\.m2\repository\aopalliance\aopalliance\1.0\aopalliance-1.0.jar;C:\Users\Anwar Saleeby\.m2\repository\com\google\guava\guava\16.0.1\guava-16.0.1.jar;C:\Users\Anwar Saleeby\.m2\repository\org\jfxtras\jfxtras-window\8.0-r4\jfxtras-window-8.0-r4.jar;C:\Users\Anwar Saleeby\.m2\repository\org\jfxtras\jfxtras-common\8.0-r4\jfxtras-common-8.0-r4.jar;C:\Users\Anwar Saleeby\.m2\repository\com\github\AlmasB\FXEventBus\1.0\FXEventBus-1.0.jar;C:\Users\Anwar Saleeby\.m2\repository\com\github\AlmasB\Ents\1.0\Ents-1.0.jar;C:\Users\Anwar Saleeby\.m2\repository\org\apache\logging\log4j\log4j-api\2.5\log4j-api-2.5.jar;C:\Users\Anwar Saleeby\.m2\repository\org\apache\logging\log4j\log4j-core\2.5\log4j-core-2.5.jar;C:\Users\Anwar Saleeby\.m2\repository\com\github\AlmasB\AStar\1.0\AStar-1.0.jar
28 Feb 2016, 20:52:02.077 [  FINER] [         FXGL.Logger] [JavaFX Application Thread] user.name=Anwar Saleeby
28 Feb 2016, 20:52:02.078 [  FINER] [         FXGL.Logger] [JavaFX Application Thread] file.encoding=Cp1252
28 Feb 2016, 20:52:02.078 [  FINER] [         FXGL.Logger] [JavaFX Application Thread] java.specification.version=1.8
28 Feb 2016, 20:52:02.078 [  FINER] [         FXGL.Logger] [JavaFX Application Thread] java.awt.printerjob=sun.awt.windows.WPrinterJob
28 Feb 2016, 20:52:02.078 [  FINER] [         FXGL.Logger] [JavaFX Application Thread] user.timezone=America/New_York
28 Feb 2016, 20:52:02.078 [  FINER] [         FXGL.Logger] [JavaFX Application Thread] user.home=C:\Users\Anwar Saleeby
28 Feb 2016, 20:52:02.079 [  FINER] [         FXGL.Logger] [JavaFX Application Thread] os.version=10.0
28 Feb 2016, 20:52:02.079 [  FINER] [         FXGL.Logger] [JavaFX Application Thread] sun.management.compiler=HotSpot 64-Bit Tiered Compilers
28 Feb 2016, 20:52:02.079 [  FINER] [         FXGL.Logger] [JavaFX Application Thread] java.specification.name=Java Platform API Specification
28 Feb 2016, 20:52:02.079 [  FINER] [         FXGL.Logger] [JavaFX Application Thread] java.class.version=52.0
28 Feb 2016, 20:52:02.079 [  FINER] [         FXGL.Logger] [JavaFX Application Thread] java.library.path=C:\Program Files\Java\jre1.8.0_71\bin;C:\WINDOWS\Sun\Java\bin;C:\WINDOWS\system32;C:\WINDOWS;C:/Program Files/Java/jre1.8.0_73/bin/server;C:/Program Files/Java/jre1.8.0_73/bin;C:/Program Files/Java/jre1.8.0_73/lib/amd64;C:\oraclexe\app\oracle\product\11.2.0\server\bin;;C:\ProgramData\Oracle\Java\javapath;C:\Windows\system32;C:\Windows;C:\Windows\System32\Wbem;C:\Windows\System32\WindowsPowerShell\v1.0\;C:\Program Files (x86)\NVIDIA Corporation\PhysX\Common;C:\WINDOWS\system32;C:\WINDOWS;C:\WINDOWS\System32\Wbem;C:\WINDOWS\System32\WindowsPowerShell\v1.0\;C:\Program Files (x86)\Skype\Phone\;C:\Program Files\nodejs\;C:\Program Files\Git\cmd;C:\Users\Anwar Saleeby\AppData\Roaming\npm;C:\Program Files\nodejs;C:\Program Files\MongoDB\Server\3.2\bin;C:\Users\Anwar Saleeby\AppData\Local\Programs\Python\Python35-32;C:\eclipse;;.
28 Feb 2016, 20:52:02.080 [  FINER] [         FXGL.Logger] [JavaFX Application Thread] sun.jnu.encoding=Cp1252
28 Feb 2016, 20:52:02.080 [  FINER] [         FXGL.Logger] [JavaFX Application Thread] os.name=Windows 10
28 Feb 2016, 20:52:02.080 [  FINER] [         FXGL.Logger] [JavaFX Application Thread] user.variant=
28 Feb 2016, 20:52:02.080 [  FINER] [         FXGL.Logger] [JavaFX Application Thread] java.vm.specification.vendor=Oracle Corporation
28 Feb 2016, 20:52:02.081 [  FINER] [         FXGL.Logger] [JavaFX Application Thread] java.io.tmpdir=C:\Users\ANWARS~1\AppData\Local\Temp\
28 Feb 2016, 20:52:02.081 [  FINER] [         FXGL.Logger] [JavaFX Application Thread] line.separator=

28 Feb 2016, 20:52:02.081 [  FINER] [         FXGL.Logger] [JavaFX Application Thread] java.endorsed.dirs=C:\Program Files\Java\jre1.8.0_71\lib\endorsed
28 Feb 2016, 20:52:02.081 [  FINER] [         FXGL.Logger] [JavaFX Application Thread] os.arch=amd64
28 Feb 2016, 20:52:02.081 [  FINER] [         FXGL.Logger] [JavaFX Application Thread] javafx.runtime.version=8.0.71-b15
28 Feb 2016, 20:52:02.082 [  FINER] [         FXGL.Logger] [JavaFX Application Thread] java.awt.graphicsenv=sun.awt.Win32GraphicsEnvironment
28 Feb 2016, 20:52:02.082 [  FINER] [         FXGL.Logger] [JavaFX Application Thread] java.runtime.version=1.8.0_71-b15
28 Feb 2016, 20:52:02.082 [  FINER] [         FXGL.Logger] [JavaFX Application Thread] java.vm.specification.name=Java Virtual Machine Specification
28 Feb 2016, 20:52:02.082 [  FINER] [         FXGL.Logger] [JavaFX Application Thread] user.dir=G:\workspace\SpaceInvaders
28 Feb 2016, 20:52:02.082 [  FINER] [         FXGL.Logger] [JavaFX Application Thread] user.country=US
28 Feb 2016, 20:52:02.083 [  FINER] [         FXGL.Logger] [JavaFX Application Thread] user.script=
28 Feb 2016, 20:52:02.083 [  FINER] [         FXGL.Logger] [JavaFX Application Thread] sun.java.launcher=SUN_STANDARD
28 Feb 2016, 20:52:02.083 [  FINER] [         FXGL.Logger] [JavaFX Application Thread] sun.os.patch.level=
28 Feb 2016, 20:52:02.083 [  FINER] [         FXGL.Logger] [JavaFX Application Thread] java.vm.name=Java HotSpot(TM) 64-Bit Server VM
28 Feb 2016, 20:52:02.083 [  FINER] [         FXGL.Logger] [JavaFX Application Thread] file.encoding.pkg=sun.io
28 Feb 2016, 20:52:02.084 [  FINER] [         FXGL.Logger] [JavaFX Application Thread] path.separator=;
28 Feb 2016, 20:52:02.084 [  FINER] [         FXGL.Logger] [JavaFX Application Thread] java.vm.vendor=Oracle Corporation
28 Feb 2016, 20:52:02.084 [  FINER] [         FXGL.Logger] [JavaFX Application Thread] java.vendor.url=http://java.oracle.com/
28 Feb 2016, 20:52:02.084 [  FINER] [         FXGL.Logger] [JavaFX Application Thread] sun.boot.library.path=C:\Program Files\Java\jre1.8.0_71\bin
28 Feb 2016, 20:52:02.084 [  FINER] [         FXGL.Logger] [JavaFX Application Thread] java.vm.version=25.71-b15
28 Feb 2016, 20:52:02.085 [  FINER] [         FXGL.Logger] [JavaFX Application Thread] java.runtime.name=Java(TM) SE Runtime Environment
28 Feb 2016, 20:52:02.085 [  FINER] [         FXGL.Logger] [JavaFX Application Thread] javafx.version=8.0.71
28 Feb 2016, 20:52:02.088 [   INFO] [        FXGL.Version] [JavaFX Application Thread] FXGL-0.2.1-SNAPSHOT
28 Feb 2016, 20:52:02.088 [   INFO] [        FXGL.Version] [JavaFX Application Thread] Source code and latest builds at: https://github.com/AlmasB/FXGL
28 Feb 2016, 20:52:02.093 [  FINER] [    FXGL.Application] [JavaFX Application Thread] Game_clinit()
28 Feb 2016, 20:52:02.098 [  FINER] [    FXGL.Application] [JavaFX-Launcher] FXGL_init()
28 Feb 2016, 20:52:02.117 [  FINER] [    FXGL.Application] [JavaFX Application Thread] FXGL_start()
28 Feb 2016, 20:52:02.117 [  FINER] [    FXGL.Application] [JavaFX Application Thread] Initializing system properties
28 Feb 2016, 20:52:02.119 [  FINER] [    FXGL.Application] [JavaFX Application Thread] sound.notification = system/notification.wav
28 Feb 2016, 20:52:02.120 [  FINER] [    FXGL.Application] [JavaFX Application Thread] asset.cache.size = 35
28 Feb 2016, 20:52:02.120 [  FINER] [    FXGL.Application] [JavaFX Application Thread] ui.font = Copperplate_Gothic_Light_Regular.ttf
28 Feb 2016, 20:52:02.120 [  FINER] [    FXGL.Application] [JavaFX Application Thread] sound.menu.back = menu/back.wav
28 Feb 2016, 20:52:02.120 [  FINER] [    FXGL.Application] [JavaFX Application Thread] sound.menu.select = menu/select.wav
28 Feb 2016, 20:52:02.121 [  FINER] [    FXGL.Application] [JavaFX Application Thread] physics.ppm = 50
28 Feb 2016, 20:52:02.121 [  FINER] [    FXGL.Application] [JavaFX Application Thread] ui.css = fxgl.css
28 Feb 2016, 20:52:02.121 [  FINER] [    FXGL.Application] [JavaFX Application Thread] ui.icon.name = fxgl_icon.png
28 Feb 2016, 20:52:02.121 [  FINER] [    FXGL.Application] [JavaFX Application Thread] sound.menu.press = menu/press.wav
28 Feb 2016, 20:52:02.121 [  FINER] [    FXGL.Application] [JavaFX Application Thread] Initializing user properties
28 Feb 2016, 20:52:02.122 [   INFO] [    FXGL.Application] [JavaFX Application Thread] User properties not found. Using system
28 Feb 2016, 20:52:02.132 [   INFO] [         FXGL.Logger] [JavaFX Application Thread] Logger level set to: CONFIG
28 Feb 2016, 20:52:02.132 [   INFO] [    FXGL.Application] [JavaFX Application Thread] Application Mode: DEVELOPER
28 Feb 2016, 20:52:02.511 [  FINER] [    FXGL.Application] [JavaFX Application Thread] Services configuration complete
28 Feb 2016, 20:52:02.519 [  FINER] [       FXGL.EventBus] [JavaFX Application Thread] Service [EventBus] initialized
28 Feb 2016, 20:52:02.521 [  FINER] [    FXGL.AssetLoader] [JavaFX Application Thread] Service [AssetLoader] initialized
28 Feb 2016, 20:52:02.523 [  FINER] [    FXGL.AssetLoader] [JavaFX Application Thread] Loading from disk: /assets/sounds/system/notification.wav
28 Feb 2016, 20:52:02.545 [  FINER] [    FXGL.AssetLoader] [JavaFX Application Thread] Loading from disk: /assets/sounds/menu/select.wav
28 Feb 2016, 20:52:02.547 [  FINER] [    FXGL.AssetLoader] [JavaFX Application Thread] Loading from disk: /assets/sounds/menu/back.wav
28 Feb 2016, 20:52:02.549 [  FINER] [    FXGL.AssetLoader] [JavaFX Application Thread] Loading from disk: /assets/sounds/menu/press.wav
28 Feb 2016, 20:52:02.552 [  FINER] [    FXGL.AssetLoader] [JavaFX Application Thread] Loading from disk: /assets/ui/fonts/Copperplate_Gothic_Light_Regular.ttf
28 Feb 2016, 20:52:02.617 [  FINER] [    FXGL.AssetLoader] [JavaFX Application Thread] Loading from disk: /assets/ui/css/fxgl.css
28 Feb 2016, 20:52:02.617 [  FINER] [    FXGL.AssetLoader] [JavaFX Application Thread] Loading from disk: /assets/ui/icons/fxgl_icon.png
28 Feb 2016, 20:52:02.658 [  FINER] [    FXGL.AssetLoader] [JavaFX Application Thread] Loading from disk: /assets/ui/css/fxgl_dark.css
28 Feb 2016, 20:52:02.722 [  FINER] [        FXGL.Display] [JavaFX Application Thread] Target size: 480.0x800.0@1.0
28 Feb 2016, 20:52:02.722 [  FINER] [        FXGL.Display] [JavaFX Application Thread] New size:    480.0x800.0@1.0
28 Feb 2016, 20:52:02.723 [  FINER] [        FXGL.Display] [JavaFX Application Thread] Service [Display] initialized
28 Feb 2016, 20:52:02.723 [  FINER] [        FXGL.Display] [JavaFX Application Thread] Using CSS: CSS[jar:file:/C:/Users/Anwar%20Saleeby/.m2/repository/com/github/AlmasB/FXGL/0.2.1-0.2.0-gba5970d-32/FXGL-0.2.1-0.2.0-gba5970d-32.jar!/assets/ui/css/fxgl_dark.css]
28 Feb 2016, 20:52:02.726 [  FINER] [          FXGL.Input] [JavaFX Application Thread] Service [Input] initialized
28 Feb 2016, 20:52:02.728 [  FINER] [    FXGL.AudioPlayer] [JavaFX Application Thread] Service [AudioPlayer] initialized
28 Feb 2016, 20:52:02.733 [  FINER] [    FXGL.MasterTimer] [JavaFX Application Thread] Service [MasterTimer] initialized
28 Feb 2016, 20:52:02.745 [  FINER] [      FXGL.GameScene] [JavaFX Application Thread] Game scene initialized
28 Feb 2016, 20:52:02.746 [  FINER] [FXGL.NotificationSer] [JavaFX Application Thread] Service [NotificationService] initialized
28 Feb 2016, 20:52:02.949 [  FINER] [      FXGL.GameWorld] [JavaFX Application Thread] Game world initialized
28 Feb 2016, 20:52:02.986 [  FINER] [   FXGL.PhysicsWorld] [JavaFX Application Thread] Physics world initialized
28 Feb 2016, 20:52:03.057 [  FINER] [    FXGL.Application] [JavaFX Application Thread] Game_start()
28 Feb 2016, 20:52:03.061 [  FINER] [    FXGL.Application] [JavaFX Application Thread] Saving data to profile
28 Feb 2016, 20:52:03.063 [  FINER] [    FXGL.UserProfile] [JavaFX Application Thread] Logging bundle: game
28 Feb 2016, 20:52:03.064 [  FINER] [    FXGL.UserProfile] [JavaFX Application Thread] game.playtime=965546662
28 Feb 2016, 20:52:03.064 [  FINER] [       FXGL.EventBus] [JavaFX Application Thread] Firing event: SaveEvent
28 Feb 2016, 20:52:03.065 [  FINER] [        FXGL.Display] [JavaFX Application Thread] Saving data to profile
28 Feb 2016, 20:52:03.065 [  FINER] [    FXGL.UserProfile] [JavaFX Application Thread] Logging bundle: scene
28 Feb 2016, 20:52:03.066 [  FINER] [    FXGL.UserProfile] [JavaFX Application Thread] scene.sizeW=480.0
28 Feb 2016, 20:52:03.066 [  FINER] [    FXGL.UserProfile] [JavaFX Application Thread] scene.sizeH=800.0
28 Feb 2016, 20:52:03.066 [  FINER] [          FXGL.Input] [JavaFX Application Thread] Saving data to profile
28 Feb 2016, 20:52:03.066 [  FINER] [    FXGL.UserProfile] [JavaFX Application Thread] Logging bundle: input
28 Feb 2016, 20:52:03.067 [  FINER] [    FXGL.AudioPlayer] [JavaFX Application Thread] Saving data to profile
28 Feb 2016, 20:52:03.067 [  FINER] [    FXGL.UserProfile] [JavaFX Application Thread] Logging bundle: audio
28 Feb 2016, 20:52:03.067 [  FINER] [    FXGL.UserProfile] [JavaFX Application Thread] audio.musicVolume=0.5
28 Feb 2016, 20:52:03.067 [  FINER] [    FXGL.UserProfile] [JavaFX Application Thread] audio.soundVolume=0.5
28 Feb 2016, 20:52:03.067 [  FINER] [FXGL.AchievementMana] [JavaFX Application Thread] Saving data to profile
28 Feb 2016, 20:52:03.068 [  FINER] [    FXGL.UserProfile] [JavaFX Application Thread] Logging bundle: achievement
28 Feb 2016, 20:52:03.068 [  FINER] [    FXGL.Application] [JavaFX Application Thread] Starting new game
28 Feb 2016, 20:52:03.070 [  FINER] [    FXGL.Application] [JavaFX Application Thread] Initializing App
28 Feb 2016, 20:52:03.070 [  FINER] [    FXGL.Application] [JavaFX Application Thread] Pausing main loop
28 Feb 2016, 20:52:03.070 [  FINER] [       FXGL.EventBus] [JavaFX Application Thread] Firing event: FXGLEvent[type=PAUSE]
28 Feb 2016, 20:52:03.071 [  FINER] [          FXGL.Input] [JavaFX Application Thread] Clearing active input actions
28 Feb 2016, 20:52:03.071 [  FINER] [    FXGL.MasterTimer] [JavaFX Application Thread] Stopping master timer
28 Feb 2016, 20:52:03.071 [  FINER] [    FXGL.Application] [JavaFX Application Thread] State: STARTUP -> PAUSED
28 Feb 2016, 20:52:03.071 [  FINER] [    FXGL.Application] [JavaFX Application Thread] Resetting FXGL application
28 Feb 2016, 20:52:03.072 [  FINER] [       FXGL.EventBus] [JavaFX Application Thread] Firing event: FXGLEvent[type=RESET]
28 Feb 2016, 20:52:03.072 [  FINER] [          FXGL.Input] [JavaFX Application Thread] Clearing active input actions
28 Feb 2016, 20:52:03.072 [  FINER] [    FXGL.MasterTimer] [JavaFX Application Thread] Resetting ticks to 0
28 Feb 2016, 20:52:03.072 [  FINER] [    FXGL.MasterTimer] [JavaFX Application Thread] Clearing all scheduled actions
28 Feb 2016, 20:52:03.072 [  FINER] [      FXGL.GameScene] [JavaFX Application Thread] Resetting game scene
28 Feb 2016, 20:52:03.072 [  FINER] [      FXGL.GameWorld] [JavaFX Application Thread] Resetting game world
28 Feb 2016, 20:52:03.074 [  FINER] [    FXGL.Application] [JavaFX Application Thread] State: PAUSED -> LOADING
28 Feb 2016, 20:52:03.106 [  FINER] [    FXGL.Application] [JavaFX Application Thread] Starting FXGL Init Thread
28 Feb 2016, 20:52:03.107 [  FINER] [    FXGL.Application] [FXGL Init Thread] Initializing Assets
28 Feb 2016, 20:52:03.108 [  FINER] [    FXGL.AssetLoader] [FXGL Init Thread] Loading from disk: /assets/textures/droplet.png
28 Feb 2016, 20:52:03.113 [  FINER] [    FXGL.Application] [FXGL Init Thread] Initializing Game
28 Feb 2016, 20:52:03.124 [  FINER] [    FXGL.Application] [FXGL Init Thread] Initializing Physics
28 Feb 2016, 20:52:03.124 [  FINER] [    FXGL.Application] [FXGL Init Thread] Initializing UI
28 Feb 2016, 20:52:03.127 [  FINER] [    FXGL.Application] [FXGL Init Thread] Initialization Complete
28 Feb 2016, 20:52:03.290 [  FINER] [    FXGL.Application] [JavaFX Application Thread] Showing stage
28 Feb 2016, 20:52:03.291 [  FINER] [    FXGL.Application] [JavaFX Application Thread] Root size: 480.0x800.0
28 Feb 2016, 20:52:03.291 [  FINER] [    FXGL.Application] [JavaFX Application Thread] Scene size: 480.0x800.0
28 Feb 2016, 20:52:03.291 [  FINER] [    FXGL.Application] [JavaFX Application Thread] Stage size: 486.0x829.0
28 Feb 2016, 20:52:03.320 [  FINER] [       FXGL.EventBus] [JavaFX Application Thread] Firing event: FXGLEvent[type=INIT_APP_COMPLETE]
28 Feb 2016, 20:52:03.320 [  FINER] [    FXGL.Application] [JavaFX Application Thread] Resuming main loop
28 Feb 2016, 20:52:03.320 [  FINER] [       FXGL.EventBus] [JavaFX Application Thread] Firing event: FXGLEvent[type=RESUME]
28 Feb 2016, 20:52:03.320 [  FINER] [          FXGL.Input] [JavaFX Application Thread] Clearing active input actions
28 Feb 2016, 20:52:03.321 [  FINER] [    FXGL.MasterTimer] [JavaFX Application Thread] Starting master timer
28 Feb 2016, 20:52:03.321 [  FINER] [    FXGL.Application] [JavaFX Application Thread] State: LOADING -> PLAYING
28 Feb 2016, 20:52:03.333 [  FINER] [       FXGL.EventBus] [JavaFX Application Thread] Firing event: WorldEvent[type=ENTITY_ADDED]
28 Feb 2016, 20:52:03.333 [  FINER] [      FXGL.GameScene] [JavaFX Application Thread] Entity added to scene
28 Feb 2016, 20:52:03.333 [  FINER] [      FXGL.GameScene] [JavaFX Application Thread] Added MainViewComponent
28 Feb 2016, 20:52:03.335 [  FINER] [      FXGL.GameScene] [JavaFX Application Thread] Creating render group for layer: TOP(2147483647)
28 Feb 2016, 20:53:41.479 [  FINER] [       FXGL.EventBus] [JavaFX Application Thread] Firing event: DisplayEvent[type=DIALOG_OPENED]
28 Feb 2016, 20:53:41.480 [  FINER] [    FXGL.Application] [JavaFX Application Thread] Pausing main loop
28 Feb 2016, 20:53:41.480 [  FINER] [       FXGL.EventBus] [JavaFX Application Thread] Firing event: FXGLEvent[type=PAUSE]
28 Feb 2016, 20:53:41.480 [  FINER] [          FXGL.Input] [JavaFX Application Thread] Clearing active input actions
28 Feb 2016, 20:53:41.480 [  FINER] [    FXGL.MasterTimer] [JavaFX Application Thread] Stopping master timer
28 Feb 2016, 20:53:41.480 [  FINER] [    FXGL.Application] [JavaFX Application Thread] State: PLAYING -> PAUSED
28 Feb 2016, 20:53:41.480 [  FINER] [          FXGL.Input] [JavaFX Application Thread] Clearing active input actions
