09 Mar 2016, 00:38:11.593 [   INFO] [         FXGL.Logger] [JavaFX Application Thread] Logger initialized with level: CONFIG
09 Mar 2016, 00:38:11.595 [  FINER] [         FXGL.Logger] [JavaFX Application Thread] CPU cores: 6
09 Mar 2016, 00:38:11.598 [  FINER] [         FXGL.Logger] [JavaFX Application Thread] Free Memory: 111MB
09 Mar 2016, 00:38:11.598 [  FINER] [         FXGL.Logger] [JavaFX Application Thread] Max Memory: 1800MB
09 Mar 2016, 00:38:11.599 [  FINER] [         FXGL.Logger] [JavaFX Application Thread] Total Memory: 123MB
09 Mar 2016, 00:38:11.599 [  FINER] [         FXGL.Logger] [JavaFX Application Thread] System Properties:
09 Mar 2016, 00:38:11.600 [  FINER] [         FXGL.Logger] [JavaFX Application Thread] sun.cpu.isalist=amd64
09 Mar 2016, 00:38:11.600 [  FINER] [         FXGL.Logger] [JavaFX Application Thread] sun.desktop=windows
09 Mar 2016, 00:38:11.600 [  FINER] [         FXGL.Logger] [JavaFX Application Thread] sun.io.unicode.encoding=UnicodeLittle
09 Mar 2016, 00:38:11.601 [  FINER] [         FXGL.Logger] [JavaFX Application Thread] sun.cpu.endian=little
09 Mar 2016, 00:38:11.601 [  FINER] [         FXGL.Logger] [JavaFX Application Thread] java.vendor.url.bug=http://bugreport.sun.com/bugreport/
09 Mar 2016, 00:38:11.601 [  FINER] [         FXGL.Logger] [JavaFX Application Thread] file.separator=\
09 Mar 2016, 00:38:11.601 [  FINER] [         FXGL.Logger] [JavaFX Application Thread] java.vendor=Oracle Corporation
09 Mar 2016, 00:38:11.602 [  FINER] [         FXGL.Logger] [JavaFX Application Thread] sun.boot.class.path=C:\Program Files\Java\jre1.8.0_71\lib\resources.jar;C:\Program Files\Java\jre1.8.0_71\lib\rt.jar;C:\Program Files\Java\jre1.8.0_71\lib\sunrsasign.jar;C:\Program Files\Java\jre1.8.0_71\lib\jsse.jar;C:\Program Files\Java\jre1.8.0_71\lib\jce.jar;C:\Program Files\Java\jre1.8.0_71\lib\charsets.jar;C:\Program Files\Java\jre1.8.0_71\lib\jfr.jar;C:\Program Files\Java\jre1.8.0_71\classes
09 Mar 2016, 00:38:11.602 [  FINER] [         FXGL.Logger] [JavaFX Application Thread] java.ext.dirs=C:\Program Files\Java\jre1.8.0_71\lib\ext;C:\WINDOWS\Sun\Java\lib\ext
09 Mar 2016, 00:38:11.602 [  FINER] [         FXGL.Logger] [JavaFX Application Thread] java.version=1.8.0_71
09 Mar 2016, 00:38:11.603 [  FINER] [         FXGL.Logger] [JavaFX Application Thread] java.vm.info=mixed mode
09 Mar 2016, 00:38:11.603 [  FINER] [         FXGL.Logger] [JavaFX Application Thread] awt.toolkit=sun.awt.windows.WToolkit
09 Mar 2016, 00:38:11.603 [  FINER] [         FXGL.Logger] [JavaFX Application Thread] user.language=en
09 Mar 2016, 00:38:11.603 [  FINER] [         FXGL.Logger] [JavaFX Application Thread] java.specification.vendor=Oracle Corporation
09 Mar 2016, 00:38:11.603 [  FINER] [         FXGL.Logger] [JavaFX Application Thread] sun.java.command=com.chromalife.SpaceInvaders.SpaceInvadersApp
09 Mar 2016, 00:38:11.604 [  FINER] [         FXGL.Logger] [JavaFX Application Thread] java.home=C:\Program Files\Java\jre1.8.0_71
09 Mar 2016, 00:38:11.604 [  FINER] [         FXGL.Logger] [JavaFX Application Thread] sun.arch.data.model=64
09 Mar 2016, 00:38:11.604 [  FINER] [         FXGL.Logger] [JavaFX Application Thread] java.vm.specification.version=1.8
09 Mar 2016, 00:38:11.604 [  FINER] [         FXGL.Logger] [JavaFX Application Thread] java.class.path=G:\SpaceInvaders\target\classes;C:\Users\Anwar Saleeby\.m2\repository\com\github\AlmasB\FXGL\0.2.1-0.2.0-gba5970d-32\FXGL-0.2.1-0.2.0-gba5970d-32.jar;C:\Users\Anwar Saleeby\.m2\repository\com\google\inject\guice\4.0\guice-4.0.jar;C:\Users\Anwar Saleeby\.m2\repository\javax\inject\javax.inject\1\javax.inject-1.jar;C:\Users\Anwar Saleeby\.m2\repository\aopalliance\aopalliance\1.0\aopalliance-1.0.jar;C:\Users\Anwar Saleeby\.m2\repository\com\google\guava\guava\16.0.1\guava-16.0.1.jar;C:\Users\Anwar Saleeby\.m2\repository\org\jfxtras\jfxtras-window\8.0-r4\jfxtras-window-8.0-r4.jar;C:\Users\Anwar Saleeby\.m2\repository\org\jfxtras\jfxtras-common\8.0-r4\jfxtras-common-8.0-r4.jar;C:\Users\Anwar Saleeby\.m2\repository\com\github\AlmasB\FXEventBus\1.0\FXEventBus-1.0.jar;C:\Users\Anwar Saleeby\.m2\repository\com\github\AlmasB\Ents\1.0\Ents-1.0.jar;C:\Users\Anwar Saleeby\.m2\repository\org\apache\logging\log4j\log4j-api\2.5\log4j-api-2.5.jar;C:\Users\Anwar Saleeby\.m2\repository\org\apache\logging\log4j\log4j-core\2.5\log4j-core-2.5.jar;C:\Users\Anwar Saleeby\.m2\repository\com\github\AlmasB\AStar\1.0\AStar-1.0.jar
09 Mar 2016, 00:38:11.605 [  FINER] [         FXGL.Logger] [JavaFX Application Thread] user.name=Anwar Saleeby
09 Mar 2016, 00:38:11.605 [  FINER] [         FXGL.Logger] [JavaFX Application Thread] file.encoding=Cp1252
09 Mar 2016, 00:38:11.605 [  FINER] [         FXGL.Logger] [JavaFX Application Thread] java.specification.version=1.8
09 Mar 2016, 00:38:11.605 [  FINER] [         FXGL.Logger] [JavaFX Application Thread] java.awt.printerjob=sun.awt.windows.WPrinterJob
09 Mar 2016, 00:38:11.605 [  FINER] [         FXGL.Logger] [JavaFX Application Thread] user.timezone=America/New_York
09 Mar 2016, 00:38:11.605 [  FINER] [         FXGL.Logger] [JavaFX Application Thread] user.home=C:\Users\Anwar Saleeby
09 Mar 2016, 00:38:11.605 [  FINER] [         FXGL.Logger] [JavaFX Application Thread] os.version=10.0
09 Mar 2016, 00:38:11.607 [  FINER] [         FXGL.Logger] [JavaFX Application Thread] sun.management.compiler=HotSpot 64-Bit Tiered Compilers
09 Mar 2016, 00:38:11.607 [  FINER] [         FXGL.Logger] [JavaFX Application Thread] java.specification.name=Java Platform API Specification
09 Mar 2016, 00:38:11.607 [  FINER] [         FXGL.Logger] [JavaFX Application Thread] java.class.version=52.0
09 Mar 2016, 00:38:11.608 [  FINER] [         FXGL.Logger] [JavaFX Application Thread] java.library.path=C:\Program Files\Java\jre1.8.0_71\bin;C:\WINDOWS\Sun\Java\bin;C:\WINDOWS\system32;C:\WINDOWS;C:/Program Files/Java/jre1.8.0_73/bin/server;C:/Program Files/Java/jre1.8.0_73/bin;C:/Program Files/Java/jre1.8.0_73/lib/amd64;C:\oraclexe\app\oracle\product\11.2.0\server\bin;;C:\ProgramData\Oracle\Java\javapath;C:\Windows\system32;C:\Windows;C:\Windows\System32\Wbem;C:\Windows\System32\WindowsPowerShell\v1.0\;C:\Program Files (x86)\NVIDIA Corporation\PhysX\Common;C:\WINDOWS\system32;C:\WINDOWS;C:\WINDOWS\System32\Wbem;C:\WINDOWS\System32\WindowsPowerShell\v1.0\;C:\Program Files (x86)\Skype\Phone\;C:\Program Files\nodejs\;C:\Program Files\Git\cmd;C:\Users\Anwar Saleeby\AppData\Roaming\npm;C:\Program Files\nodejs;C:\Program Files\MongoDB\Server\3.2\bin;C:\Users\Anwar Saleeby\AppData\Local\Programs\Python\Python35-32;C:\eclipse;;.
09 Mar 2016, 00:38:11.608 [  FINER] [         FXGL.Logger] [JavaFX Application Thread] sun.jnu.encoding=Cp1252
09 Mar 2016, 00:38:11.608 [  FINER] [         FXGL.Logger] [JavaFX Application Thread] os.name=Windows 10
09 Mar 2016, 00:38:11.608 [  FINER] [         FXGL.Logger] [JavaFX Application Thread] user.variant=
09 Mar 2016, 00:38:11.609 [  FINER] [         FXGL.Logger] [JavaFX Application Thread] java.vm.specification.vendor=Oracle Corporation
09 Mar 2016, 00:38:11.609 [  FINER] [         FXGL.Logger] [JavaFX Application Thread] java.io.tmpdir=C:\Users\ANWARS~1\AppData\Local\Temp\
09 Mar 2016, 00:38:11.609 [  FINER] [         FXGL.Logger] [JavaFX Application Thread] line.separator=

09 Mar 2016, 00:38:11.609 [  FINER] [         FXGL.Logger] [JavaFX Application Thread] java.endorsed.dirs=C:\Program Files\Java\jre1.8.0_71\lib\endorsed
09 Mar 2016, 00:38:11.610 [  FINER] [         FXGL.Logger] [JavaFX Application Thread] os.arch=amd64
09 Mar 2016, 00:38:11.610 [  FINER] [         FXGL.Logger] [JavaFX Application Thread] javafx.runtime.version=8.0.71-b15
09 Mar 2016, 00:38:11.610 [  FINER] [         FXGL.Logger] [JavaFX Application Thread] java.awt.graphicsenv=sun.awt.Win32GraphicsEnvironment
09 Mar 2016, 00:38:11.610 [  FINER] [         FXGL.Logger] [JavaFX Application Thread] java.runtime.version=1.8.0_71-b15
09 Mar 2016, 00:38:11.610 [  FINER] [         FXGL.Logger] [JavaFX Application Thread] java.vm.specification.name=Java Virtual Machine Specification
09 Mar 2016, 00:38:11.611 [  FINER] [         FXGL.Logger] [JavaFX Application Thread] user.dir=G:\SpaceInvaders
09 Mar 2016, 00:38:11.611 [  FINER] [         FXGL.Logger] [JavaFX Application Thread] user.country=US
09 Mar 2016, 00:38:11.611 [  FINER] [         FXGL.Logger] [JavaFX Application Thread] user.script=
09 Mar 2016, 00:38:11.611 [  FINER] [         FXGL.Logger] [JavaFX Application Thread] sun.java.launcher=SUN_STANDARD
09 Mar 2016, 00:38:11.612 [  FINER] [         FXGL.Logger] [JavaFX Application Thread] sun.os.patch.level=
09 Mar 2016, 00:38:11.612 [  FINER] [         FXGL.Logger] [JavaFX Application Thread] java.vm.name=Java HotSpot(TM) 64-Bit Server VM
09 Mar 2016, 00:38:11.612 [  FINER] [         FXGL.Logger] [JavaFX Application Thread] file.encoding.pkg=sun.io
09 Mar 2016, 00:38:11.612 [  FINER] [         FXGL.Logger] [JavaFX Application Thread] path.separator=;
09 Mar 2016, 00:38:11.612 [  FINER] [         FXGL.Logger] [JavaFX Application Thread] java.vm.vendor=Oracle Corporation
09 Mar 2016, 00:38:11.612 [  FINER] [         FXGL.Logger] [JavaFX Application Thread] java.vendor.url=http://java.oracle.com/
09 Mar 2016, 00:38:11.613 [  FINER] [         FXGL.Logger] [JavaFX Application Thread] sun.boot.library.path=C:\Program Files\Java\jre1.8.0_71\bin
09 Mar 2016, 00:38:11.613 [  FINER] [         FXGL.Logger] [JavaFX Application Thread] java.vm.version=25.71-b15
09 Mar 2016, 00:38:11.613 [  FINER] [         FXGL.Logger] [JavaFX Application Thread] java.runtime.name=Java(TM) SE Runtime Environment
09 Mar 2016, 00:38:11.613 [  FINER] [         FXGL.Logger] [JavaFX Application Thread] javafx.version=8.0.71
09 Mar 2016, 00:38:11.616 [   INFO] [        FXGL.Version] [JavaFX Application Thread] FXGL-0.2.1-SNAPSHOT
09 Mar 2016, 00:38:11.617 [   INFO] [        FXGL.Version] [JavaFX Application Thread] Source code and latest builds at: https://github.com/AlmasB/FXGL
09 Mar 2016, 00:38:11.621 [  FINER] [    FXGL.Application] [JavaFX Application Thread] Game_clinit()
09 Mar 2016, 00:38:11.626 [  FINER] [    FXGL.Application] [JavaFX-Launcher] FXGL_init()
09 Mar 2016, 00:38:11.645 [  FINER] [    FXGL.Application] [JavaFX Application Thread] FXGL_start()
09 Mar 2016, 00:38:11.647 [  FINER] [    FXGL.Application] [JavaFX Application Thread] Initializing system properties
09 Mar 2016, 00:38:11.649 [  FINER] [    FXGL.Application] [JavaFX Application Thread] sound.notification = system/notification.wav
09 Mar 2016, 00:38:11.650 [  FINER] [    FXGL.Application] [JavaFX Application Thread] asset.cache.size = 35
09 Mar 2016, 00:38:11.650 [  FINER] [    FXGL.Application] [JavaFX Application Thread] ui.font = Copperplate_Gothic_Light_Regular.ttf
09 Mar 2016, 00:38:11.650 [  FINER] [    FXGL.Application] [JavaFX Application Thread] sound.menu.back = menu/back.wav
09 Mar 2016, 00:38:11.650 [  FINER] [    FXGL.Application] [JavaFX Application Thread] sound.menu.select = menu/select.wav
09 Mar 2016, 00:38:11.650 [  FINER] [    FXGL.Application] [JavaFX Application Thread] physics.ppm = 50
09 Mar 2016, 00:38:11.651 [  FINER] [    FXGL.Application] [JavaFX Application Thread] ui.css = fxgl.css
09 Mar 2016, 00:38:11.651 [  FINER] [    FXGL.Application] [JavaFX Application Thread] ui.icon.name = fxgl_icon.png
09 Mar 2016, 00:38:11.651 [  FINER] [    FXGL.Application] [JavaFX Application Thread] sound.menu.press = menu/press.wav
09 Mar 2016, 00:38:11.651 [  FINER] [    FXGL.Application] [JavaFX Application Thread] Initializing user properties
09 Mar 2016, 00:38:11.652 [   INFO] [    FXGL.Application] [JavaFX Application Thread] User properties not found. Using system
09 Mar 2016, 00:38:11.661 [   INFO] [         FXGL.Logger] [JavaFX Application Thread] Logger level set to: CONFIG
09 Mar 2016, 00:38:11.662 [   INFO] [    FXGL.Application] [JavaFX Application Thread] Application Mode: DEVELOPER
09 Mar 2016, 00:38:12.049 [  FINER] [    FXGL.Application] [JavaFX Application Thread] Services configuration complete
09 Mar 2016, 00:38:12.057 [  FINER] [       FXGL.EventBus] [JavaFX Application Thread] Service [EventBus] initialized
09 Mar 2016, 00:38:12.059 [  FINER] [    FXGL.AssetLoader] [JavaFX Application Thread] Service [AssetLoader] initialized
09 Mar 2016, 00:38:12.061 [  FINER] [    FXGL.AssetLoader] [JavaFX Application Thread] Loading from disk: /assets/sounds/system/notification.wav
09 Mar 2016, 00:38:12.083 [  FINER] [    FXGL.AssetLoader] [JavaFX Application Thread] Loading from disk: /assets/sounds/menu/select.wav
09 Mar 2016, 00:38:12.085 [  FINER] [    FXGL.AssetLoader] [JavaFX Application Thread] Loading from disk: /assets/sounds/menu/back.wav
09 Mar 2016, 00:38:12.087 [  FINER] [    FXGL.AssetLoader] [JavaFX Application Thread] Loading from disk: /assets/sounds/menu/press.wav
09 Mar 2016, 00:38:12.089 [  FINER] [    FXGL.AssetLoader] [JavaFX Application Thread] Loading from disk: /assets/ui/fonts/Copperplate_Gothic_Light_Regular.ttf
09 Mar 2016, 00:38:12.154 [  FINER] [    FXGL.AssetLoader] [JavaFX Application Thread] Loading from disk: /assets/ui/css/fxgl.css
09 Mar 2016, 00:38:12.154 [  FINER] [    FXGL.AssetLoader] [JavaFX Application Thread] Loading from disk: /assets/ui/icons/fxgl_icon.png
09 Mar 2016, 00:38:12.194 [  FINER] [    FXGL.AssetLoader] [JavaFX Application Thread] Loading from disk: /assets/ui/css/fxgl_dark.css
09 Mar 2016, 00:38:12.257 [  FINER] [        FXGL.Display] [JavaFX Application Thread] Target size: 480.0x800.0@1.0
09 Mar 2016, 00:38:12.257 [  FINER] [        FXGL.Display] [JavaFX Application Thread] New size:    480.0x800.0@1.0
09 Mar 2016, 00:38:12.258 [  FINER] [        FXGL.Display] [JavaFX Application Thread] Service [Display] initialized
09 Mar 2016, 00:38:12.258 [  FINER] [        FXGL.Display] [JavaFX Application Thread] Using CSS: CSS[jar:file:/C:/Users/Anwar%20Saleeby/.m2/repository/com/github/AlmasB/FXGL/0.2.1-0.2.0-gba5970d-32/FXGL-0.2.1-0.2.0-gba5970d-32.jar!/assets/ui/css/fxgl_dark.css]
09 Mar 2016, 00:38:12.261 [  FINER] [          FXGL.Input] [JavaFX Application Thread] Service [Input] initialized
09 Mar 2016, 00:38:12.263 [  FINER] [    FXGL.AudioPlayer] [JavaFX Application Thread] Service [AudioPlayer] initialized
09 Mar 2016, 00:38:12.268 [  FINER] [    FXGL.MasterTimer] [JavaFX Application Thread] Service [MasterTimer] initialized
09 Mar 2016, 00:38:12.278 [  FINER] [      FXGL.GameScene] [JavaFX Application Thread] Game scene initialized
09 Mar 2016, 00:38:12.279 [  FINER] [FXGL.NotificationSer] [JavaFX Application Thread] Service [NotificationService] initialized
09 Mar 2016, 00:38:12.472 [  FINER] [      FXGL.GameWorld] [JavaFX Application Thread] Game world initialized
09 Mar 2016, 00:38:12.554 [  FINER] [   FXGL.PhysicsWorld] [JavaFX Application Thread] Physics world initialized
09 Mar 2016, 00:38:12.573 [  FINER] [    FXGL.Application] [JavaFX Application Thread] Game_start()
09 Mar 2016, 00:38:12.577 [  FINER] [    FXGL.Application] [JavaFX Application Thread] Saving data to profile
09 Mar 2016, 00:38:12.578 [  FINER] [    FXGL.UserProfile] [JavaFX Application Thread] Logging bundle: game
09 Mar 2016, 00:38:12.579 [  FINER] [    FXGL.UserProfile] [JavaFX Application Thread] game.playtime=952688044
09 Mar 2016, 00:38:12.579 [  FINER] [       FXGL.EventBus] [JavaFX Application Thread] Firing event: SaveEvent
09 Mar 2016, 00:38:12.581 [  FINER] [        FXGL.Display] [JavaFX Application Thread] Saving data to profile
09 Mar 2016, 00:38:12.581 [  FINER] [    FXGL.UserProfile] [JavaFX Application Thread] Logging bundle: scene
09 Mar 2016, 00:38:12.581 [  FINER] [    FXGL.UserProfile] [JavaFX Application Thread] scene.sizeW=480.0
09 Mar 2016, 00:38:12.581 [  FINER] [    FXGL.UserProfile] [JavaFX Application Thread] scene.sizeH=800.0
09 Mar 2016, 00:38:12.582 [  FINER] [          FXGL.Input] [JavaFX Application Thread] Saving data to profile
09 Mar 2016, 00:38:12.582 [  FINER] [    FXGL.UserProfile] [JavaFX Application Thread] Logging bundle: input
09 Mar 2016, 00:38:12.582 [  FINER] [    FXGL.AudioPlayer] [JavaFX Application Thread] Saving data to profile
09 Mar 2016, 00:38:12.582 [  FINER] [    FXGL.UserProfile] [JavaFX Application Thread] Logging bundle: audio
09 Mar 2016, 00:38:12.582 [  FINER] [    FXGL.UserProfile] [JavaFX Application Thread] audio.musicVolume=0.5
09 Mar 2016, 00:38:12.582 [  FINER] [    FXGL.UserProfile] [JavaFX Application Thread] audio.soundVolume=0.5
09 Mar 2016, 00:38:12.583 [  FINER] [FXGL.AchievementMana] [JavaFX Application Thread] Saving data to profile
09 Mar 2016, 00:38:12.584 [  FINER] [    FXGL.UserProfile] [JavaFX Application Thread] Logging bundle: achievement
09 Mar 2016, 00:38:12.584 [  FINER] [    FXGL.Application] [JavaFX Application Thread] Starting new game
09 Mar 2016, 00:38:12.586 [  FINER] [    FXGL.Application] [JavaFX Application Thread] Initializing App
09 Mar 2016, 00:38:12.586 [  FINER] [    FXGL.Application] [JavaFX Application Thread] Pausing main loop
09 Mar 2016, 00:38:12.586 [  FINER] [       FXGL.EventBus] [JavaFX Application Thread] Firing event: FXGLEvent[type=PAUSE]
09 Mar 2016, 00:38:12.587 [  FINER] [          FXGL.Input] [JavaFX Application Thread] Clearing active input actions
09 Mar 2016, 00:38:12.587 [  FINER] [    FXGL.MasterTimer] [JavaFX Application Thread] Stopping master timer
09 Mar 2016, 00:38:12.587 [  FINER] [    FXGL.Application] [JavaFX Application Thread] State: STARTUP -> PAUSED
09 Mar 2016, 00:38:12.588 [  FINER] [    FXGL.Application] [JavaFX Application Thread] Resetting FXGL application
09 Mar 2016, 00:38:12.588 [  FINER] [       FXGL.EventBus] [JavaFX Application Thread] Firing event: FXGLEvent[type=RESET]
09 Mar 2016, 00:38:12.588 [  FINER] [          FXGL.Input] [JavaFX Application Thread] Clearing active input actions
09 Mar 2016, 00:38:12.588 [  FINER] [    FXGL.MasterTimer] [JavaFX Application Thread] Resetting ticks to 0
09 Mar 2016, 00:38:12.588 [  FINER] [    FXGL.MasterTimer] [JavaFX Application Thread] Clearing all scheduled actions
09 Mar 2016, 00:38:12.589 [  FINER] [      FXGL.GameScene] [JavaFX Application Thread] Resetting game scene
09 Mar 2016, 00:38:12.589 [  FINER] [      FXGL.GameWorld] [JavaFX Application Thread] Resetting game world
09 Mar 2016, 00:38:12.591 [  FINER] [    FXGL.Application] [JavaFX Application Thread] State: PAUSED -> LOADING
09 Mar 2016, 00:38:12.633 [  FINER] [    FXGL.Application] [JavaFX Application Thread] Starting FXGL Init Thread
09 Mar 2016, 00:38:12.634 [  FINER] [    FXGL.Application] [FXGL Init Thread] Initializing Assets
09 Mar 2016, 00:38:12.635 [  FINER] [    FXGL.AssetLoader] [FXGL Init Thread] Loading from disk: /assets/textures/spaceshipReduced.png
09 Mar 2016, 00:38:12.641 [  FINER] [    FXGL.AssetLoader] [FXGL Init Thread] Loading from disk: /assets/textures/enemyReduced.png
09 Mar 2016, 00:38:12.642 [  FINER] [    FXGL.Application] [FXGL Init Thread] Initializing Game
09 Mar 2016, 00:38:12.658 [  FINER] [    FXGL.AssetLoader] [FXGL Init Thread] Loading from disk: /assets/textures/enemy.png
09 Mar 2016, 00:38:12.659 [  FINER] [    FXGL.AssetLoader] [FXGL Init Thread] Loading failed for asset: enemy.png. Cause: Asset "/assets/textures/enemy.png" was not found!
09 Mar 2016, 00:38:12.851 [  FINER] [    FXGL.Application] [JavaFX Application Thread] Showing stage
09 Mar 2016, 00:38:12.851 [  FINER] [    FXGL.Application] [JavaFX Application Thread] Root size: 480.0x800.0
09 Mar 2016, 00:38:12.852 [  FINER] [    FXGL.Application] [JavaFX Application Thread] Scene size: 480.0x800.0
09 Mar 2016, 00:38:12.852 [  FINER] [    FXGL.Application] [JavaFX Application Thread] Stage size: 486.0x829.0
09 Mar 2016, 00:38:12.866 [  FINER] [    FXGL.Application] [JavaFX Application Thread] Pausing main loop
09 Mar 2016, 00:38:12.867 [  FINER] [       FXGL.EventBus] [JavaFX Application Thread] Firing event: FXGLEvent[type=PAUSE]
09 Mar 2016, 00:38:12.867 [  FINER] [          FXGL.Input] [JavaFX Application Thread] Clearing active input actions
09 Mar 2016, 00:38:12.867 [  FINER] [    FXGL.MasterTimer] [JavaFX Application Thread] Stopping master timer
09 Mar 2016, 00:38:12.867 [  FINER] [    FXGL.Application] [JavaFX Application Thread] State: LOADING -> PAUSED
09 Mar 2016, 00:38:12.867 [ SEVERE] [    FXGL.Application] [JavaFX Application Thread] Uncaught Exception:
09 Mar 2016, 00:38:12.868 [ SEVERE] [    FXGL.Application] [JavaFX Application Thread] 

Exception occurred: java.lang.IllegalArgumentException : Failed to load asset: enemy.png. Cause: Asset "/assets/textures/enemy.png" was not found!E: com.almasb.fxgl.asset.AssetLoader.loadFailed(AssetLoader.java:543)
E: com.almasb.fxgl.asset.AssetLoader.loadTexture(AssetLoader.java:137)
E: com.chromalife.SpaceInvaders.SpaceInvadersApp.initEnemies(SpaceInvadersApp.java:100)
E: com.chromalife.SpaceInvaders.SpaceInvadersApp.initGame(SpaceInvadersApp.java:55)
E: com.almasb.fxgl.app.GameApplication$InitAppTask.call(GameApplication.java:579)
E: com.almasb.fxgl.app.GameApplication$InitAppTask.call(GameApplication.java:557)
E: javafx.concurrent.Task$TaskCallable.call(Unknown Source)
E: java.util.concurrent.FutureTask.run(Unknown Source)
E: java.lang.Thread.run(Unknown Source)

09 Mar 2016, 00:38:12.868 [ SEVERE] [    FXGL.Application] [JavaFX Application Thread] Application will now exit
09 Mar 2016, 00:38:15.007 [  FINER] [    FXGL.Application] [JavaFX Application Thread] Exiting Normally
09 Mar 2016, 00:38:15.008 [  FINER] [       FXGL.EventBus] [JavaFX Application Thread] Firing event: FXGLEvent[type=EXIT]
09 Mar 2016, 00:38:15.008 [  FINER] [         FXGL.Logger] [JavaFX Application Thread] Logger is closing
