29 Mar 2016, 13:00:25.648 [   INFO] [         FXGL.Logger] [JavaFX Application Thread] Logger initialized with level: CONFIG
29 Mar 2016, 13:00:25.652 [  FINER] [         FXGL.Logger] [JavaFX Application Thread] CPU cores: 4
29 Mar 2016, 13:00:25.653 [  FINER] [         FXGL.Logger] [JavaFX Application Thread] Free Memory: 107MB
29 Mar 2016, 13:00:25.654 [  FINER] [         FXGL.Logger] [JavaFX Application Thread] Max Memory: 1755MB
29 Mar 2016, 13:00:25.654 [  FINER] [         FXGL.Logger] [JavaFX Application Thread] Total Memory: 119MB
29 Mar 2016, 13:00:25.654 [  FINER] [         FXGL.Logger] [JavaFX Application Thread] System Properties:
29 Mar 2016, 13:00:25.657 [  FINER] [         FXGL.Logger] [JavaFX Application Thread] sun.cpu.isalist=amd64
29 Mar 2016, 13:00:25.657 [  FINER] [         FXGL.Logger] [JavaFX Application Thread] sun.desktop=windows
29 Mar 2016, 13:00:25.658 [  FINER] [         FXGL.Logger] [JavaFX Application Thread] sun.io.unicode.encoding=UnicodeLittle
29 Mar 2016, 13:00:25.658 [  FINER] [         FXGL.Logger] [JavaFX Application Thread] sun.cpu.endian=little
29 Mar 2016, 13:00:25.658 [  FINER] [         FXGL.Logger] [JavaFX Application Thread] java.vendor.url.bug=http://bugreport.sun.com/bugreport/
29 Mar 2016, 13:00:25.658 [  FINER] [         FXGL.Logger] [JavaFX Application Thread] file.separator=\
29 Mar 2016, 13:00:25.658 [  FINER] [         FXGL.Logger] [JavaFX Application Thread] java.vendor=Oracle Corporation
29 Mar 2016, 13:00:25.659 [  FINER] [         FXGL.Logger] [JavaFX Application Thread] sun.boot.class.path=C:\Program Files\Java\jre1.8.0_73\lib\resources.jar;C:\Program Files\Java\jre1.8.0_73\lib\rt.jar;C:\Program Files\Java\jre1.8.0_73\lib\sunrsasign.jar;C:\Program Files\Java\jre1.8.0_73\lib\jsse.jar;C:\Program Files\Java\jre1.8.0_73\lib\jce.jar;C:\Program Files\Java\jre1.8.0_73\lib\charsets.jar;C:\Program Files\Java\jre1.8.0_73\lib\jfr.jar;C:\Program Files\Java\jre1.8.0_73\classes
29 Mar 2016, 13:00:25.659 [  FINER] [         FXGL.Logger] [JavaFX Application Thread] java.ext.dirs=C:\Program Files\Java\jre1.8.0_73\lib\ext;C:\Windows\Sun\Java\lib\ext
29 Mar 2016, 13:00:25.659 [  FINER] [         FXGL.Logger] [JavaFX Application Thread] java.version=1.8.0_73
29 Mar 2016, 13:00:25.659 [  FINER] [         FXGL.Logger] [JavaFX Application Thread] java.vm.info=mixed mode
29 Mar 2016, 13:00:25.660 [  FINER] [         FXGL.Logger] [JavaFX Application Thread] awt.toolkit=sun.awt.windows.WToolkit
29 Mar 2016, 13:00:25.660 [  FINER] [         FXGL.Logger] [JavaFX Application Thread] user.language=en
29 Mar 2016, 13:00:25.660 [  FINER] [         FXGL.Logger] [JavaFX Application Thread] java.specification.vendor=Oracle Corporation
29 Mar 2016, 13:00:25.660 [  FINER] [         FXGL.Logger] [JavaFX Application Thread] sun.java.command=SpaceInvaders.SpaceInvadersApp
29 Mar 2016, 13:00:25.661 [  FINER] [         FXGL.Logger] [JavaFX Application Thread] java.home=C:\Program Files\Java\jre1.8.0_73
29 Mar 2016, 13:00:25.661 [  FINER] [         FXGL.Logger] [JavaFX Application Thread] sun.arch.data.model=64
29 Mar 2016, 13:00:25.661 [  FINER] [         FXGL.Logger] [JavaFX Application Thread] java.vm.specification.version=1.8
29 Mar 2016, 13:00:25.662 [  FINER] [         FXGL.Logger] [JavaFX Application Thread] java.class.path=D:\SpaceInvaders\target\classes;C:\Program Files\eclipse\plugins\org.junit_4.12.0.v201504281640\junit.jar;C:\Program Files\eclipse\plugins\org.hamcrest.core_1.3.0.v201303031735.jar;C:\Users\Anwar Saleeby\.m2\repository\com\github\AlmasB\FXGL\0.2.1-0.2.0-gba5970d-32\FXGL-0.2.1-0.2.0-gba5970d-32.jar;C:\Users\Anwar Saleeby\.m2\repository\com\google\inject\guice\4.0\guice-4.0.jar;C:\Users\Anwar Saleeby\.m2\repository\javax\inject\javax.inject\1\javax.inject-1.jar;C:\Users\Anwar Saleeby\.m2\repository\aopalliance\aopalliance\1.0\aopalliance-1.0.jar;C:\Users\Anwar Saleeby\.m2\repository\com\google\guava\guava\16.0.1\guava-16.0.1.jar;C:\Users\Anwar Saleeby\.m2\repository\org\jfxtras\jfxtras-window\8.0-r4\jfxtras-window-8.0-r4.jar;C:\Users\Anwar Saleeby\.m2\repository\org\jfxtras\jfxtras-common\8.0-r4\jfxtras-common-8.0-r4.jar;C:\Users\Anwar Saleeby\.m2\repository\com\github\AlmasB\FXEventBus\1.0\FXEventBus-1.0.jar;C:\Users\Anwar Saleeby\.m2\repository\com\github\AlmasB\Ents\1.0\Ents-1.0.jar;C:\Users\Anwar Saleeby\.m2\repository\org\apache\logging\log4j\log4j-api\2.5\log4j-api-2.5.jar;C:\Users\Anwar Saleeby\.m2\repository\org\apache\logging\log4j\log4j-core\2.5\log4j-core-2.5.jar;C:\Users\Anwar Saleeby\.m2\repository\com\github\AlmasB\AStar\1.0\AStar-1.0.jar
29 Mar 2016, 13:00:25.662 [  FINER] [         FXGL.Logger] [JavaFX Application Thread] user.name=Anwar Saleeby
29 Mar 2016, 13:00:25.662 [  FINER] [         FXGL.Logger] [JavaFX Application Thread] file.encoding=UTF-8
29 Mar 2016, 13:00:25.663 [  FINER] [         FXGL.Logger] [JavaFX Application Thread] java.specification.version=1.8
29 Mar 2016, 13:00:25.663 [  FINER] [         FXGL.Logger] [JavaFX Application Thread] java.awt.printerjob=sun.awt.windows.WPrinterJob
29 Mar 2016, 13:00:25.663 [  FINER] [         FXGL.Logger] [JavaFX Application Thread] user.timezone=America/New_York
29 Mar 2016, 13:00:25.664 [  FINER] [         FXGL.Logger] [JavaFX Application Thread] user.home=C:\Users\Anwar Saleeby
29 Mar 2016, 13:00:25.664 [  FINER] [         FXGL.Logger] [JavaFX Application Thread] os.version=10.0
29 Mar 2016, 13:00:25.664 [  FINER] [         FXGL.Logger] [JavaFX Application Thread] sun.management.compiler=HotSpot 64-Bit Tiered Compilers
29 Mar 2016, 13:00:25.664 [  FINER] [         FXGL.Logger] [JavaFX Application Thread] java.specification.name=Java Platform API Specification
29 Mar 2016, 13:00:25.665 [  FINER] [         FXGL.Logger] [JavaFX Application Thread] java.class.version=52.0
29 Mar 2016, 13:00:25.665 [  FINER] [         FXGL.Logger] [JavaFX Application Thread] java.library.path=C:\Program Files\Java\jre1.8.0_73\bin;C:\Windows\Sun\Java\bin;C:\Windows\system32;C:\Windows;C:/Program Files/Java/jre1.8.0_73/bin/server;C:/Program Files/Java/jre1.8.0_73/bin;C:/Program Files/Java/jre1.8.0_73/lib/amd64;C:\oraclexe\app\oracle\product\11.2.0\server\bin;C:\ProgramData\Oracle\Java\javapath;C:\Windows\system32;C:\Windows;C:\Windows\System32\Wbem;C:\Windows\System32\WindowsPowerShell\v1.0\;C:\Program Files\nodejs\;C:\Program Files\Git\cmd;C:\Users\Anwar Saleeby\AppData\Local\Programs\Python\Python35\Scripts\;C:\Users\Anwar Saleeby\AppData\Local\Programs\Python\Python35\;C:\Users\Anwar Saleeby\AppData\Roaming\npm;C:\Program Files\MongoDB\Server\3.2\bin;C:\Program Files\Git;C:\Program Files\eclipse;;.
29 Mar 2016, 13:00:25.665 [  FINER] [         FXGL.Logger] [JavaFX Application Thread] sun.jnu.encoding=Cp1252
29 Mar 2016, 13:00:25.665 [  FINER] [         FXGL.Logger] [JavaFX Application Thread] os.name=Windows 10
29 Mar 2016, 13:00:25.666 [  FINER] [         FXGL.Logger] [JavaFX Application Thread] user.variant=
29 Mar 2016, 13:00:25.666 [  FINER] [         FXGL.Logger] [JavaFX Application Thread] java.vm.specification.vendor=Oracle Corporation
29 Mar 2016, 13:00:25.666 [  FINER] [         FXGL.Logger] [JavaFX Application Thread] java.io.tmpdir=C:\Users\ANWARS~1\AppData\Local\Temp\
29 Mar 2016, 13:00:25.666 [  FINER] [         FXGL.Logger] [JavaFX Application Thread] line.separator=

29 Mar 2016, 13:00:25.667 [  FINER] [         FXGL.Logger] [JavaFX Application Thread] java.endorsed.dirs=C:\Program Files\Java\jre1.8.0_73\lib\endorsed
29 Mar 2016, 13:00:25.667 [  FINER] [         FXGL.Logger] [JavaFX Application Thread] os.arch=amd64
29 Mar 2016, 13:00:25.667 [  FINER] [         FXGL.Logger] [JavaFX Application Thread] javafx.runtime.version=8.0.71-b15
29 Mar 2016, 13:00:25.667 [  FINER] [         FXGL.Logger] [JavaFX Application Thread] java.awt.graphicsenv=sun.awt.Win32GraphicsEnvironment
29 Mar 2016, 13:00:25.668 [  FINER] [         FXGL.Logger] [JavaFX Application Thread] java.runtime.version=1.8.0_73-b02
29 Mar 2016, 13:00:25.668 [  FINER] [         FXGL.Logger] [JavaFX Application Thread] java.vm.specification.name=Java Virtual Machine Specification
29 Mar 2016, 13:00:25.668 [  FINER] [         FXGL.Logger] [JavaFX Application Thread] user.dir=D:\SpaceInvaders
29 Mar 2016, 13:00:25.668 [  FINER] [         FXGL.Logger] [JavaFX Application Thread] user.country=US
29 Mar 2016, 13:00:25.669 [  FINER] [         FXGL.Logger] [JavaFX Application Thread] user.script=
29 Mar 2016, 13:00:25.669 [  FINER] [         FXGL.Logger] [JavaFX Application Thread] sun.java.launcher=SUN_STANDARD
29 Mar 2016, 13:00:25.669 [  FINER] [         FXGL.Logger] [JavaFX Application Thread] sun.os.patch.level=
29 Mar 2016, 13:00:25.670 [  FINER] [         FXGL.Logger] [JavaFX Application Thread] java.vm.name=Java HotSpot(TM) 64-Bit Server VM
29 Mar 2016, 13:00:25.670 [  FINER] [         FXGL.Logger] [JavaFX Application Thread] file.encoding.pkg=sun.io
29 Mar 2016, 13:00:25.670 [  FINER] [         FXGL.Logger] [JavaFX Application Thread] path.separator=;
29 Mar 2016, 13:00:25.670 [  FINER] [         FXGL.Logger] [JavaFX Application Thread] java.vm.vendor=Oracle Corporation
29 Mar 2016, 13:00:25.671 [  FINER] [         FXGL.Logger] [JavaFX Application Thread] java.vendor.url=http://java.oracle.com/
29 Mar 2016, 13:00:25.671 [  FINER] [         FXGL.Logger] [JavaFX Application Thread] sun.boot.library.path=C:\Program Files\Java\jre1.8.0_73\bin
29 Mar 2016, 13:00:25.671 [  FINER] [         FXGL.Logger] [JavaFX Application Thread] java.vm.version=25.73-b02
29 Mar 2016, 13:00:25.671 [  FINER] [         FXGL.Logger] [JavaFX Application Thread] java.runtime.name=Java(TM) SE Runtime Environment
29 Mar 2016, 13:00:25.671 [  FINER] [         FXGL.Logger] [JavaFX Application Thread] javafx.version=8.0.71
29 Mar 2016, 13:00:25.676 [   INFO] [        FXGL.Version] [JavaFX Application Thread] FXGL-0.2.1-SNAPSHOT
29 Mar 2016, 13:00:25.676 [   INFO] [        FXGL.Version] [JavaFX Application Thread] Source code and latest builds at: https://github.com/AlmasB/FXGL
29 Mar 2016, 13:00:25.682 [  FINER] [    FXGL.Application] [JavaFX Application Thread] Game_clinit()
29 Mar 2016, 13:00:25.688 [  FINER] [    FXGL.Application] [JavaFX-Launcher] FXGL_init()
29 Mar 2016, 13:00:25.710 [  FINER] [    FXGL.Application] [JavaFX Application Thread] FXGL_start()
29 Mar 2016, 13:00:25.710 [  FINER] [    FXGL.Application] [JavaFX Application Thread] Initializing system properties
29 Mar 2016, 13:00:25.713 [  FINER] [    FXGL.Application] [JavaFX Application Thread] sound.notification = system/notification.wav
29 Mar 2016, 13:00:25.713 [  FINER] [    FXGL.Application] [JavaFX Application Thread] asset.cache.size = 35
29 Mar 2016, 13:00:25.713 [  FINER] [    FXGL.Application] [JavaFX Application Thread] ui.font = Copperplate_Gothic_Light_Regular.ttf
29 Mar 2016, 13:00:25.713 [  FINER] [    FXGL.Application] [JavaFX Application Thread] sound.menu.back = menu/back.wav
29 Mar 2016, 13:00:25.713 [  FINER] [    FXGL.Application] [JavaFX Application Thread] sound.menu.select = menu/select.wav
29 Mar 2016, 13:00:25.714 [  FINER] [    FXGL.Application] [JavaFX Application Thread] physics.ppm = 50
29 Mar 2016, 13:00:25.714 [  FINER] [    FXGL.Application] [JavaFX Application Thread] ui.css = fxgl.css
29 Mar 2016, 13:00:25.714 [  FINER] [    FXGL.Application] [JavaFX Application Thread] ui.icon.name = fxgl_icon.png
29 Mar 2016, 13:00:25.714 [  FINER] [    FXGL.Application] [JavaFX Application Thread] sound.menu.press = menu/press.wav
29 Mar 2016, 13:00:25.714 [  FINER] [    FXGL.Application] [JavaFX Application Thread] Initializing user properties
29 Mar 2016, 13:00:25.715 [   INFO] [    FXGL.Application] [JavaFX Application Thread] User properties not found. Using system
29 Mar 2016, 13:00:25.725 [   INFO] [         FXGL.Logger] [JavaFX Application Thread] Logger level set to: CONFIG
29 Mar 2016, 13:00:25.726 [   INFO] [    FXGL.Application] [JavaFX Application Thread] Application Mode: DEVELOPER
29 Mar 2016, 13:00:26.164 [  FINER] [    FXGL.Application] [JavaFX Application Thread] Services configuration complete
29 Mar 2016, 13:00:26.176 [  FINER] [       FXGL.EventBus] [JavaFX Application Thread] Service [EventBus] initialized
29 Mar 2016, 13:00:26.178 [  FINER] [    FXGL.AssetLoader] [JavaFX Application Thread] Service [AssetLoader] initialized
29 Mar 2016, 13:00:26.181 [  FINER] [    FXGL.AssetLoader] [JavaFX Application Thread] Loading from disk: /assets/sounds/system/notification.wav
29 Mar 2016, 13:00:26.204 [  FINER] [    FXGL.AssetLoader] [JavaFX Application Thread] Loading from disk: /assets/sounds/menu/select.wav
29 Mar 2016, 13:00:26.207 [  FINER] [    FXGL.AssetLoader] [JavaFX Application Thread] Loading from disk: /assets/sounds/menu/back.wav
29 Mar 2016, 13:00:26.209 [  FINER] [    FXGL.AssetLoader] [JavaFX Application Thread] Loading from disk: /assets/sounds/menu/press.wav
29 Mar 2016, 13:00:26.211 [  FINER] [    FXGL.AssetLoader] [JavaFX Application Thread] Loading from disk: /assets/ui/fonts/Copperplate_Gothic_Light_Regular.ttf
29 Mar 2016, 13:00:26.290 [  FINER] [    FXGL.AssetLoader] [JavaFX Application Thread] Loading from disk: /assets/ui/css/fxgl.css
29 Mar 2016, 13:00:26.291 [  FINER] [    FXGL.AssetLoader] [JavaFX Application Thread] Loading from disk: /assets/ui/icons/fxgl_icon.png
29 Mar 2016, 13:00:26.330 [  FINER] [    FXGL.AssetLoader] [JavaFX Application Thread] Loading from disk: /assets/ui/css/fxgl_dark.css
29 Mar 2016, 13:00:26.400 [  FINER] [        FXGL.Display] [JavaFX Application Thread] Target size: 480.0x600.0@1.0
29 Mar 2016, 13:00:26.400 [  FINER] [        FXGL.Display] [JavaFX Application Thread] New size:    480.0x600.0@1.0
29 Mar 2016, 13:00:26.401 [  FINER] [        FXGL.Display] [JavaFX Application Thread] Service [Display] initialized
29 Mar 2016, 13:00:26.401 [  FINER] [        FXGL.Display] [JavaFX Application Thread] Using CSS: CSS[jar:file:/C:/Users/Anwar%20Saleeby/.m2/repository/com/github/AlmasB/FXGL/0.2.1-0.2.0-gba5970d-32/FXGL-0.2.1-0.2.0-gba5970d-32.jar!/assets/ui/css/fxgl_dark.css]
29 Mar 2016, 13:00:26.405 [  FINER] [          FXGL.Input] [JavaFX Application Thread] Service [Input] initialized
29 Mar 2016, 13:00:26.408 [  FINER] [    FXGL.AudioPlayer] [JavaFX Application Thread] Service [AudioPlayer] initialized
29 Mar 2016, 13:00:26.415 [  FINER] [    FXGL.MasterTimer] [JavaFX Application Thread] Service [MasterTimer] initialized
29 Mar 2016, 13:00:26.430 [  FINER] [      FXGL.GameScene] [JavaFX Application Thread] Game scene initialized
29 Mar 2016, 13:00:26.431 [  FINER] [FXGL.NotificationSer] [JavaFX Application Thread] Service [NotificationService] initialized
29 Mar 2016, 13:00:26.650 [  FINER] [      FXGL.GameWorld] [JavaFX Application Thread] Game world initialized
29 Mar 2016, 13:00:26.698 [  FINER] [   FXGL.PhysicsWorld] [JavaFX Application Thread] Physics world initialized
29 Mar 2016, 13:00:26.774 [  FINER] [    FXGL.Application] [JavaFX Application Thread] Game_start()
29 Mar 2016, 13:00:26.783 [  FINER] [          FXGL.Input] [JavaFX Application Thread] Registered new binding: Move Left A
29 Mar 2016, 13:00:26.784 [  FINER] [          FXGL.Input] [JavaFX Application Thread] Registered new binding: Shoot Space
29 Mar 2016, 13:00:26.784 [  FINER] [          FXGL.Input] [JavaFX Application Thread] Registered new binding: Move Right D
29 Mar 2016, 13:00:26.786 [  FINER] [    FXGL.Application] [JavaFX Application Thread] Saving data to profile
29 Mar 2016, 13:00:26.787 [  FINER] [    FXGL.UserProfile] [JavaFX Application Thread] Logging bundle: game
29 Mar 2016, 13:00:26.788 [  FINER] [    FXGL.UserProfile] [JavaFX Application Thread] game.playtime=1100368174
29 Mar 2016, 13:00:26.789 [  FINER] [       FXGL.EventBus] [JavaFX Application Thread] Firing event: SaveEvent
29 Mar 2016, 13:00:26.791 [  FINER] [        FXGL.Display] [JavaFX Application Thread] Saving data to profile
29 Mar 2016, 13:00:26.792 [  FINER] [    FXGL.UserProfile] [JavaFX Application Thread] Logging bundle: scene
29 Mar 2016, 13:00:26.792 [  FINER] [    FXGL.UserProfile] [JavaFX Application Thread] scene.sizeW=480.0
29 Mar 2016, 13:00:26.792 [  FINER] [    FXGL.UserProfile] [JavaFX Application Thread] scene.sizeH=600.0
29 Mar 2016, 13:00:26.793 [  FINER] [          FXGL.Input] [JavaFX Application Thread] Saving data to profile
29 Mar 2016, 13:00:26.793 [  FINER] [    FXGL.UserProfile] [JavaFX Application Thread] Logging bundle: input
29 Mar 2016, 13:00:26.794 [  FINER] [    FXGL.UserProfile] [JavaFX Application Thread] input.Shoot=Space
29 Mar 2016, 13:00:26.794 [  FINER] [    FXGL.UserProfile] [JavaFX Application Thread] input.Move Right=D
29 Mar 2016, 13:00:26.794 [  FINER] [    FXGL.UserProfile] [JavaFX Application Thread] input.Move Left=A
29 Mar 2016, 13:00:26.794 [  FINER] [    FXGL.AudioPlayer] [JavaFX Application Thread] Saving data to profile
29 Mar 2016, 13:00:26.797 [  FINER] [    FXGL.UserProfile] [JavaFX Application Thread] Logging bundle: audio
29 Mar 2016, 13:00:26.797 [  FINER] [    FXGL.UserProfile] [JavaFX Application Thread] audio.musicVolume=0.5
29 Mar 2016, 13:00:26.799 [  FINER] [    FXGL.UserProfile] [JavaFX Application Thread] audio.soundVolume=0.5
29 Mar 2016, 13:00:26.799 [  FINER] [FXGL.AchievementMana] [JavaFX Application Thread] Saving data to profile
29 Mar 2016, 13:00:26.800 [  FINER] [    FXGL.UserProfile] [JavaFX Application Thread] Logging bundle: achievement
29 Mar 2016, 13:00:26.800 [  FINER] [    FXGL.Application] [JavaFX Application Thread] Starting new game
29 Mar 2016, 13:00:26.802 [  FINER] [    FXGL.Application] [JavaFX Application Thread] Initializing App
29 Mar 2016, 13:00:26.802 [  FINER] [    FXGL.Application] [JavaFX Application Thread] Pausing main loop
29 Mar 2016, 13:00:26.802 [  FINER] [       FXGL.EventBus] [JavaFX Application Thread] Firing event: FXGLEvent[type=PAUSE]
29 Mar 2016, 13:00:26.802 [  FINER] [          FXGL.Input] [JavaFX Application Thread] Clearing active input actions
29 Mar 2016, 13:00:26.803 [  FINER] [    FXGL.MasterTimer] [JavaFX Application Thread] Stopping master timer
29 Mar 2016, 13:00:26.803 [  FINER] [    FXGL.Application] [JavaFX Application Thread] State: STARTUP -> PAUSED
29 Mar 2016, 13:00:26.803 [  FINER] [    FXGL.Application] [JavaFX Application Thread] Resetting FXGL application
29 Mar 2016, 13:00:26.804 [  FINER] [       FXGL.EventBus] [JavaFX Application Thread] Firing event: FXGLEvent[type=RESET]
29 Mar 2016, 13:00:26.804 [  FINER] [          FXGL.Input] [JavaFX Application Thread] Clearing active input actions
29 Mar 2016, 13:00:26.804 [  FINER] [    FXGL.MasterTimer] [JavaFX Application Thread] Resetting ticks to 0
29 Mar 2016, 13:00:26.804 [  FINER] [    FXGL.MasterTimer] [JavaFX Application Thread] Clearing all scheduled actions
29 Mar 2016, 13:00:26.804 [  FINER] [      FXGL.GameScene] [JavaFX Application Thread] Resetting game scene
29 Mar 2016, 13:00:26.805 [  FINER] [      FXGL.GameWorld] [JavaFX Application Thread] Resetting game world
29 Mar 2016, 13:00:26.806 [  FINER] [    FXGL.Application] [JavaFX Application Thread] State: PAUSED -> LOADING
29 Mar 2016, 13:00:26.840 [  FINER] [    FXGL.Application] [JavaFX Application Thread] Starting FXGL Init Thread
29 Mar 2016, 13:00:26.841 [  FINER] [    FXGL.Application] [FXGL Init Thread] Initializing Assets
29 Mar 2016, 13:00:26.847 [  FINER] [    FXGL.AssetLoader] [FXGL Init Thread] Loading from disk: /assets/textures/enemy.png
29 Mar 2016, 13:00:26.854 [  FINER] [    FXGL.AssetLoader] [FXGL Init Thread] Loading from disk: /assets/textures/enemyReduced.png
29 Mar 2016, 13:00:26.857 [  FINER] [    FXGL.AssetLoader] [FXGL Init Thread] Loading from disk: /assets/textures/enemyReduced1.png
29 Mar 2016, 13:00:26.859 [  FINER] [    FXGL.AssetLoader] [FXGL Init Thread] Loading from disk: /assets/textures/enemyReduced2.png
29 Mar 2016, 13:00:26.860 [  FINER] [    FXGL.AssetLoader] [FXGL Init Thread] Loading from disk: /assets/textures/enemyReduced3.png
29 Mar 2016, 13:00:26.861 [  FINER] [    FXGL.AssetLoader] [FXGL Init Thread] Loading from disk: /assets/textures/life.png
29 Mar 2016, 13:00:26.863 [  FINER] [    FXGL.AssetLoader] [FXGL Init Thread] Loading from disk: /assets/textures/spaceship.png
29 Mar 2016, 13:00:26.865 [  FINER] [    FXGL.AssetLoader] [FXGL Init Thread] Loading from disk: /assets/textures/spaceshipReduced.png
29 Mar 2016, 13:00:26.866 [  FINER] [    FXGL.AssetLoader] [FXGL Init Thread] Loading from disk: /assets/textures/text.png
29 Mar 2016, 13:00:26.891 [  FINER] [    FXGL.AssetLoader] [FXGL Init Thread] Loading from disk: /assets/textures/wall.png
29 Mar 2016, 13:00:26.984 [  FINER] [    FXGL.AssetLoader] [FXGL Init Thread] Loading from cache: /assets/sounds/menu/select.wav
29 Mar 2016, 13:00:26.985 [  FINER] [    FXGL.AssetLoader] [FXGL Init Thread] Loading from cache: /assets/sounds/menu/press.wav
29 Mar 2016, 13:00:26.985 [  FINER] [    FXGL.AssetLoader] [FXGL Init Thread] Loading from cache: /assets/sounds/menu/back.wav
29 Mar 2016, 13:00:26.985 [  FINER] [    FXGL.AssetLoader] [FXGL Init Thread] Loading from cache: /assets/sounds/system/notification.wav
29 Mar 2016, 13:00:26.990 [  FINER] [    FXGL.AssetLoader] [FXGL Init Thread] Loading from disk: /assets/music/bgm.mp3
29 Mar 2016, 13:00:27.132 [  FINER] [    FXGL.Application] [JavaFX Application Thread] Showing stage
29 Mar 2016, 13:00:27.133 [  FINER] [    FXGL.Application] [JavaFX Application Thread] Root size: 480.0x600.0
29 Mar 2016, 13:00:27.133 [  FINER] [    FXGL.Application] [JavaFX Application Thread] Scene size: 480.0x600.0
29 Mar 2016, 13:00:27.133 [  FINER] [    FXGL.Application] [JavaFX Application Thread] Stage size: 486.0x629.0
29 Mar 2016, 13:00:27.206 [  FINER] [    FXGL.AssetLoader] [FXGL Init Thread] Loading from cache: /assets/ui/fonts/Copperplate_Gothic_Light_Regular.ttf
29 Mar 2016, 13:00:27.258 [  FINER] [    FXGL.Application] [FXGL Init Thread] Initializing Game
29 Mar 2016, 13:00:27.288 [  FINER] [    FXGL.AssetLoader] [FXGL Init Thread] Loading from cache: /assets/textures/enemyReduced2.png
29 Mar 2016, 13:00:27.297 [  FINER] [    FXGL.AssetLoader] [FXGL Init Thread] Loading from cache: /assets/textures/enemyReduced1.png
29 Mar 2016, 13:00:27.299 [  FINER] [    FXGL.AssetLoader] [FXGL Init Thread] Loading from cache: /assets/textures/enemyReduced3.png
29 Mar 2016, 13:00:27.300 [  FINER] [    FXGL.AssetLoader] [FXGL Init Thread] Loading from cache: /assets/textures/enemyReduced1.png
29 Mar 2016, 13:00:27.302 [  FINER] [    FXGL.AssetLoader] [FXGL Init Thread] Loading from cache: /assets/textures/enemyReduced3.png
29 Mar 2016, 13:00:27.303 [  FINER] [    FXGL.AssetLoader] [FXGL Init Thread] Loading from cache: /assets/textures/enemyReduced3.png
29 Mar 2016, 13:00:27.304 [  FINER] [    FXGL.AssetLoader] [FXGL Init Thread] Loading from cache: /assets/textures/enemyReduced1.png
29 Mar 2016, 13:00:27.305 [  FINER] [    FXGL.AssetLoader] [FXGL Init Thread] Loading from cache: /assets/textures/enemyReduced3.png
29 Mar 2016, 13:00:27.307 [  FINER] [    FXGL.AssetLoader] [FXGL Init Thread] Loading from cache: /assets/textures/enemyReduced2.png
29 Mar 2016, 13:00:27.309 [  FINER] [    FXGL.AssetLoader] [FXGL Init Thread] Loading from cache: /assets/textures/enemyReduced3.png
29 Mar 2016, 13:00:27.311 [  FINER] [    FXGL.AssetLoader] [FXGL Init Thread] Loading from cache: /assets/textures/enemyReduced1.png
29 Mar 2016, 13:00:27.312 [  FINER] [    FXGL.AssetLoader] [FXGL Init Thread] Loading from cache: /assets/textures/enemyReduced3.png
29 Mar 2016, 13:00:27.314 [  FINER] [    FXGL.AssetLoader] [FXGL Init Thread] Loading from cache: /assets/textures/enemyReduced3.png
29 Mar 2016, 13:00:27.315 [  FINER] [    FXGL.AssetLoader] [FXGL Init Thread] Loading from cache: /assets/textures/enemyReduced3.png
29 Mar 2016, 13:00:27.316 [  FINER] [    FXGL.AssetLoader] [FXGL Init Thread] Loading from cache: /assets/textures/enemyReduced2.png
29 Mar 2016, 13:00:27.319 [  FINER] [    FXGL.AssetLoader] [FXGL Init Thread] Loading from cache: /assets/textures/enemyReduced3.png
29 Mar 2016, 13:00:27.321 [  FINER] [    FXGL.AssetLoader] [FXGL Init Thread] Loading from cache: /assets/textures/enemyReduced3.png
29 Mar 2016, 13:00:27.322 [  FINER] [    FXGL.AssetLoader] [FXGL Init Thread] Loading from cache: /assets/textures/enemyReduced1.png
29 Mar 2016, 13:00:27.323 [  FINER] [    FXGL.AssetLoader] [FXGL Init Thread] Loading from cache: /assets/textures/enemyReduced3.png
29 Mar 2016, 13:00:27.324 [  FINER] [    FXGL.AssetLoader] [FXGL Init Thread] Loading from cache: /assets/textures/enemyReduced2.png
29 Mar 2016, 13:00:27.326 [  FINER] [    FXGL.AssetLoader] [FXGL Init Thread] Loading from cache: /assets/textures/enemyReduced1.png
29 Mar 2016, 13:00:27.327 [  FINER] [    FXGL.AssetLoader] [FXGL Init Thread] Loading from cache: /assets/textures/enemyReduced3.png
29 Mar 2016, 13:00:27.328 [  FINER] [    FXGL.AssetLoader] [FXGL Init Thread] Loading from cache: /assets/textures/enemyReduced3.png
29 Mar 2016, 13:00:27.330 [  FINER] [    FXGL.AssetLoader] [FXGL Init Thread] Loading from cache: /assets/textures/enemyReduced1.png
29 Mar 2016, 13:00:27.331 [  FINER] [    FXGL.AssetLoader] [FXGL Init Thread] Loading from cache: /assets/textures/enemyReduced3.png
29 Mar 2016, 13:00:27.332 [  FINER] [    FXGL.AssetLoader] [FXGL Init Thread] Loading from cache: /assets/textures/enemyReduced3.png
29 Mar 2016, 13:00:27.334 [  FINER] [    FXGL.AssetLoader] [FXGL Init Thread] Loading from cache: /assets/textures/enemyReduced3.png
29 Mar 2016, 13:00:27.335 [  FINER] [    FXGL.AssetLoader] [FXGL Init Thread] Loading from cache: /assets/textures/enemyReduced1.png
29 Mar 2016, 13:00:27.336 [  FINER] [    FXGL.AssetLoader] [FXGL Init Thread] Loading from cache: /assets/textures/enemyReduced3.png
29 Mar 2016, 13:00:27.337 [  FINER] [    FXGL.AssetLoader] [FXGL Init Thread] Loading from cache: /assets/textures/enemyReduced2.png
29 Mar 2016, 13:00:27.338 [  FINER] [    FXGL.AssetLoader] [FXGL Init Thread] Loading from cache: /assets/textures/enemyReduced1.png
29 Mar 2016, 13:00:27.339 [  FINER] [    FXGL.AssetLoader] [FXGL Init Thread] Loading from cache: /assets/textures/enemyReduced3.png
29 Mar 2016, 13:00:27.340 [  FINER] [    FXGL.AssetLoader] [FXGL Init Thread] Loading from cache: /assets/textures/enemyReduced2.png
29 Mar 2016, 13:00:27.341 [  FINER] [    FXGL.AssetLoader] [FXGL Init Thread] Loading from cache: /assets/textures/enemyReduced3.png
29 Mar 2016, 13:00:27.343 [  FINER] [    FXGL.AssetLoader] [FXGL Init Thread] Loading from cache: /assets/textures/enemyReduced3.png
29 Mar 2016, 13:00:27.344 [  FINER] [    FXGL.AssetLoader] [FXGL Init Thread] Loading from cache: /assets/textures/enemyReduced1.png
29 Mar 2016, 13:00:27.345 [  FINER] [    FXGL.AssetLoader] [FXGL Init Thread] Loading from cache: /assets/textures/enemyReduced1.png
29 Mar 2016, 13:00:27.346 [  FINER] [    FXGL.AssetLoader] [FXGL Init Thread] Loading from cache: /assets/textures/enemyReduced1.png
29 Mar 2016, 13:00:27.347 [  FINER] [    FXGL.AssetLoader] [FXGL Init Thread] Loading from cache: /assets/textures/enemyReduced1.png
29 Mar 2016, 13:00:27.348 [  FINER] [    FXGL.AssetLoader] [FXGL Init Thread] Loading from cache: /assets/textures/enemyReduced2.png
29 Mar 2016, 13:00:27.349 [  FINER] [    FXGL.AssetLoader] [FXGL Init Thread] Loading from cache: /assets/textures/wall.png
29 Mar 2016, 13:00:27.350 [  FINER] [    FXGL.AssetLoader] [FXGL Init Thread] Loading from cache: /assets/textures/wall.png
29 Mar 2016, 13:00:27.351 [  FINER] [    FXGL.AssetLoader] [FXGL Init Thread] Loading from cache: /assets/textures/wall.png
29 Mar 2016, 13:00:27.351 [  FINER] [    FXGL.AssetLoader] [FXGL Init Thread] Loading from cache: /assets/textures/wall.png
29 Mar 2016, 13:00:27.352 [  FINER] [    FXGL.AssetLoader] [FXGL Init Thread] Loading from cache: /assets/textures/spaceshipReduced.png
29 Mar 2016, 13:00:27.354 [  FINER] [    FXGL.Application] [FXGL Init Thread] Initializing Physics
29 Mar 2016, 13:00:27.356 [  FINER] [    FXGL.Application] [FXGL Init Thread] Initializing UI
29 Mar 2016, 13:00:27.361 [  FINER] [    FXGL.Application] [FXGL Init Thread] Initialization Complete
29 Mar 2016, 13:00:27.362 [  FINER] [       FXGL.EventBus] [JavaFX Application Thread] Firing event: FXGLEvent[type=INIT_APP_COMPLETE]
29 Mar 2016, 13:00:27.363 [  FINER] [    FXGL.Application] [JavaFX Application Thread] Resuming main loop
29 Mar 2016, 13:00:27.363 [  FINER] [       FXGL.EventBus] [JavaFX Application Thread] Firing event: FXGLEvent[type=RESUME]
29 Mar 2016, 13:00:27.363 [  FINER] [          FXGL.Input] [JavaFX Application Thread] Clearing active input actions
29 Mar 2016, 13:00:27.363 [  FINER] [    FXGL.MasterTimer] [JavaFX Application Thread] Starting master timer
29 Mar 2016, 13:00:27.363 [  FINER] [    FXGL.Application] [JavaFX Application Thread] State: LOADING -> PLAYING
29 Mar 2016, 13:00:27.375 [  FINER] [       FXGL.EventBus] [JavaFX Application Thread] Firing event: WorldEvent[type=ENTITY_ADDED]
29 Mar 2016, 13:00:27.376 [  FINER] [      FXGL.GameScene] [JavaFX Application Thread] Entity added to scene
29 Mar 2016, 13:00:27.377 [  FINER] [      FXGL.GameScene] [JavaFX Application Thread] Added MainViewComponent
29 Mar 2016, 13:00:27.378 [  FINER] [      FXGL.GameScene] [JavaFX Application Thread] Creating render group for layer: TOP(2147483647)
29 Mar 2016, 13:00:27.385 [  FINER] [       FXGL.EventBus] [JavaFX Application Thread] Firing event: WorldEvent[type=ENTITY_ADDED]
29 Mar 2016, 13:00:27.385 [  FINER] [      FXGL.GameScene] [JavaFX Application Thread] Entity added to scene
29 Mar 2016, 13:00:27.385 [  FINER] [      FXGL.GameScene] [JavaFX Application Thread] Added MainViewComponent
29 Mar 2016, 13:00:27.386 [  FINER] [       FXGL.EventBus] [JavaFX Application Thread] Firing event: WorldEvent[type=ENTITY_ADDED]
29 Mar 2016, 13:00:27.386 [  FINER] [      FXGL.GameScene] [JavaFX Application Thread] Entity added to scene
29 Mar 2016, 13:00:27.387 [  FINER] [      FXGL.GameScene] [JavaFX Application Thread] Added MainViewComponent
29 Mar 2016, 13:00:27.387 [  FINER] [       FXGL.EventBus] [JavaFX Application Thread] Firing event: WorldEvent[type=ENTITY_ADDED]
29 Mar 2016, 13:00:27.388 [  FINER] [      FXGL.GameScene] [JavaFX Application Thread] Entity added to scene
29 Mar 2016, 13:00:27.388 [  FINER] [      FXGL.GameScene] [JavaFX Application Thread] Added MainViewComponent
29 Mar 2016, 13:00:27.388 [  FINER] [       FXGL.EventBus] [JavaFX Application Thread] Firing event: WorldEvent[type=ENTITY_ADDED]
29 Mar 2016, 13:00:27.389 [  FINER] [      FXGL.GameScene] [JavaFX Application Thread] Entity added to scene
29 Mar 2016, 13:00:27.389 [  FINER] [      FXGL.GameScene] [JavaFX Application Thread] Added MainViewComponent
29 Mar 2016, 13:00:27.390 [  FINER] [       FXGL.EventBus] [JavaFX Application Thread] Firing event: WorldEvent[type=ENTITY_ADDED]
29 Mar 2016, 13:00:27.390 [  FINER] [      FXGL.GameScene] [JavaFX Application Thread] Entity added to scene
29 Mar 2016, 13:00:27.391 [  FINER] [      FXGL.GameScene] [JavaFX Application Thread] Added MainViewComponent
29 Mar 2016, 13:00:27.391 [  FINER] [       FXGL.EventBus] [JavaFX Application Thread] Firing event: WorldEvent[type=ENTITY_ADDED]
29 Mar 2016, 13:00:27.392 [  FINER] [      FXGL.GameScene] [JavaFX Application Thread] Entity added to scene
29 Mar 2016, 13:00:27.392 [  FINER] [      FXGL.GameScene] [JavaFX Application Thread] Added MainViewComponent
29 Mar 2016, 13:00:27.392 [  FINER] [       FXGL.EventBus] [JavaFX Application Thread] Firing event: WorldEvent[type=ENTITY_ADDED]
29 Mar 2016, 13:00:27.393 [  FINER] [      FXGL.GameScene] [JavaFX Application Thread] Entity added to scene
29 Mar 2016, 13:00:27.393 [  FINER] [      FXGL.GameScene] [JavaFX Application Thread] Added MainViewComponent
29 Mar 2016, 13:00:27.394 [  FINER] [       FXGL.EventBus] [JavaFX Application Thread] Firing event: WorldEvent[type=ENTITY_ADDED]
29 Mar 2016, 13:00:27.394 [  FINER] [      FXGL.GameScene] [JavaFX Application Thread] Entity added to scene
29 Mar 2016, 13:00:27.394 [  FINER] [      FXGL.GameScene] [JavaFX Application Thread] Added MainViewComponent
29 Mar 2016, 13:00:27.395 [  FINER] [       FXGL.EventBus] [JavaFX Application Thread] Firing event: WorldEvent[type=ENTITY_ADDED]
29 Mar 2016, 13:00:27.395 [  FINER] [      FXGL.GameScene] [JavaFX Application Thread] Entity added to scene
29 Mar 2016, 13:00:27.395 [  FINER] [      FXGL.GameScene] [JavaFX Application Thread] Added MainViewComponent
29 Mar 2016, 13:00:27.396 [  FINER] [       FXGL.EventBus] [JavaFX Application Thread] Firing event: WorldEvent[type=ENTITY_ADDED]
29 Mar 2016, 13:00:27.396 [  FINER] [      FXGL.GameScene] [JavaFX Application Thread] Entity added to scene
29 Mar 2016, 13:00:27.396 [  FINER] [      FXGL.GameScene] [JavaFX Application Thread] Added MainViewComponent
29 Mar 2016, 13:00:27.397 [  FINER] [       FXGL.EventBus] [JavaFX Application Thread] Firing event: WorldEvent[type=ENTITY_ADDED]
29 Mar 2016, 13:00:27.398 [  FINER] [      FXGL.GameScene] [JavaFX Application Thread] Entity added to scene
29 Mar 2016, 13:00:27.398 [  FINER] [      FXGL.GameScene] [JavaFX Application Thread] Added MainViewComponent
29 Mar 2016, 13:00:27.398 [  FINER] [       FXGL.EventBus] [JavaFX Application Thread] Firing event: WorldEvent[type=ENTITY_ADDED]
29 Mar 2016, 13:00:27.399 [  FINER] [      FXGL.GameScene] [JavaFX Application Thread] Entity added to scene
29 Mar 2016, 13:00:27.399 [  FINER] [      FXGL.GameScene] [JavaFX Application Thread] Added MainViewComponent
29 Mar 2016, 13:00:27.400 [  FINER] [       FXGL.EventBus] [JavaFX Application Thread] Firing event: WorldEvent[type=ENTITY_ADDED]
29 Mar 2016, 13:00:27.400 [  FINER] [      FXGL.GameScene] [JavaFX Application Thread] Entity added to scene
29 Mar 2016, 13:00:27.400 [  FINER] [      FXGL.GameScene] [JavaFX Application Thread] Added MainViewComponent
29 Mar 2016, 13:00:27.401 [  FINER] [       FXGL.EventBus] [JavaFX Application Thread] Firing event: WorldEvent[type=ENTITY_ADDED]
29 Mar 2016, 13:00:27.401 [  FINER] [      FXGL.GameScene] [JavaFX Application Thread] Entity added to scene
29 Mar 2016, 13:00:27.401 [  FINER] [      FXGL.GameScene] [JavaFX Application Thread] Added MainViewComponent
29 Mar 2016, 13:00:27.402 [  FINER] [       FXGL.EventBus] [JavaFX Application Thread] Firing event: WorldEvent[type=ENTITY_ADDED]
29 Mar 2016, 13:00:27.402 [  FINER] [      FXGL.GameScene] [JavaFX Application Thread] Entity added to scene
29 Mar 2016, 13:00:27.402 [  FINER] [      FXGL.GameScene] [JavaFX Application Thread] Added MainViewComponent
29 Mar 2016, 13:00:27.403 [  FINER] [       FXGL.EventBus] [JavaFX Application Thread] Firing event: WorldEvent[type=ENTITY_ADDED]
29 Mar 2016, 13:00:27.403 [  FINER] [      FXGL.GameScene] [JavaFX Application Thread] Entity added to scene
29 Mar 2016, 13:00:27.403 [  FINER] [      FXGL.GameScene] [JavaFX Application Thread] Added MainViewComponent
29 Mar 2016, 13:00:27.404 [  FINER] [       FXGL.EventBus] [JavaFX Application Thread] Firing event: WorldEvent[type=ENTITY_ADDED]
29 Mar 2016, 13:00:27.404 [  FINER] [      FXGL.GameScene] [JavaFX Application Thread] Entity added to scene
29 Mar 2016, 13:00:27.404 [  FINER] [      FXGL.GameScene] [JavaFX Application Thread] Added MainViewComponent
29 Mar 2016, 13:00:27.404 [  FINER] [       FXGL.EventBus] [JavaFX Application Thread] Firing event: WorldEvent[type=ENTITY_ADDED]
29 Mar 2016, 13:00:27.405 [  FINER] [      FXGL.GameScene] [JavaFX Application Thread] Entity added to scene
29 Mar 2016, 13:00:27.405 [  FINER] [      FXGL.GameScene] [JavaFX Application Thread] Added MainViewComponent
29 Mar 2016, 13:00:27.405 [  FINER] [       FXGL.EventBus] [JavaFX Application Thread] Firing event: WorldEvent[type=ENTITY_ADDED]
29 Mar 2016, 13:00:27.405 [  FINER] [      FXGL.GameScene] [JavaFX Application Thread] Entity added to scene
29 Mar 2016, 13:00:27.406 [  FINER] [      FXGL.GameScene] [JavaFX Application Thread] Added MainViewComponent
29 Mar 2016, 13:00:27.406 [  FINER] [       FXGL.EventBus] [JavaFX Application Thread] Firing event: WorldEvent[type=ENTITY_ADDED]
29 Mar 2016, 13:00:27.406 [  FINER] [      FXGL.GameScene] [JavaFX Application Thread] Entity added to scene
29 Mar 2016, 13:00:27.406 [  FINER] [      FXGL.GameScene] [JavaFX Application Thread] Added MainViewComponent
29 Mar 2016, 13:00:27.407 [  FINER] [       FXGL.EventBus] [JavaFX Application Thread] Firing event: WorldEvent[type=ENTITY_ADDED]
29 Mar 2016, 13:00:27.407 [  FINER] [      FXGL.GameScene] [JavaFX Application Thread] Entity added to scene
29 Mar 2016, 13:00:27.407 [  FINER] [      FXGL.GameScene] [JavaFX Application Thread] Added MainViewComponent
29 Mar 2016, 13:00:27.408 [  FINER] [       FXGL.EventBus] [JavaFX Application Thread] Firing event: WorldEvent[type=ENTITY_ADDED]
29 Mar 2016, 13:00:27.408 [  FINER] [      FXGL.GameScene] [JavaFX Application Thread] Entity added to scene
29 Mar 2016, 13:00:27.408 [  FINER] [      FXGL.GameScene] [JavaFX Application Thread] Added MainViewComponent
29 Mar 2016, 13:00:27.409 [  FINER] [       FXGL.EventBus] [JavaFX Application Thread] Firing event: WorldEvent[type=ENTITY_ADDED]
29 Mar 2016, 13:00:27.409 [  FINER] [      FXGL.GameScene] [JavaFX Application Thread] Entity added to scene
29 Mar 2016, 13:00:27.409 [  FINER] [      FXGL.GameScene] [JavaFX Application Thread] Added MainViewComponent
29 Mar 2016, 13:00:27.410 [  FINER] [       FXGL.EventBus] [JavaFX Application Thread] Firing event: WorldEvent[type=ENTITY_ADDED]
29 Mar 2016, 13:00:27.410 [  FINER] [      FXGL.GameScene] [JavaFX Application Thread] Entity added to scene
29 Mar 2016, 13:00:27.410 [  FINER] [      FXGL.GameScene] [JavaFX Application Thread] Added MainViewComponent
29 Mar 2016, 13:00:27.411 [  FINER] [       FXGL.EventBus] [JavaFX Application Thread] Firing event: WorldEvent[type=ENTITY_ADDED]
29 Mar 2016, 13:00:27.411 [  FINER] [      FXGL.GameScene] [JavaFX Application Thread] Entity added to scene
29 Mar 2016, 13:00:27.411 [  FINER] [      FXGL.GameScene] [JavaFX Application Thread] Added MainViewComponent
29 Mar 2016, 13:00:27.412 [  FINER] [       FXGL.EventBus] [JavaFX Application Thread] Firing event: WorldEvent[type=ENTITY_ADDED]
29 Mar 2016, 13:00:27.412 [  FINER] [      FXGL.GameScene] [JavaFX Application Thread] Entity added to scene
29 Mar 2016, 13:00:27.412 [  FINER] [      FXGL.GameScene] [JavaFX Application Thread] Added MainViewComponent
29 Mar 2016, 13:00:27.412 [  FINER] [       FXGL.EventBus] [JavaFX Application Thread] Firing event: WorldEvent[type=ENTITY_ADDED]
29 Mar 2016, 13:00:27.413 [  FINER] [      FXGL.GameScene] [JavaFX Application Thread] Entity added to scene
29 Mar 2016, 13:00:27.413 [  FINER] [      FXGL.GameScene] [JavaFX Application Thread] Added MainViewComponent
29 Mar 2016, 13:00:27.414 [  FINER] [       FXGL.EventBus] [JavaFX Application Thread] Firing event: WorldEvent[type=ENTITY_ADDED]
29 Mar 2016, 13:00:27.414 [  FINER] [      FXGL.GameScene] [JavaFX Application Thread] Entity added to scene
29 Mar 2016, 13:00:27.414 [  FINER] [      FXGL.GameScene] [JavaFX Application Thread] Added MainViewComponent
29 Mar 2016, 13:00:27.415 [  FINER] [       FXGL.EventBus] [JavaFX Application Thread] Firing event: WorldEvent[type=ENTITY_ADDED]
29 Mar 2016, 13:00:27.415 [  FINER] [      FXGL.GameScene] [JavaFX Application Thread] Entity added to scene
29 Mar 2016, 13:00:27.415 [  FINER] [      FXGL.GameScene] [JavaFX Application Thread] Added MainViewComponent
29 Mar 2016, 13:00:27.416 [  FINER] [       FXGL.EventBus] [JavaFX Application Thread] Firing event: WorldEvent[type=ENTITY_ADDED]
29 Mar 2016, 13:00:27.416 [  FINER] [      FXGL.GameScene] [JavaFX Application Thread] Entity added to scene
29 Mar 2016, 13:00:27.416 [  FINER] [      FXGL.GameScene] [JavaFX Application Thread] Added MainViewComponent
29 Mar 2016, 13:00:27.416 [  FINER] [       FXGL.EventBus] [JavaFX Application Thread] Firing event: WorldEvent[type=ENTITY_ADDED]
29 Mar 2016, 13:00:27.417 [  FINER] [      FXGL.GameScene] [JavaFX Application Thread] Entity added to scene
29 Mar 2016, 13:00:27.417 [  FINER] [      FXGL.GameScene] [JavaFX Application Thread] Added MainViewComponent
29 Mar 2016, 13:00:27.417 [  FINER] [       FXGL.EventBus] [JavaFX Application Thread] Firing event: WorldEvent[type=ENTITY_ADDED]
29 Mar 2016, 13:00:27.417 [  FINER] [      FXGL.GameScene] [JavaFX Application Thread] Entity added to scene
29 Mar 2016, 13:00:27.418 [  FINER] [      FXGL.GameScene] [JavaFX Application Thread] Added MainViewComponent
29 Mar 2016, 13:00:27.418 [  FINER] [       FXGL.EventBus] [JavaFX Application Thread] Firing event: WorldEvent[type=ENTITY_ADDED]
29 Mar 2016, 13:00:27.418 [  FINER] [      FXGL.GameScene] [JavaFX Application Thread] Entity added to scene
29 Mar 2016, 13:00:27.419 [  FINER] [      FXGL.GameScene] [JavaFX Application Thread] Added MainViewComponent
29 Mar 2016, 13:00:27.419 [  FINER] [       FXGL.EventBus] [JavaFX Application Thread] Firing event: WorldEvent[type=ENTITY_ADDED]
29 Mar 2016, 13:00:27.419 [  FINER] [      FXGL.GameScene] [JavaFX Application Thread] Entity added to scene
29 Mar 2016, 13:00:27.420 [  FINER] [      FXGL.GameScene] [JavaFX Application Thread] Added MainViewComponent
29 Mar 2016, 13:00:27.420 [  FINER] [       FXGL.EventBus] [JavaFX Application Thread] Firing event: WorldEvent[type=ENTITY_ADDED]
29 Mar 2016, 13:00:27.420 [  FINER] [      FXGL.GameScene] [JavaFX Application Thread] Entity added to scene
29 Mar 2016, 13:00:27.420 [  FINER] [      FXGL.GameScene] [JavaFX Application Thread] Added MainViewComponent
29 Mar 2016, 13:00:27.421 [  FINER] [       FXGL.EventBus] [JavaFX Application Thread] Firing event: WorldEvent[type=ENTITY_ADDED]
29 Mar 2016, 13:00:27.421 [  FINER] [      FXGL.GameScene] [JavaFX Application Thread] Entity added to scene
29 Mar 2016, 13:00:27.421 [  FINER] [      FXGL.GameScene] [JavaFX Application Thread] Added MainViewComponent
29 Mar 2016, 13:00:27.422 [  FINER] [       FXGL.EventBus] [JavaFX Application Thread] Firing event: WorldEvent[type=ENTITY_ADDED]
29 Mar 2016, 13:00:27.422 [  FINER] [      FXGL.GameScene] [JavaFX Application Thread] Entity added to scene
29 Mar 2016, 13:00:27.422 [  FINER] [      FXGL.GameScene] [JavaFX Application Thread] Added MainViewComponent
29 Mar 2016, 13:00:27.423 [  FINER] [       FXGL.EventBus] [JavaFX Application Thread] Firing event: WorldEvent[type=ENTITY_ADDED]
29 Mar 2016, 13:00:27.423 [  FINER] [      FXGL.GameScene] [JavaFX Application Thread] Entity added to scene
29 Mar 2016, 13:00:27.423 [  FINER] [      FXGL.GameScene] [JavaFX Application Thread] Added MainViewComponent
29 Mar 2016, 13:00:27.424 [  FINER] [       FXGL.EventBus] [JavaFX Application Thread] Firing event: WorldEvent[type=ENTITY_ADDED]
29 Mar 2016, 13:00:27.424 [  FINER] [      FXGL.GameScene] [JavaFX Application Thread] Entity added to scene
29 Mar 2016, 13:00:27.424 [  FINER] [      FXGL.GameScene] [JavaFX Application Thread] Added MainViewComponent
29 Mar 2016, 13:00:27.425 [  FINER] [       FXGL.EventBus] [JavaFX Application Thread] Firing event: WorldEvent[type=ENTITY_ADDED]
29 Mar 2016, 13:00:27.425 [  FINER] [      FXGL.GameScene] [JavaFX Application Thread] Entity added to scene
29 Mar 2016, 13:00:27.425 [  FINER] [      FXGL.GameScene] [JavaFX Application Thread] Added MainViewComponent
29 Mar 2016, 13:00:27.426 [  FINER] [       FXGL.EventBus] [JavaFX Application Thread] Firing event: WorldEvent[type=ENTITY_ADDED]
29 Mar 2016, 13:00:27.427 [  FINER] [      FXGL.GameScene] [JavaFX Application Thread] Entity added to scene
29 Mar 2016, 13:00:27.427 [  FINER] [      FXGL.GameScene] [JavaFX Application Thread] Added MainViewComponent
29 Mar 2016, 13:00:27.427 [  FINER] [       FXGL.EventBus] [JavaFX Application Thread] Firing event: WorldEvent[type=ENTITY_ADDED]
29 Mar 2016, 13:00:27.428 [  FINER] [      FXGL.GameScene] [JavaFX Application Thread] Entity added to scene
29 Mar 2016, 13:00:27.428 [  FINER] [      FXGL.GameScene] [JavaFX Application Thread] Added MainViewComponent
29 Mar 2016, 13:00:27.428 [  FINER] [       FXGL.EventBus] [JavaFX Application Thread] Firing event: WorldEvent[type=ENTITY_ADDED]
29 Mar 2016, 13:00:27.429 [  FINER] [      FXGL.GameScene] [JavaFX Application Thread] Entity added to scene
29 Mar 2016, 13:00:27.429 [  FINER] [      FXGL.GameScene] [JavaFX Application Thread] Added MainViewComponent
29 Mar 2016, 13:00:27.429 [  FINER] [       FXGL.EventBus] [JavaFX Application Thread] Firing event: WorldEvent[type=ENTITY_ADDED]
29 Mar 2016, 13:00:27.430 [  FINER] [      FXGL.GameScene] [JavaFX Application Thread] Entity added to scene
29 Mar 2016, 13:00:27.430 [  FINER] [      FXGL.GameScene] [JavaFX Application Thread] Added MainViewComponent
29 Mar 2016, 13:00:45.737 [  FINER] [       FXGL.EventBus] [JavaFX Application Thread] Firing event: DisplayEvent[type=DIALOG_OPENED]
29 Mar 2016, 13:00:45.738 [  FINER] [    FXGL.Application] [JavaFX Application Thread] Pausing main loop
29 Mar 2016, 13:00:45.738 [  FINER] [       FXGL.EventBus] [JavaFX Application Thread] Firing event: FXGLEvent[type=PAUSE]
29 Mar 2016, 13:00:45.738 [  FINER] [          FXGL.Input] [JavaFX Application Thread] Clearing active input actions
29 Mar 2016, 13:00:45.738 [  FINER] [    FXGL.MasterTimer] [JavaFX Application Thread] Stopping master timer
29 Mar 2016, 13:00:45.738 [  FINER] [    FXGL.Application] [JavaFX Application Thread] State: PLAYING -> PAUSED
29 Mar 2016, 13:00:45.738 [  FINER] [          FXGL.Input] [JavaFX Application Thread] Clearing active input actions
29 Mar 2016, 13:00:46.670 [  FINER] [       FXGL.EventBus] [JavaFX Application Thread] Firing event: DisplayEvent[type=DIALOG_CLOSED]
29 Mar 2016, 13:00:46.671 [  FINER] [    FXGL.Application] [JavaFX Application Thread] Resuming main loop
29 Mar 2016, 13:00:46.671 [  FINER] [       FXGL.EventBus] [JavaFX Application Thread] Firing event: FXGLEvent[type=RESUME]
29 Mar 2016, 13:00:46.671 [  FINER] [          FXGL.Input] [JavaFX Application Thread] Clearing active input actions
29 Mar 2016, 13:00:46.671 [  FINER] [    FXGL.MasterTimer] [JavaFX Application Thread] Starting master timer
29 Mar 2016, 13:00:46.671 [  FINER] [    FXGL.Application] [JavaFX Application Thread] State: PAUSED -> PLAYING
29 Mar 2016, 13:00:46.672 [  FINER] [       FXGL.EventBus] [JavaFX Application Thread] Firing event: DisplayEvent[type=CLOSE_REQUEST]
29 Mar 2016, 13:00:46.672 [  FINER] [    FXGL.Application] [JavaFX Application Thread] Exiting Normally
29 Mar 2016, 13:00:46.672 [  FINER] [       FXGL.EventBus] [JavaFX Application Thread] Firing event: FXGLEvent[type=EXIT]
29 Mar 2016, 13:00:46.672 [  FINER] [         FXGL.Logger] [JavaFX Application Thread] Logger is closing
