26 Mar 2016, 12:41:13.999 [   INFO] [         FXGL.Logger] [JavaFX Application Thread] Logger initialized with level: CONFIG
26 Mar 2016, 12:41:14.005 [  FINER] [         FXGL.Logger] [JavaFX Application Thread] CPU cores: 4
26 Mar 2016, 12:41:14.011 [  FINER] [         FXGL.Logger] [JavaFX Application Thread] Free Memory: 109MB
26 Mar 2016, 12:41:14.012 [  FINER] [         FXGL.Logger] [JavaFX Application Thread] Max Memory: 1776MB
26 Mar 2016, 12:41:14.013 [  FINER] [         FXGL.Logger] [JavaFX Application Thread] Total Memory: 121MB
26 Mar 2016, 12:41:14.013 [  FINER] [         FXGL.Logger] [JavaFX Application Thread] System Properties:
26 Mar 2016, 12:41:14.015 [  FINER] [         FXGL.Logger] [JavaFX Application Thread] sun.cpu.isalist=amd64
26 Mar 2016, 12:41:14.015 [  FINER] [         FXGL.Logger] [JavaFX Application Thread] sun.desktop=windows
26 Mar 2016, 12:41:14.016 [  FINER] [         FXGL.Logger] [JavaFX Application Thread] sun.io.unicode.encoding=UnicodeLittle
26 Mar 2016, 12:41:14.016 [  FINER] [         FXGL.Logger] [JavaFX Application Thread] sun.cpu.endian=little
26 Mar 2016, 12:41:14.017 [  FINER] [         FXGL.Logger] [JavaFX Application Thread] java.vendor.url.bug=http://bugreport.sun.com/bugreport/
26 Mar 2016, 12:41:14.017 [  FINER] [         FXGL.Logger] [JavaFX Application Thread] file.separator=\
26 Mar 2016, 12:41:14.017 [  FINER] [         FXGL.Logger] [JavaFX Application Thread] java.vendor=Oracle Corporation
26 Mar 2016, 12:41:14.018 [  FINER] [         FXGL.Logger] [JavaFX Application Thread] sun.boot.class.path=C:\Program Files\Java\jre1.8.0_73\lib\resources.jar;C:\Program Files\Java\jre1.8.0_73\lib\rt.jar;C:\Program Files\Java\jre1.8.0_73\lib\sunrsasign.jar;C:\Program Files\Java\jre1.8.0_73\lib\jsse.jar;C:\Program Files\Java\jre1.8.0_73\lib\jce.jar;C:\Program Files\Java\jre1.8.0_73\lib\charsets.jar;C:\Program Files\Java\jre1.8.0_73\lib\jfr.jar;C:\Program Files\Java\jre1.8.0_73\classes
26 Mar 2016, 12:41:14.018 [  FINER] [         FXGL.Logger] [JavaFX Application Thread] java.ext.dirs=C:\Program Files\Java\jre1.8.0_73\lib\ext;C:\Windows\Sun\Java\lib\ext
26 Mar 2016, 12:41:14.018 [  FINER] [         FXGL.Logger] [JavaFX Application Thread] java.version=1.8.0_73
26 Mar 2016, 12:41:14.019 [  FINER] [         FXGL.Logger] [JavaFX Application Thread] java.vm.info=mixed mode
26 Mar 2016, 12:41:14.019 [  FINER] [         FXGL.Logger] [JavaFX Application Thread] awt.toolkit=sun.awt.windows.WToolkit
26 Mar 2016, 12:41:14.020 [  FINER] [         FXGL.Logger] [JavaFX Application Thread] user.language=en
26 Mar 2016, 12:41:14.020 [  FINER] [         FXGL.Logger] [JavaFX Application Thread] java.specification.vendor=Oracle Corporation
26 Mar 2016, 12:41:14.020 [  FINER] [         FXGL.Logger] [JavaFX Application Thread] sun.java.command=SpaceInvaders.SpaceInvadersApp
26 Mar 2016, 12:41:14.021 [  FINER] [         FXGL.Logger] [JavaFX Application Thread] java.home=C:\Program Files\Java\jre1.8.0_73
26 Mar 2016, 12:41:14.021 [  FINER] [         FXGL.Logger] [JavaFX Application Thread] sun.arch.data.model=64
26 Mar 2016, 12:41:14.021 [  FINER] [         FXGL.Logger] [JavaFX Application Thread] java.vm.specification.version=1.8
26 Mar 2016, 12:41:14.022 [  FINER] [         FXGL.Logger] [JavaFX Application Thread] java.class.path=C:\Users\User\Documents\School\spring 2016\github\SpaceInvaders\target\classes;C:\eclipse\plugins\org.junit_4.12.0.v201504281640\junit.jar;C:\eclipse\plugins\org.hamcrest.core_1.3.0.v201303031735.jar;C:\Users\User\.m2\repository\com\github\AlmasB\FXGL\0.2.1-0.2.0-gba5970d-32\FXGL-0.2.1-0.2.0-gba5970d-32.jar;C:\Users\User\.m2\repository\com\google\inject\guice\4.0\guice-4.0.jar;C:\Users\User\.m2\repository\javax\inject\javax.inject\1\javax.inject-1.jar;C:\Users\User\.m2\repository\aopalliance\aopalliance\1.0\aopalliance-1.0.jar;C:\Users\User\.m2\repository\com\google\guava\guava\16.0.1\guava-16.0.1.jar;C:\Users\User\.m2\repository\org\jfxtras\jfxtras-window\8.0-r4\jfxtras-window-8.0-r4.jar;C:\Users\User\.m2\repository\org\jfxtras\jfxtras-common\8.0-r4\jfxtras-common-8.0-r4.jar;C:\Users\User\.m2\repository\com\github\AlmasB\FXEventBus\1.0\FXEventBus-1.0.jar;C:\Users\User\.m2\repository\com\github\AlmasB\Ents\1.0\Ents-1.0.jar;C:\Users\User\.m2\repository\org\apache\logging\log4j\log4j-api\2.5\log4j-api-2.5.jar;C:\Users\User\.m2\repository\org\apache\logging\log4j\log4j-core\2.5\log4j-core-2.5.jar;C:\Users\User\.m2\repository\com\github\AlmasB\AStar\1.0\AStar-1.0.jar
26 Mar 2016, 12:41:14.022 [  FINER] [         FXGL.Logger] [JavaFX Application Thread] user.name=User
26 Mar 2016, 12:41:14.023 [  FINER] [         FXGL.Logger] [JavaFX Application Thread] file.encoding=UTF-8
26 Mar 2016, 12:41:14.030 [  FINER] [         FXGL.Logger] [JavaFX Application Thread] java.specification.version=1.8
26 Mar 2016, 12:41:14.031 [  FINER] [         FXGL.Logger] [JavaFX Application Thread] java.awt.printerjob=sun.awt.windows.WPrinterJob
26 Mar 2016, 12:41:14.031 [  FINER] [         FXGL.Logger] [JavaFX Application Thread] user.timezone=America/New_York
26 Mar 2016, 12:41:14.032 [  FINER] [         FXGL.Logger] [JavaFX Application Thread] user.home=C:\Users\User
26 Mar 2016, 12:41:14.033 [  FINER] [         FXGL.Logger] [JavaFX Application Thread] os.version=6.1
26 Mar 2016, 12:41:14.035 [  FINER] [         FXGL.Logger] [JavaFX Application Thread] sun.management.compiler=HotSpot 64-Bit Tiered Compilers
26 Mar 2016, 12:41:14.035 [  FINER] [         FXGL.Logger] [JavaFX Application Thread] java.specification.name=Java Platform API Specification
26 Mar 2016, 12:41:14.036 [  FINER] [         FXGL.Logger] [JavaFX Application Thread] java.class.version=52.0
26 Mar 2016, 12:41:14.036 [  FINER] [         FXGL.Logger] [JavaFX Application Thread] java.library.path=C:\Program Files\Java\jre1.8.0_73\bin;C:\Windows\Sun\Java\bin;C:\Windows\system32;C:\Windows;C:/Program Files/Java/jre1.8.0_73/bin/server;C:/Program Files/Java/jre1.8.0_73/bin;C:/Program Files/Java/jre1.8.0_73/lib/amd64;C:\ProgramData\Oracle\Java\javapath;C:\Windows\system32;C:\Windows;C:\Windows\System32\Wbem;C:\Windows\System32\WindowsPowerShell\v1.0\;C:\Program Files\nodejs\;C:\Program Files\Microsoft SQL Server\110\Tools\Binn\;C:\Program Files (x86)\Skype\Phone\;C:\Users\User\AppData\Roaming\npm;C:\Program Files\eclipse\java-mars8\eclipse;;.
26 Mar 2016, 12:41:14.036 [  FINER] [         FXGL.Logger] [JavaFX Application Thread] sun.jnu.encoding=Cp1252
26 Mar 2016, 12:41:14.036 [  FINER] [         FXGL.Logger] [JavaFX Application Thread] os.name=Windows 7
26 Mar 2016, 12:41:14.037 [  FINER] [         FXGL.Logger] [JavaFX Application Thread] user.variant=
26 Mar 2016, 12:41:14.040 [  FINER] [         FXGL.Logger] [JavaFX Application Thread] java.vm.specification.vendor=Oracle Corporation
26 Mar 2016, 12:41:14.040 [  FINER] [         FXGL.Logger] [JavaFX Application Thread] java.io.tmpdir=C:\Users\User\AppData\Local\Temp\
26 Mar 2016, 12:41:14.040 [  FINER] [         FXGL.Logger] [JavaFX Application Thread] line.separator=

26 Mar 2016, 12:41:14.041 [  FINER] [         FXGL.Logger] [JavaFX Application Thread] java.endorsed.dirs=C:\Program Files\Java\jre1.8.0_73\lib\endorsed
26 Mar 2016, 12:41:14.041 [  FINER] [         FXGL.Logger] [JavaFX Application Thread] os.arch=amd64
26 Mar 2016, 12:41:14.041 [  FINER] [         FXGL.Logger] [JavaFX Application Thread] javafx.runtime.version=8.0.71-b15
26 Mar 2016, 12:41:14.042 [  FINER] [         FXGL.Logger] [JavaFX Application Thread] java.awt.graphicsenv=sun.awt.Win32GraphicsEnvironment
26 Mar 2016, 12:41:14.042 [  FINER] [         FXGL.Logger] [JavaFX Application Thread] java.runtime.version=1.8.0_73-b02
26 Mar 2016, 12:41:14.042 [  FINER] [         FXGL.Logger] [JavaFX Application Thread] java.vm.specification.name=Java Virtual Machine Specification
26 Mar 2016, 12:41:14.042 [  FINER] [         FXGL.Logger] [JavaFX Application Thread] user.dir=C:\Users\User\Documents\School\spring 2016\github\SpaceInvaders
26 Mar 2016, 12:41:14.043 [  FINER] [         FXGL.Logger] [JavaFX Application Thread] user.country=US
26 Mar 2016, 12:41:14.043 [  FINER] [         FXGL.Logger] [JavaFX Application Thread] user.script=
26 Mar 2016, 12:41:14.043 [  FINER] [         FXGL.Logger] [JavaFX Application Thread] sun.java.launcher=SUN_STANDARD
26 Mar 2016, 12:41:14.046 [  FINER] [         FXGL.Logger] [JavaFX Application Thread] sun.os.patch.level=Service Pack 1
26 Mar 2016, 12:41:14.047 [  FINER] [         FXGL.Logger] [JavaFX Application Thread] java.vm.name=Java HotSpot(TM) 64-Bit Server VM
26 Mar 2016, 12:41:14.048 [  FINER] [         FXGL.Logger] [JavaFX Application Thread] file.encoding.pkg=sun.io
26 Mar 2016, 12:41:14.048 [  FINER] [         FXGL.Logger] [JavaFX Application Thread] path.separator=;
26 Mar 2016, 12:41:14.048 [  FINER] [         FXGL.Logger] [JavaFX Application Thread] java.vm.vendor=Oracle Corporation
26 Mar 2016, 12:41:14.049 [  FINER] [         FXGL.Logger] [JavaFX Application Thread] java.vendor.url=http://java.oracle.com/
26 Mar 2016, 12:41:14.049 [  FINER] [         FXGL.Logger] [JavaFX Application Thread] sun.boot.library.path=C:\Program Files\Java\jre1.8.0_73\bin
26 Mar 2016, 12:41:14.049 [  FINER] [         FXGL.Logger] [JavaFX Application Thread] java.vm.version=25.73-b02
26 Mar 2016, 12:41:14.050 [  FINER] [         FXGL.Logger] [JavaFX Application Thread] java.runtime.name=Java(TM) SE Runtime Environment
26 Mar 2016, 12:41:14.050 [  FINER] [         FXGL.Logger] [JavaFX Application Thread] javafx.version=8.0.71
26 Mar 2016, 12:41:14.056 [   INFO] [        FXGL.Version] [JavaFX Application Thread] FXGL-0.2.1-SNAPSHOT
26 Mar 2016, 12:41:14.057 [   INFO] [        FXGL.Version] [JavaFX Application Thread] Source code and latest builds at: https://github.com/AlmasB/FXGL
26 Mar 2016, 12:41:14.072 [  FINER] [    FXGL.Application] [JavaFX Application Thread] Game_clinit()
26 Mar 2016, 12:41:14.087 [  FINER] [    FXGL.Application] [JavaFX-Launcher] FXGL_init()
26 Mar 2016, 12:41:14.125 [  FINER] [    FXGL.Application] [JavaFX Application Thread] FXGL_start()
26 Mar 2016, 12:41:14.126 [  FINER] [    FXGL.Application] [JavaFX Application Thread] Initializing system properties
26 Mar 2016, 12:41:14.130 [  FINER] [    FXGL.Application] [JavaFX Application Thread] sound.notification = system/notification.wav
26 Mar 2016, 12:41:14.131 [  FINER] [    FXGL.Application] [JavaFX Application Thread] asset.cache.size = 35
26 Mar 2016, 12:41:14.131 [  FINER] [    FXGL.Application] [JavaFX Application Thread] ui.font = Copperplate_Gothic_Light_Regular.ttf
26 Mar 2016, 12:41:14.132 [  FINER] [    FXGL.Application] [JavaFX Application Thread] sound.menu.back = menu/back.wav
26 Mar 2016, 12:41:14.132 [  FINER] [    FXGL.Application] [JavaFX Application Thread] sound.menu.select = menu/select.wav
26 Mar 2016, 12:41:14.133 [  FINER] [    FXGL.Application] [JavaFX Application Thread] physics.ppm = 50
26 Mar 2016, 12:41:14.133 [  FINER] [    FXGL.Application] [JavaFX Application Thread] ui.css = fxgl.css
26 Mar 2016, 12:41:14.134 [  FINER] [    FXGL.Application] [JavaFX Application Thread] ui.icon.name = fxgl_icon.png
26 Mar 2016, 12:41:14.134 [  FINER] [    FXGL.Application] [JavaFX Application Thread] sound.menu.press = menu/press.wav
26 Mar 2016, 12:41:14.134 [  FINER] [    FXGL.Application] [JavaFX Application Thread] Initializing user properties
26 Mar 2016, 12:41:14.135 [   INFO] [    FXGL.Application] [JavaFX Application Thread] User properties not found. Using system
26 Mar 2016, 12:41:14.156 [   INFO] [         FXGL.Logger] [JavaFX Application Thread] Logger level set to: CONFIG
26 Mar 2016, 12:41:14.157 [   INFO] [    FXGL.Application] [JavaFX Application Thread] Application Mode: DEVELOPER
26 Mar 2016, 12:41:15.427 [  FINER] [    FXGL.Application] [JavaFX Application Thread] Services configuration complete
26 Mar 2016, 12:41:15.448 [  FINER] [       FXGL.EventBus] [JavaFX Application Thread] Service [EventBus] initialized
26 Mar 2016, 12:41:15.453 [  FINER] [    FXGL.AssetLoader] [JavaFX Application Thread] Service [AssetLoader] initialized
26 Mar 2016, 12:41:15.459 [  FINER] [    FXGL.AssetLoader] [JavaFX Application Thread] Loading from disk: /assets/sounds/system/notification.wav
26 Mar 2016, 12:41:15.539 [  FINER] [    FXGL.AssetLoader] [JavaFX Application Thread] Loading from disk: /assets/sounds/menu/select.wav
26 Mar 2016, 12:41:15.543 [  FINER] [    FXGL.AssetLoader] [JavaFX Application Thread] Loading from disk: /assets/sounds/menu/back.wav
26 Mar 2016, 12:41:15.548 [  FINER] [    FXGL.AssetLoader] [JavaFX Application Thread] Loading from disk: /assets/sounds/menu/press.wav
26 Mar 2016, 12:41:15.556 [  FINER] [    FXGL.AssetLoader] [JavaFX Application Thread] Loading from disk: /assets/ui/fonts/Copperplate_Gothic_Light_Regular.ttf
26 Mar 2016, 12:41:15.821 [  FINER] [    FXGL.AssetLoader] [JavaFX Application Thread] Loading from disk: /assets/ui/css/fxgl.css
26 Mar 2016, 12:41:15.822 [  FINER] [    FXGL.AssetLoader] [JavaFX Application Thread] Loading from disk: /assets/ui/icons/fxgl_icon.png
26 Mar 2016, 12:41:15.909 [  FINER] [    FXGL.AssetLoader] [JavaFX Application Thread] Loading from disk: /assets/ui/css/fxgl_dark.css
26 Mar 2016, 12:41:16.038 [  FINER] [        FXGL.Display] [JavaFX Application Thread] Target size: 480.0x600.0@1.0
26 Mar 2016, 12:41:16.039 [  FINER] [        FXGL.Display] [JavaFX Application Thread] New size:    480.0x600.0@1.0
26 Mar 2016, 12:41:16.042 [  FINER] [        FXGL.Display] [JavaFX Application Thread] Service [Display] initialized
26 Mar 2016, 12:41:16.042 [  FINER] [        FXGL.Display] [JavaFX Application Thread] Using CSS: CSS[jar:file:/C:/Users/User/.m2/repository/com/github/AlmasB/FXGL/0.2.1-0.2.0-gba5970d-32/FXGL-0.2.1-0.2.0-gba5970d-32.jar!/assets/ui/css/fxgl_dark.css]
26 Mar 2016, 12:41:16.047 [  FINER] [          FXGL.Input] [JavaFX Application Thread] Service [Input] initialized
26 Mar 2016, 12:41:16.052 [  FINER] [    FXGL.AudioPlayer] [JavaFX Application Thread] Service [AudioPlayer] initialized
26 Mar 2016, 12:41:16.061 [  FINER] [    FXGL.MasterTimer] [JavaFX Application Thread] Service [MasterTimer] initialized
26 Mar 2016, 12:41:16.088 [  FINER] [      FXGL.GameScene] [JavaFX Application Thread] Game scene initialized
26 Mar 2016, 12:41:16.090 [  FINER] [FXGL.NotificationSer] [JavaFX Application Thread] Service [NotificationService] initialized
26 Mar 2016, 12:41:16.683 [  FINER] [      FXGL.GameWorld] [JavaFX Application Thread] Game world initialized
26 Mar 2016, 12:41:16.745 [  FINER] [   FXGL.PhysicsWorld] [JavaFX Application Thread] Physics world initialized
26 Mar 2016, 12:41:16.866 [  FINER] [    FXGL.Application] [JavaFX Application Thread] Game_start()
26 Mar 2016, 12:41:16.885 [  FINER] [          FXGL.Input] [JavaFX Application Thread] Registered new binding: Move Left A
26 Mar 2016, 12:41:16.887 [  FINER] [          FXGL.Input] [JavaFX Application Thread] Registered new binding: Shoot Space
26 Mar 2016, 12:41:16.887 [  FINER] [          FXGL.Input] [JavaFX Application Thread] Registered new binding: Move Right D
26 Mar 2016, 12:41:16.890 [  FINER] [    FXGL.Application] [JavaFX Application Thread] Saving data to profile
26 Mar 2016, 12:41:16.891 [  FINER] [    FXGL.UserProfile] [JavaFX Application Thread] Logging bundle: game
26 Mar 2016, 12:41:16.893 [  FINER] [    FXGL.UserProfile] [JavaFX Application Thread] game.playtime=2805783691
26 Mar 2016, 12:41:16.893 [  FINER] [       FXGL.EventBus] [JavaFX Application Thread] Firing event: SaveEvent
26 Mar 2016, 12:41:16.896 [  FINER] [        FXGL.Display] [JavaFX Application Thread] Saving data to profile
26 Mar 2016, 12:41:16.897 [  FINER] [    FXGL.UserProfile] [JavaFX Application Thread] Logging bundle: scene
26 Mar 2016, 12:41:16.898 [  FINER] [    FXGL.UserProfile] [JavaFX Application Thread] scene.sizeW=480.0
26 Mar 2016, 12:41:16.898 [  FINER] [    FXGL.UserProfile] [JavaFX Application Thread] scene.sizeH=600.0
26 Mar 2016, 12:41:16.899 [  FINER] [          FXGL.Input] [JavaFX Application Thread] Saving data to profile
26 Mar 2016, 12:41:16.899 [  FINER] [    FXGL.UserProfile] [JavaFX Application Thread] Logging bundle: input
26 Mar 2016, 12:41:16.900 [  FINER] [    FXGL.UserProfile] [JavaFX Application Thread] input.Shoot=Space
26 Mar 2016, 12:41:16.900 [  FINER] [    FXGL.UserProfile] [JavaFX Application Thread] input.Move Right=D
26 Mar 2016, 12:41:16.900 [  FINER] [    FXGL.UserProfile] [JavaFX Application Thread] input.Move Left=A
26 Mar 2016, 12:41:16.901 [  FINER] [    FXGL.AudioPlayer] [JavaFX Application Thread] Saving data to profile
26 Mar 2016, 12:41:16.901 [  FINER] [    FXGL.UserProfile] [JavaFX Application Thread] Logging bundle: audio
26 Mar 2016, 12:41:16.904 [  FINER] [    FXGL.UserProfile] [JavaFX Application Thread] audio.musicVolume=0.5
26 Mar 2016, 12:41:16.904 [  FINER] [    FXGL.UserProfile] [JavaFX Application Thread] audio.soundVolume=0.5
26 Mar 2016, 12:41:16.905 [  FINER] [FXGL.AchievementMana] [JavaFX Application Thread] Saving data to profile
26 Mar 2016, 12:41:16.906 [  FINER] [    FXGL.UserProfile] [JavaFX Application Thread] Logging bundle: achievement
26 Mar 2016, 12:41:16.907 [  FINER] [    FXGL.Application] [JavaFX Application Thread] Starting new game
26 Mar 2016, 12:41:16.916 [  FINER] [    FXGL.Application] [JavaFX Application Thread] Initializing App
26 Mar 2016, 12:41:16.916 [  FINER] [    FXGL.Application] [JavaFX Application Thread] Pausing main loop
26 Mar 2016, 12:41:16.916 [  FINER] [       FXGL.EventBus] [JavaFX Application Thread] Firing event: FXGLEvent[type=PAUSE]
26 Mar 2016, 12:41:16.917 [  FINER] [          FXGL.Input] [JavaFX Application Thread] Clearing active input actions
26 Mar 2016, 12:41:16.921 [  FINER] [    FXGL.MasterTimer] [JavaFX Application Thread] Stopping master timer
26 Mar 2016, 12:41:16.923 [  FINER] [    FXGL.Application] [JavaFX Application Thread] State: STARTUP -> PAUSED
26 Mar 2016, 12:41:16.924 [  FINER] [    FXGL.Application] [JavaFX Application Thread] Resetting FXGL application
26 Mar 2016, 12:41:16.924 [  FINER] [       FXGL.EventBus] [JavaFX Application Thread] Firing event: FXGLEvent[type=RESET]
26 Mar 2016, 12:41:16.925 [  FINER] [          FXGL.Input] [JavaFX Application Thread] Clearing active input actions
26 Mar 2016, 12:41:16.925 [  FINER] [    FXGL.MasterTimer] [JavaFX Application Thread] Resetting ticks to 0
26 Mar 2016, 12:41:16.925 [  FINER] [    FXGL.MasterTimer] [JavaFX Application Thread] Clearing all scheduled actions
26 Mar 2016, 12:41:16.926 [  FINER] [      FXGL.GameScene] [JavaFX Application Thread] Resetting game scene
26 Mar 2016, 12:41:16.930 [  FINER] [      FXGL.GameWorld] [JavaFX Application Thread] Resetting game world
26 Mar 2016, 12:41:16.935 [  FINER] [    FXGL.Application] [JavaFX Application Thread] State: PAUSED -> LOADING
26 Mar 2016, 12:41:17.009 [  FINER] [    FXGL.Application] [JavaFX Application Thread] Starting FXGL Init Thread
26 Mar 2016, 12:41:17.070 [  FINER] [    FXGL.Application] [FXGL Init Thread] Initializing Assets
26 Mar 2016, 12:41:17.080 [  FINER] [    FXGL.AssetLoader] [FXGL Init Thread] Loading from disk: /assets/textures/bullet_red.png
26 Mar 2016, 12:41:17.087 [  FINER] [    FXGL.AssetLoader] [FXGL Init Thread] Loading from disk: /assets/textures/enemy.png
26 Mar 2016, 12:41:17.089 [  FINER] [    FXGL.AssetLoader] [FXGL Init Thread] Loading from disk: /assets/textures/enemyReduced.png
26 Mar 2016, 12:41:17.091 [  FINER] [    FXGL.AssetLoader] [FXGL Init Thread] Loading from disk: /assets/textures/enemyReduced1.png
26 Mar 2016, 12:41:17.093 [  FINER] [    FXGL.AssetLoader] [FXGL Init Thread] Loading from disk: /assets/textures/enemyReduced2.png
26 Mar 2016, 12:41:17.095 [  FINER] [    FXGL.AssetLoader] [FXGL Init Thread] Loading from disk: /assets/textures/enemyReduced3.png
26 Mar 2016, 12:41:17.097 [  FINER] [    FXGL.AssetLoader] [FXGL Init Thread] Loading from disk: /assets/textures/life.png
26 Mar 2016, 12:41:17.100 [  FINER] [    FXGL.AssetLoader] [FXGL Init Thread] Loading from disk: /assets/textures/spaceship.png
26 Mar 2016, 12:41:17.120 [  FINER] [    FXGL.AssetLoader] [FXGL Init Thread] Loading from disk: /assets/textures/spaceshipReduced.png
26 Mar 2016, 12:41:17.122 [  FINER] [    FXGL.AssetLoader] [FXGL Init Thread] Loading from disk: /assets/textures/text.png
26 Mar 2016, 12:41:17.197 [  FINER] [    FXGL.AssetLoader] [FXGL Init Thread] Loading from disk: /assets/textures/wall.png
26 Mar 2016, 12:41:17.220 [  FINER] [    FXGL.AssetLoader] [FXGL Init Thread] Loading from disk: /assets/music/bgm.mp3
26 Mar 2016, 12:41:17.677 [  FINER] [    FXGL.AssetLoader] [FXGL Init Thread] Loading from cache: /assets/ui/fonts/Copperplate_Gothic_Light_Regular.ttf
26 Mar 2016, 12:41:17.734 [  FINER] [    FXGL.Application] [JavaFX Application Thread] Showing stage
26 Mar 2016, 12:41:17.735 [  FINER] [    FXGL.Application] [JavaFX Application Thread] Root size: 480.0x600.0
26 Mar 2016, 12:41:17.735 [  FINER] [    FXGL.Application] [JavaFX Application Thread] Scene size: 480.0x600.0
26 Mar 2016, 12:41:17.736 [  FINER] [    FXGL.Application] [JavaFX Application Thread] Stage size: 486.0x628.0
26 Mar 2016, 12:41:17.748 [  FINER] [    FXGL.Application] [FXGL Init Thread] Initializing Game
26 Mar 2016, 12:41:17.827 [  FINER] [    FXGL.AssetLoader] [FXGL Init Thread] Loading from cache: /assets/textures/enemyReduced1.png
26 Mar 2016, 12:41:17.842 [  FINER] [    FXGL.AssetLoader] [FXGL Init Thread] Loading from cache: /assets/textures/enemyReduced3.png
26 Mar 2016, 12:41:17.845 [  FINER] [    FXGL.AssetLoader] [FXGL Init Thread] Loading from cache: /assets/textures/enemyReduced3.png
26 Mar 2016, 12:41:17.847 [  FINER] [    FXGL.AssetLoader] [FXGL Init Thread] Loading from cache: /assets/textures/enemyReduced3.png
26 Mar 2016, 12:41:17.849 [  FINER] [    FXGL.AssetLoader] [FXGL Init Thread] Loading from cache: /assets/textures/enemyReduced3.png
26 Mar 2016, 12:41:17.851 [  FINER] [    FXGL.AssetLoader] [FXGL Init Thread] Loading from cache: /assets/textures/enemyReduced2.png
26 Mar 2016, 12:41:17.854 [  FINER] [    FXGL.AssetLoader] [FXGL Init Thread] Loading from cache: /assets/textures/enemyReduced2.png
26 Mar 2016, 12:41:17.856 [  FINER] [    FXGL.AssetLoader] [FXGL Init Thread] Loading from cache: /assets/textures/enemyReduced2.png
26 Mar 2016, 12:41:17.860 [  FINER] [    FXGL.AssetLoader] [FXGL Init Thread] Loading from cache: /assets/textures/enemyReduced1.png
26 Mar 2016, 12:41:17.863 [  FINER] [    FXGL.AssetLoader] [FXGL Init Thread] Loading from cache: /assets/textures/enemyReduced1.png
26 Mar 2016, 12:41:17.866 [  FINER] [    FXGL.AssetLoader] [FXGL Init Thread] Loading from cache: /assets/textures/enemyReduced2.png
26 Mar 2016, 12:41:17.868 [  FINER] [    FXGL.AssetLoader] [FXGL Init Thread] Loading from cache: /assets/textures/enemyReduced3.png
26 Mar 2016, 12:41:17.870 [  FINER] [    FXGL.AssetLoader] [FXGL Init Thread] Loading from cache: /assets/textures/enemyReduced1.png
26 Mar 2016, 12:41:17.872 [  FINER] [    FXGL.AssetLoader] [FXGL Init Thread] Loading from cache: /assets/textures/enemyReduced2.png
26 Mar 2016, 12:41:17.874 [  FINER] [    FXGL.AssetLoader] [FXGL Init Thread] Loading from cache: /assets/textures/enemyReduced1.png
26 Mar 2016, 12:41:17.876 [  FINER] [    FXGL.AssetLoader] [FXGL Init Thread] Loading from cache: /assets/textures/enemyReduced2.png
26 Mar 2016, 12:41:17.878 [  FINER] [    FXGL.AssetLoader] [FXGL Init Thread] Loading from cache: /assets/textures/enemyReduced1.png
26 Mar 2016, 12:41:17.879 [  FINER] [    FXGL.AssetLoader] [FXGL Init Thread] Loading from cache: /assets/textures/enemyReduced2.png
26 Mar 2016, 12:41:17.881 [  FINER] [    FXGL.AssetLoader] [FXGL Init Thread] Loading from cache: /assets/textures/enemyReduced1.png
26 Mar 2016, 12:41:17.883 [  FINER] [    FXGL.AssetLoader] [FXGL Init Thread] Loading from cache: /assets/textures/enemyReduced1.png
26 Mar 2016, 12:41:17.886 [  FINER] [    FXGL.AssetLoader] [FXGL Init Thread] Loading from cache: /assets/textures/enemyReduced3.png
26 Mar 2016, 12:41:17.888 [  FINER] [    FXGL.AssetLoader] [FXGL Init Thread] Loading from cache: /assets/textures/enemyReduced2.png
26 Mar 2016, 12:41:17.889 [  FINER] [    FXGL.AssetLoader] [FXGL Init Thread] Loading from cache: /assets/textures/enemyReduced1.png
26 Mar 2016, 12:41:17.891 [  FINER] [    FXGL.AssetLoader] [FXGL Init Thread] Loading from cache: /assets/textures/enemyReduced3.png
26 Mar 2016, 12:41:17.893 [  FINER] [    FXGL.AssetLoader] [FXGL Init Thread] Loading from cache: /assets/textures/enemyReduced1.png
26 Mar 2016, 12:41:17.897 [  FINER] [    FXGL.AssetLoader] [FXGL Init Thread] Loading from cache: /assets/textures/enemyReduced2.png
26 Mar 2016, 12:41:17.901 [  FINER] [    FXGL.AssetLoader] [FXGL Init Thread] Loading from cache: /assets/textures/enemyReduced2.png
26 Mar 2016, 12:41:17.902 [  FINER] [    FXGL.AssetLoader] [FXGL Init Thread] Loading from cache: /assets/textures/enemyReduced3.png
26 Mar 2016, 12:41:17.904 [  FINER] [    FXGL.AssetLoader] [FXGL Init Thread] Loading from cache: /assets/textures/enemyReduced2.png
26 Mar 2016, 12:41:17.906 [  FINER] [    FXGL.AssetLoader] [FXGL Init Thread] Loading from cache: /assets/textures/enemyReduced3.png
26 Mar 2016, 12:41:17.908 [  FINER] [    FXGL.AssetLoader] [FXGL Init Thread] Loading from cache: /assets/textures/enemyReduced1.png
26 Mar 2016, 12:41:17.910 [  FINER] [    FXGL.AssetLoader] [FXGL Init Thread] Loading from cache: /assets/textures/enemyReduced3.png
26 Mar 2016, 12:41:17.912 [  FINER] [    FXGL.AssetLoader] [FXGL Init Thread] Loading from cache: /assets/textures/enemyReduced1.png
26 Mar 2016, 12:41:17.913 [  FINER] [    FXGL.AssetLoader] [FXGL Init Thread] Loading from cache: /assets/textures/enemyReduced1.png
26 Mar 2016, 12:41:17.915 [  FINER] [    FXGL.AssetLoader] [FXGL Init Thread] Loading from cache: /assets/textures/enemyReduced1.png
26 Mar 2016, 12:41:17.917 [  FINER] [    FXGL.AssetLoader] [FXGL Init Thread] Loading from cache: /assets/textures/enemyReduced3.png
26 Mar 2016, 12:41:17.941 [  FINER] [    FXGL.AssetLoader] [FXGL Init Thread] Loading from cache: /assets/textures/enemyReduced3.png
26 Mar 2016, 12:41:17.944 [  FINER] [    FXGL.AssetLoader] [FXGL Init Thread] Loading from cache: /assets/textures/enemyReduced2.png
26 Mar 2016, 12:41:17.949 [  FINER] [    FXGL.AssetLoader] [FXGL Init Thread] Loading from cache: /assets/textures/enemyReduced2.png
26 Mar 2016, 12:41:17.958 [  FINER] [    FXGL.AssetLoader] [FXGL Init Thread] Loading from cache: /assets/textures/enemyReduced1.png
26 Mar 2016, 12:41:17.975 [  FINER] [    FXGL.AssetLoader] [FXGL Init Thread] Loading from cache: /assets/textures/wall.png
26 Mar 2016, 12:41:17.977 [  FINER] [    FXGL.AssetLoader] [FXGL Init Thread] Loading from cache: /assets/textures/wall.png
26 Mar 2016, 12:41:17.979 [  FINER] [    FXGL.AssetLoader] [FXGL Init Thread] Loading from cache: /assets/textures/wall.png
26 Mar 2016, 12:41:17.979 [  FINER] [    FXGL.AssetLoader] [FXGL Init Thread] Loading from cache: /assets/textures/wall.png
26 Mar 2016, 12:41:17.980 [  FINER] [    FXGL.AssetLoader] [FXGL Init Thread] Loading from cache: /assets/textures/spaceshipReduced.png
26 Mar 2016, 12:41:17.983 [  FINER] [    FXGL.Application] [FXGL Init Thread] Initializing Physics
26 Mar 2016, 12:41:17.985 [  FINER] [    FXGL.Application] [FXGL Init Thread] Initializing UI
26 Mar 2016, 12:41:17.996 [  FINER] [    FXGL.Application] [FXGL Init Thread] Initialization Complete
26 Mar 2016, 12:41:17.998 [  FINER] [       FXGL.EventBus] [JavaFX Application Thread] Firing event: FXGLEvent[type=INIT_APP_COMPLETE]
26 Mar 2016, 12:41:17.998 [  FINER] [    FXGL.Application] [JavaFX Application Thread] Resuming main loop
26 Mar 2016, 12:41:17.999 [  FINER] [       FXGL.EventBus] [JavaFX Application Thread] Firing event: FXGLEvent[type=RESUME]
26 Mar 2016, 12:41:17.999 [  FINER] [          FXGL.Input] [JavaFX Application Thread] Clearing active input actions
26 Mar 2016, 12:41:17.999 [  FINER] [    FXGL.MasterTimer] [JavaFX Application Thread] Starting master timer
26 Mar 2016, 12:41:18.000 [  FINER] [    FXGL.Application] [JavaFX Application Thread] State: LOADING -> PLAYING
26 Mar 2016, 12:41:18.029 [  FINER] [       FXGL.EventBus] [JavaFX Application Thread] Firing event: WorldEvent[type=ENTITY_ADDED]
26 Mar 2016, 12:41:18.030 [  FINER] [      FXGL.GameScene] [JavaFX Application Thread] Entity added to scene
26 Mar 2016, 12:41:18.033 [  FINER] [      FXGL.GameScene] [JavaFX Application Thread] Added MainViewComponent
26 Mar 2016, 12:41:18.057 [  FINER] [      FXGL.GameScene] [JavaFX Application Thread] Creating render group for layer: TOP(2147483647)
26 Mar 2016, 12:41:18.075 [  FINER] [       FXGL.EventBus] [JavaFX Application Thread] Firing event: WorldEvent[type=ENTITY_ADDED]
26 Mar 2016, 12:41:18.076 [  FINER] [      FXGL.GameScene] [JavaFX Application Thread] Entity added to scene
26 Mar 2016, 12:41:18.076 [  FINER] [      FXGL.GameScene] [JavaFX Application Thread] Added MainViewComponent
26 Mar 2016, 12:41:18.077 [  FINER] [       FXGL.EventBus] [JavaFX Application Thread] Firing event: WorldEvent[type=ENTITY_ADDED]
26 Mar 2016, 12:41:18.077 [  FINER] [      FXGL.GameScene] [JavaFX Application Thread] Entity added to scene
26 Mar 2016, 12:41:18.078 [  FINER] [      FXGL.GameScene] [JavaFX Application Thread] Added MainViewComponent
26 Mar 2016, 12:41:18.078 [  FINER] [       FXGL.EventBus] [JavaFX Application Thread] Firing event: WorldEvent[type=ENTITY_ADDED]
26 Mar 2016, 12:41:18.079 [  FINER] [      FXGL.GameScene] [JavaFX Application Thread] Entity added to scene
26 Mar 2016, 12:41:18.079 [  FINER] [      FXGL.GameScene] [JavaFX Application Thread] Added MainViewComponent
26 Mar 2016, 12:41:18.080 [  FINER] [       FXGL.EventBus] [JavaFX Application Thread] Firing event: WorldEvent[type=ENTITY_ADDED]
26 Mar 2016, 12:41:18.080 [  FINER] [      FXGL.GameScene] [JavaFX Application Thread] Entity added to scene
26 Mar 2016, 12:41:18.080 [  FINER] [      FXGL.GameScene] [JavaFX Application Thread] Added MainViewComponent
26 Mar 2016, 12:41:18.081 [  FINER] [       FXGL.EventBus] [JavaFX Application Thread] Firing event: WorldEvent[type=ENTITY_ADDED]
26 Mar 2016, 12:41:18.082 [  FINER] [      FXGL.GameScene] [JavaFX Application Thread] Entity added to scene
26 Mar 2016, 12:41:18.082 [  FINER] [      FXGL.GameScene] [JavaFX Application Thread] Added MainViewComponent
26 Mar 2016, 12:41:18.082 [  FINER] [       FXGL.EventBus] [JavaFX Application Thread] Firing event: WorldEvent[type=ENTITY_ADDED]
26 Mar 2016, 12:41:18.083 [  FINER] [      FXGL.GameScene] [JavaFX Application Thread] Entity added to scene
26 Mar 2016, 12:41:18.083 [  FINER] [      FXGL.GameScene] [JavaFX Application Thread] Added MainViewComponent
26 Mar 2016, 12:41:18.084 [  FINER] [       FXGL.EventBus] [JavaFX Application Thread] Firing event: WorldEvent[type=ENTITY_ADDED]
26 Mar 2016, 12:41:18.084 [  FINER] [      FXGL.GameScene] [JavaFX Application Thread] Entity added to scene
26 Mar 2016, 12:41:18.084 [  FINER] [      FXGL.GameScene] [JavaFX Application Thread] Added MainViewComponent
26 Mar 2016, 12:41:18.085 [  FINER] [       FXGL.EventBus] [JavaFX Application Thread] Firing event: WorldEvent[type=ENTITY_ADDED]
26 Mar 2016, 12:41:18.085 [  FINER] [      FXGL.GameScene] [JavaFX Application Thread] Entity added to scene
26 Mar 2016, 12:41:18.086 [  FINER] [      FXGL.GameScene] [JavaFX Application Thread] Added MainViewComponent
26 Mar 2016, 12:41:18.088 [  FINER] [       FXGL.EventBus] [JavaFX Application Thread] Firing event: WorldEvent[type=ENTITY_ADDED]
26 Mar 2016, 12:41:18.089 [  FINER] [      FXGL.GameScene] [JavaFX Application Thread] Entity added to scene
26 Mar 2016, 12:41:18.089 [  FINER] [      FXGL.GameScene] [JavaFX Application Thread] Added MainViewComponent
26 Mar 2016, 12:41:18.090 [  FINER] [       FXGL.EventBus] [JavaFX Application Thread] Firing event: WorldEvent[type=ENTITY_ADDED]
26 Mar 2016, 12:41:18.091 [  FINER] [      FXGL.GameScene] [JavaFX Application Thread] Entity added to scene
26 Mar 2016, 12:41:18.093 [  FINER] [      FXGL.GameScene] [JavaFX Application Thread] Added MainViewComponent
26 Mar 2016, 12:41:18.094 [  FINER] [       FXGL.EventBus] [JavaFX Application Thread] Firing event: WorldEvent[type=ENTITY_ADDED]
26 Mar 2016, 12:41:18.099 [  FINER] [      FXGL.GameScene] [JavaFX Application Thread] Entity added to scene
26 Mar 2016, 12:41:18.099 [  FINER] [      FXGL.GameScene] [JavaFX Application Thread] Added MainViewComponent
26 Mar 2016, 12:41:18.105 [  FINER] [       FXGL.EventBus] [JavaFX Application Thread] Firing event: WorldEvent[type=ENTITY_ADDED]
26 Mar 2016, 12:41:18.106 [  FINER] [      FXGL.GameScene] [JavaFX Application Thread] Entity added to scene
26 Mar 2016, 12:41:18.106 [  FINER] [      FXGL.GameScene] [JavaFX Application Thread] Added MainViewComponent
26 Mar 2016, 12:41:18.107 [  FINER] [       FXGL.EventBus] [JavaFX Application Thread] Firing event: WorldEvent[type=ENTITY_ADDED]
26 Mar 2016, 12:41:18.107 [  FINER] [      FXGL.GameScene] [JavaFX Application Thread] Entity added to scene
26 Mar 2016, 12:41:18.108 [  FINER] [      FXGL.GameScene] [JavaFX Application Thread] Added MainViewComponent
26 Mar 2016, 12:41:18.108 [  FINER] [       FXGL.EventBus] [JavaFX Application Thread] Firing event: WorldEvent[type=ENTITY_ADDED]
26 Mar 2016, 12:41:18.109 [  FINER] [      FXGL.GameScene] [JavaFX Application Thread] Entity added to scene
26 Mar 2016, 12:41:18.109 [  FINER] [      FXGL.GameScene] [JavaFX Application Thread] Added MainViewComponent
26 Mar 2016, 12:41:18.110 [  FINER] [       FXGL.EventBus] [JavaFX Application Thread] Firing event: WorldEvent[type=ENTITY_ADDED]
26 Mar 2016, 12:41:18.110 [  FINER] [      FXGL.GameScene] [JavaFX Application Thread] Entity added to scene
26 Mar 2016, 12:41:18.110 [  FINER] [      FXGL.GameScene] [JavaFX Application Thread] Added MainViewComponent
26 Mar 2016, 12:41:18.111 [  FINER] [       FXGL.EventBus] [JavaFX Application Thread] Firing event: WorldEvent[type=ENTITY_ADDED]
26 Mar 2016, 12:41:18.112 [  FINER] [      FXGL.GameScene] [JavaFX Application Thread] Entity added to scene
26 Mar 2016, 12:41:18.112 [  FINER] [      FXGL.GameScene] [JavaFX Application Thread] Added MainViewComponent
26 Mar 2016, 12:41:18.112 [  FINER] [       FXGL.EventBus] [JavaFX Application Thread] Firing event: WorldEvent[type=ENTITY_ADDED]
26 Mar 2016, 12:41:18.113 [  FINER] [      FXGL.GameScene] [JavaFX Application Thread] Entity added to scene
26 Mar 2016, 12:41:18.113 [  FINER] [      FXGL.GameScene] [JavaFX Application Thread] Added MainViewComponent
26 Mar 2016, 12:41:18.114 [  FINER] [       FXGL.EventBus] [JavaFX Application Thread] Firing event: WorldEvent[type=ENTITY_ADDED]
26 Mar 2016, 12:41:18.114 [  FINER] [      FXGL.GameScene] [JavaFX Application Thread] Entity added to scene
26 Mar 2016, 12:41:18.114 [  FINER] [      FXGL.GameScene] [JavaFX Application Thread] Added MainViewComponent
26 Mar 2016, 12:41:18.115 [  FINER] [       FXGL.EventBus] [JavaFX Application Thread] Firing event: WorldEvent[type=ENTITY_ADDED]
26 Mar 2016, 12:41:18.115 [  FINER] [      FXGL.GameScene] [JavaFX Application Thread] Entity added to scene
26 Mar 2016, 12:41:18.115 [  FINER] [      FXGL.GameScene] [JavaFX Application Thread] Added MainViewComponent
26 Mar 2016, 12:41:18.116 [  FINER] [       FXGL.EventBus] [JavaFX Application Thread] Firing event: WorldEvent[type=ENTITY_ADDED]
26 Mar 2016, 12:41:18.116 [  FINER] [      FXGL.GameScene] [JavaFX Application Thread] Entity added to scene
26 Mar 2016, 12:41:18.117 [  FINER] [      FXGL.GameScene] [JavaFX Application Thread] Added MainViewComponent
26 Mar 2016, 12:41:18.117 [  FINER] [       FXGL.EventBus] [JavaFX Application Thread] Firing event: WorldEvent[type=ENTITY_ADDED]
26 Mar 2016, 12:41:18.118 [  FINER] [      FXGL.GameScene] [JavaFX Application Thread] Entity added to scene
26 Mar 2016, 12:41:18.119 [  FINER] [      FXGL.GameScene] [JavaFX Application Thread] Added MainViewComponent
26 Mar 2016, 12:41:18.120 [  FINER] [       FXGL.EventBus] [JavaFX Application Thread] Firing event: WorldEvent[type=ENTITY_ADDED]
26 Mar 2016, 12:41:18.120 [  FINER] [      FXGL.GameScene] [JavaFX Application Thread] Entity added to scene
26 Mar 2016, 12:41:18.120 [  FINER] [      FXGL.GameScene] [JavaFX Application Thread] Added MainViewComponent
26 Mar 2016, 12:41:18.121 [  FINER] [       FXGL.EventBus] [JavaFX Application Thread] Firing event: WorldEvent[type=ENTITY_ADDED]
26 Mar 2016, 12:41:18.122 [  FINER] [      FXGL.GameScene] [JavaFX Application Thread] Entity added to scene
26 Mar 2016, 12:41:18.122 [  FINER] [      FXGL.GameScene] [JavaFX Application Thread] Added MainViewComponent
26 Mar 2016, 12:41:18.123 [  FINER] [       FXGL.EventBus] [JavaFX Application Thread] Firing event: WorldEvent[type=ENTITY_ADDED]
26 Mar 2016, 12:41:18.123 [  FINER] [      FXGL.GameScene] [JavaFX Application Thread] Entity added to scene
26 Mar 2016, 12:41:18.123 [  FINER] [      FXGL.GameScene] [JavaFX Application Thread] Added MainViewComponent
26 Mar 2016, 12:41:18.124 [  FINER] [       FXGL.EventBus] [JavaFX Application Thread] Firing event: WorldEvent[type=ENTITY_ADDED]
26 Mar 2016, 12:41:18.124 [  FINER] [      FXGL.GameScene] [JavaFX Application Thread] Entity added to scene
26 Mar 2016, 12:41:18.125 [  FINER] [      FXGL.GameScene] [JavaFX Application Thread] Added MainViewComponent
26 Mar 2016, 12:41:18.125 [  FINER] [       FXGL.EventBus] [JavaFX Application Thread] Firing event: WorldEvent[type=ENTITY_ADDED]
26 Mar 2016, 12:41:18.126 [  FINER] [      FXGL.GameScene] [JavaFX Application Thread] Entity added to scene
26 Mar 2016, 12:41:18.126 [  FINER] [      FXGL.GameScene] [JavaFX Application Thread] Added MainViewComponent
26 Mar 2016, 12:41:18.127 [  FINER] [       FXGL.EventBus] [JavaFX Application Thread] Firing event: WorldEvent[type=ENTITY_ADDED]
26 Mar 2016, 12:41:18.127 [  FINER] [      FXGL.GameScene] [JavaFX Application Thread] Entity added to scene
26 Mar 2016, 12:41:18.127 [  FINER] [      FXGL.GameScene] [JavaFX Application Thread] Added MainViewComponent
26 Mar 2016, 12:41:18.128 [  FINER] [       FXGL.EventBus] [JavaFX Application Thread] Firing event: WorldEvent[type=ENTITY_ADDED]
26 Mar 2016, 12:41:18.129 [  FINER] [      FXGL.GameScene] [JavaFX Application Thread] Entity added to scene
26 Mar 2016, 12:41:18.129 [  FINER] [      FXGL.GameScene] [JavaFX Application Thread] Added MainViewComponent
26 Mar 2016, 12:41:18.130 [  FINER] [       FXGL.EventBus] [JavaFX Application Thread] Firing event: WorldEvent[type=ENTITY_ADDED]
26 Mar 2016, 12:41:18.130 [  FINER] [      FXGL.GameScene] [JavaFX Application Thread] Entity added to scene
26 Mar 2016, 12:41:18.130 [  FINER] [      FXGL.GameScene] [JavaFX Application Thread] Added MainViewComponent
26 Mar 2016, 12:41:18.131 [  FINER] [       FXGL.EventBus] [JavaFX Application Thread] Firing event: WorldEvent[type=ENTITY_ADDED]
26 Mar 2016, 12:41:18.132 [  FINER] [      FXGL.GameScene] [JavaFX Application Thread] Entity added to scene
26 Mar 2016, 12:41:18.132 [  FINER] [      FXGL.GameScene] [JavaFX Application Thread] Added MainViewComponent
26 Mar 2016, 12:41:18.132 [  FINER] [       FXGL.EventBus] [JavaFX Application Thread] Firing event: WorldEvent[type=ENTITY_ADDED]
26 Mar 2016, 12:41:18.133 [  FINER] [      FXGL.GameScene] [JavaFX Application Thread] Entity added to scene
26 Mar 2016, 12:41:18.133 [  FINER] [      FXGL.GameScene] [JavaFX Application Thread] Added MainViewComponent
26 Mar 2016, 12:41:18.134 [  FINER] [       FXGL.EventBus] [JavaFX Application Thread] Firing event: WorldEvent[type=ENTITY_ADDED]
26 Mar 2016, 12:41:18.134 [  FINER] [      FXGL.GameScene] [JavaFX Application Thread] Entity added to scene
26 Mar 2016, 12:41:18.134 [  FINER] [      FXGL.GameScene] [JavaFX Application Thread] Added MainViewComponent
26 Mar 2016, 12:41:18.135 [  FINER] [       FXGL.EventBus] [JavaFX Application Thread] Firing event: WorldEvent[type=ENTITY_ADDED]
26 Mar 2016, 12:41:18.135 [  FINER] [      FXGL.GameScene] [JavaFX Application Thread] Entity added to scene
26 Mar 2016, 12:41:18.136 [  FINER] [      FXGL.GameScene] [JavaFX Application Thread] Added MainViewComponent
26 Mar 2016, 12:41:18.137 [  FINER] [       FXGL.EventBus] [JavaFX Application Thread] Firing event: WorldEvent[type=ENTITY_ADDED]
26 Mar 2016, 12:41:18.137 [  FINER] [      FXGL.GameScene] [JavaFX Application Thread] Entity added to scene
26 Mar 2016, 12:41:18.137 [  FINER] [      FXGL.GameScene] [JavaFX Application Thread] Added MainViewComponent
26 Mar 2016, 12:41:18.138 [  FINER] [       FXGL.EventBus] [JavaFX Application Thread] Firing event: WorldEvent[type=ENTITY_ADDED]
26 Mar 2016, 12:41:18.143 [  FINER] [      FXGL.GameScene] [JavaFX Application Thread] Entity added to scene
26 Mar 2016, 12:41:18.143 [  FINER] [      FXGL.GameScene] [JavaFX Application Thread] Added MainViewComponent
26 Mar 2016, 12:41:18.145 [  FINER] [       FXGL.EventBus] [JavaFX Application Thread] Firing event: WorldEvent[type=ENTITY_ADDED]
26 Mar 2016, 12:41:18.145 [  FINER] [      FXGL.GameScene] [JavaFX Application Thread] Entity added to scene
26 Mar 2016, 12:41:18.145 [  FINER] [      FXGL.GameScene] [JavaFX Application Thread] Added MainViewComponent
26 Mar 2016, 12:41:18.146 [  FINER] [       FXGL.EventBus] [JavaFX Application Thread] Firing event: WorldEvent[type=ENTITY_ADDED]
26 Mar 2016, 12:41:18.146 [  FINER] [      FXGL.GameScene] [JavaFX Application Thread] Entity added to scene
26 Mar 2016, 12:41:18.147 [  FINER] [      FXGL.GameScene] [JavaFX Application Thread] Added MainViewComponent
26 Mar 2016, 12:41:18.148 [  FINER] [       FXGL.EventBus] [JavaFX Application Thread] Firing event: WorldEvent[type=ENTITY_ADDED]
26 Mar 2016, 12:41:18.148 [  FINER] [      FXGL.GameScene] [JavaFX Application Thread] Entity added to scene
26 Mar 2016, 12:41:18.149 [  FINER] [      FXGL.GameScene] [JavaFX Application Thread] Added MainViewComponent
26 Mar 2016, 12:41:18.150 [  FINER] [       FXGL.EventBus] [JavaFX Application Thread] Firing event: WorldEvent[type=ENTITY_ADDED]
26 Mar 2016, 12:41:18.151 [  FINER] [      FXGL.GameScene] [JavaFX Application Thread] Entity added to scene
26 Mar 2016, 12:41:18.152 [  FINER] [      FXGL.GameScene] [JavaFX Application Thread] Added MainViewComponent
26 Mar 2016, 12:41:18.155 [  FINER] [       FXGL.EventBus] [JavaFX Application Thread] Firing event: WorldEvent[type=ENTITY_ADDED]
26 Mar 2016, 12:41:18.156 [  FINER] [      FXGL.GameScene] [JavaFX Application Thread] Entity added to scene
26 Mar 2016, 12:41:18.160 [  FINER] [      FXGL.GameScene] [JavaFX Application Thread] Added MainViewComponent
26 Mar 2016, 12:41:18.161 [  FINER] [       FXGL.EventBus] [JavaFX Application Thread] Firing event: WorldEvent[type=ENTITY_ADDED]
26 Mar 2016, 12:41:18.162 [  FINER] [      FXGL.GameScene] [JavaFX Application Thread] Entity added to scene
26 Mar 2016, 12:41:18.162 [  FINER] [      FXGL.GameScene] [JavaFX Application Thread] Added MainViewComponent
26 Mar 2016, 12:41:18.163 [  FINER] [       FXGL.EventBus] [JavaFX Application Thread] Firing event: WorldEvent[type=ENTITY_ADDED]
26 Mar 2016, 12:41:18.164 [  FINER] [      FXGL.GameScene] [JavaFX Application Thread] Entity added to scene
26 Mar 2016, 12:41:18.164 [  FINER] [      FXGL.GameScene] [JavaFX Application Thread] Added MainViewComponent
26 Mar 2016, 12:41:18.165 [  FINER] [       FXGL.EventBus] [JavaFX Application Thread] Firing event: WorldEvent[type=ENTITY_ADDED]
26 Mar 2016, 12:41:18.165 [  FINER] [      FXGL.GameScene] [JavaFX Application Thread] Entity added to scene
26 Mar 2016, 12:41:18.165 [  FINER] [      FXGL.GameScene] [JavaFX Application Thread] Added MainViewComponent
26 Mar 2016, 12:41:18.166 [  FINER] [       FXGL.EventBus] [JavaFX Application Thread] Firing event: WorldEvent[type=ENTITY_ADDED]
26 Mar 2016, 12:41:18.166 [  FINER] [      FXGL.GameScene] [JavaFX Application Thread] Entity added to scene
26 Mar 2016, 12:41:18.166 [  FINER] [      FXGL.GameScene] [JavaFX Application Thread] Added MainViewComponent
