01 Mar 2016, 19:59:39.577 [   INFO] [         FXGL.Logger] [JavaFX Application Thread] Logger initialized with level: CONFIG
01 Mar 2016, 19:59:39.581 [  FINER] [         FXGL.Logger] [JavaFX Application Thread] CPU cores: 6
01 Mar 2016, 19:59:39.584 [  FINER] [         FXGL.Logger] [JavaFX Application Thread] Free Memory: 111MB
01 Mar 2016, 19:59:39.584 [  FINER] [         FXGL.Logger] [JavaFX Application Thread] Max Memory: 1800MB
01 Mar 2016, 19:59:39.585 [  FINER] [         FXGL.Logger] [JavaFX Application Thread] Total Memory: 123MB
01 Mar 2016, 19:59:39.585 [  FINER] [         FXGL.Logger] [JavaFX Application Thread] System Properties:
01 Mar 2016, 19:59:39.586 [  FINER] [         FXGL.Logger] [JavaFX Application Thread] sun.cpu.isalist=amd64
01 Mar 2016, 19:59:39.586 [  FINER] [         FXGL.Logger] [JavaFX Application Thread] sun.desktop=windows
01 Mar 2016, 19:59:39.587 [  FINER] [         FXGL.Logger] [JavaFX Application Thread] sun.io.unicode.encoding=UnicodeLittle
01 Mar 2016, 19:59:39.587 [  FINER] [         FXGL.Logger] [JavaFX Application Thread] sun.cpu.endian=little
01 Mar 2016, 19:59:39.588 [  FINER] [         FXGL.Logger] [JavaFX Application Thread] java.vendor.url.bug=http://bugreport.sun.com/bugreport/
01 Mar 2016, 19:59:39.588 [  FINER] [         FXGL.Logger] [JavaFX Application Thread] file.separator=\
01 Mar 2016, 19:59:39.588 [  FINER] [         FXGL.Logger] [JavaFX Application Thread] java.vendor=Oracle Corporation
01 Mar 2016, 19:59:39.589 [  FINER] [         FXGL.Logger] [JavaFX Application Thread] sun.boot.class.path=C:\Program Files\Java\jre1.8.0_71\lib\resources.jar;C:\Program Files\Java\jre1.8.0_71\lib\rt.jar;C:\Program Files\Java\jre1.8.0_71\lib\sunrsasign.jar;C:\Program Files\Java\jre1.8.0_71\lib\jsse.jar;C:\Program Files\Java\jre1.8.0_71\lib\jce.jar;C:\Program Files\Java\jre1.8.0_71\lib\charsets.jar;C:\Program Files\Java\jre1.8.0_71\lib\jfr.jar;C:\Program Files\Java\jre1.8.0_71\classes
01 Mar 2016, 19:59:39.589 [  FINER] [         FXGL.Logger] [JavaFX Application Thread] java.ext.dirs=C:\Program Files\Java\jre1.8.0_71\lib\ext;C:\WINDOWS\Sun\Java\lib\ext
01 Mar 2016, 19:59:39.590 [  FINER] [         FXGL.Logger] [JavaFX Application Thread] java.version=1.8.0_71
01 Mar 2016, 19:59:39.590 [  FINER] [         FXGL.Logger] [JavaFX Application Thread] java.vm.info=mixed mode
01 Mar 2016, 19:59:39.590 [  FINER] [         FXGL.Logger] [JavaFX Application Thread] awt.toolkit=sun.awt.windows.WToolkit
01 Mar 2016, 19:59:39.591 [  FINER] [         FXGL.Logger] [JavaFX Application Thread] user.language=en
01 Mar 2016, 19:59:39.591 [  FINER] [         FXGL.Logger] [JavaFX Application Thread] java.specification.vendor=Oracle Corporation
01 Mar 2016, 19:59:39.591 [  FINER] [         FXGL.Logger] [JavaFX Application Thread] sun.java.command=com.chromalife.SpaceInvaders.SpaceInvadersApp
01 Mar 2016, 19:59:39.592 [  FINER] [         FXGL.Logger] [JavaFX Application Thread] java.home=C:\Program Files\Java\jre1.8.0_71
01 Mar 2016, 19:59:39.592 [  FINER] [         FXGL.Logger] [JavaFX Application Thread] sun.arch.data.model=64
01 Mar 2016, 19:59:39.592 [  FINER] [         FXGL.Logger] [JavaFX Application Thread] java.vm.specification.version=1.8
01 Mar 2016, 19:59:39.592 [  FINER] [         FXGL.Logger] [JavaFX Application Thread] java.class.path=G:\workspace\SpaceInvaders\target\classes;C:\Users\Anwar Saleeby\.m2\repository\com\github\AlmasB\FXGL\0.2.1-0.2.0-gba5970d-32\FXGL-0.2.1-0.2.0-gba5970d-32.jar;C:\Users\Anwar Saleeby\.m2\repository\com\google\inject\guice\4.0\guice-4.0.jar;C:\Users\Anwar Saleeby\.m2\repository\javax\inject\javax.inject\1\javax.inject-1.jar;C:\Users\Anwar Saleeby\.m2\repository\aopalliance\aopalliance\1.0\aopalliance-1.0.jar;C:\Users\Anwar Saleeby\.m2\repository\com\google\guava\guava\16.0.1\guava-16.0.1.jar;C:\Users\Anwar Saleeby\.m2\repository\org\jfxtras\jfxtras-window\8.0-r4\jfxtras-window-8.0-r4.jar;C:\Users\Anwar Saleeby\.m2\repository\org\jfxtras\jfxtras-common\8.0-r4\jfxtras-common-8.0-r4.jar;C:\Users\Anwar Saleeby\.m2\repository\com\github\AlmasB\FXEventBus\1.0\FXEventBus-1.0.jar;C:\Users\Anwar Saleeby\.m2\repository\com\github\AlmasB\Ents\1.0\Ents-1.0.jar;C:\Users\Anwar Saleeby\.m2\repository\org\apache\logging\log4j\log4j-api\2.5\log4j-api-2.5.jar;C:\Users\Anwar Saleeby\.m2\repository\org\apache\logging\log4j\log4j-core\2.5\log4j-core-2.5.jar;C:\Users\Anwar Saleeby\.m2\repository\com\github\AlmasB\AStar\1.0\AStar-1.0.jar
01 Mar 2016, 19:59:39.593 [  FINER] [         FXGL.Logger] [JavaFX Application Thread] user.name=Anwar Saleeby
01 Mar 2016, 19:59:39.593 [  FINER] [         FXGL.Logger] [JavaFX Application Thread] file.encoding=Cp1252
01 Mar 2016, 19:59:39.593 [  FINER] [         FXGL.Logger] [JavaFX Application Thread] java.specification.version=1.8
01 Mar 2016, 19:59:39.594 [  FINER] [         FXGL.Logger] [JavaFX Application Thread] java.awt.printerjob=sun.awt.windows.WPrinterJob
01 Mar 2016, 19:59:39.594 [  FINER] [         FXGL.Logger] [JavaFX Application Thread] user.timezone=America/New_York
01 Mar 2016, 19:59:39.594 [  FINER] [         FXGL.Logger] [JavaFX Application Thread] user.home=C:\Users\Anwar Saleeby
01 Mar 2016, 19:59:39.594 [  FINER] [         FXGL.Logger] [JavaFX Application Thread] os.version=10.0
01 Mar 2016, 19:59:39.595 [  FINER] [         FXGL.Logger] [JavaFX Application Thread] sun.management.compiler=HotSpot 64-Bit Tiered Compilers
01 Mar 2016, 19:59:39.595 [  FINER] [         FXGL.Logger] [JavaFX Application Thread] java.specification.name=Java Platform API Specification
01 Mar 2016, 19:59:39.595 [  FINER] [         FXGL.Logger] [JavaFX Application Thread] java.class.version=52.0
01 Mar 2016, 19:59:39.596 [  FINER] [         FXGL.Logger] [JavaFX Application Thread] java.library.path=C:\Program Files\Java\jre1.8.0_71\bin;C:\WINDOWS\Sun\Java\bin;C:\WINDOWS\system32;C:\WINDOWS;C:/Program Files/Java/jre1.8.0_73/bin/server;C:/Program Files/Java/jre1.8.0_73/bin;C:/Program Files/Java/jre1.8.0_73/lib/amd64;C:\oraclexe\app\oracle\product\11.2.0\server\bin;;C:\ProgramData\Oracle\Java\javapath;C:\Windows\system32;C:\Windows;C:\Windows\System32\Wbem;C:\Windows\System32\WindowsPowerShell\v1.0\;C:\Program Files (x86)\NVIDIA Corporation\PhysX\Common;C:\WINDOWS\system32;C:\WINDOWS;C:\WINDOWS\System32\Wbem;C:\WINDOWS\System32\WindowsPowerShell\v1.0\;C:\Program Files (x86)\Skype\Phone\;C:\Program Files\nodejs\;C:\Program Files\Git\cmd;C:\Users\Anwar Saleeby\AppData\Roaming\npm;C:\Program Files\nodejs;C:\Program Files\MongoDB\Server\3.2\bin;C:\Users\Anwar Saleeby\AppData\Local\Programs\Python\Python35-32;C:\eclipse;;.
01 Mar 2016, 19:59:39.597 [  FINER] [         FXGL.Logger] [JavaFX Application Thread] sun.jnu.encoding=Cp1252
01 Mar 2016, 19:59:39.597 [  FINER] [         FXGL.Logger] [JavaFX Application Thread] os.name=Windows 10
01 Mar 2016, 19:59:39.598 [  FINER] [         FXGL.Logger] [JavaFX Application Thread] user.variant=
01 Mar 2016, 19:59:39.599 [  FINER] [         FXGL.Logger] [JavaFX Application Thread] java.vm.specification.vendor=Oracle Corporation
01 Mar 2016, 19:59:39.599 [  FINER] [         FXGL.Logger] [JavaFX Application Thread] java.io.tmpdir=C:\Users\ANWARS~1\AppData\Local\Temp\
01 Mar 2016, 19:59:39.599 [  FINER] [         FXGL.Logger] [JavaFX Application Thread] line.separator=

01 Mar 2016, 19:59:39.599 [  FINER] [         FXGL.Logger] [JavaFX Application Thread] java.endorsed.dirs=C:\Program Files\Java\jre1.8.0_71\lib\endorsed
01 Mar 2016, 19:59:39.600 [  FINER] [         FXGL.Logger] [JavaFX Application Thread] os.arch=amd64
01 Mar 2016, 19:59:39.600 [  FINER] [         FXGL.Logger] [JavaFX Application Thread] javafx.runtime.version=8.0.71-b15
01 Mar 2016, 19:59:39.600 [  FINER] [         FXGL.Logger] [JavaFX Application Thread] java.awt.graphicsenv=sun.awt.Win32GraphicsEnvironment
01 Mar 2016, 19:59:39.600 [  FINER] [         FXGL.Logger] [JavaFX Application Thread] java.runtime.version=1.8.0_71-b15
01 Mar 2016, 19:59:39.601 [  FINER] [         FXGL.Logger] [JavaFX Application Thread] java.vm.specification.name=Java Virtual Machine Specification
01 Mar 2016, 19:59:39.601 [  FINER] [         FXGL.Logger] [JavaFX Application Thread] user.dir=G:\workspace\SpaceInvaders
01 Mar 2016, 19:59:39.620 [  FINER] [         FXGL.Logger] [JavaFX Application Thread] user.country=US
01 Mar 2016, 19:59:39.621 [  FINER] [         FXGL.Logger] [JavaFX Application Thread] user.script=
01 Mar 2016, 19:59:39.621 [  FINER] [         FXGL.Logger] [JavaFX Application Thread] sun.java.launcher=SUN_STANDARD
01 Mar 2016, 19:59:39.621 [  FINER] [         FXGL.Logger] [JavaFX Application Thread] sun.os.patch.level=
01 Mar 2016, 19:59:39.622 [  FINER] [         FXGL.Logger] [JavaFX Application Thread] java.vm.name=Java HotSpot(TM) 64-Bit Server VM
01 Mar 2016, 19:59:39.622 [  FINER] [         FXGL.Logger] [JavaFX Application Thread] file.encoding.pkg=sun.io
01 Mar 2016, 19:59:39.622 [  FINER] [         FXGL.Logger] [JavaFX Application Thread] path.separator=;
01 Mar 2016, 19:59:39.622 [  FINER] [         FXGL.Logger] [JavaFX Application Thread] java.vm.vendor=Oracle Corporation
01 Mar 2016, 19:59:39.623 [  FINER] [         FXGL.Logger] [JavaFX Application Thread] java.vendor.url=http://java.oracle.com/
01 Mar 2016, 19:59:39.623 [  FINER] [         FXGL.Logger] [JavaFX Application Thread] sun.boot.library.path=C:\Program Files\Java\jre1.8.0_71\bin
01 Mar 2016, 19:59:39.623 [  FINER] [         FXGL.Logger] [JavaFX Application Thread] java.vm.version=25.71-b15
01 Mar 2016, 19:59:39.623 [  FINER] [         FXGL.Logger] [JavaFX Application Thread] java.runtime.name=Java(TM) SE Runtime Environment
01 Mar 2016, 19:59:39.624 [  FINER] [         FXGL.Logger] [JavaFX Application Thread] javafx.version=8.0.71
01 Mar 2016, 19:59:39.628 [   INFO] [        FXGL.Version] [JavaFX Application Thread] FXGL-0.2.1-SNAPSHOT
01 Mar 2016, 19:59:39.628 [   INFO] [        FXGL.Version] [JavaFX Application Thread] Source code and latest builds at: https://github.com/AlmasB/FXGL
01 Mar 2016, 19:59:39.634 [  FINER] [    FXGL.Application] [JavaFX Application Thread] Game_clinit()
01 Mar 2016, 19:59:39.640 [  FINER] [    FXGL.Application] [JavaFX-Launcher] FXGL_init()
01 Mar 2016, 19:59:39.663 [  FINER] [    FXGL.Application] [JavaFX Application Thread] FXGL_start()
01 Mar 2016, 19:59:39.664 [  FINER] [    FXGL.Application] [JavaFX Application Thread] Initializing system properties
01 Mar 2016, 19:59:39.666 [  FINER] [    FXGL.Application] [JavaFX Application Thread] sound.notification = system/notification.wav
01 Mar 2016, 19:59:39.666 [  FINER] [    FXGL.Application] [JavaFX Application Thread] asset.cache.size = 35
01 Mar 2016, 19:59:39.666 [  FINER] [    FXGL.Application] [JavaFX Application Thread] ui.font = Copperplate_Gothic_Light_Regular.ttf
01 Mar 2016, 19:59:39.667 [  FINER] [    FXGL.Application] [JavaFX Application Thread] sound.menu.back = menu/back.wav
01 Mar 2016, 19:59:39.667 [  FINER] [    FXGL.Application] [JavaFX Application Thread] sound.menu.select = menu/select.wav
01 Mar 2016, 19:59:39.667 [  FINER] [    FXGL.Application] [JavaFX Application Thread] physics.ppm = 50
01 Mar 2016, 19:59:39.667 [  FINER] [    FXGL.Application] [JavaFX Application Thread] ui.css = fxgl.css
01 Mar 2016, 19:59:39.668 [  FINER] [    FXGL.Application] [JavaFX Application Thread] ui.icon.name = fxgl_icon.png
01 Mar 2016, 19:59:39.668 [  FINER] [    FXGL.Application] [JavaFX Application Thread] sound.menu.press = menu/press.wav
01 Mar 2016, 19:59:39.668 [  FINER] [    FXGL.Application] [JavaFX Application Thread] Initializing user properties
01 Mar 2016, 19:59:39.669 [   INFO] [    FXGL.Application] [JavaFX Application Thread] User properties not found. Using system
01 Mar 2016, 19:59:39.679 [   INFO] [         FXGL.Logger] [JavaFX Application Thread] Logger level set to: CONFIG
01 Mar 2016, 19:59:39.680 [   INFO] [    FXGL.Application] [JavaFX Application Thread] Application Mode: DEVELOPER
01 Mar 2016, 19:59:40.161 [  FINER] [    FXGL.Application] [JavaFX Application Thread] Services configuration complete
01 Mar 2016, 19:59:40.170 [  FINER] [       FXGL.EventBus] [JavaFX Application Thread] Service [EventBus] initialized
01 Mar 2016, 19:59:40.173 [  FINER] [    FXGL.AssetLoader] [JavaFX Application Thread] Service [AssetLoader] initialized
01 Mar 2016, 19:59:40.175 [  FINER] [    FXGL.AssetLoader] [JavaFX Application Thread] Loading from disk: /assets/sounds/system/notification.wav
01 Mar 2016, 19:59:40.199 [  FINER] [    FXGL.AssetLoader] [JavaFX Application Thread] Loading from disk: /assets/sounds/menu/select.wav
01 Mar 2016, 19:59:40.201 [  FINER] [    FXGL.AssetLoader] [JavaFX Application Thread] Loading from disk: /assets/sounds/menu/back.wav
01 Mar 2016, 19:59:40.203 [  FINER] [    FXGL.AssetLoader] [JavaFX Application Thread] Loading from disk: /assets/sounds/menu/press.wav
01 Mar 2016, 19:59:40.206 [  FINER] [    FXGL.AssetLoader] [JavaFX Application Thread] Loading from disk: /assets/ui/fonts/Copperplate_Gothic_Light_Regular.ttf
01 Mar 2016, 19:59:40.287 [  FINER] [    FXGL.AssetLoader] [JavaFX Application Thread] Loading from disk: /assets/ui/css/fxgl.css
01 Mar 2016, 19:59:40.287 [  FINER] [    FXGL.AssetLoader] [JavaFX Application Thread] Loading from disk: /assets/ui/icons/fxgl_icon.png
01 Mar 2016, 19:59:40.331 [  FINER] [    FXGL.AssetLoader] [JavaFX Application Thread] Loading from disk: /assets/ui/css/fxgl_dark.css
01 Mar 2016, 19:59:40.412 [  FINER] [        FXGL.Display] [JavaFX Application Thread] Target size: 480.0x800.0@1.0
01 Mar 2016, 19:59:40.412 [  FINER] [        FXGL.Display] [JavaFX Application Thread] New size:    480.0x800.0@1.0
01 Mar 2016, 19:59:40.414 [  FINER] [        FXGL.Display] [JavaFX Application Thread] Service [Display] initialized
01 Mar 2016, 19:59:40.414 [  FINER] [        FXGL.Display] [JavaFX Application Thread] Using CSS: CSS[jar:file:/C:/Users/Anwar%20Saleeby/.m2/repository/com/github/AlmasB/FXGL/0.2.1-0.2.0-gba5970d-32/FXGL-0.2.1-0.2.0-gba5970d-32.jar!/assets/ui/css/fxgl_dark.css]
01 Mar 2016, 19:59:40.419 [  FINER] [          FXGL.Input] [JavaFX Application Thread] Service [Input] initialized
01 Mar 2016, 19:59:40.421 [  FINER] [    FXGL.AudioPlayer] [JavaFX Application Thread] Service [AudioPlayer] initialized
01 Mar 2016, 19:59:40.426 [  FINER] [    FXGL.MasterTimer] [JavaFX Application Thread] Service [MasterTimer] initialized
01 Mar 2016, 19:59:40.440 [  FINER] [      FXGL.GameScene] [JavaFX Application Thread] Game scene initialized
01 Mar 2016, 19:59:40.441 [  FINER] [FXGL.NotificationSer] [JavaFX Application Thread] Service [NotificationService] initialized
01 Mar 2016, 19:59:40.700 [  FINER] [      FXGL.GameWorld] [JavaFX Application Thread] Game world initialized
01 Mar 2016, 19:59:40.799 [  FINER] [   FXGL.PhysicsWorld] [JavaFX Application Thread] Physics world initialized
01 Mar 2016, 19:59:40.821 [  FINER] [    FXGL.Application] [JavaFX Application Thread] Game_start()
01 Mar 2016, 19:59:40.827 [  FINER] [    FXGL.Application] [JavaFX Application Thread] Saving data to profile
01 Mar 2016, 19:59:40.830 [  FINER] [    FXGL.UserProfile] [JavaFX Application Thread] Logging bundle: game
01 Mar 2016, 19:59:40.831 [  FINER] [    FXGL.UserProfile] [JavaFX Application Thread] game.playtime=1189973556
01 Mar 2016, 19:59:40.832 [  FINER] [       FXGL.EventBus] [JavaFX Application Thread] Firing event: SaveEvent
01 Mar 2016, 19:59:40.834 [  FINER] [        FXGL.Display] [JavaFX Application Thread] Saving data to profile
01 Mar 2016, 19:59:40.834 [  FINER] [    FXGL.UserProfile] [JavaFX Application Thread] Logging bundle: scene
01 Mar 2016, 19:59:40.835 [  FINER] [    FXGL.UserProfile] [JavaFX Application Thread] scene.sizeW=480.0
01 Mar 2016, 19:59:40.835 [  FINER] [    FXGL.UserProfile] [JavaFX Application Thread] scene.sizeH=800.0
01 Mar 2016, 19:59:40.835 [  FINER] [          FXGL.Input] [JavaFX Application Thread] Saving data to profile
01 Mar 2016, 19:59:40.836 [  FINER] [    FXGL.UserProfile] [JavaFX Application Thread] Logging bundle: input
01 Mar 2016, 19:59:40.836 [  FINER] [    FXGL.AudioPlayer] [JavaFX Application Thread] Saving data to profile
01 Mar 2016, 19:59:40.837 [  FINER] [    FXGL.UserProfile] [JavaFX Application Thread] Logging bundle: audio
01 Mar 2016, 19:59:40.837 [  FINER] [    FXGL.UserProfile] [JavaFX Application Thread] audio.musicVolume=0.5
01 Mar 2016, 19:59:40.837 [  FINER] [    FXGL.UserProfile] [JavaFX Application Thread] audio.soundVolume=0.5
01 Mar 2016, 19:59:40.838 [  FINER] [FXGL.AchievementMana] [JavaFX Application Thread] Saving data to profile
01 Mar 2016, 19:59:40.839 [  FINER] [    FXGL.UserProfile] [JavaFX Application Thread] Logging bundle: achievement
01 Mar 2016, 19:59:40.839 [  FINER] [    FXGL.Application] [JavaFX Application Thread] Starting new game
01 Mar 2016, 19:59:40.841 [  FINER] [    FXGL.Application] [JavaFX Application Thread] Initializing App
01 Mar 2016, 19:59:40.841 [  FINER] [    FXGL.Application] [JavaFX Application Thread] Pausing main loop
01 Mar 2016, 19:59:40.841 [  FINER] [       FXGL.EventBus] [JavaFX Application Thread] Firing event: FXGLEvent[type=PAUSE]
01 Mar 2016, 19:59:40.842 [  FINER] [          FXGL.Input] [JavaFX Application Thread] Clearing active input actions
01 Mar 2016, 19:59:40.842 [  FINER] [    FXGL.MasterTimer] [JavaFX Application Thread] Stopping master timer
01 Mar 2016, 19:59:40.842 [  FINER] [    FXGL.Application] [JavaFX Application Thread] State: STARTUP -> PAUSED
01 Mar 2016, 19:59:40.843 [  FINER] [    FXGL.Application] [JavaFX Application Thread] Resetting FXGL application
01 Mar 2016, 19:59:40.843 [  FINER] [       FXGL.EventBus] [JavaFX Application Thread] Firing event: FXGLEvent[type=RESET]
01 Mar 2016, 19:59:40.843 [  FINER] [          FXGL.Input] [JavaFX Application Thread] Clearing active input actions
01 Mar 2016, 19:59:40.843 [  FINER] [    FXGL.MasterTimer] [JavaFX Application Thread] Resetting ticks to 0
01 Mar 2016, 19:59:40.844 [  FINER] [    FXGL.MasterTimer] [JavaFX Application Thread] Clearing all scheduled actions
01 Mar 2016, 19:59:40.844 [  FINER] [      FXGL.GameScene] [JavaFX Application Thread] Resetting game scene
01 Mar 2016, 19:59:40.844 [  FINER] [      FXGL.GameWorld] [JavaFX Application Thread] Resetting game world
01 Mar 2016, 19:59:40.846 [  FINER] [    FXGL.Application] [JavaFX Application Thread] State: PAUSED -> LOADING
01 Mar 2016, 19:59:40.881 [  FINER] [    FXGL.Application] [JavaFX Application Thread] Starting FXGL Init Thread
01 Mar 2016, 19:59:40.883 [  FINER] [    FXGL.Application] [FXGL Init Thread] Initializing Assets
01 Mar 2016, 19:59:40.884 [  FINER] [    FXGL.AssetLoader] [FXGL Init Thread] Loading from disk: /assets/textures/spaceship.png
01 Mar 2016, 19:59:40.892 [  FINER] [    FXGL.AssetLoader] [FXGL Init Thread] Loading from disk: /assets/textures/enemy.png
01 Mar 2016, 19:59:40.895 [  FINER] [    FXGL.Application] [FXGL Init Thread] Initializing Game
01 Mar 2016, 19:59:40.913 [  FINER] [    FXGL.AssetLoader] [FXGL Init Thread] Loading from cache: /assets/textures/enemy.png
01 Mar 2016, 19:59:40.913 [  FINER] [    FXGL.AssetLoader] [FXGL Init Thread] Loading from cache: /assets/textures/enemy.png
01 Mar 2016, 19:59:40.914 [  FINER] [    FXGL.AssetLoader] [FXGL Init Thread] Loading from cache: /assets/textures/enemy.png
01 Mar 2016, 19:59:40.915 [  FINER] [    FXGL.AssetLoader] [FXGL Init Thread] Loading from cache: /assets/textures/enemy.png
01 Mar 2016, 19:59:40.916 [  FINER] [    FXGL.AssetLoader] [FXGL Init Thread] Loading from cache: /assets/textures/enemy.png
01 Mar 2016, 19:59:40.917 [  FINER] [    FXGL.AssetLoader] [FXGL Init Thread] Loading from cache: /assets/textures/enemy.png
01 Mar 2016, 19:59:40.920 [  FINER] [    FXGL.AssetLoader] [FXGL Init Thread] Loading from cache: /assets/textures/enemy.png
01 Mar 2016, 19:59:40.921 [  FINER] [    FXGL.AssetLoader] [FXGL Init Thread] Loading from cache: /assets/textures/enemy.png
01 Mar 2016, 19:59:40.922 [  FINER] [    FXGL.AssetLoader] [FXGL Init Thread] Loading from cache: /assets/textures/enemy.png
01 Mar 2016, 19:59:40.923 [  FINER] [    FXGL.AssetLoader] [FXGL Init Thread] Loading from cache: /assets/textures/enemy.png
01 Mar 2016, 19:59:40.924 [  FINER] [    FXGL.AssetLoader] [FXGL Init Thread] Loading from cache: /assets/textures/enemy.png
01 Mar 2016, 19:59:40.925 [  FINER] [    FXGL.AssetLoader] [FXGL Init Thread] Loading from cache: /assets/textures/enemy.png
01 Mar 2016, 19:59:40.926 [  FINER] [    FXGL.AssetLoader] [FXGL Init Thread] Loading from cache: /assets/textures/enemy.png
01 Mar 2016, 19:59:40.928 [  FINER] [    FXGL.AssetLoader] [FXGL Init Thread] Loading from cache: /assets/textures/enemy.png
01 Mar 2016, 19:59:40.929 [  FINER] [    FXGL.AssetLoader] [FXGL Init Thread] Loading from cache: /assets/textures/enemy.png
01 Mar 2016, 19:59:40.929 [  FINER] [    FXGL.AssetLoader] [FXGL Init Thread] Loading from cache: /assets/textures/enemy.png
01 Mar 2016, 19:59:40.930 [  FINER] [    FXGL.AssetLoader] [FXGL Init Thread] Loading from cache: /assets/textures/enemy.png
01 Mar 2016, 19:59:40.930 [  FINER] [    FXGL.AssetLoader] [FXGL Init Thread] Loading from cache: /assets/textures/enemy.png
01 Mar 2016, 19:59:40.931 [  FINER] [    FXGL.AssetLoader] [FXGL Init Thread] Loading from cache: /assets/textures/enemy.png
01 Mar 2016, 19:59:40.931 [  FINER] [    FXGL.AssetLoader] [FXGL Init Thread] Loading from cache: /assets/textures/enemy.png
01 Mar 2016, 19:59:40.932 [  FINER] [    FXGL.AssetLoader] [FXGL Init Thread] Loading from cache: /assets/textures/enemy.png
01 Mar 2016, 19:59:40.932 [  FINER] [    FXGL.AssetLoader] [FXGL Init Thread] Loading from cache: /assets/textures/enemy.png
01 Mar 2016, 19:59:40.933 [  FINER] [    FXGL.AssetLoader] [FXGL Init Thread] Loading from cache: /assets/textures/enemy.png
01 Mar 2016, 19:59:40.933 [  FINER] [    FXGL.AssetLoader] [FXGL Init Thread] Loading from cache: /assets/textures/enemy.png
01 Mar 2016, 19:59:40.934 [  FINER] [    FXGL.AssetLoader] [FXGL Init Thread] Loading from cache: /assets/textures/enemy.png
01 Mar 2016, 19:59:40.934 [  FINER] [    FXGL.AssetLoader] [FXGL Init Thread] Loading from cache: /assets/textures/enemy.png
01 Mar 2016, 19:59:40.935 [  FINER] [    FXGL.AssetLoader] [FXGL Init Thread] Loading from cache: /assets/textures/enemy.png
01 Mar 2016, 19:59:40.935 [  FINER] [    FXGL.AssetLoader] [FXGL Init Thread] Loading from cache: /assets/textures/enemy.png
01 Mar 2016, 19:59:40.936 [  FINER] [    FXGL.AssetLoader] [FXGL Init Thread] Loading from cache: /assets/textures/enemy.png
01 Mar 2016, 19:59:40.937 [  FINER] [    FXGL.AssetLoader] [FXGL Init Thread] Loading from cache: /assets/textures/enemy.png
01 Mar 2016, 19:59:40.937 [  FINER] [    FXGL.AssetLoader] [FXGL Init Thread] Loading from cache: /assets/textures/enemy.png
01 Mar 2016, 19:59:40.938 [  FINER] [    FXGL.AssetLoader] [FXGL Init Thread] Loading from cache: /assets/textures/enemy.png
01 Mar 2016, 19:59:40.938 [  FINER] [    FXGL.AssetLoader] [FXGL Init Thread] Loading from cache: /assets/textures/enemy.png
01 Mar 2016, 19:59:40.939 [  FINER] [    FXGL.AssetLoader] [FXGL Init Thread] Loading from cache: /assets/textures/enemy.png
01 Mar 2016, 19:59:40.939 [  FINER] [    FXGL.AssetLoader] [FXGL Init Thread] Loading from cache: /assets/textures/enemy.png
01 Mar 2016, 19:59:40.940 [  FINER] [    FXGL.AssetLoader] [FXGL Init Thread] Loading from cache: /assets/textures/enemy.png
01 Mar 2016, 19:59:40.940 [  FINER] [    FXGL.AssetLoader] [FXGL Init Thread] Loading from cache: /assets/textures/enemy.png
01 Mar 2016, 19:59:40.941 [  FINER] [    FXGL.AssetLoader] [FXGL Init Thread] Loading from cache: /assets/textures/enemy.png
01 Mar 2016, 19:59:40.942 [  FINER] [    FXGL.AssetLoader] [FXGL Init Thread] Loading from cache: /assets/textures/enemy.png
01 Mar 2016, 19:59:40.942 [  FINER] [    FXGL.AssetLoader] [FXGL Init Thread] Loading from cache: /assets/textures/enemy.png
01 Mar 2016, 19:59:40.943 [  FINER] [    FXGL.AssetLoader] [FXGL Init Thread] Loading from cache: /assets/textures/enemy.png
01 Mar 2016, 19:59:40.944 [  FINER] [    FXGL.AssetLoader] [FXGL Init Thread] Loading from cache: /assets/textures/enemy.png
01 Mar 2016, 19:59:40.944 [  FINER] [    FXGL.AssetLoader] [FXGL Init Thread] Loading from cache: /assets/textures/enemy.png
01 Mar 2016, 19:59:40.945 [  FINER] [    FXGL.AssetLoader] [FXGL Init Thread] Loading from cache: /assets/textures/enemy.png
01 Mar 2016, 19:59:40.945 [  FINER] [    FXGL.AssetLoader] [FXGL Init Thread] Loading from cache: /assets/textures/enemy.png
01 Mar 2016, 19:59:40.946 [  FINER] [    FXGL.AssetLoader] [FXGL Init Thread] Loading from cache: /assets/textures/enemy.png
01 Mar 2016, 19:59:40.947 [  FINER] [    FXGL.AssetLoader] [FXGL Init Thread] Loading from cache: /assets/textures/enemy.png
01 Mar 2016, 19:59:40.947 [  FINER] [    FXGL.AssetLoader] [FXGL Init Thread] Loading from cache: /assets/textures/enemy.png
01 Mar 2016, 19:59:40.948 [  FINER] [    FXGL.AssetLoader] [FXGL Init Thread] Loading from cache: /assets/textures/enemy.png
01 Mar 2016, 19:59:40.948 [  FINER] [    FXGL.AssetLoader] [FXGL Init Thread] Loading from cache: /assets/textures/enemy.png
01 Mar 2016, 19:59:40.949 [  FINER] [    FXGL.Application] [FXGL Init Thread] Initializing Physics
01 Mar 2016, 19:59:40.949 [  FINER] [    FXGL.Application] [FXGL Init Thread] Initializing UI
01 Mar 2016, 19:59:40.953 [  FINER] [    FXGL.Application] [FXGL Init Thread] Initialization Complete
01 Mar 2016, 19:59:41.104 [  FINER] [    FXGL.Application] [JavaFX Application Thread] Showing stage
01 Mar 2016, 19:59:41.104 [  FINER] [    FXGL.Application] [JavaFX Application Thread] Root size: 480.0x800.0
01 Mar 2016, 19:59:41.105 [  FINER] [    FXGL.Application] [JavaFX Application Thread] Scene size: 480.0x800.0
01 Mar 2016, 19:59:41.105 [  FINER] [    FXGL.Application] [JavaFX Application Thread] Stage size: 486.0x829.0
01 Mar 2016, 19:59:41.124 [  FINER] [       FXGL.EventBus] [JavaFX Application Thread] Firing event: FXGLEvent[type=INIT_APP_COMPLETE]
01 Mar 2016, 19:59:41.124 [  FINER] [    FXGL.Application] [JavaFX Application Thread] Resuming main loop
01 Mar 2016, 19:59:41.124 [  FINER] [       FXGL.EventBus] [JavaFX Application Thread] Firing event: FXGLEvent[type=RESUME]
01 Mar 2016, 19:59:41.125 [  FINER] [          FXGL.Input] [JavaFX Application Thread] Clearing active input actions
01 Mar 2016, 19:59:41.125 [  FINER] [    FXGL.MasterTimer] [JavaFX Application Thread] Starting master timer
01 Mar 2016, 19:59:41.125 [  FINER] [    FXGL.Application] [JavaFX Application Thread] State: LOADING -> PLAYING
01 Mar 2016, 19:59:41.136 [  FINER] [       FXGL.EventBus] [JavaFX Application Thread] Firing event: WorldEvent[type=ENTITY_ADDED]
01 Mar 2016, 19:59:41.136 [  FINER] [      FXGL.GameScene] [JavaFX Application Thread] Entity added to scene
01 Mar 2016, 19:59:41.136 [  FINER] [      FXGL.GameScene] [JavaFX Application Thread] Added MainViewComponent
01 Mar 2016, 19:59:41.138 [  FINER] [      FXGL.GameScene] [JavaFX Application Thread] Creating render group for layer: TOP(2147483647)
01 Mar 2016, 19:59:41.143 [  FINER] [       FXGL.EventBus] [JavaFX Application Thread] Firing event: WorldEvent[type=ENTITY_ADDED]
01 Mar 2016, 19:59:41.143 [  FINER] [      FXGL.GameScene] [JavaFX Application Thread] Entity added to scene
01 Mar 2016, 19:59:41.143 [  FINER] [      FXGL.GameScene] [JavaFX Application Thread] Added MainViewComponent
01 Mar 2016, 19:59:41.143 [  FINER] [       FXGL.EventBus] [JavaFX Application Thread] Firing event: WorldEvent[type=ENTITY_ADDED]
01 Mar 2016, 19:59:41.144 [  FINER] [      FXGL.GameScene] [JavaFX Application Thread] Entity added to scene
01 Mar 2016, 19:59:41.144 [  FINER] [      FXGL.GameScene] [JavaFX Application Thread] Added MainViewComponent
01 Mar 2016, 19:59:41.144 [  FINER] [       FXGL.EventBus] [JavaFX Application Thread] Firing event: WorldEvent[type=ENTITY_ADDED]
01 Mar 2016, 19:59:41.144 [  FINER] [      FXGL.GameScene] [JavaFX Application Thread] Entity added to scene
01 Mar 2016, 19:59:41.144 [  FINER] [      FXGL.GameScene] [JavaFX Application Thread] Added MainViewComponent
01 Mar 2016, 19:59:41.145 [  FINER] [       FXGL.EventBus] [JavaFX Application Thread] Firing event: WorldEvent[type=ENTITY_ADDED]
01 Mar 2016, 19:59:41.145 [  FINER] [      FXGL.GameScene] [JavaFX Application Thread] Entity added to scene
01 Mar 2016, 19:59:41.145 [  FINER] [      FXGL.GameScene] [JavaFX Application Thread] Added MainViewComponent
01 Mar 2016, 19:59:41.146 [  FINER] [       FXGL.EventBus] [JavaFX Application Thread] Firing event: WorldEvent[type=ENTITY_ADDED]
01 Mar 2016, 19:59:41.146 [  FINER] [      FXGL.GameScene] [JavaFX Application Thread] Entity added to scene
01 Mar 2016, 19:59:41.146 [  FINER] [      FXGL.GameScene] [JavaFX Application Thread] Added MainViewComponent
01 Mar 2016, 19:59:41.147 [  FINER] [       FXGL.EventBus] [JavaFX Application Thread] Firing event: WorldEvent[type=ENTITY_ADDED]
01 Mar 2016, 19:59:41.147 [  FINER] [      FXGL.GameScene] [JavaFX Application Thread] Entity added to scene
01 Mar 2016, 19:59:41.147 [  FINER] [      FXGL.GameScene] [JavaFX Application Thread] Added MainViewComponent
01 Mar 2016, 19:59:41.147 [  FINER] [       FXGL.EventBus] [JavaFX Application Thread] Firing event: WorldEvent[type=ENTITY_ADDED]
01 Mar 2016, 19:59:41.148 [  FINER] [      FXGL.GameScene] [JavaFX Application Thread] Entity added to scene
01 Mar 2016, 19:59:41.148 [  FINER] [      FXGL.GameScene] [JavaFX Application Thread] Added MainViewComponent
01 Mar 2016, 19:59:41.148 [  FINER] [       FXGL.EventBus] [JavaFX Application Thread] Firing event: WorldEvent[type=ENTITY_ADDED]
01 Mar 2016, 19:59:41.148 [  FINER] [      FXGL.GameScene] [JavaFX Application Thread] Entity added to scene
01 Mar 2016, 19:59:41.148 [  FINER] [      FXGL.GameScene] [JavaFX Application Thread] Added MainViewComponent
01 Mar 2016, 19:59:41.149 [  FINER] [       FXGL.EventBus] [JavaFX Application Thread] Firing event: WorldEvent[type=ENTITY_ADDED]
01 Mar 2016, 19:59:41.149 [  FINER] [      FXGL.GameScene] [JavaFX Application Thread] Entity added to scene
01 Mar 2016, 19:59:41.149 [  FINER] [      FXGL.GameScene] [JavaFX Application Thread] Added MainViewComponent
01 Mar 2016, 19:59:41.150 [  FINER] [       FXGL.EventBus] [JavaFX Application Thread] Firing event: WorldEvent[type=ENTITY_ADDED]
01 Mar 2016, 19:59:41.150 [  FINER] [      FXGL.GameScene] [JavaFX Application Thread] Entity added to scene
01 Mar 2016, 19:59:41.150 [  FINER] [      FXGL.GameScene] [JavaFX Application Thread] Added MainViewComponent
01 Mar 2016, 19:59:41.151 [  FINER] [       FXGL.EventBus] [JavaFX Application Thread] Firing event: WorldEvent[type=ENTITY_ADDED]
01 Mar 2016, 19:59:41.151 [  FINER] [      FXGL.GameScene] [JavaFX Application Thread] Entity added to scene
01 Mar 2016, 19:59:41.151 [  FINER] [      FXGL.GameScene] [JavaFX Application Thread] Added MainViewComponent
01 Mar 2016, 19:59:41.152 [  FINER] [       FXGL.EventBus] [JavaFX Application Thread] Firing event: WorldEvent[type=ENTITY_ADDED]
01 Mar 2016, 19:59:41.152 [  FINER] [      FXGL.GameScene] [JavaFX Application Thread] Entity added to scene
01 Mar 2016, 19:59:41.152 [  FINER] [      FXGL.GameScene] [JavaFX Application Thread] Added MainViewComponent
01 Mar 2016, 19:59:41.152 [  FINER] [       FXGL.EventBus] [JavaFX Application Thread] Firing event: WorldEvent[type=ENTITY_ADDED]
01 Mar 2016, 19:59:41.152 [  FINER] [      FXGL.GameScene] [JavaFX Application Thread] Entity added to scene
01 Mar 2016, 19:59:41.152 [  FINER] [      FXGL.GameScene] [JavaFX Application Thread] Added MainViewComponent
01 Mar 2016, 19:59:41.153 [  FINER] [       FXGL.EventBus] [JavaFX Application Thread] Firing event: WorldEvent[type=ENTITY_ADDED]
01 Mar 2016, 19:59:41.153 [  FINER] [      FXGL.GameScene] [JavaFX Application Thread] Entity added to scene
01 Mar 2016, 19:59:41.153 [  FINER] [      FXGL.GameScene] [JavaFX Application Thread] Added MainViewComponent
01 Mar 2016, 19:59:41.154 [  FINER] [       FXGL.EventBus] [JavaFX Application Thread] Firing event: WorldEvent[type=ENTITY_ADDED]
01 Mar 2016, 19:59:41.154 [  FINER] [      FXGL.GameScene] [JavaFX Application Thread] Entity added to scene
01 Mar 2016, 19:59:41.154 [  FINER] [      FXGL.GameScene] [JavaFX Application Thread] Added MainViewComponent
01 Mar 2016, 19:59:41.154 [  FINER] [       FXGL.EventBus] [JavaFX Application Thread] Firing event: WorldEvent[type=ENTITY_ADDED]
01 Mar 2016, 19:59:41.154 [  FINER] [      FXGL.GameScene] [JavaFX Application Thread] Entity added to scene
01 Mar 2016, 19:59:41.154 [  FINER] [      FXGL.GameScene] [JavaFX Application Thread] Added MainViewComponent
01 Mar 2016, 19:59:41.155 [  FINER] [       FXGL.EventBus] [JavaFX Application Thread] Firing event: WorldEvent[type=ENTITY_ADDED]
01 Mar 2016, 19:59:41.155 [  FINER] [      FXGL.GameScene] [JavaFX Application Thread] Entity added to scene
01 Mar 2016, 19:59:41.155 [  FINER] [      FXGL.GameScene] [JavaFX Application Thread] Added MainViewComponent
01 Mar 2016, 19:59:41.156 [  FINER] [       FXGL.EventBus] [JavaFX Application Thread] Firing event: WorldEvent[type=ENTITY_ADDED]
01 Mar 2016, 19:59:41.156 [  FINER] [      FXGL.GameScene] [JavaFX Application Thread] Entity added to scene
01 Mar 2016, 19:59:41.156 [  FINER] [      FXGL.GameScene] [JavaFX Application Thread] Added MainViewComponent
01 Mar 2016, 19:59:41.157 [  FINER] [       FXGL.EventBus] [JavaFX Application Thread] Firing event: WorldEvent[type=ENTITY_ADDED]
01 Mar 2016, 19:59:41.157 [  FINER] [      FXGL.GameScene] [JavaFX Application Thread] Entity added to scene
01 Mar 2016, 19:59:41.157 [  FINER] [      FXGL.GameScene] [JavaFX Application Thread] Added MainViewComponent
01 Mar 2016, 19:59:41.157 [  FINER] [       FXGL.EventBus] [JavaFX Application Thread] Firing event: WorldEvent[type=ENTITY_ADDED]
01 Mar 2016, 19:59:41.158 [  FINER] [      FXGL.GameScene] [JavaFX Application Thread] Entity added to scene
01 Mar 2016, 19:59:41.158 [  FINER] [      FXGL.GameScene] [JavaFX Application Thread] Added MainViewComponent
01 Mar 2016, 19:59:41.158 [  FINER] [       FXGL.EventBus] [JavaFX Application Thread] Firing event: WorldEvent[type=ENTITY_ADDED]
01 Mar 2016, 19:59:41.158 [  FINER] [      FXGL.GameScene] [JavaFX Application Thread] Entity added to scene
01 Mar 2016, 19:59:41.158 [  FINER] [      FXGL.GameScene] [JavaFX Application Thread] Added MainViewComponent
01 Mar 2016, 19:59:41.159 [  FINER] [       FXGL.EventBus] [JavaFX Application Thread] Firing event: WorldEvent[type=ENTITY_ADDED]
01 Mar 2016, 19:59:41.159 [  FINER] [      FXGL.GameScene] [JavaFX Application Thread] Entity added to scene
01 Mar 2016, 19:59:41.159 [  FINER] [      FXGL.GameScene] [JavaFX Application Thread] Added MainViewComponent
01 Mar 2016, 19:59:41.160 [  FINER] [       FXGL.EventBus] [JavaFX Application Thread] Firing event: WorldEvent[type=ENTITY_ADDED]
01 Mar 2016, 19:59:41.160 [  FINER] [      FXGL.GameScene] [JavaFX Application Thread] Entity added to scene
01 Mar 2016, 19:59:41.160 [  FINER] [      FXGL.GameScene] [JavaFX Application Thread] Added MainViewComponent
01 Mar 2016, 19:59:41.160 [  FINER] [       FXGL.EventBus] [JavaFX Application Thread] Firing event: WorldEvent[type=ENTITY_ADDED]
01 Mar 2016, 19:59:41.160 [  FINER] [      FXGL.GameScene] [JavaFX Application Thread] Entity added to scene
01 Mar 2016, 19:59:41.161 [  FINER] [      FXGL.GameScene] [JavaFX Application Thread] Added MainViewComponent
01 Mar 2016, 19:59:41.161 [  FINER] [       FXGL.EventBus] [JavaFX Application Thread] Firing event: WorldEvent[type=ENTITY_ADDED]
01 Mar 2016, 19:59:41.161 [  FINER] [      FXGL.GameScene] [JavaFX Application Thread] Entity added to scene
01 Mar 2016, 19:59:41.161 [  FINER] [      FXGL.GameScene] [JavaFX Application Thread] Added MainViewComponent
01 Mar 2016, 19:59:41.162 [  FINER] [       FXGL.EventBus] [JavaFX Application Thread] Firing event: WorldEvent[type=ENTITY_ADDED]
01 Mar 2016, 19:59:41.162 [  FINER] [      FXGL.GameScene] [JavaFX Application Thread] Entity added to scene
01 Mar 2016, 19:59:41.162 [  FINER] [      FXGL.GameScene] [JavaFX Application Thread] Added MainViewComponent
01 Mar 2016, 19:59:41.162 [  FINER] [       FXGL.EventBus] [JavaFX Application Thread] Firing event: WorldEvent[type=ENTITY_ADDED]
01 Mar 2016, 19:59:41.162 [  FINER] [      FXGL.GameScene] [JavaFX Application Thread] Entity added to scene
01 Mar 2016, 19:59:41.163 [  FINER] [      FXGL.GameScene] [JavaFX Application Thread] Added MainViewComponent
01 Mar 2016, 19:59:41.163 [  FINER] [       FXGL.EventBus] [JavaFX Application Thread] Firing event: WorldEvent[type=ENTITY_ADDED]
01 Mar 2016, 19:59:41.163 [  FINER] [      FXGL.GameScene] [JavaFX Application Thread] Entity added to scene
01 Mar 2016, 19:59:41.163 [  FINER] [      FXGL.GameScene] [JavaFX Application Thread] Added MainViewComponent
01 Mar 2016, 19:59:41.164 [  FINER] [       FXGL.EventBus] [JavaFX Application Thread] Firing event: WorldEvent[type=ENTITY_ADDED]
01 Mar 2016, 19:59:41.164 [  FINER] [      FXGL.GameScene] [JavaFX Application Thread] Entity added to scene
01 Mar 2016, 19:59:41.164 [  FINER] [      FXGL.GameScene] [JavaFX Application Thread] Added MainViewComponent
01 Mar 2016, 19:59:41.165 [  FINER] [       FXGL.EventBus] [JavaFX Application Thread] Firing event: WorldEvent[type=ENTITY_ADDED]
01 Mar 2016, 19:59:41.165 [  FINER] [      FXGL.GameScene] [JavaFX Application Thread] Entity added to scene
01 Mar 2016, 19:59:41.165 [  FINER] [      FXGL.GameScene] [JavaFX Application Thread] Added MainViewComponent
01 Mar 2016, 19:59:41.165 [  FINER] [       FXGL.EventBus] [JavaFX Application Thread] Firing event: WorldEvent[type=ENTITY_ADDED]
01 Mar 2016, 19:59:41.166 [  FINER] [      FXGL.GameScene] [JavaFX Application Thread] Entity added to scene
01 Mar 2016, 19:59:41.166 [  FINER] [      FXGL.GameScene] [JavaFX Application Thread] Added MainViewComponent
01 Mar 2016, 19:59:41.166 [  FINER] [       FXGL.EventBus] [JavaFX Application Thread] Firing event: WorldEvent[type=ENTITY_ADDED]
01 Mar 2016, 19:59:41.166 [  FINER] [      FXGL.GameScene] [JavaFX Application Thread] Entity added to scene
01 Mar 2016, 19:59:41.166 [  FINER] [      FXGL.GameScene] [JavaFX Application Thread] Added MainViewComponent
01 Mar 2016, 19:59:41.167 [  FINER] [       FXGL.EventBus] [JavaFX Application Thread] Firing event: WorldEvent[type=ENTITY_ADDED]
01 Mar 2016, 19:59:41.167 [  FINER] [      FXGL.GameScene] [JavaFX Application Thread] Entity added to scene
01 Mar 2016, 19:59:41.167 [  FINER] [      FXGL.GameScene] [JavaFX Application Thread] Added MainViewComponent
01 Mar 2016, 19:59:41.167 [  FINER] [       FXGL.EventBus] [JavaFX Application Thread] Firing event: WorldEvent[type=ENTITY_ADDED]
01 Mar 2016, 19:59:41.168 [  FINER] [      FXGL.GameScene] [JavaFX Application Thread] Entity added to scene
01 Mar 2016, 19:59:41.168 [  FINER] [      FXGL.GameScene] [JavaFX Application Thread] Added MainViewComponent
01 Mar 2016, 19:59:41.168 [  FINER] [       FXGL.EventBus] [JavaFX Application Thread] Firing event: WorldEvent[type=ENTITY_ADDED]
01 Mar 2016, 19:59:41.168 [  FINER] [      FXGL.GameScene] [JavaFX Application Thread] Entity added to scene
01 Mar 2016, 19:59:41.168 [  FINER] [      FXGL.GameScene] [JavaFX Application Thread] Added MainViewComponent
01 Mar 2016, 19:59:41.169 [  FINER] [       FXGL.EventBus] [JavaFX Application Thread] Firing event: WorldEvent[type=ENTITY_ADDED]
01 Mar 2016, 19:59:41.169 [  FINER] [      FXGL.GameScene] [JavaFX Application Thread] Entity added to scene
01 Mar 2016, 19:59:41.169 [  FINER] [      FXGL.GameScene] [JavaFX Application Thread] Added MainViewComponent
01 Mar 2016, 19:59:41.169 [  FINER] [       FXGL.EventBus] [JavaFX Application Thread] Firing event: WorldEvent[type=ENTITY_ADDED]
01 Mar 2016, 19:59:41.170 [  FINER] [      FXGL.GameScene] [JavaFX Application Thread] Entity added to scene
01 Mar 2016, 19:59:41.170 [  FINER] [      FXGL.GameScene] [JavaFX Application Thread] Added MainViewComponent
01 Mar 2016, 19:59:41.170 [  FINER] [       FXGL.EventBus] [JavaFX Application Thread] Firing event: WorldEvent[type=ENTITY_ADDED]
01 Mar 2016, 19:59:41.170 [  FINER] [      FXGL.GameScene] [JavaFX Application Thread] Entity added to scene
01 Mar 2016, 19:59:41.170 [  FINER] [      FXGL.GameScene] [JavaFX Application Thread] Added MainViewComponent
01 Mar 2016, 19:59:41.171 [  FINER] [       FXGL.EventBus] [JavaFX Application Thread] Firing event: WorldEvent[type=ENTITY_ADDED]
01 Mar 2016, 19:59:41.171 [  FINER] [      FXGL.GameScene] [JavaFX Application Thread] Entity added to scene
01 Mar 2016, 19:59:41.171 [  FINER] [      FXGL.GameScene] [JavaFX Application Thread] Added MainViewComponent
01 Mar 2016, 19:59:41.171 [  FINER] [       FXGL.EventBus] [JavaFX Application Thread] Firing event: WorldEvent[type=ENTITY_ADDED]
01 Mar 2016, 19:59:41.172 [  FINER] [      FXGL.GameScene] [JavaFX Application Thread] Entity added to scene
01 Mar 2016, 19:59:41.172 [  FINER] [      FXGL.GameScene] [JavaFX Application Thread] Added MainViewComponent
01 Mar 2016, 19:59:41.172 [  FINER] [       FXGL.EventBus] [JavaFX Application Thread] Firing event: WorldEvent[type=ENTITY_ADDED]
01 Mar 2016, 19:59:41.172 [  FINER] [      FXGL.GameScene] [JavaFX Application Thread] Entity added to scene
01 Mar 2016, 19:59:41.172 [  FINER] [      FXGL.GameScene] [JavaFX Application Thread] Added MainViewComponent
01 Mar 2016, 19:59:41.173 [  FINER] [       FXGL.EventBus] [JavaFX Application Thread] Firing event: WorldEvent[type=ENTITY_ADDED]
01 Mar 2016, 19:59:41.173 [  FINER] [      FXGL.GameScene] [JavaFX Application Thread] Entity added to scene
01 Mar 2016, 19:59:41.173 [  FINER] [      FXGL.GameScene] [JavaFX Application Thread] Added MainViewComponent
01 Mar 2016, 19:59:41.173 [  FINER] [       FXGL.EventBus] [JavaFX Application Thread] Firing event: WorldEvent[type=ENTITY_ADDED]
01 Mar 2016, 19:59:41.173 [  FINER] [      FXGL.GameScene] [JavaFX Application Thread] Entity added to scene
01 Mar 2016, 19:59:41.174 [  FINER] [      FXGL.GameScene] [JavaFX Application Thread] Added MainViewComponent
01 Mar 2016, 19:59:41.174 [  FINER] [       FXGL.EventBus] [JavaFX Application Thread] Firing event: WorldEvent[type=ENTITY_ADDED]
01 Mar 2016, 19:59:41.174 [  FINER] [      FXGL.GameScene] [JavaFX Application Thread] Entity added to scene
01 Mar 2016, 19:59:41.174 [  FINER] [      FXGL.GameScene] [JavaFX Application Thread] Added MainViewComponent
01 Mar 2016, 19:59:41.175 [  FINER] [       FXGL.EventBus] [JavaFX Application Thread] Firing event: WorldEvent[type=ENTITY_ADDED]
01 Mar 2016, 19:59:41.175 [  FINER] [      FXGL.GameScene] [JavaFX Application Thread] Entity added to scene
01 Mar 2016, 19:59:41.175 [  FINER] [      FXGL.GameScene] [JavaFX Application Thread] Added MainViewComponent
01 Mar 2016, 19:59:41.175 [  FINER] [       FXGL.EventBus] [JavaFX Application Thread] Firing event: WorldEvent[type=ENTITY_ADDED]
01 Mar 2016, 19:59:41.176 [  FINER] [      FXGL.GameScene] [JavaFX Application Thread] Entity added to scene
01 Mar 2016, 19:59:41.176 [  FINER] [      FXGL.GameScene] [JavaFX Application Thread] Added MainViewComponent
01 Mar 2016, 19:59:41.176 [  FINER] [       FXGL.EventBus] [JavaFX Application Thread] Firing event: WorldEvent[type=ENTITY_ADDED]
01 Mar 2016, 19:59:41.176 [  FINER] [      FXGL.GameScene] [JavaFX Application Thread] Entity added to scene
01 Mar 2016, 19:59:41.176 [  FINER] [      FXGL.GameScene] [JavaFX Application Thread] Added MainViewComponent
01 Mar 2016, 19:59:41.177 [  FINER] [       FXGL.EventBus] [JavaFX Application Thread] Firing event: WorldEvent[type=ENTITY_ADDED]
01 Mar 2016, 19:59:41.177 [  FINER] [      FXGL.GameScene] [JavaFX Application Thread] Entity added to scene
01 Mar 2016, 19:59:41.177 [  FINER] [      FXGL.GameScene] [JavaFX Application Thread] Added MainViewComponent
01 Mar 2016, 19:59:41.177 [  FINER] [       FXGL.EventBus] [JavaFX Application Thread] Firing event: WorldEvent[type=ENTITY_ADDED]
01 Mar 2016, 19:59:41.177 [  FINER] [      FXGL.GameScene] [JavaFX Application Thread] Entity added to scene
01 Mar 2016, 19:59:41.178 [  FINER] [      FXGL.GameScene] [JavaFX Application Thread] Added MainViewComponent
01 Mar 2016, 19:59:41.178 [  FINER] [       FXGL.EventBus] [JavaFX Application Thread] Firing event: WorldEvent[type=ENTITY_ADDED]
01 Mar 2016, 19:59:41.178 [  FINER] [      FXGL.GameScene] [JavaFX Application Thread] Entity added to scene
01 Mar 2016, 19:59:41.178 [  FINER] [      FXGL.GameScene] [JavaFX Application Thread] Added MainViewComponent
01 Mar 2016, 19:59:41.179 [  FINER] [       FXGL.EventBus] [JavaFX Application Thread] Firing event: WorldEvent[type=ENTITY_ADDED]
01 Mar 2016, 19:59:41.179 [  FINER] [      FXGL.GameScene] [JavaFX Application Thread] Entity added to scene
01 Mar 2016, 19:59:41.179 [  FINER] [      FXGL.GameScene] [JavaFX Application Thread] Added MainViewComponent
01 Mar 2016, 20:05:02.365 [  FINER] [       FXGL.EventBus] [JavaFX Application Thread] Firing event: DisplayEvent[type=DIALOG_OPENED]
01 Mar 2016, 20:05:02.366 [  FINER] [    FXGL.Application] [JavaFX Application Thread] Pausing main loop
01 Mar 2016, 20:05:02.366 [  FINER] [       FXGL.EventBus] [JavaFX Application Thread] Firing event: FXGLEvent[type=PAUSE]
01 Mar 2016, 20:05:02.366 [  FINER] [          FXGL.Input] [JavaFX Application Thread] Clearing active input actions
01 Mar 2016, 20:05:02.366 [  FINER] [    FXGL.MasterTimer] [JavaFX Application Thread] Stopping master timer
01 Mar 2016, 20:05:02.366 [  FINER] [    FXGL.Application] [JavaFX Application Thread] State: PLAYING -> PAUSED
01 Mar 2016, 20:05:02.366 [  FINER] [          FXGL.Input] [JavaFX Application Thread] Clearing active input actions
01 Mar 2016, 20:05:03.655 [  FINER] [       FXGL.EventBus] [JavaFX Application Thread] Firing event: DisplayEvent[type=DIALOG_CLOSED]
01 Mar 2016, 20:05:03.656 [  FINER] [    FXGL.Application] [JavaFX Application Thread] Resuming main loop
01 Mar 2016, 20:05:03.656 [  FINER] [       FXGL.EventBus] [JavaFX Application Thread] Firing event: FXGLEvent[type=RESUME]
01 Mar 2016, 20:05:03.656 [  FINER] [          FXGL.Input] [JavaFX Application Thread] Clearing active input actions
01 Mar 2016, 20:05:03.656 [  FINER] [    FXGL.MasterTimer] [JavaFX Application Thread] Starting master timer
01 Mar 2016, 20:05:03.656 [  FINER] [    FXGL.Application] [JavaFX Application Thread] State: PAUSED -> PLAYING
01 Mar 2016, 20:05:03.656 [  FINER] [       FXGL.EventBus] [JavaFX Application Thread] Firing event: DisplayEvent[type=CLOSE_REQUEST]
01 Mar 2016, 20:05:03.656 [  FINER] [    FXGL.Application] [JavaFX Application Thread] Exiting Normally
01 Mar 2016, 20:05:03.657 [  FINER] [       FXGL.EventBus] [JavaFX Application Thread] Firing event: FXGLEvent[type=EXIT]
01 Mar 2016, 20:05:03.657 [  FINER] [         FXGL.Logger] [JavaFX Application Thread] Logger is closing
