21 Mar 2016, 18:28:28.221 [   INFO] [         FXGL.Logger] [JavaFX Application Thread] Logger initialized with level: CONFIG
21 Mar 2016, 18:28:28.223 [  FINER] [         FXGL.Logger] [JavaFX Application Thread] CPU cores: 4
21 Mar 2016, 18:28:28.225 [  FINER] [         FXGL.Logger] [JavaFX Application Thread] Free Memory: 107MB
21 Mar 2016, 18:28:28.225 [  FINER] [         FXGL.Logger] [JavaFX Application Thread] Max Memory: 1755MB
21 Mar 2016, 18:28:28.226 [  FINER] [         FXGL.Logger] [JavaFX Application Thread] Total Memory: 119MB
21 Mar 2016, 18:28:28.226 [  FINER] [         FXGL.Logger] [JavaFX Application Thread] System Properties:
21 Mar 2016, 18:28:28.229 [  FINER] [         FXGL.Logger] [JavaFX Application Thread] sun.cpu.isalist=amd64
21 Mar 2016, 18:28:28.229 [  FINER] [         FXGL.Logger] [JavaFX Application Thread] sun.desktop=windows
21 Mar 2016, 18:28:28.229 [  FINER] [         FXGL.Logger] [JavaFX Application Thread] sun.io.unicode.encoding=UnicodeLittle
21 Mar 2016, 18:28:28.229 [  FINER] [         FXGL.Logger] [JavaFX Application Thread] sun.cpu.endian=little
21 Mar 2016, 18:28:28.230 [  FINER] [         FXGL.Logger] [JavaFX Application Thread] java.vendor.url.bug=http://bugreport.sun.com/bugreport/
21 Mar 2016, 18:28:28.230 [  FINER] [         FXGL.Logger] [JavaFX Application Thread] file.separator=\
21 Mar 2016, 18:28:28.230 [  FINER] [         FXGL.Logger] [JavaFX Application Thread] java.vendor=Oracle Corporation
21 Mar 2016, 18:28:28.230 [  FINER] [         FXGL.Logger] [JavaFX Application Thread] sun.boot.class.path=C:\Program Files\Java\jre1.8.0_73\lib\resources.jar;C:\Program Files\Java\jre1.8.0_73\lib\rt.jar;C:\Program Files\Java\jre1.8.0_73\lib\sunrsasign.jar;C:\Program Files\Java\jre1.8.0_73\lib\jsse.jar;C:\Program Files\Java\jre1.8.0_73\lib\jce.jar;C:\Program Files\Java\jre1.8.0_73\lib\charsets.jar;C:\Program Files\Java\jre1.8.0_73\lib\jfr.jar;C:\Program Files\Java\jre1.8.0_73\classes
21 Mar 2016, 18:28:28.231 [  FINER] [         FXGL.Logger] [JavaFX Application Thread] java.ext.dirs=C:\Program Files\Java\jre1.8.0_73\lib\ext;C:\Windows\Sun\Java\lib\ext
21 Mar 2016, 18:28:28.231 [  FINER] [         FXGL.Logger] [JavaFX Application Thread] java.version=1.8.0_73
21 Mar 2016, 18:28:28.231 [  FINER] [         FXGL.Logger] [JavaFX Application Thread] java.vm.info=mixed mode
21 Mar 2016, 18:28:28.232 [  FINER] [         FXGL.Logger] [JavaFX Application Thread] awt.toolkit=sun.awt.windows.WToolkit
21 Mar 2016, 18:28:28.232 [  FINER] [         FXGL.Logger] [JavaFX Application Thread] user.language=en
21 Mar 2016, 18:28:28.232 [  FINER] [         FXGL.Logger] [JavaFX Application Thread] java.specification.vendor=Oracle Corporation
21 Mar 2016, 18:28:28.232 [  FINER] [         FXGL.Logger] [JavaFX Application Thread] sun.java.command=SpaceInvaders.SpaceInvadersApp
21 Mar 2016, 18:28:28.232 [  FINER] [         FXGL.Logger] [JavaFX Application Thread] java.home=C:\Program Files\Java\jre1.8.0_73
21 Mar 2016, 18:28:28.233 [  FINER] [         FXGL.Logger] [JavaFX Application Thread] sun.arch.data.model=64
21 Mar 2016, 18:28:28.233 [  FINER] [         FXGL.Logger] [JavaFX Application Thread] java.vm.specification.version=1.8
21 Mar 2016, 18:28:28.233 [  FINER] [         FXGL.Logger] [JavaFX Application Thread] java.class.path=D:\workspace\SpaceInvaders\target\classes;C:\Program Files\eclipse\plugins\org.junit_4.12.0.v201504281640\junit.jar;C:\Program Files\eclipse\plugins\org.hamcrest.core_1.3.0.v201303031735.jar;C:\Users\Anwar Saleeby\.m2\repository\com\github\AlmasB\FXGL\0.2.1-0.2.0-gba5970d-32\FXGL-0.2.1-0.2.0-gba5970d-32.jar;C:\Users\Anwar Saleeby\.m2\repository\com\google\inject\guice\4.0\guice-4.0.jar;C:\Users\Anwar Saleeby\.m2\repository\javax\inject\javax.inject\1\javax.inject-1.jar;C:\Users\Anwar Saleeby\.m2\repository\aopalliance\aopalliance\1.0\aopalliance-1.0.jar;C:\Users\Anwar Saleeby\.m2\repository\com\google\guava\guava\16.0.1\guava-16.0.1.jar;C:\Users\Anwar Saleeby\.m2\repository\org\jfxtras\jfxtras-window\8.0-r4\jfxtras-window-8.0-r4.jar;C:\Users\Anwar Saleeby\.m2\repository\org\jfxtras\jfxtras-common\8.0-r4\jfxtras-common-8.0-r4.jar;C:\Users\Anwar Saleeby\.m2\repository\com\github\AlmasB\FXEventBus\1.0\FXEventBus-1.0.jar;C:\Users\Anwar Saleeby\.m2\repository\com\github\AlmasB\Ents\1.0\Ents-1.0.jar;C:\Users\Anwar Saleeby\.m2\repository\org\apache\logging\log4j\log4j-api\2.5\log4j-api-2.5.jar;C:\Users\Anwar Saleeby\.m2\repository\org\apache\logging\log4j\log4j-core\2.5\log4j-core-2.5.jar;C:\Users\Anwar Saleeby\.m2\repository\com\github\AlmasB\AStar\1.0\AStar-1.0.jar
21 Mar 2016, 18:28:28.233 [  FINER] [         FXGL.Logger] [JavaFX Application Thread] user.name=Anwar Saleeby
21 Mar 2016, 18:28:28.234 [  FINER] [         FXGL.Logger] [JavaFX Application Thread] file.encoding=UTF-8
21 Mar 2016, 18:28:28.234 [  FINER] [         FXGL.Logger] [JavaFX Application Thread] java.specification.version=1.8
21 Mar 2016, 18:28:28.234 [  FINER] [         FXGL.Logger] [JavaFX Application Thread] java.awt.printerjob=sun.awt.windows.WPrinterJob
21 Mar 2016, 18:28:28.234 [  FINER] [         FXGL.Logger] [JavaFX Application Thread] user.timezone=America/New_York
21 Mar 2016, 18:28:28.234 [  FINER] [         FXGL.Logger] [JavaFX Application Thread] user.home=C:\Users\Anwar Saleeby
21 Mar 2016, 18:28:28.235 [  FINER] [         FXGL.Logger] [JavaFX Application Thread] os.version=10.0
21 Mar 2016, 18:28:28.235 [  FINER] [         FXGL.Logger] [JavaFX Application Thread] sun.management.compiler=HotSpot 64-Bit Tiered Compilers
21 Mar 2016, 18:28:28.235 [  FINER] [         FXGL.Logger] [JavaFX Application Thread] java.specification.name=Java Platform API Specification
21 Mar 2016, 18:28:28.235 [  FINER] [         FXGL.Logger] [JavaFX Application Thread] java.class.version=52.0
21 Mar 2016, 18:28:28.235 [  FINER] [         FXGL.Logger] [JavaFX Application Thread] java.library.path=C:\Program Files\Java\jre1.8.0_73\bin;C:\Windows\Sun\Java\bin;C:\Windows\system32;C:\Windows;C:/Program Files/Java/jre1.8.0_73/bin/server;C:/Program Files/Java/jre1.8.0_73/bin;C:/Program Files/Java/jre1.8.0_73/lib/amd64;C:\oraclexe\app\oracle\product\11.2.0\server\bin;C:\ProgramData\Oracle\Java\javapath;C:\Windows\system32;C:\Windows;C:\Windows\System32\Wbem;C:\Windows\System32\WindowsPowerShell\v1.0\;C:\Program Files\nodejs\;C:\Program Files\Git\cmd;C:\Users\Anwar Saleeby\AppData\Local\Programs\Python\Python35\Scripts\;C:\Users\Anwar Saleeby\AppData\Local\Programs\Python\Python35\;C:\Users\Anwar Saleeby\AppData\Roaming\npm;C:\Program Files\MongoDB\Server\3.2\bin;C:\Program Files\Git;C:\Program Files\eclipse;;.
21 Mar 2016, 18:28:28.235 [  FINER] [         FXGL.Logger] [JavaFX Application Thread] sun.jnu.encoding=Cp1252
21 Mar 2016, 18:28:28.236 [  FINER] [         FXGL.Logger] [JavaFX Application Thread] os.name=Windows 10
21 Mar 2016, 18:28:28.236 [  FINER] [         FXGL.Logger] [JavaFX Application Thread] user.variant=
21 Mar 2016, 18:28:28.236 [  FINER] [         FXGL.Logger] [JavaFX Application Thread] java.vm.specification.vendor=Oracle Corporation
21 Mar 2016, 18:28:28.236 [  FINER] [         FXGL.Logger] [JavaFX Application Thread] java.io.tmpdir=C:\Users\ANWARS~1\AppData\Local\Temp\
21 Mar 2016, 18:28:28.237 [  FINER] [         FXGL.Logger] [JavaFX Application Thread] line.separator=

21 Mar 2016, 18:28:28.237 [  FINER] [         FXGL.Logger] [JavaFX Application Thread] java.endorsed.dirs=C:\Program Files\Java\jre1.8.0_73\lib\endorsed
21 Mar 2016, 18:28:28.237 [  FINER] [         FXGL.Logger] [JavaFX Application Thread] os.arch=amd64
21 Mar 2016, 18:28:28.237 [  FINER] [         FXGL.Logger] [JavaFX Application Thread] javafx.runtime.version=8.0.71-b15
21 Mar 2016, 18:28:28.237 [  FINER] [         FXGL.Logger] [JavaFX Application Thread] java.awt.graphicsenv=sun.awt.Win32GraphicsEnvironment
21 Mar 2016, 18:28:28.237 [  FINER] [         FXGL.Logger] [JavaFX Application Thread] java.runtime.version=1.8.0_73-b02
21 Mar 2016, 18:28:28.238 [  FINER] [         FXGL.Logger] [JavaFX Application Thread] java.vm.specification.name=Java Virtual Machine Specification
21 Mar 2016, 18:28:28.238 [  FINER] [         FXGL.Logger] [JavaFX Application Thread] user.dir=D:\workspace\SpaceInvaders
21 Mar 2016, 18:28:28.238 [  FINER] [         FXGL.Logger] [JavaFX Application Thread] user.country=US
21 Mar 2016, 18:28:28.238 [  FINER] [         FXGL.Logger] [JavaFX Application Thread] user.script=
21 Mar 2016, 18:28:28.239 [  FINER] [         FXGL.Logger] [JavaFX Application Thread] sun.java.launcher=SUN_STANDARD
21 Mar 2016, 18:28:28.239 [  FINER] [         FXGL.Logger] [JavaFX Application Thread] sun.os.patch.level=
21 Mar 2016, 18:28:28.239 [  FINER] [         FXGL.Logger] [JavaFX Application Thread] java.vm.name=Java HotSpot(TM) 64-Bit Server VM
21 Mar 2016, 18:28:28.239 [  FINER] [         FXGL.Logger] [JavaFX Application Thread] file.encoding.pkg=sun.io
21 Mar 2016, 18:28:28.239 [  FINER] [         FXGL.Logger] [JavaFX Application Thread] path.separator=;
21 Mar 2016, 18:28:28.240 [  FINER] [         FXGL.Logger] [JavaFX Application Thread] java.vm.vendor=Oracle Corporation
21 Mar 2016, 18:28:28.240 [  FINER] [         FXGL.Logger] [JavaFX Application Thread] java.vendor.url=http://java.oracle.com/
21 Mar 2016, 18:28:28.240 [  FINER] [         FXGL.Logger] [JavaFX Application Thread] sun.boot.library.path=C:\Program Files\Java\jre1.8.0_73\bin
21 Mar 2016, 18:28:28.240 [  FINER] [         FXGL.Logger] [JavaFX Application Thread] java.vm.version=25.73-b02
21 Mar 2016, 18:28:28.241 [  FINER] [         FXGL.Logger] [JavaFX Application Thread] java.runtime.name=Java(TM) SE Runtime Environment
21 Mar 2016, 18:28:28.241 [  FINER] [         FXGL.Logger] [JavaFX Application Thread] javafx.version=8.0.71
21 Mar 2016, 18:28:28.246 [   INFO] [        FXGL.Version] [JavaFX Application Thread] FXGL-0.2.1-SNAPSHOT
21 Mar 2016, 18:28:28.247 [   INFO] [        FXGL.Version] [JavaFX Application Thread] Source code and latest builds at: https://github.com/AlmasB/FXGL
21 Mar 2016, 18:28:28.252 [  FINER] [    FXGL.Application] [JavaFX Application Thread] Game_clinit()
21 Mar 2016, 18:28:28.258 [  FINER] [    FXGL.Application] [JavaFX-Launcher] FXGL_init()
21 Mar 2016, 18:28:28.279 [  FINER] [    FXGL.Application] [JavaFX Application Thread] FXGL_start()
21 Mar 2016, 18:28:28.280 [  FINER] [    FXGL.Application] [JavaFX Application Thread] Initializing system properties
21 Mar 2016, 18:28:28.282 [  FINER] [    FXGL.Application] [JavaFX Application Thread] sound.notification = system/notification.wav
21 Mar 2016, 18:28:28.283 [  FINER] [    FXGL.Application] [JavaFX Application Thread] asset.cache.size = 35
21 Mar 2016, 18:28:28.283 [  FINER] [    FXGL.Application] [JavaFX Application Thread] ui.font = Copperplate_Gothic_Light_Regular.ttf
21 Mar 2016, 18:28:28.283 [  FINER] [    FXGL.Application] [JavaFX Application Thread] sound.menu.back = menu/back.wav
21 Mar 2016, 18:28:28.283 [  FINER] [    FXGL.Application] [JavaFX Application Thread] sound.menu.select = menu/select.wav
21 Mar 2016, 18:28:28.283 [  FINER] [    FXGL.Application] [JavaFX Application Thread] physics.ppm = 50
21 Mar 2016, 18:28:28.284 [  FINER] [    FXGL.Application] [JavaFX Application Thread] ui.css = fxgl.css
21 Mar 2016, 18:28:28.284 [  FINER] [    FXGL.Application] [JavaFX Application Thread] ui.icon.name = fxgl_icon.png
21 Mar 2016, 18:28:28.284 [  FINER] [    FXGL.Application] [JavaFX Application Thread] sound.menu.press = menu/press.wav
21 Mar 2016, 18:28:28.284 [  FINER] [    FXGL.Application] [JavaFX Application Thread] Initializing user properties
21 Mar 2016, 18:28:28.284 [   INFO] [    FXGL.Application] [JavaFX Application Thread] User properties not found. Using system
21 Mar 2016, 18:28:28.295 [   INFO] [         FXGL.Logger] [JavaFX Application Thread] Logger level set to: CONFIG
21 Mar 2016, 18:28:28.296 [   INFO] [    FXGL.Application] [JavaFX Application Thread] Application Mode: DEVELOPER
21 Mar 2016, 18:28:28.765 [  FINER] [    FXGL.Application] [JavaFX Application Thread] Services configuration complete
21 Mar 2016, 18:28:28.775 [  FINER] [       FXGL.EventBus] [JavaFX Application Thread] Service [EventBus] initialized
21 Mar 2016, 18:28:28.778 [  FINER] [    FXGL.AssetLoader] [JavaFX Application Thread] Service [AssetLoader] initialized
21 Mar 2016, 18:28:28.780 [  FINER] [    FXGL.AssetLoader] [JavaFX Application Thread] Loading from disk: /assets/sounds/system/notification.wav
21 Mar 2016, 18:28:28.803 [  FINER] [    FXGL.AssetLoader] [JavaFX Application Thread] Loading from disk: /assets/sounds/menu/select.wav
21 Mar 2016, 18:28:28.805 [  FINER] [    FXGL.AssetLoader] [JavaFX Application Thread] Loading from disk: /assets/sounds/menu/back.wav
21 Mar 2016, 18:28:28.807 [  FINER] [    FXGL.AssetLoader] [JavaFX Application Thread] Loading from disk: /assets/sounds/menu/press.wav
21 Mar 2016, 18:28:28.809 [  FINER] [    FXGL.AssetLoader] [JavaFX Application Thread] Loading from disk: /assets/ui/fonts/Copperplate_Gothic_Light_Regular.ttf
21 Mar 2016, 18:28:28.884 [  FINER] [    FXGL.AssetLoader] [JavaFX Application Thread] Loading from disk: /assets/ui/css/fxgl.css
21 Mar 2016, 18:28:28.885 [  FINER] [    FXGL.AssetLoader] [JavaFX Application Thread] Loading from disk: /assets/ui/icons/fxgl_icon.png
21 Mar 2016, 18:28:28.923 [  FINER] [    FXGL.AssetLoader] [JavaFX Application Thread] Loading from disk: /assets/ui/css/fxgl_dark.css
21 Mar 2016, 18:28:28.999 [  FINER] [        FXGL.Display] [JavaFX Application Thread] Target size: 480.0x600.0@1.0
21 Mar 2016, 18:28:28.999 [  FINER] [        FXGL.Display] [JavaFX Application Thread] New size:    480.0x600.0@1.0
21 Mar 2016, 18:28:29.001 [  FINER] [        FXGL.Display] [JavaFX Application Thread] Service [Display] initialized
21 Mar 2016, 18:28:29.001 [  FINER] [        FXGL.Display] [JavaFX Application Thread] Using CSS: CSS[jar:file:/C:/Users/Anwar%20Saleeby/.m2/repository/com/github/AlmasB/FXGL/0.2.1-0.2.0-gba5970d-32/FXGL-0.2.1-0.2.0-gba5970d-32.jar!/assets/ui/css/fxgl_dark.css]
21 Mar 2016, 18:28:29.005 [  FINER] [          FXGL.Input] [JavaFX Application Thread] Service [Input] initialized
21 Mar 2016, 18:28:29.007 [  FINER] [    FXGL.AudioPlayer] [JavaFX Application Thread] Service [AudioPlayer] initialized
21 Mar 2016, 18:28:29.013 [  FINER] [    FXGL.MasterTimer] [JavaFX Application Thread] Service [MasterTimer] initialized
21 Mar 2016, 18:28:29.028 [  FINER] [      FXGL.GameScene] [JavaFX Application Thread] Game scene initialized
21 Mar 2016, 18:28:29.029 [  FINER] [FXGL.NotificationSer] [JavaFX Application Thread] Service [NotificationService] initialized
21 Mar 2016, 18:28:29.249 [  FINER] [      FXGL.GameWorld] [JavaFX Application Thread] Game world initialized
21 Mar 2016, 18:28:29.350 [  FINER] [   FXGL.PhysicsWorld] [JavaFX Application Thread] Physics world initialized
21 Mar 2016, 18:28:29.372 [  FINER] [    FXGL.Application] [JavaFX Application Thread] Game_start()
21 Mar 2016, 18:28:29.381 [  FINER] [          FXGL.Input] [JavaFX Application Thread] Registered new binding: Move Left A
21 Mar 2016, 18:28:29.382 [  FINER] [          FXGL.Input] [JavaFX Application Thread] Registered new binding: Shoot Space
21 Mar 2016, 18:28:29.382 [  FINER] [          FXGL.Input] [JavaFX Application Thread] Registered new binding: Move Right D
21 Mar 2016, 18:28:29.384 [  FINER] [    FXGL.Application] [JavaFX Application Thread] Saving data to profile
21 Mar 2016, 18:28:29.385 [  FINER] [    FXGL.UserProfile] [JavaFX Application Thread] Logging bundle: game
21 Mar 2016, 18:28:29.386 [  FINER] [    FXGL.UserProfile] [JavaFX Application Thread] game.playtime=1128185603
21 Mar 2016, 18:28:29.387 [  FINER] [       FXGL.EventBus] [JavaFX Application Thread] Firing event: SaveEvent
21 Mar 2016, 18:28:29.389 [  FINER] [        FXGL.Display] [JavaFX Application Thread] Saving data to profile
21 Mar 2016, 18:28:29.389 [  FINER] [    FXGL.UserProfile] [JavaFX Application Thread] Logging bundle: scene
21 Mar 2016, 18:28:29.389 [  FINER] [    FXGL.UserProfile] [JavaFX Application Thread] scene.sizeW=480.0
21 Mar 2016, 18:28:29.390 [  FINER] [    FXGL.UserProfile] [JavaFX Application Thread] scene.sizeH=600.0
21 Mar 2016, 18:28:29.390 [  FINER] [          FXGL.Input] [JavaFX Application Thread] Saving data to profile
21 Mar 2016, 18:28:29.390 [  FINER] [    FXGL.UserProfile] [JavaFX Application Thread] Logging bundle: input
21 Mar 2016, 18:28:29.391 [  FINER] [    FXGL.UserProfile] [JavaFX Application Thread] input.Shoot=Space
21 Mar 2016, 18:28:29.391 [  FINER] [    FXGL.UserProfile] [JavaFX Application Thread] input.Move Right=D
21 Mar 2016, 18:28:29.391 [  FINER] [    FXGL.UserProfile] [JavaFX Application Thread] input.Move Left=A
21 Mar 2016, 18:28:29.391 [  FINER] [    FXGL.AudioPlayer] [JavaFX Application Thread] Saving data to profile
21 Mar 2016, 18:28:29.392 [  FINER] [    FXGL.UserProfile] [JavaFX Application Thread] Logging bundle: audio
21 Mar 2016, 18:28:29.393 [  FINER] [    FXGL.UserProfile] [JavaFX Application Thread] audio.musicVolume=0.5
21 Mar 2016, 18:28:29.393 [  FINER] [    FXGL.UserProfile] [JavaFX Application Thread] audio.soundVolume=0.5
21 Mar 2016, 18:28:29.393 [  FINER] [FXGL.AchievementMana] [JavaFX Application Thread] Saving data to profile
21 Mar 2016, 18:28:29.395 [  FINER] [    FXGL.UserProfile] [JavaFX Application Thread] Logging bundle: achievement
21 Mar 2016, 18:28:29.395 [  FINER] [    FXGL.Application] [JavaFX Application Thread] Starting new game
21 Mar 2016, 18:28:29.397 [  FINER] [    FXGL.Application] [JavaFX Application Thread] Initializing App
21 Mar 2016, 18:28:29.397 [  FINER] [    FXGL.Application] [JavaFX Application Thread] Pausing main loop
21 Mar 2016, 18:28:29.397 [  FINER] [       FXGL.EventBus] [JavaFX Application Thread] Firing event: FXGLEvent[type=PAUSE]
21 Mar 2016, 18:28:29.398 [  FINER] [          FXGL.Input] [JavaFX Application Thread] Clearing active input actions
21 Mar 2016, 18:28:29.398 [  FINER] [    FXGL.MasterTimer] [JavaFX Application Thread] Stopping master timer
21 Mar 2016, 18:28:29.398 [  FINER] [    FXGL.Application] [JavaFX Application Thread] State: STARTUP -> PAUSED
21 Mar 2016, 18:28:29.399 [  FINER] [    FXGL.Application] [JavaFX Application Thread] Resetting FXGL application
21 Mar 2016, 18:28:29.399 [  FINER] [       FXGL.EventBus] [JavaFX Application Thread] Firing event: FXGLEvent[type=RESET]
21 Mar 2016, 18:28:29.399 [  FINER] [          FXGL.Input] [JavaFX Application Thread] Clearing active input actions
21 Mar 2016, 18:28:29.399 [  FINER] [    FXGL.MasterTimer] [JavaFX Application Thread] Resetting ticks to 0
21 Mar 2016, 18:28:29.400 [  FINER] [    FXGL.MasterTimer] [JavaFX Application Thread] Clearing all scheduled actions
21 Mar 2016, 18:28:29.400 [  FINER] [      FXGL.GameScene] [JavaFX Application Thread] Resetting game scene
21 Mar 2016, 18:28:29.400 [  FINER] [      FXGL.GameWorld] [JavaFX Application Thread] Resetting game world
21 Mar 2016, 18:28:29.402 [  FINER] [    FXGL.Application] [JavaFX Application Thread] State: PAUSED -> LOADING
21 Mar 2016, 18:28:29.435 [  FINER] [    FXGL.Application] [JavaFX Application Thread] Starting FXGL Init Thread
21 Mar 2016, 18:28:29.436 [  FINER] [    FXGL.Application] [FXGL Init Thread] Initializing Assets
21 Mar 2016, 18:28:29.442 [  FINER] [    FXGL.AssetLoader] [FXGL Init Thread] Loading from disk: /assets/textures/enemy.png
21 Mar 2016, 18:28:29.447 [  FINER] [    FXGL.AssetLoader] [FXGL Init Thread] Loading from disk: /assets/textures/enemyReduced.png
21 Mar 2016, 18:28:29.448 [  FINER] [    FXGL.AssetLoader] [FXGL Init Thread] Loading from disk: /assets/textures/enemyReduced1.png
21 Mar 2016, 18:28:29.450 [  FINER] [    FXGL.AssetLoader] [FXGL Init Thread] Loading from disk: /assets/textures/enemyReduced2.png
21 Mar 2016, 18:28:29.451 [  FINER] [    FXGL.AssetLoader] [FXGL Init Thread] Loading from disk: /assets/textures/enemyReduced3.png
21 Mar 2016, 18:28:29.452 [  FINER] [    FXGL.AssetLoader] [FXGL Init Thread] Loading from disk: /assets/textures/life.png
21 Mar 2016, 18:28:29.455 [  FINER] [    FXGL.AssetLoader] [FXGL Init Thread] Loading from disk: /assets/textures/spaceship.png
21 Mar 2016, 18:28:29.456 [  FINER] [    FXGL.AssetLoader] [FXGL Init Thread] Loading from disk: /assets/textures/spaceshipReduced.png
21 Mar 2016, 18:28:29.458 [  FINER] [    FXGL.AssetLoader] [FXGL Init Thread] Loading from disk: /assets/textures/text.png
21 Mar 2016, 18:28:29.481 [  FINER] [    FXGL.AssetLoader] [FXGL Init Thread] Loading from disk: /assets/textures/wall.png
21 Mar 2016, 18:28:29.490 [  FINER] [    FXGL.AssetLoader] [FXGL Init Thread] Loading from disk: /assets/music/bgm.mp3
21 Mar 2016, 18:28:29.684 [  FINER] [    FXGL.AssetLoader] [FXGL Init Thread] Loading from cache: /assets/ui/fonts/Copperplate_Gothic_Light_Regular.ttf
21 Mar 2016, 18:28:29.708 [  FINER] [    FXGL.Application] [JavaFX Application Thread] Showing stage
21 Mar 2016, 18:28:29.709 [  FINER] [    FXGL.Application] [JavaFX Application Thread] Root size: 480.0x600.0
21 Mar 2016, 18:28:29.709 [  FINER] [    FXGL.Application] [JavaFX Application Thread] Scene size: 480.0x600.0
21 Mar 2016, 18:28:29.709 [  FINER] [    FXGL.Application] [JavaFX Application Thread] Stage size: 486.0x629.0
21 Mar 2016, 18:28:29.761 [  FINER] [    FXGL.Application] [FXGL Init Thread] Initializing Game
21 Mar 2016, 18:28:29.795 [  FINER] [    FXGL.AssetLoader] [FXGL Init Thread] Loading from cache: /assets/textures/enemyReduced3.png
21 Mar 2016, 18:28:29.809 [  FINER] [    FXGL.AssetLoader] [FXGL Init Thread] Loading from cache: /assets/textures/enemyReduced2.png
21 Mar 2016, 18:28:29.813 [  FINER] [    FXGL.AssetLoader] [FXGL Init Thread] Loading from cache: /assets/textures/enemyReduced3.png
21 Mar 2016, 18:28:29.815 [  FINER] [    FXGL.AssetLoader] [FXGL Init Thread] Loading from cache: /assets/textures/enemyReduced1.png
21 Mar 2016, 18:28:29.816 [  FINER] [    FXGL.AssetLoader] [FXGL Init Thread] Loading from cache: /assets/textures/enemyReduced3.png
21 Mar 2016, 18:28:29.819 [  FINER] [    FXGL.AssetLoader] [FXGL Init Thread] Loading from cache: /assets/textures/enemyReduced2.png
21 Mar 2016, 18:28:29.829 [  FINER] [    FXGL.AssetLoader] [FXGL Init Thread] Loading from cache: /assets/textures/enemyReduced1.png
21 Mar 2016, 18:28:29.835 [  FINER] [    FXGL.AssetLoader] [FXGL Init Thread] Loading from cache: /assets/textures/enemyReduced2.png
21 Mar 2016, 18:28:29.846 [  FINER] [    FXGL.AssetLoader] [FXGL Init Thread] Loading from cache: /assets/textures/enemyReduced2.png
21 Mar 2016, 18:28:29.847 [  FINER] [    FXGL.AssetLoader] [FXGL Init Thread] Loading from cache: /assets/textures/enemyReduced1.png
21 Mar 2016, 18:28:29.849 [  FINER] [    FXGL.AssetLoader] [FXGL Init Thread] Loading from cache: /assets/textures/enemyReduced3.png
21 Mar 2016, 18:28:29.851 [  FINER] [    FXGL.AssetLoader] [FXGL Init Thread] Loading from cache: /assets/textures/enemyReduced2.png
21 Mar 2016, 18:28:29.852 [  FINER] [    FXGL.AssetLoader] [FXGL Init Thread] Loading from cache: /assets/textures/enemyReduced2.png
21 Mar 2016, 18:28:29.853 [  FINER] [    FXGL.AssetLoader] [FXGL Init Thread] Loading from cache: /assets/textures/enemyReduced2.png
21 Mar 2016, 18:28:29.854 [  FINER] [    FXGL.AssetLoader] [FXGL Init Thread] Loading from cache: /assets/textures/enemyReduced3.png
21 Mar 2016, 18:28:29.855 [  FINER] [    FXGL.AssetLoader] [FXGL Init Thread] Loading from cache: /assets/textures/enemyReduced1.png
21 Mar 2016, 18:28:29.858 [  FINER] [    FXGL.AssetLoader] [FXGL Init Thread] Loading from cache: /assets/textures/enemyReduced2.png
21 Mar 2016, 18:28:29.860 [  FINER] [    FXGL.AssetLoader] [FXGL Init Thread] Loading from cache: /assets/textures/enemyReduced3.png
21 Mar 2016, 18:28:29.861 [  FINER] [    FXGL.AssetLoader] [FXGL Init Thread] Loading from cache: /assets/textures/enemyReduced3.png
21 Mar 2016, 18:28:29.862 [  FINER] [    FXGL.AssetLoader] [FXGL Init Thread] Loading from cache: /assets/textures/enemyReduced2.png
21 Mar 2016, 18:28:29.863 [  FINER] [    FXGL.AssetLoader] [FXGL Init Thread] Loading from cache: /assets/textures/enemyReduced3.png
21 Mar 2016, 18:28:29.864 [  FINER] [    FXGL.AssetLoader] [FXGL Init Thread] Loading from cache: /assets/textures/enemyReduced2.png
21 Mar 2016, 18:28:29.866 [  FINER] [    FXGL.AssetLoader] [FXGL Init Thread] Loading from cache: /assets/textures/enemyReduced1.png
21 Mar 2016, 18:28:29.867 [  FINER] [    FXGL.AssetLoader] [FXGL Init Thread] Loading from cache: /assets/textures/enemyReduced3.png
21 Mar 2016, 18:28:29.868 [  FINER] [    FXGL.AssetLoader] [FXGL Init Thread] Loading from cache: /assets/textures/enemyReduced1.png
21 Mar 2016, 18:28:29.869 [  FINER] [    FXGL.AssetLoader] [FXGL Init Thread] Loading from cache: /assets/textures/enemyReduced1.png
21 Mar 2016, 18:28:29.871 [  FINER] [    FXGL.AssetLoader] [FXGL Init Thread] Loading from cache: /assets/textures/enemyReduced3.png
21 Mar 2016, 18:28:29.872 [  FINER] [    FXGL.AssetLoader] [FXGL Init Thread] Loading from cache: /assets/textures/enemyReduced2.png
21 Mar 2016, 18:28:29.873 [  FINER] [    FXGL.AssetLoader] [FXGL Init Thread] Loading from cache: /assets/textures/enemyReduced3.png
21 Mar 2016, 18:28:29.875 [  FINER] [    FXGL.AssetLoader] [FXGL Init Thread] Loading from cache: /assets/textures/enemyReduced2.png
21 Mar 2016, 18:28:29.876 [  FINER] [    FXGL.AssetLoader] [FXGL Init Thread] Loading from cache: /assets/textures/enemyReduced2.png
21 Mar 2016, 18:28:29.879 [  FINER] [    FXGL.AssetLoader] [FXGL Init Thread] Loading from cache: /assets/textures/enemyReduced2.png
21 Mar 2016, 18:28:29.881 [  FINER] [    FXGL.AssetLoader] [FXGL Init Thread] Loading from cache: /assets/textures/enemyReduced2.png
21 Mar 2016, 18:28:29.882 [  FINER] [    FXGL.AssetLoader] [FXGL Init Thread] Loading from cache: /assets/textures/enemyReduced2.png
21 Mar 2016, 18:28:29.884 [  FINER] [    FXGL.AssetLoader] [FXGL Init Thread] Loading from cache: /assets/textures/enemyReduced3.png
21 Mar 2016, 18:28:29.885 [  FINER] [    FXGL.AssetLoader] [FXGL Init Thread] Loading from cache: /assets/textures/enemyReduced2.png
21 Mar 2016, 18:28:29.888 [  FINER] [    FXGL.AssetLoader] [FXGL Init Thread] Loading from cache: /assets/textures/enemyReduced1.png
21 Mar 2016, 18:28:29.889 [  FINER] [    FXGL.AssetLoader] [FXGL Init Thread] Loading from cache: /assets/textures/enemyReduced3.png
21 Mar 2016, 18:28:29.891 [  FINER] [    FXGL.AssetLoader] [FXGL Init Thread] Loading from cache: /assets/textures/enemyReduced3.png
21 Mar 2016, 18:28:29.892 [  FINER] [    FXGL.AssetLoader] [FXGL Init Thread] Loading from cache: /assets/textures/enemyReduced2.png
21 Mar 2016, 18:28:29.893 [  FINER] [    FXGL.AssetLoader] [FXGL Init Thread] Loading from cache: /assets/textures/wall.png
21 Mar 2016, 18:28:29.894 [  FINER] [    FXGL.AssetLoader] [FXGL Init Thread] Loading from cache: /assets/textures/wall.png
21 Mar 2016, 18:28:29.895 [  FINER] [    FXGL.AssetLoader] [FXGL Init Thread] Loading from cache: /assets/textures/wall.png
21 Mar 2016, 18:28:29.896 [  FINER] [    FXGL.AssetLoader] [FXGL Init Thread] Loading from cache: /assets/textures/wall.png
21 Mar 2016, 18:28:29.897 [  FINER] [    FXGL.AssetLoader] [FXGL Init Thread] Loading from cache: /assets/textures/spaceshipReduced.png
21 Mar 2016, 18:28:29.898 [  FINER] [    FXGL.Application] [FXGL Init Thread] Initializing Physics
21 Mar 2016, 18:28:29.899 [  FINER] [    FXGL.Application] [FXGL Init Thread] Initializing UI
21 Mar 2016, 18:28:29.905 [  FINER] [    FXGL.Application] [FXGL Init Thread] Initialization Complete
21 Mar 2016, 18:28:29.906 [  FINER] [       FXGL.EventBus] [JavaFX Application Thread] Firing event: FXGLEvent[type=INIT_APP_COMPLETE]
21 Mar 2016, 18:28:29.907 [  FINER] [    FXGL.Application] [JavaFX Application Thread] Resuming main loop
21 Mar 2016, 18:28:29.907 [  FINER] [       FXGL.EventBus] [JavaFX Application Thread] Firing event: FXGLEvent[type=RESUME]
21 Mar 2016, 18:28:29.907 [  FINER] [          FXGL.Input] [JavaFX Application Thread] Clearing active input actions
21 Mar 2016, 18:28:29.907 [  FINER] [    FXGL.MasterTimer] [JavaFX Application Thread] Starting master timer
21 Mar 2016, 18:28:29.908 [  FINER] [    FXGL.Application] [JavaFX Application Thread] State: LOADING -> PLAYING
21 Mar 2016, 18:28:29.918 [  FINER] [       FXGL.EventBus] [JavaFX Application Thread] Firing event: WorldEvent[type=ENTITY_ADDED]
21 Mar 2016, 18:28:29.919 [  FINER] [      FXGL.GameScene] [JavaFX Application Thread] Entity added to scene
21 Mar 2016, 18:28:29.919 [  FINER] [      FXGL.GameScene] [JavaFX Application Thread] Added MainViewComponent
21 Mar 2016, 18:28:29.921 [  FINER] [      FXGL.GameScene] [JavaFX Application Thread] Creating render group for layer: TOP(2147483647)
21 Mar 2016, 18:28:29.925 [  FINER] [       FXGL.EventBus] [JavaFX Application Thread] Firing event: WorldEvent[type=ENTITY_ADDED]
21 Mar 2016, 18:28:29.925 [  FINER] [      FXGL.GameScene] [JavaFX Application Thread] Entity added to scene
21 Mar 2016, 18:28:29.925 [  FINER] [      FXGL.GameScene] [JavaFX Application Thread] Added MainViewComponent
21 Mar 2016, 18:28:29.926 [  FINER] [       FXGL.EventBus] [JavaFX Application Thread] Firing event: WorldEvent[type=ENTITY_ADDED]
21 Mar 2016, 18:28:29.926 [  FINER] [      FXGL.GameScene] [JavaFX Application Thread] Entity added to scene
21 Mar 2016, 18:28:29.926 [  FINER] [      FXGL.GameScene] [JavaFX Application Thread] Added MainViewComponent
21 Mar 2016, 18:28:29.927 [  FINER] [       FXGL.EventBus] [JavaFX Application Thread] Firing event: WorldEvent[type=ENTITY_ADDED]
21 Mar 2016, 18:28:29.927 [  FINER] [      FXGL.GameScene] [JavaFX Application Thread] Entity added to scene
21 Mar 2016, 18:28:29.928 [  FINER] [      FXGL.GameScene] [JavaFX Application Thread] Added MainViewComponent
21 Mar 2016, 18:28:29.928 [  FINER] [       FXGL.EventBus] [JavaFX Application Thread] Firing event: WorldEvent[type=ENTITY_ADDED]
21 Mar 2016, 18:28:29.928 [  FINER] [      FXGL.GameScene] [JavaFX Application Thread] Entity added to scene
21 Mar 2016, 18:28:29.928 [  FINER] [      FXGL.GameScene] [JavaFX Application Thread] Added MainViewComponent
21 Mar 2016, 18:28:29.929 [  FINER] [       FXGL.EventBus] [JavaFX Application Thread] Firing event: WorldEvent[type=ENTITY_ADDED]
21 Mar 2016, 18:28:29.929 [  FINER] [      FXGL.GameScene] [JavaFX Application Thread] Entity added to scene
21 Mar 2016, 18:28:29.929 [  FINER] [      FXGL.GameScene] [JavaFX Application Thread] Added MainViewComponent
21 Mar 2016, 18:28:29.929 [  FINER] [       FXGL.EventBus] [JavaFX Application Thread] Firing event: WorldEvent[type=ENTITY_ADDED]
21 Mar 2016, 18:28:29.930 [  FINER] [      FXGL.GameScene] [JavaFX Application Thread] Entity added to scene
21 Mar 2016, 18:28:29.930 [  FINER] [      FXGL.GameScene] [JavaFX Application Thread] Added MainViewComponent
21 Mar 2016, 18:28:29.930 [  FINER] [       FXGL.EventBus] [JavaFX Application Thread] Firing event: WorldEvent[type=ENTITY_ADDED]
21 Mar 2016, 18:28:29.930 [  FINER] [      FXGL.GameScene] [JavaFX Application Thread] Entity added to scene
21 Mar 2016, 18:28:29.931 [  FINER] [      FXGL.GameScene] [JavaFX Application Thread] Added MainViewComponent
21 Mar 2016, 18:28:29.931 [  FINER] [       FXGL.EventBus] [JavaFX Application Thread] Firing event: WorldEvent[type=ENTITY_ADDED]
21 Mar 2016, 18:28:29.931 [  FINER] [      FXGL.GameScene] [JavaFX Application Thread] Entity added to scene
21 Mar 2016, 18:28:29.932 [  FINER] [      FXGL.GameScene] [JavaFX Application Thread] Added MainViewComponent
21 Mar 2016, 18:28:29.932 [  FINER] [       FXGL.EventBus] [JavaFX Application Thread] Firing event: WorldEvent[type=ENTITY_ADDED]
21 Mar 2016, 18:28:29.933 [  FINER] [      FXGL.GameScene] [JavaFX Application Thread] Entity added to scene
21 Mar 2016, 18:28:29.933 [  FINER] [      FXGL.GameScene] [JavaFX Application Thread] Added MainViewComponent
21 Mar 2016, 18:28:29.933 [  FINER] [       FXGL.EventBus] [JavaFX Application Thread] Firing event: WorldEvent[type=ENTITY_ADDED]
21 Mar 2016, 18:28:29.934 [  FINER] [      FXGL.GameScene] [JavaFX Application Thread] Entity added to scene
21 Mar 2016, 18:28:29.934 [  FINER] [      FXGL.GameScene] [JavaFX Application Thread] Added MainViewComponent
21 Mar 2016, 18:28:29.934 [  FINER] [       FXGL.EventBus] [JavaFX Application Thread] Firing event: WorldEvent[type=ENTITY_ADDED]
21 Mar 2016, 18:28:29.935 [  FINER] [      FXGL.GameScene] [JavaFX Application Thread] Entity added to scene
21 Mar 2016, 18:28:29.936 [  FINER] [      FXGL.GameScene] [JavaFX Application Thread] Added MainViewComponent
21 Mar 2016, 18:28:29.937 [  FINER] [       FXGL.EventBus] [JavaFX Application Thread] Firing event: WorldEvent[type=ENTITY_ADDED]
21 Mar 2016, 18:28:29.937 [  FINER] [      FXGL.GameScene] [JavaFX Application Thread] Entity added to scene
21 Mar 2016, 18:28:29.937 [  FINER] [      FXGL.GameScene] [JavaFX Application Thread] Added MainViewComponent
21 Mar 2016, 18:28:29.938 [  FINER] [       FXGL.EventBus] [JavaFX Application Thread] Firing event: WorldEvent[type=ENTITY_ADDED]
21 Mar 2016, 18:28:29.938 [  FINER] [      FXGL.GameScene] [JavaFX Application Thread] Entity added to scene
21 Mar 2016, 18:28:29.938 [  FINER] [      FXGL.GameScene] [JavaFX Application Thread] Added MainViewComponent
21 Mar 2016, 18:28:29.938 [  FINER] [       FXGL.EventBus] [JavaFX Application Thread] Firing event: WorldEvent[type=ENTITY_ADDED]
21 Mar 2016, 18:28:29.938 [  FINER] [      FXGL.GameScene] [JavaFX Application Thread] Entity added to scene
21 Mar 2016, 18:28:29.939 [  FINER] [      FXGL.GameScene] [JavaFX Application Thread] Added MainViewComponent
21 Mar 2016, 18:28:29.939 [  FINER] [       FXGL.EventBus] [JavaFX Application Thread] Firing event: WorldEvent[type=ENTITY_ADDED]
21 Mar 2016, 18:28:29.939 [  FINER] [      FXGL.GameScene] [JavaFX Application Thread] Entity added to scene
21 Mar 2016, 18:28:29.939 [  FINER] [      FXGL.GameScene] [JavaFX Application Thread] Added MainViewComponent
21 Mar 2016, 18:28:29.940 [  FINER] [       FXGL.EventBus] [JavaFX Application Thread] Firing event: WorldEvent[type=ENTITY_ADDED]
21 Mar 2016, 18:28:29.940 [  FINER] [      FXGL.GameScene] [JavaFX Application Thread] Entity added to scene
21 Mar 2016, 18:28:29.940 [  FINER] [      FXGL.GameScene] [JavaFX Application Thread] Added MainViewComponent
21 Mar 2016, 18:28:29.941 [  FINER] [       FXGL.EventBus] [JavaFX Application Thread] Firing event: WorldEvent[type=ENTITY_ADDED]
21 Mar 2016, 18:28:29.941 [  FINER] [      FXGL.GameScene] [JavaFX Application Thread] Entity added to scene
21 Mar 2016, 18:28:29.941 [  FINER] [      FXGL.GameScene] [JavaFX Application Thread] Added MainViewComponent
21 Mar 2016, 18:28:29.941 [  FINER] [       FXGL.EventBus] [JavaFX Application Thread] Firing event: WorldEvent[type=ENTITY_ADDED]
21 Mar 2016, 18:28:29.941 [  FINER] [      FXGL.GameScene] [JavaFX Application Thread] Entity added to scene
21 Mar 2016, 18:28:29.942 [  FINER] [      FXGL.GameScene] [JavaFX Application Thread] Added MainViewComponent
21 Mar 2016, 18:28:29.942 [  FINER] [       FXGL.EventBus] [JavaFX Application Thread] Firing event: WorldEvent[type=ENTITY_ADDED]
21 Mar 2016, 18:28:29.943 [  FINER] [      FXGL.GameScene] [JavaFX Application Thread] Entity added to scene
21 Mar 2016, 18:28:29.943 [  FINER] [      FXGL.GameScene] [JavaFX Application Thread] Added MainViewComponent
21 Mar 2016, 18:28:29.943 [  FINER] [       FXGL.EventBus] [JavaFX Application Thread] Firing event: WorldEvent[type=ENTITY_ADDED]
21 Mar 2016, 18:28:29.944 [  FINER] [      FXGL.GameScene] [JavaFX Application Thread] Entity added to scene
21 Mar 2016, 18:28:29.944 [  FINER] [      FXGL.GameScene] [JavaFX Application Thread] Added MainViewComponent
21 Mar 2016, 18:28:29.945 [  FINER] [       FXGL.EventBus] [JavaFX Application Thread] Firing event: WorldEvent[type=ENTITY_ADDED]
21 Mar 2016, 18:28:29.945 [  FINER] [      FXGL.GameScene] [JavaFX Application Thread] Entity added to scene
21 Mar 2016, 18:28:29.945 [  FINER] [      FXGL.GameScene] [JavaFX Application Thread] Added MainViewComponent
21 Mar 2016, 18:28:29.946 [  FINER] [       FXGL.EventBus] [JavaFX Application Thread] Firing event: WorldEvent[type=ENTITY_ADDED]
21 Mar 2016, 18:28:29.946 [  FINER] [      FXGL.GameScene] [JavaFX Application Thread] Entity added to scene
21 Mar 2016, 18:28:29.946 [  FINER] [      FXGL.GameScene] [JavaFX Application Thread] Added MainViewComponent
21 Mar 2016, 18:28:29.948 [  FINER] [       FXGL.EventBus] [JavaFX Application Thread] Firing event: WorldEvent[type=ENTITY_ADDED]
21 Mar 2016, 18:28:29.948 [  FINER] [      FXGL.GameScene] [JavaFX Application Thread] Entity added to scene
21 Mar 2016, 18:28:29.948 [  FINER] [      FXGL.GameScene] [JavaFX Application Thread] Added MainViewComponent
21 Mar 2016, 18:28:29.949 [  FINER] [       FXGL.EventBus] [JavaFX Application Thread] Firing event: WorldEvent[type=ENTITY_ADDED]
21 Mar 2016, 18:28:29.949 [  FINER] [      FXGL.GameScene] [JavaFX Application Thread] Entity added to scene
21 Mar 2016, 18:28:29.949 [  FINER] [      FXGL.GameScene] [JavaFX Application Thread] Added MainViewComponent
21 Mar 2016, 18:28:29.950 [  FINER] [       FXGL.EventBus] [JavaFX Application Thread] Firing event: WorldEvent[type=ENTITY_ADDED]
21 Mar 2016, 18:28:29.950 [  FINER] [      FXGL.GameScene] [JavaFX Application Thread] Entity added to scene
21 Mar 2016, 18:28:29.950 [  FINER] [      FXGL.GameScene] [JavaFX Application Thread] Added MainViewComponent
21 Mar 2016, 18:28:29.951 [  FINER] [       FXGL.EventBus] [JavaFX Application Thread] Firing event: WorldEvent[type=ENTITY_ADDED]
21 Mar 2016, 18:28:29.951 [  FINER] [      FXGL.GameScene] [JavaFX Application Thread] Entity added to scene
21 Mar 2016, 18:28:29.952 [  FINER] [      FXGL.GameScene] [JavaFX Application Thread] Added MainViewComponent
21 Mar 2016, 18:28:29.952 [  FINER] [       FXGL.EventBus] [JavaFX Application Thread] Firing event: WorldEvent[type=ENTITY_ADDED]
21 Mar 2016, 18:28:29.952 [  FINER] [      FXGL.GameScene] [JavaFX Application Thread] Entity added to scene
21 Mar 2016, 18:28:29.953 [  FINER] [      FXGL.GameScene] [JavaFX Application Thread] Added MainViewComponent
21 Mar 2016, 18:28:29.953 [  FINER] [       FXGL.EventBus] [JavaFX Application Thread] Firing event: WorldEvent[type=ENTITY_ADDED]
21 Mar 2016, 18:28:29.953 [  FINER] [      FXGL.GameScene] [JavaFX Application Thread] Entity added to scene
21 Mar 2016, 18:28:29.953 [  FINER] [      FXGL.GameScene] [JavaFX Application Thread] Added MainViewComponent
21 Mar 2016, 18:28:29.954 [  FINER] [       FXGL.EventBus] [JavaFX Application Thread] Firing event: WorldEvent[type=ENTITY_ADDED]
21 Mar 2016, 18:28:29.954 [  FINER] [      FXGL.GameScene] [JavaFX Application Thread] Entity added to scene
21 Mar 2016, 18:28:29.954 [  FINER] [      FXGL.GameScene] [JavaFX Application Thread] Added MainViewComponent
21 Mar 2016, 18:28:29.954 [  FINER] [       FXGL.EventBus] [JavaFX Application Thread] Firing event: WorldEvent[type=ENTITY_ADDED]
21 Mar 2016, 18:28:29.955 [  FINER] [      FXGL.GameScene] [JavaFX Application Thread] Entity added to scene
21 Mar 2016, 18:28:29.955 [  FINER] [      FXGL.GameScene] [JavaFX Application Thread] Added MainViewComponent
21 Mar 2016, 18:28:29.955 [  FINER] [       FXGL.EventBus] [JavaFX Application Thread] Firing event: WorldEvent[type=ENTITY_ADDED]
21 Mar 2016, 18:28:29.956 [  FINER] [      FXGL.GameScene] [JavaFX Application Thread] Entity added to scene
21 Mar 2016, 18:28:29.956 [  FINER] [      FXGL.GameScene] [JavaFX Application Thread] Added MainViewComponent
21 Mar 2016, 18:28:29.956 [  FINER] [       FXGL.EventBus] [JavaFX Application Thread] Firing event: WorldEvent[type=ENTITY_ADDED]
21 Mar 2016, 18:28:29.957 [  FINER] [      FXGL.GameScene] [JavaFX Application Thread] Entity added to scene
21 Mar 2016, 18:28:29.957 [  FINER] [      FXGL.GameScene] [JavaFX Application Thread] Added MainViewComponent
21 Mar 2016, 18:28:29.958 [  FINER] [       FXGL.EventBus] [JavaFX Application Thread] Firing event: WorldEvent[type=ENTITY_ADDED]
21 Mar 2016, 18:28:29.958 [  FINER] [      FXGL.GameScene] [JavaFX Application Thread] Entity added to scene
21 Mar 2016, 18:28:29.958 [  FINER] [      FXGL.GameScene] [JavaFX Application Thread] Added MainViewComponent
21 Mar 2016, 18:28:29.959 [  FINER] [       FXGL.EventBus] [JavaFX Application Thread] Firing event: WorldEvent[type=ENTITY_ADDED]
21 Mar 2016, 18:28:29.959 [  FINER] [      FXGL.GameScene] [JavaFX Application Thread] Entity added to scene
21 Mar 2016, 18:28:29.959 [  FINER] [      FXGL.GameScene] [JavaFX Application Thread] Added MainViewComponent
21 Mar 2016, 18:28:29.960 [  FINER] [       FXGL.EventBus] [JavaFX Application Thread] Firing event: WorldEvent[type=ENTITY_ADDED]
21 Mar 2016, 18:28:29.960 [  FINER] [      FXGL.GameScene] [JavaFX Application Thread] Entity added to scene
21 Mar 2016, 18:28:29.961 [  FINER] [      FXGL.GameScene] [JavaFX Application Thread] Added MainViewComponent
21 Mar 2016, 18:28:29.961 [  FINER] [       FXGL.EventBus] [JavaFX Application Thread] Firing event: WorldEvent[type=ENTITY_ADDED]
21 Mar 2016, 18:28:29.962 [  FINER] [      FXGL.GameScene] [JavaFX Application Thread] Entity added to scene
21 Mar 2016, 18:28:29.962 [  FINER] [      FXGL.GameScene] [JavaFX Application Thread] Added MainViewComponent
21 Mar 2016, 18:28:29.962 [  FINER] [       FXGL.EventBus] [JavaFX Application Thread] Firing event: WorldEvent[type=ENTITY_ADDED]
21 Mar 2016, 18:28:29.962 [  FINER] [      FXGL.GameScene] [JavaFX Application Thread] Entity added to scene
21 Mar 2016, 18:28:29.962 [  FINER] [      FXGL.GameScene] [JavaFX Application Thread] Added MainViewComponent
21 Mar 2016, 18:28:29.963 [  FINER] [       FXGL.EventBus] [JavaFX Application Thread] Firing event: WorldEvent[type=ENTITY_ADDED]
21 Mar 2016, 18:28:29.963 [  FINER] [      FXGL.GameScene] [JavaFX Application Thread] Entity added to scene
21 Mar 2016, 18:28:29.963 [  FINER] [      FXGL.GameScene] [JavaFX Application Thread] Added MainViewComponent
21 Mar 2016, 18:28:29.964 [  FINER] [       FXGL.EventBus] [JavaFX Application Thread] Firing event: WorldEvent[type=ENTITY_ADDED]
21 Mar 2016, 18:28:29.964 [  FINER] [      FXGL.GameScene] [JavaFX Application Thread] Entity added to scene
21 Mar 2016, 18:28:29.964 [  FINER] [      FXGL.GameScene] [JavaFX Application Thread] Added MainViewComponent
21 Mar 2016, 18:28:29.964 [  FINER] [       FXGL.EventBus] [JavaFX Application Thread] Firing event: WorldEvent[type=ENTITY_ADDED]
21 Mar 2016, 18:28:29.965 [  FINER] [      FXGL.GameScene] [JavaFX Application Thread] Entity added to scene
21 Mar 2016, 18:28:29.965 [  FINER] [      FXGL.GameScene] [JavaFX Application Thread] Added MainViewComponent
21 Mar 2016, 18:28:29.965 [  FINER] [       FXGL.EventBus] [JavaFX Application Thread] Firing event: WorldEvent[type=ENTITY_ADDED]
21 Mar 2016, 18:28:29.966 [  FINER] [      FXGL.GameScene] [JavaFX Application Thread] Entity added to scene
21 Mar 2016, 18:28:29.966 [  FINER] [      FXGL.GameScene] [JavaFX Application Thread] Added MainViewComponent
21 Mar 2016, 18:28:29.966 [  FINER] [       FXGL.EventBus] [JavaFX Application Thread] Firing event: WorldEvent[type=ENTITY_ADDED]
21 Mar 2016, 18:28:29.966 [  FINER] [      FXGL.GameScene] [JavaFX Application Thread] Entity added to scene
21 Mar 2016, 18:28:29.967 [  FINER] [      FXGL.GameScene] [JavaFX Application Thread] Added MainViewComponent
21 Mar 2016, 18:28:29.967 [  FINER] [       FXGL.EventBus] [JavaFX Application Thread] Firing event: WorldEvent[type=ENTITY_ADDED]
21 Mar 2016, 18:28:29.967 [  FINER] [      FXGL.GameScene] [JavaFX Application Thread] Entity added to scene
21 Mar 2016, 18:28:29.967 [  FINER] [      FXGL.GameScene] [JavaFX Application Thread] Added MainViewComponent
21 Mar 2016, 18:28:29.968 [  FINER] [       FXGL.EventBus] [JavaFX Application Thread] Firing event: WorldEvent[type=ENTITY_ADDED]
21 Mar 2016, 18:28:29.968 [  FINER] [      FXGL.GameScene] [JavaFX Application Thread] Entity added to scene
21 Mar 2016, 18:28:29.968 [  FINER] [      FXGL.GameScene] [JavaFX Application Thread] Added MainViewComponent
21 Mar 2016, 18:28:44.016 [  FINER] [    FXGL.Application] [JavaFX Application Thread] Pausing main loop
21 Mar 2016, 18:28:44.017 [  FINER] [       FXGL.EventBus] [JavaFX Application Thread] Firing event: FXGLEvent[type=PAUSE]
21 Mar 2016, 18:28:44.017 [  FINER] [          FXGL.Input] [JavaFX Application Thread] Clearing active input actions
21 Mar 2016, 18:28:44.018 [  FINER] [    FXGL.MasterTimer] [JavaFX Application Thread] Stopping master timer
21 Mar 2016, 18:28:44.018 [  FINER] [    FXGL.Application] [JavaFX Application Thread] State: PLAYING -> PAUSED
21 Mar 2016, 18:28:44.018 [ SEVERE] [    FXGL.Application] [JavaFX Application Thread] Uncaught Exception:
21 Mar 2016, 18:28:44.020 [ SEVERE] [    FXGL.Application] [JavaFX Application Thread] 

Exception occurred: java.lang.RuntimeException : java.lang.reflect.InvocationTargetExceptionE: com.almasb.fxgl.input.Input$1.onAction(Input.java:424)
E: java.lang.Iterable.forEach(Unknown Source)
E: com.almasb.fxgl.input.Input.lambda$new$82(Input.java:112)
E: com.sun.javafx.event.CompositeEventHandler$NormalEventHandlerRecord.handleBubblingEvent(Unknown Source)
E: com.sun.javafx.event.CompositeEventHandler.dispatchBubblingEvent(Unknown Source)
E: com.sun.javafx.event.EventHandlerManager.dispatchBubblingEvent(Unknown Source)
E: com.sun.javafx.event.EventHandlerManager.dispatchBubblingEvent(Unknown Source)
E: com.sun.javafx.event.CompositeEventDispatcher.dispatchBubblingEvent(Unknown Source)
E: com.sun.javafx.event.BasicEventDispatcher.dispatchEvent(Unknown Source)
E: com.sun.javafx.event.EventDispatchChainImpl.dispatchEvent(Unknown Source)
E: com.sun.javafx.event.EventUtil.fireEventImpl(Unknown Source)
E: com.sun.javafx.event.EventUtil.fireEvent(Unknown Source)
E: javafx.event.Event.fireEvent(Unknown Source)
E: javafx.scene.Node.fireEvent(Unknown Source)
E: com.almasb.fxeventbus.FXEventBus.fireEvent(FXEventBus.java:28)
E: com.almasb.fxgl.event.FXGLEventBus.fireEvent(FXGLEventBus.java:73)
E: com.almasb.fxgl.time.FXGLMasterTimer.handle(FXGLMasterTimer.java:132)
E: javafx.animation.AnimationTimer$AnimationTimerReceiver.lambda$handle$484(Unknown Source)
E: java.security.AccessController.doPrivileged(Native Method)
E: javafx.animation.AnimationTimer$AnimationTimerReceiver.handle(Unknown Source)
E: com.sun.scenario.animation.AbstractMasterTimer.timePulseImpl(Unknown Source)
E: com.sun.scenario.animation.AbstractMasterTimer$MainLoop.run(Unknown Source)
E: com.sun.javafx.tk.quantum.QuantumToolkit.pulse(Unknown Source)
E: com.sun.javafx.tk.quantum.QuantumToolkit.pulse(Unknown Source)
E: com.sun.javafx.tk.quantum.QuantumToolkit.lambda$runToolkit$404(Unknown Source)
E: com.sun.glass.ui.InvokeLaterDispatcher$Future.run(Unknown Source)
E: com.sun.glass.ui.win.WinApplication._runLoop(Native Method)
E: com.sun.glass.ui.win.WinApplication.lambda$null$148(Unknown Source)
E: java.lang.Thread.run(Unknown Source)

21 Mar 2016, 18:28:44.020 [ SEVERE] [    FXGL.Application] [JavaFX Application Thread] Application will now exit
21 Mar 2016, 18:29:15.400 [  FINER] [    FXGL.Application] [JavaFX Application Thread] Exiting Normally
21 Mar 2016, 18:29:15.400 [  FINER] [       FXGL.EventBus] [JavaFX Application Thread] Firing event: FXGLEvent[type=EXIT]
21 Mar 2016, 18:29:15.400 [  FINER] [         FXGL.Logger] [JavaFX Application Thread] Logger is closing
