17 Mar 2016, 19:16:33.443 [   INFO] [         FXGL.Logger] [JavaFX Application Thread] Logger initialized with level: CONFIG
17 Mar 2016, 19:16:33.446 [  FINER] [         FXGL.Logger] [JavaFX Application Thread] CPU cores: 4
17 Mar 2016, 19:16:33.448 [  FINER] [         FXGL.Logger] [JavaFX Application Thread] Free Memory: 107MB
17 Mar 2016, 19:16:33.448 [  FINER] [         FXGL.Logger] [JavaFX Application Thread] Max Memory: 1755MB
17 Mar 2016, 19:16:33.449 [  FINER] [         FXGL.Logger] [JavaFX Application Thread] Total Memory: 119MB
17 Mar 2016, 19:16:33.449 [  FINER] [         FXGL.Logger] [JavaFX Application Thread] System Properties:
17 Mar 2016, 19:16:33.452 [  FINER] [         FXGL.Logger] [JavaFX Application Thread] sun.cpu.isalist=amd64
17 Mar 2016, 19:16:33.452 [  FINER] [         FXGL.Logger] [JavaFX Application Thread] sun.desktop=windows
17 Mar 2016, 19:16:33.453 [  FINER] [         FXGL.Logger] [JavaFX Application Thread] sun.io.unicode.encoding=UnicodeLittle
17 Mar 2016, 19:16:33.453 [  FINER] [         FXGL.Logger] [JavaFX Application Thread] sun.cpu.endian=little
17 Mar 2016, 19:16:33.453 [  FINER] [         FXGL.Logger] [JavaFX Application Thread] java.vendor.url.bug=http://bugreport.sun.com/bugreport/
17 Mar 2016, 19:16:33.453 [  FINER] [         FXGL.Logger] [JavaFX Application Thread] file.separator=\
17 Mar 2016, 19:16:33.454 [  FINER] [         FXGL.Logger] [JavaFX Application Thread] java.vendor=Oracle Corporation
17 Mar 2016, 19:16:33.454 [  FINER] [         FXGL.Logger] [JavaFX Application Thread] sun.boot.class.path=C:\Program Files\Java\jre1.8.0_73\lib\resources.jar;C:\Program Files\Java\jre1.8.0_73\lib\rt.jar;C:\Program Files\Java\jre1.8.0_73\lib\sunrsasign.jar;C:\Program Files\Java\jre1.8.0_73\lib\jsse.jar;C:\Program Files\Java\jre1.8.0_73\lib\jce.jar;C:\Program Files\Java\jre1.8.0_73\lib\charsets.jar;C:\Program Files\Java\jre1.8.0_73\lib\jfr.jar;C:\Program Files\Java\jre1.8.0_73\classes
17 Mar 2016, 19:16:33.454 [  FINER] [         FXGL.Logger] [JavaFX Application Thread] java.ext.dirs=C:\Program Files\Java\jre1.8.0_73\lib\ext;C:\Windows\Sun\Java\lib\ext
17 Mar 2016, 19:16:33.454 [  FINER] [         FXGL.Logger] [JavaFX Application Thread] java.version=1.8.0_73
17 Mar 2016, 19:16:33.455 [  FINER] [         FXGL.Logger] [JavaFX Application Thread] java.vm.info=mixed mode
17 Mar 2016, 19:16:33.455 [  FINER] [         FXGL.Logger] [JavaFX Application Thread] awt.toolkit=sun.awt.windows.WToolkit
17 Mar 2016, 19:16:33.455 [  FINER] [         FXGL.Logger] [JavaFX Application Thread] user.language=en
17 Mar 2016, 19:16:33.455 [  FINER] [         FXGL.Logger] [JavaFX Application Thread] java.specification.vendor=Oracle Corporation
17 Mar 2016, 19:16:33.456 [  FINER] [         FXGL.Logger] [JavaFX Application Thread] sun.java.command=com.chromalife.SpaceInvaders.SpaceInvadersApp
17 Mar 2016, 19:16:33.456 [  FINER] [         FXGL.Logger] [JavaFX Application Thread] java.home=C:\Program Files\Java\jre1.8.0_73
17 Mar 2016, 19:16:33.456 [  FINER] [         FXGL.Logger] [JavaFX Application Thread] sun.arch.data.model=64
17 Mar 2016, 19:16:33.456 [  FINER] [         FXGL.Logger] [JavaFX Application Thread] java.vm.specification.version=1.8
17 Mar 2016, 19:16:33.456 [  FINER] [         FXGL.Logger] [JavaFX Application Thread] java.class.path=D:\SpaceInvaders\target\classes;C:\Users\Anwar Saleeby\.m2\repository\com\github\AlmasB\FXGL\0.2.1-0.2.0-gba5970d-32\FXGL-0.2.1-0.2.0-gba5970d-32.jar;C:\Users\Anwar Saleeby\.m2\repository\com\google\inject\guice\4.0\guice-4.0.jar;C:\Users\Anwar Saleeby\.m2\repository\javax\inject\javax.inject\1\javax.inject-1.jar;C:\Users\Anwar Saleeby\.m2\repository\aopalliance\aopalliance\1.0\aopalliance-1.0.jar;C:\Users\Anwar Saleeby\.m2\repository\com\google\guava\guava\16.0.1\guava-16.0.1.jar;C:\Users\Anwar Saleeby\.m2\repository\org\jfxtras\jfxtras-window\8.0-r4\jfxtras-window-8.0-r4.jar;C:\Users\Anwar Saleeby\.m2\repository\org\jfxtras\jfxtras-common\8.0-r4\jfxtras-common-8.0-r4.jar;C:\Users\Anwar Saleeby\.m2\repository\com\github\AlmasB\FXEventBus\1.0\FXEventBus-1.0.jar;C:\Users\Anwar Saleeby\.m2\repository\com\github\AlmasB\Ents\1.0\Ents-1.0.jar;C:\Users\Anwar Saleeby\.m2\repository\org\apache\logging\log4j\log4j-api\2.5\log4j-api-2.5.jar;C:\Users\Anwar Saleeby\.m2\repository\org\apache\logging\log4j\log4j-core\2.5\log4j-core-2.5.jar;C:\Users\Anwar Saleeby\.m2\repository\com\github\AlmasB\AStar\1.0\AStar-1.0.jar
17 Mar 2016, 19:16:33.457 [  FINER] [         FXGL.Logger] [JavaFX Application Thread] user.name=Anwar Saleeby
17 Mar 2016, 19:16:33.457 [  FINER] [         FXGL.Logger] [JavaFX Application Thread] file.encoding=Cp1252
17 Mar 2016, 19:16:33.457 [  FINER] [         FXGL.Logger] [JavaFX Application Thread] java.specification.version=1.8
17 Mar 2016, 19:16:33.457 [  FINER] [         FXGL.Logger] [JavaFX Application Thread] java.awt.printerjob=sun.awt.windows.WPrinterJob
17 Mar 2016, 19:16:33.458 [  FINER] [         FXGL.Logger] [JavaFX Application Thread] user.timezone=America/New_York
17 Mar 2016, 19:16:33.458 [  FINER] [         FXGL.Logger] [JavaFX Application Thread] user.home=C:\Users\Anwar Saleeby
17 Mar 2016, 19:16:33.458 [  FINER] [         FXGL.Logger] [JavaFX Application Thread] os.version=10.0
17 Mar 2016, 19:16:33.458 [  FINER] [         FXGL.Logger] [JavaFX Application Thread] sun.management.compiler=HotSpot 64-Bit Tiered Compilers
17 Mar 2016, 19:16:33.458 [  FINER] [         FXGL.Logger] [JavaFX Application Thread] java.specification.name=Java Platform API Specification
17 Mar 2016, 19:16:33.459 [  FINER] [         FXGL.Logger] [JavaFX Application Thread] java.class.version=52.0
17 Mar 2016, 19:16:33.459 [  FINER] [         FXGL.Logger] [JavaFX Application Thread] java.library.path=C:\Program Files\Java\jre1.8.0_73\bin;C:\Windows\Sun\Java\bin;C:\Windows\system32;C:\Windows;C:/Program Files/Java/jre1.8.0_73/bin/server;C:/Program Files/Java/jre1.8.0_73/bin;C:/Program Files/Java/jre1.8.0_73/lib/amd64;C:\oraclexe\app\oracle\product\11.2.0\server\bin;C:\ProgramData\Oracle\Java\javapath;C:\Windows\system32;C:\Windows;C:\Windows\System32\Wbem;C:\Windows\System32\WindowsPowerShell\v1.0\;C:\Program Files\nodejs\;C:\Program Files\Git\cmd;C:\Users\Anwar Saleeby\AppData\Local\Programs\Python\Python35\Scripts\;C:\Users\Anwar Saleeby\AppData\Local\Programs\Python\Python35\;C:\Users\Anwar Saleeby\AppData\Roaming\npm;C:\Program Files\MongoDB\Server\3.2\bin;C:\Program Files\Git;C:\Program Files\eclipse;;.
17 Mar 2016, 19:16:33.459 [  FINER] [         FXGL.Logger] [JavaFX Application Thread] sun.jnu.encoding=Cp1252
17 Mar 2016, 19:16:33.460 [  FINER] [         FXGL.Logger] [JavaFX Application Thread] os.name=Windows 10
17 Mar 2016, 19:16:33.460 [  FINER] [         FXGL.Logger] [JavaFX Application Thread] user.variant=
17 Mar 2016, 19:16:33.460 [  FINER] [         FXGL.Logger] [JavaFX Application Thread] java.vm.specification.vendor=Oracle Corporation
17 Mar 2016, 19:16:33.460 [  FINER] [         FXGL.Logger] [JavaFX Application Thread] java.io.tmpdir=C:\Users\ANWARS~1\AppData\Local\Temp\
17 Mar 2016, 19:16:33.460 [  FINER] [         FXGL.Logger] [JavaFX Application Thread] line.separator=

17 Mar 2016, 19:16:33.461 [  FINER] [         FXGL.Logger] [JavaFX Application Thread] java.endorsed.dirs=C:\Program Files\Java\jre1.8.0_73\lib\endorsed
17 Mar 2016, 19:16:33.461 [  FINER] [         FXGL.Logger] [JavaFX Application Thread] os.arch=amd64
17 Mar 2016, 19:16:33.461 [  FINER] [         FXGL.Logger] [JavaFX Application Thread] javafx.runtime.version=8.0.71-b15
17 Mar 2016, 19:16:33.461 [  FINER] [         FXGL.Logger] [JavaFX Application Thread] java.awt.graphicsenv=sun.awt.Win32GraphicsEnvironment
17 Mar 2016, 19:16:33.461 [  FINER] [         FXGL.Logger] [JavaFX Application Thread] java.runtime.version=1.8.0_73-b02
17 Mar 2016, 19:16:33.462 [  FINER] [         FXGL.Logger] [JavaFX Application Thread] java.vm.specification.name=Java Virtual Machine Specification
17 Mar 2016, 19:16:33.462 [  FINER] [         FXGL.Logger] [JavaFX Application Thread] user.dir=D:\SpaceInvaders
17 Mar 2016, 19:16:33.462 [  FINER] [         FXGL.Logger] [JavaFX Application Thread] user.country=US
17 Mar 2016, 19:16:33.462 [  FINER] [         FXGL.Logger] [JavaFX Application Thread] user.script=
17 Mar 2016, 19:16:33.463 [  FINER] [         FXGL.Logger] [JavaFX Application Thread] sun.java.launcher=SUN_STANDARD
17 Mar 2016, 19:16:33.463 [  FINER] [         FXGL.Logger] [JavaFX Application Thread] sun.os.patch.level=
17 Mar 2016, 19:16:33.463 [  FINER] [         FXGL.Logger] [JavaFX Application Thread] java.vm.name=Java HotSpot(TM) 64-Bit Server VM
17 Mar 2016, 19:16:33.464 [  FINER] [         FXGL.Logger] [JavaFX Application Thread] file.encoding.pkg=sun.io
17 Mar 2016, 19:16:33.464 [  FINER] [         FXGL.Logger] [JavaFX Application Thread] path.separator=;
17 Mar 2016, 19:16:33.464 [  FINER] [         FXGL.Logger] [JavaFX Application Thread] java.vm.vendor=Oracle Corporation
17 Mar 2016, 19:16:33.464 [  FINER] [         FXGL.Logger] [JavaFX Application Thread] java.vendor.url=http://java.oracle.com/
17 Mar 2016, 19:16:33.465 [  FINER] [         FXGL.Logger] [JavaFX Application Thread] sun.boot.library.path=C:\Program Files\Java\jre1.8.0_73\bin
17 Mar 2016, 19:16:33.465 [  FINER] [         FXGL.Logger] [JavaFX Application Thread] java.vm.version=25.73-b02
17 Mar 2016, 19:16:33.465 [  FINER] [         FXGL.Logger] [JavaFX Application Thread] java.runtime.name=Java(TM) SE Runtime Environment
17 Mar 2016, 19:16:33.465 [  FINER] [         FXGL.Logger] [JavaFX Application Thread] javafx.version=8.0.71
17 Mar 2016, 19:16:33.469 [   INFO] [        FXGL.Version] [JavaFX Application Thread] FXGL-0.2.1-SNAPSHOT
17 Mar 2016, 19:16:33.470 [   INFO] [        FXGL.Version] [JavaFX Application Thread] Source code and latest builds at: https://github.com/AlmasB/FXGL
17 Mar 2016, 19:16:33.477 [  FINER] [    FXGL.Application] [JavaFX Application Thread] Game_clinit()
17 Mar 2016, 19:16:33.483 [  FINER] [    FXGL.Application] [JavaFX-Launcher] FXGL_init()
17 Mar 2016, 19:16:33.501 [  FINER] [    FXGL.Application] [JavaFX Application Thread] FXGL_start()
17 Mar 2016, 19:16:33.502 [  FINER] [    FXGL.Application] [JavaFX Application Thread] Initializing system properties
17 Mar 2016, 19:16:33.504 [  FINER] [    FXGL.Application] [JavaFX Application Thread] sound.notification = system/notification.wav
17 Mar 2016, 19:16:33.504 [  FINER] [    FXGL.Application] [JavaFX Application Thread] asset.cache.size = 35
17 Mar 2016, 19:16:33.505 [  FINER] [    FXGL.Application] [JavaFX Application Thread] ui.font = Copperplate_Gothic_Light_Regular.ttf
17 Mar 2016, 19:16:33.505 [  FINER] [    FXGL.Application] [JavaFX Application Thread] sound.menu.back = menu/back.wav
17 Mar 2016, 19:16:33.505 [  FINER] [    FXGL.Application] [JavaFX Application Thread] sound.menu.select = menu/select.wav
17 Mar 2016, 19:16:33.505 [  FINER] [    FXGL.Application] [JavaFX Application Thread] physics.ppm = 50
17 Mar 2016, 19:16:33.505 [  FINER] [    FXGL.Application] [JavaFX Application Thread] ui.css = fxgl.css
17 Mar 2016, 19:16:33.506 [  FINER] [    FXGL.Application] [JavaFX Application Thread] ui.icon.name = fxgl_icon.png
17 Mar 2016, 19:16:33.506 [  FINER] [    FXGL.Application] [JavaFX Application Thread] sound.menu.press = menu/press.wav
17 Mar 2016, 19:16:33.506 [  FINER] [    FXGL.Application] [JavaFX Application Thread] Initializing user properties
17 Mar 2016, 19:16:33.507 [   INFO] [    FXGL.Application] [JavaFX Application Thread] User properties not found. Using system
17 Mar 2016, 19:16:33.517 [   INFO] [         FXGL.Logger] [JavaFX Application Thread] Logger level set to: CONFIG
17 Mar 2016, 19:16:33.518 [   INFO] [    FXGL.Application] [JavaFX Application Thread] Application Mode: DEVELOPER
17 Mar 2016, 19:16:33.936 [  FINER] [    FXGL.Application] [JavaFX Application Thread] Services configuration complete
17 Mar 2016, 19:16:33.944 [  FINER] [       FXGL.EventBus] [JavaFX Application Thread] Service [EventBus] initialized
17 Mar 2016, 19:16:33.947 [  FINER] [    FXGL.AssetLoader] [JavaFX Application Thread] Service [AssetLoader] initialized
17 Mar 2016, 19:16:33.949 [  FINER] [    FXGL.AssetLoader] [JavaFX Application Thread] Loading from disk: /assets/sounds/system/notification.wav
17 Mar 2016, 19:16:33.972 [  FINER] [    FXGL.AssetLoader] [JavaFX Application Thread] Loading from disk: /assets/sounds/menu/select.wav
17 Mar 2016, 19:16:33.974 [  FINER] [    FXGL.AssetLoader] [JavaFX Application Thread] Loading from disk: /assets/sounds/menu/back.wav
17 Mar 2016, 19:16:33.976 [  FINER] [    FXGL.AssetLoader] [JavaFX Application Thread] Loading from disk: /assets/sounds/menu/press.wav
17 Mar 2016, 19:16:33.978 [  FINER] [    FXGL.AssetLoader] [JavaFX Application Thread] Loading from disk: /assets/ui/fonts/Copperplate_Gothic_Light_Regular.ttf
17 Mar 2016, 19:16:34.051 [  FINER] [    FXGL.AssetLoader] [JavaFX Application Thread] Loading from disk: /assets/ui/css/fxgl.css
17 Mar 2016, 19:16:34.052 [  FINER] [    FXGL.AssetLoader] [JavaFX Application Thread] Loading from disk: /assets/ui/icons/fxgl_icon.png
17 Mar 2016, 19:16:34.089 [  FINER] [    FXGL.AssetLoader] [JavaFX Application Thread] Loading from disk: /assets/ui/css/fxgl_dark.css
17 Mar 2016, 19:16:34.159 [  FINER] [        FXGL.Display] [JavaFX Application Thread] Target size: 480.0x800.0@1.0
17 Mar 2016, 19:16:34.159 [  FINER] [        FXGL.Display] [JavaFX Application Thread] New size:    480.0x800.0@1.0
17 Mar 2016, 19:16:34.160 [  FINER] [        FXGL.Display] [JavaFX Application Thread] Service [Display] initialized
17 Mar 2016, 19:16:34.161 [  FINER] [        FXGL.Display] [JavaFX Application Thread] Using CSS: CSS[jar:file:/C:/Users/Anwar%20Saleeby/.m2/repository/com/github/AlmasB/FXGL/0.2.1-0.2.0-gba5970d-32/FXGL-0.2.1-0.2.0-gba5970d-32.jar!/assets/ui/css/fxgl_dark.css]
17 Mar 2016, 19:16:34.165 [  FINER] [          FXGL.Input] [JavaFX Application Thread] Service [Input] initialized
17 Mar 2016, 19:16:34.168 [  FINER] [    FXGL.AudioPlayer] [JavaFX Application Thread] Service [AudioPlayer] initialized
17 Mar 2016, 19:16:34.176 [  FINER] [    FXGL.MasterTimer] [JavaFX Application Thread] Service [MasterTimer] initialized
17 Mar 2016, 19:16:34.192 [  FINER] [      FXGL.GameScene] [JavaFX Application Thread] Game scene initialized
17 Mar 2016, 19:16:34.194 [  FINER] [FXGL.NotificationSer] [JavaFX Application Thread] Service [NotificationService] initialized
17 Mar 2016, 19:16:34.427 [  FINER] [      FXGL.GameWorld] [JavaFX Application Thread] Game world initialized
17 Mar 2016, 19:16:34.515 [  FINER] [   FXGL.PhysicsWorld] [JavaFX Application Thread] Physics world initialized
17 Mar 2016, 19:16:34.534 [  FINER] [    FXGL.Application] [JavaFX Application Thread] Game_start()
17 Mar 2016, 19:16:34.539 [  FINER] [    FXGL.Application] [JavaFX Application Thread] Saving data to profile
17 Mar 2016, 19:16:34.542 [  FINER] [    FXGL.UserProfile] [JavaFX Application Thread] Logging bundle: game
17 Mar 2016, 19:16:34.543 [  FINER] [    FXGL.UserProfile] [JavaFX Application Thread] game.playtime=1060305221
17 Mar 2016, 19:16:34.543 [  FINER] [       FXGL.EventBus] [JavaFX Application Thread] Firing event: SaveEvent
17 Mar 2016, 19:16:34.546 [  FINER] [        FXGL.Display] [JavaFX Application Thread] Saving data to profile
17 Mar 2016, 19:16:34.546 [  FINER] [    FXGL.UserProfile] [JavaFX Application Thread] Logging bundle: scene
17 Mar 2016, 19:16:34.546 [  FINER] [    FXGL.UserProfile] [JavaFX Application Thread] scene.sizeW=480.0
17 Mar 2016, 19:16:34.547 [  FINER] [    FXGL.UserProfile] [JavaFX Application Thread] scene.sizeH=800.0
17 Mar 2016, 19:16:34.547 [  FINER] [          FXGL.Input] [JavaFX Application Thread] Saving data to profile
17 Mar 2016, 19:16:34.547 [  FINER] [    FXGL.UserProfile] [JavaFX Application Thread] Logging bundle: input
17 Mar 2016, 19:16:34.547 [  FINER] [    FXGL.AudioPlayer] [JavaFX Application Thread] Saving data to profile
17 Mar 2016, 19:16:34.548 [  FINER] [    FXGL.UserProfile] [JavaFX Application Thread] Logging bundle: audio
17 Mar 2016, 19:16:34.548 [  FINER] [    FXGL.UserProfile] [JavaFX Application Thread] audio.musicVolume=0.5
17 Mar 2016, 19:16:34.548 [  FINER] [    FXGL.UserProfile] [JavaFX Application Thread] audio.soundVolume=0.5
17 Mar 2016, 19:16:34.548 [  FINER] [FXGL.AchievementMana] [JavaFX Application Thread] Saving data to profile
17 Mar 2016, 19:16:34.550 [  FINER] [    FXGL.UserProfile] [JavaFX Application Thread] Logging bundle: achievement
17 Mar 2016, 19:16:34.551 [  FINER] [    FXGL.Application] [JavaFX Application Thread] Starting new game
17 Mar 2016, 19:16:34.553 [  FINER] [    FXGL.Application] [JavaFX Application Thread] Initializing App
17 Mar 2016, 19:16:34.553 [  FINER] [    FXGL.Application] [JavaFX Application Thread] Pausing main loop
17 Mar 2016, 19:16:34.554 [  FINER] [       FXGL.EventBus] [JavaFX Application Thread] Firing event: FXGLEvent[type=PAUSE]
17 Mar 2016, 19:16:34.554 [  FINER] [          FXGL.Input] [JavaFX Application Thread] Clearing active input actions
17 Mar 2016, 19:16:34.554 [  FINER] [    FXGL.MasterTimer] [JavaFX Application Thread] Stopping master timer
17 Mar 2016, 19:16:34.554 [  FINER] [    FXGL.Application] [JavaFX Application Thread] State: STARTUP -> PAUSED
17 Mar 2016, 19:16:34.555 [  FINER] [    FXGL.Application] [JavaFX Application Thread] Resetting FXGL application
17 Mar 2016, 19:16:34.555 [  FINER] [       FXGL.EventBus] [JavaFX Application Thread] Firing event: FXGLEvent[type=RESET]
17 Mar 2016, 19:16:34.555 [  FINER] [          FXGL.Input] [JavaFX Application Thread] Clearing active input actions
17 Mar 2016, 19:16:34.555 [  FINER] [    FXGL.MasterTimer] [JavaFX Application Thread] Resetting ticks to 0
17 Mar 2016, 19:16:34.555 [  FINER] [    FXGL.MasterTimer] [JavaFX Application Thread] Clearing all scheduled actions
17 Mar 2016, 19:16:34.556 [  FINER] [      FXGL.GameScene] [JavaFX Application Thread] Resetting game scene
17 Mar 2016, 19:16:34.556 [  FINER] [      FXGL.GameWorld] [JavaFX Application Thread] Resetting game world
17 Mar 2016, 19:16:34.558 [  FINER] [    FXGL.Application] [JavaFX Application Thread] State: PAUSED -> LOADING
17 Mar 2016, 19:16:34.593 [  FINER] [    FXGL.Application] [JavaFX Application Thread] Starting FXGL Init Thread
17 Mar 2016, 19:16:34.594 [  FINER] [    FXGL.Application] [FXGL Init Thread] Initializing Assets
17 Mar 2016, 19:16:34.595 [  FINER] [    FXGL.AssetLoader] [FXGL Init Thread] Loading from disk: /assets/textures/spaceshipReduced.png
17 Mar 2016, 19:16:34.602 [  FINER] [    FXGL.AssetLoader] [FXGL Init Thread] Loading from disk: /assets/textures/enemyReduced.png
17 Mar 2016, 19:16:34.604 [  FINER] [    FXGL.Application] [FXGL Init Thread] Initializing Game
17 Mar 2016, 19:16:34.635 [  FINER] [    FXGL.AssetLoader] [FXGL Init Thread] Loading from disk: /assets/textures/enemyReduced2.png
17 Mar 2016, 19:16:34.657 [  FINER] [    FXGL.AssetLoader] [FXGL Init Thread] Loading from cache: /assets/textures/enemyReduced2.png
17 Mar 2016, 19:16:34.659 [  FINER] [    FXGL.AssetLoader] [FXGL Init Thread] Loading from disk: /assets/textures/enemyReduced1.png
17 Mar 2016, 19:16:34.662 [  FINER] [    FXGL.AssetLoader] [FXGL Init Thread] Loading from disk: /assets/textures/enemyReduced3.png
17 Mar 2016, 19:16:34.664 [  FINER] [    FXGL.AssetLoader] [FXGL Init Thread] Loading from cache: /assets/textures/enemyReduced3.png
17 Mar 2016, 19:16:34.666 [  FINER] [    FXGL.AssetLoader] [FXGL Init Thread] Loading from cache: /assets/textures/enemyReduced3.png
17 Mar 2016, 19:16:34.668 [  FINER] [    FXGL.AssetLoader] [FXGL Init Thread] Loading from cache: /assets/textures/enemyReduced3.png
17 Mar 2016, 19:16:34.670 [  FINER] [    FXGL.AssetLoader] [FXGL Init Thread] Loading from cache: /assets/textures/enemyReduced3.png
17 Mar 2016, 19:16:34.672 [  FINER] [    FXGL.AssetLoader] [FXGL Init Thread] Loading from cache: /assets/textures/enemyReduced2.png
17 Mar 2016, 19:16:34.674 [  FINER] [    FXGL.AssetLoader] [FXGL Init Thread] Loading from cache: /assets/textures/enemyReduced3.png
17 Mar 2016, 19:16:34.675 [  FINER] [    FXGL.AssetLoader] [FXGL Init Thread] Loading from cache: /assets/textures/enemyReduced1.png
17 Mar 2016, 19:16:34.676 [  FINER] [    FXGL.AssetLoader] [FXGL Init Thread] Loading from cache: /assets/textures/enemyReduced1.png
17 Mar 2016, 19:16:34.677 [  FINER] [    FXGL.AssetLoader] [FXGL Init Thread] Loading from cache: /assets/textures/enemyReduced1.png
17 Mar 2016, 19:16:34.678 [  FINER] [    FXGL.AssetLoader] [FXGL Init Thread] Loading from cache: /assets/textures/enemyReduced2.png
17 Mar 2016, 19:16:34.680 [  FINER] [    FXGL.AssetLoader] [FXGL Init Thread] Loading from cache: /assets/textures/enemyReduced1.png
17 Mar 2016, 19:16:34.682 [  FINER] [    FXGL.AssetLoader] [FXGL Init Thread] Loading from cache: /assets/textures/enemyReduced1.png
17 Mar 2016, 19:16:34.683 [  FINER] [    FXGL.AssetLoader] [FXGL Init Thread] Loading from cache: /assets/textures/enemyReduced3.png
17 Mar 2016, 19:16:34.685 [  FINER] [    FXGL.AssetLoader] [FXGL Init Thread] Loading from cache: /assets/textures/enemyReduced3.png
17 Mar 2016, 19:16:34.687 [  FINER] [    FXGL.AssetLoader] [FXGL Init Thread] Loading from cache: /assets/textures/enemyReduced3.png
17 Mar 2016, 19:16:34.688 [  FINER] [    FXGL.AssetLoader] [FXGL Init Thread] Loading from cache: /assets/textures/enemyReduced2.png
17 Mar 2016, 19:16:34.693 [  FINER] [    FXGL.AssetLoader] [FXGL Init Thread] Loading from cache: /assets/textures/enemyReduced1.png
17 Mar 2016, 19:16:34.695 [  FINER] [    FXGL.AssetLoader] [FXGL Init Thread] Loading from cache: /assets/textures/enemyReduced3.png
17 Mar 2016, 19:16:34.696 [  FINER] [    FXGL.AssetLoader] [FXGL Init Thread] Loading from cache: /assets/textures/enemyReduced3.png
17 Mar 2016, 19:16:34.698 [  FINER] [    FXGL.AssetLoader] [FXGL Init Thread] Loading from cache: /assets/textures/enemyReduced1.png
17 Mar 2016, 19:16:34.700 [  FINER] [    FXGL.AssetLoader] [FXGL Init Thread] Loading from cache: /assets/textures/enemyReduced3.png
17 Mar 2016, 19:16:34.701 [  FINER] [    FXGL.AssetLoader] [FXGL Init Thread] Loading from cache: /assets/textures/enemyReduced3.png
17 Mar 2016, 19:16:34.702 [  FINER] [    FXGL.AssetLoader] [FXGL Init Thread] Loading from cache: /assets/textures/enemyReduced2.png
17 Mar 2016, 19:16:34.703 [  FINER] [    FXGL.AssetLoader] [FXGL Init Thread] Loading from cache: /assets/textures/enemyReduced3.png
17 Mar 2016, 19:16:34.705 [  FINER] [    FXGL.AssetLoader] [FXGL Init Thread] Loading from cache: /assets/textures/enemyReduced1.png
17 Mar 2016, 19:16:34.706 [  FINER] [    FXGL.AssetLoader] [FXGL Init Thread] Loading from cache: /assets/textures/enemyReduced2.png
17 Mar 2016, 19:16:34.709 [  FINER] [    FXGL.AssetLoader] [FXGL Init Thread] Loading from cache: /assets/textures/enemyReduced3.png
17 Mar 2016, 19:16:34.713 [  FINER] [    FXGL.AssetLoader] [FXGL Init Thread] Loading from cache: /assets/textures/enemyReduced2.png
17 Mar 2016, 19:16:34.714 [  FINER] [    FXGL.AssetLoader] [FXGL Init Thread] Loading from cache: /assets/textures/enemyReduced3.png
17 Mar 2016, 19:16:34.715 [  FINER] [    FXGL.AssetLoader] [FXGL Init Thread] Loading from cache: /assets/textures/enemyReduced2.png
17 Mar 2016, 19:16:34.716 [  FINER] [    FXGL.AssetLoader] [FXGL Init Thread] Loading from cache: /assets/textures/enemyReduced2.png
17 Mar 2016, 19:16:34.717 [  FINER] [    FXGL.AssetLoader] [FXGL Init Thread] Loading from cache: /assets/textures/enemyReduced2.png
17 Mar 2016, 19:16:34.717 [  FINER] [    FXGL.AssetLoader] [FXGL Init Thread] Loading from cache: /assets/textures/enemyReduced3.png
17 Mar 2016, 19:16:34.718 [  FINER] [    FXGL.AssetLoader] [FXGL Init Thread] Loading from cache: /assets/textures/enemyReduced2.png
17 Mar 2016, 19:16:34.719 [  FINER] [    FXGL.AssetLoader] [FXGL Init Thread] Loading from cache: /assets/textures/enemyReduced1.png
17 Mar 2016, 19:16:34.720 [  FINER] [    FXGL.AssetLoader] [FXGL Init Thread] Loading from cache: /assets/textures/enemyReduced1.png
17 Mar 2016, 19:16:34.722 [  FINER] [    FXGL.AssetLoader] [FXGL Init Thread] Loading from cache: /assets/textures/enemyReduced3.png
17 Mar 2016, 19:16:34.723 [  FINER] [    FXGL.AssetLoader] [FXGL Init Thread] Loading from cache: /assets/textures/enemyReduced3.png
17 Mar 2016, 19:16:34.724 [  FINER] [    FXGL.AssetLoader] [FXGL Init Thread] Loading from cache: /assets/textures/enemyReduced3.png
17 Mar 2016, 19:16:34.726 [  FINER] [    FXGL.AssetLoader] [FXGL Init Thread] Loading from cache: /assets/textures/enemyReduced2.png
17 Mar 2016, 19:16:34.727 [  FINER] [    FXGL.AssetLoader] [FXGL Init Thread] Loading from cache: /assets/textures/enemyReduced3.png
17 Mar 2016, 19:16:34.728 [  FINER] [    FXGL.AssetLoader] [FXGL Init Thread] Loading from cache: /assets/textures/enemyReduced2.png
17 Mar 2016, 19:16:34.729 [  FINER] [    FXGL.AssetLoader] [FXGL Init Thread] Loading from cache: /assets/textures/enemyReduced2.png
17 Mar 2016, 19:16:34.730 [  FINER] [    FXGL.AssetLoader] [FXGL Init Thread] Loading from cache: /assets/textures/enemyReduced2.png
17 Mar 2016, 19:16:34.731 [  FINER] [    FXGL.AssetLoader] [FXGL Init Thread] Loading from cache: /assets/textures/enemyReduced3.png
17 Mar 2016, 19:16:34.733 [  FINER] [    FXGL.AssetLoader] [FXGL Init Thread] Loading from cache: /assets/textures/enemyReduced3.png
17 Mar 2016, 19:16:34.733 [  FINER] [    FXGL.Application] [FXGL Init Thread] Initializing Physics
17 Mar 2016, 19:16:34.734 [  FINER] [    FXGL.Application] [FXGL Init Thread] Initializing UI
17 Mar 2016, 19:16:34.738 [  FINER] [    FXGL.Application] [FXGL Init Thread] Initialization Complete
17 Mar 2016, 19:16:34.835 [  FINER] [    FXGL.Application] [JavaFX Application Thread] Showing stage
17 Mar 2016, 19:16:34.835 [  FINER] [    FXGL.Application] [JavaFX Application Thread] Root size: 480.0x800.0
17 Mar 2016, 19:16:34.836 [  FINER] [    FXGL.Application] [JavaFX Application Thread] Scene size: 480.0x800.0
17 Mar 2016, 19:16:34.836 [  FINER] [    FXGL.Application] [JavaFX Application Thread] Stage size: 486.0x829.0
17 Mar 2016, 19:16:34.884 [  FINER] [       FXGL.EventBus] [JavaFX Application Thread] Firing event: FXGLEvent[type=INIT_APP_COMPLETE]
17 Mar 2016, 19:16:34.885 [  FINER] [    FXGL.Application] [JavaFX Application Thread] Resuming main loop
17 Mar 2016, 19:16:34.885 [  FINER] [       FXGL.EventBus] [JavaFX Application Thread] Firing event: FXGLEvent[type=RESUME]
17 Mar 2016, 19:16:34.885 [  FINER] [          FXGL.Input] [JavaFX Application Thread] Clearing active input actions
17 Mar 2016, 19:16:34.885 [  FINER] [    FXGL.MasterTimer] [JavaFX Application Thread] Starting master timer
17 Mar 2016, 19:16:34.885 [  FINER] [    FXGL.Application] [JavaFX Application Thread] State: LOADING -> PLAYING
17 Mar 2016, 19:16:34.902 [  FINER] [       FXGL.EventBus] [JavaFX Application Thread] Firing event: WorldEvent[type=ENTITY_ADDED]
17 Mar 2016, 19:16:34.902 [  FINER] [      FXGL.GameScene] [JavaFX Application Thread] Entity added to scene
17 Mar 2016, 19:16:34.902 [  FINER] [      FXGL.GameScene] [JavaFX Application Thread] Added MainViewComponent
17 Mar 2016, 19:16:34.905 [  FINER] [      FXGL.GameScene] [JavaFX Application Thread] Creating render group for layer: TOP(2147483647)
17 Mar 2016, 19:16:34.913 [  FINER] [       FXGL.EventBus] [JavaFX Application Thread] Firing event: WorldEvent[type=ENTITY_ADDED]
17 Mar 2016, 19:16:34.914 [  FINER] [      FXGL.GameScene] [JavaFX Application Thread] Entity added to scene
17 Mar 2016, 19:16:34.914 [  FINER] [      FXGL.GameScene] [JavaFX Application Thread] Added MainViewComponent
17 Mar 2016, 19:16:34.915 [  FINER] [       FXGL.EventBus] [JavaFX Application Thread] Firing event: WorldEvent[type=ENTITY_ADDED]
17 Mar 2016, 19:16:34.915 [  FINER] [      FXGL.GameScene] [JavaFX Application Thread] Entity added to scene
17 Mar 2016, 19:16:34.915 [  FINER] [      FXGL.GameScene] [JavaFX Application Thread] Added MainViewComponent
17 Mar 2016, 19:16:34.916 [  FINER] [       FXGL.EventBus] [JavaFX Application Thread] Firing event: WorldEvent[type=ENTITY_ADDED]
17 Mar 2016, 19:16:34.916 [  FINER] [      FXGL.GameScene] [JavaFX Application Thread] Entity added to scene
17 Mar 2016, 19:16:34.916 [  FINER] [      FXGL.GameScene] [JavaFX Application Thread] Added MainViewComponent
17 Mar 2016, 19:16:34.917 [  FINER] [       FXGL.EventBus] [JavaFX Application Thread] Firing event: WorldEvent[type=ENTITY_ADDED]
17 Mar 2016, 19:16:34.917 [  FINER] [      FXGL.GameScene] [JavaFX Application Thread] Entity added to scene
17 Mar 2016, 19:16:34.917 [  FINER] [      FXGL.GameScene] [JavaFX Application Thread] Added MainViewComponent
17 Mar 2016, 19:16:34.918 [  FINER] [       FXGL.EventBus] [JavaFX Application Thread] Firing event: WorldEvent[type=ENTITY_ADDED]
17 Mar 2016, 19:16:34.918 [  FINER] [      FXGL.GameScene] [JavaFX Application Thread] Entity added to scene
17 Mar 2016, 19:16:34.918 [  FINER] [      FXGL.GameScene] [JavaFX Application Thread] Added MainViewComponent
17 Mar 2016, 19:16:34.919 [  FINER] [       FXGL.EventBus] [JavaFX Application Thread] Firing event: WorldEvent[type=ENTITY_ADDED]
17 Mar 2016, 19:16:34.919 [  FINER] [      FXGL.GameScene] [JavaFX Application Thread] Entity added to scene
17 Mar 2016, 19:16:34.919 [  FINER] [      FXGL.GameScene] [JavaFX Application Thread] Added MainViewComponent
17 Mar 2016, 19:16:34.920 [  FINER] [       FXGL.EventBus] [JavaFX Application Thread] Firing event: WorldEvent[type=ENTITY_ADDED]
17 Mar 2016, 19:16:34.920 [  FINER] [      FXGL.GameScene] [JavaFX Application Thread] Entity added to scene
17 Mar 2016, 19:16:34.921 [  FINER] [      FXGL.GameScene] [JavaFX Application Thread] Added MainViewComponent
17 Mar 2016, 19:16:34.921 [  FINER] [       FXGL.EventBus] [JavaFX Application Thread] Firing event: WorldEvent[type=ENTITY_ADDED]
17 Mar 2016, 19:16:34.921 [  FINER] [      FXGL.GameScene] [JavaFX Application Thread] Entity added to scene
17 Mar 2016, 19:16:34.922 [  FINER] [      FXGL.GameScene] [JavaFX Application Thread] Added MainViewComponent
17 Mar 2016, 19:16:34.922 [  FINER] [       FXGL.EventBus] [JavaFX Application Thread] Firing event: WorldEvent[type=ENTITY_ADDED]
17 Mar 2016, 19:16:34.923 [  FINER] [      FXGL.GameScene] [JavaFX Application Thread] Entity added to scene
17 Mar 2016, 19:16:34.923 [  FINER] [      FXGL.GameScene] [JavaFX Application Thread] Added MainViewComponent
17 Mar 2016, 19:16:34.923 [  FINER] [       FXGL.EventBus] [JavaFX Application Thread] Firing event: WorldEvent[type=ENTITY_ADDED]
17 Mar 2016, 19:16:34.924 [  FINER] [      FXGL.GameScene] [JavaFX Application Thread] Entity added to scene
17 Mar 2016, 19:16:34.924 [  FINER] [      FXGL.GameScene] [JavaFX Application Thread] Added MainViewComponent
17 Mar 2016, 19:16:34.925 [  FINER] [       FXGL.EventBus] [JavaFX Application Thread] Firing event: WorldEvent[type=ENTITY_ADDED]
17 Mar 2016, 19:16:34.925 [  FINER] [      FXGL.GameScene] [JavaFX Application Thread] Entity added to scene
17 Mar 2016, 19:16:34.925 [  FINER] [      FXGL.GameScene] [JavaFX Application Thread] Added MainViewComponent
17 Mar 2016, 19:16:34.926 [  FINER] [       FXGL.EventBus] [JavaFX Application Thread] Firing event: WorldEvent[type=ENTITY_ADDED]
17 Mar 2016, 19:16:34.927 [  FINER] [      FXGL.GameScene] [JavaFX Application Thread] Entity added to scene
17 Mar 2016, 19:16:34.927 [  FINER] [      FXGL.GameScene] [JavaFX Application Thread] Added MainViewComponent
17 Mar 2016, 19:16:34.928 [  FINER] [       FXGL.EventBus] [JavaFX Application Thread] Firing event: WorldEvent[type=ENTITY_ADDED]
17 Mar 2016, 19:16:34.928 [  FINER] [      FXGL.GameScene] [JavaFX Application Thread] Entity added to scene
17 Mar 2016, 19:16:34.928 [  FINER] [      FXGL.GameScene] [JavaFX Application Thread] Added MainViewComponent
17 Mar 2016, 19:16:34.929 [  FINER] [       FXGL.EventBus] [JavaFX Application Thread] Firing event: WorldEvent[type=ENTITY_ADDED]
17 Mar 2016, 19:16:34.929 [  FINER] [      FXGL.GameScene] [JavaFX Application Thread] Entity added to scene
17 Mar 2016, 19:16:34.929 [  FINER] [      FXGL.GameScene] [JavaFX Application Thread] Added MainViewComponent
17 Mar 2016, 19:16:34.930 [  FINER] [       FXGL.EventBus] [JavaFX Application Thread] Firing event: WorldEvent[type=ENTITY_ADDED]
17 Mar 2016, 19:16:34.930 [  FINER] [      FXGL.GameScene] [JavaFX Application Thread] Entity added to scene
17 Mar 2016, 19:16:34.931 [  FINER] [      FXGL.GameScene] [JavaFX Application Thread] Added MainViewComponent
17 Mar 2016, 19:16:34.931 [  FINER] [       FXGL.EventBus] [JavaFX Application Thread] Firing event: WorldEvent[type=ENTITY_ADDED]
17 Mar 2016, 19:16:34.932 [  FINER] [      FXGL.GameScene] [JavaFX Application Thread] Entity added to scene
17 Mar 2016, 19:16:34.932 [  FINER] [      FXGL.GameScene] [JavaFX Application Thread] Added MainViewComponent
17 Mar 2016, 19:16:34.932 [  FINER] [       FXGL.EventBus] [JavaFX Application Thread] Firing event: WorldEvent[type=ENTITY_ADDED]
17 Mar 2016, 19:16:34.933 [  FINER] [      FXGL.GameScene] [JavaFX Application Thread] Entity added to scene
17 Mar 2016, 19:16:34.933 [  FINER] [      FXGL.GameScene] [JavaFX Application Thread] Added MainViewComponent
17 Mar 2016, 19:16:34.934 [  FINER] [       FXGL.EventBus] [JavaFX Application Thread] Firing event: WorldEvent[type=ENTITY_ADDED]
17 Mar 2016, 19:16:34.934 [  FINER] [      FXGL.GameScene] [JavaFX Application Thread] Entity added to scene
17 Mar 2016, 19:16:34.934 [  FINER] [      FXGL.GameScene] [JavaFX Application Thread] Added MainViewComponent
17 Mar 2016, 19:16:34.935 [  FINER] [       FXGL.EventBus] [JavaFX Application Thread] Firing event: WorldEvent[type=ENTITY_ADDED]
17 Mar 2016, 19:16:34.935 [  FINER] [      FXGL.GameScene] [JavaFX Application Thread] Entity added to scene
17 Mar 2016, 19:16:34.935 [  FINER] [      FXGL.GameScene] [JavaFX Application Thread] Added MainViewComponent
17 Mar 2016, 19:16:34.935 [  FINER] [       FXGL.EventBus] [JavaFX Application Thread] Firing event: WorldEvent[type=ENTITY_ADDED]
17 Mar 2016, 19:16:34.936 [  FINER] [      FXGL.GameScene] [JavaFX Application Thread] Entity added to scene
17 Mar 2016, 19:16:34.936 [  FINER] [      FXGL.GameScene] [JavaFX Application Thread] Added MainViewComponent
17 Mar 2016, 19:16:34.936 [  FINER] [       FXGL.EventBus] [JavaFX Application Thread] Firing event: WorldEvent[type=ENTITY_ADDED]
17 Mar 2016, 19:16:34.937 [  FINER] [      FXGL.GameScene] [JavaFX Application Thread] Entity added to scene
17 Mar 2016, 19:16:34.937 [  FINER] [      FXGL.GameScene] [JavaFX Application Thread] Added MainViewComponent
17 Mar 2016, 19:16:34.937 [  FINER] [       FXGL.EventBus] [JavaFX Application Thread] Firing event: WorldEvent[type=ENTITY_ADDED]
17 Mar 2016, 19:16:34.938 [  FINER] [      FXGL.GameScene] [JavaFX Application Thread] Entity added to scene
17 Mar 2016, 19:16:34.938 [  FINER] [      FXGL.GameScene] [JavaFX Application Thread] Added MainViewComponent
17 Mar 2016, 19:16:34.938 [  FINER] [       FXGL.EventBus] [JavaFX Application Thread] Firing event: WorldEvent[type=ENTITY_ADDED]
17 Mar 2016, 19:16:34.938 [  FINER] [      FXGL.GameScene] [JavaFX Application Thread] Entity added to scene
17 Mar 2016, 19:16:34.938 [  FINER] [      FXGL.GameScene] [JavaFX Application Thread] Added MainViewComponent
17 Mar 2016, 19:16:34.939 [  FINER] [       FXGL.EventBus] [JavaFX Application Thread] Firing event: WorldEvent[type=ENTITY_ADDED]
17 Mar 2016, 19:16:34.939 [  FINER] [      FXGL.GameScene] [JavaFX Application Thread] Entity added to scene
17 Mar 2016, 19:16:34.939 [  FINER] [      FXGL.GameScene] [JavaFX Application Thread] Added MainViewComponent
17 Mar 2016, 19:16:34.940 [  FINER] [       FXGL.EventBus] [JavaFX Application Thread] Firing event: WorldEvent[type=ENTITY_ADDED]
17 Mar 2016, 19:16:34.940 [  FINER] [      FXGL.GameScene] [JavaFX Application Thread] Entity added to scene
17 Mar 2016, 19:16:34.940 [  FINER] [      FXGL.GameScene] [JavaFX Application Thread] Added MainViewComponent
17 Mar 2016, 19:16:34.945 [  FINER] [       FXGL.EventBus] [JavaFX Application Thread] Firing event: WorldEvent[type=ENTITY_ADDED]
17 Mar 2016, 19:16:34.945 [  FINER] [      FXGL.GameScene] [JavaFX Application Thread] Entity added to scene
17 Mar 2016, 19:16:34.946 [  FINER] [      FXGL.GameScene] [JavaFX Application Thread] Added MainViewComponent
17 Mar 2016, 19:16:34.946 [  FINER] [       FXGL.EventBus] [JavaFX Application Thread] Firing event: WorldEvent[type=ENTITY_ADDED]
17 Mar 2016, 19:16:34.947 [  FINER] [      FXGL.GameScene] [JavaFX Application Thread] Entity added to scene
17 Mar 2016, 19:16:34.947 [  FINER] [      FXGL.GameScene] [JavaFX Application Thread] Added MainViewComponent
17 Mar 2016, 19:16:34.948 [  FINER] [       FXGL.EventBus] [JavaFX Application Thread] Firing event: WorldEvent[type=ENTITY_ADDED]
17 Mar 2016, 19:16:34.948 [  FINER] [      FXGL.GameScene] [JavaFX Application Thread] Entity added to scene
17 Mar 2016, 19:16:34.948 [  FINER] [      FXGL.GameScene] [JavaFX Application Thread] Added MainViewComponent
17 Mar 2016, 19:16:34.949 [  FINER] [       FXGL.EventBus] [JavaFX Application Thread] Firing event: WorldEvent[type=ENTITY_ADDED]
17 Mar 2016, 19:16:34.949 [  FINER] [      FXGL.GameScene] [JavaFX Application Thread] Entity added to scene
17 Mar 2016, 19:16:34.949 [  FINER] [      FXGL.GameScene] [JavaFX Application Thread] Added MainViewComponent
17 Mar 2016, 19:16:34.950 [  FINER] [       FXGL.EventBus] [JavaFX Application Thread] Firing event: WorldEvent[type=ENTITY_ADDED]
17 Mar 2016, 19:16:34.950 [  FINER] [      FXGL.GameScene] [JavaFX Application Thread] Entity added to scene
17 Mar 2016, 19:16:34.950 [  FINER] [      FXGL.GameScene] [JavaFX Application Thread] Added MainViewComponent
17 Mar 2016, 19:16:34.951 [  FINER] [       FXGL.EventBus] [JavaFX Application Thread] Firing event: WorldEvent[type=ENTITY_ADDED]
17 Mar 2016, 19:16:34.951 [  FINER] [      FXGL.GameScene] [JavaFX Application Thread] Entity added to scene
17 Mar 2016, 19:16:34.951 [  FINER] [      FXGL.GameScene] [JavaFX Application Thread] Added MainViewComponent
17 Mar 2016, 19:16:34.952 [  FINER] [       FXGL.EventBus] [JavaFX Application Thread] Firing event: WorldEvent[type=ENTITY_ADDED]
17 Mar 2016, 19:16:34.952 [  FINER] [      FXGL.GameScene] [JavaFX Application Thread] Entity added to scene
17 Mar 2016, 19:16:34.953 [  FINER] [      FXGL.GameScene] [JavaFX Application Thread] Added MainViewComponent
17 Mar 2016, 19:16:34.953 [  FINER] [       FXGL.EventBus] [JavaFX Application Thread] Firing event: WorldEvent[type=ENTITY_ADDED]
17 Mar 2016, 19:16:34.953 [  FINER] [      FXGL.GameScene] [JavaFX Application Thread] Entity added to scene
17 Mar 2016, 19:16:34.954 [  FINER] [      FXGL.GameScene] [JavaFX Application Thread] Added MainViewComponent
17 Mar 2016, 19:16:34.955 [  FINER] [       FXGL.EventBus] [JavaFX Application Thread] Firing event: WorldEvent[type=ENTITY_ADDED]
17 Mar 2016, 19:16:34.955 [  FINER] [      FXGL.GameScene] [JavaFX Application Thread] Entity added to scene
17 Mar 2016, 19:16:34.955 [  FINER] [      FXGL.GameScene] [JavaFX Application Thread] Added MainViewComponent
17 Mar 2016, 19:16:34.956 [  FINER] [       FXGL.EventBus] [JavaFX Application Thread] Firing event: WorldEvent[type=ENTITY_ADDED]
17 Mar 2016, 19:16:34.956 [  FINER] [      FXGL.GameScene] [JavaFX Application Thread] Entity added to scene
17 Mar 2016, 19:16:34.956 [  FINER] [      FXGL.GameScene] [JavaFX Application Thread] Added MainViewComponent
17 Mar 2016, 19:16:34.957 [  FINER] [       FXGL.EventBus] [JavaFX Application Thread] Firing event: WorldEvent[type=ENTITY_ADDED]
17 Mar 2016, 19:16:34.957 [  FINER] [      FXGL.GameScene] [JavaFX Application Thread] Entity added to scene
17 Mar 2016, 19:16:34.957 [  FINER] [      FXGL.GameScene] [JavaFX Application Thread] Added MainViewComponent
17 Mar 2016, 19:16:34.958 [  FINER] [       FXGL.EventBus] [JavaFX Application Thread] Firing event: WorldEvent[type=ENTITY_ADDED]
17 Mar 2016, 19:16:34.958 [  FINER] [      FXGL.GameScene] [JavaFX Application Thread] Entity added to scene
17 Mar 2016, 19:16:34.958 [  FINER] [      FXGL.GameScene] [JavaFX Application Thread] Added MainViewComponent
17 Mar 2016, 19:16:34.959 [  FINER] [       FXGL.EventBus] [JavaFX Application Thread] Firing event: WorldEvent[type=ENTITY_ADDED]
17 Mar 2016, 19:16:34.960 [  FINER] [      FXGL.GameScene] [JavaFX Application Thread] Entity added to scene
17 Mar 2016, 19:16:34.960 [  FINER] [      FXGL.GameScene] [JavaFX Application Thread] Added MainViewComponent
17 Mar 2016, 19:16:34.961 [  FINER] [       FXGL.EventBus] [JavaFX Application Thread] Firing event: WorldEvent[type=ENTITY_ADDED]
17 Mar 2016, 19:16:34.962 [  FINER] [      FXGL.GameScene] [JavaFX Application Thread] Entity added to scene
17 Mar 2016, 19:16:34.962 [  FINER] [      FXGL.GameScene] [JavaFX Application Thread] Added MainViewComponent
17 Mar 2016, 19:16:34.963 [  FINER] [       FXGL.EventBus] [JavaFX Application Thread] Firing event: WorldEvent[type=ENTITY_ADDED]
17 Mar 2016, 19:16:34.963 [  FINER] [      FXGL.GameScene] [JavaFX Application Thread] Entity added to scene
17 Mar 2016, 19:16:34.964 [  FINER] [      FXGL.GameScene] [JavaFX Application Thread] Added MainViewComponent
17 Mar 2016, 19:16:34.964 [  FINER] [       FXGL.EventBus] [JavaFX Application Thread] Firing event: WorldEvent[type=ENTITY_ADDED]
17 Mar 2016, 19:16:34.964 [  FINER] [      FXGL.GameScene] [JavaFX Application Thread] Entity added to scene
17 Mar 2016, 19:16:34.964 [  FINER] [      FXGL.GameScene] [JavaFX Application Thread] Added MainViewComponent
17 Mar 2016, 19:16:34.965 [  FINER] [       FXGL.EventBus] [JavaFX Application Thread] Firing event: WorldEvent[type=ENTITY_ADDED]
17 Mar 2016, 19:16:34.965 [  FINER] [      FXGL.GameScene] [JavaFX Application Thread] Entity added to scene
17 Mar 2016, 19:16:34.965 [  FINER] [      FXGL.GameScene] [JavaFX Application Thread] Added MainViewComponent
17 Mar 2016, 19:16:34.966 [  FINER] [       FXGL.EventBus] [JavaFX Application Thread] Firing event: WorldEvent[type=ENTITY_ADDED]
17 Mar 2016, 19:16:34.966 [  FINER] [      FXGL.GameScene] [JavaFX Application Thread] Entity added to scene
17 Mar 2016, 19:16:34.966 [  FINER] [      FXGL.GameScene] [JavaFX Application Thread] Added MainViewComponent
17 Mar 2016, 19:16:34.966 [  FINER] [       FXGL.EventBus] [JavaFX Application Thread] Firing event: WorldEvent[type=ENTITY_ADDED]
17 Mar 2016, 19:16:34.967 [  FINER] [      FXGL.GameScene] [JavaFX Application Thread] Entity added to scene
17 Mar 2016, 19:16:34.967 [  FINER] [      FXGL.GameScene] [JavaFX Application Thread] Added MainViewComponent
17 Mar 2016, 19:16:34.967 [  FINER] [       FXGL.EventBus] [JavaFX Application Thread] Firing event: WorldEvent[type=ENTITY_ADDED]
17 Mar 2016, 19:16:34.967 [  FINER] [      FXGL.GameScene] [JavaFX Application Thread] Entity added to scene
17 Mar 2016, 19:16:34.968 [  FINER] [      FXGL.GameScene] [JavaFX Application Thread] Added MainViewComponent
17 Mar 2016, 19:16:34.968 [  FINER] [       FXGL.EventBus] [JavaFX Application Thread] Firing event: WorldEvent[type=ENTITY_ADDED]
17 Mar 2016, 19:16:34.968 [  FINER] [      FXGL.GameScene] [JavaFX Application Thread] Entity added to scene
17 Mar 2016, 19:16:34.968 [  FINER] [      FXGL.GameScene] [JavaFX Application Thread] Added MainViewComponent
17 Mar 2016, 19:16:34.968 [  FINER] [       FXGL.EventBus] [JavaFX Application Thread] Firing event: WorldEvent[type=ENTITY_ADDED]
17 Mar 2016, 19:16:34.969 [  FINER] [      FXGL.GameScene] [JavaFX Application Thread] Entity added to scene
17 Mar 2016, 19:16:34.969 [  FINER] [      FXGL.GameScene] [JavaFX Application Thread] Added MainViewComponent
17 Mar 2016, 19:16:34.969 [  FINER] [       FXGL.EventBus] [JavaFX Application Thread] Firing event: WorldEvent[type=ENTITY_ADDED]
17 Mar 2016, 19:16:34.969 [  FINER] [      FXGL.GameScene] [JavaFX Application Thread] Entity added to scene
17 Mar 2016, 19:16:34.970 [  FINER] [      FXGL.GameScene] [JavaFX Application Thread] Added MainViewComponent
17 Mar 2016, 19:16:34.971 [  FINER] [       FXGL.EventBus] [JavaFX Application Thread] Firing event: WorldEvent[type=ENTITY_ADDED]
17 Mar 2016, 19:16:34.971 [  FINER] [      FXGL.GameScene] [JavaFX Application Thread] Entity added to scene
17 Mar 2016, 19:16:34.971 [  FINER] [      FXGL.GameScene] [JavaFX Application Thread] Added MainViewComponent
17 Mar 2016, 19:16:34.972 [  FINER] [       FXGL.EventBus] [JavaFX Application Thread] Firing event: WorldEvent[type=ENTITY_ADDED]
17 Mar 2016, 19:16:34.972 [  FINER] [      FXGL.GameScene] [JavaFX Application Thread] Entity added to scene
17 Mar 2016, 19:16:34.972 [  FINER] [      FXGL.GameScene] [JavaFX Application Thread] Added MainViewComponent
17 Mar 2016, 19:16:34.973 [  FINER] [       FXGL.EventBus] [JavaFX Application Thread] Firing event: WorldEvent[type=ENTITY_ADDED]
17 Mar 2016, 19:16:34.973 [  FINER] [      FXGL.GameScene] [JavaFX Application Thread] Entity added to scene
17 Mar 2016, 19:16:34.973 [  FINER] [      FXGL.GameScene] [JavaFX Application Thread] Added MainViewComponent
17 Mar 2016, 19:16:38.612 [  FINER] [       FXGL.EventBus] [JavaFX Application Thread] Firing event: DisplayEvent[type=DIALOG_OPENED]
17 Mar 2016, 19:16:38.613 [  FINER] [    FXGL.Application] [JavaFX Application Thread] Pausing main loop
17 Mar 2016, 19:16:38.613 [  FINER] [       FXGL.EventBus] [JavaFX Application Thread] Firing event: FXGLEvent[type=PAUSE]
17 Mar 2016, 19:16:38.613 [  FINER] [          FXGL.Input] [JavaFX Application Thread] Clearing active input actions
17 Mar 2016, 19:16:38.613 [  FINER] [    FXGL.MasterTimer] [JavaFX Application Thread] Stopping master timer
17 Mar 2016, 19:16:38.613 [  FINER] [    FXGL.Application] [JavaFX Application Thread] State: PLAYING -> PAUSED
17 Mar 2016, 19:16:38.613 [  FINER] [          FXGL.Input] [JavaFX Application Thread] Clearing active input actions
17 Mar 2016, 19:16:40.355 [  FINER] [       FXGL.EventBus] [JavaFX Application Thread] Firing event: DisplayEvent[type=DIALOG_CLOSED]
17 Mar 2016, 19:16:40.355 [  FINER] [    FXGL.Application] [JavaFX Application Thread] Resuming main loop
17 Mar 2016, 19:16:40.355 [  FINER] [       FXGL.EventBus] [JavaFX Application Thread] Firing event: FXGLEvent[type=RESUME]
17 Mar 2016, 19:16:40.356 [  FINER] [          FXGL.Input] [JavaFX Application Thread] Clearing active input actions
17 Mar 2016, 19:16:40.356 [  FINER] [    FXGL.MasterTimer] [JavaFX Application Thread] Starting master timer
17 Mar 2016, 19:16:40.356 [  FINER] [    FXGL.Application] [JavaFX Application Thread] State: PAUSED -> PLAYING
17 Mar 2016, 19:16:40.356 [  FINER] [       FXGL.EventBus] [JavaFX Application Thread] Firing event: DisplayEvent[type=CLOSE_REQUEST]
17 Mar 2016, 19:16:40.356 [  FINER] [    FXGL.Application] [JavaFX Application Thread] Exiting Normally
17 Mar 2016, 19:16:40.357 [  FINER] [       FXGL.EventBus] [JavaFX Application Thread] Firing event: FXGLEvent[type=EXIT]
17 Mar 2016, 19:16:40.357 [  FINER] [         FXGL.Logger] [JavaFX Application Thread] Logger is closing
