21 Mar 2016, 18:34:41.645 [   INFO] [         FXGL.Logger] [JavaFX Application Thread] Logger initialized with level: CONFIG
21 Mar 2016, 18:34:41.648 [  FINER] [         FXGL.Logger] [JavaFX Application Thread] CPU cores: 4
21 Mar 2016, 18:34:41.650 [  FINER] [         FXGL.Logger] [JavaFX Application Thread] Free Memory: 107MB
21 Mar 2016, 18:34:41.651 [  FINER] [         FXGL.Logger] [JavaFX Application Thread] Max Memory: 1755MB
21 Mar 2016, 18:34:41.651 [  FINER] [         FXGL.Logger] [JavaFX Application Thread] Total Memory: 119MB
21 Mar 2016, 18:34:41.651 [  FINER] [         FXGL.Logger] [JavaFX Application Thread] System Properties:
21 Mar 2016, 18:34:41.655 [  FINER] [         FXGL.Logger] [JavaFX Application Thread] sun.cpu.isalist=amd64
21 Mar 2016, 18:34:41.655 [  FINER] [         FXGL.Logger] [JavaFX Application Thread] sun.desktop=windows
21 Mar 2016, 18:34:41.655 [  FINER] [         FXGL.Logger] [JavaFX Application Thread] sun.io.unicode.encoding=UnicodeLittle
21 Mar 2016, 18:34:41.655 [  FINER] [         FXGL.Logger] [JavaFX Application Thread] sun.cpu.endian=little
21 Mar 2016, 18:34:41.656 [  FINER] [         FXGL.Logger] [JavaFX Application Thread] java.vendor.url.bug=http://bugreport.sun.com/bugreport/
21 Mar 2016, 18:34:41.656 [  FINER] [         FXGL.Logger] [JavaFX Application Thread] file.separator=\
21 Mar 2016, 18:34:41.656 [  FINER] [         FXGL.Logger] [JavaFX Application Thread] java.vendor=Oracle Corporation
21 Mar 2016, 18:34:41.657 [  FINER] [         FXGL.Logger] [JavaFX Application Thread] sun.boot.class.path=C:\Program Files\Java\jre1.8.0_73\lib\resources.jar;C:\Program Files\Java\jre1.8.0_73\lib\rt.jar;C:\Program Files\Java\jre1.8.0_73\lib\sunrsasign.jar;C:\Program Files\Java\jre1.8.0_73\lib\jsse.jar;C:\Program Files\Java\jre1.8.0_73\lib\jce.jar;C:\Program Files\Java\jre1.8.0_73\lib\charsets.jar;C:\Program Files\Java\jre1.8.0_73\lib\jfr.jar;C:\Program Files\Java\jre1.8.0_73\classes
21 Mar 2016, 18:34:41.657 [  FINER] [         FXGL.Logger] [JavaFX Application Thread] java.ext.dirs=C:\Program Files\Java\jre1.8.0_73\lib\ext;C:\Windows\Sun\Java\lib\ext
21 Mar 2016, 18:34:41.657 [  FINER] [         FXGL.Logger] [JavaFX Application Thread] java.version=1.8.0_73
21 Mar 2016, 18:34:41.657 [  FINER] [         FXGL.Logger] [JavaFX Application Thread] java.vm.info=mixed mode
21 Mar 2016, 18:34:41.657 [  FINER] [         FXGL.Logger] [JavaFX Application Thread] awt.toolkit=sun.awt.windows.WToolkit
21 Mar 2016, 18:34:41.658 [  FINER] [         FXGL.Logger] [JavaFX Application Thread] user.language=en
21 Mar 2016, 18:34:41.658 [  FINER] [         FXGL.Logger] [JavaFX Application Thread] java.specification.vendor=Oracle Corporation
21 Mar 2016, 18:34:41.658 [  FINER] [         FXGL.Logger] [JavaFX Application Thread] sun.java.command=SpaceInvaders.SpaceInvadersApp
21 Mar 2016, 18:34:41.658 [  FINER] [         FXGL.Logger] [JavaFX Application Thread] java.home=C:\Program Files\Java\jre1.8.0_73
21 Mar 2016, 18:34:41.658 [  FINER] [         FXGL.Logger] [JavaFX Application Thread] sun.arch.data.model=64
21 Mar 2016, 18:34:41.659 [  FINER] [         FXGL.Logger] [JavaFX Application Thread] java.vm.specification.version=1.8
21 Mar 2016, 18:34:41.659 [  FINER] [         FXGL.Logger] [JavaFX Application Thread] java.class.path=D:\workspace\SpaceInvaders\target\classes;C:\Program Files\eclipse\plugins\org.junit_4.12.0.v201504281640\junit.jar;C:\Program Files\eclipse\plugins\org.hamcrest.core_1.3.0.v201303031735.jar;C:\Users\Anwar Saleeby\.m2\repository\com\github\AlmasB\FXGL\0.2.1-0.2.0-gba5970d-32\FXGL-0.2.1-0.2.0-gba5970d-32.jar;C:\Users\Anwar Saleeby\.m2\repository\com\google\inject\guice\4.0\guice-4.0.jar;C:\Users\Anwar Saleeby\.m2\repository\javax\inject\javax.inject\1\javax.inject-1.jar;C:\Users\Anwar Saleeby\.m2\repository\aopalliance\aopalliance\1.0\aopalliance-1.0.jar;C:\Users\Anwar Saleeby\.m2\repository\com\google\guava\guava\16.0.1\guava-16.0.1.jar;C:\Users\Anwar Saleeby\.m2\repository\org\jfxtras\jfxtras-window\8.0-r4\jfxtras-window-8.0-r4.jar;C:\Users\Anwar Saleeby\.m2\repository\org\jfxtras\jfxtras-common\8.0-r4\jfxtras-common-8.0-r4.jar;C:\Users\Anwar Saleeby\.m2\repository\com\github\AlmasB\FXEventBus\1.0\FXEventBus-1.0.jar;C:\Users\Anwar Saleeby\.m2\repository\com\github\AlmasB\Ents\1.0\Ents-1.0.jar;C:\Users\Anwar Saleeby\.m2\repository\org\apache\logging\log4j\log4j-api\2.5\log4j-api-2.5.jar;C:\Users\Anwar Saleeby\.m2\repository\org\apache\logging\log4j\log4j-core\2.5\log4j-core-2.5.jar;C:\Users\Anwar Saleeby\.m2\repository\com\github\AlmasB\AStar\1.0\AStar-1.0.jar
21 Mar 2016, 18:34:41.659 [  FINER] [         FXGL.Logger] [JavaFX Application Thread] user.name=Anwar Saleeby
21 Mar 2016, 18:34:41.659 [  FINER] [         FXGL.Logger] [JavaFX Application Thread] file.encoding=UTF-8
21 Mar 2016, 18:34:41.660 [  FINER] [         FXGL.Logger] [JavaFX Application Thread] java.specification.version=1.8
21 Mar 2016, 18:34:41.660 [  FINER] [         FXGL.Logger] [JavaFX Application Thread] java.awt.printerjob=sun.awt.windows.WPrinterJob
21 Mar 2016, 18:34:41.660 [  FINER] [         FXGL.Logger] [JavaFX Application Thread] user.timezone=America/New_York
21 Mar 2016, 18:34:41.660 [  FINER] [         FXGL.Logger] [JavaFX Application Thread] user.home=C:\Users\Anwar Saleeby
21 Mar 2016, 18:34:41.660 [  FINER] [         FXGL.Logger] [JavaFX Application Thread] os.version=10.0
21 Mar 2016, 18:34:41.661 [  FINER] [         FXGL.Logger] [JavaFX Application Thread] sun.management.compiler=HotSpot 64-Bit Tiered Compilers
21 Mar 2016, 18:34:41.661 [  FINER] [         FXGL.Logger] [JavaFX Application Thread] java.specification.name=Java Platform API Specification
21 Mar 2016, 18:34:41.661 [  FINER] [         FXGL.Logger] [JavaFX Application Thread] java.class.version=52.0
21 Mar 2016, 18:34:41.661 [  FINER] [         FXGL.Logger] [JavaFX Application Thread] java.library.path=C:\Program Files\Java\jre1.8.0_73\bin;C:\Windows\Sun\Java\bin;C:\Windows\system32;C:\Windows;C:/Program Files/Java/jre1.8.0_73/bin/server;C:/Program Files/Java/jre1.8.0_73/bin;C:/Program Files/Java/jre1.8.0_73/lib/amd64;C:\oraclexe\app\oracle\product\11.2.0\server\bin;C:\ProgramData\Oracle\Java\javapath;C:\Windows\system32;C:\Windows;C:\Windows\System32\Wbem;C:\Windows\System32\WindowsPowerShell\v1.0\;C:\Program Files\nodejs\;C:\Program Files\Git\cmd;C:\Users\Anwar Saleeby\AppData\Local\Programs\Python\Python35\Scripts\;C:\Users\Anwar Saleeby\AppData\Local\Programs\Python\Python35\;C:\Users\Anwar Saleeby\AppData\Roaming\npm;C:\Program Files\MongoDB\Server\3.2\bin;C:\Program Files\Git;C:\Program Files\eclipse;;.
21 Mar 2016, 18:34:41.662 [  FINER] [         FXGL.Logger] [JavaFX Application Thread] sun.jnu.encoding=Cp1252
21 Mar 2016, 18:34:41.662 [  FINER] [         FXGL.Logger] [JavaFX Application Thread] os.name=Windows 10
21 Mar 2016, 18:34:41.662 [  FINER] [         FXGL.Logger] [JavaFX Application Thread] user.variant=
21 Mar 2016, 18:34:41.662 [  FINER] [         FXGL.Logger] [JavaFX Application Thread] java.vm.specification.vendor=Oracle Corporation
21 Mar 2016, 18:34:41.662 [  FINER] [         FXGL.Logger] [JavaFX Application Thread] java.io.tmpdir=C:\Users\ANWARS~1\AppData\Local\Temp\
21 Mar 2016, 18:34:41.663 [  FINER] [         FXGL.Logger] [JavaFX Application Thread] line.separator=

21 Mar 2016, 18:34:41.663 [  FINER] [         FXGL.Logger] [JavaFX Application Thread] java.endorsed.dirs=C:\Program Files\Java\jre1.8.0_73\lib\endorsed
21 Mar 2016, 18:34:41.663 [  FINER] [         FXGL.Logger] [JavaFX Application Thread] os.arch=amd64
21 Mar 2016, 18:34:41.663 [  FINER] [         FXGL.Logger] [JavaFX Application Thread] javafx.runtime.version=8.0.71-b15
21 Mar 2016, 18:34:41.663 [  FINER] [         FXGL.Logger] [JavaFX Application Thread] java.awt.graphicsenv=sun.awt.Win32GraphicsEnvironment
21 Mar 2016, 18:34:41.664 [  FINER] [         FXGL.Logger] [JavaFX Application Thread] java.runtime.version=1.8.0_73-b02
21 Mar 2016, 18:34:41.664 [  FINER] [         FXGL.Logger] [JavaFX Application Thread] java.vm.specification.name=Java Virtual Machine Specification
21 Mar 2016, 18:34:41.664 [  FINER] [         FXGL.Logger] [JavaFX Application Thread] user.dir=D:\workspace\SpaceInvaders
21 Mar 2016, 18:34:41.665 [  FINER] [         FXGL.Logger] [JavaFX Application Thread] user.country=US
21 Mar 2016, 18:34:41.665 [  FINER] [         FXGL.Logger] [JavaFX Application Thread] user.script=
21 Mar 2016, 18:34:41.665 [  FINER] [         FXGL.Logger] [JavaFX Application Thread] sun.java.launcher=SUN_STANDARD
21 Mar 2016, 18:34:41.666 [  FINER] [         FXGL.Logger] [JavaFX Application Thread] sun.os.patch.level=
21 Mar 2016, 18:34:41.666 [  FINER] [         FXGL.Logger] [JavaFX Application Thread] java.vm.name=Java HotSpot(TM) 64-Bit Server VM
21 Mar 2016, 18:34:41.666 [  FINER] [         FXGL.Logger] [JavaFX Application Thread] file.encoding.pkg=sun.io
21 Mar 2016, 18:34:41.666 [  FINER] [         FXGL.Logger] [JavaFX Application Thread] path.separator=;
21 Mar 2016, 18:34:41.666 [  FINER] [         FXGL.Logger] [JavaFX Application Thread] java.vm.vendor=Oracle Corporation
21 Mar 2016, 18:34:41.666 [  FINER] [         FXGL.Logger] [JavaFX Application Thread] java.vendor.url=http://java.oracle.com/
21 Mar 2016, 18:34:41.667 [  FINER] [         FXGL.Logger] [JavaFX Application Thread] sun.boot.library.path=C:\Program Files\Java\jre1.8.0_73\bin
21 Mar 2016, 18:34:41.667 [  FINER] [         FXGL.Logger] [JavaFX Application Thread] java.vm.version=25.73-b02
21 Mar 2016, 18:34:41.667 [  FINER] [         FXGL.Logger] [JavaFX Application Thread] java.runtime.name=Java(TM) SE Runtime Environment
21 Mar 2016, 18:34:41.667 [  FINER] [         FXGL.Logger] [JavaFX Application Thread] javafx.version=8.0.71
21 Mar 2016, 18:34:41.671 [   INFO] [        FXGL.Version] [JavaFX Application Thread] FXGL-0.2.1-SNAPSHOT
21 Mar 2016, 18:34:41.671 [   INFO] [        FXGL.Version] [JavaFX Application Thread] Source code and latest builds at: https://github.com/AlmasB/FXGL
21 Mar 2016, 18:34:41.676 [  FINER] [    FXGL.Application] [JavaFX Application Thread] Game_clinit()
21 Mar 2016, 18:34:41.681 [  FINER] [    FXGL.Application] [JavaFX-Launcher] FXGL_init()
21 Mar 2016, 18:34:41.700 [  FINER] [    FXGL.Application] [JavaFX Application Thread] FXGL_start()
21 Mar 2016, 18:34:41.700 [  FINER] [    FXGL.Application] [JavaFX Application Thread] Initializing system properties
21 Mar 2016, 18:34:41.703 [  FINER] [    FXGL.Application] [JavaFX Application Thread] sound.notification = system/notification.wav
21 Mar 2016, 18:34:41.703 [  FINER] [    FXGL.Application] [JavaFX Application Thread] asset.cache.size = 35
21 Mar 2016, 18:34:41.704 [  FINER] [    FXGL.Application] [JavaFX Application Thread] ui.font = Copperplate_Gothic_Light_Regular.ttf
21 Mar 2016, 18:34:41.704 [  FINER] [    FXGL.Application] [JavaFX Application Thread] sound.menu.back = menu/back.wav
21 Mar 2016, 18:34:41.704 [  FINER] [    FXGL.Application] [JavaFX Application Thread] sound.menu.select = menu/select.wav
21 Mar 2016, 18:34:41.704 [  FINER] [    FXGL.Application] [JavaFX Application Thread] physics.ppm = 50
21 Mar 2016, 18:34:41.704 [  FINER] [    FXGL.Application] [JavaFX Application Thread] ui.css = fxgl.css
21 Mar 2016, 18:34:41.705 [  FINER] [    FXGL.Application] [JavaFX Application Thread] ui.icon.name = fxgl_icon.png
21 Mar 2016, 18:34:41.705 [  FINER] [    FXGL.Application] [JavaFX Application Thread] sound.menu.press = menu/press.wav
21 Mar 2016, 18:34:41.705 [  FINER] [    FXGL.Application] [JavaFX Application Thread] Initializing user properties
21 Mar 2016, 18:34:41.706 [   INFO] [    FXGL.Application] [JavaFX Application Thread] User properties not found. Using system
21 Mar 2016, 18:34:41.717 [   INFO] [         FXGL.Logger] [JavaFX Application Thread] Logger level set to: CONFIG
21 Mar 2016, 18:34:41.718 [   INFO] [    FXGL.Application] [JavaFX Application Thread] Application Mode: DEVELOPER
21 Mar 2016, 18:34:42.139 [  FINER] [    FXGL.Application] [JavaFX Application Thread] Services configuration complete
21 Mar 2016, 18:34:42.149 [  FINER] [       FXGL.EventBus] [JavaFX Application Thread] Service [EventBus] initialized
21 Mar 2016, 18:34:42.152 [  FINER] [    FXGL.AssetLoader] [JavaFX Application Thread] Service [AssetLoader] initialized
21 Mar 2016, 18:34:42.155 [  FINER] [    FXGL.AssetLoader] [JavaFX Application Thread] Loading from disk: /assets/sounds/system/notification.wav
21 Mar 2016, 18:34:42.177 [  FINER] [    FXGL.AssetLoader] [JavaFX Application Thread] Loading from disk: /assets/sounds/menu/select.wav
21 Mar 2016, 18:34:42.181 [  FINER] [    FXGL.AssetLoader] [JavaFX Application Thread] Loading from disk: /assets/sounds/menu/back.wav
21 Mar 2016, 18:34:42.183 [  FINER] [    FXGL.AssetLoader] [JavaFX Application Thread] Loading from disk: /assets/sounds/menu/press.wav
21 Mar 2016, 18:34:42.185 [  FINER] [    FXGL.AssetLoader] [JavaFX Application Thread] Loading from disk: /assets/ui/fonts/Copperplate_Gothic_Light_Regular.ttf
21 Mar 2016, 18:34:42.257 [  FINER] [    FXGL.AssetLoader] [JavaFX Application Thread] Loading from disk: /assets/ui/css/fxgl.css
21 Mar 2016, 18:34:42.258 [  FINER] [    FXGL.AssetLoader] [JavaFX Application Thread] Loading from disk: /assets/ui/icons/fxgl_icon.png
21 Mar 2016, 18:34:42.296 [  FINER] [    FXGL.AssetLoader] [JavaFX Application Thread] Loading from disk: /assets/ui/css/fxgl_dark.css
21 Mar 2016, 18:34:42.369 [  FINER] [        FXGL.Display] [JavaFX Application Thread] Target size: 480.0x600.0@1.0
21 Mar 2016, 18:34:42.369 [  FINER] [        FXGL.Display] [JavaFX Application Thread] New size:    480.0x600.0@1.0
21 Mar 2016, 18:34:42.370 [  FINER] [        FXGL.Display] [JavaFX Application Thread] Service [Display] initialized
21 Mar 2016, 18:34:42.370 [  FINER] [        FXGL.Display] [JavaFX Application Thread] Using CSS: CSS[jar:file:/C:/Users/Anwar%20Saleeby/.m2/repository/com/github/AlmasB/FXGL/0.2.1-0.2.0-gba5970d-32/FXGL-0.2.1-0.2.0-gba5970d-32.jar!/assets/ui/css/fxgl_dark.css]
21 Mar 2016, 18:34:42.373 [  FINER] [          FXGL.Input] [JavaFX Application Thread] Service [Input] initialized
21 Mar 2016, 18:34:42.375 [  FINER] [    FXGL.AudioPlayer] [JavaFX Application Thread] Service [AudioPlayer] initialized
21 Mar 2016, 18:34:42.384 [  FINER] [    FXGL.MasterTimer] [JavaFX Application Thread] Service [MasterTimer] initialized
21 Mar 2016, 18:34:42.396 [  FINER] [      FXGL.GameScene] [JavaFX Application Thread] Game scene initialized
21 Mar 2016, 18:34:42.398 [  FINER] [FXGL.NotificationSer] [JavaFX Application Thread] Service [NotificationService] initialized
21 Mar 2016, 18:34:42.629 [  FINER] [      FXGL.GameWorld] [JavaFX Application Thread] Game world initialized
21 Mar 2016, 18:34:42.723 [  FINER] [   FXGL.PhysicsWorld] [JavaFX Application Thread] Physics world initialized
21 Mar 2016, 18:34:42.743 [  FINER] [    FXGL.Application] [JavaFX Application Thread] Game_start()
21 Mar 2016, 18:34:42.751 [  FINER] [          FXGL.Input] [JavaFX Application Thread] Registered new binding: Move Left A
21 Mar 2016, 18:34:42.752 [  FINER] [          FXGL.Input] [JavaFX Application Thread] Registered new binding: Shoot Space
21 Mar 2016, 18:34:42.752 [  FINER] [          FXGL.Input] [JavaFX Application Thread] Registered new binding: Move Right D
21 Mar 2016, 18:34:42.753 [  FINER] [    FXGL.Application] [JavaFX Application Thread] Saving data to profile
21 Mar 2016, 18:34:42.754 [  FINER] [    FXGL.UserProfile] [JavaFX Application Thread] Logging bundle: game
21 Mar 2016, 18:34:42.755 [  FINER] [    FXGL.UserProfile] [JavaFX Application Thread] game.playtime=1074240786
21 Mar 2016, 18:34:42.755 [  FINER] [       FXGL.EventBus] [JavaFX Application Thread] Firing event: SaveEvent
21 Mar 2016, 18:34:42.756 [  FINER] [        FXGL.Display] [JavaFX Application Thread] Saving data to profile
21 Mar 2016, 18:34:42.757 [  FINER] [    FXGL.UserProfile] [JavaFX Application Thread] Logging bundle: scene
21 Mar 2016, 18:34:42.757 [  FINER] [    FXGL.UserProfile] [JavaFX Application Thread] scene.sizeW=480.0
21 Mar 2016, 18:34:42.757 [  FINER] [    FXGL.UserProfile] [JavaFX Application Thread] scene.sizeH=600.0
21 Mar 2016, 18:34:42.757 [  FINER] [          FXGL.Input] [JavaFX Application Thread] Saving data to profile
21 Mar 2016, 18:34:42.758 [  FINER] [    FXGL.UserProfile] [JavaFX Application Thread] Logging bundle: input
21 Mar 2016, 18:34:42.758 [  FINER] [    FXGL.UserProfile] [JavaFX Application Thread] input.Shoot=Space
21 Mar 2016, 18:34:42.758 [  FINER] [    FXGL.UserProfile] [JavaFX Application Thread] input.Move Right=D
21 Mar 2016, 18:34:42.758 [  FINER] [    FXGL.UserProfile] [JavaFX Application Thread] input.Move Left=A
21 Mar 2016, 18:34:42.758 [  FINER] [    FXGL.AudioPlayer] [JavaFX Application Thread] Saving data to profile
21 Mar 2016, 18:34:42.759 [  FINER] [    FXGL.UserProfile] [JavaFX Application Thread] Logging bundle: audio
21 Mar 2016, 18:34:42.759 [  FINER] [    FXGL.UserProfile] [JavaFX Application Thread] audio.musicVolume=0.5
21 Mar 2016, 18:34:42.759 [  FINER] [    FXGL.UserProfile] [JavaFX Application Thread] audio.soundVolume=0.5
21 Mar 2016, 18:34:42.759 [  FINER] [FXGL.AchievementMana] [JavaFX Application Thread] Saving data to profile
21 Mar 2016, 18:34:42.761 [  FINER] [    FXGL.UserProfile] [JavaFX Application Thread] Logging bundle: achievement
21 Mar 2016, 18:34:42.761 [  FINER] [    FXGL.Application] [JavaFX Application Thread] Starting new game
21 Mar 2016, 18:34:42.763 [  FINER] [    FXGL.Application] [JavaFX Application Thread] Initializing App
21 Mar 2016, 18:34:42.764 [  FINER] [    FXGL.Application] [JavaFX Application Thread] Pausing main loop
21 Mar 2016, 18:34:42.764 [  FINER] [       FXGL.EventBus] [JavaFX Application Thread] Firing event: FXGLEvent[type=PAUSE]
21 Mar 2016, 18:34:42.764 [  FINER] [          FXGL.Input] [JavaFX Application Thread] Clearing active input actions
21 Mar 2016, 18:34:42.764 [  FINER] [    FXGL.MasterTimer] [JavaFX Application Thread] Stopping master timer
21 Mar 2016, 18:34:42.765 [  FINER] [    FXGL.Application] [JavaFX Application Thread] State: STARTUP -> PAUSED
21 Mar 2016, 18:34:42.765 [  FINER] [    FXGL.Application] [JavaFX Application Thread] Resetting FXGL application
21 Mar 2016, 18:34:42.766 [  FINER] [       FXGL.EventBus] [JavaFX Application Thread] Firing event: FXGLEvent[type=RESET]
21 Mar 2016, 18:34:42.766 [  FINER] [          FXGL.Input] [JavaFX Application Thread] Clearing active input actions
21 Mar 2016, 18:34:42.766 [  FINER] [    FXGL.MasterTimer] [JavaFX Application Thread] Resetting ticks to 0
21 Mar 2016, 18:34:42.766 [  FINER] [    FXGL.MasterTimer] [JavaFX Application Thread] Clearing all scheduled actions
21 Mar 2016, 18:34:42.766 [  FINER] [      FXGL.GameScene] [JavaFX Application Thread] Resetting game scene
21 Mar 2016, 18:34:42.767 [  FINER] [      FXGL.GameWorld] [JavaFX Application Thread] Resetting game world
21 Mar 2016, 18:34:42.769 [  FINER] [    FXGL.Application] [JavaFX Application Thread] State: PAUSED -> LOADING
21 Mar 2016, 18:34:42.802 [  FINER] [    FXGL.Application] [JavaFX Application Thread] Starting FXGL Init Thread
21 Mar 2016, 18:34:42.803 [  FINER] [    FXGL.Application] [FXGL Init Thread] Initializing Assets
21 Mar 2016, 18:34:42.809 [  FINER] [    FXGL.AssetLoader] [FXGL Init Thread] Loading from disk: /assets/textures/enemy.png
21 Mar 2016, 18:34:42.814 [  FINER] [    FXGL.AssetLoader] [FXGL Init Thread] Loading from disk: /assets/textures/enemyReduced.png
21 Mar 2016, 18:34:42.815 [  FINER] [    FXGL.AssetLoader] [FXGL Init Thread] Loading from disk: /assets/textures/enemyReduced1.png
21 Mar 2016, 18:34:42.816 [  FINER] [    FXGL.AssetLoader] [FXGL Init Thread] Loading from disk: /assets/textures/enemyReduced2.png
21 Mar 2016, 18:34:42.817 [  FINER] [    FXGL.AssetLoader] [FXGL Init Thread] Loading from disk: /assets/textures/enemyReduced3.png
21 Mar 2016, 18:34:42.819 [  FINER] [    FXGL.AssetLoader] [FXGL Init Thread] Loading from disk: /assets/textures/life.png
21 Mar 2016, 18:34:42.820 [  FINER] [    FXGL.AssetLoader] [FXGL Init Thread] Loading from disk: /assets/textures/spaceship.png
21 Mar 2016, 18:34:42.822 [  FINER] [    FXGL.AssetLoader] [FXGL Init Thread] Loading from disk: /assets/textures/spaceshipReduced.png
21 Mar 2016, 18:34:42.822 [  FINER] [    FXGL.AssetLoader] [FXGL Init Thread] Loading from disk: /assets/textures/text.png
21 Mar 2016, 18:34:42.844 [  FINER] [    FXGL.AssetLoader] [FXGL Init Thread] Loading from disk: /assets/textures/wall.png
21 Mar 2016, 18:34:42.852 [  FINER] [    FXGL.AssetLoader] [FXGL Init Thread] Loading from disk: /assets/music/bgm.mp3
21 Mar 2016, 18:34:43.038 [  FINER] [    FXGL.AssetLoader] [FXGL Init Thread] Loading from cache: /assets/ui/fonts/Copperplate_Gothic_Light_Regular.ttf
21 Mar 2016, 18:34:43.069 [  FINER] [    FXGL.Application] [JavaFX Application Thread] Showing stage
21 Mar 2016, 18:34:43.070 [  FINER] [    FXGL.Application] [JavaFX Application Thread] Root size: 480.0x600.0
21 Mar 2016, 18:34:43.070 [  FINER] [    FXGL.Application] [JavaFX Application Thread] Scene size: 480.0x600.0
21 Mar 2016, 18:34:43.071 [  FINER] [    FXGL.Application] [JavaFX Application Thread] Stage size: 486.0x629.0
21 Mar 2016, 18:34:43.096 [  FINER] [    FXGL.Application] [FXGL Init Thread] Initializing Game
21 Mar 2016, 18:34:43.120 [  FINER] [    FXGL.AssetLoader] [FXGL Init Thread] Loading from cache: /assets/textures/enemyReduced3.png
21 Mar 2016, 18:34:43.127 [  FINER] [    FXGL.AssetLoader] [FXGL Init Thread] Loading from cache: /assets/textures/enemyReduced1.png
21 Mar 2016, 18:34:43.129 [  FINER] [    FXGL.AssetLoader] [FXGL Init Thread] Loading from cache: /assets/textures/enemyReduced3.png
21 Mar 2016, 18:34:43.131 [  FINER] [    FXGL.AssetLoader] [FXGL Init Thread] Loading from cache: /assets/textures/enemyReduced3.png
21 Mar 2016, 18:34:43.139 [  FINER] [    FXGL.AssetLoader] [FXGL Init Thread] Loading from cache: /assets/textures/enemyReduced2.png
21 Mar 2016, 18:34:43.141 [  FINER] [    FXGL.AssetLoader] [FXGL Init Thread] Loading from cache: /assets/textures/enemyReduced2.png
21 Mar 2016, 18:34:43.148 [  FINER] [    FXGL.AssetLoader] [FXGL Init Thread] Loading from cache: /assets/textures/enemyReduced3.png
21 Mar 2016, 18:34:43.149 [  FINER] [    FXGL.AssetLoader] [FXGL Init Thread] Loading from cache: /assets/textures/enemyReduced3.png
21 Mar 2016, 18:34:43.153 [  FINER] [    FXGL.AssetLoader] [FXGL Init Thread] Loading from cache: /assets/textures/enemyReduced2.png
21 Mar 2016, 18:34:43.154 [  FINER] [    FXGL.AssetLoader] [FXGL Init Thread] Loading from cache: /assets/textures/enemyReduced3.png
21 Mar 2016, 18:34:43.156 [  FINER] [    FXGL.AssetLoader] [FXGL Init Thread] Loading from cache: /assets/textures/enemyReduced2.png
21 Mar 2016, 18:34:43.157 [  FINER] [    FXGL.AssetLoader] [FXGL Init Thread] Loading from cache: /assets/textures/enemyReduced2.png
21 Mar 2016, 18:34:43.157 [  FINER] [    FXGL.AssetLoader] [FXGL Init Thread] Loading from cache: /assets/textures/enemyReduced1.png
21 Mar 2016, 18:34:43.159 [  FINER] [    FXGL.AssetLoader] [FXGL Init Thread] Loading from cache: /assets/textures/enemyReduced3.png
21 Mar 2016, 18:34:43.160 [  FINER] [    FXGL.AssetLoader] [FXGL Init Thread] Loading from cache: /assets/textures/enemyReduced1.png
21 Mar 2016, 18:34:43.161 [  FINER] [    FXGL.AssetLoader] [FXGL Init Thread] Loading from cache: /assets/textures/enemyReduced3.png
21 Mar 2016, 18:34:43.162 [  FINER] [    FXGL.AssetLoader] [FXGL Init Thread] Loading from cache: /assets/textures/enemyReduced3.png
21 Mar 2016, 18:34:43.162 [  FINER] [    FXGL.AssetLoader] [FXGL Init Thread] Loading from cache: /assets/textures/enemyReduced2.png
21 Mar 2016, 18:34:43.163 [  FINER] [    FXGL.AssetLoader] [FXGL Init Thread] Loading from cache: /assets/textures/enemyReduced1.png
21 Mar 2016, 18:34:43.165 [  FINER] [    FXGL.AssetLoader] [FXGL Init Thread] Loading from cache: /assets/textures/enemyReduced1.png
21 Mar 2016, 18:34:43.167 [  FINER] [    FXGL.AssetLoader] [FXGL Init Thread] Loading from cache: /assets/textures/enemyReduced2.png
21 Mar 2016, 18:34:43.168 [  FINER] [    FXGL.AssetLoader] [FXGL Init Thread] Loading from cache: /assets/textures/enemyReduced3.png
21 Mar 2016, 18:34:43.169 [  FINER] [    FXGL.AssetLoader] [FXGL Init Thread] Loading from cache: /assets/textures/enemyReduced3.png
21 Mar 2016, 18:34:43.171 [  FINER] [    FXGL.AssetLoader] [FXGL Init Thread] Loading from cache: /assets/textures/enemyReduced3.png
21 Mar 2016, 18:34:43.172 [  FINER] [    FXGL.AssetLoader] [FXGL Init Thread] Loading from cache: /assets/textures/enemyReduced3.png
21 Mar 2016, 18:34:43.173 [  FINER] [    FXGL.AssetLoader] [FXGL Init Thread] Loading from cache: /assets/textures/enemyReduced1.png
21 Mar 2016, 18:34:43.174 [  FINER] [    FXGL.AssetLoader] [FXGL Init Thread] Loading from cache: /assets/textures/enemyReduced2.png
21 Mar 2016, 18:34:43.175 [  FINER] [    FXGL.AssetLoader] [FXGL Init Thread] Loading from cache: /assets/textures/enemyReduced3.png
21 Mar 2016, 18:34:43.176 [  FINER] [    FXGL.AssetLoader] [FXGL Init Thread] Loading from cache: /assets/textures/enemyReduced3.png
21 Mar 2016, 18:34:43.177 [  FINER] [    FXGL.AssetLoader] [FXGL Init Thread] Loading from cache: /assets/textures/enemyReduced2.png
21 Mar 2016, 18:34:43.178 [  FINER] [    FXGL.AssetLoader] [FXGL Init Thread] Loading from cache: /assets/textures/enemyReduced1.png
21 Mar 2016, 18:34:43.179 [  FINER] [    FXGL.AssetLoader] [FXGL Init Thread] Loading from cache: /assets/textures/enemyReduced3.png
21 Mar 2016, 18:34:43.180 [  FINER] [    FXGL.AssetLoader] [FXGL Init Thread] Loading from cache: /assets/textures/enemyReduced1.png
21 Mar 2016, 18:34:43.181 [  FINER] [    FXGL.AssetLoader] [FXGL Init Thread] Loading from cache: /assets/textures/enemyReduced2.png
21 Mar 2016, 18:34:43.182 [  FINER] [    FXGL.AssetLoader] [FXGL Init Thread] Loading from cache: /assets/textures/enemyReduced1.png
21 Mar 2016, 18:34:43.183 [  FINER] [    FXGL.AssetLoader] [FXGL Init Thread] Loading from cache: /assets/textures/enemyReduced3.png
21 Mar 2016, 18:34:43.183 [  FINER] [    FXGL.AssetLoader] [FXGL Init Thread] Loading from cache: /assets/textures/enemyReduced1.png
21 Mar 2016, 18:34:43.184 [  FINER] [    FXGL.AssetLoader] [FXGL Init Thread] Loading from cache: /assets/textures/enemyReduced3.png
21 Mar 2016, 18:34:43.185 [  FINER] [    FXGL.AssetLoader] [FXGL Init Thread] Loading from cache: /assets/textures/enemyReduced3.png
21 Mar 2016, 18:34:43.186 [  FINER] [    FXGL.AssetLoader] [FXGL Init Thread] Loading from cache: /assets/textures/enemyReduced1.png
21 Mar 2016, 18:34:43.187 [  FINER] [    FXGL.AssetLoader] [FXGL Init Thread] Loading from cache: /assets/textures/wall.png
21 Mar 2016, 18:34:43.187 [  FINER] [    FXGL.AssetLoader] [FXGL Init Thread] Loading from cache: /assets/textures/wall.png
21 Mar 2016, 18:34:43.188 [  FINER] [    FXGL.AssetLoader] [FXGL Init Thread] Loading from cache: /assets/textures/wall.png
21 Mar 2016, 18:34:43.188 [  FINER] [    FXGL.AssetLoader] [FXGL Init Thread] Loading from cache: /assets/textures/wall.png
21 Mar 2016, 18:34:43.189 [  FINER] [    FXGL.AssetLoader] [FXGL Init Thread] Loading from cache: /assets/textures/spaceshipReduced.png
21 Mar 2016, 18:34:43.189 [  FINER] [    FXGL.Application] [FXGL Init Thread] Initializing Physics
21 Mar 2016, 18:34:43.190 [  FINER] [    FXGL.Application] [FXGL Init Thread] Initializing UI
21 Mar 2016, 18:34:43.197 [  FINER] [    FXGL.Application] [FXGL Init Thread] Initialization Complete
21 Mar 2016, 18:34:43.198 [  FINER] [       FXGL.EventBus] [JavaFX Application Thread] Firing event: FXGLEvent[type=INIT_APP_COMPLETE]
21 Mar 2016, 18:34:43.198 [  FINER] [    FXGL.Application] [JavaFX Application Thread] Resuming main loop
21 Mar 2016, 18:34:43.199 [  FINER] [       FXGL.EventBus] [JavaFX Application Thread] Firing event: FXGLEvent[type=RESUME]
21 Mar 2016, 18:34:43.199 [  FINER] [          FXGL.Input] [JavaFX Application Thread] Clearing active input actions
21 Mar 2016, 18:34:43.199 [  FINER] [    FXGL.MasterTimer] [JavaFX Application Thread] Starting master timer
21 Mar 2016, 18:34:43.199 [  FINER] [    FXGL.Application] [JavaFX Application Thread] State: LOADING -> PLAYING
21 Mar 2016, 18:34:43.208 [  FINER] [       FXGL.EventBus] [JavaFX Application Thread] Firing event: WorldEvent[type=ENTITY_ADDED]
21 Mar 2016, 18:34:43.208 [  FINER] [      FXGL.GameScene] [JavaFX Application Thread] Entity added to scene
21 Mar 2016, 18:34:43.208 [  FINER] [      FXGL.GameScene] [JavaFX Application Thread] Added MainViewComponent
21 Mar 2016, 18:34:43.209 [  FINER] [      FXGL.GameScene] [JavaFX Application Thread] Creating render group for layer: TOP(2147483647)
21 Mar 2016, 18:34:43.214 [  FINER] [       FXGL.EventBus] [JavaFX Application Thread] Firing event: WorldEvent[type=ENTITY_ADDED]
21 Mar 2016, 18:34:43.215 [  FINER] [      FXGL.GameScene] [JavaFX Application Thread] Entity added to scene
21 Mar 2016, 18:34:43.215 [  FINER] [      FXGL.GameScene] [JavaFX Application Thread] Added MainViewComponent
21 Mar 2016, 18:34:43.215 [  FINER] [       FXGL.EventBus] [JavaFX Application Thread] Firing event: WorldEvent[type=ENTITY_ADDED]
21 Mar 2016, 18:34:43.215 [  FINER] [      FXGL.GameScene] [JavaFX Application Thread] Entity added to scene
21 Mar 2016, 18:34:43.216 [  FINER] [      FXGL.GameScene] [JavaFX Application Thread] Added MainViewComponent
21 Mar 2016, 18:34:43.216 [  FINER] [       FXGL.EventBus] [JavaFX Application Thread] Firing event: WorldEvent[type=ENTITY_ADDED]
21 Mar 2016, 18:34:43.216 [  FINER] [      FXGL.GameScene] [JavaFX Application Thread] Entity added to scene
21 Mar 2016, 18:34:43.216 [  FINER] [      FXGL.GameScene] [JavaFX Application Thread] Added MainViewComponent
21 Mar 2016, 18:34:43.216 [  FINER] [       FXGL.EventBus] [JavaFX Application Thread] Firing event: WorldEvent[type=ENTITY_ADDED]
21 Mar 2016, 18:34:43.217 [  FINER] [      FXGL.GameScene] [JavaFX Application Thread] Entity added to scene
21 Mar 2016, 18:34:43.217 [  FINER] [      FXGL.GameScene] [JavaFX Application Thread] Added MainViewComponent
21 Mar 2016, 18:34:43.217 [  FINER] [       FXGL.EventBus] [JavaFX Application Thread] Firing event: WorldEvent[type=ENTITY_ADDED]
21 Mar 2016, 18:34:43.217 [  FINER] [      FXGL.GameScene] [JavaFX Application Thread] Entity added to scene
21 Mar 2016, 18:34:43.217 [  FINER] [      FXGL.GameScene] [JavaFX Application Thread] Added MainViewComponent
21 Mar 2016, 18:34:43.218 [  FINER] [       FXGL.EventBus] [JavaFX Application Thread] Firing event: WorldEvent[type=ENTITY_ADDED]
21 Mar 2016, 18:34:43.218 [  FINER] [      FXGL.GameScene] [JavaFX Application Thread] Entity added to scene
21 Mar 2016, 18:34:43.218 [  FINER] [      FXGL.GameScene] [JavaFX Application Thread] Added MainViewComponent
21 Mar 2016, 18:34:43.218 [  FINER] [       FXGL.EventBus] [JavaFX Application Thread] Firing event: WorldEvent[type=ENTITY_ADDED]
21 Mar 2016, 18:34:43.218 [  FINER] [      FXGL.GameScene] [JavaFX Application Thread] Entity added to scene
21 Mar 2016, 18:34:43.218 [  FINER] [      FXGL.GameScene] [JavaFX Application Thread] Added MainViewComponent
21 Mar 2016, 18:34:43.219 [  FINER] [       FXGL.EventBus] [JavaFX Application Thread] Firing event: WorldEvent[type=ENTITY_ADDED]
21 Mar 2016, 18:34:43.219 [  FINER] [      FXGL.GameScene] [JavaFX Application Thread] Entity added to scene
21 Mar 2016, 18:34:43.219 [  FINER] [      FXGL.GameScene] [JavaFX Application Thread] Added MainViewComponent
21 Mar 2016, 18:34:43.220 [  FINER] [       FXGL.EventBus] [JavaFX Application Thread] Firing event: WorldEvent[type=ENTITY_ADDED]
21 Mar 2016, 18:34:43.220 [  FINER] [      FXGL.GameScene] [JavaFX Application Thread] Entity added to scene
21 Mar 2016, 18:34:43.220 [  FINER] [      FXGL.GameScene] [JavaFX Application Thread] Added MainViewComponent
21 Mar 2016, 18:34:43.221 [  FINER] [       FXGL.EventBus] [JavaFX Application Thread] Firing event: WorldEvent[type=ENTITY_ADDED]
21 Mar 2016, 18:34:43.221 [  FINER] [      FXGL.GameScene] [JavaFX Application Thread] Entity added to scene
21 Mar 2016, 18:34:43.221 [  FINER] [      FXGL.GameScene] [JavaFX Application Thread] Added MainViewComponent
21 Mar 2016, 18:34:43.222 [  FINER] [       FXGL.EventBus] [JavaFX Application Thread] Firing event: WorldEvent[type=ENTITY_ADDED]
21 Mar 2016, 18:34:43.222 [  FINER] [      FXGL.GameScene] [JavaFX Application Thread] Entity added to scene
21 Mar 2016, 18:34:43.223 [  FINER] [      FXGL.GameScene] [JavaFX Application Thread] Added MainViewComponent
21 Mar 2016, 18:34:43.223 [  FINER] [       FXGL.EventBus] [JavaFX Application Thread] Firing event: WorldEvent[type=ENTITY_ADDED]
21 Mar 2016, 18:34:43.223 [  FINER] [      FXGL.GameScene] [JavaFX Application Thread] Entity added to scene
21 Mar 2016, 18:34:43.224 [  FINER] [      FXGL.GameScene] [JavaFX Application Thread] Added MainViewComponent
21 Mar 2016, 18:34:43.224 [  FINER] [       FXGL.EventBus] [JavaFX Application Thread] Firing event: WorldEvent[type=ENTITY_ADDED]
21 Mar 2016, 18:34:43.224 [  FINER] [      FXGL.GameScene] [JavaFX Application Thread] Entity added to scene
21 Mar 2016, 18:34:43.225 [  FINER] [      FXGL.GameScene] [JavaFX Application Thread] Added MainViewComponent
21 Mar 2016, 18:34:43.225 [  FINER] [       FXGL.EventBus] [JavaFX Application Thread] Firing event: WorldEvent[type=ENTITY_ADDED]
21 Mar 2016, 18:34:43.225 [  FINER] [      FXGL.GameScene] [JavaFX Application Thread] Entity added to scene
21 Mar 2016, 18:34:43.225 [  FINER] [      FXGL.GameScene] [JavaFX Application Thread] Added MainViewComponent
21 Mar 2016, 18:34:43.226 [  FINER] [       FXGL.EventBus] [JavaFX Application Thread] Firing event: WorldEvent[type=ENTITY_ADDED]
21 Mar 2016, 18:34:43.226 [  FINER] [      FXGL.GameScene] [JavaFX Application Thread] Entity added to scene
21 Mar 2016, 18:34:43.226 [  FINER] [      FXGL.GameScene] [JavaFX Application Thread] Added MainViewComponent
21 Mar 2016, 18:34:43.226 [  FINER] [       FXGL.EventBus] [JavaFX Application Thread] Firing event: WorldEvent[type=ENTITY_ADDED]
21 Mar 2016, 18:34:43.226 [  FINER] [      FXGL.GameScene] [JavaFX Application Thread] Entity added to scene
21 Mar 2016, 18:34:43.226 [  FINER] [      FXGL.GameScene] [JavaFX Application Thread] Added MainViewComponent
21 Mar 2016, 18:34:43.227 [  FINER] [       FXGL.EventBus] [JavaFX Application Thread] Firing event: WorldEvent[type=ENTITY_ADDED]
21 Mar 2016, 18:34:43.227 [  FINER] [      FXGL.GameScene] [JavaFX Application Thread] Entity added to scene
21 Mar 2016, 18:34:43.227 [  FINER] [      FXGL.GameScene] [JavaFX Application Thread] Added MainViewComponent
21 Mar 2016, 18:34:43.227 [  FINER] [       FXGL.EventBus] [JavaFX Application Thread] Firing event: WorldEvent[type=ENTITY_ADDED]
21 Mar 2016, 18:34:43.228 [  FINER] [      FXGL.GameScene] [JavaFX Application Thread] Entity added to scene
21 Mar 2016, 18:34:43.228 [  FINER] [      FXGL.GameScene] [JavaFX Application Thread] Added MainViewComponent
21 Mar 2016, 18:34:43.228 [  FINER] [       FXGL.EventBus] [JavaFX Application Thread] Firing event: WorldEvent[type=ENTITY_ADDED]
21 Mar 2016, 18:34:43.228 [  FINER] [      FXGL.GameScene] [JavaFX Application Thread] Entity added to scene
21 Mar 2016, 18:34:43.228 [  FINER] [      FXGL.GameScene] [JavaFX Application Thread] Added MainViewComponent
21 Mar 2016, 18:34:43.229 [  FINER] [       FXGL.EventBus] [JavaFX Application Thread] Firing event: WorldEvent[type=ENTITY_ADDED]
21 Mar 2016, 18:34:43.229 [  FINER] [      FXGL.GameScene] [JavaFX Application Thread] Entity added to scene
21 Mar 2016, 18:34:43.229 [  FINER] [      FXGL.GameScene] [JavaFX Application Thread] Added MainViewComponent
21 Mar 2016, 18:34:43.229 [  FINER] [       FXGL.EventBus] [JavaFX Application Thread] Firing event: WorldEvent[type=ENTITY_ADDED]
21 Mar 2016, 18:34:43.229 [  FINER] [      FXGL.GameScene] [JavaFX Application Thread] Entity added to scene
21 Mar 2016, 18:34:43.229 [  FINER] [      FXGL.GameScene] [JavaFX Application Thread] Added MainViewComponent
21 Mar 2016, 18:34:43.230 [  FINER] [       FXGL.EventBus] [JavaFX Application Thread] Firing event: WorldEvent[type=ENTITY_ADDED]
21 Mar 2016, 18:34:43.230 [  FINER] [      FXGL.GameScene] [JavaFX Application Thread] Entity added to scene
21 Mar 2016, 18:34:43.230 [  FINER] [      FXGL.GameScene] [JavaFX Application Thread] Added MainViewComponent
21 Mar 2016, 18:34:43.230 [  FINER] [       FXGL.EventBus] [JavaFX Application Thread] Firing event: WorldEvent[type=ENTITY_ADDED]
21 Mar 2016, 18:34:43.230 [  FINER] [      FXGL.GameScene] [JavaFX Application Thread] Entity added to scene
21 Mar 2016, 18:34:43.231 [  FINER] [      FXGL.GameScene] [JavaFX Application Thread] Added MainViewComponent
21 Mar 2016, 18:34:43.232 [  FINER] [       FXGL.EventBus] [JavaFX Application Thread] Firing event: WorldEvent[type=ENTITY_ADDED]
21 Mar 2016, 18:34:43.233 [  FINER] [      FXGL.GameScene] [JavaFX Application Thread] Entity added to scene
21 Mar 2016, 18:34:43.233 [  FINER] [      FXGL.GameScene] [JavaFX Application Thread] Added MainViewComponent
21 Mar 2016, 18:34:43.233 [  FINER] [       FXGL.EventBus] [JavaFX Application Thread] Firing event: WorldEvent[type=ENTITY_ADDED]
21 Mar 2016, 18:34:43.234 [  FINER] [      FXGL.GameScene] [JavaFX Application Thread] Entity added to scene
21 Mar 2016, 18:34:43.234 [  FINER] [      FXGL.GameScene] [JavaFX Application Thread] Added MainViewComponent
21 Mar 2016, 18:34:43.234 [  FINER] [       FXGL.EventBus] [JavaFX Application Thread] Firing event: WorldEvent[type=ENTITY_ADDED]
21 Mar 2016, 18:34:43.235 [  FINER] [      FXGL.GameScene] [JavaFX Application Thread] Entity added to scene
21 Mar 2016, 18:34:43.235 [  FINER] [      FXGL.GameScene] [JavaFX Application Thread] Added MainViewComponent
21 Mar 2016, 18:34:43.235 [  FINER] [       FXGL.EventBus] [JavaFX Application Thread] Firing event: WorldEvent[type=ENTITY_ADDED]
21 Mar 2016, 18:34:43.235 [  FINER] [      FXGL.GameScene] [JavaFX Application Thread] Entity added to scene
21 Mar 2016, 18:34:43.236 [  FINER] [      FXGL.GameScene] [JavaFX Application Thread] Added MainViewComponent
21 Mar 2016, 18:34:43.236 [  FINER] [       FXGL.EventBus] [JavaFX Application Thread] Firing event: WorldEvent[type=ENTITY_ADDED]
21 Mar 2016, 18:34:43.236 [  FINER] [      FXGL.GameScene] [JavaFX Application Thread] Entity added to scene
21 Mar 2016, 18:34:43.236 [  FINER] [      FXGL.GameScene] [JavaFX Application Thread] Added MainViewComponent
21 Mar 2016, 18:34:43.237 [  FINER] [       FXGL.EventBus] [JavaFX Application Thread] Firing event: WorldEvent[type=ENTITY_ADDED]
21 Mar 2016, 18:34:43.237 [  FINER] [      FXGL.GameScene] [JavaFX Application Thread] Entity added to scene
21 Mar 2016, 18:34:43.237 [  FINER] [      FXGL.GameScene] [JavaFX Application Thread] Added MainViewComponent
21 Mar 2016, 18:34:43.238 [  FINER] [       FXGL.EventBus] [JavaFX Application Thread] Firing event: WorldEvent[type=ENTITY_ADDED]
21 Mar 2016, 18:34:43.238 [  FINER] [      FXGL.GameScene] [JavaFX Application Thread] Entity added to scene
21 Mar 2016, 18:34:43.238 [  FINER] [      FXGL.GameScene] [JavaFX Application Thread] Added MainViewComponent
21 Mar 2016, 18:34:43.238 [  FINER] [       FXGL.EventBus] [JavaFX Application Thread] Firing event: WorldEvent[type=ENTITY_ADDED]
21 Mar 2016, 18:34:43.239 [  FINER] [      FXGL.GameScene] [JavaFX Application Thread] Entity added to scene
21 Mar 2016, 18:34:43.239 [  FINER] [      FXGL.GameScene] [JavaFX Application Thread] Added MainViewComponent
21 Mar 2016, 18:34:43.239 [  FINER] [       FXGL.EventBus] [JavaFX Application Thread] Firing event: WorldEvent[type=ENTITY_ADDED]
21 Mar 2016, 18:34:43.239 [  FINER] [      FXGL.GameScene] [JavaFX Application Thread] Entity added to scene
21 Mar 2016, 18:34:43.239 [  FINER] [      FXGL.GameScene] [JavaFX Application Thread] Added MainViewComponent
21 Mar 2016, 18:34:43.240 [  FINER] [       FXGL.EventBus] [JavaFX Application Thread] Firing event: WorldEvent[type=ENTITY_ADDED]
21 Mar 2016, 18:34:43.240 [  FINER] [      FXGL.GameScene] [JavaFX Application Thread] Entity added to scene
21 Mar 2016, 18:34:43.240 [  FINER] [      FXGL.GameScene] [JavaFX Application Thread] Added MainViewComponent
21 Mar 2016, 18:34:43.240 [  FINER] [       FXGL.EventBus] [JavaFX Application Thread] Firing event: WorldEvent[type=ENTITY_ADDED]
21 Mar 2016, 18:34:43.241 [  FINER] [      FXGL.GameScene] [JavaFX Application Thread] Entity added to scene
21 Mar 2016, 18:34:43.241 [  FINER] [      FXGL.GameScene] [JavaFX Application Thread] Added MainViewComponent
21 Mar 2016, 18:34:43.241 [  FINER] [       FXGL.EventBus] [JavaFX Application Thread] Firing event: WorldEvent[type=ENTITY_ADDED]
21 Mar 2016, 18:34:43.242 [  FINER] [      FXGL.GameScene] [JavaFX Application Thread] Entity added to scene
21 Mar 2016, 18:34:43.242 [  FINER] [      FXGL.GameScene] [JavaFX Application Thread] Added MainViewComponent
21 Mar 2016, 18:34:43.242 [  FINER] [       FXGL.EventBus] [JavaFX Application Thread] Firing event: WorldEvent[type=ENTITY_ADDED]
21 Mar 2016, 18:34:43.243 [  FINER] [      FXGL.GameScene] [JavaFX Application Thread] Entity added to scene
21 Mar 2016, 18:34:43.243 [  FINER] [      FXGL.GameScene] [JavaFX Application Thread] Added MainViewComponent
21 Mar 2016, 18:34:43.243 [  FINER] [       FXGL.EventBus] [JavaFX Application Thread] Firing event: WorldEvent[type=ENTITY_ADDED]
21 Mar 2016, 18:34:43.243 [  FINER] [      FXGL.GameScene] [JavaFX Application Thread] Entity added to scene
21 Mar 2016, 18:34:43.243 [  FINER] [      FXGL.GameScene] [JavaFX Application Thread] Added MainViewComponent
21 Mar 2016, 18:34:43.244 [  FINER] [       FXGL.EventBus] [JavaFX Application Thread] Firing event: WorldEvent[type=ENTITY_ADDED]
21 Mar 2016, 18:34:43.244 [  FINER] [      FXGL.GameScene] [JavaFX Application Thread] Entity added to scene
21 Mar 2016, 18:34:43.244 [  FINER] [      FXGL.GameScene] [JavaFX Application Thread] Added MainViewComponent
21 Mar 2016, 18:34:43.244 [  FINER] [       FXGL.EventBus] [JavaFX Application Thread] Firing event: WorldEvent[type=ENTITY_ADDED]
21 Mar 2016, 18:34:43.245 [  FINER] [      FXGL.GameScene] [JavaFX Application Thread] Entity added to scene
21 Mar 2016, 18:34:43.245 [  FINER] [      FXGL.GameScene] [JavaFX Application Thread] Added MainViewComponent
21 Mar 2016, 18:34:43.245 [  FINER] [       FXGL.EventBus] [JavaFX Application Thread] Firing event: WorldEvent[type=ENTITY_ADDED]
21 Mar 2016, 18:34:43.245 [  FINER] [      FXGL.GameScene] [JavaFX Application Thread] Entity added to scene
21 Mar 2016, 18:34:43.245 [  FINER] [      FXGL.GameScene] [JavaFX Application Thread] Added MainViewComponent
21 Mar 2016, 18:34:43.246 [  FINER] [       FXGL.EventBus] [JavaFX Application Thread] Firing event: WorldEvent[type=ENTITY_ADDED]
21 Mar 2016, 18:34:43.246 [  FINER] [      FXGL.GameScene] [JavaFX Application Thread] Entity added to scene
21 Mar 2016, 18:34:43.246 [  FINER] [      FXGL.GameScene] [JavaFX Application Thread] Added MainViewComponent
21 Mar 2016, 18:34:43.246 [  FINER] [       FXGL.EventBus] [JavaFX Application Thread] Firing event: WorldEvent[type=ENTITY_ADDED]
21 Mar 2016, 18:34:43.246 [  FINER] [      FXGL.GameScene] [JavaFX Application Thread] Entity added to scene
21 Mar 2016, 18:34:43.246 [  FINER] [      FXGL.GameScene] [JavaFX Application Thread] Added MainViewComponent
21 Mar 2016, 18:34:43.247 [  FINER] [       FXGL.EventBus] [JavaFX Application Thread] Firing event: WorldEvent[type=ENTITY_ADDED]
21 Mar 2016, 18:34:43.247 [  FINER] [      FXGL.GameScene] [JavaFX Application Thread] Entity added to scene
21 Mar 2016, 18:34:43.247 [  FINER] [      FXGL.GameScene] [JavaFX Application Thread] Added MainViewComponent
21 Mar 2016, 18:34:43.247 [  FINER] [       FXGL.EventBus] [JavaFX Application Thread] Firing event: WorldEvent[type=ENTITY_ADDED]
21 Mar 2016, 18:34:43.247 [  FINER] [      FXGL.GameScene] [JavaFX Application Thread] Entity added to scene
21 Mar 2016, 18:34:43.247 [  FINER] [      FXGL.GameScene] [JavaFX Application Thread] Added MainViewComponent
21 Mar 2016, 18:37:50.407 [  FINER] [    FXGL.Application] [JavaFX Application Thread] Pausing main loop
21 Mar 2016, 18:37:50.408 [  FINER] [       FXGL.EventBus] [JavaFX Application Thread] Firing event: FXGLEvent[type=PAUSE]
21 Mar 2016, 18:37:50.408 [  FINER] [          FXGL.Input] [JavaFX Application Thread] Clearing active input actions
21 Mar 2016, 18:37:50.409 [  FINER] [    FXGL.MasterTimer] [JavaFX Application Thread] Stopping master timer
21 Mar 2016, 18:37:50.410 [  FINER] [    FXGL.Application] [JavaFX Application Thread] State: PLAYING -> PAUSED
21 Mar 2016, 18:37:50.410 [ SEVERE] [    FXGL.Application] [JavaFX Application Thread] Uncaught Exception:
21 Mar 2016, 18:37:50.411 [ SEVERE] [    FXGL.Application] [JavaFX Application Thread] 

Exception occurred: java.lang.RuntimeException : java.lang.reflect.InvocationTargetExceptionE: com.almasb.fxgl.input.Input$1.onAction(Input.java:424)
E: java.lang.Iterable.forEach(Unknown Source)
E: com.almasb.fxgl.input.Input.lambda$new$82(Input.java:112)
E: com.sun.javafx.event.CompositeEventHandler$NormalEventHandlerRecord.handleBubblingEvent(Unknown Source)
E: com.sun.javafx.event.CompositeEventHandler.dispatchBubblingEvent(Unknown Source)
E: com.sun.javafx.event.EventHandlerManager.dispatchBubblingEvent(Unknown Source)
E: com.sun.javafx.event.EventHandlerManager.dispatchBubblingEvent(Unknown Source)
E: com.sun.javafx.event.CompositeEventDispatcher.dispatchBubblingEvent(Unknown Source)
E: com.sun.javafx.event.BasicEventDispatcher.dispatchEvent(Unknown Source)
E: com.sun.javafx.event.EventDispatchChainImpl.dispatchEvent(Unknown Source)
E: com.sun.javafx.event.EventUtil.fireEventImpl(Unknown Source)
E: com.sun.javafx.event.EventUtil.fireEvent(Unknown Source)
E: javafx.event.Event.fireEvent(Unknown Source)
E: javafx.scene.Node.fireEvent(Unknown Source)
E: com.almasb.fxeventbus.FXEventBus.fireEvent(FXEventBus.java:28)
E: com.almasb.fxgl.event.FXGLEventBus.fireEvent(FXGLEventBus.java:73)
E: com.almasb.fxgl.time.FXGLMasterTimer.handle(FXGLMasterTimer.java:132)
E: javafx.animation.AnimationTimer$AnimationTimerReceiver.lambda$handle$484(Unknown Source)
E: java.security.AccessController.doPrivileged(Native Method)
E: javafx.animation.AnimationTimer$AnimationTimerReceiver.handle(Unknown Source)
E: com.sun.scenario.animation.AbstractMasterTimer.timePulseImpl(Unknown Source)
E: com.sun.scenario.animation.AbstractMasterTimer$MainLoop.run(Unknown Source)
E: com.sun.javafx.tk.quantum.QuantumToolkit.pulse(Unknown Source)
E: com.sun.javafx.tk.quantum.QuantumToolkit.pulse(Unknown Source)
E: com.sun.javafx.tk.quantum.QuantumToolkit.lambda$runToolkit$404(Unknown Source)
E: com.sun.glass.ui.InvokeLaterDispatcher$Future.run(Unknown Source)
E: com.sun.glass.ui.win.WinApplication._runLoop(Native Method)
E: com.sun.glass.ui.win.WinApplication.lambda$null$148(Unknown Source)
E: java.lang.Thread.run(Unknown Source)

21 Mar 2016, 18:37:50.411 [ SEVERE] [    FXGL.Application] [JavaFX Application Thread] Application will now exit
21 Mar 2016, 18:37:55.883 [  FINER] [    FXGL.Application] [JavaFX Application Thread] Exiting Normally
21 Mar 2016, 18:37:55.883 [  FINER] [       FXGL.EventBus] [JavaFX Application Thread] Firing event: FXGLEvent[type=EXIT]
21 Mar 2016, 18:37:55.884 [  FINER] [         FXGL.Logger] [JavaFX Application Thread] Logger is closing
