18 Mar 2016, 22:55:58.598 [   INFO] [         FXGL.Logger] [JavaFX Application Thread] Logger initialized with level: CONFIG
18 Mar 2016, 22:55:58.601 [  FINER] [         FXGL.Logger] [JavaFX Application Thread] CPU cores: 4
18 Mar 2016, 22:55:58.604 [  FINER] [         FXGL.Logger] [JavaFX Application Thread] Free Memory: 110MB
18 Mar 2016, 22:55:58.604 [  FINER] [         FXGL.Logger] [JavaFX Application Thread] Max Memory: 1776MB
18 Mar 2016, 22:55:58.604 [  FINER] [         FXGL.Logger] [JavaFX Application Thread] Total Memory: 121MB
18 Mar 2016, 22:55:58.605 [  FINER] [         FXGL.Logger] [JavaFX Application Thread] System Properties:
18 Mar 2016, 22:55:58.606 [  FINER] [         FXGL.Logger] [JavaFX Application Thread] sun.cpu.isalist=amd64
18 Mar 2016, 22:55:58.607 [  FINER] [         FXGL.Logger] [JavaFX Application Thread] sun.desktop=windows
18 Mar 2016, 22:55:58.607 [  FINER] [         FXGL.Logger] [JavaFX Application Thread] sun.io.unicode.encoding=UnicodeLittle
18 Mar 2016, 22:55:58.608 [  FINER] [         FXGL.Logger] [JavaFX Application Thread] sun.cpu.endian=little
18 Mar 2016, 22:55:58.608 [  FINER] [         FXGL.Logger] [JavaFX Application Thread] java.vendor.url.bug=http://bugreport.sun.com/bugreport/
18 Mar 2016, 22:55:58.608 [  FINER] [         FXGL.Logger] [JavaFX Application Thread] file.separator=\
18 Mar 2016, 22:55:58.609 [  FINER] [         FXGL.Logger] [JavaFX Application Thread] java.vendor=Oracle Corporation
18 Mar 2016, 22:55:58.609 [  FINER] [         FXGL.Logger] [JavaFX Application Thread] sun.boot.class.path=C:\Program Files\Java\jre1.8.0_73\lib\resources.jar;C:\Program Files\Java\jre1.8.0_73\lib\rt.jar;C:\Program Files\Java\jre1.8.0_73\lib\sunrsasign.jar;C:\Program Files\Java\jre1.8.0_73\lib\jsse.jar;C:\Program Files\Java\jre1.8.0_73\lib\jce.jar;C:\Program Files\Java\jre1.8.0_73\lib\charsets.jar;C:\Program Files\Java\jre1.8.0_73\lib\jfr.jar;C:\Program Files\Java\jre1.8.0_73\classes
18 Mar 2016, 22:55:58.610 [  FINER] [         FXGL.Logger] [JavaFX Application Thread] java.ext.dirs=C:\Program Files\Java\jre1.8.0_73\lib\ext;C:\Windows\Sun\Java\lib\ext
18 Mar 2016, 22:55:58.610 [  FINER] [         FXGL.Logger] [JavaFX Application Thread] java.version=1.8.0_73
18 Mar 2016, 22:55:58.610 [  FINER] [         FXGL.Logger] [JavaFX Application Thread] java.vm.info=mixed mode
18 Mar 2016, 22:55:58.611 [  FINER] [         FXGL.Logger] [JavaFX Application Thread] awt.toolkit=sun.awt.windows.WToolkit
18 Mar 2016, 22:55:58.611 [  FINER] [         FXGL.Logger] [JavaFX Application Thread] user.language=en
18 Mar 2016, 22:55:58.611 [  FINER] [         FXGL.Logger] [JavaFX Application Thread] java.specification.vendor=Oracle Corporation
18 Mar 2016, 22:55:58.612 [  FINER] [         FXGL.Logger] [JavaFX Application Thread] sun.java.command=com.chromalife.SpaceInvaders.SpaceInvadersApp
18 Mar 2016, 22:55:58.612 [  FINER] [         FXGL.Logger] [JavaFX Application Thread] java.home=C:\Program Files\Java\jre1.8.0_73
18 Mar 2016, 22:55:58.612 [  FINER] [         FXGL.Logger] [JavaFX Application Thread] sun.arch.data.model=64
18 Mar 2016, 22:55:58.613 [  FINER] [         FXGL.Logger] [JavaFX Application Thread] java.vm.specification.version=1.8
18 Mar 2016, 22:55:58.613 [  FINER] [         FXGL.Logger] [JavaFX Application Thread] java.class.path=C:\Users\Wes\Documents\SpaceInvaders\target\classes;C:\Users\Wes\.m2\repository\com\github\AlmasB\FXGL\0.2.1-0.2.0-gba5970d-32\FXGL-0.2.1-0.2.0-gba5970d-32.jar;C:\Users\Wes\.m2\repository\com\google\inject\guice\4.0\guice-4.0.jar;C:\Users\Wes\.m2\repository\javax\inject\javax.inject\1\javax.inject-1.jar;C:\Users\Wes\.m2\repository\aopalliance\aopalliance\1.0\aopalliance-1.0.jar;C:\Users\Wes\.m2\repository\com\google\guava\guava\16.0.1\guava-16.0.1.jar;C:\Users\Wes\.m2\repository\org\jfxtras\jfxtras-window\8.0-r4\jfxtras-window-8.0-r4.jar;C:\Users\Wes\.m2\repository\org\jfxtras\jfxtras-common\8.0-r4\jfxtras-common-8.0-r4.jar;C:\Users\Wes\.m2\repository\com\github\AlmasB\FXEventBus\1.0\FXEventBus-1.0.jar;C:\Users\Wes\.m2\repository\com\github\AlmasB\Ents\1.0\Ents-1.0.jar;C:\Users\Wes\.m2\repository\org\apache\logging\log4j\log4j-api\2.5\log4j-api-2.5.jar;C:\Users\Wes\.m2\repository\org\apache\logging\log4j\log4j-core\2.5\log4j-core-2.5.jar;C:\Users\Wes\.m2\repository\com\github\AlmasB\AStar\1.0\AStar-1.0.jar
18 Mar 2016, 22:55:58.614 [  FINER] [         FXGL.Logger] [JavaFX Application Thread] user.name=Wes
18 Mar 2016, 22:55:58.614 [  FINER] [         FXGL.Logger] [JavaFX Application Thread] file.encoding=Cp1252
18 Mar 2016, 22:55:58.614 [  FINER] [         FXGL.Logger] [JavaFX Application Thread] java.specification.version=1.8
18 Mar 2016, 22:55:58.615 [  FINER] [         FXGL.Logger] [JavaFX Application Thread] java.awt.printerjob=sun.awt.windows.WPrinterJob
18 Mar 2016, 22:55:58.615 [  FINER] [         FXGL.Logger] [JavaFX Application Thread] user.timezone=America/New_York
18 Mar 2016, 22:55:58.615 [  FINER] [         FXGL.Logger] [JavaFX Application Thread] user.home=C:\Users\Wes
18 Mar 2016, 22:55:58.615 [  FINER] [         FXGL.Logger] [JavaFX Application Thread] os.version=6.1
18 Mar 2016, 22:55:58.616 [  FINER] [         FXGL.Logger] [JavaFX Application Thread] sun.management.compiler=HotSpot 64-Bit Tiered Compilers
18 Mar 2016, 22:55:58.616 [  FINER] [         FXGL.Logger] [JavaFX Application Thread] java.specification.name=Java Platform API Specification
18 Mar 2016, 22:55:58.617 [  FINER] [         FXGL.Logger] [JavaFX Application Thread] java.class.version=52.0
18 Mar 2016, 22:55:58.617 [  FINER] [         FXGL.Logger] [JavaFX Application Thread] java.library.path=C:\Program Files\Java\jre1.8.0_73\bin;C:\Windows\Sun\Java\bin;C:\Windows\system32;C:\Windows;C:/Program Files/Java/jre1.8.0_73/bin/server;C:/Program Files/Java/jre1.8.0_73/bin;C:/Program Files/Java/jre1.8.0_73/lib/amd64;C:\ProgramData\Oracle\Java\javapath;C:\oraclexe\app\oracle\product\11.2.0\server\bin;C:\Windows\system32;C:\Windows;C:\Windows\System32\Wbem;C:\Windows\System32\WindowsPowerShell\v1.0\;C:\Program Files\Git\cmd;C:\Users\Wes\eclipse;;.
18 Mar 2016, 22:55:58.617 [  FINER] [         FXGL.Logger] [JavaFX Application Thread] sun.jnu.encoding=Cp1252
18 Mar 2016, 22:55:58.617 [  FINER] [         FXGL.Logger] [JavaFX Application Thread] os.name=Windows 7
18 Mar 2016, 22:55:58.618 [  FINER] [         FXGL.Logger] [JavaFX Application Thread] user.variant=
18 Mar 2016, 22:55:58.618 [  FINER] [         FXGL.Logger] [JavaFX Application Thread] java.vm.specification.vendor=Oracle Corporation
18 Mar 2016, 22:55:58.618 [  FINER] [         FXGL.Logger] [JavaFX Application Thread] java.io.tmpdir=C:\Users\Wes\AppData\Local\Temp\
18 Mar 2016, 22:55:58.619 [  FINER] [         FXGL.Logger] [JavaFX Application Thread] line.separator=

18 Mar 2016, 22:55:58.619 [  FINER] [         FXGL.Logger] [JavaFX Application Thread] java.endorsed.dirs=C:\Program Files\Java\jre1.8.0_73\lib\endorsed
18 Mar 2016, 22:55:58.619 [  FINER] [         FXGL.Logger] [JavaFX Application Thread] os.arch=amd64
18 Mar 2016, 22:55:58.619 [  FINER] [         FXGL.Logger] [JavaFX Application Thread] javafx.runtime.version=8.0.71-b15
18 Mar 2016, 22:55:58.619 [  FINER] [         FXGL.Logger] [JavaFX Application Thread] java.awt.graphicsenv=sun.awt.Win32GraphicsEnvironment
18 Mar 2016, 22:55:58.620 [  FINER] [         FXGL.Logger] [JavaFX Application Thread] java.runtime.version=1.8.0_73-b02
18 Mar 2016, 22:55:58.620 [  FINER] [         FXGL.Logger] [JavaFX Application Thread] java.vm.specification.name=Java Virtual Machine Specification
18 Mar 2016, 22:55:58.620 [  FINER] [         FXGL.Logger] [JavaFX Application Thread] user.dir=C:\Users\Wes\Documents\SpaceInvaders
18 Mar 2016, 22:55:58.620 [  FINER] [         FXGL.Logger] [JavaFX Application Thread] user.country=US
18 Mar 2016, 22:55:58.621 [  FINER] [         FXGL.Logger] [JavaFX Application Thread] user.script=
18 Mar 2016, 22:55:58.621 [  FINER] [         FXGL.Logger] [JavaFX Application Thread] sun.java.launcher=SUN_STANDARD
18 Mar 2016, 22:55:58.621 [  FINER] [         FXGL.Logger] [JavaFX Application Thread] sun.os.patch.level=Service Pack 1
18 Mar 2016, 22:55:58.621 [  FINER] [         FXGL.Logger] [JavaFX Application Thread] java.vm.name=Java HotSpot(TM) 64-Bit Server VM
18 Mar 2016, 22:55:58.622 [  FINER] [         FXGL.Logger] [JavaFX Application Thread] file.encoding.pkg=sun.io
18 Mar 2016, 22:55:58.622 [  FINER] [         FXGL.Logger] [JavaFX Application Thread] path.separator=;
18 Mar 2016, 22:55:58.622 [  FINER] [         FXGL.Logger] [JavaFX Application Thread] java.vm.vendor=Oracle Corporation
18 Mar 2016, 22:55:58.622 [  FINER] [         FXGL.Logger] [JavaFX Application Thread] java.vendor.url=http://java.oracle.com/
18 Mar 2016, 22:55:58.622 [  FINER] [         FXGL.Logger] [JavaFX Application Thread] sun.boot.library.path=C:\Program Files\Java\jre1.8.0_73\bin
18 Mar 2016, 22:55:58.623 [  FINER] [         FXGL.Logger] [JavaFX Application Thread] java.vm.version=25.73-b02
18 Mar 2016, 22:55:58.623 [  FINER] [         FXGL.Logger] [JavaFX Application Thread] java.runtime.name=Java(TM) SE Runtime Environment
18 Mar 2016, 22:55:58.623 [  FINER] [         FXGL.Logger] [JavaFX Application Thread] javafx.version=8.0.71
18 Mar 2016, 22:55:58.627 [   INFO] [        FXGL.Version] [JavaFX Application Thread] FXGL-0.2.1-SNAPSHOT
18 Mar 2016, 22:55:58.628 [   INFO] [        FXGL.Version] [JavaFX Application Thread] Source code and latest builds at: https://github.com/AlmasB/FXGL
18 Mar 2016, 22:55:58.636 [  FINER] [    FXGL.Application] [JavaFX Application Thread] Game_clinit()
18 Mar 2016, 22:55:58.643 [  FINER] [    FXGL.Application] [JavaFX-Launcher] FXGL_init()
18 Mar 2016, 22:55:58.669 [  FINER] [    FXGL.Application] [JavaFX Application Thread] FXGL_start()
18 Mar 2016, 22:55:58.669 [  FINER] [    FXGL.Application] [JavaFX Application Thread] Initializing system properties
18 Mar 2016, 22:55:58.672 [  FINER] [    FXGL.Application] [JavaFX Application Thread] sound.notification = system/notification.wav
18 Mar 2016, 22:55:58.673 [  FINER] [    FXGL.Application] [JavaFX Application Thread] asset.cache.size = 35
18 Mar 2016, 22:55:58.673 [  FINER] [    FXGL.Application] [JavaFX Application Thread] ui.font = Copperplate_Gothic_Light_Regular.ttf
18 Mar 2016, 22:55:58.673 [  FINER] [    FXGL.Application] [JavaFX Application Thread] sound.menu.back = menu/back.wav
18 Mar 2016, 22:55:58.674 [  FINER] [    FXGL.Application] [JavaFX Application Thread] sound.menu.select = menu/select.wav
18 Mar 2016, 22:55:58.674 [  FINER] [    FXGL.Application] [JavaFX Application Thread] physics.ppm = 50
18 Mar 2016, 22:55:58.674 [  FINER] [    FXGL.Application] [JavaFX Application Thread] ui.css = fxgl.css
18 Mar 2016, 22:55:58.674 [  FINER] [    FXGL.Application] [JavaFX Application Thread] ui.icon.name = fxgl_icon.png
18 Mar 2016, 22:55:58.675 [  FINER] [    FXGL.Application] [JavaFX Application Thread] sound.menu.press = menu/press.wav
18 Mar 2016, 22:55:58.675 [  FINER] [    FXGL.Application] [JavaFX Application Thread] Initializing user properties
18 Mar 2016, 22:55:58.676 [   INFO] [    FXGL.Application] [JavaFX Application Thread] User properties not found. Using system
18 Mar 2016, 22:55:58.691 [   INFO] [         FXGL.Logger] [JavaFX Application Thread] Logger level set to: CONFIG
18 Mar 2016, 22:55:58.692 [   INFO] [    FXGL.Application] [JavaFX Application Thread] Application Mode: DEVELOPER
18 Mar 2016, 22:55:59.239 [  FINER] [    FXGL.Application] [JavaFX Application Thread] Services configuration complete
18 Mar 2016, 22:55:59.250 [  FINER] [       FXGL.EventBus] [JavaFX Application Thread] Service [EventBus] initialized
18 Mar 2016, 22:55:59.254 [  FINER] [    FXGL.AssetLoader] [JavaFX Application Thread] Service [AssetLoader] initialized
18 Mar 2016, 22:55:59.257 [  FINER] [    FXGL.AssetLoader] [JavaFX Application Thread] Loading from disk: /assets/sounds/system/notification.wav
18 Mar 2016, 22:55:59.284 [  FINER] [    FXGL.AssetLoader] [JavaFX Application Thread] Loading from disk: /assets/sounds/menu/select.wav
18 Mar 2016, 22:55:59.287 [  FINER] [    FXGL.AssetLoader] [JavaFX Application Thread] Loading from disk: /assets/sounds/menu/back.wav
18 Mar 2016, 22:55:59.289 [  FINER] [    FXGL.AssetLoader] [JavaFX Application Thread] Loading from disk: /assets/sounds/menu/press.wav
18 Mar 2016, 22:55:59.292 [  FINER] [    FXGL.AssetLoader] [JavaFX Application Thread] Loading from disk: /assets/ui/fonts/Copperplate_Gothic_Light_Regular.ttf
18 Mar 2016, 22:55:59.430 [  FINER] [    FXGL.AssetLoader] [JavaFX Application Thread] Loading from disk: /assets/ui/css/fxgl.css
18 Mar 2016, 22:55:59.431 [  FINER] [    FXGL.AssetLoader] [JavaFX Application Thread] Loading from disk: /assets/ui/icons/fxgl_icon.png
18 Mar 2016, 22:55:59.476 [  FINER] [    FXGL.AssetLoader] [JavaFX Application Thread] Loading from disk: /assets/ui/css/fxgl_dark.css
18 Mar 2016, 22:55:59.584 [  FINER] [        FXGL.Display] [JavaFX Application Thread] App size > screen size
18 Mar 2016, 22:55:59.584 [  FINER] [        FXGL.Display] [JavaFX Application Thread] Target size: 480.0x800.0@1.0
18 Mar 2016, 22:55:59.585 [  FINER] [        FXGL.Display] [JavaFX Application Thread] New size:    436.0x726.6666666666667@0.9083333333333333
18 Mar 2016, 22:55:59.586 [  FINER] [        FXGL.Display] [JavaFX Application Thread] Service [Display] initialized
18 Mar 2016, 22:55:59.586 [  FINER] [        FXGL.Display] [JavaFX Application Thread] Using CSS: CSS[jar:file:/C:/Users/Wes/.m2/repository/com/github/AlmasB/FXGL/0.2.1-0.2.0-gba5970d-32/FXGL-0.2.1-0.2.0-gba5970d-32.jar!/assets/ui/css/fxgl_dark.css]
18 Mar 2016, 22:55:59.590 [  FINER] [          FXGL.Input] [JavaFX Application Thread] Service [Input] initialized
18 Mar 2016, 22:55:59.593 [  FINER] [    FXGL.AudioPlayer] [JavaFX Application Thread] Service [AudioPlayer] initialized
18 Mar 2016, 22:55:59.600 [  FINER] [    FXGL.MasterTimer] [JavaFX Application Thread] Service [MasterTimer] initialized
18 Mar 2016, 22:55:59.617 [  FINER] [      FXGL.GameScene] [JavaFX Application Thread] Game scene initialized
18 Mar 2016, 22:55:59.619 [  FINER] [FXGL.NotificationSer] [JavaFX Application Thread] Service [NotificationService] initialized
18 Mar 2016, 22:55:59.891 [  FINER] [      FXGL.GameWorld] [JavaFX Application Thread] Game world initialized
18 Mar 2016, 22:55:59.955 [  FINER] [   FXGL.PhysicsWorld] [JavaFX Application Thread] Physics world initialized
18 Mar 2016, 22:56:00.048 [  FINER] [    FXGL.Application] [JavaFX Application Thread] Game_start()
18 Mar 2016, 22:56:00.058 [  FINER] [    FXGL.Application] [JavaFX Application Thread] Saving data to profile
18 Mar 2016, 22:56:00.060 [  FINER] [    FXGL.UserProfile] [JavaFX Application Thread] Logging bundle: game
18 Mar 2016, 22:56:00.061 [  FINER] [    FXGL.UserProfile] [JavaFX Application Thread] game.playtime=1417103017
18 Mar 2016, 22:56:00.062 [  FINER] [       FXGL.EventBus] [JavaFX Application Thread] Firing event: SaveEvent
18 Mar 2016, 22:56:00.065 [  FINER] [        FXGL.Display] [JavaFX Application Thread] Saving data to profile
18 Mar 2016, 22:56:00.066 [  FINER] [    FXGL.UserProfile] [JavaFX Application Thread] Logging bundle: scene
18 Mar 2016, 22:56:00.066 [  FINER] [    FXGL.UserProfile] [JavaFX Application Thread] scene.sizeW=480.0
18 Mar 2016, 22:56:00.066 [  FINER] [    FXGL.UserProfile] [JavaFX Application Thread] scene.sizeH=800.0
18 Mar 2016, 22:56:00.067 [  FINER] [          FXGL.Input] [JavaFX Application Thread] Saving data to profile
18 Mar 2016, 22:56:00.067 [  FINER] [    FXGL.UserProfile] [JavaFX Application Thread] Logging bundle: input
18 Mar 2016, 22:56:00.067 [  FINER] [    FXGL.AudioPlayer] [JavaFX Application Thread] Saving data to profile
18 Mar 2016, 22:56:00.068 [  FINER] [    FXGL.UserProfile] [JavaFX Application Thread] Logging bundle: audio
18 Mar 2016, 22:56:00.068 [  FINER] [    FXGL.UserProfile] [JavaFX Application Thread] audio.musicVolume=0.5
18 Mar 2016, 22:56:00.068 [  FINER] [    FXGL.UserProfile] [JavaFX Application Thread] audio.soundVolume=0.5
18 Mar 2016, 22:56:00.069 [  FINER] [FXGL.AchievementMana] [JavaFX Application Thread] Saving data to profile
18 Mar 2016, 22:56:00.071 [  FINER] [    FXGL.UserProfile] [JavaFX Application Thread] Logging bundle: achievement
18 Mar 2016, 22:56:00.071 [  FINER] [    FXGL.Application] [JavaFX Application Thread] Starting new game
18 Mar 2016, 22:56:00.075 [  FINER] [    FXGL.Application] [JavaFX Application Thread] Initializing App
18 Mar 2016, 22:56:00.075 [  FINER] [    FXGL.Application] [JavaFX Application Thread] Pausing main loop
18 Mar 2016, 22:56:00.076 [  FINER] [       FXGL.EventBus] [JavaFX Application Thread] Firing event: FXGLEvent[type=PAUSE]
18 Mar 2016, 22:56:00.076 [  FINER] [          FXGL.Input] [JavaFX Application Thread] Clearing active input actions
18 Mar 2016, 22:56:00.076 [  FINER] [    FXGL.MasterTimer] [JavaFX Application Thread] Stopping master timer
18 Mar 2016, 22:56:00.077 [  FINER] [    FXGL.Application] [JavaFX Application Thread] State: STARTUP -> PAUSED
18 Mar 2016, 22:56:00.078 [  FINER] [    FXGL.Application] [JavaFX Application Thread] Resetting FXGL application
18 Mar 2016, 22:56:00.078 [  FINER] [       FXGL.EventBus] [JavaFX Application Thread] Firing event: FXGLEvent[type=RESET]
18 Mar 2016, 22:56:00.079 [  FINER] [          FXGL.Input] [JavaFX Application Thread] Clearing active input actions
18 Mar 2016, 22:56:00.079 [  FINER] [    FXGL.MasterTimer] [JavaFX Application Thread] Resetting ticks to 0
18 Mar 2016, 22:56:00.079 [  FINER] [    FXGL.MasterTimer] [JavaFX Application Thread] Clearing all scheduled actions
18 Mar 2016, 22:56:00.080 [  FINER] [      FXGL.GameScene] [JavaFX Application Thread] Resetting game scene
18 Mar 2016, 22:56:00.080 [  FINER] [      FXGL.GameWorld] [JavaFX Application Thread] Resetting game world
18 Mar 2016, 22:56:00.084 [  FINER] [    FXGL.Application] [JavaFX Application Thread] State: PAUSED -> LOADING
18 Mar 2016, 22:56:00.131 [  FINER] [    FXGL.Application] [JavaFX Application Thread] Starting FXGL Init Thread
18 Mar 2016, 22:56:00.133 [  FINER] [    FXGL.Application] [FXGL Init Thread] Initializing Assets
18 Mar 2016, 22:56:00.134 [  FINER] [    FXGL.AssetLoader] [FXGL Init Thread] Loading from disk: /assets/textures/spaceshipReduced.png
18 Mar 2016, 22:56:00.141 [  FINER] [    FXGL.Application] [FXGL Init Thread] Initializing Game
18 Mar 2016, 22:56:00.165 [  FINER] [    FXGL.AssetLoader] [FXGL Init Thread] Loading from disk: /assets/textures/enemyReduced1.png
18 Mar 2016, 22:56:00.191 [  FINER] [    FXGL.AssetLoader] [FXGL Init Thread] Loading from cache: /assets/textures/enemyReduced1.png
18 Mar 2016, 22:56:00.193 [  FINER] [    FXGL.AssetLoader] [FXGL Init Thread] Loading from cache: /assets/textures/enemyReduced1.png
18 Mar 2016, 22:56:00.195 [  FINER] [    FXGL.AssetLoader] [FXGL Init Thread] Loading from cache: /assets/textures/enemyReduced1.png
18 Mar 2016, 22:56:00.196 [  FINER] [    FXGL.AssetLoader] [FXGL Init Thread] Loading from disk: /assets/textures/enemyReduced2.png
18 Mar 2016, 22:56:00.199 [  FINER] [    FXGL.AssetLoader] [FXGL Init Thread] Loading from disk: /assets/textures/enemyReduced3.png
18 Mar 2016, 22:56:00.202 [  FINER] [    FXGL.AssetLoader] [FXGL Init Thread] Loading from cache: /assets/textures/enemyReduced3.png
18 Mar 2016, 22:56:00.204 [  FINER] [    FXGL.AssetLoader] [FXGL Init Thread] Loading from cache: /assets/textures/enemyReduced3.png
18 Mar 2016, 22:56:00.208 [  FINER] [    FXGL.AssetLoader] [FXGL Init Thread] Loading from cache: /assets/textures/enemyReduced3.png
18 Mar 2016, 22:56:00.210 [  FINER] [    FXGL.AssetLoader] [FXGL Init Thread] Loading from cache: /assets/textures/enemyReduced2.png
18 Mar 2016, 22:56:00.211 [  FINER] [    FXGL.AssetLoader] [FXGL Init Thread] Loading from cache: /assets/textures/enemyReduced3.png
18 Mar 2016, 22:56:00.212 [  FINER] [    FXGL.AssetLoader] [FXGL Init Thread] Loading from cache: /assets/textures/enemyReduced3.png
18 Mar 2016, 22:56:00.213 [  FINER] [    FXGL.AssetLoader] [FXGL Init Thread] Loading from cache: /assets/textures/enemyReduced3.png
18 Mar 2016, 22:56:00.214 [  FINER] [    FXGL.AssetLoader] [FXGL Init Thread] Loading from cache: /assets/textures/enemyReduced2.png
18 Mar 2016, 22:56:00.215 [  FINER] [    FXGL.AssetLoader] [FXGL Init Thread] Loading from cache: /assets/textures/enemyReduced3.png
18 Mar 2016, 22:56:00.216 [  FINER] [    FXGL.AssetLoader] [FXGL Init Thread] Loading from cache: /assets/textures/enemyReduced1.png
18 Mar 2016, 22:56:00.218 [  FINER] [    FXGL.AssetLoader] [FXGL Init Thread] Loading from cache: /assets/textures/enemyReduced1.png
18 Mar 2016, 22:56:00.219 [  FINER] [    FXGL.AssetLoader] [FXGL Init Thread] Loading from cache: /assets/textures/enemyReduced3.png
18 Mar 2016, 22:56:00.221 [  FINER] [    FXGL.AssetLoader] [FXGL Init Thread] Loading from cache: /assets/textures/enemyReduced2.png
18 Mar 2016, 22:56:00.223 [  FINER] [    FXGL.AssetLoader] [FXGL Init Thread] Loading from cache: /assets/textures/enemyReduced1.png
18 Mar 2016, 22:56:00.224 [  FINER] [    FXGL.AssetLoader] [FXGL Init Thread] Loading from cache: /assets/textures/enemyReduced1.png
18 Mar 2016, 22:56:00.225 [  FINER] [    FXGL.AssetLoader] [FXGL Init Thread] Loading from cache: /assets/textures/enemyReduced3.png
18 Mar 2016, 22:56:00.226 [  FINER] [    FXGL.AssetLoader] [FXGL Init Thread] Loading from cache: /assets/textures/enemyReduced2.png
18 Mar 2016, 22:56:00.226 [  FINER] [    FXGL.AssetLoader] [FXGL Init Thread] Loading from cache: /assets/textures/enemyReduced1.png
18 Mar 2016, 22:56:00.227 [  FINER] [    FXGL.AssetLoader] [FXGL Init Thread] Loading from cache: /assets/textures/enemyReduced3.png
18 Mar 2016, 22:56:00.228 [  FINER] [    FXGL.AssetLoader] [FXGL Init Thread] Loading from cache: /assets/textures/enemyReduced1.png
18 Mar 2016, 22:56:00.230 [  FINER] [    FXGL.AssetLoader] [FXGL Init Thread] Loading from cache: /assets/textures/enemyReduced2.png
18 Mar 2016, 22:56:00.231 [  FINER] [    FXGL.AssetLoader] [FXGL Init Thread] Loading from cache: /assets/textures/enemyReduced3.png
18 Mar 2016, 22:56:00.232 [  FINER] [    FXGL.AssetLoader] [FXGL Init Thread] Loading from cache: /assets/textures/enemyReduced1.png
18 Mar 2016, 22:56:00.233 [  FINER] [    FXGL.AssetLoader] [FXGL Init Thread] Loading from cache: /assets/textures/enemyReduced1.png
18 Mar 2016, 22:56:00.234 [  FINER] [    FXGL.AssetLoader] [FXGL Init Thread] Loading from cache: /assets/textures/enemyReduced1.png
18 Mar 2016, 22:56:00.235 [  FINER] [    FXGL.AssetLoader] [FXGL Init Thread] Loading from cache: /assets/textures/enemyReduced1.png
18 Mar 2016, 22:56:00.237 [  FINER] [    FXGL.AssetLoader] [FXGL Init Thread] Loading from cache: /assets/textures/enemyReduced1.png
18 Mar 2016, 22:56:00.238 [  FINER] [    FXGL.AssetLoader] [FXGL Init Thread] Loading from cache: /assets/textures/enemyReduced1.png
18 Mar 2016, 22:56:00.240 [  FINER] [    FXGL.AssetLoader] [FXGL Init Thread] Loading from cache: /assets/textures/enemyReduced2.png
18 Mar 2016, 22:56:00.242 [  FINER] [    FXGL.AssetLoader] [FXGL Init Thread] Loading from cache: /assets/textures/enemyReduced3.png
18 Mar 2016, 22:56:00.244 [  FINER] [    FXGL.AssetLoader] [FXGL Init Thread] Loading from cache: /assets/textures/enemyReduced3.png
18 Mar 2016, 22:56:00.245 [  FINER] [    FXGL.AssetLoader] [FXGL Init Thread] Loading from cache: /assets/textures/enemyReduced3.png
18 Mar 2016, 22:56:00.249 [  FINER] [    FXGL.AssetLoader] [FXGL Init Thread] Loading from cache: /assets/textures/enemyReduced1.png
18 Mar 2016, 22:56:00.254 [  FINER] [    FXGL.AssetLoader] [FXGL Init Thread] Loading from cache: /assets/textures/enemyReduced2.png
18 Mar 2016, 22:56:00.257 [  FINER] [    FXGL.AssetLoader] [FXGL Init Thread] Loading from cache: /assets/textures/enemyReduced1.png
18 Mar 2016, 22:56:00.259 [  FINER] [    FXGL.AssetLoader] [FXGL Init Thread] Loading from cache: /assets/textures/enemyReduced2.png
18 Mar 2016, 22:56:00.261 [  FINER] [    FXGL.AssetLoader] [FXGL Init Thread] Loading from cache: /assets/textures/enemyReduced2.png
18 Mar 2016, 22:56:00.262 [  FINER] [    FXGL.AssetLoader] [FXGL Init Thread] Loading from cache: /assets/textures/enemyReduced2.png
18 Mar 2016, 22:56:00.264 [  FINER] [    FXGL.AssetLoader] [FXGL Init Thread] Loading from cache: /assets/textures/enemyReduced1.png
18 Mar 2016, 22:56:00.265 [  FINER] [    FXGL.AssetLoader] [FXGL Init Thread] Loading from cache: /assets/textures/enemyReduced1.png
18 Mar 2016, 22:56:00.266 [  FINER] [    FXGL.AssetLoader] [FXGL Init Thread] Loading from cache: /assets/textures/enemyReduced2.png
18 Mar 2016, 22:56:00.268 [  FINER] [    FXGL.AssetLoader] [FXGL Init Thread] Loading from cache: /assets/textures/enemyReduced3.png
18 Mar 2016, 22:56:00.269 [  FINER] [    FXGL.AssetLoader] [FXGL Init Thread] Loading from cache: /assets/textures/enemyReduced3.png
18 Mar 2016, 22:56:00.271 [  FINER] [    FXGL.AssetLoader] [FXGL Init Thread] Loading from cache: /assets/textures/enemyReduced3.png
18 Mar 2016, 22:56:00.273 [  FINER] [    FXGL.AssetLoader] [FXGL Init Thread] Loading from disk: /assets/textures/player2.png
18 Mar 2016, 22:56:00.273 [  FINER] [    FXGL.AssetLoader] [FXGL Init Thread] Loading failed for asset: player2.png. Cause: Asset "/assets/textures/player2.png" was not found!
18 Mar 2016, 22:56:00.383 [  FINER] [    FXGL.Application] [JavaFX Application Thread] Showing stage
18 Mar 2016, 22:56:00.384 [  FINER] [    FXGL.Application] [JavaFX Application Thread] Root size: 436.0x727.0
18 Mar 2016, 22:56:00.384 [  FINER] [    FXGL.Application] [JavaFX Application Thread] Scene size: 436.0x727.0
18 Mar 2016, 22:56:00.384 [  FINER] [    FXGL.Application] [JavaFX Application Thread] Stage size: 442.0x755.0
18 Mar 2016, 22:56:00.410 [  FINER] [    FXGL.Application] [JavaFX Application Thread] Pausing main loop
18 Mar 2016, 22:56:00.410 [  FINER] [       FXGL.EventBus] [JavaFX Application Thread] Firing event: FXGLEvent[type=PAUSE]
18 Mar 2016, 22:56:00.411 [  FINER] [          FXGL.Input] [JavaFX Application Thread] Clearing active input actions
18 Mar 2016, 22:56:00.411 [  FINER] [    FXGL.MasterTimer] [JavaFX Application Thread] Stopping master timer
18 Mar 2016, 22:56:00.411 [  FINER] [    FXGL.Application] [JavaFX Application Thread] State: LOADING -> PAUSED
18 Mar 2016, 22:56:00.411 [ SEVERE] [    FXGL.Application] [JavaFX Application Thread] Uncaught Exception:
18 Mar 2016, 22:56:00.412 [ SEVERE] [    FXGL.Application] [JavaFX Application Thread] 

Exception occurred: java.lang.IllegalArgumentException : Failed to load asset: player2.png. Cause: Asset "/assets/textures/player2.png" was not found!E: com.almasb.fxgl.asset.AssetLoader.loadFailed(AssetLoader.java:543)
E: com.almasb.fxgl.asset.AssetLoader.loadTexture(AssetLoader.java:137)
E: com.chromalife.SpaceInvaders.EntityCreator.newPlayer(EntityCreator.java:123)
E: com.chromalife.SpaceInvaders.SpaceInvadersApp.spawnPlayer(SpaceInvadersApp.java:143)
E: com.chromalife.SpaceInvaders.SpaceInvadersApp.initGame(SpaceInvadersApp.java:91)
E: com.almasb.fxgl.app.GameApplication$InitAppTask.call(GameApplication.java:579)
E: com.almasb.fxgl.app.GameApplication$InitAppTask.call(GameApplication.java:557)
E: javafx.concurrent.Task$TaskCallable.call(Unknown Source)
E: java.util.concurrent.FutureTask.run(Unknown Source)
E: java.lang.Thread.run(Unknown Source)

18 Mar 2016, 22:56:00.413 [ SEVERE] [    FXGL.Application] [JavaFX Application Thread] Application will now exit
18 Mar 2016, 22:56:10.652 [  FINER] [    FXGL.Application] [JavaFX Application Thread] Exiting Normally
18 Mar 2016, 22:56:10.652 [  FINER] [       FXGL.EventBus] [JavaFX Application Thread] Firing event: FXGLEvent[type=EXIT]
18 Mar 2016, 22:56:10.653 [  FINER] [         FXGL.Logger] [JavaFX Application Thread] Logger is closing
