24 Mar 2016, 14:41:18.308 [   INFO] [         FXGL.Logger] [JavaFX Application Thread] Logger initialized with level: CONFIG
24 Mar 2016, 14:41:18.312 [  FINER] [         FXGL.Logger] [JavaFX Application Thread] CPU cores: 4
24 Mar 2016, 14:41:18.314 [  FINER] [         FXGL.Logger] [JavaFX Application Thread] Free Memory: 107MB
24 Mar 2016, 14:41:18.315 [  FINER] [         FXGL.Logger] [JavaFX Application Thread] Max Memory: 1755MB
24 Mar 2016, 14:41:18.315 [  FINER] [         FXGL.Logger] [JavaFX Application Thread] Total Memory: 119MB
24 Mar 2016, 14:41:18.315 [  FINER] [         FXGL.Logger] [JavaFX Application Thread] System Properties:
24 Mar 2016, 14:41:18.318 [  FINER] [         FXGL.Logger] [JavaFX Application Thread] sun.cpu.isalist=amd64
24 Mar 2016, 14:41:18.318 [  FINER] [         FXGL.Logger] [JavaFX Application Thread] sun.desktop=windows
24 Mar 2016, 14:41:18.318 [  FINER] [         FXGL.Logger] [JavaFX Application Thread] sun.io.unicode.encoding=UnicodeLittle
24 Mar 2016, 14:41:18.319 [  FINER] [         FXGL.Logger] [JavaFX Application Thread] sun.cpu.endian=little
24 Mar 2016, 14:41:18.319 [  FINER] [         FXGL.Logger] [JavaFX Application Thread] java.vendor.url.bug=http://bugreport.sun.com/bugreport/
24 Mar 2016, 14:41:18.319 [  FINER] [         FXGL.Logger] [JavaFX Application Thread] file.separator=\
24 Mar 2016, 14:41:18.319 [  FINER] [         FXGL.Logger] [JavaFX Application Thread] java.vendor=Oracle Corporation
24 Mar 2016, 14:41:18.320 [  FINER] [         FXGL.Logger] [JavaFX Application Thread] sun.boot.class.path=C:\Program Files\Java\jre1.8.0_73\lib\resources.jar;C:\Program Files\Java\jre1.8.0_73\lib\rt.jar;C:\Program Files\Java\jre1.8.0_73\lib\sunrsasign.jar;C:\Program Files\Java\jre1.8.0_73\lib\jsse.jar;C:\Program Files\Java\jre1.8.0_73\lib\jce.jar;C:\Program Files\Java\jre1.8.0_73\lib\charsets.jar;C:\Program Files\Java\jre1.8.0_73\lib\jfr.jar;C:\Program Files\Java\jre1.8.0_73\classes
24 Mar 2016, 14:41:18.320 [  FINER] [         FXGL.Logger] [JavaFX Application Thread] java.ext.dirs=C:\Program Files\Java\jre1.8.0_73\lib\ext;C:\Windows\Sun\Java\lib\ext
24 Mar 2016, 14:41:18.320 [  FINER] [         FXGL.Logger] [JavaFX Application Thread] java.version=1.8.0_73
24 Mar 2016, 14:41:18.320 [  FINER] [         FXGL.Logger] [JavaFX Application Thread] java.vm.info=mixed mode
24 Mar 2016, 14:41:18.321 [  FINER] [         FXGL.Logger] [JavaFX Application Thread] awt.toolkit=sun.awt.windows.WToolkit
24 Mar 2016, 14:41:18.321 [  FINER] [         FXGL.Logger] [JavaFX Application Thread] user.language=en
24 Mar 2016, 14:41:18.321 [  FINER] [         FXGL.Logger] [JavaFX Application Thread] java.specification.vendor=Oracle Corporation
24 Mar 2016, 14:41:18.321 [  FINER] [         FXGL.Logger] [JavaFX Application Thread] sun.java.command=SpaceInvaders.SpaceInvadersApp
24 Mar 2016, 14:41:18.322 [  FINER] [         FXGL.Logger] [JavaFX Application Thread] java.home=C:\Program Files\Java\jre1.8.0_73
24 Mar 2016, 14:41:18.322 [  FINER] [         FXGL.Logger] [JavaFX Application Thread] sun.arch.data.model=64
24 Mar 2016, 14:41:18.322 [  FINER] [         FXGL.Logger] [JavaFX Application Thread] java.vm.specification.version=1.8
24 Mar 2016, 14:41:18.322 [  FINER] [         FXGL.Logger] [JavaFX Application Thread] java.class.path=D:\workspace\SpaceInvaders\target\classes;C:\Program Files\eclipse\plugins\org.junit_4.12.0.v201504281640\junit.jar;C:\Program Files\eclipse\plugins\org.hamcrest.core_1.3.0.v201303031735.jar;C:\Users\Anwar Saleeby\.m2\repository\com\github\AlmasB\FXGL\0.2.1-0.2.0-gba5970d-32\FXGL-0.2.1-0.2.0-gba5970d-32.jar;C:\Users\Anwar Saleeby\.m2\repository\com\google\inject\guice\4.0\guice-4.0.jar;C:\Users\Anwar Saleeby\.m2\repository\javax\inject\javax.inject\1\javax.inject-1.jar;C:\Users\Anwar Saleeby\.m2\repository\aopalliance\aopalliance\1.0\aopalliance-1.0.jar;C:\Users\Anwar Saleeby\.m2\repository\com\google\guava\guava\16.0.1\guava-16.0.1.jar;C:\Users\Anwar Saleeby\.m2\repository\org\jfxtras\jfxtras-window\8.0-r4\jfxtras-window-8.0-r4.jar;C:\Users\Anwar Saleeby\.m2\repository\org\jfxtras\jfxtras-common\8.0-r4\jfxtras-common-8.0-r4.jar;C:\Users\Anwar Saleeby\.m2\repository\com\github\AlmasB\FXEventBus\1.0\FXEventBus-1.0.jar;C:\Users\Anwar Saleeby\.m2\repository\com\github\AlmasB\Ents\1.0\Ents-1.0.jar;C:\Users\Anwar Saleeby\.m2\repository\org\apache\logging\log4j\log4j-api\2.5\log4j-api-2.5.jar;C:\Users\Anwar Saleeby\.m2\repository\org\apache\logging\log4j\log4j-core\2.5\log4j-core-2.5.jar;C:\Users\Anwar Saleeby\.m2\repository\com\github\AlmasB\AStar\1.0\AStar-1.0.jar
24 Mar 2016, 14:41:18.322 [  FINER] [         FXGL.Logger] [JavaFX Application Thread] user.name=Anwar Saleeby
24 Mar 2016, 14:41:18.323 [  FINER] [         FXGL.Logger] [JavaFX Application Thread] file.encoding=UTF-8
24 Mar 2016, 14:41:18.323 [  FINER] [         FXGL.Logger] [JavaFX Application Thread] java.specification.version=1.8
24 Mar 2016, 14:41:18.323 [  FINER] [         FXGL.Logger] [JavaFX Application Thread] java.awt.printerjob=sun.awt.windows.WPrinterJob
24 Mar 2016, 14:41:18.324 [  FINER] [         FXGL.Logger] [JavaFX Application Thread] user.timezone=America/New_York
24 Mar 2016, 14:41:18.324 [  FINER] [         FXGL.Logger] [JavaFX Application Thread] user.home=C:\Users\Anwar Saleeby
24 Mar 2016, 14:41:18.324 [  FINER] [         FXGL.Logger] [JavaFX Application Thread] os.version=10.0
24 Mar 2016, 14:41:18.324 [  FINER] [         FXGL.Logger] [JavaFX Application Thread] sun.management.compiler=HotSpot 64-Bit Tiered Compilers
24 Mar 2016, 14:41:18.325 [  FINER] [         FXGL.Logger] [JavaFX Application Thread] java.specification.name=Java Platform API Specification
24 Mar 2016, 14:41:18.325 [  FINER] [         FXGL.Logger] [JavaFX Application Thread] java.class.version=52.0
24 Mar 2016, 14:41:18.325 [  FINER] [         FXGL.Logger] [JavaFX Application Thread] java.library.path=C:\Program Files\Java\jre1.8.0_73\bin;C:\Windows\Sun\Java\bin;C:\Windows\system32;C:\Windows;C:/Program Files/Java/jre1.8.0_73/bin/server;C:/Program Files/Java/jre1.8.0_73/bin;C:/Program Files/Java/jre1.8.0_73/lib/amd64;C:\oraclexe\app\oracle\product\11.2.0\server\bin;C:\ProgramData\Oracle\Java\javapath;C:\Windows\system32;C:\Windows;C:\Windows\System32\Wbem;C:\Windows\System32\WindowsPowerShell\v1.0\;C:\Program Files\nodejs\;C:\Program Files\Git\cmd;C:\Users\Anwar Saleeby\AppData\Local\Programs\Python\Python35\Scripts\;C:\Users\Anwar Saleeby\AppData\Local\Programs\Python\Python35\;C:\Users\Anwar Saleeby\AppData\Roaming\npm;C:\Program Files\MongoDB\Server\3.2\bin;C:\Program Files\Git;C:\Program Files\eclipse;;.
24 Mar 2016, 14:41:18.326 [  FINER] [         FXGL.Logger] [JavaFX Application Thread] sun.jnu.encoding=Cp1252
24 Mar 2016, 14:41:18.326 [  FINER] [         FXGL.Logger] [JavaFX Application Thread] os.name=Windows 10
24 Mar 2016, 14:41:18.326 [  FINER] [         FXGL.Logger] [JavaFX Application Thread] user.variant=
24 Mar 2016, 14:41:18.327 [  FINER] [         FXGL.Logger] [JavaFX Application Thread] java.vm.specification.vendor=Oracle Corporation
24 Mar 2016, 14:41:18.327 [  FINER] [         FXGL.Logger] [JavaFX Application Thread] java.io.tmpdir=C:\Users\ANWARS~1\AppData\Local\Temp\
24 Mar 2016, 14:41:18.327 [  FINER] [         FXGL.Logger] [JavaFX Application Thread] line.separator=

24 Mar 2016, 14:41:18.328 [  FINER] [         FXGL.Logger] [JavaFX Application Thread] java.endorsed.dirs=C:\Program Files\Java\jre1.8.0_73\lib\endorsed
24 Mar 2016, 14:41:18.328 [  FINER] [         FXGL.Logger] [JavaFX Application Thread] os.arch=amd64
24 Mar 2016, 14:41:18.328 [  FINER] [         FXGL.Logger] [JavaFX Application Thread] javafx.runtime.version=8.0.71-b15
24 Mar 2016, 14:41:18.328 [  FINER] [         FXGL.Logger] [JavaFX Application Thread] java.awt.graphicsenv=sun.awt.Win32GraphicsEnvironment
24 Mar 2016, 14:41:18.329 [  FINER] [         FXGL.Logger] [JavaFX Application Thread] java.runtime.version=1.8.0_73-b02
24 Mar 2016, 14:41:18.329 [  FINER] [         FXGL.Logger] [JavaFX Application Thread] java.vm.specification.name=Java Virtual Machine Specification
24 Mar 2016, 14:41:18.329 [  FINER] [         FXGL.Logger] [JavaFX Application Thread] user.dir=D:\workspace\SpaceInvaders
24 Mar 2016, 14:41:18.329 [  FINER] [         FXGL.Logger] [JavaFX Application Thread] user.country=US
24 Mar 2016, 14:41:18.329 [  FINER] [         FXGL.Logger] [JavaFX Application Thread] user.script=
24 Mar 2016, 14:41:18.330 [  FINER] [         FXGL.Logger] [JavaFX Application Thread] sun.java.launcher=SUN_STANDARD
24 Mar 2016, 14:41:18.330 [  FINER] [         FXGL.Logger] [JavaFX Application Thread] sun.os.patch.level=
24 Mar 2016, 14:41:18.330 [  FINER] [         FXGL.Logger] [JavaFX Application Thread] java.vm.name=Java HotSpot(TM) 64-Bit Server VM
24 Mar 2016, 14:41:18.330 [  FINER] [         FXGL.Logger] [JavaFX Application Thread] file.encoding.pkg=sun.io
24 Mar 2016, 14:41:18.330 [  FINER] [         FXGL.Logger] [JavaFX Application Thread] path.separator=;
24 Mar 2016, 14:41:18.331 [  FINER] [         FXGL.Logger] [JavaFX Application Thread] java.vm.vendor=Oracle Corporation
24 Mar 2016, 14:41:18.331 [  FINER] [         FXGL.Logger] [JavaFX Application Thread] java.vendor.url=http://java.oracle.com/
24 Mar 2016, 14:41:18.331 [  FINER] [         FXGL.Logger] [JavaFX Application Thread] sun.boot.library.path=C:\Program Files\Java\jre1.8.0_73\bin
24 Mar 2016, 14:41:18.331 [  FINER] [         FXGL.Logger] [JavaFX Application Thread] java.vm.version=25.73-b02
24 Mar 2016, 14:41:18.331 [  FINER] [         FXGL.Logger] [JavaFX Application Thread] java.runtime.name=Java(TM) SE Runtime Environment
24 Mar 2016, 14:41:18.331 [  FINER] [         FXGL.Logger] [JavaFX Application Thread] javafx.version=8.0.71
24 Mar 2016, 14:41:18.335 [   INFO] [        FXGL.Version] [JavaFX Application Thread] FXGL-0.2.1-SNAPSHOT
24 Mar 2016, 14:41:18.335 [   INFO] [        FXGL.Version] [JavaFX Application Thread] Source code and latest builds at: https://github.com/AlmasB/FXGL
24 Mar 2016, 14:41:18.340 [  FINER] [    FXGL.Application] [JavaFX Application Thread] Game_clinit()
24 Mar 2016, 14:41:18.346 [  FINER] [    FXGL.Application] [JavaFX-Launcher] FXGL_init()
24 Mar 2016, 14:41:18.373 [  FINER] [    FXGL.Application] [JavaFX Application Thread] FXGL_start()
24 Mar 2016, 14:41:18.373 [  FINER] [    FXGL.Application] [JavaFX Application Thread] Initializing system properties
24 Mar 2016, 14:41:18.376 [  FINER] [    FXGL.Application] [JavaFX Application Thread] sound.notification = system/notification.wav
24 Mar 2016, 14:41:18.376 [  FINER] [    FXGL.Application] [JavaFX Application Thread] asset.cache.size = 35
24 Mar 2016, 14:41:18.376 [  FINER] [    FXGL.Application] [JavaFX Application Thread] ui.font = Copperplate_Gothic_Light_Regular.ttf
24 Mar 2016, 14:41:18.376 [  FINER] [    FXGL.Application] [JavaFX Application Thread] sound.menu.back = menu/back.wav
24 Mar 2016, 14:41:18.377 [  FINER] [    FXGL.Application] [JavaFX Application Thread] sound.menu.select = menu/select.wav
24 Mar 2016, 14:41:18.377 [  FINER] [    FXGL.Application] [JavaFX Application Thread] physics.ppm = 50
24 Mar 2016, 14:41:18.377 [  FINER] [    FXGL.Application] [JavaFX Application Thread] ui.css = fxgl.css
24 Mar 2016, 14:41:18.377 [  FINER] [    FXGL.Application] [JavaFX Application Thread] ui.icon.name = fxgl_icon.png
24 Mar 2016, 14:41:18.378 [  FINER] [    FXGL.Application] [JavaFX Application Thread] sound.menu.press = menu/press.wav
24 Mar 2016, 14:41:18.378 [  FINER] [    FXGL.Application] [JavaFX Application Thread] Initializing user properties
24 Mar 2016, 14:41:18.378 [   INFO] [    FXGL.Application] [JavaFX Application Thread] User properties not found. Using system
24 Mar 2016, 14:41:18.387 [   INFO] [         FXGL.Logger] [JavaFX Application Thread] Logger level set to: CONFIG
24 Mar 2016, 14:41:18.388 [   INFO] [    FXGL.Application] [JavaFX Application Thread] Application Mode: DEVELOPER
24 Mar 2016, 14:41:18.804 [  FINER] [    FXGL.Application] [JavaFX Application Thread] Services configuration complete
24 Mar 2016, 14:41:18.815 [  FINER] [       FXGL.EventBus] [JavaFX Application Thread] Service [EventBus] initialized
24 Mar 2016, 14:41:18.818 [  FINER] [    FXGL.AssetLoader] [JavaFX Application Thread] Service [AssetLoader] initialized
24 Mar 2016, 14:41:18.821 [  FINER] [    FXGL.AssetLoader] [JavaFX Application Thread] Loading from disk: /assets/sounds/system/notification.wav
24 Mar 2016, 14:41:18.843 [  FINER] [    FXGL.AssetLoader] [JavaFX Application Thread] Loading from disk: /assets/sounds/menu/select.wav
24 Mar 2016, 14:41:18.845 [  FINER] [    FXGL.AssetLoader] [JavaFX Application Thread] Loading from disk: /assets/sounds/menu/back.wav
24 Mar 2016, 14:41:18.847 [  FINER] [    FXGL.AssetLoader] [JavaFX Application Thread] Loading from disk: /assets/sounds/menu/press.wav
24 Mar 2016, 14:41:18.849 [  FINER] [    FXGL.AssetLoader] [JavaFX Application Thread] Loading from disk: /assets/ui/fonts/Copperplate_Gothic_Light_Regular.ttf
24 Mar 2016, 14:41:18.933 [  FINER] [    FXGL.AssetLoader] [JavaFX Application Thread] Loading from disk: /assets/ui/css/fxgl.css
24 Mar 2016, 14:41:18.933 [  FINER] [    FXGL.AssetLoader] [JavaFX Application Thread] Loading from disk: /assets/ui/icons/fxgl_icon.png
24 Mar 2016, 14:41:18.970 [  FINER] [    FXGL.AssetLoader] [JavaFX Application Thread] Loading from disk: /assets/ui/css/fxgl_dark.css
24 Mar 2016, 14:41:19.037 [  FINER] [        FXGL.Display] [JavaFX Application Thread] Target size: 480.0x600.0@1.0
24 Mar 2016, 14:41:19.037 [  FINER] [        FXGL.Display] [JavaFX Application Thread] New size:    480.0x600.0@1.0
24 Mar 2016, 14:41:19.038 [  FINER] [        FXGL.Display] [JavaFX Application Thread] Service [Display] initialized
24 Mar 2016, 14:41:19.039 [  FINER] [        FXGL.Display] [JavaFX Application Thread] Using CSS: CSS[jar:file:/C:/Users/Anwar%20Saleeby/.m2/repository/com/github/AlmasB/FXGL/0.2.1-0.2.0-gba5970d-32/FXGL-0.2.1-0.2.0-gba5970d-32.jar!/assets/ui/css/fxgl_dark.css]
24 Mar 2016, 14:41:19.042 [  FINER] [          FXGL.Input] [JavaFX Application Thread] Service [Input] initialized
24 Mar 2016, 14:41:19.044 [  FINER] [    FXGL.AudioPlayer] [JavaFX Application Thread] Service [AudioPlayer] initialized
24 Mar 2016, 14:41:19.049 [  FINER] [    FXGL.MasterTimer] [JavaFX Application Thread] Service [MasterTimer] initialized
24 Mar 2016, 14:41:19.061 [  FINER] [      FXGL.GameScene] [JavaFX Application Thread] Game scene initialized
24 Mar 2016, 14:41:19.062 [  FINER] [FXGL.NotificationSer] [JavaFX Application Thread] Service [NotificationService] initialized
24 Mar 2016, 14:41:19.274 [  FINER] [      FXGL.GameWorld] [JavaFX Application Thread] Game world initialized
24 Mar 2016, 14:41:19.362 [  FINER] [   FXGL.PhysicsWorld] [JavaFX Application Thread] Physics world initialized
24 Mar 2016, 14:41:19.383 [  FINER] [    FXGL.Application] [JavaFX Application Thread] Game_start()
24 Mar 2016, 14:41:19.389 [  FINER] [          FXGL.Input] [JavaFX Application Thread] Registered new binding: Move Left A
24 Mar 2016, 14:41:19.390 [  FINER] [          FXGL.Input] [JavaFX Application Thread] Registered new binding: Shoot Space
24 Mar 2016, 14:41:19.390 [  FINER] [          FXGL.Input] [JavaFX Application Thread] Registered new binding: Move Right D
24 Mar 2016, 14:41:19.392 [  FINER] [    FXGL.Application] [JavaFX Application Thread] Saving data to profile
24 Mar 2016, 14:41:19.393 [  FINER] [    FXGL.UserProfile] [JavaFX Application Thread] Logging bundle: game
24 Mar 2016, 14:41:19.393 [  FINER] [    FXGL.UserProfile] [JavaFX Application Thread] game.playtime=1047588709
24 Mar 2016, 14:41:19.394 [  FINER] [       FXGL.EventBus] [JavaFX Application Thread] Firing event: SaveEvent
24 Mar 2016, 14:41:19.395 [  FINER] [        FXGL.Display] [JavaFX Application Thread] Saving data to profile
24 Mar 2016, 14:41:19.396 [  FINER] [    FXGL.UserProfile] [JavaFX Application Thread] Logging bundle: scene
24 Mar 2016, 14:41:19.396 [  FINER] [    FXGL.UserProfile] [JavaFX Application Thread] scene.sizeW=480.0
24 Mar 2016, 14:41:19.396 [  FINER] [    FXGL.UserProfile] [JavaFX Application Thread] scene.sizeH=600.0
24 Mar 2016, 14:41:19.396 [  FINER] [          FXGL.Input] [JavaFX Application Thread] Saving data to profile
24 Mar 2016, 14:41:19.396 [  FINER] [    FXGL.UserProfile] [JavaFX Application Thread] Logging bundle: input
24 Mar 2016, 14:41:19.397 [  FINER] [    FXGL.UserProfile] [JavaFX Application Thread] input.Shoot=Space
24 Mar 2016, 14:41:19.397 [  FINER] [    FXGL.UserProfile] [JavaFX Application Thread] input.Move Right=D
24 Mar 2016, 14:41:19.397 [  FINER] [    FXGL.UserProfile] [JavaFX Application Thread] input.Move Left=A
24 Mar 2016, 14:41:19.397 [  FINER] [    FXGL.AudioPlayer] [JavaFX Application Thread] Saving data to profile
24 Mar 2016, 14:41:19.398 [  FINER] [    FXGL.UserProfile] [JavaFX Application Thread] Logging bundle: audio
24 Mar 2016, 14:41:19.398 [  FINER] [    FXGL.UserProfile] [JavaFX Application Thread] audio.musicVolume=0.5
24 Mar 2016, 14:41:19.398 [  FINER] [    FXGL.UserProfile] [JavaFX Application Thread] audio.soundVolume=0.5
24 Mar 2016, 14:41:19.399 [  FINER] [FXGL.AchievementMana] [JavaFX Application Thread] Saving data to profile
24 Mar 2016, 14:41:19.400 [  FINER] [    FXGL.UserProfile] [JavaFX Application Thread] Logging bundle: achievement
24 Mar 2016, 14:41:19.401 [  FINER] [    FXGL.Application] [JavaFX Application Thread] Starting new game
24 Mar 2016, 14:41:19.403 [  FINER] [    FXGL.Application] [JavaFX Application Thread] Initializing App
24 Mar 2016, 14:41:19.403 [  FINER] [    FXGL.Application] [JavaFX Application Thread] Pausing main loop
24 Mar 2016, 14:41:19.403 [  FINER] [       FXGL.EventBus] [JavaFX Application Thread] Firing event: FXGLEvent[type=PAUSE]
24 Mar 2016, 14:41:19.403 [  FINER] [          FXGL.Input] [JavaFX Application Thread] Clearing active input actions
24 Mar 2016, 14:41:19.404 [  FINER] [    FXGL.MasterTimer] [JavaFX Application Thread] Stopping master timer
24 Mar 2016, 14:41:19.404 [  FINER] [    FXGL.Application] [JavaFX Application Thread] State: STARTUP -> PAUSED
24 Mar 2016, 14:41:19.405 [  FINER] [    FXGL.Application] [JavaFX Application Thread] Resetting FXGL application
24 Mar 2016, 14:41:19.405 [  FINER] [       FXGL.EventBus] [JavaFX Application Thread] Firing event: FXGLEvent[type=RESET]
24 Mar 2016, 14:41:19.405 [  FINER] [          FXGL.Input] [JavaFX Application Thread] Clearing active input actions
24 Mar 2016, 14:41:19.405 [  FINER] [    FXGL.MasterTimer] [JavaFX Application Thread] Resetting ticks to 0
24 Mar 2016, 14:41:19.406 [  FINER] [    FXGL.MasterTimer] [JavaFX Application Thread] Clearing all scheduled actions
24 Mar 2016, 14:41:19.406 [  FINER] [      FXGL.GameScene] [JavaFX Application Thread] Resetting game scene
24 Mar 2016, 14:41:19.406 [  FINER] [      FXGL.GameWorld] [JavaFX Application Thread] Resetting game world
24 Mar 2016, 14:41:19.408 [  FINER] [    FXGL.Application] [JavaFX Application Thread] State: PAUSED -> LOADING
24 Mar 2016, 14:41:19.441 [  FINER] [    FXGL.Application] [JavaFX Application Thread] Starting FXGL Init Thread
24 Mar 2016, 14:41:19.442 [  FINER] [    FXGL.Application] [FXGL Init Thread] Initializing Assets
24 Mar 2016, 14:41:19.448 [  FINER] [    FXGL.AssetLoader] [FXGL Init Thread] Loading from disk: /assets/textures/bullet_red.png
24 Mar 2016, 14:41:19.453 [  FINER] [    FXGL.AssetLoader] [FXGL Init Thread] Loading from disk: /assets/textures/enemy.png
24 Mar 2016, 14:41:19.456 [  FINER] [    FXGL.AssetLoader] [FXGL Init Thread] Loading from disk: /assets/textures/enemyReduced.png
24 Mar 2016, 14:41:19.458 [  FINER] [    FXGL.AssetLoader] [FXGL Init Thread] Loading from disk: /assets/textures/enemyReduced1.png
24 Mar 2016, 14:41:19.459 [  FINER] [    FXGL.AssetLoader] [FXGL Init Thread] Loading from disk: /assets/textures/enemyReduced2.png
24 Mar 2016, 14:41:19.460 [  FINER] [    FXGL.AssetLoader] [FXGL Init Thread] Loading from disk: /assets/textures/enemyReduced3.png
24 Mar 2016, 14:41:19.461 [  FINER] [    FXGL.AssetLoader] [FXGL Init Thread] Loading from disk: /assets/textures/life.png
24 Mar 2016, 14:41:19.463 [  FINER] [    FXGL.AssetLoader] [FXGL Init Thread] Loading from disk: /assets/textures/spaceship.png
24 Mar 2016, 14:41:19.465 [  FINER] [    FXGL.AssetLoader] [FXGL Init Thread] Loading from disk: /assets/textures/spaceshipReduced.png
24 Mar 2016, 14:41:19.466 [  FINER] [    FXGL.AssetLoader] [FXGL Init Thread] Loading from disk: /assets/textures/text.png
24 Mar 2016, 14:41:19.488 [  FINER] [    FXGL.AssetLoader] [FXGL Init Thread] Loading from disk: /assets/textures/wall.png
24 Mar 2016, 14:41:19.493 [  FINER] [    FXGL.AssetLoader] [FXGL Init Thread] Loading from disk: /assets/music/bgm.mp3
24 Mar 2016, 14:41:19.668 [  FINER] [    FXGL.AssetLoader] [FXGL Init Thread] Loading from cache: /assets/ui/fonts/Copperplate_Gothic_Light_Regular.ttf
24 Mar 2016, 14:41:19.708 [  FINER] [    FXGL.Application] [JavaFX Application Thread] Showing stage
24 Mar 2016, 14:41:19.709 [  FINER] [    FXGL.Application] [JavaFX Application Thread] Root size: 480.0x600.0
24 Mar 2016, 14:41:19.709 [  FINER] [    FXGL.Application] [JavaFX Application Thread] Scene size: 480.0x600.0
24 Mar 2016, 14:41:19.709 [  FINER] [    FXGL.Application] [JavaFX Application Thread] Stage size: 486.0x629.0
24 Mar 2016, 14:41:19.723 [  FINER] [    FXGL.Application] [FXGL Init Thread] Initializing Game
24 Mar 2016, 14:41:19.746 [  FINER] [    FXGL.AssetLoader] [FXGL Init Thread] Loading from cache: /assets/textures/enemyReduced3.png
24 Mar 2016, 14:41:19.755 [  FINER] [    FXGL.AssetLoader] [FXGL Init Thread] Loading from cache: /assets/textures/enemyReduced2.png
24 Mar 2016, 14:41:19.756 [  FINER] [    FXGL.AssetLoader] [FXGL Init Thread] Loading from cache: /assets/textures/enemyReduced1.png
24 Mar 2016, 14:41:19.758 [  FINER] [    FXGL.AssetLoader] [FXGL Init Thread] Loading from cache: /assets/textures/enemyReduced2.png
24 Mar 2016, 14:41:19.759 [  FINER] [    FXGL.AssetLoader] [FXGL Init Thread] Loading from cache: /assets/textures/enemyReduced3.png
24 Mar 2016, 14:41:19.761 [  FINER] [    FXGL.AssetLoader] [FXGL Init Thread] Loading from cache: /assets/textures/enemyReduced2.png
24 Mar 2016, 14:41:19.762 [  FINER] [    FXGL.AssetLoader] [FXGL Init Thread] Loading from cache: /assets/textures/enemyReduced1.png
24 Mar 2016, 14:41:19.764 [  FINER] [    FXGL.AssetLoader] [FXGL Init Thread] Loading from cache: /assets/textures/enemyReduced2.png
24 Mar 2016, 14:41:19.767 [  FINER] [    FXGL.AssetLoader] [FXGL Init Thread] Loading from cache: /assets/textures/enemyReduced3.png
24 Mar 2016, 14:41:19.768 [  FINER] [    FXGL.AssetLoader] [FXGL Init Thread] Loading from cache: /assets/textures/enemyReduced1.png
24 Mar 2016, 14:41:19.769 [  FINER] [    FXGL.AssetLoader] [FXGL Init Thread] Loading from cache: /assets/textures/enemyReduced3.png
24 Mar 2016, 14:41:19.770 [  FINER] [    FXGL.AssetLoader] [FXGL Init Thread] Loading from cache: /assets/textures/enemyReduced3.png
24 Mar 2016, 14:41:19.783 [  FINER] [    FXGL.AssetLoader] [FXGL Init Thread] Loading from cache: /assets/textures/enemyReduced1.png
24 Mar 2016, 14:41:19.785 [  FINER] [    FXGL.AssetLoader] [FXGL Init Thread] Loading from cache: /assets/textures/enemyReduced1.png
24 Mar 2016, 14:41:19.786 [  FINER] [    FXGL.AssetLoader] [FXGL Init Thread] Loading from cache: /assets/textures/enemyReduced2.png
24 Mar 2016, 14:41:19.787 [  FINER] [    FXGL.AssetLoader] [FXGL Init Thread] Loading from cache: /assets/textures/enemyReduced1.png
24 Mar 2016, 14:41:19.788 [  FINER] [    FXGL.AssetLoader] [FXGL Init Thread] Loading from cache: /assets/textures/enemyReduced1.png
24 Mar 2016, 14:41:19.790 [  FINER] [    FXGL.AssetLoader] [FXGL Init Thread] Loading from cache: /assets/textures/enemyReduced1.png
24 Mar 2016, 14:41:19.791 [  FINER] [    FXGL.AssetLoader] [FXGL Init Thread] Loading from cache: /assets/textures/enemyReduced1.png
24 Mar 2016, 14:41:19.792 [  FINER] [    FXGL.AssetLoader] [FXGL Init Thread] Loading from cache: /assets/textures/enemyReduced2.png
24 Mar 2016, 14:41:19.794 [  FINER] [    FXGL.AssetLoader] [FXGL Init Thread] Loading from cache: /assets/textures/enemyReduced3.png
24 Mar 2016, 14:41:19.795 [  FINER] [    FXGL.AssetLoader] [FXGL Init Thread] Loading from cache: /assets/textures/enemyReduced1.png
24 Mar 2016, 14:41:19.797 [  FINER] [    FXGL.AssetLoader] [FXGL Init Thread] Loading from cache: /assets/textures/enemyReduced2.png
24 Mar 2016, 14:41:19.798 [  FINER] [    FXGL.AssetLoader] [FXGL Init Thread] Loading from cache: /assets/textures/enemyReduced3.png
24 Mar 2016, 14:41:19.800 [  FINER] [    FXGL.AssetLoader] [FXGL Init Thread] Loading from cache: /assets/textures/enemyReduced2.png
24 Mar 2016, 14:41:19.801 [  FINER] [    FXGL.AssetLoader] [FXGL Init Thread] Loading from cache: /assets/textures/enemyReduced1.png
24 Mar 2016, 14:41:19.803 [  FINER] [    FXGL.AssetLoader] [FXGL Init Thread] Loading from cache: /assets/textures/enemyReduced3.png
24 Mar 2016, 14:41:19.804 [  FINER] [    FXGL.AssetLoader] [FXGL Init Thread] Loading from cache: /assets/textures/enemyReduced2.png
24 Mar 2016, 14:41:19.805 [  FINER] [    FXGL.AssetLoader] [FXGL Init Thread] Loading from cache: /assets/textures/enemyReduced1.png
24 Mar 2016, 14:41:19.806 [  FINER] [    FXGL.AssetLoader] [FXGL Init Thread] Loading from cache: /assets/textures/enemyReduced3.png
24 Mar 2016, 14:41:19.808 [  FINER] [    FXGL.AssetLoader] [FXGL Init Thread] Loading from cache: /assets/textures/enemyReduced3.png
24 Mar 2016, 14:41:19.809 [  FINER] [    FXGL.AssetLoader] [FXGL Init Thread] Loading from cache: /assets/textures/enemyReduced2.png
24 Mar 2016, 14:41:19.810 [  FINER] [    FXGL.AssetLoader] [FXGL Init Thread] Loading from cache: /assets/textures/enemyReduced3.png
24 Mar 2016, 14:41:19.812 [  FINER] [    FXGL.AssetLoader] [FXGL Init Thread] Loading from cache: /assets/textures/enemyReduced2.png
24 Mar 2016, 14:41:19.813 [  FINER] [    FXGL.AssetLoader] [FXGL Init Thread] Loading from cache: /assets/textures/enemyReduced3.png
24 Mar 2016, 14:41:19.816 [  FINER] [    FXGL.AssetLoader] [FXGL Init Thread] Loading from cache: /assets/textures/enemyReduced2.png
24 Mar 2016, 14:41:19.817 [  FINER] [    FXGL.AssetLoader] [FXGL Init Thread] Loading from cache: /assets/textures/enemyReduced3.png
24 Mar 2016, 14:41:19.818 [  FINER] [    FXGL.AssetLoader] [FXGL Init Thread] Loading from cache: /assets/textures/enemyReduced1.png
24 Mar 2016, 14:41:19.819 [  FINER] [    FXGL.AssetLoader] [FXGL Init Thread] Loading from cache: /assets/textures/enemyReduced1.png
24 Mar 2016, 14:41:19.820 [  FINER] [    FXGL.AssetLoader] [FXGL Init Thread] Loading from cache: /assets/textures/enemyReduced1.png
24 Mar 2016, 14:41:19.822 [  FINER] [    FXGL.AssetLoader] [FXGL Init Thread] Loading from cache: /assets/textures/wall.png
24 Mar 2016, 14:41:19.822 [  FINER] [    FXGL.AssetLoader] [FXGL Init Thread] Loading from cache: /assets/textures/wall.png
24 Mar 2016, 14:41:19.823 [  FINER] [    FXGL.AssetLoader] [FXGL Init Thread] Loading from cache: /assets/textures/wall.png
24 Mar 2016, 14:41:19.824 [  FINER] [    FXGL.AssetLoader] [FXGL Init Thread] Loading from cache: /assets/textures/wall.png
24 Mar 2016, 14:41:19.824 [  FINER] [    FXGL.AssetLoader] [FXGL Init Thread] Loading from cache: /assets/textures/spaceshipReduced.png
24 Mar 2016, 14:41:19.826 [  FINER] [    FXGL.Application] [FXGL Init Thread] Initializing Physics
24 Mar 2016, 14:41:19.827 [  FINER] [    FXGL.Application] [FXGL Init Thread] Initializing UI
24 Mar 2016, 14:41:19.833 [  FINER] [    FXGL.Application] [FXGL Init Thread] Initialization Complete
24 Mar 2016, 14:41:19.834 [  FINER] [       FXGL.EventBus] [JavaFX Application Thread] Firing event: FXGLEvent[type=INIT_APP_COMPLETE]
24 Mar 2016, 14:41:19.834 [  FINER] [    FXGL.Application] [JavaFX Application Thread] Resuming main loop
24 Mar 2016, 14:41:19.834 [  FINER] [       FXGL.EventBus] [JavaFX Application Thread] Firing event: FXGLEvent[type=RESUME]
24 Mar 2016, 14:41:19.834 [  FINER] [          FXGL.Input] [JavaFX Application Thread] Clearing active input actions
24 Mar 2016, 14:41:19.834 [  FINER] [    FXGL.MasterTimer] [JavaFX Application Thread] Starting master timer
24 Mar 2016, 14:41:19.835 [  FINER] [    FXGL.Application] [JavaFX Application Thread] State: LOADING -> PLAYING
24 Mar 2016, 14:41:19.843 [  FINER] [       FXGL.EventBus] [JavaFX Application Thread] Firing event: WorldEvent[type=ENTITY_ADDED]
24 Mar 2016, 14:41:19.844 [  FINER] [      FXGL.GameScene] [JavaFX Application Thread] Entity added to scene
24 Mar 2016, 14:41:19.844 [  FINER] [      FXGL.GameScene] [JavaFX Application Thread] Added MainViewComponent
24 Mar 2016, 14:41:19.845 [  FINER] [      FXGL.GameScene] [JavaFX Application Thread] Creating render group for layer: TOP(2147483647)
24 Mar 2016, 14:41:19.851 [  FINER] [       FXGL.EventBus] [JavaFX Application Thread] Firing event: WorldEvent[type=ENTITY_ADDED]
24 Mar 2016, 14:41:19.851 [  FINER] [      FXGL.GameScene] [JavaFX Application Thread] Entity added to scene
24 Mar 2016, 14:41:19.851 [  FINER] [      FXGL.GameScene] [JavaFX Application Thread] Added MainViewComponent
24 Mar 2016, 14:41:19.851 [  FINER] [       FXGL.EventBus] [JavaFX Application Thread] Firing event: WorldEvent[type=ENTITY_ADDED]
24 Mar 2016, 14:41:19.852 [  FINER] [      FXGL.GameScene] [JavaFX Application Thread] Entity added to scene
24 Mar 2016, 14:41:19.852 [  FINER] [      FXGL.GameScene] [JavaFX Application Thread] Added MainViewComponent
24 Mar 2016, 14:41:19.852 [  FINER] [       FXGL.EventBus] [JavaFX Application Thread] Firing event: WorldEvent[type=ENTITY_ADDED]
24 Mar 2016, 14:41:19.852 [  FINER] [      FXGL.GameScene] [JavaFX Application Thread] Entity added to scene
24 Mar 2016, 14:41:19.852 [  FINER] [      FXGL.GameScene] [JavaFX Application Thread] Added MainViewComponent
24 Mar 2016, 14:41:19.853 [  FINER] [       FXGL.EventBus] [JavaFX Application Thread] Firing event: WorldEvent[type=ENTITY_ADDED]
24 Mar 2016, 14:41:19.853 [  FINER] [      FXGL.GameScene] [JavaFX Application Thread] Entity added to scene
24 Mar 2016, 14:41:19.853 [  FINER] [      FXGL.GameScene] [JavaFX Application Thread] Added MainViewComponent
24 Mar 2016, 14:41:19.853 [  FINER] [       FXGL.EventBus] [JavaFX Application Thread] Firing event: WorldEvent[type=ENTITY_ADDED]
24 Mar 2016, 14:41:19.853 [  FINER] [      FXGL.GameScene] [JavaFX Application Thread] Entity added to scene
24 Mar 2016, 14:41:19.853 [  FINER] [      FXGL.GameScene] [JavaFX Application Thread] Added MainViewComponent
24 Mar 2016, 14:41:19.854 [  FINER] [       FXGL.EventBus] [JavaFX Application Thread] Firing event: WorldEvent[type=ENTITY_ADDED]
24 Mar 2016, 14:41:19.854 [  FINER] [      FXGL.GameScene] [JavaFX Application Thread] Entity added to scene
24 Mar 2016, 14:41:19.854 [  FINER] [      FXGL.GameScene] [JavaFX Application Thread] Added MainViewComponent
24 Mar 2016, 14:41:19.854 [  FINER] [       FXGL.EventBus] [JavaFX Application Thread] Firing event: WorldEvent[type=ENTITY_ADDED]
24 Mar 2016, 14:41:19.855 [  FINER] [      FXGL.GameScene] [JavaFX Application Thread] Entity added to scene
24 Mar 2016, 14:41:19.855 [  FINER] [      FXGL.GameScene] [JavaFX Application Thread] Added MainViewComponent
24 Mar 2016, 14:41:19.855 [  FINER] [       FXGL.EventBus] [JavaFX Application Thread] Firing event: WorldEvent[type=ENTITY_ADDED]
24 Mar 2016, 14:41:19.855 [  FINER] [      FXGL.GameScene] [JavaFX Application Thread] Entity added to scene
24 Mar 2016, 14:41:19.856 [  FINER] [      FXGL.GameScene] [JavaFX Application Thread] Added MainViewComponent
24 Mar 2016, 14:41:19.856 [  FINER] [       FXGL.EventBus] [JavaFX Application Thread] Firing event: WorldEvent[type=ENTITY_ADDED]
24 Mar 2016, 14:41:19.856 [  FINER] [      FXGL.GameScene] [JavaFX Application Thread] Entity added to scene
24 Mar 2016, 14:41:19.857 [  FINER] [      FXGL.GameScene] [JavaFX Application Thread] Added MainViewComponent
24 Mar 2016, 14:41:19.857 [  FINER] [       FXGL.EventBus] [JavaFX Application Thread] Firing event: WorldEvent[type=ENTITY_ADDED]
24 Mar 2016, 14:41:19.858 [  FINER] [      FXGL.GameScene] [JavaFX Application Thread] Entity added to scene
24 Mar 2016, 14:41:19.858 [  FINER] [      FXGL.GameScene] [JavaFX Application Thread] Added MainViewComponent
24 Mar 2016, 14:41:19.859 [  FINER] [       FXGL.EventBus] [JavaFX Application Thread] Firing event: WorldEvent[type=ENTITY_ADDED]
24 Mar 2016, 14:41:19.859 [  FINER] [      FXGL.GameScene] [JavaFX Application Thread] Entity added to scene
24 Mar 2016, 14:41:19.859 [  FINER] [      FXGL.GameScene] [JavaFX Application Thread] Added MainViewComponent
24 Mar 2016, 14:41:19.860 [  FINER] [       FXGL.EventBus] [JavaFX Application Thread] Firing event: WorldEvent[type=ENTITY_ADDED]
24 Mar 2016, 14:41:19.860 [  FINER] [      FXGL.GameScene] [JavaFX Application Thread] Entity added to scene
24 Mar 2016, 14:41:19.860 [  FINER] [      FXGL.GameScene] [JavaFX Application Thread] Added MainViewComponent
24 Mar 2016, 14:41:19.860 [  FINER] [       FXGL.EventBus] [JavaFX Application Thread] Firing event: WorldEvent[type=ENTITY_ADDED]
24 Mar 2016, 14:41:19.861 [  FINER] [      FXGL.GameScene] [JavaFX Application Thread] Entity added to scene
24 Mar 2016, 14:41:19.861 [  FINER] [      FXGL.GameScene] [JavaFX Application Thread] Added MainViewComponent
24 Mar 2016, 14:41:19.861 [  FINER] [       FXGL.EventBus] [JavaFX Application Thread] Firing event: WorldEvent[type=ENTITY_ADDED]
24 Mar 2016, 14:41:19.861 [  FINER] [      FXGL.GameScene] [JavaFX Application Thread] Entity added to scene
24 Mar 2016, 14:41:19.861 [  FINER] [      FXGL.GameScene] [JavaFX Application Thread] Added MainViewComponent
24 Mar 2016, 14:41:19.862 [  FINER] [       FXGL.EventBus] [JavaFX Application Thread] Firing event: WorldEvent[type=ENTITY_ADDED]
24 Mar 2016, 14:41:19.862 [  FINER] [      FXGL.GameScene] [JavaFX Application Thread] Entity added to scene
24 Mar 2016, 14:41:19.862 [  FINER] [      FXGL.GameScene] [JavaFX Application Thread] Added MainViewComponent
24 Mar 2016, 14:41:19.862 [  FINER] [       FXGL.EventBus] [JavaFX Application Thread] Firing event: WorldEvent[type=ENTITY_ADDED]
24 Mar 2016, 14:41:19.863 [  FINER] [      FXGL.GameScene] [JavaFX Application Thread] Entity added to scene
24 Mar 2016, 14:41:19.863 [  FINER] [      FXGL.GameScene] [JavaFX Application Thread] Added MainViewComponent
24 Mar 2016, 14:41:19.863 [  FINER] [       FXGL.EventBus] [JavaFX Application Thread] Firing event: WorldEvent[type=ENTITY_ADDED]
24 Mar 2016, 14:41:19.864 [  FINER] [      FXGL.GameScene] [JavaFX Application Thread] Entity added to scene
24 Mar 2016, 14:41:19.864 [  FINER] [      FXGL.GameScene] [JavaFX Application Thread] Added MainViewComponent
24 Mar 2016, 14:41:19.865 [  FINER] [       FXGL.EventBus] [JavaFX Application Thread] Firing event: WorldEvent[type=ENTITY_ADDED]
24 Mar 2016, 14:41:19.865 [  FINER] [      FXGL.GameScene] [JavaFX Application Thread] Entity added to scene
24 Mar 2016, 14:41:19.865 [  FINER] [      FXGL.GameScene] [JavaFX Application Thread] Added MainViewComponent
24 Mar 2016, 14:41:19.866 [  FINER] [       FXGL.EventBus] [JavaFX Application Thread] Firing event: WorldEvent[type=ENTITY_ADDED]
24 Mar 2016, 14:41:19.866 [  FINER] [      FXGL.GameScene] [JavaFX Application Thread] Entity added to scene
24 Mar 2016, 14:41:19.866 [  FINER] [      FXGL.GameScene] [JavaFX Application Thread] Added MainViewComponent
24 Mar 2016, 14:41:19.866 [  FINER] [       FXGL.EventBus] [JavaFX Application Thread] Firing event: WorldEvent[type=ENTITY_ADDED]
24 Mar 2016, 14:41:19.866 [  FINER] [      FXGL.GameScene] [JavaFX Application Thread] Entity added to scene
24 Mar 2016, 14:41:19.867 [  FINER] [      FXGL.GameScene] [JavaFX Application Thread] Added MainViewComponent
24 Mar 2016, 14:41:19.867 [  FINER] [       FXGL.EventBus] [JavaFX Application Thread] Firing event: WorldEvent[type=ENTITY_ADDED]
24 Mar 2016, 14:41:19.867 [  FINER] [      FXGL.GameScene] [JavaFX Application Thread] Entity added to scene
24 Mar 2016, 14:41:19.867 [  FINER] [      FXGL.GameScene] [JavaFX Application Thread] Added MainViewComponent
24 Mar 2016, 14:41:19.868 [  FINER] [       FXGL.EventBus] [JavaFX Application Thread] Firing event: WorldEvent[type=ENTITY_ADDED]
24 Mar 2016, 14:41:19.868 [  FINER] [      FXGL.GameScene] [JavaFX Application Thread] Entity added to scene
24 Mar 2016, 14:41:19.868 [  FINER] [      FXGL.GameScene] [JavaFX Application Thread] Added MainViewComponent
24 Mar 2016, 14:41:19.868 [  FINER] [       FXGL.EventBus] [JavaFX Application Thread] Firing event: WorldEvent[type=ENTITY_ADDED]
24 Mar 2016, 14:41:19.868 [  FINER] [      FXGL.GameScene] [JavaFX Application Thread] Entity added to scene
24 Mar 2016, 14:41:19.869 [  FINER] [      FXGL.GameScene] [JavaFX Application Thread] Added MainViewComponent
24 Mar 2016, 14:41:19.869 [  FINER] [       FXGL.EventBus] [JavaFX Application Thread] Firing event: WorldEvent[type=ENTITY_ADDED]
24 Mar 2016, 14:41:19.869 [  FINER] [      FXGL.GameScene] [JavaFX Application Thread] Entity added to scene
24 Mar 2016, 14:41:19.869 [  FINER] [      FXGL.GameScene] [JavaFX Application Thread] Added MainViewComponent
24 Mar 2016, 14:41:19.870 [  FINER] [       FXGL.EventBus] [JavaFX Application Thread] Firing event: WorldEvent[type=ENTITY_ADDED]
24 Mar 2016, 14:41:19.870 [  FINER] [      FXGL.GameScene] [JavaFX Application Thread] Entity added to scene
24 Mar 2016, 14:41:19.870 [  FINER] [      FXGL.GameScene] [JavaFX Application Thread] Added MainViewComponent
24 Mar 2016, 14:41:19.871 [  FINER] [       FXGL.EventBus] [JavaFX Application Thread] Firing event: WorldEvent[type=ENTITY_ADDED]
24 Mar 2016, 14:41:19.871 [  FINER] [      FXGL.GameScene] [JavaFX Application Thread] Entity added to scene
24 Mar 2016, 14:41:19.871 [  FINER] [      FXGL.GameScene] [JavaFX Application Thread] Added MainViewComponent
24 Mar 2016, 14:41:19.872 [  FINER] [       FXGL.EventBus] [JavaFX Application Thread] Firing event: WorldEvent[type=ENTITY_ADDED]
24 Mar 2016, 14:41:19.872 [  FINER] [      FXGL.GameScene] [JavaFX Application Thread] Entity added to scene
24 Mar 2016, 14:41:19.872 [  FINER] [      FXGL.GameScene] [JavaFX Application Thread] Added MainViewComponent
24 Mar 2016, 14:41:19.873 [  FINER] [       FXGL.EventBus] [JavaFX Application Thread] Firing event: WorldEvent[type=ENTITY_ADDED]
24 Mar 2016, 14:41:19.873 [  FINER] [      FXGL.GameScene] [JavaFX Application Thread] Entity added to scene
24 Mar 2016, 14:41:19.873 [  FINER] [      FXGL.GameScene] [JavaFX Application Thread] Added MainViewComponent
24 Mar 2016, 14:41:19.874 [  FINER] [       FXGL.EventBus] [JavaFX Application Thread] Firing event: WorldEvent[type=ENTITY_ADDED]
24 Mar 2016, 14:41:19.874 [  FINER] [      FXGL.GameScene] [JavaFX Application Thread] Entity added to scene
24 Mar 2016, 14:41:19.874 [  FINER] [      FXGL.GameScene] [JavaFX Application Thread] Added MainViewComponent
24 Mar 2016, 14:41:19.875 [  FINER] [       FXGL.EventBus] [JavaFX Application Thread] Firing event: WorldEvent[type=ENTITY_ADDED]
24 Mar 2016, 14:41:19.875 [  FINER] [      FXGL.GameScene] [JavaFX Application Thread] Entity added to scene
24 Mar 2016, 14:41:19.875 [  FINER] [      FXGL.GameScene] [JavaFX Application Thread] Added MainViewComponent
24 Mar 2016, 14:41:19.875 [  FINER] [       FXGL.EventBus] [JavaFX Application Thread] Firing event: WorldEvent[type=ENTITY_ADDED]
24 Mar 2016, 14:41:19.876 [  FINER] [      FXGL.GameScene] [JavaFX Application Thread] Entity added to scene
24 Mar 2016, 14:41:19.876 [  FINER] [      FXGL.GameScene] [JavaFX Application Thread] Added MainViewComponent
24 Mar 2016, 14:41:19.876 [  FINER] [       FXGL.EventBus] [JavaFX Application Thread] Firing event: WorldEvent[type=ENTITY_ADDED]
24 Mar 2016, 14:41:19.876 [  FINER] [      FXGL.GameScene] [JavaFX Application Thread] Entity added to scene
24 Mar 2016, 14:41:19.876 [  FINER] [      FXGL.GameScene] [JavaFX Application Thread] Added MainViewComponent
24 Mar 2016, 14:41:19.877 [  FINER] [       FXGL.EventBus] [JavaFX Application Thread] Firing event: WorldEvent[type=ENTITY_ADDED]
24 Mar 2016, 14:41:19.877 [  FINER] [      FXGL.GameScene] [JavaFX Application Thread] Entity added to scene
24 Mar 2016, 14:41:19.877 [  FINER] [      FXGL.GameScene] [JavaFX Application Thread] Added MainViewComponent
24 Mar 2016, 14:41:19.878 [  FINER] [       FXGL.EventBus] [JavaFX Application Thread] Firing event: WorldEvent[type=ENTITY_ADDED]
24 Mar 2016, 14:41:19.878 [  FINER] [      FXGL.GameScene] [JavaFX Application Thread] Entity added to scene
24 Mar 2016, 14:41:19.878 [  FINER] [      FXGL.GameScene] [JavaFX Application Thread] Added MainViewComponent
24 Mar 2016, 14:41:19.880 [  FINER] [       FXGL.EventBus] [JavaFX Application Thread] Firing event: WorldEvent[type=ENTITY_ADDED]
24 Mar 2016, 14:41:19.880 [  FINER] [      FXGL.GameScene] [JavaFX Application Thread] Entity added to scene
24 Mar 2016, 14:41:19.880 [  FINER] [      FXGL.GameScene] [JavaFX Application Thread] Added MainViewComponent
24 Mar 2016, 14:41:19.881 [  FINER] [       FXGL.EventBus] [JavaFX Application Thread] Firing event: WorldEvent[type=ENTITY_ADDED]
24 Mar 2016, 14:41:19.881 [  FINER] [      FXGL.GameScene] [JavaFX Application Thread] Entity added to scene
24 Mar 2016, 14:41:19.881 [  FINER] [      FXGL.GameScene] [JavaFX Application Thread] Added MainViewComponent
24 Mar 2016, 14:41:19.882 [  FINER] [       FXGL.EventBus] [JavaFX Application Thread] Firing event: WorldEvent[type=ENTITY_ADDED]
24 Mar 2016, 14:41:19.882 [  FINER] [      FXGL.GameScene] [JavaFX Application Thread] Entity added to scene
24 Mar 2016, 14:41:19.882 [  FINER] [      FXGL.GameScene] [JavaFX Application Thread] Added MainViewComponent
24 Mar 2016, 14:41:19.882 [  FINER] [       FXGL.EventBus] [JavaFX Application Thread] Firing event: WorldEvent[type=ENTITY_ADDED]
24 Mar 2016, 14:41:19.883 [  FINER] [      FXGL.GameScene] [JavaFX Application Thread] Entity added to scene
24 Mar 2016, 14:41:19.883 [  FINER] [      FXGL.GameScene] [JavaFX Application Thread] Added MainViewComponent
24 Mar 2016, 14:41:19.883 [  FINER] [       FXGL.EventBus] [JavaFX Application Thread] Firing event: WorldEvent[type=ENTITY_ADDED]
24 Mar 2016, 14:41:19.883 [  FINER] [      FXGL.GameScene] [JavaFX Application Thread] Entity added to scene
24 Mar 2016, 14:41:19.883 [  FINER] [      FXGL.GameScene] [JavaFX Application Thread] Added MainViewComponent
24 Mar 2016, 14:41:19.883 [  FINER] [       FXGL.EventBus] [JavaFX Application Thread] Firing event: WorldEvent[type=ENTITY_ADDED]
24 Mar 2016, 14:41:19.884 [  FINER] [      FXGL.GameScene] [JavaFX Application Thread] Entity added to scene
24 Mar 2016, 14:41:19.884 [  FINER] [      FXGL.GameScene] [JavaFX Application Thread] Added MainViewComponent
24 Mar 2016, 14:41:19.884 [  FINER] [       FXGL.EventBus] [JavaFX Application Thread] Firing event: WorldEvent[type=ENTITY_ADDED]
24 Mar 2016, 14:41:19.885 [  FINER] [      FXGL.GameScene] [JavaFX Application Thread] Entity added to scene
24 Mar 2016, 14:41:19.885 [  FINER] [      FXGL.GameScene] [JavaFX Application Thread] Added MainViewComponent
24 Mar 2016, 14:41:19.885 [  FINER] [       FXGL.EventBus] [JavaFX Application Thread] Firing event: WorldEvent[type=ENTITY_ADDED]
24 Mar 2016, 14:41:19.885 [  FINER] [      FXGL.GameScene] [JavaFX Application Thread] Entity added to scene
24 Mar 2016, 14:41:19.886 [  FINER] [      FXGL.GameScene] [JavaFX Application Thread] Added MainViewComponent
24 Mar 2016, 14:41:19.886 [  FINER] [       FXGL.EventBus] [JavaFX Application Thread] Firing event: WorldEvent[type=ENTITY_ADDED]
24 Mar 2016, 14:41:19.886 [  FINER] [      FXGL.GameScene] [JavaFX Application Thread] Entity added to scene
24 Mar 2016, 14:41:19.886 [  FINER] [      FXGL.GameScene] [JavaFX Application Thread] Added MainViewComponent
24 Mar 2016, 14:41:19.886 [  FINER] [       FXGL.EventBus] [JavaFX Application Thread] Firing event: WorldEvent[type=ENTITY_ADDED]
24 Mar 2016, 14:41:19.887 [  FINER] [      FXGL.GameScene] [JavaFX Application Thread] Entity added to scene
24 Mar 2016, 14:41:19.887 [  FINER] [      FXGL.GameScene] [JavaFX Application Thread] Added MainViewComponent
