19 Mar 2016, 11:40:51.270 [   INFO] [         FXGL.Logger] [JavaFX Application Thread] Logger initialized with level: CONFIG
19 Mar 2016, 11:40:51.275 [  FINER] [         FXGL.Logger] [JavaFX Application Thread] CPU cores: 4
19 Mar 2016, 11:40:51.278 [  FINER] [         FXGL.Logger] [JavaFX Application Thread] Free Memory: 109MB
19 Mar 2016, 11:40:51.279 [  FINER] [         FXGL.Logger] [JavaFX Application Thread] Max Memory: 1776MB
19 Mar 2016, 11:40:51.279 [  FINER] [         FXGL.Logger] [JavaFX Application Thread] Total Memory: 121MB
19 Mar 2016, 11:40:51.280 [  FINER] [         FXGL.Logger] [JavaFX Application Thread] System Properties:
19 Mar 2016, 11:40:51.281 [  FINER] [         FXGL.Logger] [JavaFX Application Thread] sun.cpu.isalist=amd64
19 Mar 2016, 11:40:51.281 [  FINER] [         FXGL.Logger] [JavaFX Application Thread] sun.desktop=windows
19 Mar 2016, 11:40:51.282 [  FINER] [         FXGL.Logger] [JavaFX Application Thread] sun.io.unicode.encoding=UnicodeLittle
19 Mar 2016, 11:40:51.282 [  FINER] [         FXGL.Logger] [JavaFX Application Thread] sun.cpu.endian=little
19 Mar 2016, 11:40:51.282 [  FINER] [         FXGL.Logger] [JavaFX Application Thread] java.vendor.url.bug=http://bugreport.sun.com/bugreport/
19 Mar 2016, 11:40:51.283 [  FINER] [         FXGL.Logger] [JavaFX Application Thread] file.separator=\
19 Mar 2016, 11:40:51.283 [  FINER] [         FXGL.Logger] [JavaFX Application Thread] java.vendor=Oracle Corporation
19 Mar 2016, 11:40:51.283 [  FINER] [         FXGL.Logger] [JavaFX Application Thread] sun.boot.class.path=C:\Program Files\Java\jre1.8.0_73\lib\resources.jar;C:\Program Files\Java\jre1.8.0_73\lib\rt.jar;C:\Program Files\Java\jre1.8.0_73\lib\sunrsasign.jar;C:\Program Files\Java\jre1.8.0_73\lib\jsse.jar;C:\Program Files\Java\jre1.8.0_73\lib\jce.jar;C:\Program Files\Java\jre1.8.0_73\lib\charsets.jar;C:\Program Files\Java\jre1.8.0_73\lib\jfr.jar;C:\Program Files\Java\jre1.8.0_73\classes
19 Mar 2016, 11:40:51.284 [  FINER] [         FXGL.Logger] [JavaFX Application Thread] java.ext.dirs=C:\Program Files\Java\jre1.8.0_73\lib\ext;C:\Windows\Sun\Java\lib\ext
19 Mar 2016, 11:40:51.284 [  FINER] [         FXGL.Logger] [JavaFX Application Thread] java.version=1.8.0_73
19 Mar 2016, 11:40:51.284 [  FINER] [         FXGL.Logger] [JavaFX Application Thread] java.vm.info=mixed mode
19 Mar 2016, 11:40:51.284 [  FINER] [         FXGL.Logger] [JavaFX Application Thread] awt.toolkit=sun.awt.windows.WToolkit
19 Mar 2016, 11:40:51.285 [  FINER] [         FXGL.Logger] [JavaFX Application Thread] user.language=en
19 Mar 2016, 11:40:51.285 [  FINER] [         FXGL.Logger] [JavaFX Application Thread] java.specification.vendor=Oracle Corporation
19 Mar 2016, 11:40:51.285 [  FINER] [         FXGL.Logger] [JavaFX Application Thread] sun.java.command=com.chromalife.SpaceInvaders.SpaceInvadersApp
19 Mar 2016, 11:40:51.285 [  FINER] [         FXGL.Logger] [JavaFX Application Thread] java.home=C:\Program Files\Java\jre1.8.0_73
19 Mar 2016, 11:40:51.286 [  FINER] [         FXGL.Logger] [JavaFX Application Thread] sun.arch.data.model=64
19 Mar 2016, 11:40:51.286 [  FINER] [         FXGL.Logger] [JavaFX Application Thread] java.vm.specification.version=1.8
19 Mar 2016, 11:40:51.286 [  FINER] [         FXGL.Logger] [JavaFX Application Thread] java.class.path=C:\Users\User\Documents\School\spring 2016\github\SpaceInvaders\target\classes;C:\Users\User\.m2\repository\com\github\AlmasB\FXGL\0.2.1-0.2.0-gba5970d-32\FXGL-0.2.1-0.2.0-gba5970d-32.jar;C:\Users\User\.m2\repository\com\google\inject\guice\4.0\guice-4.0.jar;C:\Users\User\.m2\repository\javax\inject\javax.inject\1\javax.inject-1.jar;C:\Users\User\.m2\repository\aopalliance\aopalliance\1.0\aopalliance-1.0.jar;C:\Users\User\.m2\repository\com\google\guava\guava\16.0.1\guava-16.0.1.jar;C:\Users\User\.m2\repository\org\jfxtras\jfxtras-window\8.0-r4\jfxtras-window-8.0-r4.jar;C:\Users\User\.m2\repository\org\jfxtras\jfxtras-common\8.0-r4\jfxtras-common-8.0-r4.jar;C:\Users\User\.m2\repository\com\github\AlmasB\FXEventBus\1.0\FXEventBus-1.0.jar;C:\Users\User\.m2\repository\com\github\AlmasB\Ents\1.0\Ents-1.0.jar;C:\Users\User\.m2\repository\org\apache\logging\log4j\log4j-api\2.5\log4j-api-2.5.jar;C:\Users\User\.m2\repository\org\apache\logging\log4j\log4j-core\2.5\log4j-core-2.5.jar;C:\Users\User\.m2\repository\com\github\AlmasB\AStar\1.0\AStar-1.0.jar
19 Mar 2016, 11:40:51.286 [  FINER] [         FXGL.Logger] [JavaFX Application Thread] user.name=User
19 Mar 2016, 11:40:51.287 [  FINER] [         FXGL.Logger] [JavaFX Application Thread] file.encoding=Cp1252
19 Mar 2016, 11:40:51.287 [  FINER] [         FXGL.Logger] [JavaFX Application Thread] java.specification.version=1.8
19 Mar 2016, 11:40:51.287 [  FINER] [         FXGL.Logger] [JavaFX Application Thread] java.awt.printerjob=sun.awt.windows.WPrinterJob
19 Mar 2016, 11:40:51.288 [  FINER] [         FXGL.Logger] [JavaFX Application Thread] user.timezone=America/New_York
19 Mar 2016, 11:40:51.288 [  FINER] [         FXGL.Logger] [JavaFX Application Thread] user.home=C:\Users\User
19 Mar 2016, 11:40:51.288 [  FINER] [         FXGL.Logger] [JavaFX Application Thread] os.version=6.1
19 Mar 2016, 11:40:51.289 [  FINER] [         FXGL.Logger] [JavaFX Application Thread] sun.management.compiler=HotSpot 64-Bit Tiered Compilers
19 Mar 2016, 11:40:51.289 [  FINER] [         FXGL.Logger] [JavaFX Application Thread] java.specification.name=Java Platform API Specification
19 Mar 2016, 11:40:51.289 [  FINER] [         FXGL.Logger] [JavaFX Application Thread] java.class.version=52.0
19 Mar 2016, 11:40:51.290 [  FINER] [         FXGL.Logger] [JavaFX Application Thread] java.library.path=C:\Program Files\Java\jre1.8.0_73\bin;C:\Windows\Sun\Java\bin;C:\Windows\system32;C:\Windows;C:/Program Files/Java/jre1.8.0_73/bin/server;C:/Program Files/Java/jre1.8.0_73/bin;C:/Program Files/Java/jre1.8.0_73/lib/amd64;C:\ProgramData\Oracle\Java\javapath;C:\Windows\system32;C:\Windows;C:\Windows\System32\Wbem;C:\Windows\System32\WindowsPowerShell\v1.0\;C:\Program Files\nodejs\;C:\Program Files\Microsoft SQL Server\110\Tools\Binn\;C:\Program Files (x86)\Skype\Phone\;C:\Users\User\AppData\Roaming\npm;C:\eclipse;;.
19 Mar 2016, 11:40:51.290 [  FINER] [         FXGL.Logger] [JavaFX Application Thread] sun.jnu.encoding=Cp1252
19 Mar 2016, 11:40:51.290 [  FINER] [         FXGL.Logger] [JavaFX Application Thread] os.name=Windows 7
19 Mar 2016, 11:40:51.291 [  FINER] [         FXGL.Logger] [JavaFX Application Thread] user.variant=
19 Mar 2016, 11:40:51.291 [  FINER] [         FXGL.Logger] [JavaFX Application Thread] java.vm.specification.vendor=Oracle Corporation
19 Mar 2016, 11:40:51.291 [  FINER] [         FXGL.Logger] [JavaFX Application Thread] java.io.tmpdir=C:\Users\User\AppData\Local\Temp\
19 Mar 2016, 11:40:51.292 [  FINER] [         FXGL.Logger] [JavaFX Application Thread] line.separator=

19 Mar 2016, 11:40:51.292 [  FINER] [         FXGL.Logger] [JavaFX Application Thread] java.endorsed.dirs=C:\Program Files\Java\jre1.8.0_73\lib\endorsed
19 Mar 2016, 11:40:51.292 [  FINER] [         FXGL.Logger] [JavaFX Application Thread] os.arch=amd64
19 Mar 2016, 11:40:51.293 [  FINER] [         FXGL.Logger] [JavaFX Application Thread] javafx.runtime.version=8.0.71-b15
19 Mar 2016, 11:40:51.293 [  FINER] [         FXGL.Logger] [JavaFX Application Thread] java.awt.graphicsenv=sun.awt.Win32GraphicsEnvironment
19 Mar 2016, 11:40:51.293 [  FINER] [         FXGL.Logger] [JavaFX Application Thread] java.runtime.version=1.8.0_73-b02
19 Mar 2016, 11:40:51.294 [  FINER] [         FXGL.Logger] [JavaFX Application Thread] java.vm.specification.name=Java Virtual Machine Specification
19 Mar 2016, 11:40:51.294 [  FINER] [         FXGL.Logger] [JavaFX Application Thread] user.dir=C:\Users\User\Documents\School\spring 2016\github\SpaceInvaders
19 Mar 2016, 11:40:51.294 [  FINER] [         FXGL.Logger] [JavaFX Application Thread] user.country=US
19 Mar 2016, 11:40:51.294 [  FINER] [         FXGL.Logger] [JavaFX Application Thread] user.script=
19 Mar 2016, 11:40:51.295 [  FINER] [         FXGL.Logger] [JavaFX Application Thread] sun.java.launcher=SUN_STANDARD
19 Mar 2016, 11:40:51.295 [  FINER] [         FXGL.Logger] [JavaFX Application Thread] sun.os.patch.level=Service Pack 1
19 Mar 2016, 11:40:51.295 [  FINER] [         FXGL.Logger] [JavaFX Application Thread] java.vm.name=Java HotSpot(TM) 64-Bit Server VM
19 Mar 2016, 11:40:51.296 [  FINER] [         FXGL.Logger] [JavaFX Application Thread] file.encoding.pkg=sun.io
19 Mar 2016, 11:40:51.296 [  FINER] [         FXGL.Logger] [JavaFX Application Thread] path.separator=;
19 Mar 2016, 11:40:51.296 [  FINER] [         FXGL.Logger] [JavaFX Application Thread] java.vm.vendor=Oracle Corporation
19 Mar 2016, 11:40:51.297 [  FINER] [         FXGL.Logger] [JavaFX Application Thread] java.vendor.url=http://java.oracle.com/
19 Mar 2016, 11:40:51.297 [  FINER] [         FXGL.Logger] [JavaFX Application Thread] sun.boot.library.path=C:\Program Files\Java\jre1.8.0_73\bin
19 Mar 2016, 11:40:51.297 [  FINER] [         FXGL.Logger] [JavaFX Application Thread] java.vm.version=25.73-b02
19 Mar 2016, 11:40:51.298 [  FINER] [         FXGL.Logger] [JavaFX Application Thread] java.runtime.name=Java(TM) SE Runtime Environment
19 Mar 2016, 11:40:51.298 [  FINER] [         FXGL.Logger] [JavaFX Application Thread] javafx.version=8.0.71
19 Mar 2016, 11:40:51.303 [   INFO] [        FXGL.Version] [JavaFX Application Thread] FXGL-0.2.1-SNAPSHOT
19 Mar 2016, 11:40:51.304 [   INFO] [        FXGL.Version] [JavaFX Application Thread] Source code and latest builds at: https://github.com/AlmasB/FXGL
19 Mar 2016, 11:40:51.312 [  FINER] [    FXGL.Application] [JavaFX Application Thread] Game_clinit()
19 Mar 2016, 11:40:51.321 [  FINER] [    FXGL.Application] [JavaFX-Launcher] FXGL_init()
19 Mar 2016, 11:40:51.354 [  FINER] [    FXGL.Application] [JavaFX Application Thread] FXGL_start()
19 Mar 2016, 11:40:51.354 [  FINER] [    FXGL.Application] [JavaFX Application Thread] Initializing system properties
19 Mar 2016, 11:40:51.358 [  FINER] [    FXGL.Application] [JavaFX Application Thread] sound.notification = system/notification.wav
19 Mar 2016, 11:40:51.358 [  FINER] [    FXGL.Application] [JavaFX Application Thread] asset.cache.size = 35
19 Mar 2016, 11:40:51.359 [  FINER] [    FXGL.Application] [JavaFX Application Thread] ui.font = Copperplate_Gothic_Light_Regular.ttf
19 Mar 2016, 11:40:51.359 [  FINER] [    FXGL.Application] [JavaFX Application Thread] sound.menu.back = menu/back.wav
19 Mar 2016, 11:40:51.360 [  FINER] [    FXGL.Application] [JavaFX Application Thread] sound.menu.select = menu/select.wav
19 Mar 2016, 11:40:51.360 [  FINER] [    FXGL.Application] [JavaFX Application Thread] physics.ppm = 50
19 Mar 2016, 11:40:51.360 [  FINER] [    FXGL.Application] [JavaFX Application Thread] ui.css = fxgl.css
19 Mar 2016, 11:40:51.360 [  FINER] [    FXGL.Application] [JavaFX Application Thread] ui.icon.name = fxgl_icon.png
19 Mar 2016, 11:40:51.361 [  FINER] [    FXGL.Application] [JavaFX Application Thread] sound.menu.press = menu/press.wav
19 Mar 2016, 11:40:51.361 [  FINER] [    FXGL.Application] [JavaFX Application Thread] Initializing user properties
19 Mar 2016, 11:40:51.362 [   INFO] [    FXGL.Application] [JavaFX Application Thread] User properties not found. Using system
19 Mar 2016, 11:40:51.380 [   INFO] [         FXGL.Logger] [JavaFX Application Thread] Logger level set to: CONFIG
19 Mar 2016, 11:40:51.381 [   INFO] [    FXGL.Application] [JavaFX Application Thread] Application Mode: DEVELOPER
19 Mar 2016, 11:40:52.017 [  FINER] [    FXGL.Application] [JavaFX Application Thread] Services configuration complete
19 Mar 2016, 11:40:52.030 [  FINER] [       FXGL.EventBus] [JavaFX Application Thread] Service [EventBus] initialized
19 Mar 2016, 11:40:52.033 [  FINER] [    FXGL.AssetLoader] [JavaFX Application Thread] Service [AssetLoader] initialized
19 Mar 2016, 11:40:52.035 [  FINER] [    FXGL.AssetLoader] [JavaFX Application Thread] Loading from disk: /assets/sounds/system/notification.wav
19 Mar 2016, 11:40:52.061 [  FINER] [    FXGL.AssetLoader] [JavaFX Application Thread] Loading from disk: /assets/sounds/menu/select.wav
19 Mar 2016, 11:40:52.063 [  FINER] [    FXGL.AssetLoader] [JavaFX Application Thread] Loading from disk: /assets/sounds/menu/back.wav
19 Mar 2016, 11:40:52.065 [  FINER] [    FXGL.AssetLoader] [JavaFX Application Thread] Loading from disk: /assets/sounds/menu/press.wav
19 Mar 2016, 11:40:52.067 [  FINER] [    FXGL.AssetLoader] [JavaFX Application Thread] Loading from disk: /assets/ui/fonts/Copperplate_Gothic_Light_Regular.ttf
19 Mar 2016, 11:40:52.213 [  FINER] [    FXGL.AssetLoader] [JavaFX Application Thread] Loading from disk: /assets/ui/css/fxgl.css
19 Mar 2016, 11:40:52.214 [  FINER] [    FXGL.AssetLoader] [JavaFX Application Thread] Loading from disk: /assets/ui/icons/fxgl_icon.png
19 Mar 2016, 11:40:52.258 [  FINER] [    FXGL.AssetLoader] [JavaFX Application Thread] Loading from disk: /assets/ui/css/fxgl_dark.css
19 Mar 2016, 11:40:52.340 [  FINER] [        FXGL.Display] [JavaFX Application Thread] Target size: 480.0x600.0@1.0
19 Mar 2016, 11:40:52.340 [  FINER] [        FXGL.Display] [JavaFX Application Thread] New size:    480.0x600.0@1.0
19 Mar 2016, 11:40:52.341 [  FINER] [        FXGL.Display] [JavaFX Application Thread] Service [Display] initialized
19 Mar 2016, 11:40:52.342 [  FINER] [        FXGL.Display] [JavaFX Application Thread] Using CSS: CSS[jar:file:/C:/Users/User/.m2/repository/com/github/AlmasB/FXGL/0.2.1-0.2.0-gba5970d-32/FXGL-0.2.1-0.2.0-gba5970d-32.jar!/assets/ui/css/fxgl_dark.css]
19 Mar 2016, 11:40:52.346 [  FINER] [          FXGL.Input] [JavaFX Application Thread] Service [Input] initialized
19 Mar 2016, 11:40:52.349 [  FINER] [    FXGL.AudioPlayer] [JavaFX Application Thread] Service [AudioPlayer] initialized
19 Mar 2016, 11:40:52.355 [  FINER] [    FXGL.MasterTimer] [JavaFX Application Thread] Service [MasterTimer] initialized
19 Mar 2016, 11:40:52.370 [  FINER] [      FXGL.GameScene] [JavaFX Application Thread] Game scene initialized
19 Mar 2016, 11:40:52.371 [  FINER] [FXGL.NotificationSer] [JavaFX Application Thread] Service [NotificationService] initialized
19 Mar 2016, 11:40:52.630 [  FINER] [      FXGL.GameWorld] [JavaFX Application Thread] Game world initialized
19 Mar 2016, 11:40:52.686 [  FINER] [   FXGL.PhysicsWorld] [JavaFX Application Thread] Physics world initialized
19 Mar 2016, 11:40:52.776 [  FINER] [    FXGL.Application] [JavaFX Application Thread] Game_start()
19 Mar 2016, 11:40:52.790 [  FINER] [          FXGL.Input] [JavaFX Application Thread] Registered new binding: Move Left A
19 Mar 2016, 11:40:52.791 [  FINER] [          FXGL.Input] [JavaFX Application Thread] Registered new binding: Move Right D
19 Mar 2016, 11:40:52.794 [  FINER] [    FXGL.Application] [JavaFX Application Thread] Saving data to profile
19 Mar 2016, 11:40:52.795 [  FINER] [    FXGL.UserProfile] [JavaFX Application Thread] Logging bundle: game
19 Mar 2016, 11:40:52.796 [  FINER] [    FXGL.UserProfile] [JavaFX Application Thread] game.playtime=1474899085
19 Mar 2016, 11:40:52.797 [  FINER] [       FXGL.EventBus] [JavaFX Application Thread] Firing event: SaveEvent
19 Mar 2016, 11:40:52.800 [  FINER] [        FXGL.Display] [JavaFX Application Thread] Saving data to profile
19 Mar 2016, 11:40:52.800 [  FINER] [    FXGL.UserProfile] [JavaFX Application Thread] Logging bundle: scene
19 Mar 2016, 11:40:52.800 [  FINER] [    FXGL.UserProfile] [JavaFX Application Thread] scene.sizeW=480.0
19 Mar 2016, 11:40:52.801 [  FINER] [    FXGL.UserProfile] [JavaFX Application Thread] scene.sizeH=600.0
19 Mar 2016, 11:40:52.801 [  FINER] [          FXGL.Input] [JavaFX Application Thread] Saving data to profile
19 Mar 2016, 11:40:52.801 [  FINER] [    FXGL.UserProfile] [JavaFX Application Thread] Logging bundle: input
19 Mar 2016, 11:40:52.801 [  FINER] [    FXGL.UserProfile] [JavaFX Application Thread] input.Move Right=D
19 Mar 2016, 11:40:52.802 [  FINER] [    FXGL.UserProfile] [JavaFX Application Thread] input.Move Left=A
19 Mar 2016, 11:40:52.802 [  FINER] [    FXGL.AudioPlayer] [JavaFX Application Thread] Saving data to profile
19 Mar 2016, 11:40:52.802 [  FINER] [    FXGL.UserProfile] [JavaFX Application Thread] Logging bundle: audio
19 Mar 2016, 11:40:52.802 [  FINER] [    FXGL.UserProfile] [JavaFX Application Thread] audio.musicVolume=0.5
19 Mar 2016, 11:40:52.803 [  FINER] [    FXGL.UserProfile] [JavaFX Application Thread] audio.soundVolume=0.5
19 Mar 2016, 11:40:52.803 [  FINER] [FXGL.AchievementMana] [JavaFX Application Thread] Saving data to profile
19 Mar 2016, 11:40:52.805 [  FINER] [    FXGL.UserProfile] [JavaFX Application Thread] Logging bundle: achievement
19 Mar 2016, 11:40:52.805 [  FINER] [    FXGL.Application] [JavaFX Application Thread] Starting new game
19 Mar 2016, 11:40:52.807 [  FINER] [    FXGL.Application] [JavaFX Application Thread] Initializing App
19 Mar 2016, 11:40:52.807 [  FINER] [    FXGL.Application] [JavaFX Application Thread] Pausing main loop
19 Mar 2016, 11:40:52.808 [  FINER] [       FXGL.EventBus] [JavaFX Application Thread] Firing event: FXGLEvent[type=PAUSE]
19 Mar 2016, 11:40:52.808 [  FINER] [          FXGL.Input] [JavaFX Application Thread] Clearing active input actions
19 Mar 2016, 11:40:52.808 [  FINER] [    FXGL.MasterTimer] [JavaFX Application Thread] Stopping master timer
19 Mar 2016, 11:40:52.808 [  FINER] [    FXGL.Application] [JavaFX Application Thread] State: STARTUP -> PAUSED
19 Mar 2016, 11:40:52.809 [  FINER] [    FXGL.Application] [JavaFX Application Thread] Resetting FXGL application
19 Mar 2016, 11:40:52.809 [  FINER] [       FXGL.EventBus] [JavaFX Application Thread] Firing event: FXGLEvent[type=RESET]
19 Mar 2016, 11:40:52.809 [  FINER] [          FXGL.Input] [JavaFX Application Thread] Clearing active input actions
19 Mar 2016, 11:40:52.810 [  FINER] [    FXGL.MasterTimer] [JavaFX Application Thread] Resetting ticks to 0
19 Mar 2016, 11:40:52.810 [  FINER] [    FXGL.MasterTimer] [JavaFX Application Thread] Clearing all scheduled actions
19 Mar 2016, 11:40:52.810 [  FINER] [      FXGL.GameScene] [JavaFX Application Thread] Resetting game scene
19 Mar 2016, 11:40:52.810 [  FINER] [      FXGL.GameWorld] [JavaFX Application Thread] Resetting game world
19 Mar 2016, 11:40:52.812 [  FINER] [    FXGL.Application] [JavaFX Application Thread] State: PAUSED -> LOADING
19 Mar 2016, 11:40:52.852 [  FINER] [    FXGL.Application] [JavaFX Application Thread] Starting FXGL Init Thread
19 Mar 2016, 11:40:52.853 [  FINER] [    FXGL.Application] [FXGL Init Thread] Initializing Assets
19 Mar 2016, 11:40:52.855 [  FINER] [    FXGL.AssetLoader] [FXGL Init Thread] Loading from disk: /assets/textures/spaceshipReduced.png
19 Mar 2016, 11:40:52.861 [  FINER] [    FXGL.Application] [FXGL Init Thread] Initializing Game
19 Mar 2016, 11:40:52.884 [  FINER] [    FXGL.AssetLoader] [FXGL Init Thread] Loading from disk: /assets/textures/enemyReduced2.png
19 Mar 2016, 11:40:52.903 [  FINER] [    FXGL.AssetLoader] [FXGL Init Thread] Loading from cache: /assets/textures/enemyReduced2.png
19 Mar 2016, 11:40:52.905 [  FINER] [    FXGL.AssetLoader] [FXGL Init Thread] Loading from disk: /assets/textures/enemyReduced3.png
19 Mar 2016, 11:40:52.908 [  FINER] [    FXGL.AssetLoader] [FXGL Init Thread] Loading from disk: /assets/textures/enemyReduced1.png
19 Mar 2016, 11:40:52.911 [  FINER] [    FXGL.AssetLoader] [FXGL Init Thread] Loading from cache: /assets/textures/enemyReduced3.png
19 Mar 2016, 11:40:52.913 [  FINER] [    FXGL.AssetLoader] [FXGL Init Thread] Loading from cache: /assets/textures/enemyReduced1.png
19 Mar 2016, 11:40:52.915 [  FINER] [    FXGL.AssetLoader] [FXGL Init Thread] Loading from cache: /assets/textures/enemyReduced3.png
19 Mar 2016, 11:40:52.916 [  FINER] [    FXGL.AssetLoader] [FXGL Init Thread] Loading from cache: /assets/textures/enemyReduced1.png
19 Mar 2016, 11:40:52.918 [  FINER] [    FXGL.AssetLoader] [FXGL Init Thread] Loading from cache: /assets/textures/enemyReduced3.png
19 Mar 2016, 11:40:52.920 [  FINER] [    FXGL.AssetLoader] [FXGL Init Thread] Loading from cache: /assets/textures/enemyReduced1.png
19 Mar 2016, 11:40:52.921 [  FINER] [    FXGL.AssetLoader] [FXGL Init Thread] Loading from cache: /assets/textures/enemyReduced2.png
19 Mar 2016, 11:40:52.922 [  FINER] [    FXGL.AssetLoader] [FXGL Init Thread] Loading from cache: /assets/textures/enemyReduced1.png
19 Mar 2016, 11:40:52.924 [  FINER] [    FXGL.AssetLoader] [FXGL Init Thread] Loading from cache: /assets/textures/enemyReduced2.png
19 Mar 2016, 11:40:52.925 [  FINER] [    FXGL.AssetLoader] [FXGL Init Thread] Loading from cache: /assets/textures/enemyReduced3.png
19 Mar 2016, 11:40:52.927 [  FINER] [    FXGL.AssetLoader] [FXGL Init Thread] Loading from cache: /assets/textures/enemyReduced2.png
19 Mar 2016, 11:40:52.928 [  FINER] [    FXGL.AssetLoader] [FXGL Init Thread] Loading from cache: /assets/textures/enemyReduced3.png
19 Mar 2016, 11:40:52.929 [  FINER] [    FXGL.AssetLoader] [FXGL Init Thread] Loading from cache: /assets/textures/enemyReduced2.png
19 Mar 2016, 11:40:52.930 [  FINER] [    FXGL.AssetLoader] [FXGL Init Thread] Loading from cache: /assets/textures/enemyReduced3.png
19 Mar 2016, 11:40:52.930 [  FINER] [    FXGL.AssetLoader] [FXGL Init Thread] Loading from cache: /assets/textures/enemyReduced1.png
19 Mar 2016, 11:40:52.932 [  FINER] [    FXGL.AssetLoader] [FXGL Init Thread] Loading from cache: /assets/textures/enemyReduced3.png
19 Mar 2016, 11:40:52.933 [  FINER] [    FXGL.AssetLoader] [FXGL Init Thread] Loading from cache: /assets/textures/enemyReduced2.png
19 Mar 2016, 11:40:52.934 [  FINER] [    FXGL.AssetLoader] [FXGL Init Thread] Loading from cache: /assets/textures/enemyReduced1.png
19 Mar 2016, 11:40:52.935 [  FINER] [    FXGL.AssetLoader] [FXGL Init Thread] Loading from cache: /assets/textures/enemyReduced1.png
19 Mar 2016, 11:40:52.936 [  FINER] [    FXGL.AssetLoader] [FXGL Init Thread] Loading from cache: /assets/textures/enemyReduced2.png
19 Mar 2016, 11:40:52.937 [  FINER] [    FXGL.AssetLoader] [FXGL Init Thread] Loading from cache: /assets/textures/enemyReduced2.png
19 Mar 2016, 11:40:52.938 [  FINER] [    FXGL.AssetLoader] [FXGL Init Thread] Loading from cache: /assets/textures/enemyReduced3.png
19 Mar 2016, 11:40:52.939 [  FINER] [    FXGL.AssetLoader] [FXGL Init Thread] Loading from cache: /assets/textures/enemyReduced2.png
19 Mar 2016, 11:40:52.940 [  FINER] [    FXGL.AssetLoader] [FXGL Init Thread] Loading from cache: /assets/textures/enemyReduced1.png
19 Mar 2016, 11:40:52.941 [  FINER] [    FXGL.AssetLoader] [FXGL Init Thread] Loading from cache: /assets/textures/enemyReduced1.png
19 Mar 2016, 11:40:52.943 [  FINER] [    FXGL.AssetLoader] [FXGL Init Thread] Loading from cache: /assets/textures/enemyReduced3.png
19 Mar 2016, 11:40:52.944 [  FINER] [    FXGL.AssetLoader] [FXGL Init Thread] Loading from cache: /assets/textures/enemyReduced2.png
19 Mar 2016, 11:40:52.945 [  FINER] [    FXGL.AssetLoader] [FXGL Init Thread] Loading from cache: /assets/textures/enemyReduced3.png
19 Mar 2016, 11:40:52.946 [  FINER] [    FXGL.AssetLoader] [FXGL Init Thread] Loading from cache: /assets/textures/enemyReduced2.png
19 Mar 2016, 11:40:52.947 [  FINER] [    FXGL.AssetLoader] [FXGL Init Thread] Loading from cache: /assets/textures/enemyReduced2.png
19 Mar 2016, 11:40:52.948 [  FINER] [    FXGL.AssetLoader] [FXGL Init Thread] Loading from cache: /assets/textures/enemyReduced2.png
19 Mar 2016, 11:40:52.950 [  FINER] [    FXGL.AssetLoader] [FXGL Init Thread] Loading from cache: /assets/textures/enemyReduced2.png
19 Mar 2016, 11:40:52.951 [  FINER] [    FXGL.AssetLoader] [FXGL Init Thread] Loading from cache: /assets/textures/enemyReduced3.png
19 Mar 2016, 11:40:52.953 [  FINER] [    FXGL.AssetLoader] [FXGL Init Thread] Loading from cache: /assets/textures/enemyReduced3.png
19 Mar 2016, 11:40:52.954 [  FINER] [    FXGL.AssetLoader] [FXGL Init Thread] Loading from cache: /assets/textures/enemyReduced3.png
19 Mar 2016, 11:40:52.956 [  FINER] [    FXGL.AssetLoader] [FXGL Init Thread] Loading from cache: /assets/textures/enemyReduced3.png
19 Mar 2016, 11:40:52.958 [  FINER] [    FXGL.AssetLoader] [FXGL Init Thread] Loading from cache: /assets/textures/enemyReduced2.png
19 Mar 2016, 11:40:52.960 [  FINER] [    FXGL.AssetLoader] [FXGL Init Thread] Loading from cache: /assets/textures/enemyReduced2.png
19 Mar 2016, 11:40:52.962 [  FINER] [    FXGL.AssetLoader] [FXGL Init Thread] Loading from cache: /assets/textures/enemyReduced2.png
19 Mar 2016, 11:40:52.963 [  FINER] [    FXGL.AssetLoader] [FXGL Init Thread] Loading from cache: /assets/textures/enemyReduced2.png
19 Mar 2016, 11:40:52.965 [  FINER] [    FXGL.AssetLoader] [FXGL Init Thread] Loading from cache: /assets/textures/enemyReduced1.png
19 Mar 2016, 11:40:52.967 [  FINER] [    FXGL.AssetLoader] [FXGL Init Thread] Loading from cache: /assets/textures/enemyReduced1.png
19 Mar 2016, 11:40:52.968 [  FINER] [    FXGL.AssetLoader] [FXGL Init Thread] Loading from cache: /assets/textures/enemyReduced1.png
19 Mar 2016, 11:40:52.969 [  FINER] [    FXGL.AssetLoader] [FXGL Init Thread] Loading from cache: /assets/textures/enemyReduced3.png
19 Mar 2016, 11:40:52.971 [  FINER] [    FXGL.AssetLoader] [FXGL Init Thread] Loading from cache: /assets/textures/enemyReduced1.png
19 Mar 2016, 11:40:52.972 [  FINER] [    FXGL.AssetLoader] [FXGL Init Thread] Loading from cache: /assets/textures/enemyReduced2.png
19 Mar 2016, 11:40:52.973 [  FINER] [    FXGL.AssetLoader] [FXGL Init Thread] Loading from cache: /assets/textures/spaceshipReduced.png
19 Mar 2016, 11:40:52.973 [  FINER] [    FXGL.Application] [FXGL Init Thread] Initializing Physics
19 Mar 2016, 11:40:52.974 [  FINER] [    FXGL.Application] [FXGL Init Thread] Initializing UI
19 Mar 2016, 11:40:52.980 [  FINER] [    FXGL.Application] [FXGL Init Thread] Initialization Complete
19 Mar 2016, 11:40:53.108 [  FINER] [    FXGL.Application] [JavaFX Application Thread] Showing stage
19 Mar 2016, 11:40:53.108 [  FINER] [    FXGL.Application] [JavaFX Application Thread] Root size: 480.0x600.0
19 Mar 2016, 11:40:53.108 [  FINER] [    FXGL.Application] [JavaFX Application Thread] Scene size: 480.0x600.0
19 Mar 2016, 11:40:53.111 [  FINER] [    FXGL.Application] [JavaFX Application Thread] Stage size: 486.0x628.0
19 Mar 2016, 11:40:53.140 [  FINER] [       FXGL.EventBus] [JavaFX Application Thread] Firing event: FXGLEvent[type=INIT_APP_COMPLETE]
19 Mar 2016, 11:40:53.141 [  FINER] [    FXGL.Application] [JavaFX Application Thread] Resuming main loop
19 Mar 2016, 11:40:53.141 [  FINER] [       FXGL.EventBus] [JavaFX Application Thread] Firing event: FXGLEvent[type=RESUME]
19 Mar 2016, 11:40:53.141 [  FINER] [          FXGL.Input] [JavaFX Application Thread] Clearing active input actions
19 Mar 2016, 11:40:53.141 [  FINER] [    FXGL.MasterTimer] [JavaFX Application Thread] Starting master timer
19 Mar 2016, 11:40:53.141 [  FINER] [    FXGL.Application] [JavaFX Application Thread] State: LOADING -> PLAYING
19 Mar 2016, 11:40:53.153 [  FINER] [       FXGL.EventBus] [JavaFX Application Thread] Firing event: WorldEvent[type=ENTITY_ADDED]
19 Mar 2016, 11:40:53.154 [  FINER] [      FXGL.GameScene] [JavaFX Application Thread] Entity added to scene
19 Mar 2016, 11:40:53.154 [  FINER] [      FXGL.GameScene] [JavaFX Application Thread] Added MainViewComponent
19 Mar 2016, 11:40:53.156 [  FINER] [      FXGL.GameScene] [JavaFX Application Thread] Creating render group for layer: TOP(2147483647)
19 Mar 2016, 11:40:53.161 [  FINER] [       FXGL.EventBus] [JavaFX Application Thread] Firing event: WorldEvent[type=ENTITY_ADDED]
19 Mar 2016, 11:40:53.161 [  FINER] [      FXGL.GameScene] [JavaFX Application Thread] Entity added to scene
19 Mar 2016, 11:40:53.161 [  FINER] [      FXGL.GameScene] [JavaFX Application Thread] Added MainViewComponent
19 Mar 2016, 11:40:53.162 [  FINER] [       FXGL.EventBus] [JavaFX Application Thread] Firing event: WorldEvent[type=ENTITY_ADDED]
19 Mar 2016, 11:40:53.163 [  FINER] [      FXGL.GameScene] [JavaFX Application Thread] Entity added to scene
19 Mar 2016, 11:40:53.163 [  FINER] [      FXGL.GameScene] [JavaFX Application Thread] Added MainViewComponent
19 Mar 2016, 11:40:53.163 [  FINER] [       FXGL.EventBus] [JavaFX Application Thread] Firing event: WorldEvent[type=ENTITY_ADDED]
19 Mar 2016, 11:40:53.164 [  FINER] [      FXGL.GameScene] [JavaFX Application Thread] Entity added to scene
19 Mar 2016, 11:40:53.164 [  FINER] [      FXGL.GameScene] [JavaFX Application Thread] Added MainViewComponent
19 Mar 2016, 11:40:53.165 [  FINER] [       FXGL.EventBus] [JavaFX Application Thread] Firing event: WorldEvent[type=ENTITY_ADDED]
19 Mar 2016, 11:40:53.165 [  FINER] [      FXGL.GameScene] [JavaFX Application Thread] Entity added to scene
19 Mar 2016, 11:40:53.165 [  FINER] [      FXGL.GameScene] [JavaFX Application Thread] Added MainViewComponent
19 Mar 2016, 11:40:53.165 [  FINER] [       FXGL.EventBus] [JavaFX Application Thread] Firing event: WorldEvent[type=ENTITY_ADDED]
19 Mar 2016, 11:40:53.166 [  FINER] [      FXGL.GameScene] [JavaFX Application Thread] Entity added to scene
19 Mar 2016, 11:40:53.166 [  FINER] [      FXGL.GameScene] [JavaFX Application Thread] Added MainViewComponent
19 Mar 2016, 11:40:53.166 [  FINER] [       FXGL.EventBus] [JavaFX Application Thread] Firing event: WorldEvent[type=ENTITY_ADDED]
19 Mar 2016, 11:40:53.167 [  FINER] [      FXGL.GameScene] [JavaFX Application Thread] Entity added to scene
19 Mar 2016, 11:40:53.167 [  FINER] [      FXGL.GameScene] [JavaFX Application Thread] Added MainViewComponent
19 Mar 2016, 11:40:53.167 [  FINER] [       FXGL.EventBus] [JavaFX Application Thread] Firing event: WorldEvent[type=ENTITY_ADDED]
19 Mar 2016, 11:40:53.167 [  FINER] [      FXGL.GameScene] [JavaFX Application Thread] Entity added to scene
19 Mar 2016, 11:40:53.168 [  FINER] [      FXGL.GameScene] [JavaFX Application Thread] Added MainViewComponent
19 Mar 2016, 11:40:53.168 [  FINER] [       FXGL.EventBus] [JavaFX Application Thread] Firing event: WorldEvent[type=ENTITY_ADDED]
19 Mar 2016, 11:40:53.168 [  FINER] [      FXGL.GameScene] [JavaFX Application Thread] Entity added to scene
19 Mar 2016, 11:40:53.168 [  FINER] [      FXGL.GameScene] [JavaFX Application Thread] Added MainViewComponent
19 Mar 2016, 11:40:53.169 [  FINER] [       FXGL.EventBus] [JavaFX Application Thread] Firing event: WorldEvent[type=ENTITY_ADDED]
19 Mar 2016, 11:40:53.169 [  FINER] [      FXGL.GameScene] [JavaFX Application Thread] Entity added to scene
19 Mar 2016, 11:40:53.169 [  FINER] [      FXGL.GameScene] [JavaFX Application Thread] Added MainViewComponent
19 Mar 2016, 11:40:53.169 [  FINER] [       FXGL.EventBus] [JavaFX Application Thread] Firing event: WorldEvent[type=ENTITY_ADDED]
19 Mar 2016, 11:40:53.170 [  FINER] [      FXGL.GameScene] [JavaFX Application Thread] Entity added to scene
19 Mar 2016, 11:40:53.170 [  FINER] [      FXGL.GameScene] [JavaFX Application Thread] Added MainViewComponent
19 Mar 2016, 11:40:53.171 [  FINER] [       FXGL.EventBus] [JavaFX Application Thread] Firing event: WorldEvent[type=ENTITY_ADDED]
19 Mar 2016, 11:40:53.171 [  FINER] [      FXGL.GameScene] [JavaFX Application Thread] Entity added to scene
19 Mar 2016, 11:40:53.171 [  FINER] [      FXGL.GameScene] [JavaFX Application Thread] Added MainViewComponent
19 Mar 2016, 11:40:53.172 [  FINER] [       FXGL.EventBus] [JavaFX Application Thread] Firing event: WorldEvent[type=ENTITY_ADDED]
19 Mar 2016, 11:40:53.172 [  FINER] [      FXGL.GameScene] [JavaFX Application Thread] Entity added to scene
19 Mar 2016, 11:40:53.172 [  FINER] [      FXGL.GameScene] [JavaFX Application Thread] Added MainViewComponent
19 Mar 2016, 11:40:53.173 [  FINER] [       FXGL.EventBus] [JavaFX Application Thread] Firing event: WorldEvent[type=ENTITY_ADDED]
19 Mar 2016, 11:40:53.173 [  FINER] [      FXGL.GameScene] [JavaFX Application Thread] Entity added to scene
19 Mar 2016, 11:40:53.173 [  FINER] [      FXGL.GameScene] [JavaFX Application Thread] Added MainViewComponent
19 Mar 2016, 11:40:53.174 [  FINER] [       FXGL.EventBus] [JavaFX Application Thread] Firing event: WorldEvent[type=ENTITY_ADDED]
19 Mar 2016, 11:40:53.174 [  FINER] [      FXGL.GameScene] [JavaFX Application Thread] Entity added to scene
19 Mar 2016, 11:40:53.174 [  FINER] [      FXGL.GameScene] [JavaFX Application Thread] Added MainViewComponent
19 Mar 2016, 11:40:53.175 [  FINER] [       FXGL.EventBus] [JavaFX Application Thread] Firing event: WorldEvent[type=ENTITY_ADDED]
19 Mar 2016, 11:40:53.175 [  FINER] [      FXGL.GameScene] [JavaFX Application Thread] Entity added to scene
19 Mar 2016, 11:40:53.175 [  FINER] [      FXGL.GameScene] [JavaFX Application Thread] Added MainViewComponent
19 Mar 2016, 11:40:53.176 [  FINER] [       FXGL.EventBus] [JavaFX Application Thread] Firing event: WorldEvent[type=ENTITY_ADDED]
19 Mar 2016, 11:40:53.176 [  FINER] [      FXGL.GameScene] [JavaFX Application Thread] Entity added to scene
19 Mar 2016, 11:40:53.177 [  FINER] [      FXGL.GameScene] [JavaFX Application Thread] Added MainViewComponent
19 Mar 2016, 11:40:53.177 [  FINER] [       FXGL.EventBus] [JavaFX Application Thread] Firing event: WorldEvent[type=ENTITY_ADDED]
19 Mar 2016, 11:40:53.177 [  FINER] [      FXGL.GameScene] [JavaFX Application Thread] Entity added to scene
19 Mar 2016, 11:40:53.178 [  FINER] [      FXGL.GameScene] [JavaFX Application Thread] Added MainViewComponent
19 Mar 2016, 11:40:53.178 [  FINER] [       FXGL.EventBus] [JavaFX Application Thread] Firing event: WorldEvent[type=ENTITY_ADDED]
19 Mar 2016, 11:40:53.178 [  FINER] [      FXGL.GameScene] [JavaFX Application Thread] Entity added to scene
19 Mar 2016, 11:40:53.178 [  FINER] [      FXGL.GameScene] [JavaFX Application Thread] Added MainViewComponent
19 Mar 2016, 11:40:53.179 [  FINER] [       FXGL.EventBus] [JavaFX Application Thread] Firing event: WorldEvent[type=ENTITY_ADDED]
19 Mar 2016, 11:40:53.179 [  FINER] [      FXGL.GameScene] [JavaFX Application Thread] Entity added to scene
19 Mar 2016, 11:40:53.179 [  FINER] [      FXGL.GameScene] [JavaFX Application Thread] Added MainViewComponent
19 Mar 2016, 11:40:53.180 [  FINER] [       FXGL.EventBus] [JavaFX Application Thread] Firing event: WorldEvent[type=ENTITY_ADDED]
19 Mar 2016, 11:40:53.180 [  FINER] [      FXGL.GameScene] [JavaFX Application Thread] Entity added to scene
19 Mar 2016, 11:40:53.180 [  FINER] [      FXGL.GameScene] [JavaFX Application Thread] Added MainViewComponent
19 Mar 2016, 11:40:53.180 [  FINER] [       FXGL.EventBus] [JavaFX Application Thread] Firing event: WorldEvent[type=ENTITY_ADDED]
19 Mar 2016, 11:40:53.180 [  FINER] [      FXGL.GameScene] [JavaFX Application Thread] Entity added to scene
19 Mar 2016, 11:40:53.181 [  FINER] [      FXGL.GameScene] [JavaFX Application Thread] Added MainViewComponent
19 Mar 2016, 11:40:53.181 [  FINER] [       FXGL.EventBus] [JavaFX Application Thread] Firing event: WorldEvent[type=ENTITY_ADDED]
19 Mar 2016, 11:40:53.181 [  FINER] [      FXGL.GameScene] [JavaFX Application Thread] Entity added to scene
19 Mar 2016, 11:40:53.181 [  FINER] [      FXGL.GameScene] [JavaFX Application Thread] Added MainViewComponent
19 Mar 2016, 11:40:53.181 [  FINER] [       FXGL.EventBus] [JavaFX Application Thread] Firing event: WorldEvent[type=ENTITY_ADDED]
19 Mar 2016, 11:40:53.182 [  FINER] [      FXGL.GameScene] [JavaFX Application Thread] Entity added to scene
19 Mar 2016, 11:40:53.182 [  FINER] [      FXGL.GameScene] [JavaFX Application Thread] Added MainViewComponent
19 Mar 2016, 11:40:53.182 [  FINER] [       FXGL.EventBus] [JavaFX Application Thread] Firing event: WorldEvent[type=ENTITY_ADDED]
19 Mar 2016, 11:40:53.182 [  FINER] [      FXGL.GameScene] [JavaFX Application Thread] Entity added to scene
19 Mar 2016, 11:40:53.182 [  FINER] [      FXGL.GameScene] [JavaFX Application Thread] Added MainViewComponent
19 Mar 2016, 11:40:53.183 [  FINER] [       FXGL.EventBus] [JavaFX Application Thread] Firing event: WorldEvent[type=ENTITY_ADDED]
19 Mar 2016, 11:40:53.183 [  FINER] [      FXGL.GameScene] [JavaFX Application Thread] Entity added to scene
19 Mar 2016, 11:40:53.185 [  FINER] [      FXGL.GameScene] [JavaFX Application Thread] Added MainViewComponent
19 Mar 2016, 11:40:53.186 [  FINER] [       FXGL.EventBus] [JavaFX Application Thread] Firing event: WorldEvent[type=ENTITY_ADDED]
19 Mar 2016, 11:40:53.186 [  FINER] [      FXGL.GameScene] [JavaFX Application Thread] Entity added to scene
19 Mar 2016, 11:40:53.187 [  FINER] [      FXGL.GameScene] [JavaFX Application Thread] Added MainViewComponent
19 Mar 2016, 11:40:53.187 [  FINER] [       FXGL.EventBus] [JavaFX Application Thread] Firing event: WorldEvent[type=ENTITY_ADDED]
19 Mar 2016, 11:40:53.187 [  FINER] [      FXGL.GameScene] [JavaFX Application Thread] Entity added to scene
19 Mar 2016, 11:40:53.187 [  FINER] [      FXGL.GameScene] [JavaFX Application Thread] Added MainViewComponent
19 Mar 2016, 11:40:53.188 [  FINER] [       FXGL.EventBus] [JavaFX Application Thread] Firing event: WorldEvent[type=ENTITY_ADDED]
19 Mar 2016, 11:40:53.188 [  FINER] [      FXGL.GameScene] [JavaFX Application Thread] Entity added to scene
19 Mar 2016, 11:40:53.188 [  FINER] [      FXGL.GameScene] [JavaFX Application Thread] Added MainViewComponent
19 Mar 2016, 11:40:53.189 [  FINER] [       FXGL.EventBus] [JavaFX Application Thread] Firing event: WorldEvent[type=ENTITY_ADDED]
19 Mar 2016, 11:40:53.189 [  FINER] [      FXGL.GameScene] [JavaFX Application Thread] Entity added to scene
19 Mar 2016, 11:40:53.189 [  FINER] [      FXGL.GameScene] [JavaFX Application Thread] Added MainViewComponent
19 Mar 2016, 11:40:53.190 [  FINER] [       FXGL.EventBus] [JavaFX Application Thread] Firing event: WorldEvent[type=ENTITY_ADDED]
19 Mar 2016, 11:40:53.190 [  FINER] [      FXGL.GameScene] [JavaFX Application Thread] Entity added to scene
19 Mar 2016, 11:40:53.190 [  FINER] [      FXGL.GameScene] [JavaFX Application Thread] Added MainViewComponent
19 Mar 2016, 11:40:53.191 [  FINER] [       FXGL.EventBus] [JavaFX Application Thread] Firing event: WorldEvent[type=ENTITY_ADDED]
19 Mar 2016, 11:40:53.191 [  FINER] [      FXGL.GameScene] [JavaFX Application Thread] Entity added to scene
19 Mar 2016, 11:40:53.191 [  FINER] [      FXGL.GameScene] [JavaFX Application Thread] Added MainViewComponent
19 Mar 2016, 11:40:53.191 [  FINER] [       FXGL.EventBus] [JavaFX Application Thread] Firing event: WorldEvent[type=ENTITY_ADDED]
19 Mar 2016, 11:40:53.191 [  FINER] [      FXGL.GameScene] [JavaFX Application Thread] Entity added to scene
19 Mar 2016, 11:40:53.192 [  FINER] [      FXGL.GameScene] [JavaFX Application Thread] Added MainViewComponent
19 Mar 2016, 11:40:53.192 [  FINER] [       FXGL.EventBus] [JavaFX Application Thread] Firing event: WorldEvent[type=ENTITY_ADDED]
19 Mar 2016, 11:40:53.192 [  FINER] [      FXGL.GameScene] [JavaFX Application Thread] Entity added to scene
19 Mar 2016, 11:40:53.192 [  FINER] [      FXGL.GameScene] [JavaFX Application Thread] Added MainViewComponent
19 Mar 2016, 11:40:53.192 [  FINER] [       FXGL.EventBus] [JavaFX Application Thread] Firing event: WorldEvent[type=ENTITY_ADDED]
19 Mar 2016, 11:40:53.193 [  FINER] [      FXGL.GameScene] [JavaFX Application Thread] Entity added to scene
19 Mar 2016, 11:40:53.193 [  FINER] [      FXGL.GameScene] [JavaFX Application Thread] Added MainViewComponent
19 Mar 2016, 11:40:53.193 [  FINER] [       FXGL.EventBus] [JavaFX Application Thread] Firing event: WorldEvent[type=ENTITY_ADDED]
19 Mar 2016, 11:40:53.193 [  FINER] [      FXGL.GameScene] [JavaFX Application Thread] Entity added to scene
19 Mar 2016, 11:40:53.194 [  FINER] [      FXGL.GameScene] [JavaFX Application Thread] Added MainViewComponent
19 Mar 2016, 11:40:53.194 [  FINER] [       FXGL.EventBus] [JavaFX Application Thread] Firing event: WorldEvent[type=ENTITY_ADDED]
19 Mar 2016, 11:40:53.194 [  FINER] [      FXGL.GameScene] [JavaFX Application Thread] Entity added to scene
19 Mar 2016, 11:40:53.195 [  FINER] [      FXGL.GameScene] [JavaFX Application Thread] Added MainViewComponent
19 Mar 2016, 11:40:53.195 [  FINER] [       FXGL.EventBus] [JavaFX Application Thread] Firing event: WorldEvent[type=ENTITY_ADDED]
19 Mar 2016, 11:40:53.195 [  FINER] [      FXGL.GameScene] [JavaFX Application Thread] Entity added to scene
19 Mar 2016, 11:40:53.195 [  FINER] [      FXGL.GameScene] [JavaFX Application Thread] Added MainViewComponent
19 Mar 2016, 11:40:53.196 [  FINER] [       FXGL.EventBus] [JavaFX Application Thread] Firing event: WorldEvent[type=ENTITY_ADDED]
19 Mar 2016, 11:40:53.196 [  FINER] [      FXGL.GameScene] [JavaFX Application Thread] Entity added to scene
19 Mar 2016, 11:40:53.196 [  FINER] [      FXGL.GameScene] [JavaFX Application Thread] Added MainViewComponent
19 Mar 2016, 11:40:53.197 [  FINER] [       FXGL.EventBus] [JavaFX Application Thread] Firing event: WorldEvent[type=ENTITY_ADDED]
19 Mar 2016, 11:40:53.197 [  FINER] [      FXGL.GameScene] [JavaFX Application Thread] Entity added to scene
19 Mar 2016, 11:40:53.197 [  FINER] [      FXGL.GameScene] [JavaFX Application Thread] Added MainViewComponent
19 Mar 2016, 11:40:53.198 [  FINER] [       FXGL.EventBus] [JavaFX Application Thread] Firing event: WorldEvent[type=ENTITY_ADDED]
19 Mar 2016, 11:40:53.198 [  FINER] [      FXGL.GameScene] [JavaFX Application Thread] Entity added to scene
19 Mar 2016, 11:40:53.198 [  FINER] [      FXGL.GameScene] [JavaFX Application Thread] Added MainViewComponent
19 Mar 2016, 11:40:53.199 [  FINER] [       FXGL.EventBus] [JavaFX Application Thread] Firing event: WorldEvent[type=ENTITY_ADDED]
19 Mar 2016, 11:40:53.199 [  FINER] [      FXGL.GameScene] [JavaFX Application Thread] Entity added to scene
19 Mar 2016, 11:40:53.199 [  FINER] [      FXGL.GameScene] [JavaFX Application Thread] Added MainViewComponent
19 Mar 2016, 11:40:53.200 [  FINER] [       FXGL.EventBus] [JavaFX Application Thread] Firing event: WorldEvent[type=ENTITY_ADDED]
19 Mar 2016, 11:40:53.200 [  FINER] [      FXGL.GameScene] [JavaFX Application Thread] Entity added to scene
19 Mar 2016, 11:40:53.200 [  FINER] [      FXGL.GameScene] [JavaFX Application Thread] Added MainViewComponent
19 Mar 2016, 11:40:53.201 [  FINER] [       FXGL.EventBus] [JavaFX Application Thread] Firing event: WorldEvent[type=ENTITY_ADDED]
19 Mar 2016, 11:40:53.201 [  FINER] [      FXGL.GameScene] [JavaFX Application Thread] Entity added to scene
19 Mar 2016, 11:40:53.202 [  FINER] [      FXGL.GameScene] [JavaFX Application Thread] Added MainViewComponent
19 Mar 2016, 11:40:53.202 [  FINER] [       FXGL.EventBus] [JavaFX Application Thread] Firing event: WorldEvent[type=ENTITY_ADDED]
19 Mar 2016, 11:40:53.202 [  FINER] [      FXGL.GameScene] [JavaFX Application Thread] Entity added to scene
19 Mar 2016, 11:40:53.202 [  FINER] [      FXGL.GameScene] [JavaFX Application Thread] Added MainViewComponent
19 Mar 2016, 11:40:53.203 [  FINER] [       FXGL.EventBus] [JavaFX Application Thread] Firing event: WorldEvent[type=ENTITY_ADDED]
19 Mar 2016, 11:40:53.203 [  FINER] [      FXGL.GameScene] [JavaFX Application Thread] Entity added to scene
19 Mar 2016, 11:40:53.204 [  FINER] [      FXGL.GameScene] [JavaFX Application Thread] Added MainViewComponent
19 Mar 2016, 11:40:53.204 [  FINER] [       FXGL.EventBus] [JavaFX Application Thread] Firing event: WorldEvent[type=ENTITY_ADDED]
19 Mar 2016, 11:40:53.204 [  FINER] [      FXGL.GameScene] [JavaFX Application Thread] Entity added to scene
19 Mar 2016, 11:40:53.205 [  FINER] [      FXGL.GameScene] [JavaFX Application Thread] Added MainViewComponent
19 Mar 2016, 11:40:53.205 [  FINER] [       FXGL.EventBus] [JavaFX Application Thread] Firing event: WorldEvent[type=ENTITY_ADDED]
19 Mar 2016, 11:40:53.205 [  FINER] [      FXGL.GameScene] [JavaFX Application Thread] Entity added to scene
19 Mar 2016, 11:40:53.206 [  FINER] [      FXGL.GameScene] [JavaFX Application Thread] Added MainViewComponent
19 Mar 2016, 11:40:53.206 [  FINER] [       FXGL.EventBus] [JavaFX Application Thread] Firing event: WorldEvent[type=ENTITY_ADDED]
19 Mar 2016, 11:40:53.206 [  FINER] [      FXGL.GameScene] [JavaFX Application Thread] Entity added to scene
19 Mar 2016, 11:40:53.206 [  FINER] [      FXGL.GameScene] [JavaFX Application Thread] Added MainViewComponent
19 Mar 2016, 11:40:53.207 [  FINER] [       FXGL.EventBus] [JavaFX Application Thread] Firing event: WorldEvent[type=ENTITY_ADDED]
19 Mar 2016, 11:40:53.207 [  FINER] [      FXGL.GameScene] [JavaFX Application Thread] Entity added to scene
19 Mar 2016, 11:40:53.207 [  FINER] [      FXGL.GameScene] [JavaFX Application Thread] Added MainViewComponent
19 Mar 2016, 11:40:53.208 [  FINER] [       FXGL.EventBus] [JavaFX Application Thread] Firing event: WorldEvent[type=ENTITY_ADDED]
19 Mar 2016, 11:40:53.208 [  FINER] [      FXGL.GameScene] [JavaFX Application Thread] Entity added to scene
19 Mar 2016, 11:40:53.208 [  FINER] [      FXGL.GameScene] [JavaFX Application Thread] Added MainViewComponent
19 Mar 2016, 11:41:05.732 [  FINER] [       FXGL.EventBus] [JavaFX Application Thread] Firing event: DisplayEvent[type=DIALOG_OPENED]
19 Mar 2016, 11:41:05.732 [  FINER] [    FXGL.Application] [JavaFX Application Thread] Pausing main loop
19 Mar 2016, 11:41:05.732 [  FINER] [       FXGL.EventBus] [JavaFX Application Thread] Firing event: FXGLEvent[type=PAUSE]
19 Mar 2016, 11:41:05.732 [  FINER] [          FXGL.Input] [JavaFX Application Thread] Clearing active input actions
19 Mar 2016, 11:41:05.733 [  FINER] [    FXGL.MasterTimer] [JavaFX Application Thread] Stopping master timer
19 Mar 2016, 11:41:05.733 [  FINER] [    FXGL.Application] [JavaFX Application Thread] State: PLAYING -> PAUSED
19 Mar 2016, 11:41:05.733 [  FINER] [          FXGL.Input] [JavaFX Application Thread] Clearing active input actions
19 Mar 2016, 11:41:07.317 [  FINER] [       FXGL.EventBus] [JavaFX Application Thread] Firing event: DisplayEvent[type=DIALOG_CLOSED]
19 Mar 2016, 11:41:07.318 [  FINER] [    FXGL.Application] [JavaFX Application Thread] Resuming main loop
19 Mar 2016, 11:41:07.318 [  FINER] [       FXGL.EventBus] [JavaFX Application Thread] Firing event: FXGLEvent[type=RESUME]
19 Mar 2016, 11:41:07.318 [  FINER] [          FXGL.Input] [JavaFX Application Thread] Clearing active input actions
19 Mar 2016, 11:41:07.318 [  FINER] [    FXGL.MasterTimer] [JavaFX Application Thread] Starting master timer
19 Mar 2016, 11:41:07.319 [  FINER] [    FXGL.Application] [JavaFX Application Thread] State: PAUSED -> PLAYING
19 Mar 2016, 11:41:07.319 [  FINER] [       FXGL.EventBus] [JavaFX Application Thread] Firing event: DisplayEvent[type=CLOSE_REQUEST]
19 Mar 2016, 11:41:07.320 [  FINER] [    FXGL.Application] [JavaFX Application Thread] Exiting Normally
19 Mar 2016, 11:41:07.320 [  FINER] [       FXGL.EventBus] [JavaFX Application Thread] Firing event: FXGLEvent[type=EXIT]
19 Mar 2016, 11:41:07.320 [  FINER] [         FXGL.Logger] [JavaFX Application Thread] Logger is closing
