02 Mar 2016, 13:26:28.559 [   INFO] [         FXGL.Logger] [JavaFX Application Thread] Logger initialized with level: CONFIG
02 Mar 2016, 13:26:28.563 [  FINER] [         FXGL.Logger] [JavaFX Application Thread] CPU cores: 4
02 Mar 2016, 13:26:28.566 [  FINER] [         FXGL.Logger] [JavaFX Application Thread] Free Memory: 107MB
02 Mar 2016, 13:26:28.566 [  FINER] [         FXGL.Logger] [JavaFX Application Thread] Max Memory: 1755MB
02 Mar 2016, 13:26:28.567 [  FINER] [         FXGL.Logger] [JavaFX Application Thread] Total Memory: 119MB
02 Mar 2016, 13:26:28.567 [  FINER] [         FXGL.Logger] [JavaFX Application Thread] System Properties:
02 Mar 2016, 13:26:28.570 [  FINER] [         FXGL.Logger] [JavaFX Application Thread] sun.cpu.isalist=amd64
02 Mar 2016, 13:26:28.570 [  FINER] [         FXGL.Logger] [JavaFX Application Thread] sun.desktop=windows
02 Mar 2016, 13:26:28.570 [  FINER] [         FXGL.Logger] [JavaFX Application Thread] sun.io.unicode.encoding=UnicodeLittle
02 Mar 2016, 13:26:28.571 [  FINER] [         FXGL.Logger] [JavaFX Application Thread] sun.cpu.endian=little
02 Mar 2016, 13:26:28.571 [  FINER] [         FXGL.Logger] [JavaFX Application Thread] java.vendor.url.bug=http://bugreport.sun.com/bugreport/
02 Mar 2016, 13:26:28.571 [  FINER] [         FXGL.Logger] [JavaFX Application Thread] file.separator=\
02 Mar 2016, 13:26:28.572 [  FINER] [         FXGL.Logger] [JavaFX Application Thread] java.vendor=Oracle Corporation
02 Mar 2016, 13:26:28.572 [  FINER] [         FXGL.Logger] [JavaFX Application Thread] sun.boot.class.path=C:\Program Files\Java\jre1.8.0_73\lib\resources.jar;C:\Program Files\Java\jre1.8.0_73\lib\rt.jar;C:\Program Files\Java\jre1.8.0_73\lib\sunrsasign.jar;C:\Program Files\Java\jre1.8.0_73\lib\jsse.jar;C:\Program Files\Java\jre1.8.0_73\lib\jce.jar;C:\Program Files\Java\jre1.8.0_73\lib\charsets.jar;C:\Program Files\Java\jre1.8.0_73\lib\jfr.jar;C:\Program Files\Java\jre1.8.0_73\classes
02 Mar 2016, 13:26:28.572 [  FINER] [         FXGL.Logger] [JavaFX Application Thread] java.ext.dirs=C:\Program Files\Java\jre1.8.0_73\lib\ext;C:\Windows\Sun\Java\lib\ext
02 Mar 2016, 13:26:28.573 [  FINER] [         FXGL.Logger] [JavaFX Application Thread] java.version=1.8.0_73
02 Mar 2016, 13:26:28.573 [  FINER] [         FXGL.Logger] [JavaFX Application Thread] java.vm.info=mixed mode
02 Mar 2016, 13:26:28.573 [  FINER] [         FXGL.Logger] [JavaFX Application Thread] awt.toolkit=sun.awt.windows.WToolkit
02 Mar 2016, 13:26:28.574 [  FINER] [         FXGL.Logger] [JavaFX Application Thread] user.language=en
02 Mar 2016, 13:26:28.574 [  FINER] [         FXGL.Logger] [JavaFX Application Thread] java.specification.vendor=Oracle Corporation
02 Mar 2016, 13:26:28.574 [  FINER] [         FXGL.Logger] [JavaFX Application Thread] sun.java.command=com.chromalife.SpaceInvaders.SpaceInvadersApp
02 Mar 2016, 13:26:28.575 [  FINER] [         FXGL.Logger] [JavaFX Application Thread] java.home=C:\Program Files\Java\jre1.8.0_73
02 Mar 2016, 13:26:28.575 [  FINER] [         FXGL.Logger] [JavaFX Application Thread] sun.arch.data.model=64
02 Mar 2016, 13:26:28.575 [  FINER] [         FXGL.Logger] [JavaFX Application Thread] java.vm.specification.version=1.8
02 Mar 2016, 13:26:28.576 [  FINER] [         FXGL.Logger] [JavaFX Application Thread] java.class.path=D:\SpaceInvaders\target\classes;C:\Users\Anwar Saleeby\.m2\repository\com\github\AlmasB\FXGL\0.2.1-0.2.0-gba5970d-32\FXGL-0.2.1-0.2.0-gba5970d-32.jar;C:\Users\Anwar Saleeby\.m2\repository\com\google\inject\guice\4.0\guice-4.0.jar;C:\Users\Anwar Saleeby\.m2\repository\javax\inject\javax.inject\1\javax.inject-1.jar;C:\Users\Anwar Saleeby\.m2\repository\aopalliance\aopalliance\1.0\aopalliance-1.0.jar;C:\Users\Anwar Saleeby\.m2\repository\com\google\guava\guava\16.0.1\guava-16.0.1.jar;C:\Users\Anwar Saleeby\.m2\repository\org\jfxtras\jfxtras-window\8.0-r4\jfxtras-window-8.0-r4.jar;C:\Users\Anwar Saleeby\.m2\repository\org\jfxtras\jfxtras-common\8.0-r4\jfxtras-common-8.0-r4.jar;C:\Users\Anwar Saleeby\.m2\repository\com\github\AlmasB\FXEventBus\1.0\FXEventBus-1.0.jar;C:\Users\Anwar Saleeby\.m2\repository\com\github\AlmasB\Ents\1.0\Ents-1.0.jar;C:\Users\Anwar Saleeby\.m2\repository\org\apache\logging\log4j\log4j-api\2.5\log4j-api-2.5.jar;C:\Users\Anwar Saleeby\.m2\repository\org\apache\logging\log4j\log4j-core\2.5\log4j-core-2.5.jar;C:\Users\Anwar Saleeby\.m2\repository\com\github\AlmasB\AStar\1.0\AStar-1.0.jar
02 Mar 2016, 13:26:28.576 [  FINER] [         FXGL.Logger] [JavaFX Application Thread] user.name=Anwar Saleeby
02 Mar 2016, 13:26:28.576 [  FINER] [         FXGL.Logger] [JavaFX Application Thread] file.encoding=Cp1252
02 Mar 2016, 13:26:28.577 [  FINER] [         FXGL.Logger] [JavaFX Application Thread] java.specification.version=1.8
02 Mar 2016, 13:26:28.577 [  FINER] [         FXGL.Logger] [JavaFX Application Thread] java.awt.printerjob=sun.awt.windows.WPrinterJob
02 Mar 2016, 13:26:28.577 [  FINER] [         FXGL.Logger] [JavaFX Application Thread] user.timezone=America/New_York
02 Mar 2016, 13:26:28.578 [  FINER] [         FXGL.Logger] [JavaFX Application Thread] user.home=C:\Users\Anwar Saleeby
02 Mar 2016, 13:26:28.578 [  FINER] [         FXGL.Logger] [JavaFX Application Thread] os.version=10.0
02 Mar 2016, 13:26:28.578 [  FINER] [         FXGL.Logger] [JavaFX Application Thread] sun.management.compiler=HotSpot 64-Bit Tiered Compilers
02 Mar 2016, 13:26:28.578 [  FINER] [         FXGL.Logger] [JavaFX Application Thread] java.specification.name=Java Platform API Specification
02 Mar 2016, 13:26:28.579 [  FINER] [         FXGL.Logger] [JavaFX Application Thread] java.class.version=52.0
02 Mar 2016, 13:26:28.580 [  FINER] [         FXGL.Logger] [JavaFX Application Thread] java.library.path=C:\Program Files\Java\jre1.8.0_73\bin;C:\Windows\Sun\Java\bin;C:\Windows\system32;C:\Windows;C:/Program Files/Java/jre1.8.0_73/bin/server;C:/Program Files/Java/jre1.8.0_73/bin;C:/Program Files/Java/jre1.8.0_73/lib/amd64;C:\oraclexe\app\oracle\product\11.2.0\server\bin;C:\ProgramData\Oracle\Java\javapath;C:\Windows\system32;C:\Windows;C:\Windows\System32\Wbem;C:\Windows\System32\WindowsPowerShell\v1.0\;C:\Program Files\nodejs\;C:\Program Files\Git\cmd;C:\Users\Anwar Saleeby\AppData\Local\Programs\Python\Python35\Scripts\;C:\Users\Anwar Saleeby\AppData\Local\Programs\Python\Python35\;C:\Users\Anwar Saleeby\AppData\Roaming\npm;C:\Program Files\MongoDB\Server\3.2\bin;C:\Program Files\Git;C:\Program Files\eclipse;;.
02 Mar 2016, 13:26:28.581 [  FINER] [         FXGL.Logger] [JavaFX Application Thread] sun.jnu.encoding=Cp1252
02 Mar 2016, 13:26:28.581 [  FINER] [         FXGL.Logger] [JavaFX Application Thread] os.name=Windows 10
02 Mar 2016, 13:26:28.581 [  FINER] [         FXGL.Logger] [JavaFX Application Thread] user.variant=
02 Mar 2016, 13:26:28.582 [  FINER] [         FXGL.Logger] [JavaFX Application Thread] java.vm.specification.vendor=Oracle Corporation
02 Mar 2016, 13:26:28.582 [  FINER] [         FXGL.Logger] [JavaFX Application Thread] java.io.tmpdir=C:\Users\ANWARS~1\AppData\Local\Temp\
02 Mar 2016, 13:26:28.582 [  FINER] [         FXGL.Logger] [JavaFX Application Thread] line.separator=

02 Mar 2016, 13:26:28.583 [  FINER] [         FXGL.Logger] [JavaFX Application Thread] java.endorsed.dirs=C:\Program Files\Java\jre1.8.0_73\lib\endorsed
02 Mar 2016, 13:26:28.583 [  FINER] [         FXGL.Logger] [JavaFX Application Thread] os.arch=amd64
02 Mar 2016, 13:26:28.583 [  FINER] [         FXGL.Logger] [JavaFX Application Thread] javafx.runtime.version=8.0.71-b15
02 Mar 2016, 13:26:28.584 [  FINER] [         FXGL.Logger] [JavaFX Application Thread] java.awt.graphicsenv=sun.awt.Win32GraphicsEnvironment
02 Mar 2016, 13:26:28.584 [  FINER] [         FXGL.Logger] [JavaFX Application Thread] java.runtime.version=1.8.0_73-b02
02 Mar 2016, 13:26:28.584 [  FINER] [         FXGL.Logger] [JavaFX Application Thread] java.vm.specification.name=Java Virtual Machine Specification
02 Mar 2016, 13:26:28.584 [  FINER] [         FXGL.Logger] [JavaFX Application Thread] user.dir=D:\SpaceInvaders
02 Mar 2016, 13:26:28.585 [  FINER] [         FXGL.Logger] [JavaFX Application Thread] user.country=US
02 Mar 2016, 13:26:28.585 [  FINER] [         FXGL.Logger] [JavaFX Application Thread] user.script=
02 Mar 2016, 13:26:28.585 [  FINER] [         FXGL.Logger] [JavaFX Application Thread] sun.java.launcher=SUN_STANDARD
02 Mar 2016, 13:26:28.586 [  FINER] [         FXGL.Logger] [JavaFX Application Thread] sun.os.patch.level=
02 Mar 2016, 13:26:28.586 [  FINER] [         FXGL.Logger] [JavaFX Application Thread] java.vm.name=Java HotSpot(TM) 64-Bit Server VM
02 Mar 2016, 13:26:28.586 [  FINER] [         FXGL.Logger] [JavaFX Application Thread] file.encoding.pkg=sun.io
02 Mar 2016, 13:26:28.587 [  FINER] [         FXGL.Logger] [JavaFX Application Thread] path.separator=;
02 Mar 2016, 13:26:28.587 [  FINER] [         FXGL.Logger] [JavaFX Application Thread] java.vm.vendor=Oracle Corporation
02 Mar 2016, 13:26:28.587 [  FINER] [         FXGL.Logger] [JavaFX Application Thread] java.vendor.url=http://java.oracle.com/
02 Mar 2016, 13:26:28.587 [  FINER] [         FXGL.Logger] [JavaFX Application Thread] sun.boot.library.path=C:\Program Files\Java\jre1.8.0_73\bin
02 Mar 2016, 13:26:28.588 [  FINER] [         FXGL.Logger] [JavaFX Application Thread] java.vm.version=25.73-b02
02 Mar 2016, 13:26:28.588 [  FINER] [         FXGL.Logger] [JavaFX Application Thread] java.runtime.name=Java(TM) SE Runtime Environment
02 Mar 2016, 13:26:28.588 [  FINER] [         FXGL.Logger] [JavaFX Application Thread] javafx.version=8.0.71
02 Mar 2016, 13:26:28.595 [   INFO] [        FXGL.Version] [JavaFX Application Thread] FXGL-0.2.1-SNAPSHOT
02 Mar 2016, 13:26:28.596 [   INFO] [        FXGL.Version] [JavaFX Application Thread] Source code and latest builds at: https://github.com/AlmasB/FXGL
02 Mar 2016, 13:26:28.602 [  FINER] [    FXGL.Application] [JavaFX Application Thread] Game_clinit()
02 Mar 2016, 13:26:28.610 [  FINER] [    FXGL.Application] [JavaFX-Launcher] FXGL_init()
02 Mar 2016, 13:26:28.640 [  FINER] [    FXGL.Application] [JavaFX Application Thread] FXGL_start()
02 Mar 2016, 13:26:28.640 [  FINER] [    FXGL.Application] [JavaFX Application Thread] Initializing system properties
02 Mar 2016, 13:26:28.644 [  FINER] [    FXGL.Application] [JavaFX Application Thread] sound.notification = system/notification.wav
02 Mar 2016, 13:26:28.644 [  FINER] [    FXGL.Application] [JavaFX Application Thread] asset.cache.size = 35
02 Mar 2016, 13:26:28.644 [  FINER] [    FXGL.Application] [JavaFX Application Thread] ui.font = Copperplate_Gothic_Light_Regular.ttf
02 Mar 2016, 13:26:28.645 [  FINER] [    FXGL.Application] [JavaFX Application Thread] sound.menu.back = menu/back.wav
02 Mar 2016, 13:26:28.645 [  FINER] [    FXGL.Application] [JavaFX Application Thread] sound.menu.select = menu/select.wav
02 Mar 2016, 13:26:28.645 [  FINER] [    FXGL.Application] [JavaFX Application Thread] physics.ppm = 50
02 Mar 2016, 13:26:28.646 [  FINER] [    FXGL.Application] [JavaFX Application Thread] ui.css = fxgl.css
02 Mar 2016, 13:26:28.646 [  FINER] [    FXGL.Application] [JavaFX Application Thread] ui.icon.name = fxgl_icon.png
02 Mar 2016, 13:26:28.646 [  FINER] [    FXGL.Application] [JavaFX Application Thread] sound.menu.press = menu/press.wav
02 Mar 2016, 13:26:28.646 [  FINER] [    FXGL.Application] [JavaFX Application Thread] Initializing user properties
02 Mar 2016, 13:26:28.647 [   INFO] [    FXGL.Application] [JavaFX Application Thread] User properties not found. Using system
02 Mar 2016, 13:26:28.662 [   INFO] [         FXGL.Logger] [JavaFX Application Thread] Logger level set to: CONFIG
02 Mar 2016, 13:26:28.664 [   INFO] [    FXGL.Application] [JavaFX Application Thread] Application Mode: DEVELOPER
02 Mar 2016, 13:26:29.274 [  FINER] [    FXGL.Application] [JavaFX Application Thread] Services configuration complete
02 Mar 2016, 13:26:29.286 [  FINER] [       FXGL.EventBus] [JavaFX Application Thread] Service [EventBus] initialized
02 Mar 2016, 13:26:29.289 [  FINER] [    FXGL.AssetLoader] [JavaFX Application Thread] Service [AssetLoader] initialized
02 Mar 2016, 13:26:29.291 [  FINER] [    FXGL.AssetLoader] [JavaFX Application Thread] Loading from disk: /assets/sounds/system/notification.wav
02 Mar 2016, 13:26:29.348 [  FINER] [    FXGL.AssetLoader] [JavaFX Application Thread] Loading from disk: /assets/sounds/menu/select.wav
02 Mar 2016, 13:26:29.351 [  FINER] [    FXGL.AssetLoader] [JavaFX Application Thread] Loading from disk: /assets/sounds/menu/back.wav
02 Mar 2016, 13:26:29.354 [  FINER] [    FXGL.AssetLoader] [JavaFX Application Thread] Loading from disk: /assets/sounds/menu/press.wav
02 Mar 2016, 13:26:29.358 [  FINER] [    FXGL.AssetLoader] [JavaFX Application Thread] Loading from disk: /assets/ui/fonts/Copperplate_Gothic_Light_Regular.ttf
02 Mar 2016, 13:26:29.451 [  FINER] [    FXGL.AssetLoader] [JavaFX Application Thread] Loading from disk: /assets/ui/css/fxgl.css
02 Mar 2016, 13:26:29.451 [  FINER] [    FXGL.AssetLoader] [JavaFX Application Thread] Loading from disk: /assets/ui/icons/fxgl_icon.png
02 Mar 2016, 13:26:29.504 [  FINER] [    FXGL.AssetLoader] [JavaFX Application Thread] Loading from disk: /assets/ui/css/fxgl_dark.css
02 Mar 2016, 13:26:29.622 [  FINER] [        FXGL.Display] [JavaFX Application Thread] Target size: 480.0x800.0@1.0
02 Mar 2016, 13:26:29.622 [  FINER] [        FXGL.Display] [JavaFX Application Thread] New size:    480.0x800.0@1.0
02 Mar 2016, 13:26:29.624 [  FINER] [        FXGL.Display] [JavaFX Application Thread] Service [Display] initialized
02 Mar 2016, 13:26:29.624 [  FINER] [        FXGL.Display] [JavaFX Application Thread] Using CSS: CSS[jar:file:/C:/Users/Anwar%20Saleeby/.m2/repository/com/github/AlmasB/FXGL/0.2.1-0.2.0-gba5970d-32/FXGL-0.2.1-0.2.0-gba5970d-32.jar!/assets/ui/css/fxgl_dark.css]
02 Mar 2016, 13:26:29.630 [  FINER] [          FXGL.Input] [JavaFX Application Thread] Service [Input] initialized
02 Mar 2016, 13:26:29.634 [  FINER] [    FXGL.AudioPlayer] [JavaFX Application Thread] Service [AudioPlayer] initialized
02 Mar 2016, 13:26:29.642 [  FINER] [    FXGL.MasterTimer] [JavaFX Application Thread] Service [MasterTimer] initialized
02 Mar 2016, 13:26:29.664 [  FINER] [      FXGL.GameScene] [JavaFX Application Thread] Game scene initialized
02 Mar 2016, 13:26:29.666 [  FINER] [FXGL.NotificationSer] [JavaFX Application Thread] Service [NotificationService] initialized
02 Mar 2016, 13:26:29.970 [  FINER] [      FXGL.GameWorld] [JavaFX Application Thread] Game world initialized
02 Mar 2016, 13:26:30.100 [  FINER] [   FXGL.PhysicsWorld] [JavaFX Application Thread] Physics world initialized
02 Mar 2016, 13:26:30.125 [  FINER] [    FXGL.Application] [JavaFX Application Thread] Game_start()
02 Mar 2016, 13:26:30.131 [  FINER] [    FXGL.Application] [JavaFX Application Thread] Saving data to profile
02 Mar 2016, 13:26:30.134 [  FINER] [    FXGL.UserProfile] [JavaFX Application Thread] Logging bundle: game
02 Mar 2016, 13:26:30.137 [  FINER] [    FXGL.UserProfile] [JavaFX Application Thread] game.playtime=1524168982
02 Mar 2016, 13:26:30.138 [  FINER] [       FXGL.EventBus] [JavaFX Application Thread] Firing event: SaveEvent
02 Mar 2016, 13:26:30.140 [  FINER] [        FXGL.Display] [JavaFX Application Thread] Saving data to profile
02 Mar 2016, 13:26:30.141 [  FINER] [    FXGL.UserProfile] [JavaFX Application Thread] Logging bundle: scene
02 Mar 2016, 13:26:30.141 [  FINER] [    FXGL.UserProfile] [JavaFX Application Thread] scene.sizeW=480.0
02 Mar 2016, 13:26:30.141 [  FINER] [    FXGL.UserProfile] [JavaFX Application Thread] scene.sizeH=800.0
02 Mar 2016, 13:26:30.141 [  FINER] [          FXGL.Input] [JavaFX Application Thread] Saving data to profile
02 Mar 2016, 13:26:30.142 [  FINER] [    FXGL.UserProfile] [JavaFX Application Thread] Logging bundle: input
02 Mar 2016, 13:26:30.142 [  FINER] [    FXGL.AudioPlayer] [JavaFX Application Thread] Saving data to profile
02 Mar 2016, 13:26:30.142 [  FINER] [    FXGL.UserProfile] [JavaFX Application Thread] Logging bundle: audio
02 Mar 2016, 13:26:30.142 [  FINER] [    FXGL.UserProfile] [JavaFX Application Thread] audio.musicVolume=0.5
02 Mar 2016, 13:26:30.143 [  FINER] [    FXGL.UserProfile] [JavaFX Application Thread] audio.soundVolume=0.5
02 Mar 2016, 13:26:30.143 [  FINER] [FXGL.AchievementMana] [JavaFX Application Thread] Saving data to profile
02 Mar 2016, 13:26:30.144 [  FINER] [    FXGL.UserProfile] [JavaFX Application Thread] Logging bundle: achievement
02 Mar 2016, 13:26:30.147 [  FINER] [    FXGL.Application] [JavaFX Application Thread] Starting new game
02 Mar 2016, 13:26:30.150 [  FINER] [    FXGL.Application] [JavaFX Application Thread] Initializing App
02 Mar 2016, 13:26:30.150 [  FINER] [    FXGL.Application] [JavaFX Application Thread] Pausing main loop
02 Mar 2016, 13:26:30.151 [  FINER] [       FXGL.EventBus] [JavaFX Application Thread] Firing event: FXGLEvent[type=PAUSE]
02 Mar 2016, 13:26:30.151 [  FINER] [          FXGL.Input] [JavaFX Application Thread] Clearing active input actions
02 Mar 2016, 13:26:30.151 [  FINER] [    FXGL.MasterTimer] [JavaFX Application Thread] Stopping master timer
02 Mar 2016, 13:26:30.151 [  FINER] [    FXGL.Application] [JavaFX Application Thread] State: STARTUP -> PAUSED
02 Mar 2016, 13:26:30.152 [  FINER] [    FXGL.Application] [JavaFX Application Thread] Resetting FXGL application
02 Mar 2016, 13:26:30.153 [  FINER] [       FXGL.EventBus] [JavaFX Application Thread] Firing event: FXGLEvent[type=RESET]
02 Mar 2016, 13:26:30.153 [  FINER] [          FXGL.Input] [JavaFX Application Thread] Clearing active input actions
02 Mar 2016, 13:26:30.153 [  FINER] [    FXGL.MasterTimer] [JavaFX Application Thread] Resetting ticks to 0
02 Mar 2016, 13:26:30.153 [  FINER] [    FXGL.MasterTimer] [JavaFX Application Thread] Clearing all scheduled actions
02 Mar 2016, 13:26:30.153 [  FINER] [      FXGL.GameScene] [JavaFX Application Thread] Resetting game scene
02 Mar 2016, 13:26:30.154 [  FINER] [      FXGL.GameWorld] [JavaFX Application Thread] Resetting game world
02 Mar 2016, 13:26:30.156 [  FINER] [    FXGL.Application] [JavaFX Application Thread] State: PAUSED -> LOADING
02 Mar 2016, 13:26:30.208 [  FINER] [    FXGL.Application] [JavaFX Application Thread] Starting FXGL Init Thread
02 Mar 2016, 13:26:30.212 [  FINER] [    FXGL.Application] [FXGL Init Thread] Initializing Assets
02 Mar 2016, 13:26:30.214 [  FINER] [    FXGL.AssetLoader] [FXGL Init Thread] Loading from disk: /assets/textures/spaceship.png
02 Mar 2016, 13:26:30.222 [  FINER] [    FXGL.AssetLoader] [FXGL Init Thread] Loading from disk: /assets/textures/enemy.png
02 Mar 2016, 13:26:30.225 [  FINER] [    FXGL.Application] [FXGL Init Thread] Initializing Game
02 Mar 2016, 13:26:30.248 [  FINER] [    FXGL.AssetLoader] [FXGL Init Thread] Loading from cache: /assets/textures/enemy.png
02 Mar 2016, 13:26:30.250 [  FINER] [    FXGL.AssetLoader] [FXGL Init Thread] Loading from cache: /assets/textures/enemy.png
02 Mar 2016, 13:26:30.250 [  FINER] [    FXGL.AssetLoader] [FXGL Init Thread] Loading from cache: /assets/textures/enemy.png
02 Mar 2016, 13:26:30.252 [  FINER] [    FXGL.AssetLoader] [FXGL Init Thread] Loading from cache: /assets/textures/enemy.png
02 Mar 2016, 13:26:30.253 [  FINER] [    FXGL.AssetLoader] [FXGL Init Thread] Loading from cache: /assets/textures/enemy.png
02 Mar 2016, 13:26:30.254 [  FINER] [    FXGL.AssetLoader] [FXGL Init Thread] Loading from cache: /assets/textures/enemy.png
02 Mar 2016, 13:26:30.255 [  FINER] [    FXGL.AssetLoader] [FXGL Init Thread] Loading from cache: /assets/textures/enemy.png
02 Mar 2016, 13:26:30.256 [  FINER] [    FXGL.AssetLoader] [FXGL Init Thread] Loading from cache: /assets/textures/enemy.png
02 Mar 2016, 13:26:30.257 [  FINER] [    FXGL.AssetLoader] [FXGL Init Thread] Loading from cache: /assets/textures/enemy.png
02 Mar 2016, 13:26:30.258 [  FINER] [    FXGL.AssetLoader] [FXGL Init Thread] Loading from cache: /assets/textures/enemy.png
02 Mar 2016, 13:26:30.259 [  FINER] [    FXGL.AssetLoader] [FXGL Init Thread] Loading from cache: /assets/textures/enemy.png
02 Mar 2016, 13:26:30.259 [  FINER] [    FXGL.AssetLoader] [FXGL Init Thread] Loading from cache: /assets/textures/enemy.png
02 Mar 2016, 13:26:30.260 [  FINER] [    FXGL.AssetLoader] [FXGL Init Thread] Loading from cache: /assets/textures/enemy.png
02 Mar 2016, 13:26:30.262 [  FINER] [    FXGL.AssetLoader] [FXGL Init Thread] Loading from cache: /assets/textures/enemy.png
02 Mar 2016, 13:26:30.263 [  FINER] [    FXGL.AssetLoader] [FXGL Init Thread] Loading from cache: /assets/textures/enemy.png
02 Mar 2016, 13:26:30.264 [  FINER] [    FXGL.AssetLoader] [FXGL Init Thread] Loading from cache: /assets/textures/enemy.png
02 Mar 2016, 13:26:30.265 [  FINER] [    FXGL.AssetLoader] [FXGL Init Thread] Loading from cache: /assets/textures/enemy.png
02 Mar 2016, 13:26:30.265 [  FINER] [    FXGL.AssetLoader] [FXGL Init Thread] Loading from cache: /assets/textures/enemy.png
02 Mar 2016, 13:26:30.266 [  FINER] [    FXGL.AssetLoader] [FXGL Init Thread] Loading from cache: /assets/textures/enemy.png
02 Mar 2016, 13:26:30.272 [  FINER] [    FXGL.AssetLoader] [FXGL Init Thread] Loading from cache: /assets/textures/enemy.png
02 Mar 2016, 13:26:30.273 [  FINER] [    FXGL.AssetLoader] [FXGL Init Thread] Loading from cache: /assets/textures/enemy.png
02 Mar 2016, 13:26:30.274 [  FINER] [    FXGL.AssetLoader] [FXGL Init Thread] Loading from cache: /assets/textures/enemy.png
02 Mar 2016, 13:26:30.274 [  FINER] [    FXGL.AssetLoader] [FXGL Init Thread] Loading from cache: /assets/textures/enemy.png
02 Mar 2016, 13:26:30.275 [  FINER] [    FXGL.AssetLoader] [FXGL Init Thread] Loading from cache: /assets/textures/enemy.png
02 Mar 2016, 13:26:30.276 [  FINER] [    FXGL.AssetLoader] [FXGL Init Thread] Loading from cache: /assets/textures/enemy.png
02 Mar 2016, 13:26:30.277 [  FINER] [    FXGL.AssetLoader] [FXGL Init Thread] Loading from cache: /assets/textures/enemy.png
02 Mar 2016, 13:26:30.277 [  FINER] [    FXGL.AssetLoader] [FXGL Init Thread] Loading from cache: /assets/textures/enemy.png
02 Mar 2016, 13:26:30.279 [  FINER] [    FXGL.AssetLoader] [FXGL Init Thread] Loading from cache: /assets/textures/enemy.png
02 Mar 2016, 13:26:30.279 [  FINER] [    FXGL.AssetLoader] [FXGL Init Thread] Loading from cache: /assets/textures/enemy.png
02 Mar 2016, 13:26:30.280 [  FINER] [    FXGL.AssetLoader] [FXGL Init Thread] Loading from cache: /assets/textures/enemy.png
02 Mar 2016, 13:26:30.281 [  FINER] [    FXGL.AssetLoader] [FXGL Init Thread] Loading from cache: /assets/textures/enemy.png
02 Mar 2016, 13:26:30.282 [  FINER] [    FXGL.AssetLoader] [FXGL Init Thread] Loading from cache: /assets/textures/enemy.png
02 Mar 2016, 13:26:30.282 [  FINER] [    FXGL.AssetLoader] [FXGL Init Thread] Loading from cache: /assets/textures/enemy.png
02 Mar 2016, 13:26:30.283 [  FINER] [    FXGL.AssetLoader] [FXGL Init Thread] Loading from cache: /assets/textures/enemy.png
02 Mar 2016, 13:26:30.284 [  FINER] [    FXGL.AssetLoader] [FXGL Init Thread] Loading from cache: /assets/textures/enemy.png
02 Mar 2016, 13:26:30.284 [  FINER] [    FXGL.AssetLoader] [FXGL Init Thread] Loading from cache: /assets/textures/enemy.png
02 Mar 2016, 13:26:30.288 [  FINER] [    FXGL.AssetLoader] [FXGL Init Thread] Loading from cache: /assets/textures/enemy.png
02 Mar 2016, 13:26:30.290 [  FINER] [    FXGL.AssetLoader] [FXGL Init Thread] Loading from cache: /assets/textures/enemy.png
02 Mar 2016, 13:26:30.292 [  FINER] [    FXGL.AssetLoader] [FXGL Init Thread] Loading from cache: /assets/textures/enemy.png
02 Mar 2016, 13:26:30.293 [  FINER] [    FXGL.AssetLoader] [FXGL Init Thread] Loading from cache: /assets/textures/enemy.png
02 Mar 2016, 13:26:30.293 [  FINER] [    FXGL.AssetLoader] [FXGL Init Thread] Loading from cache: /assets/textures/enemy.png
02 Mar 2016, 13:26:30.294 [  FINER] [    FXGL.AssetLoader] [FXGL Init Thread] Loading from cache: /assets/textures/enemy.png
02 Mar 2016, 13:26:30.295 [  FINER] [    FXGL.AssetLoader] [FXGL Init Thread] Loading from cache: /assets/textures/enemy.png
02 Mar 2016, 13:26:30.296 [  FINER] [    FXGL.AssetLoader] [FXGL Init Thread] Loading from cache: /assets/textures/enemy.png
02 Mar 2016, 13:26:30.296 [  FINER] [    FXGL.AssetLoader] [FXGL Init Thread] Loading from cache: /assets/textures/enemy.png
02 Mar 2016, 13:26:30.297 [  FINER] [    FXGL.AssetLoader] [FXGL Init Thread] Loading from cache: /assets/textures/enemy.png
02 Mar 2016, 13:26:30.298 [  FINER] [    FXGL.AssetLoader] [FXGL Init Thread] Loading from cache: /assets/textures/enemy.png
02 Mar 2016, 13:26:30.299 [  FINER] [    FXGL.AssetLoader] [FXGL Init Thread] Loading from cache: /assets/textures/enemy.png
02 Mar 2016, 13:26:30.299 [  FINER] [    FXGL.AssetLoader] [FXGL Init Thread] Loading from cache: /assets/textures/enemy.png
02 Mar 2016, 13:26:30.300 [  FINER] [    FXGL.AssetLoader] [FXGL Init Thread] Loading from cache: /assets/textures/enemy.png
02 Mar 2016, 13:26:30.301 [  FINER] [    FXGL.Application] [FXGL Init Thread] Initializing Physics
02 Mar 2016, 13:26:30.301 [  FINER] [    FXGL.Application] [FXGL Init Thread] Initializing UI
02 Mar 2016, 13:26:30.307 [  FINER] [    FXGL.Application] [FXGL Init Thread] Initialization Complete
02 Mar 2016, 13:26:30.492 [  FINER] [    FXGL.Application] [JavaFX Application Thread] Showing stage
02 Mar 2016, 13:26:30.493 [  FINER] [    FXGL.Application] [JavaFX Application Thread] Root size: 480.0x800.0
02 Mar 2016, 13:26:30.493 [  FINER] [    FXGL.Application] [JavaFX Application Thread] Scene size: 480.0x800.0
02 Mar 2016, 13:26:30.493 [  FINER] [    FXGL.Application] [JavaFX Application Thread] Stage size: 486.0x829.0
02 Mar 2016, 13:26:30.515 [  FINER] [       FXGL.EventBus] [JavaFX Application Thread] Firing event: FXGLEvent[type=INIT_APP_COMPLETE]
02 Mar 2016, 13:26:30.516 [  FINER] [    FXGL.Application] [JavaFX Application Thread] Resuming main loop
02 Mar 2016, 13:26:30.516 [  FINER] [       FXGL.EventBus] [JavaFX Application Thread] Firing event: FXGLEvent[type=RESUME]
02 Mar 2016, 13:26:30.516 [  FINER] [          FXGL.Input] [JavaFX Application Thread] Clearing active input actions
02 Mar 2016, 13:26:30.516 [  FINER] [    FXGL.MasterTimer] [JavaFX Application Thread] Starting master timer
02 Mar 2016, 13:26:30.516 [  FINER] [    FXGL.Application] [JavaFX Application Thread] State: LOADING -> PLAYING
02 Mar 2016, 13:26:30.531 [  FINER] [       FXGL.EventBus] [JavaFX Application Thread] Firing event: WorldEvent[type=ENTITY_ADDED]
02 Mar 2016, 13:26:30.532 [  FINER] [      FXGL.GameScene] [JavaFX Application Thread] Entity added to scene
02 Mar 2016, 13:26:30.533 [  FINER] [      FXGL.GameScene] [JavaFX Application Thread] Added MainViewComponent
02 Mar 2016, 13:26:30.536 [  FINER] [      FXGL.GameScene] [JavaFX Application Thread] Creating render group for layer: TOP(2147483647)
02 Mar 2016, 13:26:30.543 [  FINER] [       FXGL.EventBus] [JavaFX Application Thread] Firing event: WorldEvent[type=ENTITY_ADDED]
02 Mar 2016, 13:26:30.543 [  FINER] [      FXGL.GameScene] [JavaFX Application Thread] Entity added to scene
02 Mar 2016, 13:26:30.543 [  FINER] [      FXGL.GameScene] [JavaFX Application Thread] Added MainViewComponent
02 Mar 2016, 13:26:30.545 [  FINER] [       FXGL.EventBus] [JavaFX Application Thread] Firing event: WorldEvent[type=ENTITY_ADDED]
02 Mar 2016, 13:26:30.546 [  FINER] [      FXGL.GameScene] [JavaFX Application Thread] Entity added to scene
02 Mar 2016, 13:26:30.546 [  FINER] [      FXGL.GameScene] [JavaFX Application Thread] Added MainViewComponent
02 Mar 2016, 13:26:30.547 [  FINER] [       FXGL.EventBus] [JavaFX Application Thread] Firing event: WorldEvent[type=ENTITY_ADDED]
02 Mar 2016, 13:26:30.547 [  FINER] [      FXGL.GameScene] [JavaFX Application Thread] Entity added to scene
02 Mar 2016, 13:26:30.548 [  FINER] [      FXGL.GameScene] [JavaFX Application Thread] Added MainViewComponent
02 Mar 2016, 13:26:30.548 [  FINER] [       FXGL.EventBus] [JavaFX Application Thread] Firing event: WorldEvent[type=ENTITY_ADDED]
02 Mar 2016, 13:26:30.549 [  FINER] [      FXGL.GameScene] [JavaFX Application Thread] Entity added to scene
02 Mar 2016, 13:26:30.549 [  FINER] [      FXGL.GameScene] [JavaFX Application Thread] Added MainViewComponent
02 Mar 2016, 13:26:30.550 [  FINER] [       FXGL.EventBus] [JavaFX Application Thread] Firing event: WorldEvent[type=ENTITY_ADDED]
02 Mar 2016, 13:26:30.550 [  FINER] [      FXGL.GameScene] [JavaFX Application Thread] Entity added to scene
02 Mar 2016, 13:26:30.550 [  FINER] [      FXGL.GameScene] [JavaFX Application Thread] Added MainViewComponent
02 Mar 2016, 13:26:30.551 [  FINER] [       FXGL.EventBus] [JavaFX Application Thread] Firing event: WorldEvent[type=ENTITY_ADDED]
02 Mar 2016, 13:26:30.551 [  FINER] [      FXGL.GameScene] [JavaFX Application Thread] Entity added to scene
02 Mar 2016, 13:26:30.551 [  FINER] [      FXGL.GameScene] [JavaFX Application Thread] Added MainViewComponent
02 Mar 2016, 13:26:30.552 [  FINER] [       FXGL.EventBus] [JavaFX Application Thread] Firing event: WorldEvent[type=ENTITY_ADDED]
02 Mar 2016, 13:26:30.552 [  FINER] [      FXGL.GameScene] [JavaFX Application Thread] Entity added to scene
02 Mar 2016, 13:26:30.553 [  FINER] [      FXGL.GameScene] [JavaFX Application Thread] Added MainViewComponent
02 Mar 2016, 13:26:30.553 [  FINER] [       FXGL.EventBus] [JavaFX Application Thread] Firing event: WorldEvent[type=ENTITY_ADDED]
02 Mar 2016, 13:26:30.554 [  FINER] [      FXGL.GameScene] [JavaFX Application Thread] Entity added to scene
02 Mar 2016, 13:26:30.554 [  FINER] [      FXGL.GameScene] [JavaFX Application Thread] Added MainViewComponent
02 Mar 2016, 13:26:30.555 [  FINER] [       FXGL.EventBus] [JavaFX Application Thread] Firing event: WorldEvent[type=ENTITY_ADDED]
02 Mar 2016, 13:26:30.555 [  FINER] [      FXGL.GameScene] [JavaFX Application Thread] Entity added to scene
02 Mar 2016, 13:26:30.555 [  FINER] [      FXGL.GameScene] [JavaFX Application Thread] Added MainViewComponent
02 Mar 2016, 13:26:30.556 [  FINER] [       FXGL.EventBus] [JavaFX Application Thread] Firing event: WorldEvent[type=ENTITY_ADDED]
02 Mar 2016, 13:26:30.556 [  FINER] [      FXGL.GameScene] [JavaFX Application Thread] Entity added to scene
02 Mar 2016, 13:26:30.556 [  FINER] [      FXGL.GameScene] [JavaFX Application Thread] Added MainViewComponent
02 Mar 2016, 13:26:30.557 [  FINER] [       FXGL.EventBus] [JavaFX Application Thread] Firing event: WorldEvent[type=ENTITY_ADDED]
02 Mar 2016, 13:26:30.557 [  FINER] [      FXGL.GameScene] [JavaFX Application Thread] Entity added to scene
02 Mar 2016, 13:26:30.557 [  FINER] [      FXGL.GameScene] [JavaFX Application Thread] Added MainViewComponent
02 Mar 2016, 13:26:30.558 [  FINER] [       FXGL.EventBus] [JavaFX Application Thread] Firing event: WorldEvent[type=ENTITY_ADDED]
02 Mar 2016, 13:26:30.558 [  FINER] [      FXGL.GameScene] [JavaFX Application Thread] Entity added to scene
02 Mar 2016, 13:26:30.559 [  FINER] [      FXGL.GameScene] [JavaFX Application Thread] Added MainViewComponent
02 Mar 2016, 13:26:30.559 [  FINER] [       FXGL.EventBus] [JavaFX Application Thread] Firing event: WorldEvent[type=ENTITY_ADDED]
02 Mar 2016, 13:26:30.560 [  FINER] [      FXGL.GameScene] [JavaFX Application Thread] Entity added to scene
02 Mar 2016, 13:26:30.560 [  FINER] [      FXGL.GameScene] [JavaFX Application Thread] Added MainViewComponent
02 Mar 2016, 13:26:30.561 [  FINER] [       FXGL.EventBus] [JavaFX Application Thread] Firing event: WorldEvent[type=ENTITY_ADDED]
02 Mar 2016, 13:26:30.561 [  FINER] [      FXGL.GameScene] [JavaFX Application Thread] Entity added to scene
02 Mar 2016, 13:26:30.561 [  FINER] [      FXGL.GameScene] [JavaFX Application Thread] Added MainViewComponent
02 Mar 2016, 13:26:30.562 [  FINER] [       FXGL.EventBus] [JavaFX Application Thread] Firing event: WorldEvent[type=ENTITY_ADDED]
02 Mar 2016, 13:26:30.562 [  FINER] [      FXGL.GameScene] [JavaFX Application Thread] Entity added to scene
02 Mar 2016, 13:26:30.562 [  FINER] [      FXGL.GameScene] [JavaFX Application Thread] Added MainViewComponent
02 Mar 2016, 13:26:30.563 [  FINER] [       FXGL.EventBus] [JavaFX Application Thread] Firing event: WorldEvent[type=ENTITY_ADDED]
02 Mar 2016, 13:26:30.563 [  FINER] [      FXGL.GameScene] [JavaFX Application Thread] Entity added to scene
02 Mar 2016, 13:26:30.564 [  FINER] [      FXGL.GameScene] [JavaFX Application Thread] Added MainViewComponent
02 Mar 2016, 13:26:30.565 [  FINER] [       FXGL.EventBus] [JavaFX Application Thread] Firing event: WorldEvent[type=ENTITY_ADDED]
02 Mar 2016, 13:26:30.566 [  FINER] [      FXGL.GameScene] [JavaFX Application Thread] Entity added to scene
02 Mar 2016, 13:26:30.566 [  FINER] [      FXGL.GameScene] [JavaFX Application Thread] Added MainViewComponent
02 Mar 2016, 13:26:30.567 [  FINER] [       FXGL.EventBus] [JavaFX Application Thread] Firing event: WorldEvent[type=ENTITY_ADDED]
02 Mar 2016, 13:26:30.568 [  FINER] [      FXGL.GameScene] [JavaFX Application Thread] Entity added to scene
02 Mar 2016, 13:26:30.568 [  FINER] [      FXGL.GameScene] [JavaFX Application Thread] Added MainViewComponent
02 Mar 2016, 13:26:30.568 [  FINER] [       FXGL.EventBus] [JavaFX Application Thread] Firing event: WorldEvent[type=ENTITY_ADDED]
02 Mar 2016, 13:26:30.569 [  FINER] [      FXGL.GameScene] [JavaFX Application Thread] Entity added to scene
02 Mar 2016, 13:26:30.569 [  FINER] [      FXGL.GameScene] [JavaFX Application Thread] Added MainViewComponent
02 Mar 2016, 13:26:30.570 [  FINER] [       FXGL.EventBus] [JavaFX Application Thread] Firing event: WorldEvent[type=ENTITY_ADDED]
02 Mar 2016, 13:26:30.570 [  FINER] [      FXGL.GameScene] [JavaFX Application Thread] Entity added to scene
02 Mar 2016, 13:26:30.570 [  FINER] [      FXGL.GameScene] [JavaFX Application Thread] Added MainViewComponent
02 Mar 2016, 13:26:30.571 [  FINER] [       FXGL.EventBus] [JavaFX Application Thread] Firing event: WorldEvent[type=ENTITY_ADDED]
02 Mar 2016, 13:26:30.571 [  FINER] [      FXGL.GameScene] [JavaFX Application Thread] Entity added to scene
02 Mar 2016, 13:26:30.571 [  FINER] [      FXGL.GameScene] [JavaFX Application Thread] Added MainViewComponent
02 Mar 2016, 13:26:30.572 [  FINER] [       FXGL.EventBus] [JavaFX Application Thread] Firing event: WorldEvent[type=ENTITY_ADDED]
02 Mar 2016, 13:26:30.573 [  FINER] [      FXGL.GameScene] [JavaFX Application Thread] Entity added to scene
02 Mar 2016, 13:26:30.573 [  FINER] [      FXGL.GameScene] [JavaFX Application Thread] Added MainViewComponent
02 Mar 2016, 13:26:30.574 [  FINER] [       FXGL.EventBus] [JavaFX Application Thread] Firing event: WorldEvent[type=ENTITY_ADDED]
02 Mar 2016, 13:26:30.574 [  FINER] [      FXGL.GameScene] [JavaFX Application Thread] Entity added to scene
02 Mar 2016, 13:26:30.574 [  FINER] [      FXGL.GameScene] [JavaFX Application Thread] Added MainViewComponent
02 Mar 2016, 13:26:30.575 [  FINER] [       FXGL.EventBus] [JavaFX Application Thread] Firing event: WorldEvent[type=ENTITY_ADDED]
02 Mar 2016, 13:26:30.575 [  FINER] [      FXGL.GameScene] [JavaFX Application Thread] Entity added to scene
02 Mar 2016, 13:26:30.575 [  FINER] [      FXGL.GameScene] [JavaFX Application Thread] Added MainViewComponent
02 Mar 2016, 13:26:30.576 [  FINER] [       FXGL.EventBus] [JavaFX Application Thread] Firing event: WorldEvent[type=ENTITY_ADDED]
02 Mar 2016, 13:26:30.576 [  FINER] [      FXGL.GameScene] [JavaFX Application Thread] Entity added to scene
02 Mar 2016, 13:26:30.576 [  FINER] [      FXGL.GameScene] [JavaFX Application Thread] Added MainViewComponent
02 Mar 2016, 13:26:30.577 [  FINER] [       FXGL.EventBus] [JavaFX Application Thread] Firing event: WorldEvent[type=ENTITY_ADDED]
02 Mar 2016, 13:26:30.577 [  FINER] [      FXGL.GameScene] [JavaFX Application Thread] Entity added to scene
02 Mar 2016, 13:26:30.577 [  FINER] [      FXGL.GameScene] [JavaFX Application Thread] Added MainViewComponent
02 Mar 2016, 13:26:30.578 [  FINER] [       FXGL.EventBus] [JavaFX Application Thread] Firing event: WorldEvent[type=ENTITY_ADDED]
02 Mar 2016, 13:26:30.578 [  FINER] [      FXGL.GameScene] [JavaFX Application Thread] Entity added to scene
02 Mar 2016, 13:26:30.579 [  FINER] [      FXGL.GameScene] [JavaFX Application Thread] Added MainViewComponent
02 Mar 2016, 13:26:30.579 [  FINER] [       FXGL.EventBus] [JavaFX Application Thread] Firing event: WorldEvent[type=ENTITY_ADDED]
02 Mar 2016, 13:26:30.579 [  FINER] [      FXGL.GameScene] [JavaFX Application Thread] Entity added to scene
02 Mar 2016, 13:26:30.580 [  FINER] [      FXGL.GameScene] [JavaFX Application Thread] Added MainViewComponent
02 Mar 2016, 13:26:30.580 [  FINER] [       FXGL.EventBus] [JavaFX Application Thread] Firing event: WorldEvent[type=ENTITY_ADDED]
02 Mar 2016, 13:26:30.581 [  FINER] [      FXGL.GameScene] [JavaFX Application Thread] Entity added to scene
02 Mar 2016, 13:26:30.581 [  FINER] [      FXGL.GameScene] [JavaFX Application Thread] Added MainViewComponent
02 Mar 2016, 13:26:30.582 [  FINER] [       FXGL.EventBus] [JavaFX Application Thread] Firing event: WorldEvent[type=ENTITY_ADDED]
02 Mar 2016, 13:26:30.582 [  FINER] [      FXGL.GameScene] [JavaFX Application Thread] Entity added to scene
02 Mar 2016, 13:26:30.582 [  FINER] [      FXGL.GameScene] [JavaFX Application Thread] Added MainViewComponent
02 Mar 2016, 13:26:30.583 [  FINER] [       FXGL.EventBus] [JavaFX Application Thread] Firing event: WorldEvent[type=ENTITY_ADDED]
02 Mar 2016, 13:26:30.585 [  FINER] [      FXGL.GameScene] [JavaFX Application Thread] Entity added to scene
02 Mar 2016, 13:26:30.586 [  FINER] [      FXGL.GameScene] [JavaFX Application Thread] Added MainViewComponent
02 Mar 2016, 13:26:30.587 [  FINER] [       FXGL.EventBus] [JavaFX Application Thread] Firing event: WorldEvent[type=ENTITY_ADDED]
02 Mar 2016, 13:26:30.587 [  FINER] [      FXGL.GameScene] [JavaFX Application Thread] Entity added to scene
02 Mar 2016, 13:26:30.587 [  FINER] [      FXGL.GameScene] [JavaFX Application Thread] Added MainViewComponent
02 Mar 2016, 13:26:30.588 [  FINER] [       FXGL.EventBus] [JavaFX Application Thread] Firing event: WorldEvent[type=ENTITY_ADDED]
02 Mar 2016, 13:26:30.588 [  FINER] [      FXGL.GameScene] [JavaFX Application Thread] Entity added to scene
02 Mar 2016, 13:26:30.589 [  FINER] [      FXGL.GameScene] [JavaFX Application Thread] Added MainViewComponent
02 Mar 2016, 13:26:30.589 [  FINER] [       FXGL.EventBus] [JavaFX Application Thread] Firing event: WorldEvent[type=ENTITY_ADDED]
02 Mar 2016, 13:26:30.590 [  FINER] [      FXGL.GameScene] [JavaFX Application Thread] Entity added to scene
02 Mar 2016, 13:26:30.590 [  FINER] [      FXGL.GameScene] [JavaFX Application Thread] Added MainViewComponent
02 Mar 2016, 13:26:30.590 [  FINER] [       FXGL.EventBus] [JavaFX Application Thread] Firing event: WorldEvent[type=ENTITY_ADDED]
02 Mar 2016, 13:26:30.591 [  FINER] [      FXGL.GameScene] [JavaFX Application Thread] Entity added to scene
02 Mar 2016, 13:26:30.591 [  FINER] [      FXGL.GameScene] [JavaFX Application Thread] Added MainViewComponent
02 Mar 2016, 13:26:30.591 [  FINER] [       FXGL.EventBus] [JavaFX Application Thread] Firing event: WorldEvent[type=ENTITY_ADDED]
02 Mar 2016, 13:26:30.592 [  FINER] [      FXGL.GameScene] [JavaFX Application Thread] Entity added to scene
02 Mar 2016, 13:26:30.592 [  FINER] [      FXGL.GameScene] [JavaFX Application Thread] Added MainViewComponent
02 Mar 2016, 13:26:30.593 [  FINER] [       FXGL.EventBus] [JavaFX Application Thread] Firing event: WorldEvent[type=ENTITY_ADDED]
02 Mar 2016, 13:26:30.593 [  FINER] [      FXGL.GameScene] [JavaFX Application Thread] Entity added to scene
02 Mar 2016, 13:26:30.593 [  FINER] [      FXGL.GameScene] [JavaFX Application Thread] Added MainViewComponent
02 Mar 2016, 13:26:30.594 [  FINER] [       FXGL.EventBus] [JavaFX Application Thread] Firing event: WorldEvent[type=ENTITY_ADDED]
02 Mar 2016, 13:26:30.594 [  FINER] [      FXGL.GameScene] [JavaFX Application Thread] Entity added to scene
02 Mar 2016, 13:26:30.594 [  FINER] [      FXGL.GameScene] [JavaFX Application Thread] Added MainViewComponent
02 Mar 2016, 13:26:30.595 [  FINER] [       FXGL.EventBus] [JavaFX Application Thread] Firing event: WorldEvent[type=ENTITY_ADDED]
02 Mar 2016, 13:26:30.595 [  FINER] [      FXGL.GameScene] [JavaFX Application Thread] Entity added to scene
02 Mar 2016, 13:26:30.595 [  FINER] [      FXGL.GameScene] [JavaFX Application Thread] Added MainViewComponent
02 Mar 2016, 13:26:30.596 [  FINER] [       FXGL.EventBus] [JavaFX Application Thread] Firing event: WorldEvent[type=ENTITY_ADDED]
02 Mar 2016, 13:26:30.596 [  FINER] [      FXGL.GameScene] [JavaFX Application Thread] Entity added to scene
02 Mar 2016, 13:26:30.596 [  FINER] [      FXGL.GameScene] [JavaFX Application Thread] Added MainViewComponent
02 Mar 2016, 13:26:30.597 [  FINER] [       FXGL.EventBus] [JavaFX Application Thread] Firing event: WorldEvent[type=ENTITY_ADDED]
02 Mar 2016, 13:26:30.597 [  FINER] [      FXGL.GameScene] [JavaFX Application Thread] Entity added to scene
02 Mar 2016, 13:26:30.598 [  FINER] [      FXGL.GameScene] [JavaFX Application Thread] Added MainViewComponent
02 Mar 2016, 13:26:30.598 [  FINER] [       FXGL.EventBus] [JavaFX Application Thread] Firing event: WorldEvent[type=ENTITY_ADDED]
02 Mar 2016, 13:26:30.599 [  FINER] [      FXGL.GameScene] [JavaFX Application Thread] Entity added to scene
02 Mar 2016, 13:26:30.599 [  FINER] [      FXGL.GameScene] [JavaFX Application Thread] Added MainViewComponent
02 Mar 2016, 13:26:30.599 [  FINER] [       FXGL.EventBus] [JavaFX Application Thread] Firing event: WorldEvent[type=ENTITY_ADDED]
02 Mar 2016, 13:26:30.600 [  FINER] [      FXGL.GameScene] [JavaFX Application Thread] Entity added to scene
02 Mar 2016, 13:26:30.600 [  FINER] [      FXGL.GameScene] [JavaFX Application Thread] Added MainViewComponent
02 Mar 2016, 13:26:30.600 [  FINER] [       FXGL.EventBus] [JavaFX Application Thread] Firing event: WorldEvent[type=ENTITY_ADDED]
02 Mar 2016, 13:26:30.600 [  FINER] [      FXGL.GameScene] [JavaFX Application Thread] Entity added to scene
02 Mar 2016, 13:26:30.601 [  FINER] [      FXGL.GameScene] [JavaFX Application Thread] Added MainViewComponent
02 Mar 2016, 13:26:30.601 [  FINER] [       FXGL.EventBus] [JavaFX Application Thread] Firing event: WorldEvent[type=ENTITY_ADDED]
02 Mar 2016, 13:26:30.601 [  FINER] [      FXGL.GameScene] [JavaFX Application Thread] Entity added to scene
02 Mar 2016, 13:26:30.602 [  FINER] [      FXGL.GameScene] [JavaFX Application Thread] Added MainViewComponent
02 Mar 2016, 13:26:30.602 [  FINER] [       FXGL.EventBus] [JavaFX Application Thread] Firing event: WorldEvent[type=ENTITY_ADDED]
02 Mar 2016, 13:26:30.603 [  FINER] [      FXGL.GameScene] [JavaFX Application Thread] Entity added to scene
02 Mar 2016, 13:26:30.603 [  FINER] [      FXGL.GameScene] [JavaFX Application Thread] Added MainViewComponent
02 Mar 2016, 13:26:30.603 [  FINER] [       FXGL.EventBus] [JavaFX Application Thread] Firing event: WorldEvent[type=ENTITY_ADDED]
02 Mar 2016, 13:26:30.604 [  FINER] [      FXGL.GameScene] [JavaFX Application Thread] Entity added to scene
02 Mar 2016, 13:26:30.604 [  FINER] [      FXGL.GameScene] [JavaFX Application Thread] Added MainViewComponent
02 Mar 2016, 13:26:30.605 [  FINER] [       FXGL.EventBus] [JavaFX Application Thread] Firing event: WorldEvent[type=ENTITY_ADDED]
02 Mar 2016, 13:26:30.606 [  FINER] [      FXGL.GameScene] [JavaFX Application Thread] Entity added to scene
02 Mar 2016, 13:26:30.606 [  FINER] [      FXGL.GameScene] [JavaFX Application Thread] Added MainViewComponent
02 Mar 2016, 13:26:30.607 [  FINER] [       FXGL.EventBus] [JavaFX Application Thread] Firing event: WorldEvent[type=ENTITY_ADDED]
02 Mar 2016, 13:26:30.607 [  FINER] [      FXGL.GameScene] [JavaFX Application Thread] Entity added to scene
02 Mar 2016, 13:26:30.607 [  FINER] [      FXGL.GameScene] [JavaFX Application Thread] Added MainViewComponent
02 Mar 2016, 13:26:30.608 [  FINER] [       FXGL.EventBus] [JavaFX Application Thread] Firing event: WorldEvent[type=ENTITY_ADDED]
02 Mar 2016, 13:26:30.608 [  FINER] [      FXGL.GameScene] [JavaFX Application Thread] Entity added to scene
02 Mar 2016, 13:26:30.609 [  FINER] [      FXGL.GameScene] [JavaFX Application Thread] Added MainViewComponent
02 Mar 2016, 13:26:30.609 [  FINER] [       FXGL.EventBus] [JavaFX Application Thread] Firing event: WorldEvent[type=ENTITY_ADDED]
02 Mar 2016, 13:26:30.609 [  FINER] [      FXGL.GameScene] [JavaFX Application Thread] Entity added to scene
02 Mar 2016, 13:26:30.610 [  FINER] [      FXGL.GameScene] [JavaFX Application Thread] Added MainViewComponent
02 Mar 2016, 13:26:32.493 [  FINER] [       FXGL.EventBus] [JavaFX Application Thread] Firing event: DisplayEvent[type=DIALOG_OPENED]
02 Mar 2016, 13:26:32.493 [  FINER] [    FXGL.Application] [JavaFX Application Thread] Pausing main loop
02 Mar 2016, 13:26:32.493 [  FINER] [       FXGL.EventBus] [JavaFX Application Thread] Firing event: FXGLEvent[type=PAUSE]
02 Mar 2016, 13:26:32.493 [  FINER] [          FXGL.Input] [JavaFX Application Thread] Clearing active input actions
02 Mar 2016, 13:26:32.493 [  FINER] [    FXGL.MasterTimer] [JavaFX Application Thread] Stopping master timer
02 Mar 2016, 13:26:32.494 [  FINER] [    FXGL.Application] [JavaFX Application Thread] State: PLAYING -> PAUSED
02 Mar 2016, 13:26:32.494 [  FINER] [          FXGL.Input] [JavaFX Application Thread] Clearing active input actions
02 Mar 2016, 13:26:34.472 [  FINER] [       FXGL.EventBus] [JavaFX Application Thread] Firing event: DisplayEvent[type=DIALOG_CLOSED]
02 Mar 2016, 13:26:34.472 [  FINER] [    FXGL.Application] [JavaFX Application Thread] Resuming main loop
02 Mar 2016, 13:26:34.473 [  FINER] [       FXGL.EventBus] [JavaFX Application Thread] Firing event: FXGLEvent[type=RESUME]
02 Mar 2016, 13:26:34.473 [  FINER] [          FXGL.Input] [JavaFX Application Thread] Clearing active input actions
02 Mar 2016, 13:26:34.473 [  FINER] [    FXGL.MasterTimer] [JavaFX Application Thread] Starting master timer
02 Mar 2016, 13:26:34.473 [  FINER] [    FXGL.Application] [JavaFX Application Thread] State: PAUSED -> PLAYING
02 Mar 2016, 13:26:34.473 [  FINER] [       FXGL.EventBus] [JavaFX Application Thread] Firing event: DisplayEvent[type=CLOSE_REQUEST]
02 Mar 2016, 13:26:34.473 [  FINER] [    FXGL.Application] [JavaFX Application Thread] Exiting Normally
02 Mar 2016, 13:26:34.474 [  FINER] [       FXGL.EventBus] [JavaFX Application Thread] Firing event: FXGLEvent[type=EXIT]
02 Mar 2016, 13:26:34.474 [  FINER] [         FXGL.Logger] [JavaFX Application Thread] Logger is closing
