16 Mar 2016, 16:31:51.485 [   INFO] [         FXGL.Logger] [JavaFX Application Thread] Logger initialized with level: CONFIG
16 Mar 2016, 16:31:51.495 [  FINER] [         FXGL.Logger] [JavaFX Application Thread] CPU cores: 4
16 Mar 2016, 16:31:51.502 [  FINER] [         FXGL.Logger] [JavaFX Application Thread] Free Memory: 109MB
16 Mar 2016, 16:31:51.503 [  FINER] [         FXGL.Logger] [JavaFX Application Thread] Max Memory: 1776MB
16 Mar 2016, 16:31:51.504 [  FINER] [         FXGL.Logger] [JavaFX Application Thread] Total Memory: 121MB
16 Mar 2016, 16:31:51.505 [  FINER] [         FXGL.Logger] [JavaFX Application Thread] System Properties:
16 Mar 2016, 16:31:51.508 [  FINER] [         FXGL.Logger] [JavaFX Application Thread] sun.cpu.isalist=amd64
16 Mar 2016, 16:31:51.509 [  FINER] [         FXGL.Logger] [JavaFX Application Thread] sun.desktop=windows
16 Mar 2016, 16:31:51.510 [  FINER] [         FXGL.Logger] [JavaFX Application Thread] sun.io.unicode.encoding=UnicodeLittle
16 Mar 2016, 16:31:51.511 [  FINER] [         FXGL.Logger] [JavaFX Application Thread] sun.cpu.endian=little
16 Mar 2016, 16:31:51.511 [  FINER] [         FXGL.Logger] [JavaFX Application Thread] java.vendor.url.bug=http://bugreport.sun.com/bugreport/
16 Mar 2016, 16:31:51.512 [  FINER] [         FXGL.Logger] [JavaFX Application Thread] file.separator=\
16 Mar 2016, 16:31:51.513 [  FINER] [         FXGL.Logger] [JavaFX Application Thread] java.vendor=Oracle Corporation
16 Mar 2016, 16:31:51.514 [  FINER] [         FXGL.Logger] [JavaFX Application Thread] sun.boot.class.path=C:\Program Files\Java\jre1.8.0_73\lib\resources.jar;C:\Program Files\Java\jre1.8.0_73\lib\rt.jar;C:\Program Files\Java\jre1.8.0_73\lib\sunrsasign.jar;C:\Program Files\Java\jre1.8.0_73\lib\jsse.jar;C:\Program Files\Java\jre1.8.0_73\lib\jce.jar;C:\Program Files\Java\jre1.8.0_73\lib\charsets.jar;C:\Program Files\Java\jre1.8.0_73\lib\jfr.jar;C:\Program Files\Java\jre1.8.0_73\classes
16 Mar 2016, 16:31:51.515 [  FINER] [         FXGL.Logger] [JavaFX Application Thread] java.ext.dirs=C:\Program Files\Java\jre1.8.0_73\lib\ext;C:\Windows\Sun\Java\lib\ext
16 Mar 2016, 16:31:51.516 [  FINER] [         FXGL.Logger] [JavaFX Application Thread] java.version=1.8.0_73
16 Mar 2016, 16:31:51.516 [  FINER] [         FXGL.Logger] [JavaFX Application Thread] java.vm.info=mixed mode
16 Mar 2016, 16:31:51.517 [  FINER] [         FXGL.Logger] [JavaFX Application Thread] awt.toolkit=sun.awt.windows.WToolkit
16 Mar 2016, 16:31:51.518 [  FINER] [         FXGL.Logger] [JavaFX Application Thread] user.language=en
16 Mar 2016, 16:31:51.518 [  FINER] [         FXGL.Logger] [JavaFX Application Thread] java.specification.vendor=Oracle Corporation
16 Mar 2016, 16:31:51.519 [  FINER] [         FXGL.Logger] [JavaFX Application Thread] sun.java.command=com.chromalife.SpaceInvaders.SpaceInvadersApp
16 Mar 2016, 16:31:51.520 [  FINER] [         FXGL.Logger] [JavaFX Application Thread] java.home=C:\Program Files\Java\jre1.8.0_73
16 Mar 2016, 16:31:51.521 [  FINER] [         FXGL.Logger] [JavaFX Application Thread] sun.arch.data.model=64
16 Mar 2016, 16:31:51.522 [  FINER] [         FXGL.Logger] [JavaFX Application Thread] java.vm.specification.version=1.8
16 Mar 2016, 16:31:51.523 [  FINER] [         FXGL.Logger] [JavaFX Application Thread] java.class.path=C:\Users\User\Documents\School\spring 2016\github\SpaceInvaders\target\classes;C:\Users\User\.m2\repository\com\github\AlmasB\FXGL\0.2.1-0.2.0-gba5970d-32\FXGL-0.2.1-0.2.0-gba5970d-32.jar;C:\Users\User\.m2\repository\com\google\inject\guice\4.0\guice-4.0.jar;C:\Users\User\.m2\repository\javax\inject\javax.inject\1\javax.inject-1.jar;C:\Users\User\.m2\repository\aopalliance\aopalliance\1.0\aopalliance-1.0.jar;C:\Users\User\.m2\repository\com\google\guava\guava\16.0.1\guava-16.0.1.jar;C:\Users\User\.m2\repository\org\jfxtras\jfxtras-window\8.0-r4\jfxtras-window-8.0-r4.jar;C:\Users\User\.m2\repository\org\jfxtras\jfxtras-common\8.0-r4\jfxtras-common-8.0-r4.jar;C:\Users\User\.m2\repository\com\github\AlmasB\FXEventBus\1.0\FXEventBus-1.0.jar;C:\Users\User\.m2\repository\com\github\AlmasB\Ents\1.0\Ents-1.0.jar;C:\Users\User\.m2\repository\org\apache\logging\log4j\log4j-api\2.5\log4j-api-2.5.jar;C:\Users\User\.m2\repository\org\apache\logging\log4j\log4j-core\2.5\log4j-core-2.5.jar;C:\Users\User\.m2\repository\com\github\AlmasB\AStar\1.0\AStar-1.0.jar
16 Mar 2016, 16:31:51.524 [  FINER] [         FXGL.Logger] [JavaFX Application Thread] user.name=User
16 Mar 2016, 16:31:51.525 [  FINER] [         FXGL.Logger] [JavaFX Application Thread] file.encoding=Cp1252
16 Mar 2016, 16:31:51.526 [  FINER] [         FXGL.Logger] [JavaFX Application Thread] java.specification.version=1.8
16 Mar 2016, 16:31:51.527 [  FINER] [         FXGL.Logger] [JavaFX Application Thread] java.awt.printerjob=sun.awt.windows.WPrinterJob
16 Mar 2016, 16:31:51.528 [  FINER] [         FXGL.Logger] [JavaFX Application Thread] user.timezone=America/New_York
16 Mar 2016, 16:31:51.528 [  FINER] [         FXGL.Logger] [JavaFX Application Thread] user.home=C:\Users\User
16 Mar 2016, 16:31:51.529 [  FINER] [         FXGL.Logger] [JavaFX Application Thread] os.version=6.1
16 Mar 2016, 16:31:51.530 [  FINER] [         FXGL.Logger] [JavaFX Application Thread] sun.management.compiler=HotSpot 64-Bit Tiered Compilers
16 Mar 2016, 16:31:51.531 [  FINER] [         FXGL.Logger] [JavaFX Application Thread] java.specification.name=Java Platform API Specification
16 Mar 2016, 16:31:51.532 [  FINER] [         FXGL.Logger] [JavaFX Application Thread] java.class.version=52.0
16 Mar 2016, 16:31:51.532 [  FINER] [         FXGL.Logger] [JavaFX Application Thread] java.library.path=C:\Program Files\Java\jre1.8.0_73\bin;C:\Windows\Sun\Java\bin;C:\Windows\system32;C:\Windows;C:/Program Files/Java/jre1.8.0_73/bin/server;C:/Program Files/Java/jre1.8.0_73/bin;C:/Program Files/Java/jre1.8.0_73/lib/amd64;C:\ProgramData\Oracle\Java\javapath;C:\Windows\system32;C:\Windows;C:\Windows\System32\Wbem;C:\Windows\System32\WindowsPowerShell\v1.0\;C:\Program Files\nodejs\;C:\Program Files\Microsoft SQL Server\110\Tools\Binn\;C:\Program Files (x86)\Skype\Phone\;C:\Users\User\AppData\Roaming\npm;C:\Program Files\eclipse\java-mars8\eclipse;;.
16 Mar 2016, 16:31:51.533 [  FINER] [         FXGL.Logger] [JavaFX Application Thread] sun.jnu.encoding=Cp1252
16 Mar 2016, 16:31:51.534 [  FINER] [         FXGL.Logger] [JavaFX Application Thread] os.name=Windows 7
16 Mar 2016, 16:31:51.535 [  FINER] [         FXGL.Logger] [JavaFX Application Thread] user.variant=
16 Mar 2016, 16:31:51.535 [  FINER] [         FXGL.Logger] [JavaFX Application Thread] java.vm.specification.vendor=Oracle Corporation
16 Mar 2016, 16:31:51.536 [  FINER] [         FXGL.Logger] [JavaFX Application Thread] java.io.tmpdir=C:\Users\User\AppData\Local\Temp\
16 Mar 2016, 16:31:51.537 [  FINER] [         FXGL.Logger] [JavaFX Application Thread] line.separator=

16 Mar 2016, 16:31:51.538 [  FINER] [         FXGL.Logger] [JavaFX Application Thread] java.endorsed.dirs=C:\Program Files\Java\jre1.8.0_73\lib\endorsed
16 Mar 2016, 16:31:51.538 [  FINER] [         FXGL.Logger] [JavaFX Application Thread] os.arch=amd64
16 Mar 2016, 16:31:51.539 [  FINER] [         FXGL.Logger] [JavaFX Application Thread] javafx.runtime.version=8.0.71-b15
16 Mar 2016, 16:31:51.540 [  FINER] [         FXGL.Logger] [JavaFX Application Thread] java.awt.graphicsenv=sun.awt.Win32GraphicsEnvironment
16 Mar 2016, 16:31:51.541 [  FINER] [         FXGL.Logger] [JavaFX Application Thread] java.runtime.version=1.8.0_73-b02
16 Mar 2016, 16:31:51.541 [  FINER] [         FXGL.Logger] [JavaFX Application Thread] java.vm.specification.name=Java Virtual Machine Specification
16 Mar 2016, 16:31:51.542 [  FINER] [         FXGL.Logger] [JavaFX Application Thread] user.dir=C:\Users\User\Documents\School\spring 2016\github\SpaceInvaders
16 Mar 2016, 16:31:51.543 [  FINER] [         FXGL.Logger] [JavaFX Application Thread] user.country=US
16 Mar 2016, 16:31:51.544 [  FINER] [         FXGL.Logger] [JavaFX Application Thread] user.script=
16 Mar 2016, 16:31:51.544 [  FINER] [         FXGL.Logger] [JavaFX Application Thread] sun.java.launcher=SUN_STANDARD
16 Mar 2016, 16:31:51.545 [  FINER] [         FXGL.Logger] [JavaFX Application Thread] sun.os.patch.level=Service Pack 1
16 Mar 2016, 16:31:51.546 [  FINER] [         FXGL.Logger] [JavaFX Application Thread] java.vm.name=Java HotSpot(TM) 64-Bit Server VM
16 Mar 2016, 16:31:51.547 [  FINER] [         FXGL.Logger] [JavaFX Application Thread] file.encoding.pkg=sun.io
16 Mar 2016, 16:31:51.548 [  FINER] [         FXGL.Logger] [JavaFX Application Thread] path.separator=;
16 Mar 2016, 16:31:51.549 [  FINER] [         FXGL.Logger] [JavaFX Application Thread] java.vm.vendor=Oracle Corporation
16 Mar 2016, 16:31:51.549 [  FINER] [         FXGL.Logger] [JavaFX Application Thread] java.vendor.url=http://java.oracle.com/
16 Mar 2016, 16:31:51.550 [  FINER] [         FXGL.Logger] [JavaFX Application Thread] sun.boot.library.path=C:\Program Files\Java\jre1.8.0_73\bin
16 Mar 2016, 16:31:51.551 [  FINER] [         FXGL.Logger] [JavaFX Application Thread] java.vm.version=25.73-b02
16 Mar 2016, 16:31:51.552 [  FINER] [         FXGL.Logger] [JavaFX Application Thread] java.runtime.name=Java(TM) SE Runtime Environment
16 Mar 2016, 16:31:51.552 [  FINER] [         FXGL.Logger] [JavaFX Application Thread] javafx.version=8.0.71
16 Mar 2016, 16:31:51.563 [   INFO] [        FXGL.Version] [JavaFX Application Thread] FXGL-0.2.1-SNAPSHOT
16 Mar 2016, 16:31:51.565 [   INFO] [        FXGL.Version] [JavaFX Application Thread] Source code and latest builds at: https://github.com/AlmasB/FXGL
16 Mar 2016, 16:31:51.590 [  FINER] [    FXGL.Application] [JavaFX Application Thread] Game_clinit()
16 Mar 2016, 16:31:51.618 [  FINER] [    FXGL.Application] [JavaFX-Launcher] FXGL_init()
16 Mar 2016, 16:31:51.693 [  FINER] [    FXGL.Application] [JavaFX Application Thread] FXGL_start()
16 Mar 2016, 16:31:51.694 [  FINER] [    FXGL.Application] [JavaFX Application Thread] Initializing system properties
16 Mar 2016, 16:31:51.702 [  FINER] [    FXGL.Application] [JavaFX Application Thread] sound.notification = system/notification.wav
16 Mar 2016, 16:31:51.703 [  FINER] [    FXGL.Application] [JavaFX Application Thread] asset.cache.size = 35
16 Mar 2016, 16:31:51.704 [  FINER] [    FXGL.Application] [JavaFX Application Thread] ui.font = Copperplate_Gothic_Light_Regular.ttf
16 Mar 2016, 16:31:51.705 [  FINER] [    FXGL.Application] [JavaFX Application Thread] sound.menu.back = menu/back.wav
16 Mar 2016, 16:31:51.706 [  FINER] [    FXGL.Application] [JavaFX Application Thread] sound.menu.select = menu/select.wav
16 Mar 2016, 16:31:51.706 [  FINER] [    FXGL.Application] [JavaFX Application Thread] physics.ppm = 50
16 Mar 2016, 16:31:51.707 [  FINER] [    FXGL.Application] [JavaFX Application Thread] ui.css = fxgl.css
16 Mar 2016, 16:31:51.708 [  FINER] [    FXGL.Application] [JavaFX Application Thread] ui.icon.name = fxgl_icon.png
16 Mar 2016, 16:31:51.709 [  FINER] [    FXGL.Application] [JavaFX Application Thread] sound.menu.press = menu/press.wav
16 Mar 2016, 16:31:51.709 [  FINER] [    FXGL.Application] [JavaFX Application Thread] Initializing user properties
16 Mar 2016, 16:31:51.711 [   INFO] [    FXGL.Application] [JavaFX Application Thread] User properties not found. Using system
16 Mar 2016, 16:31:51.768 [   INFO] [         FXGL.Logger] [JavaFX Application Thread] Logger level set to: CONFIG
16 Mar 2016, 16:31:51.771 [   INFO] [    FXGL.Application] [JavaFX Application Thread] Application Mode: DEVELOPER
16 Mar 2016, 16:31:53.037 [  FINER] [    FXGL.Application] [JavaFX Application Thread] Services configuration complete
16 Mar 2016, 16:31:53.055 [  FINER] [       FXGL.EventBus] [JavaFX Application Thread] Service [EventBus] initialized
16 Mar 2016, 16:31:53.062 [  FINER] [    FXGL.AssetLoader] [JavaFX Application Thread] Service [AssetLoader] initialized
16 Mar 2016, 16:31:53.066 [  FINER] [    FXGL.AssetLoader] [JavaFX Application Thread] Loading from disk: /assets/sounds/system/notification.wav
16 Mar 2016, 16:31:53.119 [  FINER] [    FXGL.AssetLoader] [JavaFX Application Thread] Loading from disk: /assets/sounds/menu/select.wav
16 Mar 2016, 16:31:53.124 [  FINER] [    FXGL.AssetLoader] [JavaFX Application Thread] Loading from disk: /assets/sounds/menu/back.wav
16 Mar 2016, 16:31:53.128 [  FINER] [    FXGL.AssetLoader] [JavaFX Application Thread] Loading from disk: /assets/sounds/menu/press.wav
16 Mar 2016, 16:31:53.134 [  FINER] [    FXGL.AssetLoader] [JavaFX Application Thread] Loading from disk: /assets/ui/fonts/Copperplate_Gothic_Light_Regular.ttf
16 Mar 2016, 16:31:53.560 [  FINER] [    FXGL.AssetLoader] [JavaFX Application Thread] Loading from disk: /assets/ui/css/fxgl.css
16 Mar 2016, 16:31:53.561 [  FINER] [    FXGL.AssetLoader] [JavaFX Application Thread] Loading from disk: /assets/ui/icons/fxgl_icon.png
16 Mar 2016, 16:31:53.685 [  FINER] [    FXGL.AssetLoader] [JavaFX Application Thread] Loading from disk: /assets/ui/css/fxgl_dark.css
16 Mar 2016, 16:31:53.881 [  FINER] [        FXGL.Display] [JavaFX Application Thread] App size > screen size
16 Mar 2016, 16:31:53.882 [  FINER] [        FXGL.Display] [JavaFX Application Thread] Target size: 480.0x800.0@1.0
16 Mar 2016, 16:31:53.883 [  FINER] [        FXGL.Display] [JavaFX Application Thread] New size:    442.0x736.6666666666667@0.9208333333333333
16 Mar 2016, 16:31:53.885 [  FINER] [        FXGL.Display] [JavaFX Application Thread] Service [Display] initialized
16 Mar 2016, 16:31:53.886 [  FINER] [        FXGL.Display] [JavaFX Application Thread] Using CSS: CSS[jar:file:/C:/Users/User/.m2/repository/com/github/AlmasB/FXGL/0.2.1-0.2.0-gba5970d-32/FXGL-0.2.1-0.2.0-gba5970d-32.jar!/assets/ui/css/fxgl_dark.css]
16 Mar 2016, 16:31:53.892 [  FINER] [          FXGL.Input] [JavaFX Application Thread] Service [Input] initialized
16 Mar 2016, 16:31:53.897 [  FINER] [    FXGL.AudioPlayer] [JavaFX Application Thread] Service [AudioPlayer] initialized
16 Mar 2016, 16:31:53.909 [  FINER] [    FXGL.MasterTimer] [JavaFX Application Thread] Service [MasterTimer] initialized
16 Mar 2016, 16:31:53.938 [  FINER] [      FXGL.GameScene] [JavaFX Application Thread] Game scene initialized
16 Mar 2016, 16:31:53.941 [  FINER] [FXGL.NotificationSer] [JavaFX Application Thread] Service [NotificationService] initialized
16 Mar 2016, 16:31:54.478 [  FINER] [      FXGL.GameWorld] [JavaFX Application Thread] Game world initialized
16 Mar 2016, 16:31:54.605 [  FINER] [   FXGL.PhysicsWorld] [JavaFX Application Thread] Physics world initialized
16 Mar 2016, 16:31:54.815 [  FINER] [    FXGL.Application] [JavaFX Application Thread] Game_start()
16 Mar 2016, 16:31:54.827 [  FINER] [    FXGL.Application] [JavaFX Application Thread] Saving data to profile
16 Mar 2016, 16:31:54.831 [  FINER] [    FXGL.UserProfile] [JavaFX Application Thread] Logging bundle: game
16 Mar 2016, 16:31:54.832 [  FINER] [    FXGL.UserProfile] [JavaFX Application Thread] game.playtime=3223828818
16 Mar 2016, 16:31:54.833 [  FINER] [       FXGL.EventBus] [JavaFX Application Thread] Firing event: SaveEvent
16 Mar 2016, 16:31:54.836 [  FINER] [        FXGL.Display] [JavaFX Application Thread] Saving data to profile
16 Mar 2016, 16:31:54.836 [  FINER] [    FXGL.UserProfile] [JavaFX Application Thread] Logging bundle: scene
16 Mar 2016, 16:31:54.837 [  FINER] [    FXGL.UserProfile] [JavaFX Application Thread] scene.sizeW=480.0
16 Mar 2016, 16:31:54.837 [  FINER] [    FXGL.UserProfile] [JavaFX Application Thread] scene.sizeH=800.0
16 Mar 2016, 16:31:54.838 [  FINER] [          FXGL.Input] [JavaFX Application Thread] Saving data to profile
16 Mar 2016, 16:31:54.838 [  FINER] [    FXGL.UserProfile] [JavaFX Application Thread] Logging bundle: input
16 Mar 2016, 16:31:54.838 [  FINER] [    FXGL.AudioPlayer] [JavaFX Application Thread] Saving data to profile
16 Mar 2016, 16:31:54.839 [  FINER] [    FXGL.UserProfile] [JavaFX Application Thread] Logging bundle: audio
16 Mar 2016, 16:31:54.839 [  FINER] [    FXGL.UserProfile] [JavaFX Application Thread] audio.musicVolume=0.5
16 Mar 2016, 16:31:54.840 [  FINER] [    FXGL.UserProfile] [JavaFX Application Thread] audio.soundVolume=0.5
16 Mar 2016, 16:31:54.840 [  FINER] [FXGL.AchievementMana] [JavaFX Application Thread] Saving data to profile
16 Mar 2016, 16:31:54.843 [  FINER] [    FXGL.UserProfile] [JavaFX Application Thread] Logging bundle: achievement
16 Mar 2016, 16:31:54.843 [  FINER] [    FXGL.Application] [JavaFX Application Thread] Starting new game
16 Mar 2016, 16:31:54.854 [  FINER] [    FXGL.Application] [JavaFX Application Thread] Initializing App
16 Mar 2016, 16:31:54.855 [  FINER] [    FXGL.Application] [JavaFX Application Thread] Pausing main loop
16 Mar 2016, 16:31:54.856 [  FINER] [       FXGL.EventBus] [JavaFX Application Thread] Firing event: FXGLEvent[type=PAUSE]
16 Mar 2016, 16:31:54.859 [  FINER] [          FXGL.Input] [JavaFX Application Thread] Clearing active input actions
16 Mar 2016, 16:31:54.860 [  FINER] [    FXGL.MasterTimer] [JavaFX Application Thread] Stopping master timer
16 Mar 2016, 16:31:54.863 [  FINER] [    FXGL.Application] [JavaFX Application Thread] State: STARTUP -> PAUSED
16 Mar 2016, 16:31:54.872 [  FINER] [    FXGL.Application] [JavaFX Application Thread] Resetting FXGL application
16 Mar 2016, 16:31:54.873 [  FINER] [       FXGL.EventBus] [JavaFX Application Thread] Firing event: FXGLEvent[type=RESET]
16 Mar 2016, 16:31:54.873 [  FINER] [          FXGL.Input] [JavaFX Application Thread] Clearing active input actions
16 Mar 2016, 16:31:54.874 [  FINER] [    FXGL.MasterTimer] [JavaFX Application Thread] Resetting ticks to 0
16 Mar 2016, 16:31:54.874 [  FINER] [    FXGL.MasterTimer] [JavaFX Application Thread] Clearing all scheduled actions
16 Mar 2016, 16:31:54.875 [  FINER] [      FXGL.GameScene] [JavaFX Application Thread] Resetting game scene
16 Mar 2016, 16:31:54.875 [  FINER] [      FXGL.GameWorld] [JavaFX Application Thread] Resetting game world
16 Mar 2016, 16:31:54.888 [  FINER] [    FXGL.Application] [JavaFX Application Thread] State: PAUSED -> LOADING
16 Mar 2016, 16:31:54.971 [  FINER] [    FXGL.Application] [JavaFX Application Thread] Starting FXGL Init Thread
16 Mar 2016, 16:31:54.973 [  FINER] [    FXGL.Application] [FXGL Init Thread] Initializing Assets
16 Mar 2016, 16:31:54.975 [  FINER] [    FXGL.AssetLoader] [FXGL Init Thread] Loading from disk: /assets/textures/spaceshipReduced.png
16 Mar 2016, 16:31:54.988 [  FINER] [    FXGL.AssetLoader] [FXGL Init Thread] Loading from disk: /assets/textures/enemyReduced.png
16 Mar 2016, 16:31:54.990 [  FINER] [    FXGL.Application] [FXGL Init Thread] Initializing Game
16 Mar 2016, 16:31:55.043 [  FINER] [    FXGL.AssetLoader] [FXGL Init Thread] Loading from disk: /assets/textures/enemy.png
16 Mar 2016, 16:31:55.053 [  FINER] [    FXGL.AssetLoader] [FXGL Init Thread] Loading from cache: /assets/textures/enemy.png
16 Mar 2016, 16:31:55.054 [  FINER] [    FXGL.AssetLoader] [FXGL Init Thread] Loading from cache: /assets/textures/enemy.png
16 Mar 2016, 16:31:55.055 [  FINER] [    FXGL.AssetLoader] [FXGL Init Thread] Loading from cache: /assets/textures/enemy.png
16 Mar 2016, 16:31:55.055 [  FINER] [    FXGL.AssetLoader] [FXGL Init Thread] Loading from cache: /assets/textures/enemy.png
16 Mar 2016, 16:31:55.056 [  FINER] [    FXGL.AssetLoader] [FXGL Init Thread] Loading from cache: /assets/textures/enemy.png
16 Mar 2016, 16:31:55.057 [  FINER] [    FXGL.AssetLoader] [FXGL Init Thread] Loading from cache: /assets/textures/enemy.png
16 Mar 2016, 16:31:55.057 [  FINER] [    FXGL.AssetLoader] [FXGL Init Thread] Loading from cache: /assets/textures/enemy.png
16 Mar 2016, 16:31:55.058 [  FINER] [    FXGL.AssetLoader] [FXGL Init Thread] Loading from cache: /assets/textures/enemy.png
16 Mar 2016, 16:31:55.059 [  FINER] [    FXGL.AssetLoader] [FXGL Init Thread] Loading from cache: /assets/textures/enemy.png
16 Mar 2016, 16:31:55.059 [  FINER] [    FXGL.AssetLoader] [FXGL Init Thread] Loading from cache: /assets/textures/enemy.png
16 Mar 2016, 16:31:55.060 [  FINER] [    FXGL.AssetLoader] [FXGL Init Thread] Loading from cache: /assets/textures/enemy.png
16 Mar 2016, 16:31:55.060 [  FINER] [    FXGL.AssetLoader] [FXGL Init Thread] Loading from cache: /assets/textures/enemy.png
16 Mar 2016, 16:31:55.061 [  FINER] [    FXGL.AssetLoader] [FXGL Init Thread] Loading from cache: /assets/textures/enemy.png
16 Mar 2016, 16:31:55.062 [  FINER] [    FXGL.AssetLoader] [FXGL Init Thread] Loading from cache: /assets/textures/enemy.png
16 Mar 2016, 16:31:55.062 [  FINER] [    FXGL.AssetLoader] [FXGL Init Thread] Loading from cache: /assets/textures/enemy.png
16 Mar 2016, 16:31:55.063 [  FINER] [    FXGL.AssetLoader] [FXGL Init Thread] Loading from cache: /assets/textures/enemy.png
16 Mar 2016, 16:31:55.064 [  FINER] [    FXGL.AssetLoader] [FXGL Init Thread] Loading from cache: /assets/textures/enemy.png
16 Mar 2016, 16:31:55.065 [  FINER] [    FXGL.AssetLoader] [FXGL Init Thread] Loading from cache: /assets/textures/enemy.png
16 Mar 2016, 16:31:55.066 [  FINER] [    FXGL.AssetLoader] [FXGL Init Thread] Loading from cache: /assets/textures/enemy.png
16 Mar 2016, 16:31:55.066 [  FINER] [    FXGL.AssetLoader] [FXGL Init Thread] Loading from cache: /assets/textures/enemy.png
16 Mar 2016, 16:31:55.067 [  FINER] [    FXGL.AssetLoader] [FXGL Init Thread] Loading from cache: /assets/textures/enemy.png
16 Mar 2016, 16:31:55.067 [  FINER] [    FXGL.AssetLoader] [FXGL Init Thread] Loading from cache: /assets/textures/enemy.png
16 Mar 2016, 16:31:55.068 [  FINER] [    FXGL.AssetLoader] [FXGL Init Thread] Loading from cache: /assets/textures/enemy.png
16 Mar 2016, 16:31:55.069 [  FINER] [    FXGL.AssetLoader] [FXGL Init Thread] Loading from cache: /assets/textures/enemy.png
16 Mar 2016, 16:31:55.069 [  FINER] [    FXGL.AssetLoader] [FXGL Init Thread] Loading from cache: /assets/textures/enemy.png
16 Mar 2016, 16:31:55.070 [  FINER] [    FXGL.AssetLoader] [FXGL Init Thread] Loading from cache: /assets/textures/enemy.png
16 Mar 2016, 16:31:55.071 [  FINER] [    FXGL.AssetLoader] [FXGL Init Thread] Loading from cache: /assets/textures/enemy.png
16 Mar 2016, 16:31:55.071 [  FINER] [    FXGL.AssetLoader] [FXGL Init Thread] Loading from cache: /assets/textures/enemy.png
16 Mar 2016, 16:31:55.072 [  FINER] [    FXGL.AssetLoader] [FXGL Init Thread] Loading from cache: /assets/textures/enemy.png
16 Mar 2016, 16:31:55.072 [  FINER] [    FXGL.AssetLoader] [FXGL Init Thread] Loading from cache: /assets/textures/enemy.png
16 Mar 2016, 16:31:55.073 [  FINER] [    FXGL.AssetLoader] [FXGL Init Thread] Loading from cache: /assets/textures/enemy.png
16 Mar 2016, 16:31:55.074 [  FINER] [    FXGL.AssetLoader] [FXGL Init Thread] Loading from cache: /assets/textures/enemy.png
16 Mar 2016, 16:31:55.074 [  FINER] [    FXGL.AssetLoader] [FXGL Init Thread] Loading from cache: /assets/textures/enemy.png
16 Mar 2016, 16:31:55.075 [  FINER] [    FXGL.AssetLoader] [FXGL Init Thread] Loading from cache: /assets/textures/enemy.png
16 Mar 2016, 16:31:55.075 [  FINER] [    FXGL.AssetLoader] [FXGL Init Thread] Loading from cache: /assets/textures/enemy.png
16 Mar 2016, 16:31:55.076 [  FINER] [    FXGL.AssetLoader] [FXGL Init Thread] Loading from cache: /assets/textures/enemy.png
16 Mar 2016, 16:31:55.076 [  FINER] [    FXGL.AssetLoader] [FXGL Init Thread] Loading from cache: /assets/textures/enemy.png
16 Mar 2016, 16:31:55.077 [  FINER] [    FXGL.AssetLoader] [FXGL Init Thread] Loading from cache: /assets/textures/enemy.png
16 Mar 2016, 16:31:55.078 [  FINER] [    FXGL.AssetLoader] [FXGL Init Thread] Loading from cache: /assets/textures/enemy.png
16 Mar 2016, 16:31:55.078 [  FINER] [    FXGL.AssetLoader] [FXGL Init Thread] Loading from cache: /assets/textures/enemy.png
16 Mar 2016, 16:31:55.079 [  FINER] [    FXGL.AssetLoader] [FXGL Init Thread] Loading from cache: /assets/textures/enemy.png
16 Mar 2016, 16:31:55.079 [  FINER] [    FXGL.AssetLoader] [FXGL Init Thread] Loading from cache: /assets/textures/enemy.png
16 Mar 2016, 16:31:55.080 [  FINER] [    FXGL.AssetLoader] [FXGL Init Thread] Loading from cache: /assets/textures/enemy.png
16 Mar 2016, 16:31:55.081 [  FINER] [    FXGL.AssetLoader] [FXGL Init Thread] Loading from cache: /assets/textures/enemy.png
16 Mar 2016, 16:31:55.082 [  FINER] [    FXGL.AssetLoader] [FXGL Init Thread] Loading from cache: /assets/textures/enemy.png
16 Mar 2016, 16:31:55.083 [  FINER] [    FXGL.AssetLoader] [FXGL Init Thread] Loading from cache: /assets/textures/enemy.png
16 Mar 2016, 16:31:55.083 [  FINER] [    FXGL.AssetLoader] [FXGL Init Thread] Loading from cache: /assets/textures/enemy.png
16 Mar 2016, 16:31:55.084 [  FINER] [    FXGL.AssetLoader] [FXGL Init Thread] Loading from cache: /assets/textures/enemy.png
16 Mar 2016, 16:31:55.084 [  FINER] [    FXGL.AssetLoader] [FXGL Init Thread] Loading from cache: /assets/textures/enemy.png
16 Mar 2016, 16:31:55.085 [  FINER] [    FXGL.Application] [FXGL Init Thread] Initializing Physics
16 Mar 2016, 16:31:55.086 [  FINER] [    FXGL.Application] [FXGL Init Thread] Initializing UI
16 Mar 2016, 16:31:55.106 [  FINER] [    FXGL.Application] [FXGL Init Thread] Initialization Complete
16 Mar 2016, 16:31:55.492 [  FINER] [    FXGL.Application] [JavaFX Application Thread] Showing stage
16 Mar 2016, 16:31:55.494 [  FINER] [    FXGL.Application] [JavaFX Application Thread] Root size: 442.0x737.0
16 Mar 2016, 16:31:55.494 [  FINER] [    FXGL.Application] [JavaFX Application Thread] Scene size: 442.0x737.0
16 Mar 2016, 16:31:55.495 [  FINER] [    FXGL.Application] [JavaFX Application Thread] Stage size: 448.0x765.0
16 Mar 2016, 16:31:55.550 [  FINER] [       FXGL.EventBus] [JavaFX Application Thread] Firing event: FXGLEvent[type=INIT_APP_COMPLETE]
16 Mar 2016, 16:31:55.551 [  FINER] [    FXGL.Application] [JavaFX Application Thread] Resuming main loop
16 Mar 2016, 16:31:55.551 [  FINER] [       FXGL.EventBus] [JavaFX Application Thread] Firing event: FXGLEvent[type=RESUME]
16 Mar 2016, 16:31:55.552 [  FINER] [          FXGL.Input] [JavaFX Application Thread] Clearing active input actions
16 Mar 2016, 16:31:55.552 [  FINER] [    FXGL.MasterTimer] [JavaFX Application Thread] Starting master timer
16 Mar 2016, 16:31:55.553 [  FINER] [    FXGL.Application] [JavaFX Application Thread] State: LOADING -> PLAYING
16 Mar 2016, 16:31:55.585 [  FINER] [       FXGL.EventBus] [JavaFX Application Thread] Firing event: WorldEvent[type=ENTITY_ADDED]
16 Mar 2016, 16:31:55.586 [  FINER] [      FXGL.GameScene] [JavaFX Application Thread] Entity added to scene
16 Mar 2016, 16:31:55.588 [  FINER] [      FXGL.GameScene] [JavaFX Application Thread] Added MainViewComponent
16 Mar 2016, 16:31:55.594 [  FINER] [      FXGL.GameScene] [JavaFX Application Thread] Creating render group for layer: TOP(2147483647)
16 Mar 2016, 16:31:55.612 [  FINER] [       FXGL.EventBus] [JavaFX Application Thread] Firing event: WorldEvent[type=ENTITY_ADDED]
16 Mar 2016, 16:31:55.612 [  FINER] [      FXGL.GameScene] [JavaFX Application Thread] Entity added to scene
16 Mar 2016, 16:31:55.613 [  FINER] [      FXGL.GameScene] [JavaFX Application Thread] Added MainViewComponent
16 Mar 2016, 16:32:02.492 [  FINER] [       FXGL.EventBus] [JavaFX Application Thread] Firing event: DisplayEvent[type=DIALOG_OPENED]
16 Mar 2016, 16:32:02.493 [  FINER] [    FXGL.Application] [JavaFX Application Thread] Pausing main loop
16 Mar 2016, 16:32:02.493 [  FINER] [       FXGL.EventBus] [JavaFX Application Thread] Firing event: FXGLEvent[type=PAUSE]
16 Mar 2016, 16:32:02.494 [  FINER] [          FXGL.Input] [JavaFX Application Thread] Clearing active input actions
16 Mar 2016, 16:32:02.494 [  FINER] [    FXGL.MasterTimer] [JavaFX Application Thread] Stopping master timer
16 Mar 2016, 16:32:02.494 [  FINER] [    FXGL.Application] [JavaFX Application Thread] State: PLAYING -> PAUSED
16 Mar 2016, 16:32:02.495 [  FINER] [          FXGL.Input] [JavaFX Application Thread] Clearing active input actions
16 Mar 2016, 16:32:04.351 [  FINER] [       FXGL.EventBus] [JavaFX Application Thread] Firing event: DisplayEvent[type=DIALOG_CLOSED]
16 Mar 2016, 16:32:04.351 [  FINER] [    FXGL.Application] [JavaFX Application Thread] Resuming main loop
16 Mar 2016, 16:32:04.351 [  FINER] [       FXGL.EventBus] [JavaFX Application Thread] Firing event: FXGLEvent[type=RESUME]
16 Mar 2016, 16:32:04.352 [  FINER] [          FXGL.Input] [JavaFX Application Thread] Clearing active input actions
16 Mar 2016, 16:32:04.352 [  FINER] [    FXGL.MasterTimer] [JavaFX Application Thread] Starting master timer
16 Mar 2016, 16:32:04.352 [  FINER] [    FXGL.Application] [JavaFX Application Thread] State: PAUSED -> PLAYING
16 Mar 2016, 16:32:04.352 [  FINER] [       FXGL.EventBus] [JavaFX Application Thread] Firing event: DisplayEvent[type=CLOSE_REQUEST]
16 Mar 2016, 16:32:04.353 [  FINER] [    FXGL.Application] [JavaFX Application Thread] Exiting Normally
16 Mar 2016, 16:32:04.353 [  FINER] [       FXGL.EventBus] [JavaFX Application Thread] Firing event: FXGLEvent[type=EXIT]
16 Mar 2016, 16:32:04.353 [  FINER] [         FXGL.Logger] [JavaFX Application Thread] Logger is closing
