28 Mar 2016, 19:06:56.664 [   INFO] [         FXGL.Logger] [JavaFX Application Thread] Logger initialized with level: CONFIG
28 Mar 2016, 19:06:56.670 [  FINER] [         FXGL.Logger] [JavaFX Application Thread] CPU cores: 4
28 Mar 2016, 19:06:56.674 [  FINER] [         FXGL.Logger] [JavaFX Application Thread] Free Memory: 111MB
28 Mar 2016, 19:06:56.675 [  FINER] [         FXGL.Logger] [JavaFX Application Thread] Max Memory: 1776MB
28 Mar 2016, 19:06:56.676 [  FINER] [         FXGL.Logger] [JavaFX Application Thread] Total Memory: 121MB
28 Mar 2016, 19:06:56.676 [  FINER] [         FXGL.Logger] [JavaFX Application Thread] System Properties:
28 Mar 2016, 19:06:56.678 [  FINER] [         FXGL.Logger] [JavaFX Application Thread] sun.cpu.isalist=amd64
28 Mar 2016, 19:06:56.679 [  FINER] [         FXGL.Logger] [JavaFX Application Thread] sun.desktop=windows
28 Mar 2016, 19:06:56.679 [  FINER] [         FXGL.Logger] [JavaFX Application Thread] sun.io.unicode.encoding=UnicodeLittle
28 Mar 2016, 19:06:56.680 [  FINER] [         FXGL.Logger] [JavaFX Application Thread] sun.cpu.endian=little
28 Mar 2016, 19:06:56.680 [  FINER] [         FXGL.Logger] [JavaFX Application Thread] java.vendor.url.bug=http://bugreport.sun.com/bugreport/
28 Mar 2016, 19:06:56.681 [  FINER] [         FXGL.Logger] [JavaFX Application Thread] file.separator=\
28 Mar 2016, 19:06:56.682 [  FINER] [         FXGL.Logger] [JavaFX Application Thread] java.vendor=Oracle Corporation
28 Mar 2016, 19:06:56.682 [  FINER] [         FXGL.Logger] [JavaFX Application Thread] sun.boot.class.path=C:\Program Files\Java\jre1.8.0_77\lib\resources.jar;C:\Program Files\Java\jre1.8.0_77\lib\rt.jar;C:\Program Files\Java\jre1.8.0_77\lib\sunrsasign.jar;C:\Program Files\Java\jre1.8.0_77\lib\jsse.jar;C:\Program Files\Java\jre1.8.0_77\lib\jce.jar;C:\Program Files\Java\jre1.8.0_77\lib\charsets.jar;C:\Program Files\Java\jre1.8.0_77\lib\jfr.jar;C:\Program Files\Java\jre1.8.0_77\classes
28 Mar 2016, 19:06:56.683 [  FINER] [         FXGL.Logger] [JavaFX Application Thread] java.ext.dirs=C:\Program Files\Java\jre1.8.0_77\lib\ext;C:\Windows\Sun\Java\lib\ext
28 Mar 2016, 19:06:56.683 [  FINER] [         FXGL.Logger] [JavaFX Application Thread] java.version=1.8.0_77
28 Mar 2016, 19:06:56.683 [  FINER] [         FXGL.Logger] [JavaFX Application Thread] java.vm.info=mixed mode
28 Mar 2016, 19:06:56.684 [  FINER] [         FXGL.Logger] [JavaFX Application Thread] awt.toolkit=sun.awt.windows.WToolkit
28 Mar 2016, 19:06:56.684 [  FINER] [         FXGL.Logger] [JavaFX Application Thread] user.language=en
28 Mar 2016, 19:06:56.685 [  FINER] [         FXGL.Logger] [JavaFX Application Thread] java.specification.vendor=Oracle Corporation
28 Mar 2016, 19:06:56.685 [  FINER] [         FXGL.Logger] [JavaFX Application Thread] sun.java.command=SpaceInvaders.SpaceInvadersApp
28 Mar 2016, 19:06:56.686 [  FINER] [         FXGL.Logger] [JavaFX Application Thread] java.home=C:\Program Files\Java\jre1.8.0_77
28 Mar 2016, 19:06:56.686 [  FINER] [         FXGL.Logger] [JavaFX Application Thread] sun.arch.data.model=64
28 Mar 2016, 19:06:56.686 [  FINER] [         FXGL.Logger] [JavaFX Application Thread] java.vm.specification.version=1.8
28 Mar 2016, 19:06:56.687 [  FINER] [         FXGL.Logger] [JavaFX Application Thread] java.class.path=C:\Users\Wes\Documents\SpaceInvaders\target\classes;C:\Users\Wes\eclipse\plugins\org.junit_4.12.0.v201504281640\junit.jar;C:\Users\Wes\eclipse\plugins\org.hamcrest.core_1.3.0.v201303031735.jar;C:\Users\Wes\.m2\repository\com\github\AlmasB\FXGL\0.2.1-0.2.0-gba5970d-32\FXGL-0.2.1-0.2.0-gba5970d-32.jar;C:\Users\Wes\.m2\repository\com\google\inject\guice\4.0\guice-4.0.jar;C:\Users\Wes\.m2\repository\javax\inject\javax.inject\1\javax.inject-1.jar;C:\Users\Wes\.m2\repository\aopalliance\aopalliance\1.0\aopalliance-1.0.jar;C:\Users\Wes\.m2\repository\com\google\guava\guava\16.0.1\guava-16.0.1.jar;C:\Users\Wes\.m2\repository\org\jfxtras\jfxtras-window\8.0-r4\jfxtras-window-8.0-r4.jar;C:\Users\Wes\.m2\repository\org\jfxtras\jfxtras-common\8.0-r4\jfxtras-common-8.0-r4.jar;C:\Users\Wes\.m2\repository\com\github\AlmasB\FXEventBus\1.0\FXEventBus-1.0.jar;C:\Users\Wes\.m2\repository\com\github\AlmasB\Ents\1.0\Ents-1.0.jar;C:\Users\Wes\.m2\repository\org\apache\logging\log4j\log4j-api\2.5\log4j-api-2.5.jar;C:\Users\Wes\.m2\repository\org\apache\logging\log4j\log4j-core\2.5\log4j-core-2.5.jar;C:\Users\Wes\.m2\repository\com\github\AlmasB\AStar\1.0\AStar-1.0.jar
28 Mar 2016, 19:06:56.687 [  FINER] [         FXGL.Logger] [JavaFX Application Thread] user.name=Wes
28 Mar 2016, 19:06:56.688 [  FINER] [         FXGL.Logger] [JavaFX Application Thread] file.encoding=UTF-8
28 Mar 2016, 19:06:56.688 [  FINER] [         FXGL.Logger] [JavaFX Application Thread] java.specification.version=1.8
28 Mar 2016, 19:06:56.689 [  FINER] [         FXGL.Logger] [JavaFX Application Thread] java.awt.printerjob=sun.awt.windows.WPrinterJob
28 Mar 2016, 19:06:56.689 [  FINER] [         FXGL.Logger] [JavaFX Application Thread] user.timezone=America/New_York
28 Mar 2016, 19:06:56.690 [  FINER] [         FXGL.Logger] [JavaFX Application Thread] user.home=C:\Users\Wes
28 Mar 2016, 19:06:56.690 [  FINER] [         FXGL.Logger] [JavaFX Application Thread] os.version=6.1
28 Mar 2016, 19:06:56.691 [  FINER] [         FXGL.Logger] [JavaFX Application Thread] sun.management.compiler=HotSpot 64-Bit Tiered Compilers
28 Mar 2016, 19:06:56.693 [  FINER] [         FXGL.Logger] [JavaFX Application Thread] java.specification.name=Java Platform API Specification
28 Mar 2016, 19:06:56.693 [  FINER] [         FXGL.Logger] [JavaFX Application Thread] java.class.version=52.0
28 Mar 2016, 19:06:56.694 [  FINER] [         FXGL.Logger] [JavaFX Application Thread] java.library.path=C:\Program Files\Java\jre1.8.0_77\bin;C:\Windows\Sun\Java\bin;C:\Windows\system32;C:\Windows;C:/Program Files/Java/jre1.8.0_77/bin/server;C:/Program Files/Java/jre1.8.0_77/bin;C:/Program Files/Java/jre1.8.0_77/lib/amd64;C:\ProgramData\Oracle\Java\javapath;C:\oraclexe\app\oracle\product\11.2.0\server\bin;C:\Windows\system32;C:\Windows;C:\Windows\System32\Wbem;C:\Windows\System32\WindowsPowerShell\v1.0\;C:\Program Files\Git\cmd;C:\Users\Wes\eclipse;;.
28 Mar 2016, 19:06:56.694 [  FINER] [         FXGL.Logger] [JavaFX Application Thread] sun.jnu.encoding=Cp1252
28 Mar 2016, 19:06:56.695 [  FINER] [         FXGL.Logger] [JavaFX Application Thread] os.name=Windows 7
28 Mar 2016, 19:06:56.698 [  FINER] [         FXGL.Logger] [JavaFX Application Thread] user.variant=
28 Mar 2016, 19:06:56.698 [  FINER] [         FXGL.Logger] [JavaFX Application Thread] java.vm.specification.vendor=Oracle Corporation
28 Mar 2016, 19:06:56.698 [  FINER] [         FXGL.Logger] [JavaFX Application Thread] java.io.tmpdir=C:\Users\Wes\AppData\Local\Temp\
28 Mar 2016, 19:06:56.699 [  FINER] [         FXGL.Logger] [JavaFX Application Thread] line.separator=

28 Mar 2016, 19:06:56.699 [  FINER] [         FXGL.Logger] [JavaFX Application Thread] java.endorsed.dirs=C:\Program Files\Java\jre1.8.0_77\lib\endorsed
28 Mar 2016, 19:06:56.700 [  FINER] [         FXGL.Logger] [JavaFX Application Thread] os.arch=amd64
28 Mar 2016, 19:06:56.700 [  FINER] [         FXGL.Logger] [JavaFX Application Thread] javafx.runtime.version=8.0.72-b15
28 Mar 2016, 19:06:56.700 [  FINER] [         FXGL.Logger] [JavaFX Application Thread] java.awt.graphicsenv=sun.awt.Win32GraphicsEnvironment
28 Mar 2016, 19:06:56.701 [  FINER] [         FXGL.Logger] [JavaFX Application Thread] java.runtime.version=1.8.0_77-b03
28 Mar 2016, 19:06:56.701 [  FINER] [         FXGL.Logger] [JavaFX Application Thread] java.vm.specification.name=Java Virtual Machine Specification
28 Mar 2016, 19:06:56.701 [  FINER] [         FXGL.Logger] [JavaFX Application Thread] user.dir=C:\Users\Wes\Documents\SpaceInvaders
28 Mar 2016, 19:06:56.701 [  FINER] [         FXGL.Logger] [JavaFX Application Thread] user.country=US
28 Mar 2016, 19:06:56.702 [  FINER] [         FXGL.Logger] [JavaFX Application Thread] user.script=
28 Mar 2016, 19:06:56.702 [  FINER] [         FXGL.Logger] [JavaFX Application Thread] sun.java.launcher=SUN_STANDARD
28 Mar 2016, 19:06:56.702 [  FINER] [         FXGL.Logger] [JavaFX Application Thread] sun.os.patch.level=Service Pack 1
28 Mar 2016, 19:06:56.703 [  FINER] [         FXGL.Logger] [JavaFX Application Thread] java.vm.name=Java HotSpot(TM) 64-Bit Server VM
28 Mar 2016, 19:06:56.703 [  FINER] [         FXGL.Logger] [JavaFX Application Thread] file.encoding.pkg=sun.io
28 Mar 2016, 19:06:56.704 [  FINER] [         FXGL.Logger] [JavaFX Application Thread] path.separator=;
28 Mar 2016, 19:06:56.704 [  FINER] [         FXGL.Logger] [JavaFX Application Thread] java.vm.vendor=Oracle Corporation
28 Mar 2016, 19:06:56.704 [  FINER] [         FXGL.Logger] [JavaFX Application Thread] java.vendor.url=http://java.oracle.com/
28 Mar 2016, 19:06:56.705 [  FINER] [         FXGL.Logger] [JavaFX Application Thread] sun.boot.library.path=C:\Program Files\Java\jre1.8.0_77\bin
28 Mar 2016, 19:06:56.705 [  FINER] [         FXGL.Logger] [JavaFX Application Thread] java.vm.version=25.77-b03
28 Mar 2016, 19:06:56.705 [  FINER] [         FXGL.Logger] [JavaFX Application Thread] java.runtime.name=Java(TM) SE Runtime Environment
28 Mar 2016, 19:06:56.705 [  FINER] [         FXGL.Logger] [JavaFX Application Thread] javafx.version=8.0.72
28 Mar 2016, 19:06:56.712 [   INFO] [        FXGL.Version] [JavaFX Application Thread] FXGL-0.2.1-SNAPSHOT
28 Mar 2016, 19:06:56.713 [   INFO] [        FXGL.Version] [JavaFX Application Thread] Source code and latest builds at: https://github.com/AlmasB/FXGL
28 Mar 2016, 19:06:56.733 [  FINER] [    FXGL.Application] [JavaFX Application Thread] Game_clinit()
28 Mar 2016, 19:06:56.758 [  FINER] [    FXGL.Application] [JavaFX-Launcher] FXGL_init()
28 Mar 2016, 19:06:56.807 [  FINER] [    FXGL.Application] [JavaFX Application Thread] FXGL_start()
28 Mar 2016, 19:06:56.808 [  FINER] [    FXGL.Application] [JavaFX Application Thread] Initializing system properties
28 Mar 2016, 19:06:56.812 [  FINER] [    FXGL.Application] [JavaFX Application Thread] sound.notification = system/notification.wav
28 Mar 2016, 19:06:56.813 [  FINER] [    FXGL.Application] [JavaFX Application Thread] asset.cache.size = 35
28 Mar 2016, 19:06:56.820 [  FINER] [    FXGL.Application] [JavaFX Application Thread] ui.font = Copperplate_Gothic_Light_Regular.ttf
28 Mar 2016, 19:06:56.822 [  FINER] [    FXGL.Application] [JavaFX Application Thread] sound.menu.back = menu/back.wav
28 Mar 2016, 19:06:56.822 [  FINER] [    FXGL.Application] [JavaFX Application Thread] sound.menu.select = menu/select.wav
28 Mar 2016, 19:06:56.823 [  FINER] [    FXGL.Application] [JavaFX Application Thread] physics.ppm = 50
28 Mar 2016, 19:06:56.823 [  FINER] [    FXGL.Application] [JavaFX Application Thread] ui.css = fxgl.css
28 Mar 2016, 19:06:56.823 [  FINER] [    FXGL.Application] [JavaFX Application Thread] ui.icon.name = fxgl_icon.png
28 Mar 2016, 19:06:56.824 [  FINER] [    FXGL.Application] [JavaFX Application Thread] sound.menu.press = menu/press.wav
28 Mar 2016, 19:06:56.824 [  FINER] [    FXGL.Application] [JavaFX Application Thread] Initializing user properties
28 Mar 2016, 19:06:56.825 [   INFO] [    FXGL.Application] [JavaFX Application Thread] User properties not found. Using system
28 Mar 2016, 19:06:56.847 [   INFO] [         FXGL.Logger] [JavaFX Application Thread] Logger level set to: CONFIG
28 Mar 2016, 19:06:56.848 [   INFO] [    FXGL.Application] [JavaFX Application Thread] Application Mode: DEVELOPER
28 Mar 2016, 19:06:57.605 [  FINER] [    FXGL.Application] [JavaFX Application Thread] Services configuration complete
28 Mar 2016, 19:06:57.618 [  FINER] [       FXGL.EventBus] [JavaFX Application Thread] Service [EventBus] initialized
28 Mar 2016, 19:06:57.622 [  FINER] [    FXGL.AssetLoader] [JavaFX Application Thread] Service [AssetLoader] initialized
28 Mar 2016, 19:06:57.624 [  FINER] [    FXGL.AssetLoader] [JavaFX Application Thread] Loading from disk: /assets/sounds/system/notification.wav
28 Mar 2016, 19:06:57.652 [  FINER] [    FXGL.AssetLoader] [JavaFX Application Thread] Loading from disk: /assets/sounds/menu/select.wav
28 Mar 2016, 19:06:57.655 [  FINER] [    FXGL.AssetLoader] [JavaFX Application Thread] Loading from disk: /assets/sounds/menu/back.wav
28 Mar 2016, 19:06:57.657 [  FINER] [    FXGL.AssetLoader] [JavaFX Application Thread] Loading from disk: /assets/sounds/menu/press.wav
28 Mar 2016, 19:06:57.660 [  FINER] [    FXGL.AssetLoader] [JavaFX Application Thread] Loading from disk: /assets/ui/fonts/Copperplate_Gothic_Light_Regular.ttf
28 Mar 2016, 19:06:57.796 [  FINER] [    FXGL.AssetLoader] [JavaFX Application Thread] Loading from disk: /assets/ui/css/fxgl.css
28 Mar 2016, 19:06:57.797 [  FINER] [    FXGL.AssetLoader] [JavaFX Application Thread] Loading from disk: /assets/ui/icons/fxgl_icon.png
28 Mar 2016, 19:06:57.860 [  FINER] [    FXGL.AssetLoader] [JavaFX Application Thread] Loading from disk: /assets/ui/css/fxgl_dark.css
28 Mar 2016, 19:06:57.949 [  FINER] [        FXGL.Display] [JavaFX Application Thread] Target size: 480.0x600.0@1.0
28 Mar 2016, 19:06:57.949 [  FINER] [        FXGL.Display] [JavaFX Application Thread] New size:    480.0x600.0@1.0
28 Mar 2016, 19:06:57.951 [  FINER] [        FXGL.Display] [JavaFX Application Thread] Service [Display] initialized
28 Mar 2016, 19:06:57.951 [  FINER] [        FXGL.Display] [JavaFX Application Thread] Using CSS: CSS[jar:file:/C:/Users/Wes/.m2/repository/com/github/AlmasB/FXGL/0.2.1-0.2.0-gba5970d-32/FXGL-0.2.1-0.2.0-gba5970d-32.jar!/assets/ui/css/fxgl_dark.css]
28 Mar 2016, 19:06:57.955 [  FINER] [          FXGL.Input] [JavaFX Application Thread] Service [Input] initialized
28 Mar 2016, 19:06:57.958 [  FINER] [    FXGL.AudioPlayer] [JavaFX Application Thread] Service [AudioPlayer] initialized
28 Mar 2016, 19:06:57.965 [  FINER] [    FXGL.MasterTimer] [JavaFX Application Thread] Service [MasterTimer] initialized
28 Mar 2016, 19:06:57.982 [  FINER] [      FXGL.GameScene] [JavaFX Application Thread] Game scene initialized
28 Mar 2016, 19:06:57.983 [  FINER] [FXGL.NotificationSer] [JavaFX Application Thread] Service [NotificationService] initialized
28 Mar 2016, 19:06:58.279 [  FINER] [      FXGL.GameWorld] [JavaFX Application Thread] Game world initialized
28 Mar 2016, 19:06:58.336 [  FINER] [   FXGL.PhysicsWorld] [JavaFX Application Thread] Physics world initialized
28 Mar 2016, 19:06:58.439 [  FINER] [    FXGL.Application] [JavaFX Application Thread] Game_start()
28 Mar 2016, 19:06:58.449 [  FINER] [          FXGL.Input] [JavaFX Application Thread] Registered new binding: Move Left A
28 Mar 2016, 19:06:58.451 [  FINER] [          FXGL.Input] [JavaFX Application Thread] Registered new binding: Shoot Space
28 Mar 2016, 19:06:58.451 [  FINER] [          FXGL.Input] [JavaFX Application Thread] Registered new binding: Move Right D
28 Mar 2016, 19:06:58.454 [  FINER] [    FXGL.Application] [JavaFX Application Thread] Saving data to profile
28 Mar 2016, 19:06:58.455 [  FINER] [    FXGL.UserProfile] [JavaFX Application Thread] Logging bundle: game
28 Mar 2016, 19:06:58.456 [  FINER] [    FXGL.UserProfile] [JavaFX Application Thread] game.playtime=1712680302
28 Mar 2016, 19:06:58.457 [  FINER] [       FXGL.EventBus] [JavaFX Application Thread] Firing event: SaveEvent
28 Mar 2016, 19:06:58.459 [  FINER] [        FXGL.Display] [JavaFX Application Thread] Saving data to profile
28 Mar 2016, 19:06:58.459 [  FINER] [    FXGL.UserProfile] [JavaFX Application Thread] Logging bundle: scene
28 Mar 2016, 19:06:58.459 [  FINER] [    FXGL.UserProfile] [JavaFX Application Thread] scene.sizeW=480.0
28 Mar 2016, 19:06:58.460 [  FINER] [    FXGL.UserProfile] [JavaFX Application Thread] scene.sizeH=600.0
28 Mar 2016, 19:06:58.460 [  FINER] [          FXGL.Input] [JavaFX Application Thread] Saving data to profile
28 Mar 2016, 19:06:58.460 [  FINER] [    FXGL.UserProfile] [JavaFX Application Thread] Logging bundle: input
28 Mar 2016, 19:06:58.460 [  FINER] [    FXGL.UserProfile] [JavaFX Application Thread] input.Shoot=Space
28 Mar 2016, 19:06:58.461 [  FINER] [    FXGL.UserProfile] [JavaFX Application Thread] input.Move Right=D
28 Mar 2016, 19:06:58.461 [  FINER] [    FXGL.UserProfile] [JavaFX Application Thread] input.Move Left=A
28 Mar 2016, 19:06:58.461 [  FINER] [    FXGL.AudioPlayer] [JavaFX Application Thread] Saving data to profile
28 Mar 2016, 19:06:58.462 [  FINER] [    FXGL.UserProfile] [JavaFX Application Thread] Logging bundle: audio
28 Mar 2016, 19:06:58.462 [  FINER] [    FXGL.UserProfile] [JavaFX Application Thread] audio.musicVolume=0.5
28 Mar 2016, 19:06:58.462 [  FINER] [    FXGL.UserProfile] [JavaFX Application Thread] audio.soundVolume=0.5
28 Mar 2016, 19:06:58.462 [  FINER] [FXGL.AchievementMana] [JavaFX Application Thread] Saving data to profile
28 Mar 2016, 19:06:58.464 [  FINER] [    FXGL.UserProfile] [JavaFX Application Thread] Logging bundle: achievement
28 Mar 2016, 19:06:58.464 [  FINER] [    FXGL.Application] [JavaFX Application Thread] Starting new game
28 Mar 2016, 19:06:58.467 [  FINER] [    FXGL.Application] [JavaFX Application Thread] Initializing App
28 Mar 2016, 19:06:58.467 [  FINER] [    FXGL.Application] [JavaFX Application Thread] Pausing main loop
28 Mar 2016, 19:06:58.467 [  FINER] [       FXGL.EventBus] [JavaFX Application Thread] Firing event: FXGLEvent[type=PAUSE]
28 Mar 2016, 19:06:58.468 [  FINER] [          FXGL.Input] [JavaFX Application Thread] Clearing active input actions
28 Mar 2016, 19:06:58.468 [  FINER] [    FXGL.MasterTimer] [JavaFX Application Thread] Stopping master timer
28 Mar 2016, 19:06:58.468 [  FINER] [    FXGL.Application] [JavaFX Application Thread] State: STARTUP -> PAUSED
28 Mar 2016, 19:06:58.469 [  FINER] [    FXGL.Application] [JavaFX Application Thread] Resetting FXGL application
28 Mar 2016, 19:06:58.469 [  FINER] [       FXGL.EventBus] [JavaFX Application Thread] Firing event: FXGLEvent[type=RESET]
28 Mar 2016, 19:06:58.469 [  FINER] [          FXGL.Input] [JavaFX Application Thread] Clearing active input actions
28 Mar 2016, 19:06:58.469 [  FINER] [    FXGL.MasterTimer] [JavaFX Application Thread] Resetting ticks to 0
28 Mar 2016, 19:06:58.470 [  FINER] [    FXGL.MasterTimer] [JavaFX Application Thread] Clearing all scheduled actions
28 Mar 2016, 19:06:58.470 [  FINER] [      FXGL.GameScene] [JavaFX Application Thread] Resetting game scene
28 Mar 2016, 19:06:58.470 [  FINER] [      FXGL.GameWorld] [JavaFX Application Thread] Resetting game world
28 Mar 2016, 19:06:58.472 [  FINER] [    FXGL.Application] [JavaFX Application Thread] State: PAUSED -> LOADING
28 Mar 2016, 19:06:58.513 [  FINER] [    FXGL.Application] [JavaFX Application Thread] Starting FXGL Init Thread
28 Mar 2016, 19:06:58.515 [  FINER] [    FXGL.Application] [FXGL Init Thread] Initializing Assets
28 Mar 2016, 19:06:58.522 [  FINER] [    FXGL.AssetLoader] [FXGL Init Thread] Loading from disk: /assets/textures/enemy.png
28 Mar 2016, 19:06:58.529 [  FINER] [    FXGL.AssetLoader] [FXGL Init Thread] Loading from disk: /assets/textures/enemyReduced.png
28 Mar 2016, 19:06:58.530 [  FINER] [    FXGL.AssetLoader] [FXGL Init Thread] Loading from disk: /assets/textures/enemyReduced1.png
28 Mar 2016, 19:06:58.532 [  FINER] [    FXGL.AssetLoader] [FXGL Init Thread] Loading from disk: /assets/textures/enemyReduced2.png
28 Mar 2016, 19:06:58.534 [  FINER] [    FXGL.AssetLoader] [FXGL Init Thread] Loading from disk: /assets/textures/enemyReduced3.png
28 Mar 2016, 19:06:58.535 [  FINER] [    FXGL.AssetLoader] [FXGL Init Thread] Loading from disk: /assets/textures/life.png
28 Mar 2016, 19:06:58.537 [  FINER] [    FXGL.AssetLoader] [FXGL Init Thread] Loading from disk: /assets/textures/spaceship.png
28 Mar 2016, 19:06:58.540 [  FINER] [    FXGL.AssetLoader] [FXGL Init Thread] Loading from disk: /assets/textures/spaceshipReduced.png
28 Mar 2016, 19:06:58.541 [  FINER] [    FXGL.AssetLoader] [FXGL Init Thread] Loading from disk: /assets/textures/text.png
28 Mar 2016, 19:06:58.564 [  FINER] [    FXGL.AssetLoader] [FXGL Init Thread] Loading from disk: /assets/textures/wall.png
28 Mar 2016, 19:06:58.585 [  FINER] [    FXGL.AssetLoader] [FXGL Init Thread] Loading from disk: /assets/music/bgm.mp3
28 Mar 2016, 19:06:58.802 [  FINER] [    FXGL.AssetLoader] [FXGL Init Thread] Loading from cache: /assets/ui/fonts/Copperplate_Gothic_Light_Regular.ttf
28 Mar 2016, 19:06:58.833 [  FINER] [    FXGL.Application] [JavaFX Application Thread] Showing stage
28 Mar 2016, 19:06:58.834 [  FINER] [    FXGL.Application] [JavaFX Application Thread] Root size: 480.0x600.0
28 Mar 2016, 19:06:58.835 [  FINER] [    FXGL.Application] [JavaFX Application Thread] Scene size: 480.0x600.0
28 Mar 2016, 19:06:58.835 [  FINER] [    FXGL.Application] [JavaFX Application Thread] Stage size: 486.0x628.0
28 Mar 2016, 19:06:58.861 [  FINER] [    FXGL.Application] [FXGL Init Thread] Initializing Game
28 Mar 2016, 19:06:58.899 [  FINER] [    FXGL.AssetLoader] [FXGL Init Thread] Loading from cache: /assets/textures/enemyReduced3.png
28 Mar 2016, 19:06:58.916 [  FINER] [    FXGL.AssetLoader] [FXGL Init Thread] Loading from cache: /assets/textures/enemyReduced3.png
28 Mar 2016, 19:06:58.920 [  FINER] [    FXGL.AssetLoader] [FXGL Init Thread] Loading from cache: /assets/textures/enemyReduced3.png
28 Mar 2016, 19:06:58.922 [  FINER] [    FXGL.AssetLoader] [FXGL Init Thread] Loading from cache: /assets/textures/enemyReduced1.png
28 Mar 2016, 19:06:58.924 [  FINER] [    FXGL.AssetLoader] [FXGL Init Thread] Loading from cache: /assets/textures/enemyReduced1.png
28 Mar 2016, 19:06:58.926 [  FINER] [    FXGL.AssetLoader] [FXGL Init Thread] Loading from cache: /assets/textures/enemyReduced2.png
28 Mar 2016, 19:06:58.927 [  FINER] [    FXGL.AssetLoader] [FXGL Init Thread] Loading from cache: /assets/textures/enemyReduced2.png
28 Mar 2016, 19:06:58.929 [  FINER] [    FXGL.AssetLoader] [FXGL Init Thread] Loading from cache: /assets/textures/enemyReduced3.png
28 Mar 2016, 19:06:58.932 [  FINER] [    FXGL.AssetLoader] [FXGL Init Thread] Loading from cache: /assets/textures/enemyReduced2.png
28 Mar 2016, 19:06:58.934 [  FINER] [    FXGL.AssetLoader] [FXGL Init Thread] Loading from cache: /assets/textures/enemyReduced3.png
28 Mar 2016, 19:06:58.936 [  FINER] [    FXGL.AssetLoader] [FXGL Init Thread] Loading from cache: /assets/textures/enemyReduced2.png
28 Mar 2016, 19:06:58.938 [  FINER] [    FXGL.AssetLoader] [FXGL Init Thread] Loading from cache: /assets/textures/enemyReduced2.png
28 Mar 2016, 19:06:58.939 [  FINER] [    FXGL.AssetLoader] [FXGL Init Thread] Loading from cache: /assets/textures/enemyReduced3.png
28 Mar 2016, 19:06:58.940 [  FINER] [    FXGL.AssetLoader] [FXGL Init Thread] Loading from cache: /assets/textures/enemyReduced1.png
28 Mar 2016, 19:06:58.942 [  FINER] [    FXGL.AssetLoader] [FXGL Init Thread] Loading from cache: /assets/textures/enemyReduced2.png
28 Mar 2016, 19:06:58.943 [  FINER] [    FXGL.AssetLoader] [FXGL Init Thread] Loading from cache: /assets/textures/enemyReduced2.png
28 Mar 2016, 19:06:58.945 [  FINER] [    FXGL.AssetLoader] [FXGL Init Thread] Loading from cache: /assets/textures/enemyReduced1.png
28 Mar 2016, 19:06:58.947 [  FINER] [    FXGL.AssetLoader] [FXGL Init Thread] Loading from cache: /assets/textures/enemyReduced2.png
28 Mar 2016, 19:06:58.949 [  FINER] [    FXGL.AssetLoader] [FXGL Init Thread] Loading from cache: /assets/textures/enemyReduced3.png
28 Mar 2016, 19:06:58.951 [  FINER] [    FXGL.AssetLoader] [FXGL Init Thread] Loading from cache: /assets/textures/enemyReduced1.png
28 Mar 2016, 19:06:58.952 [  FINER] [    FXGL.AssetLoader] [FXGL Init Thread] Loading from cache: /assets/textures/enemyReduced3.png
28 Mar 2016, 19:06:58.954 [  FINER] [    FXGL.AssetLoader] [FXGL Init Thread] Loading from cache: /assets/textures/enemyReduced2.png
28 Mar 2016, 19:06:58.956 [  FINER] [    FXGL.AssetLoader] [FXGL Init Thread] Loading from cache: /assets/textures/enemyReduced2.png
28 Mar 2016, 19:06:58.958 [  FINER] [    FXGL.AssetLoader] [FXGL Init Thread] Loading from cache: /assets/textures/enemyReduced2.png
28 Mar 2016, 19:06:58.960 [  FINER] [    FXGL.AssetLoader] [FXGL Init Thread] Loading from cache: /assets/textures/enemyReduced2.png
28 Mar 2016, 19:06:58.961 [  FINER] [    FXGL.AssetLoader] [FXGL Init Thread] Loading from cache: /assets/textures/enemyReduced3.png
28 Mar 2016, 19:06:58.963 [  FINER] [    FXGL.AssetLoader] [FXGL Init Thread] Loading from cache: /assets/textures/enemyReduced1.png
28 Mar 2016, 19:06:58.964 [  FINER] [    FXGL.AssetLoader] [FXGL Init Thread] Loading from cache: /assets/textures/enemyReduced2.png
28 Mar 2016, 19:06:58.966 [  FINER] [    FXGL.AssetLoader] [FXGL Init Thread] Loading from cache: /assets/textures/enemyReduced2.png
28 Mar 2016, 19:06:58.968 [  FINER] [    FXGL.AssetLoader] [FXGL Init Thread] Loading from cache: /assets/textures/enemyReduced1.png
28 Mar 2016, 19:06:58.969 [  FINER] [    FXGL.AssetLoader] [FXGL Init Thread] Loading from cache: /assets/textures/enemyReduced3.png
28 Mar 2016, 19:06:58.973 [  FINER] [    FXGL.AssetLoader] [FXGL Init Thread] Loading from cache: /assets/textures/enemyReduced3.png
28 Mar 2016, 19:06:58.974 [  FINER] [    FXGL.AssetLoader] [FXGL Init Thread] Loading from cache: /assets/textures/enemyReduced2.png
28 Mar 2016, 19:06:58.975 [  FINER] [    FXGL.AssetLoader] [FXGL Init Thread] Loading from cache: /assets/textures/enemyReduced2.png
28 Mar 2016, 19:06:58.976 [  FINER] [    FXGL.AssetLoader] [FXGL Init Thread] Loading from cache: /assets/textures/enemyReduced1.png
28 Mar 2016, 19:06:58.978 [  FINER] [    FXGL.AssetLoader] [FXGL Init Thread] Loading from cache: /assets/textures/enemyReduced1.png
28 Mar 2016, 19:06:58.980 [  FINER] [    FXGL.AssetLoader] [FXGL Init Thread] Loading from cache: /assets/textures/enemyReduced3.png
28 Mar 2016, 19:06:58.982 [  FINER] [    FXGL.AssetLoader] [FXGL Init Thread] Loading from cache: /assets/textures/enemyReduced3.png
28 Mar 2016, 19:06:58.983 [  FINER] [    FXGL.AssetLoader] [FXGL Init Thread] Loading from cache: /assets/textures/enemyReduced2.png
28 Mar 2016, 19:06:58.984 [  FINER] [    FXGL.AssetLoader] [FXGL Init Thread] Loading from cache: /assets/textures/enemyReduced2.png
28 Mar 2016, 19:06:58.985 [  FINER] [    FXGL.AssetLoader] [FXGL Init Thread] Loading from cache: /assets/textures/wall.png
28 Mar 2016, 19:06:58.986 [  FINER] [    FXGL.AssetLoader] [FXGL Init Thread] Loading from cache: /assets/textures/wall.png
28 Mar 2016, 19:06:58.987 [  FINER] [    FXGL.AssetLoader] [FXGL Init Thread] Loading from cache: /assets/textures/wall.png
28 Mar 2016, 19:06:58.988 [  FINER] [    FXGL.AssetLoader] [FXGL Init Thread] Loading from cache: /assets/textures/wall.png
28 Mar 2016, 19:06:58.989 [  FINER] [    FXGL.AssetLoader] [FXGL Init Thread] Loading from cache: /assets/textures/spaceshipReduced.png
28 Mar 2016, 19:06:58.993 [  FINER] [    FXGL.Application] [FXGL Init Thread] Initializing Physics
28 Mar 2016, 19:06:58.995 [  FINER] [    FXGL.Application] [FXGL Init Thread] Initializing UI
28 Mar 2016, 19:06:59.001 [  FINER] [    FXGL.Application] [FXGL Init Thread] Initialization Complete
28 Mar 2016, 19:06:59.002 [  FINER] [       FXGL.EventBus] [JavaFX Application Thread] Firing event: FXGLEvent[type=INIT_APP_COMPLETE]
28 Mar 2016, 19:06:59.002 [  FINER] [    FXGL.Application] [JavaFX Application Thread] Resuming main loop
28 Mar 2016, 19:06:59.002 [  FINER] [       FXGL.EventBus] [JavaFX Application Thread] Firing event: FXGLEvent[type=RESUME]
28 Mar 2016, 19:06:59.002 [  FINER] [          FXGL.Input] [JavaFX Application Thread] Clearing active input actions
28 Mar 2016, 19:06:59.002 [  FINER] [    FXGL.MasterTimer] [JavaFX Application Thread] Starting master timer
28 Mar 2016, 19:06:59.003 [  FINER] [    FXGL.Application] [JavaFX Application Thread] State: LOADING -> PLAYING
28 Mar 2016, 19:06:59.012 [  FINER] [       FXGL.EventBus] [JavaFX Application Thread] Firing event: WorldEvent[type=ENTITY_ADDED]
28 Mar 2016, 19:06:59.013 [  FINER] [      FXGL.GameScene] [JavaFX Application Thread] Entity added to scene
28 Mar 2016, 19:06:59.013 [  FINER] [      FXGL.GameScene] [JavaFX Application Thread] Added MainViewComponent
28 Mar 2016, 19:06:59.014 [  FINER] [      FXGL.GameScene] [JavaFX Application Thread] Creating render group for layer: TOP(2147483647)
28 Mar 2016, 19:06:59.021 [  FINER] [       FXGL.EventBus] [JavaFX Application Thread] Firing event: WorldEvent[type=ENTITY_ADDED]
28 Mar 2016, 19:06:59.021 [  FINER] [      FXGL.GameScene] [JavaFX Application Thread] Entity added to scene
28 Mar 2016, 19:06:59.021 [  FINER] [      FXGL.GameScene] [JavaFX Application Thread] Added MainViewComponent
28 Mar 2016, 19:06:59.023 [  FINER] [       FXGL.EventBus] [JavaFX Application Thread] Firing event: WorldEvent[type=ENTITY_ADDED]
28 Mar 2016, 19:06:59.023 [  FINER] [      FXGL.GameScene] [JavaFX Application Thread] Entity added to scene
28 Mar 2016, 19:06:59.023 [  FINER] [      FXGL.GameScene] [JavaFX Application Thread] Added MainViewComponent
28 Mar 2016, 19:06:59.024 [  FINER] [       FXGL.EventBus] [JavaFX Application Thread] Firing event: WorldEvent[type=ENTITY_ADDED]
28 Mar 2016, 19:06:59.024 [  FINER] [      FXGL.GameScene] [JavaFX Application Thread] Entity added to scene
28 Mar 2016, 19:06:59.024 [  FINER] [      FXGL.GameScene] [JavaFX Application Thread] Added MainViewComponent
28 Mar 2016, 19:06:59.025 [  FINER] [       FXGL.EventBus] [JavaFX Application Thread] Firing event: WorldEvent[type=ENTITY_ADDED]
28 Mar 2016, 19:06:59.025 [  FINER] [      FXGL.GameScene] [JavaFX Application Thread] Entity added to scene
28 Mar 2016, 19:06:59.025 [  FINER] [      FXGL.GameScene] [JavaFX Application Thread] Added MainViewComponent
28 Mar 2016, 19:06:59.026 [  FINER] [       FXGL.EventBus] [JavaFX Application Thread] Firing event: WorldEvent[type=ENTITY_ADDED]
28 Mar 2016, 19:06:59.026 [  FINER] [      FXGL.GameScene] [JavaFX Application Thread] Entity added to scene
28 Mar 2016, 19:06:59.026 [  FINER] [      FXGL.GameScene] [JavaFX Application Thread] Added MainViewComponent
28 Mar 2016, 19:06:59.027 [  FINER] [       FXGL.EventBus] [JavaFX Application Thread] Firing event: WorldEvent[type=ENTITY_ADDED]
28 Mar 2016, 19:06:59.028 [  FINER] [      FXGL.GameScene] [JavaFX Application Thread] Entity added to scene
28 Mar 2016, 19:06:59.028 [  FINER] [      FXGL.GameScene] [JavaFX Application Thread] Added MainViewComponent
28 Mar 2016, 19:06:59.029 [  FINER] [       FXGL.EventBus] [JavaFX Application Thread] Firing event: WorldEvent[type=ENTITY_ADDED]
28 Mar 2016, 19:06:59.029 [  FINER] [      FXGL.GameScene] [JavaFX Application Thread] Entity added to scene
28 Mar 2016, 19:06:59.029 [  FINER] [      FXGL.GameScene] [JavaFX Application Thread] Added MainViewComponent
28 Mar 2016, 19:06:59.030 [  FINER] [       FXGL.EventBus] [JavaFX Application Thread] Firing event: WorldEvent[type=ENTITY_ADDED]
28 Mar 2016, 19:06:59.030 [  FINER] [      FXGL.GameScene] [JavaFX Application Thread] Entity added to scene
28 Mar 2016, 19:06:59.030 [  FINER] [      FXGL.GameScene] [JavaFX Application Thread] Added MainViewComponent
28 Mar 2016, 19:06:59.031 [  FINER] [       FXGL.EventBus] [JavaFX Application Thread] Firing event: WorldEvent[type=ENTITY_ADDED]
28 Mar 2016, 19:06:59.032 [  FINER] [      FXGL.GameScene] [JavaFX Application Thread] Entity added to scene
28 Mar 2016, 19:06:59.032 [  FINER] [      FXGL.GameScene] [JavaFX Application Thread] Added MainViewComponent
28 Mar 2016, 19:06:59.033 [  FINER] [       FXGL.EventBus] [JavaFX Application Thread] Firing event: WorldEvent[type=ENTITY_ADDED]
28 Mar 2016, 19:06:59.033 [  FINER] [      FXGL.GameScene] [JavaFX Application Thread] Entity added to scene
28 Mar 2016, 19:06:59.033 [  FINER] [      FXGL.GameScene] [JavaFX Application Thread] Added MainViewComponent
28 Mar 2016, 19:06:59.034 [  FINER] [       FXGL.EventBus] [JavaFX Application Thread] Firing event: WorldEvent[type=ENTITY_ADDED]
28 Mar 2016, 19:06:59.034 [  FINER] [      FXGL.GameScene] [JavaFX Application Thread] Entity added to scene
28 Mar 2016, 19:06:59.034 [  FINER] [      FXGL.GameScene] [JavaFX Application Thread] Added MainViewComponent
28 Mar 2016, 19:06:59.035 [  FINER] [       FXGL.EventBus] [JavaFX Application Thread] Firing event: WorldEvent[type=ENTITY_ADDED]
28 Mar 2016, 19:06:59.035 [  FINER] [      FXGL.GameScene] [JavaFX Application Thread] Entity added to scene
28 Mar 2016, 19:06:59.035 [  FINER] [      FXGL.GameScene] [JavaFX Application Thread] Added MainViewComponent
28 Mar 2016, 19:06:59.036 [  FINER] [       FXGL.EventBus] [JavaFX Application Thread] Firing event: WorldEvent[type=ENTITY_ADDED]
28 Mar 2016, 19:06:59.036 [  FINER] [      FXGL.GameScene] [JavaFX Application Thread] Entity added to scene
28 Mar 2016, 19:06:59.036 [  FINER] [      FXGL.GameScene] [JavaFX Application Thread] Added MainViewComponent
28 Mar 2016, 19:06:59.037 [  FINER] [       FXGL.EventBus] [JavaFX Application Thread] Firing event: WorldEvent[type=ENTITY_ADDED]
28 Mar 2016, 19:06:59.037 [  FINER] [      FXGL.GameScene] [JavaFX Application Thread] Entity added to scene
28 Mar 2016, 19:06:59.037 [  FINER] [      FXGL.GameScene] [JavaFX Application Thread] Added MainViewComponent
28 Mar 2016, 19:06:59.037 [  FINER] [       FXGL.EventBus] [JavaFX Application Thread] Firing event: WorldEvent[type=ENTITY_ADDED]
28 Mar 2016, 19:06:59.038 [  FINER] [      FXGL.GameScene] [JavaFX Application Thread] Entity added to scene
28 Mar 2016, 19:06:59.038 [  FINER] [      FXGL.GameScene] [JavaFX Application Thread] Added MainViewComponent
28 Mar 2016, 19:06:59.038 [  FINER] [       FXGL.EventBus] [JavaFX Application Thread] Firing event: WorldEvent[type=ENTITY_ADDED]
28 Mar 2016, 19:06:59.039 [  FINER] [      FXGL.GameScene] [JavaFX Application Thread] Entity added to scene
28 Mar 2016, 19:06:59.039 [  FINER] [      FXGL.GameScene] [JavaFX Application Thread] Added MainViewComponent
28 Mar 2016, 19:06:59.039 [  FINER] [       FXGL.EventBus] [JavaFX Application Thread] Firing event: WorldEvent[type=ENTITY_ADDED]
28 Mar 2016, 19:06:59.039 [  FINER] [      FXGL.GameScene] [JavaFX Application Thread] Entity added to scene
28 Mar 2016, 19:06:59.040 [  FINER] [      FXGL.GameScene] [JavaFX Application Thread] Added MainViewComponent
28 Mar 2016, 19:06:59.040 [  FINER] [       FXGL.EventBus] [JavaFX Application Thread] Firing event: WorldEvent[type=ENTITY_ADDED]
28 Mar 2016, 19:06:59.040 [  FINER] [      FXGL.GameScene] [JavaFX Application Thread] Entity added to scene
28 Mar 2016, 19:06:59.040 [  FINER] [      FXGL.GameScene] [JavaFX Application Thread] Added MainViewComponent
28 Mar 2016, 19:06:59.041 [  FINER] [       FXGL.EventBus] [JavaFX Application Thread] Firing event: WorldEvent[type=ENTITY_ADDED]
28 Mar 2016, 19:06:59.041 [  FINER] [      FXGL.GameScene] [JavaFX Application Thread] Entity added to scene
28 Mar 2016, 19:06:59.041 [  FINER] [      FXGL.GameScene] [JavaFX Application Thread] Added MainViewComponent
28 Mar 2016, 19:06:59.042 [  FINER] [       FXGL.EventBus] [JavaFX Application Thread] Firing event: WorldEvent[type=ENTITY_ADDED]
28 Mar 2016, 19:06:59.042 [  FINER] [      FXGL.GameScene] [JavaFX Application Thread] Entity added to scene
28 Mar 2016, 19:06:59.042 [  FINER] [      FXGL.GameScene] [JavaFX Application Thread] Added MainViewComponent
28 Mar 2016, 19:06:59.042 [  FINER] [       FXGL.EventBus] [JavaFX Application Thread] Firing event: WorldEvent[type=ENTITY_ADDED]
28 Mar 2016, 19:06:59.043 [  FINER] [      FXGL.GameScene] [JavaFX Application Thread] Entity added to scene
28 Mar 2016, 19:06:59.043 [  FINER] [      FXGL.GameScene] [JavaFX Application Thread] Added MainViewComponent
28 Mar 2016, 19:06:59.043 [  FINER] [       FXGL.EventBus] [JavaFX Application Thread] Firing event: WorldEvent[type=ENTITY_ADDED]
28 Mar 2016, 19:06:59.043 [  FINER] [      FXGL.GameScene] [JavaFX Application Thread] Entity added to scene
28 Mar 2016, 19:06:59.043 [  FINER] [      FXGL.GameScene] [JavaFX Application Thread] Added MainViewComponent
28 Mar 2016, 19:06:59.044 [  FINER] [       FXGL.EventBus] [JavaFX Application Thread] Firing event: WorldEvent[type=ENTITY_ADDED]
28 Mar 2016, 19:06:59.044 [  FINER] [      FXGL.GameScene] [JavaFX Application Thread] Entity added to scene
28 Mar 2016, 19:06:59.044 [  FINER] [      FXGL.GameScene] [JavaFX Application Thread] Added MainViewComponent
28 Mar 2016, 19:06:59.045 [  FINER] [       FXGL.EventBus] [JavaFX Application Thread] Firing event: WorldEvent[type=ENTITY_ADDED]
28 Mar 2016, 19:06:59.045 [  FINER] [      FXGL.GameScene] [JavaFX Application Thread] Entity added to scene
28 Mar 2016, 19:06:59.045 [  FINER] [      FXGL.GameScene] [JavaFX Application Thread] Added MainViewComponent
28 Mar 2016, 19:06:59.046 [  FINER] [       FXGL.EventBus] [JavaFX Application Thread] Firing event: WorldEvent[type=ENTITY_ADDED]
28 Mar 2016, 19:06:59.046 [  FINER] [      FXGL.GameScene] [JavaFX Application Thread] Entity added to scene
28 Mar 2016, 19:06:59.047 [  FINER] [      FXGL.GameScene] [JavaFX Application Thread] Added MainViewComponent
28 Mar 2016, 19:06:59.047 [  FINER] [       FXGL.EventBus] [JavaFX Application Thread] Firing event: WorldEvent[type=ENTITY_ADDED]
28 Mar 2016, 19:06:59.047 [  FINER] [      FXGL.GameScene] [JavaFX Application Thread] Entity added to scene
28 Mar 2016, 19:06:59.047 [  FINER] [      FXGL.GameScene] [JavaFX Application Thread] Added MainViewComponent
28 Mar 2016, 19:06:59.048 [  FINER] [       FXGL.EventBus] [JavaFX Application Thread] Firing event: WorldEvent[type=ENTITY_ADDED]
28 Mar 2016, 19:06:59.048 [  FINER] [      FXGL.GameScene] [JavaFX Application Thread] Entity added to scene
28 Mar 2016, 19:06:59.048 [  FINER] [      FXGL.GameScene] [JavaFX Application Thread] Added MainViewComponent
28 Mar 2016, 19:06:59.049 [  FINER] [       FXGL.EventBus] [JavaFX Application Thread] Firing event: WorldEvent[type=ENTITY_ADDED]
28 Mar 2016, 19:06:59.049 [  FINER] [      FXGL.GameScene] [JavaFX Application Thread] Entity added to scene
28 Mar 2016, 19:06:59.049 [  FINER] [      FXGL.GameScene] [JavaFX Application Thread] Added MainViewComponent
28 Mar 2016, 19:06:59.050 [  FINER] [       FXGL.EventBus] [JavaFX Application Thread] Firing event: WorldEvent[type=ENTITY_ADDED]
28 Mar 2016, 19:06:59.050 [  FINER] [      FXGL.GameScene] [JavaFX Application Thread] Entity added to scene
28 Mar 2016, 19:06:59.050 [  FINER] [      FXGL.GameScene] [JavaFX Application Thread] Added MainViewComponent
28 Mar 2016, 19:06:59.051 [  FINER] [       FXGL.EventBus] [JavaFX Application Thread] Firing event: WorldEvent[type=ENTITY_ADDED]
28 Mar 2016, 19:06:59.051 [  FINER] [      FXGL.GameScene] [JavaFX Application Thread] Entity added to scene
28 Mar 2016, 19:06:59.051 [  FINER] [      FXGL.GameScene] [JavaFX Application Thread] Added MainViewComponent
28 Mar 2016, 19:06:59.051 [  FINER] [       FXGL.EventBus] [JavaFX Application Thread] Firing event: WorldEvent[type=ENTITY_ADDED]
28 Mar 2016, 19:06:59.052 [  FINER] [      FXGL.GameScene] [JavaFX Application Thread] Entity added to scene
28 Mar 2016, 19:06:59.052 [  FINER] [      FXGL.GameScene] [JavaFX Application Thread] Added MainViewComponent
28 Mar 2016, 19:06:59.052 [  FINER] [       FXGL.EventBus] [JavaFX Application Thread] Firing event: WorldEvent[type=ENTITY_ADDED]
28 Mar 2016, 19:06:59.053 [  FINER] [      FXGL.GameScene] [JavaFX Application Thread] Entity added to scene
28 Mar 2016, 19:06:59.053 [  FINER] [      FXGL.GameScene] [JavaFX Application Thread] Added MainViewComponent
28 Mar 2016, 19:06:59.053 [  FINER] [       FXGL.EventBus] [JavaFX Application Thread] Firing event: WorldEvent[type=ENTITY_ADDED]
28 Mar 2016, 19:06:59.053 [  FINER] [      FXGL.GameScene] [JavaFX Application Thread] Entity added to scene
28 Mar 2016, 19:06:59.054 [  FINER] [      FXGL.GameScene] [JavaFX Application Thread] Added MainViewComponent
28 Mar 2016, 19:06:59.054 [  FINER] [       FXGL.EventBus] [JavaFX Application Thread] Firing event: WorldEvent[type=ENTITY_ADDED]
28 Mar 2016, 19:06:59.054 [  FINER] [      FXGL.GameScene] [JavaFX Application Thread] Entity added to scene
28 Mar 2016, 19:06:59.054 [  FINER] [      FXGL.GameScene] [JavaFX Application Thread] Added MainViewComponent
28 Mar 2016, 19:06:59.055 [  FINER] [       FXGL.EventBus] [JavaFX Application Thread] Firing event: WorldEvent[type=ENTITY_ADDED]
28 Mar 2016, 19:06:59.055 [  FINER] [      FXGL.GameScene] [JavaFX Application Thread] Entity added to scene
28 Mar 2016, 19:06:59.055 [  FINER] [      FXGL.GameScene] [JavaFX Application Thread] Added MainViewComponent
28 Mar 2016, 19:06:59.056 [  FINER] [       FXGL.EventBus] [JavaFX Application Thread] Firing event: WorldEvent[type=ENTITY_ADDED]
28 Mar 2016, 19:06:59.056 [  FINER] [      FXGL.GameScene] [JavaFX Application Thread] Entity added to scene
28 Mar 2016, 19:06:59.056 [  FINER] [      FXGL.GameScene] [JavaFX Application Thread] Added MainViewComponent
28 Mar 2016, 19:06:59.057 [  FINER] [       FXGL.EventBus] [JavaFX Application Thread] Firing event: WorldEvent[type=ENTITY_ADDED]
28 Mar 2016, 19:06:59.057 [  FINER] [      FXGL.GameScene] [JavaFX Application Thread] Entity added to scene
28 Mar 2016, 19:06:59.057 [  FINER] [      FXGL.GameScene] [JavaFX Application Thread] Added MainViewComponent
28 Mar 2016, 19:06:59.058 [  FINER] [       FXGL.EventBus] [JavaFX Application Thread] Firing event: WorldEvent[type=ENTITY_ADDED]
28 Mar 2016, 19:06:59.058 [  FINER] [      FXGL.GameScene] [JavaFX Application Thread] Entity added to scene
28 Mar 2016, 19:06:59.058 [  FINER] [      FXGL.GameScene] [JavaFX Application Thread] Added MainViewComponent
28 Mar 2016, 19:06:59.059 [  FINER] [       FXGL.EventBus] [JavaFX Application Thread] Firing event: WorldEvent[type=ENTITY_ADDED]
28 Mar 2016, 19:06:59.059 [  FINER] [      FXGL.GameScene] [JavaFX Application Thread] Entity added to scene
28 Mar 2016, 19:06:59.059 [  FINER] [      FXGL.GameScene] [JavaFX Application Thread] Added MainViewComponent
28 Mar 2016, 19:06:59.060 [  FINER] [       FXGL.EventBus] [JavaFX Application Thread] Firing event: WorldEvent[type=ENTITY_ADDED]
28 Mar 2016, 19:06:59.060 [  FINER] [      FXGL.GameScene] [JavaFX Application Thread] Entity added to scene
28 Mar 2016, 19:06:59.060 [  FINER] [      FXGL.GameScene] [JavaFX Application Thread] Added MainViewComponent
28 Mar 2016, 19:06:59.061 [  FINER] [       FXGL.EventBus] [JavaFX Application Thread] Firing event: WorldEvent[type=ENTITY_ADDED]
28 Mar 2016, 19:06:59.062 [  FINER] [      FXGL.GameScene] [JavaFX Application Thread] Entity added to scene
28 Mar 2016, 19:06:59.062 [  FINER] [      FXGL.GameScene] [JavaFX Application Thread] Added MainViewComponent
28 Mar 2016, 19:06:59.062 [  FINER] [       FXGL.EventBus] [JavaFX Application Thread] Firing event: WorldEvent[type=ENTITY_ADDED]
28 Mar 2016, 19:06:59.063 [  FINER] [      FXGL.GameScene] [JavaFX Application Thread] Entity added to scene
28 Mar 2016, 19:06:59.063 [  FINER] [      FXGL.GameScene] [JavaFX Application Thread] Added MainViewComponent
28 Mar 2016, 19:06:59.063 [  FINER] [       FXGL.EventBus] [JavaFX Application Thread] Firing event: WorldEvent[type=ENTITY_ADDED]
28 Mar 2016, 19:06:59.064 [  FINER] [      FXGL.GameScene] [JavaFX Application Thread] Entity added to scene
28 Mar 2016, 19:06:59.064 [  FINER] [      FXGL.GameScene] [JavaFX Application Thread] Added MainViewComponent
28 Mar 2016, 19:06:59.065 [  FINER] [       FXGL.EventBus] [JavaFX Application Thread] Firing event: WorldEvent[type=ENTITY_ADDED]
28 Mar 2016, 19:06:59.065 [  FINER] [      FXGL.GameScene] [JavaFX Application Thread] Entity added to scene
28 Mar 2016, 19:06:59.065 [  FINER] [      FXGL.GameScene] [JavaFX Application Thread] Added MainViewComponent
28 Mar 2016, 19:07:16.606 [  FINER] [       FXGL.EventBus] [JavaFX Application Thread] Firing event: DisplayEvent[type=DIALOG_OPENED]
28 Mar 2016, 19:07:16.606 [  FINER] [    FXGL.Application] [JavaFX Application Thread] Pausing main loop
28 Mar 2016, 19:07:16.606 [  FINER] [       FXGL.EventBus] [JavaFX Application Thread] Firing event: FXGLEvent[type=PAUSE]
28 Mar 2016, 19:07:16.607 [  FINER] [          FXGL.Input] [JavaFX Application Thread] Clearing active input actions
28 Mar 2016, 19:07:16.607 [  FINER] [    FXGL.MasterTimer] [JavaFX Application Thread] Stopping master timer
28 Mar 2016, 19:07:16.607 [  FINER] [    FXGL.Application] [JavaFX Application Thread] State: PLAYING -> PAUSED
28 Mar 2016, 19:07:16.607 [  FINER] [          FXGL.Input] [JavaFX Application Thread] Clearing active input actions
28 Mar 2016, 19:07:18.357 [  FINER] [       FXGL.EventBus] [JavaFX Application Thread] Firing event: DisplayEvent[type=DIALOG_CLOSED]
28 Mar 2016, 19:07:18.358 [  FINER] [    FXGL.Application] [JavaFX Application Thread] Resuming main loop
28 Mar 2016, 19:07:18.358 [  FINER] [       FXGL.EventBus] [JavaFX Application Thread] Firing event: FXGLEvent[type=RESUME]
28 Mar 2016, 19:07:18.358 [  FINER] [          FXGL.Input] [JavaFX Application Thread] Clearing active input actions
28 Mar 2016, 19:07:18.359 [  FINER] [    FXGL.MasterTimer] [JavaFX Application Thread] Starting master timer
28 Mar 2016, 19:07:18.359 [  FINER] [    FXGL.Application] [JavaFX Application Thread] State: PAUSED -> PLAYING
28 Mar 2016, 19:07:18.359 [  FINER] [       FXGL.EventBus] [JavaFX Application Thread] Firing event: DisplayEvent[type=CLOSE_REQUEST]
28 Mar 2016, 19:07:18.359 [  FINER] [    FXGL.Application] [JavaFX Application Thread] Exiting Normally
28 Mar 2016, 19:07:18.360 [  FINER] [       FXGL.EventBus] [JavaFX Application Thread] Firing event: FXGLEvent[type=EXIT]
28 Mar 2016, 19:07:18.360 [  FINER] [         FXGL.Logger] [JavaFX Application Thread] Logger is closing
