17 Mar 2016, 18:39:56.881 [   INFO] [         FXGL.Logger] [JavaFX Application Thread] Logger initialized with level: CONFIG
17 Mar 2016, 18:39:56.886 [  FINER] [         FXGL.Logger] [JavaFX Application Thread] CPU cores: 4
17 Mar 2016, 18:39:56.894 [  FINER] [         FXGL.Logger] [JavaFX Application Thread] Free Memory: 107MB
17 Mar 2016, 18:39:56.894 [  FINER] [         FXGL.Logger] [JavaFX Application Thread] Max Memory: 1755MB
17 Mar 2016, 18:39:56.895 [  FINER] [         FXGL.Logger] [JavaFX Application Thread] Total Memory: 119MB
17 Mar 2016, 18:39:56.898 [  FINER] [         FXGL.Logger] [JavaFX Application Thread] System Properties:
17 Mar 2016, 18:39:56.899 [  FINER] [         FXGL.Logger] [JavaFX Application Thread] sun.cpu.isalist=amd64
17 Mar 2016, 18:39:56.903 [  FINER] [         FXGL.Logger] [JavaFX Application Thread] sun.desktop=windows
17 Mar 2016, 18:39:56.905 [  FINER] [         FXGL.Logger] [JavaFX Application Thread] sun.io.unicode.encoding=UnicodeLittle
17 Mar 2016, 18:39:56.905 [  FINER] [         FXGL.Logger] [JavaFX Application Thread] sun.cpu.endian=little
17 Mar 2016, 18:39:56.907 [  FINER] [         FXGL.Logger] [JavaFX Application Thread] java.vendor.url.bug=http://bugreport.sun.com/bugreport/
17 Mar 2016, 18:39:56.907 [  FINER] [         FXGL.Logger] [JavaFX Application Thread] file.separator=\
17 Mar 2016, 18:39:56.912 [  FINER] [         FXGL.Logger] [JavaFX Application Thread] java.vendor=Oracle Corporation
17 Mar 2016, 18:39:56.941 [  FINER] [         FXGL.Logger] [JavaFX Application Thread] sun.boot.class.path=C:\Program Files\Java\jre1.8.0_73\lib\resources.jar;C:\Program Files\Java\jre1.8.0_73\lib\rt.jar;C:\Program Files\Java\jre1.8.0_73\lib\sunrsasign.jar;C:\Program Files\Java\jre1.8.0_73\lib\jsse.jar;C:\Program Files\Java\jre1.8.0_73\lib\jce.jar;C:\Program Files\Java\jre1.8.0_73\lib\charsets.jar;C:\Program Files\Java\jre1.8.0_73\lib\jfr.jar;C:\Program Files\Java\jre1.8.0_73\classes
17 Mar 2016, 18:39:56.942 [  FINER] [         FXGL.Logger] [JavaFX Application Thread] java.ext.dirs=C:\Program Files\Java\jre1.8.0_73\lib\ext;C:\Windows\Sun\Java\lib\ext
17 Mar 2016, 18:39:56.944 [  FINER] [         FXGL.Logger] [JavaFX Application Thread] java.version=1.8.0_73
17 Mar 2016, 18:39:56.946 [  FINER] [         FXGL.Logger] [JavaFX Application Thread] java.vm.info=mixed mode
17 Mar 2016, 18:39:56.946 [  FINER] [         FXGL.Logger] [JavaFX Application Thread] awt.toolkit=sun.awt.windows.WToolkit
17 Mar 2016, 18:39:56.947 [  FINER] [         FXGL.Logger] [JavaFX Application Thread] user.language=en
17 Mar 2016, 18:39:56.947 [  FINER] [         FXGL.Logger] [JavaFX Application Thread] java.specification.vendor=Oracle Corporation
17 Mar 2016, 18:39:56.947 [  FINER] [         FXGL.Logger] [JavaFX Application Thread] sun.java.command=com.chromalife.SpaceInvaders.SpaceInvadersApp
17 Mar 2016, 18:39:56.948 [  FINER] [         FXGL.Logger] [JavaFX Application Thread] java.home=C:\Program Files\Java\jre1.8.0_73
17 Mar 2016, 18:39:56.948 [  FINER] [         FXGL.Logger] [JavaFX Application Thread] sun.arch.data.model=64
17 Mar 2016, 18:39:56.952 [  FINER] [         FXGL.Logger] [JavaFX Application Thread] java.vm.specification.version=1.8
17 Mar 2016, 18:39:56.953 [  FINER] [         FXGL.Logger] [JavaFX Application Thread] java.class.path=D:\SpaceInvaders\target\classes;C:\Users\Anwar Saleeby\.m2\repository\com\github\AlmasB\FXGL\0.2.1-0.2.0-gba5970d-32\FXGL-0.2.1-0.2.0-gba5970d-32.jar;C:\Users\Anwar Saleeby\.m2\repository\com\google\inject\guice\4.0\guice-4.0.jar;C:\Users\Anwar Saleeby\.m2\repository\javax\inject\javax.inject\1\javax.inject-1.jar;C:\Users\Anwar Saleeby\.m2\repository\aopalliance\aopalliance\1.0\aopalliance-1.0.jar;C:\Users\Anwar Saleeby\.m2\repository\com\google\guava\guava\16.0.1\guava-16.0.1.jar;C:\Users\Anwar Saleeby\.m2\repository\org\jfxtras\jfxtras-window\8.0-r4\jfxtras-window-8.0-r4.jar;C:\Users\Anwar Saleeby\.m2\repository\org\jfxtras\jfxtras-common\8.0-r4\jfxtras-common-8.0-r4.jar;C:\Users\Anwar Saleeby\.m2\repository\com\github\AlmasB\FXEventBus\1.0\FXEventBus-1.0.jar;C:\Users\Anwar Saleeby\.m2\repository\com\github\AlmasB\Ents\1.0\Ents-1.0.jar;C:\Users\Anwar Saleeby\.m2\repository\org\apache\logging\log4j\log4j-api\2.5\log4j-api-2.5.jar;C:\Users\Anwar Saleeby\.m2\repository\org\apache\logging\log4j\log4j-core\2.5\log4j-core-2.5.jar;C:\Users\Anwar Saleeby\.m2\repository\com\github\AlmasB\AStar\1.0\AStar-1.0.jar
17 Mar 2016, 18:39:56.955 [  FINER] [         FXGL.Logger] [JavaFX Application Thread] user.name=Anwar Saleeby
17 Mar 2016, 18:39:56.956 [  FINER] [         FXGL.Logger] [JavaFX Application Thread] file.encoding=Cp1252
17 Mar 2016, 18:39:56.965 [  FINER] [         FXGL.Logger] [JavaFX Application Thread] java.specification.version=1.8
17 Mar 2016, 18:39:56.965 [  FINER] [         FXGL.Logger] [JavaFX Application Thread] java.awt.printerjob=sun.awt.windows.WPrinterJob
17 Mar 2016, 18:39:56.966 [  FINER] [         FXGL.Logger] [JavaFX Application Thread] user.timezone=America/New_York
17 Mar 2016, 18:39:56.966 [  FINER] [         FXGL.Logger] [JavaFX Application Thread] user.home=C:\Users\Anwar Saleeby
17 Mar 2016, 18:39:56.967 [  FINER] [         FXGL.Logger] [JavaFX Application Thread] os.version=10.0
17 Mar 2016, 18:39:56.970 [  FINER] [         FXGL.Logger] [JavaFX Application Thread] sun.management.compiler=HotSpot 64-Bit Tiered Compilers
17 Mar 2016, 18:39:56.971 [  FINER] [         FXGL.Logger] [JavaFX Application Thread] java.specification.name=Java Platform API Specification
17 Mar 2016, 18:39:56.971 [  FINER] [         FXGL.Logger] [JavaFX Application Thread] java.class.version=52.0
17 Mar 2016, 18:39:56.973 [  FINER] [         FXGL.Logger] [JavaFX Application Thread] java.library.path=C:\Program Files\Java\jre1.8.0_73\bin;C:\Windows\Sun\Java\bin;C:\Windows\system32;C:\Windows;C:/Program Files/Java/jre1.8.0_73/bin/server;C:/Program Files/Java/jre1.8.0_73/bin;C:/Program Files/Java/jre1.8.0_73/lib/amd64;C:\oraclexe\app\oracle\product\11.2.0\server\bin;C:\ProgramData\Oracle\Java\javapath;C:\Windows\system32;C:\Windows;C:\Windows\System32\Wbem;C:\Windows\System32\WindowsPowerShell\v1.0\;C:\Program Files\nodejs\;C:\Program Files\Git\cmd;C:\Users\Anwar Saleeby\AppData\Local\Programs\Python\Python35\Scripts\;C:\Users\Anwar Saleeby\AppData\Local\Programs\Python\Python35\;C:\Users\Anwar Saleeby\AppData\Roaming\npm;C:\Program Files\MongoDB\Server\3.2\bin;C:\Program Files\Git;C:\Program Files\eclipse;;.
17 Mar 2016, 18:39:56.973 [  FINER] [         FXGL.Logger] [JavaFX Application Thread] sun.jnu.encoding=Cp1252
17 Mar 2016, 18:39:56.973 [  FINER] [         FXGL.Logger] [JavaFX Application Thread] os.name=Windows 10
17 Mar 2016, 18:39:56.974 [  FINER] [         FXGL.Logger] [JavaFX Application Thread] user.variant=
17 Mar 2016, 18:39:56.974 [  FINER] [         FXGL.Logger] [JavaFX Application Thread] java.vm.specification.vendor=Oracle Corporation
17 Mar 2016, 18:39:56.974 [  FINER] [         FXGL.Logger] [JavaFX Application Thread] java.io.tmpdir=C:\Users\ANWARS~1\AppData\Local\Temp\
17 Mar 2016, 18:39:56.974 [  FINER] [         FXGL.Logger] [JavaFX Application Thread] line.separator=

17 Mar 2016, 18:39:56.975 [  FINER] [         FXGL.Logger] [JavaFX Application Thread] java.endorsed.dirs=C:\Program Files\Java\jre1.8.0_73\lib\endorsed
17 Mar 2016, 18:39:56.975 [  FINER] [         FXGL.Logger] [JavaFX Application Thread] os.arch=amd64
17 Mar 2016, 18:39:56.975 [  FINER] [         FXGL.Logger] [JavaFX Application Thread] javafx.runtime.version=8.0.71-b15
17 Mar 2016, 18:39:56.975 [  FINER] [         FXGL.Logger] [JavaFX Application Thread] java.awt.graphicsenv=sun.awt.Win32GraphicsEnvironment
17 Mar 2016, 18:39:56.978 [  FINER] [         FXGL.Logger] [JavaFX Application Thread] java.runtime.version=1.8.0_73-b02
17 Mar 2016, 18:39:56.978 [  FINER] [         FXGL.Logger] [JavaFX Application Thread] java.vm.specification.name=Java Virtual Machine Specification
17 Mar 2016, 18:39:56.978 [  FINER] [         FXGL.Logger] [JavaFX Application Thread] user.dir=D:\SpaceInvaders
17 Mar 2016, 18:39:56.979 [  FINER] [         FXGL.Logger] [JavaFX Application Thread] user.country=US
17 Mar 2016, 18:39:56.979 [  FINER] [         FXGL.Logger] [JavaFX Application Thread] user.script=
17 Mar 2016, 18:39:56.979 [  FINER] [         FXGL.Logger] [JavaFX Application Thread] sun.java.launcher=SUN_STANDARD
17 Mar 2016, 18:39:56.979 [  FINER] [         FXGL.Logger] [JavaFX Application Thread] sun.os.patch.level=
17 Mar 2016, 18:39:56.980 [  FINER] [         FXGL.Logger] [JavaFX Application Thread] java.vm.name=Java HotSpot(TM) 64-Bit Server VM
17 Mar 2016, 18:39:56.980 [  FINER] [         FXGL.Logger] [JavaFX Application Thread] file.encoding.pkg=sun.io
17 Mar 2016, 18:39:56.980 [  FINER] [         FXGL.Logger] [JavaFX Application Thread] path.separator=;
17 Mar 2016, 18:39:56.980 [  FINER] [         FXGL.Logger] [JavaFX Application Thread] java.vm.vendor=Oracle Corporation
17 Mar 2016, 18:39:56.981 [  FINER] [         FXGL.Logger] [JavaFX Application Thread] java.vendor.url=http://java.oracle.com/
17 Mar 2016, 18:39:56.981 [  FINER] [         FXGL.Logger] [JavaFX Application Thread] sun.boot.library.path=C:\Program Files\Java\jre1.8.0_73\bin
17 Mar 2016, 18:39:56.981 [  FINER] [         FXGL.Logger] [JavaFX Application Thread] java.vm.version=25.73-b02
17 Mar 2016, 18:39:56.981 [  FINER] [         FXGL.Logger] [JavaFX Application Thread] java.runtime.name=Java(TM) SE Runtime Environment
17 Mar 2016, 18:39:56.982 [  FINER] [         FXGL.Logger] [JavaFX Application Thread] javafx.version=8.0.71
17 Mar 2016, 18:39:57.002 [   INFO] [        FXGL.Version] [JavaFX Application Thread] FXGL-0.2.1-SNAPSHOT
17 Mar 2016, 18:39:57.003 [   INFO] [        FXGL.Version] [JavaFX Application Thread] Source code and latest builds at: https://github.com/AlmasB/FXGL
17 Mar 2016, 18:39:57.059 [  FINER] [    FXGL.Application] [JavaFX Application Thread] Game_clinit()
17 Mar 2016, 18:39:57.070 [  FINER] [    FXGL.Application] [JavaFX-Launcher] FXGL_init()
17 Mar 2016, 18:39:57.105 [  FINER] [    FXGL.Application] [JavaFX Application Thread] FXGL_start()
17 Mar 2016, 18:39:57.105 [  FINER] [    FXGL.Application] [JavaFX Application Thread] Initializing system properties
17 Mar 2016, 18:39:57.109 [  FINER] [    FXGL.Application] [JavaFX Application Thread] sound.notification = system/notification.wav
17 Mar 2016, 18:39:57.110 [  FINER] [    FXGL.Application] [JavaFX Application Thread] asset.cache.size = 35
17 Mar 2016, 18:39:57.110 [  FINER] [    FXGL.Application] [JavaFX Application Thread] ui.font = Copperplate_Gothic_Light_Regular.ttf
17 Mar 2016, 18:39:57.110 [  FINER] [    FXGL.Application] [JavaFX Application Thread] sound.menu.back = menu/back.wav
17 Mar 2016, 18:39:57.111 [  FINER] [    FXGL.Application] [JavaFX Application Thread] sound.menu.select = menu/select.wav
17 Mar 2016, 18:39:57.111 [  FINER] [    FXGL.Application] [JavaFX Application Thread] physics.ppm = 50
17 Mar 2016, 18:39:57.111 [  FINER] [    FXGL.Application] [JavaFX Application Thread] ui.css = fxgl.css
17 Mar 2016, 18:39:57.112 [  FINER] [    FXGL.Application] [JavaFX Application Thread] ui.icon.name = fxgl_icon.png
17 Mar 2016, 18:39:57.112 [  FINER] [    FXGL.Application] [JavaFX Application Thread] sound.menu.press = menu/press.wav
17 Mar 2016, 18:39:57.112 [  FINER] [    FXGL.Application] [JavaFX Application Thread] Initializing user properties
17 Mar 2016, 18:39:57.113 [   INFO] [    FXGL.Application] [JavaFX Application Thread] User properties not found. Using system
17 Mar 2016, 18:39:57.130 [   INFO] [         FXGL.Logger] [JavaFX Application Thread] Logger level set to: CONFIG
17 Mar 2016, 18:39:57.131 [   INFO] [    FXGL.Application] [JavaFX Application Thread] Application Mode: DEVELOPER
17 Mar 2016, 18:39:57.630 [  FINER] [    FXGL.Application] [JavaFX Application Thread] Services configuration complete
17 Mar 2016, 18:39:57.637 [  FINER] [       FXGL.EventBus] [JavaFX Application Thread] Service [EventBus] initialized
17 Mar 2016, 18:39:57.640 [  FINER] [    FXGL.AssetLoader] [JavaFX Application Thread] Service [AssetLoader] initialized
17 Mar 2016, 18:39:57.641 [  FINER] [    FXGL.AssetLoader] [JavaFX Application Thread] Loading from disk: /assets/sounds/system/notification.wav
17 Mar 2016, 18:39:57.665 [  FINER] [    FXGL.AssetLoader] [JavaFX Application Thread] Loading from disk: /assets/sounds/menu/select.wav
17 Mar 2016, 18:39:57.668 [  FINER] [    FXGL.AssetLoader] [JavaFX Application Thread] Loading from disk: /assets/sounds/menu/back.wav
17 Mar 2016, 18:39:57.671 [  FINER] [    FXGL.AssetLoader] [JavaFX Application Thread] Loading from disk: /assets/sounds/menu/press.wav
17 Mar 2016, 18:39:57.675 [  FINER] [    FXGL.AssetLoader] [JavaFX Application Thread] Loading from disk: /assets/ui/fonts/Copperplate_Gothic_Light_Regular.ttf
17 Mar 2016, 18:39:57.753 [  FINER] [    FXGL.AssetLoader] [JavaFX Application Thread] Loading from disk: /assets/ui/css/fxgl.css
17 Mar 2016, 18:39:57.753 [  FINER] [    FXGL.AssetLoader] [JavaFX Application Thread] Loading from disk: /assets/ui/icons/fxgl_icon.png
17 Mar 2016, 18:39:57.790 [  FINER] [    FXGL.AssetLoader] [JavaFX Application Thread] Loading from disk: /assets/ui/css/fxgl_dark.css
17 Mar 2016, 18:39:57.865 [  FINER] [        FXGL.Display] [JavaFX Application Thread] Target size: 480.0x800.0@1.0
17 Mar 2016, 18:39:57.865 [  FINER] [        FXGL.Display] [JavaFX Application Thread] New size:    480.0x800.0@1.0
17 Mar 2016, 18:39:57.866 [  FINER] [        FXGL.Display] [JavaFX Application Thread] Service [Display] initialized
17 Mar 2016, 18:39:57.867 [  FINER] [        FXGL.Display] [JavaFX Application Thread] Using CSS: CSS[jar:file:/C:/Users/Anwar%20Saleeby/.m2/repository/com/github/AlmasB/FXGL/0.2.1-0.2.0-gba5970d-32/FXGL-0.2.1-0.2.0-gba5970d-32.jar!/assets/ui/css/fxgl_dark.css]
17 Mar 2016, 18:39:57.870 [  FINER] [          FXGL.Input] [JavaFX Application Thread] Service [Input] initialized
17 Mar 2016, 18:39:57.872 [  FINER] [    FXGL.AudioPlayer] [JavaFX Application Thread] Service [AudioPlayer] initialized
17 Mar 2016, 18:39:57.878 [  FINER] [    FXGL.MasterTimer] [JavaFX Application Thread] Service [MasterTimer] initialized
17 Mar 2016, 18:39:57.890 [  FINER] [      FXGL.GameScene] [JavaFX Application Thread] Game scene initialized
17 Mar 2016, 18:39:57.891 [  FINER] [FXGL.NotificationSer] [JavaFX Application Thread] Service [NotificationService] initialized
17 Mar 2016, 18:39:58.099 [  FINER] [      FXGL.GameWorld] [JavaFX Application Thread] Game world initialized
17 Mar 2016, 18:39:58.194 [  FINER] [   FXGL.PhysicsWorld] [JavaFX Application Thread] Physics world initialized
17 Mar 2016, 18:39:58.216 [  FINER] [    FXGL.Application] [JavaFX Application Thread] Game_start()
17 Mar 2016, 18:39:58.221 [  FINER] [    FXGL.Application] [JavaFX Application Thread] Saving data to profile
17 Mar 2016, 18:39:58.224 [  FINER] [    FXGL.UserProfile] [JavaFX Application Thread] Logging bundle: game
17 Mar 2016, 18:39:58.224 [  FINER] [    FXGL.UserProfile] [JavaFX Application Thread] game.playtime=1154016499
17 Mar 2016, 18:39:58.225 [  FINER] [       FXGL.EventBus] [JavaFX Application Thread] Firing event: SaveEvent
17 Mar 2016, 18:39:58.227 [  FINER] [        FXGL.Display] [JavaFX Application Thread] Saving data to profile
17 Mar 2016, 18:39:58.227 [  FINER] [    FXGL.UserProfile] [JavaFX Application Thread] Logging bundle: scene
17 Mar 2016, 18:39:58.228 [  FINER] [    FXGL.UserProfile] [JavaFX Application Thread] scene.sizeW=480.0
17 Mar 2016, 18:39:58.228 [  FINER] [    FXGL.UserProfile] [JavaFX Application Thread] scene.sizeH=800.0
17 Mar 2016, 18:39:58.228 [  FINER] [          FXGL.Input] [JavaFX Application Thread] Saving data to profile
17 Mar 2016, 18:39:58.228 [  FINER] [    FXGL.UserProfile] [JavaFX Application Thread] Logging bundle: input
17 Mar 2016, 18:39:58.228 [  FINER] [    FXGL.AudioPlayer] [JavaFX Application Thread] Saving data to profile
17 Mar 2016, 18:39:58.228 [  FINER] [    FXGL.UserProfile] [JavaFX Application Thread] Logging bundle: audio
17 Mar 2016, 18:39:58.229 [  FINER] [    FXGL.UserProfile] [JavaFX Application Thread] audio.musicVolume=0.5
17 Mar 2016, 18:39:58.229 [  FINER] [    FXGL.UserProfile] [JavaFX Application Thread] audio.soundVolume=0.5
17 Mar 2016, 18:39:58.229 [  FINER] [FXGL.AchievementMana] [JavaFX Application Thread] Saving data to profile
17 Mar 2016, 18:39:58.230 [  FINER] [    FXGL.UserProfile] [JavaFX Application Thread] Logging bundle: achievement
17 Mar 2016, 18:39:58.231 [  FINER] [    FXGL.Application] [JavaFX Application Thread] Starting new game
17 Mar 2016, 18:39:58.233 [  FINER] [    FXGL.Application] [JavaFX Application Thread] Initializing App
17 Mar 2016, 18:39:58.233 [  FINER] [    FXGL.Application] [JavaFX Application Thread] Pausing main loop
17 Mar 2016, 18:39:58.234 [  FINER] [       FXGL.EventBus] [JavaFX Application Thread] Firing event: FXGLEvent[type=PAUSE]
17 Mar 2016, 18:39:58.234 [  FINER] [          FXGL.Input] [JavaFX Application Thread] Clearing active input actions
17 Mar 2016, 18:39:58.234 [  FINER] [    FXGL.MasterTimer] [JavaFX Application Thread] Stopping master timer
17 Mar 2016, 18:39:58.234 [  FINER] [    FXGL.Application] [JavaFX Application Thread] State: STARTUP -> PAUSED
17 Mar 2016, 18:39:58.235 [  FINER] [    FXGL.Application] [JavaFX Application Thread] Resetting FXGL application
17 Mar 2016, 18:39:58.235 [  FINER] [       FXGL.EventBus] [JavaFX Application Thread] Firing event: FXGLEvent[type=RESET]
17 Mar 2016, 18:39:58.235 [  FINER] [          FXGL.Input] [JavaFX Application Thread] Clearing active input actions
17 Mar 2016, 18:39:58.235 [  FINER] [    FXGL.MasterTimer] [JavaFX Application Thread] Resetting ticks to 0
17 Mar 2016, 18:39:58.236 [  FINER] [    FXGL.MasterTimer] [JavaFX Application Thread] Clearing all scheduled actions
17 Mar 2016, 18:39:58.236 [  FINER] [      FXGL.GameScene] [JavaFX Application Thread] Resetting game scene
17 Mar 2016, 18:39:58.236 [  FINER] [      FXGL.GameWorld] [JavaFX Application Thread] Resetting game world
17 Mar 2016, 18:39:58.238 [  FINER] [    FXGL.Application] [JavaFX Application Thread] State: PAUSED -> LOADING
17 Mar 2016, 18:39:58.269 [  FINER] [    FXGL.Application] [JavaFX Application Thread] Starting FXGL Init Thread
17 Mar 2016, 18:39:58.270 [  FINER] [    FXGL.Application] [FXGL Init Thread] Initializing Assets
17 Mar 2016, 18:39:58.272 [  FINER] [    FXGL.AssetLoader] [FXGL Init Thread] Loading from disk: /assets/textures/spaceshipReduced.png
17 Mar 2016, 18:39:58.278 [  FINER] [    FXGL.AssetLoader] [FXGL Init Thread] Loading from disk: /assets/textures/enemyReduced.png
17 Mar 2016, 18:39:58.279 [  FINER] [    FXGL.Application] [FXGL Init Thread] Initializing Game
17 Mar 2016, 18:39:58.300 [  FINER] [    FXGL.AssetLoader] [FXGL Init Thread] Loading from disk: /assets/textures/enemyReduced3.png
17 Mar 2016, 18:39:58.314 [  FINER] [    FXGL.AssetLoader] [FXGL Init Thread] Loading from cache: /assets/textures/enemyReduced3.png
17 Mar 2016, 18:39:58.316 [  FINER] [    FXGL.AssetLoader] [FXGL Init Thread] Loading from cache: /assets/textures/enemyReduced3.png
17 Mar 2016, 18:39:58.318 [  FINER] [    FXGL.AssetLoader] [FXGL Init Thread] Loading from disk: /assets/textures/enemyReduced1.png
17 Mar 2016, 18:39:58.320 [  FINER] [    FXGL.AssetLoader] [FXGL Init Thread] Loading from cache: /assets/textures/enemyReduced3.png
17 Mar 2016, 18:39:58.322 [  FINER] [    FXGL.AssetLoader] [FXGL Init Thread] Loading from cache: /assets/textures/enemyReduced3.png
17 Mar 2016, 18:39:58.323 [  FINER] [    FXGL.AssetLoader] [FXGL Init Thread] Loading from cache: /assets/textures/enemyReduced1.png
17 Mar 2016, 18:39:58.325 [  FINER] [    FXGL.AssetLoader] [FXGL Init Thread] Loading from cache: /assets/textures/enemyReduced3.png
17 Mar 2016, 18:39:58.326 [  FINER] [    FXGL.AssetLoader] [FXGL Init Thread] Loading from cache: /assets/textures/enemyReduced1.png
17 Mar 2016, 18:39:58.327 [  FINER] [    FXGL.AssetLoader] [FXGL Init Thread] Loading from disk: /assets/textures/enemyReduced2.png
17 Mar 2016, 18:39:58.329 [  FINER] [    FXGL.AssetLoader] [FXGL Init Thread] Loading from cache: /assets/textures/enemyReduced1.png
17 Mar 2016, 18:39:58.330 [  FINER] [    FXGL.AssetLoader] [FXGL Init Thread] Loading from cache: /assets/textures/enemyReduced1.png
17 Mar 2016, 18:39:58.330 [  FINER] [    FXGL.AssetLoader] [FXGL Init Thread] Loading from cache: /assets/textures/enemyReduced2.png
17 Mar 2016, 18:39:58.331 [  FINER] [    FXGL.AssetLoader] [FXGL Init Thread] Loading from cache: /assets/textures/enemyReduced2.png
17 Mar 2016, 18:39:58.332 [  FINER] [    FXGL.AssetLoader] [FXGL Init Thread] Loading from cache: /assets/textures/enemyReduced2.png
17 Mar 2016, 18:39:58.333 [  FINER] [    FXGL.AssetLoader] [FXGL Init Thread] Loading from cache: /assets/textures/enemyReduced2.png
17 Mar 2016, 18:39:58.334 [  FINER] [    FXGL.AssetLoader] [FXGL Init Thread] Loading from cache: /assets/textures/enemyReduced1.png
17 Mar 2016, 18:39:58.335 [  FINER] [    FXGL.AssetLoader] [FXGL Init Thread] Loading from cache: /assets/textures/enemyReduced3.png
17 Mar 2016, 18:39:58.336 [  FINER] [    FXGL.AssetLoader] [FXGL Init Thread] Loading from cache: /assets/textures/enemyReduced3.png
17 Mar 2016, 18:39:58.337 [  FINER] [    FXGL.AssetLoader] [FXGL Init Thread] Loading from cache: /assets/textures/enemyReduced3.png
17 Mar 2016, 18:39:58.338 [  FINER] [    FXGL.AssetLoader] [FXGL Init Thread] Loading from cache: /assets/textures/enemyReduced1.png
17 Mar 2016, 18:39:58.340 [  FINER] [    FXGL.AssetLoader] [FXGL Init Thread] Loading from cache: /assets/textures/enemyReduced3.png
17 Mar 2016, 18:39:58.341 [  FINER] [    FXGL.AssetLoader] [FXGL Init Thread] Loading from cache: /assets/textures/enemyReduced3.png
17 Mar 2016, 18:39:58.343 [  FINER] [    FXGL.AssetLoader] [FXGL Init Thread] Loading from cache: /assets/textures/enemyReduced3.png
17 Mar 2016, 18:39:58.347 [  FINER] [    FXGL.AssetLoader] [FXGL Init Thread] Loading from cache: /assets/textures/enemyReduced1.png
17 Mar 2016, 18:39:58.349 [  FINER] [    FXGL.AssetLoader] [FXGL Init Thread] Loading from cache: /assets/textures/enemyReduced2.png
17 Mar 2016, 18:39:58.358 [  FINER] [    FXGL.AssetLoader] [FXGL Init Thread] Loading from cache: /assets/textures/enemyReduced1.png
17 Mar 2016, 18:39:58.361 [  FINER] [    FXGL.AssetLoader] [FXGL Init Thread] Loading from cache: /assets/textures/enemyReduced2.png
17 Mar 2016, 18:39:58.363 [  FINER] [    FXGL.AssetLoader] [FXGL Init Thread] Loading from cache: /assets/textures/enemyReduced2.png
17 Mar 2016, 18:39:58.364 [  FINER] [    FXGL.AssetLoader] [FXGL Init Thread] Loading from cache: /assets/textures/enemyReduced1.png
17 Mar 2016, 18:39:58.365 [  FINER] [    FXGL.AssetLoader] [FXGL Init Thread] Loading from cache: /assets/textures/enemyReduced1.png
17 Mar 2016, 18:39:58.370 [  FINER] [    FXGL.AssetLoader] [FXGL Init Thread] Loading from cache: /assets/textures/enemyReduced2.png
17 Mar 2016, 18:39:58.372 [  FINER] [    FXGL.AssetLoader] [FXGL Init Thread] Loading from cache: /assets/textures/enemyReduced3.png
17 Mar 2016, 18:39:58.374 [  FINER] [    FXGL.AssetLoader] [FXGL Init Thread] Loading from cache: /assets/textures/enemyReduced1.png
17 Mar 2016, 18:39:58.375 [  FINER] [    FXGL.AssetLoader] [FXGL Init Thread] Loading from cache: /assets/textures/enemyReduced2.png
17 Mar 2016, 18:39:58.376 [  FINER] [    FXGL.AssetLoader] [FXGL Init Thread] Loading from cache: /assets/textures/enemyReduced1.png
17 Mar 2016, 18:39:58.377 [  FINER] [    FXGL.AssetLoader] [FXGL Init Thread] Loading from cache: /assets/textures/enemyReduced3.png
17 Mar 2016, 18:39:58.377 [  FINER] [    FXGL.AssetLoader] [FXGL Init Thread] Loading from cache: /assets/textures/enemyReduced2.png
17 Mar 2016, 18:39:58.378 [  FINER] [    FXGL.AssetLoader] [FXGL Init Thread] Loading from cache: /assets/textures/enemyReduced1.png
17 Mar 2016, 18:39:58.380 [  FINER] [    FXGL.AssetLoader] [FXGL Init Thread] Loading from cache: /assets/textures/enemyReduced2.png
17 Mar 2016, 18:39:58.381 [  FINER] [    FXGL.AssetLoader] [FXGL Init Thread] Loading from cache: /assets/textures/enemyReduced2.png
17 Mar 2016, 18:39:58.383 [  FINER] [    FXGL.AssetLoader] [FXGL Init Thread] Loading from cache: /assets/textures/enemyReduced1.png
17 Mar 2016, 18:39:58.384 [  FINER] [    FXGL.AssetLoader] [FXGL Init Thread] Loading from cache: /assets/textures/enemyReduced2.png
17 Mar 2016, 18:39:58.385 [  FINER] [    FXGL.AssetLoader] [FXGL Init Thread] Loading from cache: /assets/textures/enemyReduced1.png
17 Mar 2016, 18:39:58.386 [  FINER] [    FXGL.AssetLoader] [FXGL Init Thread] Loading from cache: /assets/textures/enemyReduced1.png
17 Mar 2016, 18:39:58.388 [  FINER] [    FXGL.AssetLoader] [FXGL Init Thread] Loading from cache: /assets/textures/enemyReduced3.png
17 Mar 2016, 18:39:58.389 [  FINER] [    FXGL.AssetLoader] [FXGL Init Thread] Loading from cache: /assets/textures/enemyReduced2.png
17 Mar 2016, 18:39:58.390 [  FINER] [    FXGL.AssetLoader] [FXGL Init Thread] Loading from cache: /assets/textures/enemyReduced2.png
17 Mar 2016, 18:39:58.391 [  FINER] [    FXGL.AssetLoader] [FXGL Init Thread] Loading from cache: /assets/textures/enemyReduced1.png
17 Mar 2016, 18:39:58.392 [  FINER] [    FXGL.AssetLoader] [FXGL Init Thread] Loading from cache: /assets/textures/enemyReduced2.png
17 Mar 2016, 18:39:58.393 [  FINER] [    FXGL.Application] [FXGL Init Thread] Initializing Physics
17 Mar 2016, 18:39:58.394 [  FINER] [    FXGL.Application] [FXGL Init Thread] Initializing UI
17 Mar 2016, 18:39:58.399 [  FINER] [    FXGL.Application] [FXGL Init Thread] Initialization Complete
17 Mar 2016, 18:39:58.489 [  FINER] [    FXGL.Application] [JavaFX Application Thread] Showing stage
17 Mar 2016, 18:39:58.490 [  FINER] [    FXGL.Application] [JavaFX Application Thread] Root size: 480.0x800.0
17 Mar 2016, 18:39:58.490 [  FINER] [    FXGL.Application] [JavaFX Application Thread] Scene size: 480.0x800.0
17 Mar 2016, 18:39:58.490 [  FINER] [    FXGL.Application] [JavaFX Application Thread] Stage size: 486.0x829.0
17 Mar 2016, 18:39:58.517 [  FINER] [       FXGL.EventBus] [JavaFX Application Thread] Firing event: FXGLEvent[type=INIT_APP_COMPLETE]
17 Mar 2016, 18:39:58.517 [  FINER] [    FXGL.Application] [JavaFX Application Thread] Resuming main loop
17 Mar 2016, 18:39:58.517 [  FINER] [       FXGL.EventBus] [JavaFX Application Thread] Firing event: FXGLEvent[type=RESUME]
17 Mar 2016, 18:39:58.518 [  FINER] [          FXGL.Input] [JavaFX Application Thread] Clearing active input actions
17 Mar 2016, 18:39:58.518 [  FINER] [    FXGL.MasterTimer] [JavaFX Application Thread] Starting master timer
17 Mar 2016, 18:39:58.518 [  FINER] [    FXGL.Application] [JavaFX Application Thread] State: LOADING -> PLAYING
17 Mar 2016, 18:39:58.531 [  FINER] [       FXGL.EventBus] [JavaFX Application Thread] Firing event: WorldEvent[type=ENTITY_ADDED]
17 Mar 2016, 18:39:58.532 [  FINER] [      FXGL.GameScene] [JavaFX Application Thread] Entity added to scene
17 Mar 2016, 18:39:58.532 [  FINER] [      FXGL.GameScene] [JavaFX Application Thread] Added MainViewComponent
17 Mar 2016, 18:39:58.535 [  FINER] [      FXGL.GameScene] [JavaFX Application Thread] Creating render group for layer: TOP(2147483647)
17 Mar 2016, 18:39:58.543 [  FINER] [       FXGL.EventBus] [JavaFX Application Thread] Firing event: WorldEvent[type=ENTITY_ADDED]
17 Mar 2016, 18:39:58.543 [  FINER] [      FXGL.GameScene] [JavaFX Application Thread] Entity added to scene
17 Mar 2016, 18:39:58.543 [  FINER] [      FXGL.GameScene] [JavaFX Application Thread] Added MainViewComponent
17 Mar 2016, 18:39:58.544 [  FINER] [       FXGL.EventBus] [JavaFX Application Thread] Firing event: WorldEvent[type=ENTITY_ADDED]
17 Mar 2016, 18:39:58.544 [  FINER] [      FXGL.GameScene] [JavaFX Application Thread] Entity added to scene
17 Mar 2016, 18:39:58.544 [  FINER] [      FXGL.GameScene] [JavaFX Application Thread] Added MainViewComponent
17 Mar 2016, 18:39:58.545 [  FINER] [       FXGL.EventBus] [JavaFX Application Thread] Firing event: WorldEvent[type=ENTITY_ADDED]
17 Mar 2016, 18:39:58.545 [  FINER] [      FXGL.GameScene] [JavaFX Application Thread] Entity added to scene
17 Mar 2016, 18:39:58.546 [  FINER] [      FXGL.GameScene] [JavaFX Application Thread] Added MainViewComponent
17 Mar 2016, 18:39:58.546 [  FINER] [       FXGL.EventBus] [JavaFX Application Thread] Firing event: WorldEvent[type=ENTITY_ADDED]
17 Mar 2016, 18:39:58.547 [  FINER] [      FXGL.GameScene] [JavaFX Application Thread] Entity added to scene
17 Mar 2016, 18:39:58.547 [  FINER] [      FXGL.GameScene] [JavaFX Application Thread] Added MainViewComponent
17 Mar 2016, 18:39:58.547 [  FINER] [       FXGL.EventBus] [JavaFX Application Thread] Firing event: WorldEvent[type=ENTITY_ADDED]
17 Mar 2016, 18:39:58.548 [  FINER] [      FXGL.GameScene] [JavaFX Application Thread] Entity added to scene
17 Mar 2016, 18:39:58.548 [  FINER] [      FXGL.GameScene] [JavaFX Application Thread] Added MainViewComponent
17 Mar 2016, 18:39:58.548 [  FINER] [       FXGL.EventBus] [JavaFX Application Thread] Firing event: WorldEvent[type=ENTITY_ADDED]
17 Mar 2016, 18:39:58.549 [  FINER] [      FXGL.GameScene] [JavaFX Application Thread] Entity added to scene
17 Mar 2016, 18:39:58.549 [  FINER] [      FXGL.GameScene] [JavaFX Application Thread] Added MainViewComponent
17 Mar 2016, 18:39:58.549 [  FINER] [       FXGL.EventBus] [JavaFX Application Thread] Firing event: WorldEvent[type=ENTITY_ADDED]
17 Mar 2016, 18:39:58.550 [  FINER] [      FXGL.GameScene] [JavaFX Application Thread] Entity added to scene
17 Mar 2016, 18:39:58.550 [  FINER] [      FXGL.GameScene] [JavaFX Application Thread] Added MainViewComponent
17 Mar 2016, 18:39:58.550 [  FINER] [       FXGL.EventBus] [JavaFX Application Thread] Firing event: WorldEvent[type=ENTITY_ADDED]
17 Mar 2016, 18:39:58.551 [  FINER] [      FXGL.GameScene] [JavaFX Application Thread] Entity added to scene
17 Mar 2016, 18:39:58.551 [  FINER] [      FXGL.GameScene] [JavaFX Application Thread] Added MainViewComponent
17 Mar 2016, 18:39:58.551 [  FINER] [       FXGL.EventBus] [JavaFX Application Thread] Firing event: WorldEvent[type=ENTITY_ADDED]
17 Mar 2016, 18:39:58.551 [  FINER] [      FXGL.GameScene] [JavaFX Application Thread] Entity added to scene
17 Mar 2016, 18:39:58.551 [  FINER] [      FXGL.GameScene] [JavaFX Application Thread] Added MainViewComponent
17 Mar 2016, 18:39:58.552 [  FINER] [       FXGL.EventBus] [JavaFX Application Thread] Firing event: WorldEvent[type=ENTITY_ADDED]
17 Mar 2016, 18:39:58.552 [  FINER] [      FXGL.GameScene] [JavaFX Application Thread] Entity added to scene
17 Mar 2016, 18:39:58.552 [  FINER] [      FXGL.GameScene] [JavaFX Application Thread] Added MainViewComponent
17 Mar 2016, 18:39:58.553 [  FINER] [       FXGL.EventBus] [JavaFX Application Thread] Firing event: WorldEvent[type=ENTITY_ADDED]
17 Mar 2016, 18:39:58.554 [  FINER] [      FXGL.GameScene] [JavaFX Application Thread] Entity added to scene
17 Mar 2016, 18:39:58.554 [  FINER] [      FXGL.GameScene] [JavaFX Application Thread] Added MainViewComponent
17 Mar 2016, 18:39:58.555 [  FINER] [       FXGL.EventBus] [JavaFX Application Thread] Firing event: WorldEvent[type=ENTITY_ADDED]
17 Mar 2016, 18:39:58.556 [  FINER] [      FXGL.GameScene] [JavaFX Application Thread] Entity added to scene
17 Mar 2016, 18:39:58.556 [  FINER] [      FXGL.GameScene] [JavaFX Application Thread] Added MainViewComponent
17 Mar 2016, 18:39:58.556 [  FINER] [       FXGL.EventBus] [JavaFX Application Thread] Firing event: WorldEvent[type=ENTITY_ADDED]
17 Mar 2016, 18:39:58.557 [  FINER] [      FXGL.GameScene] [JavaFX Application Thread] Entity added to scene
17 Mar 2016, 18:39:58.557 [  FINER] [      FXGL.GameScene] [JavaFX Application Thread] Added MainViewComponent
17 Mar 2016, 18:39:58.557 [  FINER] [       FXGL.EventBus] [JavaFX Application Thread] Firing event: WorldEvent[type=ENTITY_ADDED]
17 Mar 2016, 18:39:58.557 [  FINER] [      FXGL.GameScene] [JavaFX Application Thread] Entity added to scene
17 Mar 2016, 18:39:58.557 [  FINER] [      FXGL.GameScene] [JavaFX Application Thread] Added MainViewComponent
17 Mar 2016, 18:39:58.558 [  FINER] [       FXGL.EventBus] [JavaFX Application Thread] Firing event: WorldEvent[type=ENTITY_ADDED]
17 Mar 2016, 18:39:58.558 [  FINER] [      FXGL.GameScene] [JavaFX Application Thread] Entity added to scene
17 Mar 2016, 18:39:58.558 [  FINER] [      FXGL.GameScene] [JavaFX Application Thread] Added MainViewComponent
17 Mar 2016, 18:39:58.558 [  FINER] [       FXGL.EventBus] [JavaFX Application Thread] Firing event: WorldEvent[type=ENTITY_ADDED]
17 Mar 2016, 18:39:58.559 [  FINER] [      FXGL.GameScene] [JavaFX Application Thread] Entity added to scene
17 Mar 2016, 18:39:58.559 [  FINER] [      FXGL.GameScene] [JavaFX Application Thread] Added MainViewComponent
17 Mar 2016, 18:39:58.559 [  FINER] [       FXGL.EventBus] [JavaFX Application Thread] Firing event: WorldEvent[type=ENTITY_ADDED]
17 Mar 2016, 18:39:58.559 [  FINER] [      FXGL.GameScene] [JavaFX Application Thread] Entity added to scene
17 Mar 2016, 18:39:58.559 [  FINER] [      FXGL.GameScene] [JavaFX Application Thread] Added MainViewComponent
17 Mar 2016, 18:39:58.560 [  FINER] [       FXGL.EventBus] [JavaFX Application Thread] Firing event: WorldEvent[type=ENTITY_ADDED]
17 Mar 2016, 18:39:58.560 [  FINER] [      FXGL.GameScene] [JavaFX Application Thread] Entity added to scene
17 Mar 2016, 18:39:58.560 [  FINER] [      FXGL.GameScene] [JavaFX Application Thread] Added MainViewComponent
17 Mar 2016, 18:39:58.560 [  FINER] [       FXGL.EventBus] [JavaFX Application Thread] Firing event: WorldEvent[type=ENTITY_ADDED]
17 Mar 2016, 18:39:58.560 [  FINER] [      FXGL.GameScene] [JavaFX Application Thread] Entity added to scene
17 Mar 2016, 18:39:58.560 [  FINER] [      FXGL.GameScene] [JavaFX Application Thread] Added MainViewComponent
17 Mar 2016, 18:39:58.561 [  FINER] [       FXGL.EventBus] [JavaFX Application Thread] Firing event: WorldEvent[type=ENTITY_ADDED]
17 Mar 2016, 18:39:58.561 [  FINER] [      FXGL.GameScene] [JavaFX Application Thread] Entity added to scene
17 Mar 2016, 18:39:58.561 [  FINER] [      FXGL.GameScene] [JavaFX Application Thread] Added MainViewComponent
17 Mar 2016, 18:39:58.561 [  FINER] [       FXGL.EventBus] [JavaFX Application Thread] Firing event: WorldEvent[type=ENTITY_ADDED]
17 Mar 2016, 18:39:58.561 [  FINER] [      FXGL.GameScene] [JavaFX Application Thread] Entity added to scene
17 Mar 2016, 18:39:58.562 [  FINER] [      FXGL.GameScene] [JavaFX Application Thread] Added MainViewComponent
17 Mar 2016, 18:39:58.562 [  FINER] [       FXGL.EventBus] [JavaFX Application Thread] Firing event: WorldEvent[type=ENTITY_ADDED]
17 Mar 2016, 18:39:58.562 [  FINER] [      FXGL.GameScene] [JavaFX Application Thread] Entity added to scene
17 Mar 2016, 18:39:58.562 [  FINER] [      FXGL.GameScene] [JavaFX Application Thread] Added MainViewComponent
17 Mar 2016, 18:39:58.562 [  FINER] [       FXGL.EventBus] [JavaFX Application Thread] Firing event: WorldEvent[type=ENTITY_ADDED]
17 Mar 2016, 18:39:58.563 [  FINER] [      FXGL.GameScene] [JavaFX Application Thread] Entity added to scene
17 Mar 2016, 18:39:58.563 [  FINER] [      FXGL.GameScene] [JavaFX Application Thread] Added MainViewComponent
17 Mar 2016, 18:39:58.563 [  FINER] [       FXGL.EventBus] [JavaFX Application Thread] Firing event: WorldEvent[type=ENTITY_ADDED]
17 Mar 2016, 18:39:58.563 [  FINER] [      FXGL.GameScene] [JavaFX Application Thread] Entity added to scene
17 Mar 2016, 18:39:58.563 [  FINER] [      FXGL.GameScene] [JavaFX Application Thread] Added MainViewComponent
17 Mar 2016, 18:39:58.563 [  FINER] [       FXGL.EventBus] [JavaFX Application Thread] Firing event: WorldEvent[type=ENTITY_ADDED]
17 Mar 2016, 18:39:58.564 [  FINER] [      FXGL.GameScene] [JavaFX Application Thread] Entity added to scene
17 Mar 2016, 18:39:58.564 [  FINER] [      FXGL.GameScene] [JavaFX Application Thread] Added MainViewComponent
17 Mar 2016, 18:39:58.564 [  FINER] [       FXGL.EventBus] [JavaFX Application Thread] Firing event: WorldEvent[type=ENTITY_ADDED]
17 Mar 2016, 18:39:58.564 [  FINER] [      FXGL.GameScene] [JavaFX Application Thread] Entity added to scene
17 Mar 2016, 18:39:58.565 [  FINER] [      FXGL.GameScene] [JavaFX Application Thread] Added MainViewComponent
17 Mar 2016, 18:39:58.565 [  FINER] [       FXGL.EventBus] [JavaFX Application Thread] Firing event: WorldEvent[type=ENTITY_ADDED]
17 Mar 2016, 18:39:58.565 [  FINER] [      FXGL.GameScene] [JavaFX Application Thread] Entity added to scene
17 Mar 2016, 18:39:58.566 [  FINER] [      FXGL.GameScene] [JavaFX Application Thread] Added MainViewComponent
17 Mar 2016, 18:39:58.566 [  FINER] [       FXGL.EventBus] [JavaFX Application Thread] Firing event: WorldEvent[type=ENTITY_ADDED]
17 Mar 2016, 18:39:58.567 [  FINER] [      FXGL.GameScene] [JavaFX Application Thread] Entity added to scene
17 Mar 2016, 18:39:58.567 [  FINER] [      FXGL.GameScene] [JavaFX Application Thread] Added MainViewComponent
17 Mar 2016, 18:39:58.567 [  FINER] [       FXGL.EventBus] [JavaFX Application Thread] Firing event: WorldEvent[type=ENTITY_ADDED]
17 Mar 2016, 18:39:58.568 [  FINER] [      FXGL.GameScene] [JavaFX Application Thread] Entity added to scene
17 Mar 2016, 18:39:58.568 [  FINER] [      FXGL.GameScene] [JavaFX Application Thread] Added MainViewComponent
17 Mar 2016, 18:39:58.568 [  FINER] [       FXGL.EventBus] [JavaFX Application Thread] Firing event: WorldEvent[type=ENTITY_ADDED]
17 Mar 2016, 18:39:58.570 [  FINER] [      FXGL.GameScene] [JavaFX Application Thread] Entity added to scene
17 Mar 2016, 18:39:58.570 [  FINER] [      FXGL.GameScene] [JavaFX Application Thread] Added MainViewComponent
17 Mar 2016, 18:39:58.572 [  FINER] [       FXGL.EventBus] [JavaFX Application Thread] Firing event: WorldEvent[type=ENTITY_ADDED]
17 Mar 2016, 18:39:58.572 [  FINER] [      FXGL.GameScene] [JavaFX Application Thread] Entity added to scene
17 Mar 2016, 18:39:58.572 [  FINER] [      FXGL.GameScene] [JavaFX Application Thread] Added MainViewComponent
17 Mar 2016, 18:39:58.573 [  FINER] [       FXGL.EventBus] [JavaFX Application Thread] Firing event: WorldEvent[type=ENTITY_ADDED]
17 Mar 2016, 18:39:58.574 [  FINER] [      FXGL.GameScene] [JavaFX Application Thread] Entity added to scene
17 Mar 2016, 18:39:58.574 [  FINER] [      FXGL.GameScene] [JavaFX Application Thread] Added MainViewComponent
17 Mar 2016, 18:39:58.574 [  FINER] [       FXGL.EventBus] [JavaFX Application Thread] Firing event: WorldEvent[type=ENTITY_ADDED]
17 Mar 2016, 18:39:58.575 [  FINER] [      FXGL.GameScene] [JavaFX Application Thread] Entity added to scene
17 Mar 2016, 18:39:58.575 [  FINER] [      FXGL.GameScene] [JavaFX Application Thread] Added MainViewComponent
17 Mar 2016, 18:39:58.576 [  FINER] [       FXGL.EventBus] [JavaFX Application Thread] Firing event: WorldEvent[type=ENTITY_ADDED]
17 Mar 2016, 18:39:58.576 [  FINER] [      FXGL.GameScene] [JavaFX Application Thread] Entity added to scene
17 Mar 2016, 18:39:58.576 [  FINER] [      FXGL.GameScene] [JavaFX Application Thread] Added MainViewComponent
17 Mar 2016, 18:39:58.576 [  FINER] [       FXGL.EventBus] [JavaFX Application Thread] Firing event: WorldEvent[type=ENTITY_ADDED]
17 Mar 2016, 18:39:58.577 [  FINER] [      FXGL.GameScene] [JavaFX Application Thread] Entity added to scene
17 Mar 2016, 18:39:58.577 [  FINER] [      FXGL.GameScene] [JavaFX Application Thread] Added MainViewComponent
17 Mar 2016, 18:39:58.577 [  FINER] [       FXGL.EventBus] [JavaFX Application Thread] Firing event: WorldEvent[type=ENTITY_ADDED]
17 Mar 2016, 18:39:58.578 [  FINER] [      FXGL.GameScene] [JavaFX Application Thread] Entity added to scene
17 Mar 2016, 18:39:58.578 [  FINER] [      FXGL.GameScene] [JavaFX Application Thread] Added MainViewComponent
17 Mar 2016, 18:39:58.578 [  FINER] [       FXGL.EventBus] [JavaFX Application Thread] Firing event: WorldEvent[type=ENTITY_ADDED]
17 Mar 2016, 18:39:58.578 [  FINER] [      FXGL.GameScene] [JavaFX Application Thread] Entity added to scene
17 Mar 2016, 18:39:58.578 [  FINER] [      FXGL.GameScene] [JavaFX Application Thread] Added MainViewComponent
17 Mar 2016, 18:39:58.579 [  FINER] [       FXGL.EventBus] [JavaFX Application Thread] Firing event: WorldEvent[type=ENTITY_ADDED]
17 Mar 2016, 18:39:58.580 [  FINER] [      FXGL.GameScene] [JavaFX Application Thread] Entity added to scene
17 Mar 2016, 18:39:58.580 [  FINER] [      FXGL.GameScene] [JavaFX Application Thread] Added MainViewComponent
17 Mar 2016, 18:39:58.580 [  FINER] [       FXGL.EventBus] [JavaFX Application Thread] Firing event: WorldEvent[type=ENTITY_ADDED]
17 Mar 2016, 18:39:58.580 [  FINER] [      FXGL.GameScene] [JavaFX Application Thread] Entity added to scene
17 Mar 2016, 18:39:58.581 [  FINER] [      FXGL.GameScene] [JavaFX Application Thread] Added MainViewComponent
17 Mar 2016, 18:39:58.581 [  FINER] [       FXGL.EventBus] [JavaFX Application Thread] Firing event: WorldEvent[type=ENTITY_ADDED]
17 Mar 2016, 18:39:58.581 [  FINER] [      FXGL.GameScene] [JavaFX Application Thread] Entity added to scene
17 Mar 2016, 18:39:58.582 [  FINER] [      FXGL.GameScene] [JavaFX Application Thread] Added MainViewComponent
17 Mar 2016, 18:39:58.582 [  FINER] [       FXGL.EventBus] [JavaFX Application Thread] Firing event: WorldEvent[type=ENTITY_ADDED]
17 Mar 2016, 18:39:58.582 [  FINER] [      FXGL.GameScene] [JavaFX Application Thread] Entity added to scene
17 Mar 2016, 18:39:58.583 [  FINER] [      FXGL.GameScene] [JavaFX Application Thread] Added MainViewComponent
17 Mar 2016, 18:39:58.583 [  FINER] [       FXGL.EventBus] [JavaFX Application Thread] Firing event: WorldEvent[type=ENTITY_ADDED]
17 Mar 2016, 18:39:58.583 [  FINER] [      FXGL.GameScene] [JavaFX Application Thread] Entity added to scene
17 Mar 2016, 18:39:58.584 [  FINER] [      FXGL.GameScene] [JavaFX Application Thread] Added MainViewComponent
17 Mar 2016, 18:39:58.584 [  FINER] [       FXGL.EventBus] [JavaFX Application Thread] Firing event: WorldEvent[type=ENTITY_ADDED]
17 Mar 2016, 18:39:58.584 [  FINER] [      FXGL.GameScene] [JavaFX Application Thread] Entity added to scene
17 Mar 2016, 18:39:58.584 [  FINER] [      FXGL.GameScene] [JavaFX Application Thread] Added MainViewComponent
17 Mar 2016, 18:39:58.585 [  FINER] [       FXGL.EventBus] [JavaFX Application Thread] Firing event: WorldEvent[type=ENTITY_ADDED]
17 Mar 2016, 18:39:58.585 [  FINER] [      FXGL.GameScene] [JavaFX Application Thread] Entity added to scene
17 Mar 2016, 18:39:58.585 [  FINER] [      FXGL.GameScene] [JavaFX Application Thread] Added MainViewComponent
17 Mar 2016, 18:39:58.586 [  FINER] [       FXGL.EventBus] [JavaFX Application Thread] Firing event: WorldEvent[type=ENTITY_ADDED]
17 Mar 2016, 18:39:58.586 [  FINER] [      FXGL.GameScene] [JavaFX Application Thread] Entity added to scene
17 Mar 2016, 18:39:58.586 [  FINER] [      FXGL.GameScene] [JavaFX Application Thread] Added MainViewComponent
17 Mar 2016, 18:39:58.588 [  FINER] [       FXGL.EventBus] [JavaFX Application Thread] Firing event: WorldEvent[type=ENTITY_ADDED]
17 Mar 2016, 18:39:58.588 [  FINER] [      FXGL.GameScene] [JavaFX Application Thread] Entity added to scene
17 Mar 2016, 18:39:58.589 [  FINER] [      FXGL.GameScene] [JavaFX Application Thread] Added MainViewComponent
17 Mar 2016, 18:39:58.590 [  FINER] [       FXGL.EventBus] [JavaFX Application Thread] Firing event: WorldEvent[type=ENTITY_ADDED]
17 Mar 2016, 18:39:58.590 [  FINER] [      FXGL.GameScene] [JavaFX Application Thread] Entity added to scene
17 Mar 2016, 18:39:58.590 [  FINER] [      FXGL.GameScene] [JavaFX Application Thread] Added MainViewComponent
17 Mar 2016, 18:39:58.591 [  FINER] [       FXGL.EventBus] [JavaFX Application Thread] Firing event: WorldEvent[type=ENTITY_ADDED]
17 Mar 2016, 18:39:58.591 [  FINER] [      FXGL.GameScene] [JavaFX Application Thread] Entity added to scene
17 Mar 2016, 18:39:58.592 [  FINER] [      FXGL.GameScene] [JavaFX Application Thread] Added MainViewComponent
17 Mar 2016, 18:39:58.592 [  FINER] [       FXGL.EventBus] [JavaFX Application Thread] Firing event: WorldEvent[type=ENTITY_ADDED]
17 Mar 2016, 18:39:58.593 [  FINER] [      FXGL.GameScene] [JavaFX Application Thread] Entity added to scene
17 Mar 2016, 18:39:58.593 [  FINER] [      FXGL.GameScene] [JavaFX Application Thread] Added MainViewComponent
17 Mar 2016, 18:39:58.593 [  FINER] [       FXGL.EventBus] [JavaFX Application Thread] Firing event: WorldEvent[type=ENTITY_ADDED]
17 Mar 2016, 18:39:58.594 [  FINER] [      FXGL.GameScene] [JavaFX Application Thread] Entity added to scene
17 Mar 2016, 18:39:58.594 [  FINER] [      FXGL.GameScene] [JavaFX Application Thread] Added MainViewComponent
17 Mar 2016, 18:39:58.594 [  FINER] [       FXGL.EventBus] [JavaFX Application Thread] Firing event: WorldEvent[type=ENTITY_ADDED]
17 Mar 2016, 18:39:58.595 [  FINER] [      FXGL.GameScene] [JavaFX Application Thread] Entity added to scene
17 Mar 2016, 18:39:58.595 [  FINER] [      FXGL.GameScene] [JavaFX Application Thread] Added MainViewComponent
17 Mar 2016, 18:41:43.989 [  FINER] [       FXGL.EventBus] [JavaFX Application Thread] Firing event: DisplayEvent[type=DIALOG_OPENED]
17 Mar 2016, 18:41:43.989 [  FINER] [    FXGL.Application] [JavaFX Application Thread] Pausing main loop
17 Mar 2016, 18:41:43.989 [  FINER] [       FXGL.EventBus] [JavaFX Application Thread] Firing event: FXGLEvent[type=PAUSE]
17 Mar 2016, 18:41:43.990 [  FINER] [          FXGL.Input] [JavaFX Application Thread] Clearing active input actions
17 Mar 2016, 18:41:43.990 [  FINER] [    FXGL.MasterTimer] [JavaFX Application Thread] Stopping master timer
17 Mar 2016, 18:41:43.990 [  FINER] [    FXGL.Application] [JavaFX Application Thread] State: PLAYING -> PAUSED
17 Mar 2016, 18:41:43.990 [  FINER] [          FXGL.Input] [JavaFX Application Thread] Clearing active input actions
17 Mar 2016, 18:41:46.422 [  FINER] [       FXGL.EventBus] [JavaFX Application Thread] Firing event: DisplayEvent[type=DIALOG_CLOSED]
17 Mar 2016, 18:41:46.422 [  FINER] [    FXGL.Application] [JavaFX Application Thread] Resuming main loop
17 Mar 2016, 18:41:46.423 [  FINER] [       FXGL.EventBus] [JavaFX Application Thread] Firing event: FXGLEvent[type=RESUME]
17 Mar 2016, 18:41:46.423 [  FINER] [          FXGL.Input] [JavaFX Application Thread] Clearing active input actions
17 Mar 2016, 18:41:46.423 [  FINER] [    FXGL.MasterTimer] [JavaFX Application Thread] Starting master timer
17 Mar 2016, 18:41:46.423 [  FINER] [    FXGL.Application] [JavaFX Application Thread] State: PAUSED -> PLAYING
17 Mar 2016, 18:41:46.423 [  FINER] [       FXGL.EventBus] [JavaFX Application Thread] Firing event: DisplayEvent[type=CLOSE_REQUEST]
17 Mar 2016, 18:41:46.423 [  FINER] [    FXGL.Application] [JavaFX Application Thread] Exiting Normally
17 Mar 2016, 18:41:46.424 [  FINER] [       FXGL.EventBus] [JavaFX Application Thread] Firing event: FXGLEvent[type=EXIT]
17 Mar 2016, 18:41:46.424 [  FINER] [         FXGL.Logger] [JavaFX Application Thread] Logger is closing
