30 Mar 2016, 13:41:34.726 [   INFO] [         FXGL.Logger] [JavaFX Application Thread] Logger initialized with level: CONFIG
30 Mar 2016, 13:41:34.730 [  FINER] [         FXGL.Logger] [JavaFX Application Thread] CPU cores: 4
30 Mar 2016, 13:41:34.732 [  FINER] [         FXGL.Logger] [JavaFX Application Thread] Free Memory: 107MB
30 Mar 2016, 13:41:34.733 [  FINER] [         FXGL.Logger] [JavaFX Application Thread] Max Memory: 1755MB
30 Mar 2016, 13:41:34.733 [  FINER] [         FXGL.Logger] [JavaFX Application Thread] Total Memory: 119MB
30 Mar 2016, 13:41:34.733 [  FINER] [         FXGL.Logger] [JavaFX Application Thread] System Properties:
30 Mar 2016, 13:41:34.735 [  FINER] [         FXGL.Logger] [JavaFX Application Thread] sun.cpu.isalist=amd64
30 Mar 2016, 13:41:34.735 [  FINER] [         FXGL.Logger] [JavaFX Application Thread] sun.desktop=windows
30 Mar 2016, 13:41:34.735 [  FINER] [         FXGL.Logger] [JavaFX Application Thread] sun.io.unicode.encoding=UnicodeLittle
30 Mar 2016, 13:41:34.735 [  FINER] [         FXGL.Logger] [JavaFX Application Thread] sun.cpu.endian=little
30 Mar 2016, 13:41:34.736 [  FINER] [         FXGL.Logger] [JavaFX Application Thread] java.vendor.url.bug=http://bugreport.sun.com/bugreport/
30 Mar 2016, 13:41:34.736 [  FINER] [         FXGL.Logger] [JavaFX Application Thread] file.separator=\
30 Mar 2016, 13:41:34.736 [  FINER] [         FXGL.Logger] [JavaFX Application Thread] java.vendor=Oracle Corporation
30 Mar 2016, 13:41:34.737 [  FINER] [         FXGL.Logger] [JavaFX Application Thread] sun.boot.class.path=C:\Program Files\Java\jre1.8.0_73\lib\resources.jar;C:\Program Files\Java\jre1.8.0_73\lib\rt.jar;C:\Program Files\Java\jre1.8.0_73\lib\sunrsasign.jar;C:\Program Files\Java\jre1.8.0_73\lib\jsse.jar;C:\Program Files\Java\jre1.8.0_73\lib\jce.jar;C:\Program Files\Java\jre1.8.0_73\lib\charsets.jar;C:\Program Files\Java\jre1.8.0_73\lib\jfr.jar;C:\Program Files\Java\jre1.8.0_73\classes
30 Mar 2016, 13:41:34.737 [  FINER] [         FXGL.Logger] [JavaFX Application Thread] java.ext.dirs=C:\Program Files\Java\jre1.8.0_73\lib\ext;C:\Windows\Sun\Java\lib\ext
30 Mar 2016, 13:41:34.738 [  FINER] [         FXGL.Logger] [JavaFX Application Thread] java.version=1.8.0_73
30 Mar 2016, 13:41:34.738 [  FINER] [         FXGL.Logger] [JavaFX Application Thread] java.vm.info=mixed mode
30 Mar 2016, 13:41:34.738 [  FINER] [         FXGL.Logger] [JavaFX Application Thread] awt.toolkit=sun.awt.windows.WToolkit
30 Mar 2016, 13:41:34.739 [  FINER] [         FXGL.Logger] [JavaFX Application Thread] user.language=en
30 Mar 2016, 13:41:34.739 [  FINER] [         FXGL.Logger] [JavaFX Application Thread] java.specification.vendor=Oracle Corporation
30 Mar 2016, 13:41:34.739 [  FINER] [         FXGL.Logger] [JavaFX Application Thread] sun.java.command=SpaceInvaders.SpaceInvadersApp
30 Mar 2016, 13:41:34.740 [  FINER] [         FXGL.Logger] [JavaFX Application Thread] java.home=C:\Program Files\Java\jre1.8.0_73
30 Mar 2016, 13:41:34.740 [  FINER] [         FXGL.Logger] [JavaFX Application Thread] sun.arch.data.model=64
30 Mar 2016, 13:41:34.740 [  FINER] [         FXGL.Logger] [JavaFX Application Thread] java.vm.specification.version=1.8
30 Mar 2016, 13:41:34.741 [  FINER] [         FXGL.Logger] [JavaFX Application Thread] java.class.path=D:\SpaceInvaders\target\classes;C:\Program Files\eclipse\plugins\org.junit_4.12.0.v201504281640\junit.jar;C:\Program Files\eclipse\plugins\org.hamcrest.core_1.3.0.v201303031735.jar;C:\Users\Anwar Saleeby\.m2\repository\com\github\AlmasB\FXGL\0.2.1-0.2.0-gba5970d-32\FXGL-0.2.1-0.2.0-gba5970d-32.jar;C:\Users\Anwar Saleeby\.m2\repository\com\google\inject\guice\4.0\guice-4.0.jar;C:\Users\Anwar Saleeby\.m2\repository\javax\inject\javax.inject\1\javax.inject-1.jar;C:\Users\Anwar Saleeby\.m2\repository\aopalliance\aopalliance\1.0\aopalliance-1.0.jar;C:\Users\Anwar Saleeby\.m2\repository\com\google\guava\guava\16.0.1\guava-16.0.1.jar;C:\Users\Anwar Saleeby\.m2\repository\org\jfxtras\jfxtras-window\8.0-r4\jfxtras-window-8.0-r4.jar;C:\Users\Anwar Saleeby\.m2\repository\org\jfxtras\jfxtras-common\8.0-r4\jfxtras-common-8.0-r4.jar;C:\Users\Anwar Saleeby\.m2\repository\com\github\AlmasB\FXEventBus\1.0\FXEventBus-1.0.jar;C:\Users\Anwar Saleeby\.m2\repository\com\github\AlmasB\Ents\1.0\Ents-1.0.jar;C:\Users\Anwar Saleeby\.m2\repository\org\apache\logging\log4j\log4j-api\2.5\log4j-api-2.5.jar;C:\Users\Anwar Saleeby\.m2\repository\org\apache\logging\log4j\log4j-core\2.5\log4j-core-2.5.jar;C:\Users\Anwar Saleeby\.m2\repository\com\github\AlmasB\AStar\1.0\AStar-1.0.jar
30 Mar 2016, 13:41:34.741 [  FINER] [         FXGL.Logger] [JavaFX Application Thread] user.name=Anwar Saleeby
30 Mar 2016, 13:41:34.742 [  FINER] [         FXGL.Logger] [JavaFX Application Thread] file.encoding=UTF-8
30 Mar 2016, 13:41:34.742 [  FINER] [         FXGL.Logger] [JavaFX Application Thread] java.specification.version=1.8
30 Mar 2016, 13:41:34.742 [  FINER] [         FXGL.Logger] [JavaFX Application Thread] java.awt.printerjob=sun.awt.windows.WPrinterJob
30 Mar 2016, 13:41:34.743 [  FINER] [         FXGL.Logger] [JavaFX Application Thread] user.timezone=America/New_York
30 Mar 2016, 13:41:34.743 [  FINER] [         FXGL.Logger] [JavaFX Application Thread] user.home=C:\Users\Anwar Saleeby
30 Mar 2016, 13:41:34.743 [  FINER] [         FXGL.Logger] [JavaFX Application Thread] os.version=10.0
30 Mar 2016, 13:41:34.744 [  FINER] [         FXGL.Logger] [JavaFX Application Thread] sun.management.compiler=HotSpot 64-Bit Tiered Compilers
30 Mar 2016, 13:41:34.744 [  FINER] [         FXGL.Logger] [JavaFX Application Thread] java.specification.name=Java Platform API Specification
30 Mar 2016, 13:41:34.744 [  FINER] [         FXGL.Logger] [JavaFX Application Thread] java.class.version=52.0
30 Mar 2016, 13:41:34.745 [  FINER] [         FXGL.Logger] [JavaFX Application Thread] java.library.path=C:\Program Files\Java\jre1.8.0_73\bin;C:\Windows\Sun\Java\bin;C:\Windows\system32;C:\Windows;C:/Program Files/Java/jre1.8.0_73/bin/server;C:/Program Files/Java/jre1.8.0_73/bin;C:/Program Files/Java/jre1.8.0_73/lib/amd64;C:\oraclexe\app\oracle\product\11.2.0\server\bin;C:\ProgramData\Oracle\Java\javapath;C:\Windows\system32;C:\Windows;C:\Windows\System32\Wbem;C:\Windows\System32\WindowsPowerShell\v1.0\;C:\Program Files\nodejs\;C:\Program Files\Git\cmd;C:\Users\Anwar Saleeby\AppData\Local\Programs\Python\Python35\Scripts\;C:\Users\Anwar Saleeby\AppData\Local\Programs\Python\Python35\;C:\Users\Anwar Saleeby\AppData\Roaming\npm;C:\Program Files\MongoDB\Server\3.2\bin;C:\Program Files\Git;C:\Program Files\eclipse;;.
30 Mar 2016, 13:41:34.745 [  FINER] [         FXGL.Logger] [JavaFX Application Thread] sun.jnu.encoding=Cp1252
30 Mar 2016, 13:41:34.745 [  FINER] [         FXGL.Logger] [JavaFX Application Thread] os.name=Windows 10
30 Mar 2016, 13:41:34.746 [  FINER] [         FXGL.Logger] [JavaFX Application Thread] user.variant=
30 Mar 2016, 13:41:34.746 [  FINER] [         FXGL.Logger] [JavaFX Application Thread] java.vm.specification.vendor=Oracle Corporation
30 Mar 2016, 13:41:34.746 [  FINER] [         FXGL.Logger] [JavaFX Application Thread] java.io.tmpdir=C:\Users\ANWARS~1\AppData\Local\Temp\
30 Mar 2016, 13:41:34.747 [  FINER] [         FXGL.Logger] [JavaFX Application Thread] line.separator=

30 Mar 2016, 13:41:34.747 [  FINER] [         FXGL.Logger] [JavaFX Application Thread] java.endorsed.dirs=C:\Program Files\Java\jre1.8.0_73\lib\endorsed
30 Mar 2016, 13:41:34.747 [  FINER] [         FXGL.Logger] [JavaFX Application Thread] os.arch=amd64
30 Mar 2016, 13:41:34.747 [  FINER] [         FXGL.Logger] [JavaFX Application Thread] javafx.runtime.version=8.0.71-b15
30 Mar 2016, 13:41:34.748 [  FINER] [         FXGL.Logger] [JavaFX Application Thread] java.awt.graphicsenv=sun.awt.Win32GraphicsEnvironment
30 Mar 2016, 13:41:34.748 [  FINER] [         FXGL.Logger] [JavaFX Application Thread] java.runtime.version=1.8.0_73-b02
30 Mar 2016, 13:41:34.748 [  FINER] [         FXGL.Logger] [JavaFX Application Thread] java.vm.specification.name=Java Virtual Machine Specification
30 Mar 2016, 13:41:34.749 [  FINER] [         FXGL.Logger] [JavaFX Application Thread] user.dir=D:\SpaceInvaders
30 Mar 2016, 13:41:34.749 [  FINER] [         FXGL.Logger] [JavaFX Application Thread] user.country=US
30 Mar 2016, 13:41:34.749 [  FINER] [         FXGL.Logger] [JavaFX Application Thread] user.script=
30 Mar 2016, 13:41:34.750 [  FINER] [         FXGL.Logger] [JavaFX Application Thread] sun.java.launcher=SUN_STANDARD
30 Mar 2016, 13:41:34.750 [  FINER] [         FXGL.Logger] [JavaFX Application Thread] sun.os.patch.level=
30 Mar 2016, 13:41:34.750 [  FINER] [         FXGL.Logger] [JavaFX Application Thread] java.vm.name=Java HotSpot(TM) 64-Bit Server VM
30 Mar 2016, 13:41:34.750 [  FINER] [         FXGL.Logger] [JavaFX Application Thread] file.encoding.pkg=sun.io
30 Mar 2016, 13:41:34.751 [  FINER] [         FXGL.Logger] [JavaFX Application Thread] path.separator=;
30 Mar 2016, 13:41:34.751 [  FINER] [         FXGL.Logger] [JavaFX Application Thread] java.vm.vendor=Oracle Corporation
30 Mar 2016, 13:41:34.751 [  FINER] [         FXGL.Logger] [JavaFX Application Thread] java.vendor.url=http://java.oracle.com/
30 Mar 2016, 13:41:34.751 [  FINER] [         FXGL.Logger] [JavaFX Application Thread] sun.boot.library.path=C:\Program Files\Java\jre1.8.0_73\bin
30 Mar 2016, 13:41:34.752 [  FINER] [         FXGL.Logger] [JavaFX Application Thread] java.vm.version=25.73-b02
30 Mar 2016, 13:41:34.752 [  FINER] [         FXGL.Logger] [JavaFX Application Thread] java.runtime.name=Java(TM) SE Runtime Environment
30 Mar 2016, 13:41:34.752 [  FINER] [         FXGL.Logger] [JavaFX Application Thread] javafx.version=8.0.71
30 Mar 2016, 13:41:34.757 [   INFO] [        FXGL.Version] [JavaFX Application Thread] FXGL-0.2.1-SNAPSHOT
30 Mar 2016, 13:41:34.757 [   INFO] [        FXGL.Version] [JavaFX Application Thread] Source code and latest builds at: https://github.com/AlmasB/FXGL
30 Mar 2016, 13:41:34.764 [  FINER] [    FXGL.Application] [JavaFX Application Thread] Game_clinit()
30 Mar 2016, 13:41:34.770 [  FINER] [    FXGL.Application] [JavaFX-Launcher] FXGL_init()
30 Mar 2016, 13:41:34.797 [  FINER] [    FXGL.Application] [JavaFX Application Thread] FXGL_start()
30 Mar 2016, 13:41:34.797 [  FINER] [    FXGL.Application] [JavaFX Application Thread] Initializing system properties
30 Mar 2016, 13:41:34.799 [  FINER] [    FXGL.Application] [JavaFX Application Thread] sound.notification = system/notification.wav
30 Mar 2016, 13:41:34.800 [  FINER] [    FXGL.Application] [JavaFX Application Thread] asset.cache.size = 35
30 Mar 2016, 13:41:34.800 [  FINER] [    FXGL.Application] [JavaFX Application Thread] ui.font = Copperplate_Gothic_Light_Regular.ttf
30 Mar 2016, 13:41:34.800 [  FINER] [    FXGL.Application] [JavaFX Application Thread] sound.menu.back = menu/back.wav
30 Mar 2016, 13:41:34.800 [  FINER] [    FXGL.Application] [JavaFX Application Thread] sound.menu.select = menu/select.wav
30 Mar 2016, 13:41:34.801 [  FINER] [    FXGL.Application] [JavaFX Application Thread] physics.ppm = 50
30 Mar 2016, 13:41:34.801 [  FINER] [    FXGL.Application] [JavaFX Application Thread] ui.css = fxgl.css
30 Mar 2016, 13:41:34.801 [  FINER] [    FXGL.Application] [JavaFX Application Thread] ui.icon.name = fxgl_icon.png
30 Mar 2016, 13:41:34.801 [  FINER] [    FXGL.Application] [JavaFX Application Thread] sound.menu.press = menu/press.wav
30 Mar 2016, 13:41:34.802 [  FINER] [    FXGL.Application] [JavaFX Application Thread] Initializing user properties
30 Mar 2016, 13:41:34.802 [   INFO] [    FXGL.Application] [JavaFX Application Thread] User properties not found. Using system
30 Mar 2016, 13:41:34.816 [   INFO] [         FXGL.Logger] [JavaFX Application Thread] Logger level set to: CONFIG
30 Mar 2016, 13:41:34.817 [   INFO] [    FXGL.Application] [JavaFX Application Thread] Application Mode: DEVELOPER
30 Mar 2016, 13:41:35.570 [  FINER] [    FXGL.Application] [JavaFX Application Thread] Services configuration complete
30 Mar 2016, 13:41:35.612 [  FINER] [       FXGL.EventBus] [JavaFX Application Thread] Service [EventBus] initialized
30 Mar 2016, 13:41:35.624 [  FINER] [    FXGL.AssetLoader] [JavaFX Application Thread] Service [AssetLoader] initialized
30 Mar 2016, 13:41:35.630 [  FINER] [    FXGL.AssetLoader] [JavaFX Application Thread] Loading from disk: /assets/sounds/system/notification.wav
30 Mar 2016, 13:41:35.708 [  FINER] [    FXGL.AssetLoader] [JavaFX Application Thread] Loading from disk: /assets/sounds/menu/select.wav
30 Mar 2016, 13:41:35.723 [  FINER] [    FXGL.AssetLoader] [JavaFX Application Thread] Loading from disk: /assets/sounds/menu/back.wav
30 Mar 2016, 13:41:35.728 [  FINER] [    FXGL.AssetLoader] [JavaFX Application Thread] Loading from disk: /assets/sounds/menu/press.wav
30 Mar 2016, 13:41:35.741 [  FINER] [    FXGL.AssetLoader] [JavaFX Application Thread] Loading from disk: /assets/ui/fonts/Copperplate_Gothic_Light_Regular.ttf
30 Mar 2016, 13:41:35.869 [  FINER] [    FXGL.AssetLoader] [JavaFX Application Thread] Loading from disk: /assets/ui/css/fxgl.css
30 Mar 2016, 13:41:35.870 [  FINER] [    FXGL.AssetLoader] [JavaFX Application Thread] Loading from disk: /assets/ui/icons/fxgl_icon.png
30 Mar 2016, 13:41:35.919 [  FINER] [    FXGL.AssetLoader] [JavaFX Application Thread] Loading from disk: /assets/ui/css/fxgl_dark.css
30 Mar 2016, 13:41:36.011 [  FINER] [        FXGL.Display] [JavaFX Application Thread] Target size: 480.0x600.0@1.0
30 Mar 2016, 13:41:36.011 [  FINER] [        FXGL.Display] [JavaFX Application Thread] New size:    480.0x600.0@1.0
30 Mar 2016, 13:41:36.013 [  FINER] [        FXGL.Display] [JavaFX Application Thread] Service [Display] initialized
30 Mar 2016, 13:41:36.013 [  FINER] [        FXGL.Display] [JavaFX Application Thread] Using CSS: CSS[jar:file:/C:/Users/Anwar%20Saleeby/.m2/repository/com/github/AlmasB/FXGL/0.2.1-0.2.0-gba5970d-32/FXGL-0.2.1-0.2.0-gba5970d-32.jar!/assets/ui/css/fxgl_dark.css]
30 Mar 2016, 13:41:36.019 [  FINER] [          FXGL.Input] [JavaFX Application Thread] Service [Input] initialized
30 Mar 2016, 13:41:36.022 [  FINER] [    FXGL.AudioPlayer] [JavaFX Application Thread] Service [AudioPlayer] initialized
30 Mar 2016, 13:41:36.030 [  FINER] [    FXGL.MasterTimer] [JavaFX Application Thread] Service [MasterTimer] initialized
30 Mar 2016, 13:41:36.048 [  FINER] [      FXGL.GameScene] [JavaFX Application Thread] Game scene initialized
30 Mar 2016, 13:41:36.050 [  FINER] [FXGL.NotificationSer] [JavaFX Application Thread] Service [NotificationService] initialized
30 Mar 2016, 13:41:36.316 [  FINER] [      FXGL.GameWorld] [JavaFX Application Thread] Game world initialized
30 Mar 2016, 13:41:36.408 [  FINER] [   FXGL.PhysicsWorld] [JavaFX Application Thread] Physics world initialized
30 Mar 2016, 13:41:36.431 [  FINER] [    FXGL.Application] [JavaFX Application Thread] Game_start()
30 Mar 2016, 13:41:36.440 [  FINER] [          FXGL.Input] [JavaFX Application Thread] Registered new binding: Move Left A
30 Mar 2016, 13:41:36.441 [  FINER] [          FXGL.Input] [JavaFX Application Thread] Registered new binding: Shoot Space
30 Mar 2016, 13:41:36.441 [  FINER] [          FXGL.Input] [JavaFX Application Thread] Registered new binding: Move Right D
30 Mar 2016, 13:41:36.443 [  FINER] [    FXGL.Application] [JavaFX Application Thread] Saving data to profile
30 Mar 2016, 13:41:36.445 [  FINER] [    FXGL.UserProfile] [JavaFX Application Thread] Logging bundle: game
30 Mar 2016, 13:41:36.445 [  FINER] [    FXGL.UserProfile] [JavaFX Application Thread] game.playtime=1675806346
30 Mar 2016, 13:41:36.446 [  FINER] [       FXGL.EventBus] [JavaFX Application Thread] Firing event: SaveEvent
30 Mar 2016, 13:41:36.448 [  FINER] [        FXGL.Display] [JavaFX Application Thread] Saving data to profile
30 Mar 2016, 13:41:36.449 [  FINER] [    FXGL.UserProfile] [JavaFX Application Thread] Logging bundle: scene
30 Mar 2016, 13:41:36.449 [  FINER] [    FXGL.UserProfile] [JavaFX Application Thread] scene.sizeW=480.0
30 Mar 2016, 13:41:36.449 [  FINER] [    FXGL.UserProfile] [JavaFX Application Thread] scene.sizeH=600.0
30 Mar 2016, 13:41:36.450 [  FINER] [          FXGL.Input] [JavaFX Application Thread] Saving data to profile
30 Mar 2016, 13:41:36.450 [  FINER] [    FXGL.UserProfile] [JavaFX Application Thread] Logging bundle: input
30 Mar 2016, 13:41:36.451 [  FINER] [    FXGL.UserProfile] [JavaFX Application Thread] input.Shoot=Space
30 Mar 2016, 13:41:36.451 [  FINER] [    FXGL.UserProfile] [JavaFX Application Thread] input.Move Right=D
30 Mar 2016, 13:41:36.451 [  FINER] [    FXGL.UserProfile] [JavaFX Application Thread] input.Move Left=A
30 Mar 2016, 13:41:36.451 [  FINER] [    FXGL.AudioPlayer] [JavaFX Application Thread] Saving data to profile
30 Mar 2016, 13:41:36.452 [  FINER] [    FXGL.UserProfile] [JavaFX Application Thread] Logging bundle: audio
30 Mar 2016, 13:41:36.452 [  FINER] [    FXGL.UserProfile] [JavaFX Application Thread] audio.musicVolume=0.5
30 Mar 2016, 13:41:36.452 [  FINER] [    FXGL.UserProfile] [JavaFX Application Thread] audio.soundVolume=0.5
30 Mar 2016, 13:41:36.452 [  FINER] [FXGL.AchievementMana] [JavaFX Application Thread] Saving data to profile
30 Mar 2016, 13:41:36.454 [  FINER] [    FXGL.UserProfile] [JavaFX Application Thread] Logging bundle: achievement
30 Mar 2016, 13:41:36.486 [  FINER] [    FXGL.Application] [JavaFX Application Thread] State: STARTUP -> INTRO
30 Mar 2016, 13:41:36.725 [  FINER] [    FXGL.Application] [JavaFX Application Thread] Showing stage
30 Mar 2016, 13:41:36.725 [  FINER] [    FXGL.Application] [JavaFX Application Thread] Root size: 480.0x600.0
30 Mar 2016, 13:41:36.726 [  FINER] [    FXGL.Application] [JavaFX Application Thread] Scene size: 480.0x600.0
30 Mar 2016, 13:41:36.726 [  FINER] [    FXGL.Application] [JavaFX Application Thread] Stage size: 486.0x629.0
30 Mar 2016, 13:41:41.766 [  FINER] [    FXGL.Application] [JavaFX Application Thread] State: INTRO -> MAIN_MENU
30 Mar 2016, 13:41:41.804 [  FINER] [       FXGL.EventBus] [JavaFX Application Thread] Firing event: DisplayEvent[type=DIALOG_OPENED]
30 Mar 2016, 13:41:41.805 [  FINER] [          FXGL.Input] [JavaFX Application Thread] Clearing active input actions
30 Mar 2016, 13:41:45.270 [  FINER] [       FXGL.EventBus] [JavaFX Application Thread] Firing event: DisplayEvent[type=DIALOG_CLOSED]
30 Mar 2016, 13:41:45.270 [  FINER] [FXGL.SaveLoadManager] [JavaFX Application Thread] Loading profile: Jimmy
30 Mar 2016, 13:41:45.290 [  FINER] [    FXGL.Application] [JavaFX Application Thread] Loading data from profile
30 Mar 2016, 13:41:45.290 [  FINER] [    FXGL.UserProfile] [JavaFX Application Thread] Logging bundle: game
30 Mar 2016, 13:41:45.291 [  FINER] [    FXGL.UserProfile] [JavaFX Application Thread] game.playtime=359603620240
30 Mar 2016, 13:41:45.291 [  FINER] [       FXGL.EventBus] [JavaFX Application Thread] Firing event: LoadEvent[type=LOAD_PROFILE]
30 Mar 2016, 13:41:45.291 [  FINER] [FXGL.AchievementMana] [JavaFX Application Thread] Loading data from profile
30 Mar 2016, 13:41:45.291 [  FINER] [    FXGL.UserProfile] [JavaFX Application Thread] Logging bundle: achievement
30 Mar 2016, 13:41:45.292 [  FINER] [        FXGL.Display] [JavaFX Application Thread] Loading data from profile
30 Mar 2016, 13:41:45.293 [  FINER] [    FXGL.UserProfile] [JavaFX Application Thread] Logging bundle: scene
30 Mar 2016, 13:41:45.293 [  FINER] [    FXGL.UserProfile] [JavaFX Application Thread] scene.sizeW=480.0
30 Mar 2016, 13:41:45.293 [  FINER] [    FXGL.UserProfile] [JavaFX Application Thread] scene.sizeH=600.0
30 Mar 2016, 13:41:45.293 [  FINER] [        FXGL.Display] [JavaFX Application Thread] Target size: 480.0x600.0@1.0
30 Mar 2016, 13:41:45.294 [  FINER] [        FXGL.Display] [JavaFX Application Thread] New size:    480.0x600.0@1.0
30 Mar 2016, 13:41:45.312 [  FINER] [          FXGL.Input] [JavaFX Application Thread] Loading data from profile
30 Mar 2016, 13:41:45.313 [  FINER] [    FXGL.UserProfile] [JavaFX Application Thread] Logging bundle: input
30 Mar 2016, 13:41:45.313 [  FINER] [    FXGL.UserProfile] [JavaFX Application Thread] input.Shoot=Space
30 Mar 2016, 13:41:45.313 [  FINER] [    FXGL.UserProfile] [JavaFX Application Thread] input.Move Right=D
30 Mar 2016, 13:41:45.313 [  FINER] [    FXGL.UserProfile] [JavaFX Application Thread] input.Move Left=A
30 Mar 2016, 13:41:45.314 [  FINER] [    FXGL.AudioPlayer] [JavaFX Application Thread] Loading data from profile
30 Mar 2016, 13:41:45.314 [  FINER] [    FXGL.UserProfile] [JavaFX Application Thread] Logging bundle: audio
30 Mar 2016, 13:41:45.314 [  FINER] [    FXGL.UserProfile] [JavaFX Application Thread] audio.musicVolume=0.5
30 Mar 2016, 13:41:45.314 [  FINER] [    FXGL.UserProfile] [JavaFX Application Thread] audio.soundVolume=0.5
30 Mar 2016, 13:41:45.315 [  FINER] [       FXGL.EventBus] [JavaFX Application Thread] Firing event: MenuEvent[type=PROFILE_SELECTED,data=Jimmy]
30 Mar 2016, 13:41:56.722 [  FINER] [       FXGL.EventBus] [JavaFX Application Thread] Firing event: MenuEvent[type=NEW_GAME]
30 Mar 2016, 13:41:56.723 [  FINER] [    FXGL.Application] [JavaFX Application Thread] Starting new game
30 Mar 2016, 13:41:56.725 [  FINER] [    FXGL.Application] [JavaFX Application Thread] Initializing App
30 Mar 2016, 13:41:56.725 [  FINER] [    FXGL.Application] [JavaFX Application Thread] Pausing main loop
30 Mar 2016, 13:41:56.726 [  FINER] [       FXGL.EventBus] [JavaFX Application Thread] Firing event: FXGLEvent[type=PAUSE]
30 Mar 2016, 13:41:56.726 [  FINER] [          FXGL.Input] [JavaFX Application Thread] Clearing active input actions
30 Mar 2016, 13:41:56.726 [  FINER] [    FXGL.MasterTimer] [JavaFX Application Thread] Stopping master timer
30 Mar 2016, 13:41:56.727 [  FINER] [    FXGL.Application] [JavaFX Application Thread] State: MAIN_MENU -> PAUSED
30 Mar 2016, 13:41:56.727 [  FINER] [    FXGL.Application] [JavaFX Application Thread] Resetting FXGL application
30 Mar 2016, 13:41:56.727 [  FINER] [       FXGL.EventBus] [JavaFX Application Thread] Firing event: FXGLEvent[type=RESET]
30 Mar 2016, 13:41:56.727 [  FINER] [          FXGL.Input] [JavaFX Application Thread] Clearing active input actions
30 Mar 2016, 13:41:56.727 [  FINER] [    FXGL.MasterTimer] [JavaFX Application Thread] Resetting ticks to 0
30 Mar 2016, 13:41:56.728 [  FINER] [    FXGL.MasterTimer] [JavaFX Application Thread] Clearing all scheduled actions
30 Mar 2016, 13:41:56.728 [  FINER] [      FXGL.GameScene] [JavaFX Application Thread] Resetting game scene
30 Mar 2016, 13:41:56.728 [  FINER] [      FXGL.GameWorld] [JavaFX Application Thread] Resetting game world
30 Mar 2016, 13:41:56.730 [  FINER] [    FXGL.Application] [JavaFX Application Thread] State: PAUSED -> LOADING
30 Mar 2016, 13:41:56.741 [  FINER] [    FXGL.Application] [JavaFX Application Thread] Starting FXGL Init Thread
30 Mar 2016, 13:41:56.742 [  FINER] [    FXGL.Application] [FXGL Init Thread] Initializing Assets
30 Mar 2016, 13:41:56.750 [  FINER] [    FXGL.AssetLoader] [FXGL Init Thread] Loading from disk: /assets/textures/enemy.png
30 Mar 2016, 13:41:56.762 [  FINER] [    FXGL.AssetLoader] [FXGL Init Thread] Loading from disk: /assets/textures/enemyReduced.png
30 Mar 2016, 13:41:56.764 [  FINER] [    FXGL.AssetLoader] [FXGL Init Thread] Loading from disk: /assets/textures/enemyReduced1.png
30 Mar 2016, 13:41:56.766 [  FINER] [    FXGL.AssetLoader] [FXGL Init Thread] Loading from disk: /assets/textures/enemyReduced2.png
30 Mar 2016, 13:41:56.768 [  FINER] [    FXGL.AssetLoader] [FXGL Init Thread] Loading from disk: /assets/textures/enemyReduced3.png
30 Mar 2016, 13:41:56.770 [  FINER] [    FXGL.AssetLoader] [FXGL Init Thread] Loading from disk: /assets/textures/life.png
30 Mar 2016, 13:41:56.772 [  FINER] [    FXGL.AssetLoader] [FXGL Init Thread] Loading from disk: /assets/textures/spaceship.png
30 Mar 2016, 13:41:56.776 [  FINER] [    FXGL.AssetLoader] [FXGL Init Thread] Loading from disk: /assets/textures/spaceshipReduced.png
30 Mar 2016, 13:41:56.778 [  FINER] [    FXGL.AssetLoader] [FXGL Init Thread] Loading from disk: /assets/textures/text.png
30 Mar 2016, 13:41:56.821 [  FINER] [    FXGL.AssetLoader] [FXGL Init Thread] Loading from disk: /assets/textures/wall.png
30 Mar 2016, 13:41:56.896 [  FINER] [    FXGL.AssetLoader] [FXGL Init Thread] Loading from cache: /assets/sounds/menu/select.wav
30 Mar 2016, 13:41:56.897 [  FINER] [    FXGL.AssetLoader] [FXGL Init Thread] Loading from cache: /assets/sounds/menu/press.wav
30 Mar 2016, 13:41:56.897 [  FINER] [    FXGL.AssetLoader] [FXGL Init Thread] Loading from cache: /assets/sounds/menu/back.wav
30 Mar 2016, 13:41:56.897 [  FINER] [    FXGL.AssetLoader] [FXGL Init Thread] Loading from cache: /assets/sounds/system/notification.wav
30 Mar 2016, 13:41:56.902 [  FINER] [    FXGL.AssetLoader] [FXGL Init Thread] Loading from disk: /assets/music/bgm.mp3
30 Mar 2016, 13:41:57.011 [  FINER] [    FXGL.AssetLoader] [FXGL Init Thread] Loading from cache: /assets/ui/fonts/Copperplate_Gothic_Light_Regular.ttf
30 Mar 2016, 13:41:57.046 [  FINER] [    FXGL.Application] [FXGL Init Thread] Initializing Game
30 Mar 2016, 13:41:57.069 [  FINER] [    FXGL.AssetLoader] [FXGL Init Thread] Loading from cache: /assets/textures/enemyReduced2.png
30 Mar 2016, 13:41:57.078 [  FINER] [    FXGL.AssetLoader] [FXGL Init Thread] Loading from cache: /assets/textures/enemyReduced2.png
30 Mar 2016, 13:41:57.081 [  FINER] [    FXGL.AssetLoader] [FXGL Init Thread] Loading from cache: /assets/textures/enemyReduced2.png
30 Mar 2016, 13:41:57.082 [  FINER] [    FXGL.AssetLoader] [FXGL Init Thread] Loading from cache: /assets/textures/enemyReduced3.png
30 Mar 2016, 13:41:57.084 [  FINER] [    FXGL.AssetLoader] [FXGL Init Thread] Loading from cache: /assets/textures/enemyReduced3.png
30 Mar 2016, 13:41:57.086 [  FINER] [    FXGL.AssetLoader] [FXGL Init Thread] Loading from cache: /assets/textures/enemyReduced1.png
30 Mar 2016, 13:41:57.087 [  FINER] [    FXGL.AssetLoader] [FXGL Init Thread] Loading from cache: /assets/textures/enemyReduced1.png
30 Mar 2016, 13:41:57.088 [  FINER] [    FXGL.AssetLoader] [FXGL Init Thread] Loading from cache: /assets/textures/enemyReduced3.png
30 Mar 2016, 13:41:57.091 [  FINER] [    FXGL.AssetLoader] [FXGL Init Thread] Loading from cache: /assets/textures/enemyReduced1.png
30 Mar 2016, 13:41:57.093 [  FINER] [    FXGL.AssetLoader] [FXGL Init Thread] Loading from cache: /assets/textures/enemyReduced2.png
30 Mar 2016, 13:41:57.094 [  FINER] [    FXGL.AssetLoader] [FXGL Init Thread] Loading from cache: /assets/textures/enemyReduced3.png
30 Mar 2016, 13:41:57.094 [  FINER] [    FXGL.AssetLoader] [FXGL Init Thread] Loading from cache: /assets/textures/enemyReduced3.png
30 Mar 2016, 13:41:57.095 [  FINER] [    FXGL.AssetLoader] [FXGL Init Thread] Loading from cache: /assets/textures/enemyReduced2.png
30 Mar 2016, 13:41:57.096 [  FINER] [    FXGL.AssetLoader] [FXGL Init Thread] Loading from cache: /assets/textures/enemyReduced2.png
30 Mar 2016, 13:41:57.097 [  FINER] [    FXGL.AssetLoader] [FXGL Init Thread] Loading from cache: /assets/textures/enemyReduced3.png
30 Mar 2016, 13:41:57.098 [  FINER] [    FXGL.AssetLoader] [FXGL Init Thread] Loading from cache: /assets/textures/enemyReduced1.png
30 Mar 2016, 13:41:57.098 [  FINER] [    FXGL.AssetLoader] [FXGL Init Thread] Loading from cache: /assets/textures/enemyReduced1.png
30 Mar 2016, 13:41:57.100 [  FINER] [    FXGL.AssetLoader] [FXGL Init Thread] Loading from cache: /assets/textures/enemyReduced3.png
30 Mar 2016, 13:41:57.101 [  FINER] [    FXGL.AssetLoader] [FXGL Init Thread] Loading from cache: /assets/textures/enemyReduced2.png
30 Mar 2016, 13:41:57.102 [  FINER] [    FXGL.AssetLoader] [FXGL Init Thread] Loading from cache: /assets/textures/enemyReduced1.png
30 Mar 2016, 13:41:57.102 [  FINER] [    FXGL.AssetLoader] [FXGL Init Thread] Loading from cache: /assets/textures/enemyReduced2.png
30 Mar 2016, 13:41:57.103 [  FINER] [    FXGL.AssetLoader] [FXGL Init Thread] Loading from cache: /assets/textures/enemyReduced2.png
30 Mar 2016, 13:41:57.104 [  FINER] [    FXGL.AssetLoader] [FXGL Init Thread] Loading from cache: /assets/textures/enemyReduced2.png
30 Mar 2016, 13:41:57.104 [  FINER] [    FXGL.AssetLoader] [FXGL Init Thread] Loading from cache: /assets/textures/enemyReduced2.png
30 Mar 2016, 13:41:57.105 [  FINER] [    FXGL.AssetLoader] [FXGL Init Thread] Loading from cache: /assets/textures/enemyReduced2.png
30 Mar 2016, 13:41:57.106 [  FINER] [    FXGL.AssetLoader] [FXGL Init Thread] Loading from cache: /assets/textures/enemyReduced3.png
30 Mar 2016, 13:41:57.106 [  FINER] [    FXGL.AssetLoader] [FXGL Init Thread] Loading from cache: /assets/textures/enemyReduced2.png
30 Mar 2016, 13:41:57.107 [  FINER] [    FXGL.AssetLoader] [FXGL Init Thread] Loading from cache: /assets/textures/enemyReduced1.png
30 Mar 2016, 13:41:57.108 [  FINER] [    FXGL.AssetLoader] [FXGL Init Thread] Loading from cache: /assets/textures/enemyReduced1.png
30 Mar 2016, 13:41:57.108 [  FINER] [    FXGL.AssetLoader] [FXGL Init Thread] Loading from cache: /assets/textures/enemyReduced2.png
30 Mar 2016, 13:41:57.109 [  FINER] [    FXGL.AssetLoader] [FXGL Init Thread] Loading from cache: /assets/textures/enemyReduced1.png
30 Mar 2016, 13:41:57.109 [  FINER] [    FXGL.AssetLoader] [FXGL Init Thread] Loading from cache: /assets/textures/enemyReduced2.png
30 Mar 2016, 13:41:57.110 [  FINER] [    FXGL.AssetLoader] [FXGL Init Thread] Loading from cache: /assets/textures/enemyReduced2.png
30 Mar 2016, 13:41:57.111 [  FINER] [    FXGL.AssetLoader] [FXGL Init Thread] Loading from cache: /assets/textures/enemyReduced3.png
30 Mar 2016, 13:41:57.111 [  FINER] [    FXGL.AssetLoader] [FXGL Init Thread] Loading from cache: /assets/textures/enemyReduced3.png
30 Mar 2016, 13:41:57.112 [  FINER] [    FXGL.AssetLoader] [FXGL Init Thread] Loading from cache: /assets/textures/enemyReduced3.png
30 Mar 2016, 13:41:57.113 [  FINER] [    FXGL.AssetLoader] [FXGL Init Thread] Loading from cache: /assets/textures/enemyReduced1.png
30 Mar 2016, 13:41:57.113 [  FINER] [    FXGL.AssetLoader] [FXGL Init Thread] Loading from cache: /assets/textures/enemyReduced1.png
30 Mar 2016, 13:41:57.114 [  FINER] [    FXGL.AssetLoader] [FXGL Init Thread] Loading from cache: /assets/textures/enemyReduced1.png
30 Mar 2016, 13:41:57.115 [  FINER] [    FXGL.AssetLoader] [FXGL Init Thread] Loading from cache: /assets/textures/enemyReduced3.png
30 Mar 2016, 13:41:57.115 [  FINER] [    FXGL.AssetLoader] [FXGL Init Thread] Loading from cache: /assets/textures/wall.png
30 Mar 2016, 13:41:57.116 [  FINER] [    FXGL.AssetLoader] [FXGL Init Thread] Loading from cache: /assets/textures/wall.png
30 Mar 2016, 13:41:57.117 [  FINER] [    FXGL.AssetLoader] [FXGL Init Thread] Loading from cache: /assets/textures/wall.png
30 Mar 2016, 13:41:57.117 [  FINER] [    FXGL.AssetLoader] [FXGL Init Thread] Loading from cache: /assets/textures/wall.png
30 Mar 2016, 13:41:57.118 [  FINER] [    FXGL.AssetLoader] [FXGL Init Thread] Loading from cache: /assets/textures/spaceshipReduced.png
30 Mar 2016, 13:41:57.120 [  FINER] [    FXGL.Application] [FXGL Init Thread] Initializing Physics
30 Mar 2016, 13:41:57.121 [  FINER] [    FXGL.Application] [FXGL Init Thread] Initializing UI
30 Mar 2016, 13:41:57.124 [  FINER] [    FXGL.Application] [FXGL Init Thread] Initialization Complete
30 Mar 2016, 13:41:57.125 [  FINER] [       FXGL.EventBus] [JavaFX Application Thread] Firing event: FXGLEvent[type=INIT_APP_COMPLETE]
30 Mar 2016, 13:41:57.125 [  FINER] [    FXGL.Application] [JavaFX Application Thread] Resuming main loop
30 Mar 2016, 13:41:57.126 [  FINER] [       FXGL.EventBus] [JavaFX Application Thread] Firing event: FXGLEvent[type=RESUME]
30 Mar 2016, 13:41:57.126 [  FINER] [          FXGL.Input] [JavaFX Application Thread] Clearing active input actions
30 Mar 2016, 13:41:57.126 [  FINER] [    FXGL.MasterTimer] [JavaFX Application Thread] Starting master timer
30 Mar 2016, 13:41:57.126 [  FINER] [    FXGL.Application] [JavaFX Application Thread] State: LOADING -> PLAYING
30 Mar 2016, 13:41:57.133 [  FINER] [       FXGL.EventBus] [JavaFX Application Thread] Firing event: WorldEvent[type=ENTITY_ADDED]
30 Mar 2016, 13:41:57.134 [  FINER] [      FXGL.GameScene] [JavaFX Application Thread] Entity added to scene
30 Mar 2016, 13:41:57.135 [  FINER] [      FXGL.GameScene] [JavaFX Application Thread] Added MainViewComponent
30 Mar 2016, 13:41:57.135 [  FINER] [      FXGL.GameScene] [JavaFX Application Thread] Creating render group for layer: TOP(2147483647)
30 Mar 2016, 13:41:57.139 [  FINER] [       FXGL.EventBus] [JavaFX Application Thread] Firing event: WorldEvent[type=ENTITY_ADDED]
30 Mar 2016, 13:41:57.139 [  FINER] [      FXGL.GameScene] [JavaFX Application Thread] Entity added to scene
30 Mar 2016, 13:41:57.139 [  FINER] [      FXGL.GameScene] [JavaFX Application Thread] Added MainViewComponent
30 Mar 2016, 13:41:57.140 [  FINER] [       FXGL.EventBus] [JavaFX Application Thread] Firing event: WorldEvent[type=ENTITY_ADDED]
30 Mar 2016, 13:41:57.140 [  FINER] [      FXGL.GameScene] [JavaFX Application Thread] Entity added to scene
30 Mar 2016, 13:41:57.140 [  FINER] [      FXGL.GameScene] [JavaFX Application Thread] Added MainViewComponent
30 Mar 2016, 13:41:57.141 [  FINER] [       FXGL.EventBus] [JavaFX Application Thread] Firing event: WorldEvent[type=ENTITY_ADDED]
30 Mar 2016, 13:41:57.141 [  FINER] [      FXGL.GameScene] [JavaFX Application Thread] Entity added to scene
30 Mar 2016, 13:41:57.141 [  FINER] [      FXGL.GameScene] [JavaFX Application Thread] Added MainViewComponent
30 Mar 2016, 13:41:57.142 [  FINER] [       FXGL.EventBus] [JavaFX Application Thread] Firing event: WorldEvent[type=ENTITY_ADDED]
30 Mar 2016, 13:41:57.142 [  FINER] [      FXGL.GameScene] [JavaFX Application Thread] Entity added to scene
30 Mar 2016, 13:41:57.142 [  FINER] [      FXGL.GameScene] [JavaFX Application Thread] Added MainViewComponent
30 Mar 2016, 13:41:57.142 [  FINER] [       FXGL.EventBus] [JavaFX Application Thread] Firing event: WorldEvent[type=ENTITY_ADDED]
30 Mar 2016, 13:41:57.142 [  FINER] [      FXGL.GameScene] [JavaFX Application Thread] Entity added to scene
30 Mar 2016, 13:41:57.143 [  FINER] [      FXGL.GameScene] [JavaFX Application Thread] Added MainViewComponent
30 Mar 2016, 13:41:57.143 [  FINER] [       FXGL.EventBus] [JavaFX Application Thread] Firing event: WorldEvent[type=ENTITY_ADDED]
30 Mar 2016, 13:41:57.143 [  FINER] [      FXGL.GameScene] [JavaFX Application Thread] Entity added to scene
30 Mar 2016, 13:41:57.143 [  FINER] [      FXGL.GameScene] [JavaFX Application Thread] Added MainViewComponent
30 Mar 2016, 13:41:57.144 [  FINER] [       FXGL.EventBus] [JavaFX Application Thread] Firing event: WorldEvent[type=ENTITY_ADDED]
30 Mar 2016, 13:41:57.144 [  FINER] [      FXGL.GameScene] [JavaFX Application Thread] Entity added to scene
30 Mar 2016, 13:41:57.144 [  FINER] [      FXGL.GameScene] [JavaFX Application Thread] Added MainViewComponent
30 Mar 2016, 13:41:57.145 [  FINER] [       FXGL.EventBus] [JavaFX Application Thread] Firing event: WorldEvent[type=ENTITY_ADDED]
30 Mar 2016, 13:41:57.145 [  FINER] [      FXGL.GameScene] [JavaFX Application Thread] Entity added to scene
30 Mar 2016, 13:41:57.145 [  FINER] [      FXGL.GameScene] [JavaFX Application Thread] Added MainViewComponent
30 Mar 2016, 13:41:57.145 [  FINER] [       FXGL.EventBus] [JavaFX Application Thread] Firing event: WorldEvent[type=ENTITY_ADDED]
30 Mar 2016, 13:41:57.145 [  FINER] [      FXGL.GameScene] [JavaFX Application Thread] Entity added to scene
30 Mar 2016, 13:41:57.145 [  FINER] [      FXGL.GameScene] [JavaFX Application Thread] Added MainViewComponent
30 Mar 2016, 13:41:57.146 [  FINER] [       FXGL.EventBus] [JavaFX Application Thread] Firing event: WorldEvent[type=ENTITY_ADDED]
30 Mar 2016, 13:41:57.146 [  FINER] [      FXGL.GameScene] [JavaFX Application Thread] Entity added to scene
30 Mar 2016, 13:41:57.146 [  FINER] [      FXGL.GameScene] [JavaFX Application Thread] Added MainViewComponent
30 Mar 2016, 13:41:57.146 [  FINER] [       FXGL.EventBus] [JavaFX Application Thread] Firing event: WorldEvent[type=ENTITY_ADDED]
30 Mar 2016, 13:41:57.146 [  FINER] [      FXGL.GameScene] [JavaFX Application Thread] Entity added to scene
30 Mar 2016, 13:41:57.146 [  FINER] [      FXGL.GameScene] [JavaFX Application Thread] Added MainViewComponent
30 Mar 2016, 13:41:57.147 [  FINER] [       FXGL.EventBus] [JavaFX Application Thread] Firing event: WorldEvent[type=ENTITY_ADDED]
30 Mar 2016, 13:41:57.147 [  FINER] [      FXGL.GameScene] [JavaFX Application Thread] Entity added to scene
30 Mar 2016, 13:41:57.147 [  FINER] [      FXGL.GameScene] [JavaFX Application Thread] Added MainViewComponent
30 Mar 2016, 13:41:57.147 [  FINER] [       FXGL.EventBus] [JavaFX Application Thread] Firing event: WorldEvent[type=ENTITY_ADDED]
30 Mar 2016, 13:41:57.148 [  FINER] [      FXGL.GameScene] [JavaFX Application Thread] Entity added to scene
30 Mar 2016, 13:41:57.148 [  FINER] [      FXGL.GameScene] [JavaFX Application Thread] Added MainViewComponent
30 Mar 2016, 13:41:57.148 [  FINER] [       FXGL.EventBus] [JavaFX Application Thread] Firing event: WorldEvent[type=ENTITY_ADDED]
30 Mar 2016, 13:41:57.148 [  FINER] [      FXGL.GameScene] [JavaFX Application Thread] Entity added to scene
30 Mar 2016, 13:41:57.149 [  FINER] [      FXGL.GameScene] [JavaFX Application Thread] Added MainViewComponent
30 Mar 2016, 13:41:57.149 [  FINER] [       FXGL.EventBus] [JavaFX Application Thread] Firing event: WorldEvent[type=ENTITY_ADDED]
30 Mar 2016, 13:41:57.149 [  FINER] [      FXGL.GameScene] [JavaFX Application Thread] Entity added to scene
30 Mar 2016, 13:41:57.150 [  FINER] [      FXGL.GameScene] [JavaFX Application Thread] Added MainViewComponent
30 Mar 2016, 13:41:57.150 [  FINER] [       FXGL.EventBus] [JavaFX Application Thread] Firing event: WorldEvent[type=ENTITY_ADDED]
30 Mar 2016, 13:41:57.151 [  FINER] [      FXGL.GameScene] [JavaFX Application Thread] Entity added to scene
30 Mar 2016, 13:41:57.151 [  FINER] [      FXGL.GameScene] [JavaFX Application Thread] Added MainViewComponent
30 Mar 2016, 13:41:57.152 [  FINER] [       FXGL.EventBus] [JavaFX Application Thread] Firing event: WorldEvent[type=ENTITY_ADDED]
30 Mar 2016, 13:41:57.152 [  FINER] [      FXGL.GameScene] [JavaFX Application Thread] Entity added to scene
30 Mar 2016, 13:41:57.152 [  FINER] [      FXGL.GameScene] [JavaFX Application Thread] Added MainViewComponent
30 Mar 2016, 13:41:57.153 [  FINER] [       FXGL.EventBus] [JavaFX Application Thread] Firing event: WorldEvent[type=ENTITY_ADDED]
30 Mar 2016, 13:41:57.153 [  FINER] [      FXGL.GameScene] [JavaFX Application Thread] Entity added to scene
30 Mar 2016, 13:41:57.154 [  FINER] [      FXGL.GameScene] [JavaFX Application Thread] Added MainViewComponent
30 Mar 2016, 13:41:57.154 [  FINER] [       FXGL.EventBus] [JavaFX Application Thread] Firing event: WorldEvent[type=ENTITY_ADDED]
30 Mar 2016, 13:41:57.154 [  FINER] [      FXGL.GameScene] [JavaFX Application Thread] Entity added to scene
30 Mar 2016, 13:41:57.155 [  FINER] [      FXGL.GameScene] [JavaFX Application Thread] Added MainViewComponent
30 Mar 2016, 13:41:57.155 [  FINER] [       FXGL.EventBus] [JavaFX Application Thread] Firing event: WorldEvent[type=ENTITY_ADDED]
30 Mar 2016, 13:41:57.155 [  FINER] [      FXGL.GameScene] [JavaFX Application Thread] Entity added to scene
30 Mar 2016, 13:41:57.156 [  FINER] [      FXGL.GameScene] [JavaFX Application Thread] Added MainViewComponent
30 Mar 2016, 13:41:57.156 [  FINER] [       FXGL.EventBus] [JavaFX Application Thread] Firing event: WorldEvent[type=ENTITY_ADDED]
30 Mar 2016, 13:41:57.156 [  FINER] [      FXGL.GameScene] [JavaFX Application Thread] Entity added to scene
30 Mar 2016, 13:41:57.156 [  FINER] [      FXGL.GameScene] [JavaFX Application Thread] Added MainViewComponent
30 Mar 2016, 13:41:57.157 [  FINER] [       FXGL.EventBus] [JavaFX Application Thread] Firing event: WorldEvent[type=ENTITY_ADDED]
30 Mar 2016, 13:41:57.157 [  FINER] [      FXGL.GameScene] [JavaFX Application Thread] Entity added to scene
30 Mar 2016, 13:41:57.157 [  FINER] [      FXGL.GameScene] [JavaFX Application Thread] Added MainViewComponent
30 Mar 2016, 13:41:57.158 [  FINER] [       FXGL.EventBus] [JavaFX Application Thread] Firing event: WorldEvent[type=ENTITY_ADDED]
30 Mar 2016, 13:41:57.158 [  FINER] [      FXGL.GameScene] [JavaFX Application Thread] Entity added to scene
30 Mar 2016, 13:41:57.158 [  FINER] [      FXGL.GameScene] [JavaFX Application Thread] Added MainViewComponent
30 Mar 2016, 13:41:57.159 [  FINER] [       FXGL.EventBus] [JavaFX Application Thread] Firing event: WorldEvent[type=ENTITY_ADDED]
30 Mar 2016, 13:41:57.159 [  FINER] [      FXGL.GameScene] [JavaFX Application Thread] Entity added to scene
30 Mar 2016, 13:41:57.159 [  FINER] [      FXGL.GameScene] [JavaFX Application Thread] Added MainViewComponent
30 Mar 2016, 13:41:57.160 [  FINER] [       FXGL.EventBus] [JavaFX Application Thread] Firing event: WorldEvent[type=ENTITY_ADDED]
30 Mar 2016, 13:41:57.161 [  FINER] [      FXGL.GameScene] [JavaFX Application Thread] Entity added to scene
30 Mar 2016, 13:41:57.161 [  FINER] [      FXGL.GameScene] [JavaFX Application Thread] Added MainViewComponent
30 Mar 2016, 13:41:57.161 [  FINER] [       FXGL.EventBus] [JavaFX Application Thread] Firing event: WorldEvent[type=ENTITY_ADDED]
30 Mar 2016, 13:41:57.161 [  FINER] [      FXGL.GameScene] [JavaFX Application Thread] Entity added to scene
30 Mar 2016, 13:41:57.161 [  FINER] [      FXGL.GameScene] [JavaFX Application Thread] Added MainViewComponent
30 Mar 2016, 13:41:57.162 [  FINER] [       FXGL.EventBus] [JavaFX Application Thread] Firing event: WorldEvent[type=ENTITY_ADDED]
30 Mar 2016, 13:41:57.162 [  FINER] [      FXGL.GameScene] [JavaFX Application Thread] Entity added to scene
30 Mar 2016, 13:41:57.162 [  FINER] [      FXGL.GameScene] [JavaFX Application Thread] Added MainViewComponent
30 Mar 2016, 13:41:57.162 [  FINER] [       FXGL.EventBus] [JavaFX Application Thread] Firing event: WorldEvent[type=ENTITY_ADDED]
30 Mar 2016, 13:41:57.162 [  FINER] [      FXGL.GameScene] [JavaFX Application Thread] Entity added to scene
30 Mar 2016, 13:41:57.163 [  FINER] [      FXGL.GameScene] [JavaFX Application Thread] Added MainViewComponent
30 Mar 2016, 13:41:57.163 [  FINER] [       FXGL.EventBus] [JavaFX Application Thread] Firing event: WorldEvent[type=ENTITY_ADDED]
30 Mar 2016, 13:41:57.163 [  FINER] [      FXGL.GameScene] [JavaFX Application Thread] Entity added to scene
30 Mar 2016, 13:41:57.163 [  FINER] [      FXGL.GameScene] [JavaFX Application Thread] Added MainViewComponent
30 Mar 2016, 13:41:57.164 [  FINER] [       FXGL.EventBus] [JavaFX Application Thread] Firing event: WorldEvent[type=ENTITY_ADDED]
30 Mar 2016, 13:41:57.164 [  FINER] [      FXGL.GameScene] [JavaFX Application Thread] Entity added to scene
30 Mar 2016, 13:41:57.164 [  FINER] [      FXGL.GameScene] [JavaFX Application Thread] Added MainViewComponent
30 Mar 2016, 13:41:57.165 [  FINER] [       FXGL.EventBus] [JavaFX Application Thread] Firing event: WorldEvent[type=ENTITY_ADDED]
30 Mar 2016, 13:41:57.165 [  FINER] [      FXGL.GameScene] [JavaFX Application Thread] Entity added to scene
30 Mar 2016, 13:41:57.165 [  FINER] [      FXGL.GameScene] [JavaFX Application Thread] Added MainViewComponent
30 Mar 2016, 13:41:57.166 [  FINER] [       FXGL.EventBus] [JavaFX Application Thread] Firing event: WorldEvent[type=ENTITY_ADDED]
30 Mar 2016, 13:41:57.166 [  FINER] [      FXGL.GameScene] [JavaFX Application Thread] Entity added to scene
30 Mar 2016, 13:41:57.166 [  FINER] [      FXGL.GameScene] [JavaFX Application Thread] Added MainViewComponent
30 Mar 2016, 13:41:57.167 [  FINER] [       FXGL.EventBus] [JavaFX Application Thread] Firing event: WorldEvent[type=ENTITY_ADDED]
30 Mar 2016, 13:41:57.167 [  FINER] [      FXGL.GameScene] [JavaFX Application Thread] Entity added to scene
30 Mar 2016, 13:41:57.167 [  FINER] [      FXGL.GameScene] [JavaFX Application Thread] Added MainViewComponent
30 Mar 2016, 13:41:57.168 [  FINER] [       FXGL.EventBus] [JavaFX Application Thread] Firing event: WorldEvent[type=ENTITY_ADDED]
30 Mar 2016, 13:41:57.168 [  FINER] [      FXGL.GameScene] [JavaFX Application Thread] Entity added to scene
30 Mar 2016, 13:41:57.168 [  FINER] [      FXGL.GameScene] [JavaFX Application Thread] Added MainViewComponent
30 Mar 2016, 13:41:57.168 [  FINER] [       FXGL.EventBus] [JavaFX Application Thread] Firing event: WorldEvent[type=ENTITY_ADDED]
30 Mar 2016, 13:41:57.168 [  FINER] [      FXGL.GameScene] [JavaFX Application Thread] Entity added to scene
30 Mar 2016, 13:41:57.169 [  FINER] [      FXGL.GameScene] [JavaFX Application Thread] Added MainViewComponent
30 Mar 2016, 13:41:57.169 [  FINER] [       FXGL.EventBus] [JavaFX Application Thread] Firing event: WorldEvent[type=ENTITY_ADDED]
30 Mar 2016, 13:41:57.169 [  FINER] [      FXGL.GameScene] [JavaFX Application Thread] Entity added to scene
30 Mar 2016, 13:41:57.169 [  FINER] [      FXGL.GameScene] [JavaFX Application Thread] Added MainViewComponent
30 Mar 2016, 13:41:57.170 [  FINER] [       FXGL.EventBus] [JavaFX Application Thread] Firing event: WorldEvent[type=ENTITY_ADDED]
30 Mar 2016, 13:41:57.170 [  FINER] [      FXGL.GameScene] [JavaFX Application Thread] Entity added to scene
30 Mar 2016, 13:41:57.170 [  FINER] [      FXGL.GameScene] [JavaFX Application Thread] Added MainViewComponent
30 Mar 2016, 13:41:57.171 [  FINER] [       FXGL.EventBus] [JavaFX Application Thread] Firing event: WorldEvent[type=ENTITY_ADDED]
30 Mar 2016, 13:41:57.171 [  FINER] [      FXGL.GameScene] [JavaFX Application Thread] Entity added to scene
30 Mar 2016, 13:41:57.171 [  FINER] [      FXGL.GameScene] [JavaFX Application Thread] Added MainViewComponent
30 Mar 2016, 13:41:57.172 [  FINER] [       FXGL.EventBus] [JavaFX Application Thread] Firing event: WorldEvent[type=ENTITY_ADDED]
30 Mar 2016, 13:41:57.172 [  FINER] [      FXGL.GameScene] [JavaFX Application Thread] Entity added to scene
30 Mar 2016, 13:41:57.172 [  FINER] [      FXGL.GameScene] [JavaFX Application Thread] Added MainViewComponent
30 Mar 2016, 13:41:57.173 [  FINER] [       FXGL.EventBus] [JavaFX Application Thread] Firing event: WorldEvent[type=ENTITY_ADDED]
30 Mar 2016, 13:41:57.173 [  FINER] [      FXGL.GameScene] [JavaFX Application Thread] Entity added to scene
30 Mar 2016, 13:41:57.173 [  FINER] [      FXGL.GameScene] [JavaFX Application Thread] Added MainViewComponent
30 Mar 2016, 13:41:57.174 [  FINER] [       FXGL.EventBus] [JavaFX Application Thread] Firing event: WorldEvent[type=ENTITY_ADDED]
30 Mar 2016, 13:41:57.174 [  FINER] [      FXGL.GameScene] [JavaFX Application Thread] Entity added to scene
30 Mar 2016, 13:41:57.174 [  FINER] [      FXGL.GameScene] [JavaFX Application Thread] Added MainViewComponent
30 Mar 2016, 13:41:57.175 [  FINER] [       FXGL.EventBus] [JavaFX Application Thread] Firing event: WorldEvent[type=ENTITY_ADDED]
30 Mar 2016, 13:41:57.175 [  FINER] [      FXGL.GameScene] [JavaFX Application Thread] Entity added to scene
30 Mar 2016, 13:41:57.175 [  FINER] [      FXGL.GameScene] [JavaFX Application Thread] Added MainViewComponent
30 Mar 2016, 13:41:57.175 [  FINER] [       FXGL.EventBus] [JavaFX Application Thread] Firing event: WorldEvent[type=ENTITY_ADDED]
30 Mar 2016, 13:41:57.176 [  FINER] [      FXGL.GameScene] [JavaFX Application Thread] Entity added to scene
30 Mar 2016, 13:41:57.176 [  FINER] [      FXGL.GameScene] [JavaFX Application Thread] Added MainViewComponent
30 Mar 2016, 13:41:57.176 [  FINER] [       FXGL.EventBus] [JavaFX Application Thread] Firing event: WorldEvent[type=ENTITY_ADDED]
30 Mar 2016, 13:41:57.176 [  FINER] [      FXGL.GameScene] [JavaFX Application Thread] Entity added to scene
30 Mar 2016, 13:41:57.177 [  FINER] [      FXGL.GameScene] [JavaFX Application Thread] Added MainViewComponent
30 Mar 2016, 13:42:05.633 [  FINER] [       FXGL.EventBus] [JavaFX Application Thread] Firing event: DisplayEvent[type=DIALOG_OPENED]
30 Mar 2016, 13:42:05.634 [  FINER] [    FXGL.Application] [JavaFX Application Thread] Pausing main loop
30 Mar 2016, 13:42:05.634 [  FINER] [       FXGL.EventBus] [JavaFX Application Thread] Firing event: FXGLEvent[type=PAUSE]
30 Mar 2016, 13:42:05.634 [  FINER] [          FXGL.Input] [JavaFX Application Thread] Clearing active input actions
30 Mar 2016, 13:42:05.634 [  FINER] [    FXGL.MasterTimer] [JavaFX Application Thread] Stopping master timer
30 Mar 2016, 13:42:05.634 [  FINER] [    FXGL.Application] [JavaFX Application Thread] State: PLAYING -> PAUSED
30 Mar 2016, 13:42:05.634 [  FINER] [          FXGL.Input] [JavaFX Application Thread] Clearing active input actions
30 Mar 2016, 13:42:07.385 [  FINER] [       FXGL.EventBus] [JavaFX Application Thread] Firing event: DisplayEvent[type=DIALOG_CLOSED]
30 Mar 2016, 13:42:07.385 [  FINER] [    FXGL.Application] [JavaFX Application Thread] Resuming main loop
30 Mar 2016, 13:42:07.385 [  FINER] [       FXGL.EventBus] [JavaFX Application Thread] Firing event: FXGLEvent[type=RESUME]
30 Mar 2016, 13:42:07.385 [  FINER] [          FXGL.Input] [JavaFX Application Thread] Clearing active input actions
30 Mar 2016, 13:42:07.386 [  FINER] [    FXGL.MasterTimer] [JavaFX Application Thread] Starting master timer
30 Mar 2016, 13:42:07.386 [  FINER] [    FXGL.Application] [JavaFX Application Thread] State: PAUSED -> PLAYING
30 Mar 2016, 13:42:07.386 [  FINER] [       FXGL.EventBus] [JavaFX Application Thread] Firing event: DisplayEvent[type=CLOSE_REQUEST]
30 Mar 2016, 13:42:07.386 [  FINER] [    FXGL.Application] [JavaFX Application Thread] Exiting Normally
30 Mar 2016, 13:42:07.386 [  FINER] [    FXGL.Application] [JavaFX Application Thread] Saving data to profile
30 Mar 2016, 13:42:07.386 [  FINER] [    FXGL.UserProfile] [JavaFX Application Thread] Logging bundle: game
30 Mar 2016, 13:42:07.386 [  FINER] [    FXGL.UserProfile] [JavaFX Application Thread] game.playtime=392220482034
30 Mar 2016, 13:42:07.386 [  FINER] [       FXGL.EventBus] [JavaFX Application Thread] Firing event: SaveEvent
30 Mar 2016, 13:42:07.387 [  FINER] [        FXGL.Display] [JavaFX Application Thread] Saving data to profile
30 Mar 2016, 13:42:07.387 [  FINER] [    FXGL.UserProfile] [JavaFX Application Thread] Logging bundle: scene
30 Mar 2016, 13:42:07.387 [  FINER] [    FXGL.UserProfile] [JavaFX Application Thread] scene.sizeW=480.0
30 Mar 2016, 13:42:07.387 [  FINER] [    FXGL.UserProfile] [JavaFX Application Thread] scene.sizeH=600.0
30 Mar 2016, 13:42:07.387 [  FINER] [          FXGL.Input] [JavaFX Application Thread] Saving data to profile
30 Mar 2016, 13:42:07.387 [  FINER] [    FXGL.UserProfile] [JavaFX Application Thread] Logging bundle: input
30 Mar 2016, 13:42:07.387 [  FINER] [    FXGL.UserProfile] [JavaFX Application Thread] input.Shoot=Space
30 Mar 2016, 13:42:07.387 [  FINER] [    FXGL.UserProfile] [JavaFX Application Thread] input.Move Right=D
30 Mar 2016, 13:42:07.388 [  FINER] [    FXGL.UserProfile] [JavaFX Application Thread] input.Move Left=A
30 Mar 2016, 13:42:07.388 [  FINER] [    FXGL.AudioPlayer] [JavaFX Application Thread] Saving data to profile
30 Mar 2016, 13:42:07.388 [  FINER] [    FXGL.UserProfile] [JavaFX Application Thread] Logging bundle: audio
30 Mar 2016, 13:42:07.388 [  FINER] [    FXGL.UserProfile] [JavaFX Application Thread] audio.musicVolume=0.5
30 Mar 2016, 13:42:07.388 [  FINER] [    FXGL.UserProfile] [JavaFX Application Thread] audio.soundVolume=0.5
30 Mar 2016, 13:42:07.388 [  FINER] [FXGL.AchievementMana] [JavaFX Application Thread] Saving data to profile
30 Mar 2016, 13:42:07.388 [  FINER] [    FXGL.UserProfile] [JavaFX Application Thread] Logging bundle: achievement
30 Mar 2016, 13:42:07.389 [  FINER] [FXGL.SaveLoadManager] [JavaFX Application Thread] Saving profile: Jimmy
30 Mar 2016, 13:42:07.395 [  FINER] [       FXGL.EventBus] [JavaFX Application Thread] Firing event: FXGLEvent[type=EXIT]
30 Mar 2016, 13:42:07.396 [  FINER] [         FXGL.Logger] [JavaFX Application Thread] Logger is closing
