19 Mar 2016, 11:32:03.425 [   INFO] [         FXGL.Logger] [JavaFX Application Thread] Logger initialized with level: CONFIG
19 Mar 2016, 11:32:03.429 [  FINER] [         FXGL.Logger] [JavaFX Application Thread] CPU cores: 4
19 Mar 2016, 11:32:03.431 [  FINER] [         FXGL.Logger] [JavaFX Application Thread] Free Memory: 109MB
19 Mar 2016, 11:32:03.432 [  FINER] [         FXGL.Logger] [JavaFX Application Thread] Max Memory: 1776MB
19 Mar 2016, 11:32:03.432 [  FINER] [         FXGL.Logger] [JavaFX Application Thread] Total Memory: 121MB
19 Mar 2016, 11:32:03.432 [  FINER] [         FXGL.Logger] [JavaFX Application Thread] System Properties:
19 Mar 2016, 11:32:03.434 [  FINER] [         FXGL.Logger] [JavaFX Application Thread] sun.cpu.isalist=amd64
19 Mar 2016, 11:32:03.434 [  FINER] [         FXGL.Logger] [JavaFX Application Thread] sun.desktop=windows
19 Mar 2016, 11:32:03.434 [  FINER] [         FXGL.Logger] [JavaFX Application Thread] sun.io.unicode.encoding=UnicodeLittle
19 Mar 2016, 11:32:03.434 [  FINER] [         FXGL.Logger] [JavaFX Application Thread] sun.cpu.endian=little
19 Mar 2016, 11:32:03.435 [  FINER] [         FXGL.Logger] [JavaFX Application Thread] java.vendor.url.bug=http://bugreport.sun.com/bugreport/
19 Mar 2016, 11:32:03.435 [  FINER] [         FXGL.Logger] [JavaFX Application Thread] file.separator=\
19 Mar 2016, 11:32:03.435 [  FINER] [         FXGL.Logger] [JavaFX Application Thread] java.vendor=Oracle Corporation
19 Mar 2016, 11:32:03.436 [  FINER] [         FXGL.Logger] [JavaFX Application Thread] sun.boot.class.path=C:\Program Files\Java\jre1.8.0_73\lib\resources.jar;C:\Program Files\Java\jre1.8.0_73\lib\rt.jar;C:\Program Files\Java\jre1.8.0_73\lib\sunrsasign.jar;C:\Program Files\Java\jre1.8.0_73\lib\jsse.jar;C:\Program Files\Java\jre1.8.0_73\lib\jce.jar;C:\Program Files\Java\jre1.8.0_73\lib\charsets.jar;C:\Program Files\Java\jre1.8.0_73\lib\jfr.jar;C:\Program Files\Java\jre1.8.0_73\classes
19 Mar 2016, 11:32:03.436 [  FINER] [         FXGL.Logger] [JavaFX Application Thread] java.ext.dirs=C:\Program Files\Java\jre1.8.0_73\lib\ext;C:\Windows\Sun\Java\lib\ext
19 Mar 2016, 11:32:03.436 [  FINER] [         FXGL.Logger] [JavaFX Application Thread] java.version=1.8.0_73
19 Mar 2016, 11:32:03.436 [  FINER] [         FXGL.Logger] [JavaFX Application Thread] java.vm.info=mixed mode
19 Mar 2016, 11:32:03.437 [  FINER] [         FXGL.Logger] [JavaFX Application Thread] awt.toolkit=sun.awt.windows.WToolkit
19 Mar 2016, 11:32:03.437 [  FINER] [         FXGL.Logger] [JavaFX Application Thread] user.language=en
19 Mar 2016, 11:32:03.437 [  FINER] [         FXGL.Logger] [JavaFX Application Thread] java.specification.vendor=Oracle Corporation
19 Mar 2016, 11:32:03.437 [  FINER] [         FXGL.Logger] [JavaFX Application Thread] sun.java.command=com.chromalife.SpaceInvaders.SpaceInvadersApp
19 Mar 2016, 11:32:03.437 [  FINER] [         FXGL.Logger] [JavaFX Application Thread] java.home=C:\Program Files\Java\jre1.8.0_73
19 Mar 2016, 11:32:03.438 [  FINER] [         FXGL.Logger] [JavaFX Application Thread] sun.arch.data.model=64
19 Mar 2016, 11:32:03.438 [  FINER] [         FXGL.Logger] [JavaFX Application Thread] java.vm.specification.version=1.8
19 Mar 2016, 11:32:03.438 [  FINER] [         FXGL.Logger] [JavaFX Application Thread] java.class.path=C:\Users\User\Documents\School\spring 2016\github\SpaceInvaders\target\classes;C:\Users\User\.m2\repository\com\github\AlmasB\FXGL\0.2.1-0.2.0-gba5970d-32\FXGL-0.2.1-0.2.0-gba5970d-32.jar;C:\Users\User\.m2\repository\com\google\inject\guice\4.0\guice-4.0.jar;C:\Users\User\.m2\repository\javax\inject\javax.inject\1\javax.inject-1.jar;C:\Users\User\.m2\repository\aopalliance\aopalliance\1.0\aopalliance-1.0.jar;C:\Users\User\.m2\repository\com\google\guava\guava\16.0.1\guava-16.0.1.jar;C:\Users\User\.m2\repository\org\jfxtras\jfxtras-window\8.0-r4\jfxtras-window-8.0-r4.jar;C:\Users\User\.m2\repository\org\jfxtras\jfxtras-common\8.0-r4\jfxtras-common-8.0-r4.jar;C:\Users\User\.m2\repository\com\github\AlmasB\FXEventBus\1.0\FXEventBus-1.0.jar;C:\Users\User\.m2\repository\com\github\AlmasB\Ents\1.0\Ents-1.0.jar;C:\Users\User\.m2\repository\org\apache\logging\log4j\log4j-api\2.5\log4j-api-2.5.jar;C:\Users\User\.m2\repository\org\apache\logging\log4j\log4j-core\2.5\log4j-core-2.5.jar;C:\Users\User\.m2\repository\com\github\AlmasB\AStar\1.0\AStar-1.0.jar
19 Mar 2016, 11:32:03.438 [  FINER] [         FXGL.Logger] [JavaFX Application Thread] user.name=User
19 Mar 2016, 11:32:03.439 [  FINER] [         FXGL.Logger] [JavaFX Application Thread] file.encoding=Cp1252
19 Mar 2016, 11:32:03.439 [  FINER] [         FXGL.Logger] [JavaFX Application Thread] java.specification.version=1.8
19 Mar 2016, 11:32:03.439 [  FINER] [         FXGL.Logger] [JavaFX Application Thread] java.awt.printerjob=sun.awt.windows.WPrinterJob
19 Mar 2016, 11:32:03.439 [  FINER] [         FXGL.Logger] [JavaFX Application Thread] user.timezone=America/New_York
19 Mar 2016, 11:32:03.440 [  FINER] [         FXGL.Logger] [JavaFX Application Thread] user.home=C:\Users\User
19 Mar 2016, 11:32:03.440 [  FINER] [         FXGL.Logger] [JavaFX Application Thread] os.version=6.1
19 Mar 2016, 11:32:03.441 [  FINER] [         FXGL.Logger] [JavaFX Application Thread] sun.management.compiler=HotSpot 64-Bit Tiered Compilers
19 Mar 2016, 11:32:03.441 [  FINER] [         FXGL.Logger] [JavaFX Application Thread] java.specification.name=Java Platform API Specification
19 Mar 2016, 11:32:03.441 [  FINER] [         FXGL.Logger] [JavaFX Application Thread] java.class.version=52.0
19 Mar 2016, 11:32:03.441 [  FINER] [         FXGL.Logger] [JavaFX Application Thread] java.library.path=C:\Program Files\Java\jre1.8.0_73\bin;C:\Windows\Sun\Java\bin;C:\Windows\system32;C:\Windows;C:/Program Files/Java/jre1.8.0_73/bin/server;C:/Program Files/Java/jre1.8.0_73/bin;C:/Program Files/Java/jre1.8.0_73/lib/amd64;C:\ProgramData\Oracle\Java\javapath;C:\Windows\system32;C:\Windows;C:\Windows\System32\Wbem;C:\Windows\System32\WindowsPowerShell\v1.0\;C:\Program Files\nodejs\;C:\Program Files\Microsoft SQL Server\110\Tools\Binn\;C:\Program Files (x86)\Skype\Phone\;C:\Users\User\AppData\Roaming\npm;C:\eclipse;;.
19 Mar 2016, 11:32:03.442 [  FINER] [         FXGL.Logger] [JavaFX Application Thread] sun.jnu.encoding=Cp1252
19 Mar 2016, 11:32:03.442 [  FINER] [         FXGL.Logger] [JavaFX Application Thread] os.name=Windows 7
19 Mar 2016, 11:32:03.443 [  FINER] [         FXGL.Logger] [JavaFX Application Thread] user.variant=
19 Mar 2016, 11:32:03.443 [  FINER] [         FXGL.Logger] [JavaFX Application Thread] java.vm.specification.vendor=Oracle Corporation
19 Mar 2016, 11:32:03.443 [  FINER] [         FXGL.Logger] [JavaFX Application Thread] java.io.tmpdir=C:\Users\User\AppData\Local\Temp\
19 Mar 2016, 11:32:03.445 [  FINER] [         FXGL.Logger] [JavaFX Application Thread] line.separator=

19 Mar 2016, 11:32:03.445 [  FINER] [         FXGL.Logger] [JavaFX Application Thread] java.endorsed.dirs=C:\Program Files\Java\jre1.8.0_73\lib\endorsed
19 Mar 2016, 11:32:03.446 [  FINER] [         FXGL.Logger] [JavaFX Application Thread] os.arch=amd64
19 Mar 2016, 11:32:03.446 [  FINER] [         FXGL.Logger] [JavaFX Application Thread] javafx.runtime.version=8.0.71-b15
19 Mar 2016, 11:32:03.446 [  FINER] [         FXGL.Logger] [JavaFX Application Thread] java.awt.graphicsenv=sun.awt.Win32GraphicsEnvironment
19 Mar 2016, 11:32:03.446 [  FINER] [         FXGL.Logger] [JavaFX Application Thread] java.runtime.version=1.8.0_73-b02
19 Mar 2016, 11:32:03.447 [  FINER] [         FXGL.Logger] [JavaFX Application Thread] java.vm.specification.name=Java Virtual Machine Specification
19 Mar 2016, 11:32:03.447 [  FINER] [         FXGL.Logger] [JavaFX Application Thread] user.dir=C:\Users\User\Documents\School\spring 2016\github\SpaceInvaders
19 Mar 2016, 11:32:03.447 [  FINER] [         FXGL.Logger] [JavaFX Application Thread] user.country=US
19 Mar 2016, 11:32:03.447 [  FINER] [         FXGL.Logger] [JavaFX Application Thread] user.script=
19 Mar 2016, 11:32:03.448 [  FINER] [         FXGL.Logger] [JavaFX Application Thread] sun.java.launcher=SUN_STANDARD
19 Mar 2016, 11:32:03.448 [  FINER] [         FXGL.Logger] [JavaFX Application Thread] sun.os.patch.level=Service Pack 1
19 Mar 2016, 11:32:03.448 [  FINER] [         FXGL.Logger] [JavaFX Application Thread] java.vm.name=Java HotSpot(TM) 64-Bit Server VM
19 Mar 2016, 11:32:03.449 [  FINER] [         FXGL.Logger] [JavaFX Application Thread] file.encoding.pkg=sun.io
19 Mar 2016, 11:32:03.449 [  FINER] [         FXGL.Logger] [JavaFX Application Thread] path.separator=;
19 Mar 2016, 11:32:03.449 [  FINER] [         FXGL.Logger] [JavaFX Application Thread] java.vm.vendor=Oracle Corporation
19 Mar 2016, 11:32:03.449 [  FINER] [         FXGL.Logger] [JavaFX Application Thread] java.vendor.url=http://java.oracle.com/
19 Mar 2016, 11:32:03.450 [  FINER] [         FXGL.Logger] [JavaFX Application Thread] sun.boot.library.path=C:\Program Files\Java\jre1.8.0_73\bin
19 Mar 2016, 11:32:03.450 [  FINER] [         FXGL.Logger] [JavaFX Application Thread] java.vm.version=25.73-b02
19 Mar 2016, 11:32:03.450 [  FINER] [         FXGL.Logger] [JavaFX Application Thread] java.runtime.name=Java(TM) SE Runtime Environment
19 Mar 2016, 11:32:03.451 [  FINER] [         FXGL.Logger] [JavaFX Application Thread] javafx.version=8.0.71
19 Mar 2016, 11:32:03.455 [   INFO] [        FXGL.Version] [JavaFX Application Thread] FXGL-0.2.1-SNAPSHOT
19 Mar 2016, 11:32:03.456 [   INFO] [        FXGL.Version] [JavaFX Application Thread] Source code and latest builds at: https://github.com/AlmasB/FXGL
19 Mar 2016, 11:32:03.463 [  FINER] [    FXGL.Application] [JavaFX Application Thread] Game_clinit()
19 Mar 2016, 11:32:03.471 [  FINER] [    FXGL.Application] [JavaFX-Launcher] FXGL_init()
19 Mar 2016, 11:32:03.496 [  FINER] [    FXGL.Application] [JavaFX Application Thread] FXGL_start()
19 Mar 2016, 11:32:03.496 [  FINER] [    FXGL.Application] [JavaFX Application Thread] Initializing system properties
19 Mar 2016, 11:32:03.499 [  FINER] [    FXGL.Application] [JavaFX Application Thread] sound.notification = system/notification.wav
19 Mar 2016, 11:32:03.499 [  FINER] [    FXGL.Application] [JavaFX Application Thread] asset.cache.size = 35
19 Mar 2016, 11:32:03.499 [  FINER] [    FXGL.Application] [JavaFX Application Thread] ui.font = Copperplate_Gothic_Light_Regular.ttf
19 Mar 2016, 11:32:03.500 [  FINER] [    FXGL.Application] [JavaFX Application Thread] sound.menu.back = menu/back.wav
19 Mar 2016, 11:32:03.500 [  FINER] [    FXGL.Application] [JavaFX Application Thread] sound.menu.select = menu/select.wav
19 Mar 2016, 11:32:03.500 [  FINER] [    FXGL.Application] [JavaFX Application Thread] physics.ppm = 50
19 Mar 2016, 11:32:03.500 [  FINER] [    FXGL.Application] [JavaFX Application Thread] ui.css = fxgl.css
19 Mar 2016, 11:32:03.501 [  FINER] [    FXGL.Application] [JavaFX Application Thread] ui.icon.name = fxgl_icon.png
19 Mar 2016, 11:32:03.501 [  FINER] [    FXGL.Application] [JavaFX Application Thread] sound.menu.press = menu/press.wav
19 Mar 2016, 11:32:03.501 [  FINER] [    FXGL.Application] [JavaFX Application Thread] Initializing user properties
19 Mar 2016, 11:32:03.502 [   INFO] [    FXGL.Application] [JavaFX Application Thread] User properties not found. Using system
19 Mar 2016, 11:32:03.512 [   INFO] [         FXGL.Logger] [JavaFX Application Thread] Logger level set to: CONFIG
19 Mar 2016, 11:32:03.513 [   INFO] [    FXGL.Application] [JavaFX Application Thread] Application Mode: DEVELOPER
19 Mar 2016, 11:32:04.026 [  FINER] [    FXGL.Application] [JavaFX Application Thread] Services configuration complete
19 Mar 2016, 11:32:04.038 [  FINER] [       FXGL.EventBus] [JavaFX Application Thread] Service [EventBus] initialized
19 Mar 2016, 11:32:04.042 [  FINER] [    FXGL.AssetLoader] [JavaFX Application Thread] Service [AssetLoader] initialized
19 Mar 2016, 11:32:04.044 [  FINER] [    FXGL.AssetLoader] [JavaFX Application Thread] Loading from disk: /assets/sounds/system/notification.wav
19 Mar 2016, 11:32:04.071 [  FINER] [    FXGL.AssetLoader] [JavaFX Application Thread] Loading from disk: /assets/sounds/menu/select.wav
19 Mar 2016, 11:32:04.073 [  FINER] [    FXGL.AssetLoader] [JavaFX Application Thread] Loading from disk: /assets/sounds/menu/back.wav
19 Mar 2016, 11:32:04.075 [  FINER] [    FXGL.AssetLoader] [JavaFX Application Thread] Loading from disk: /assets/sounds/menu/press.wav
19 Mar 2016, 11:32:04.077 [  FINER] [    FXGL.AssetLoader] [JavaFX Application Thread] Loading from disk: /assets/ui/fonts/Copperplate_Gothic_Light_Regular.ttf
19 Mar 2016, 11:32:04.240 [  FINER] [    FXGL.AssetLoader] [JavaFX Application Thread] Loading from disk: /assets/ui/css/fxgl.css
19 Mar 2016, 11:32:04.240 [  FINER] [    FXGL.AssetLoader] [JavaFX Application Thread] Loading from disk: /assets/ui/icons/fxgl_icon.png
19 Mar 2016, 11:32:04.282 [  FINER] [    FXGL.AssetLoader] [JavaFX Application Thread] Loading from disk: /assets/ui/css/fxgl_dark.css
19 Mar 2016, 11:32:04.370 [  FINER] [        FXGL.Display] [JavaFX Application Thread] Target size: 480.0x600.0@1.0
19 Mar 2016, 11:32:04.371 [  FINER] [        FXGL.Display] [JavaFX Application Thread] New size:    480.0x600.0@1.0
19 Mar 2016, 11:32:04.372 [  FINER] [        FXGL.Display] [JavaFX Application Thread] Service [Display] initialized
19 Mar 2016, 11:32:04.372 [  FINER] [        FXGL.Display] [JavaFX Application Thread] Using CSS: CSS[jar:file:/C:/Users/User/.m2/repository/com/github/AlmasB/FXGL/0.2.1-0.2.0-gba5970d-32/FXGL-0.2.1-0.2.0-gba5970d-32.jar!/assets/ui/css/fxgl_dark.css]
19 Mar 2016, 11:32:04.377 [  FINER] [          FXGL.Input] [JavaFX Application Thread] Service [Input] initialized
19 Mar 2016, 11:32:04.382 [  FINER] [    FXGL.AudioPlayer] [JavaFX Application Thread] Service [AudioPlayer] initialized
19 Mar 2016, 11:32:04.389 [  FINER] [    FXGL.MasterTimer] [JavaFX Application Thread] Service [MasterTimer] initialized
19 Mar 2016, 11:32:04.407 [  FINER] [      FXGL.GameScene] [JavaFX Application Thread] Game scene initialized
19 Mar 2016, 11:32:04.409 [  FINER] [FXGL.NotificationSer] [JavaFX Application Thread] Service [NotificationService] initialized
19 Mar 2016, 11:32:04.677 [  FINER] [      FXGL.GameWorld] [JavaFX Application Thread] Game world initialized
19 Mar 2016, 11:32:04.728 [  FINER] [   FXGL.PhysicsWorld] [JavaFX Application Thread] Physics world initialized
19 Mar 2016, 11:32:04.831 [  FINER] [    FXGL.Application] [JavaFX Application Thread] Game_start()
19 Mar 2016, 11:32:04.845 [  FINER] [          FXGL.Input] [JavaFX Application Thread] Registered new binding: Move Left A
19 Mar 2016, 11:32:04.847 [  FINER] [          FXGL.Input] [JavaFX Application Thread] Registered new binding: Move Right D
19 Mar 2016, 11:32:04.850 [  FINER] [    FXGL.Application] [JavaFX Application Thread] Saving data to profile
19 Mar 2016, 11:32:04.851 [  FINER] [    FXGL.UserProfile] [JavaFX Application Thread] Logging bundle: game
19 Mar 2016, 11:32:04.852 [  FINER] [    FXGL.UserProfile] [JavaFX Application Thread] game.playtime=1381305641
19 Mar 2016, 11:32:04.852 [  FINER] [       FXGL.EventBus] [JavaFX Application Thread] Firing event: SaveEvent
19 Mar 2016, 11:32:04.854 [  FINER] [        FXGL.Display] [JavaFX Application Thread] Saving data to profile
19 Mar 2016, 11:32:04.855 [  FINER] [    FXGL.UserProfile] [JavaFX Application Thread] Logging bundle: scene
19 Mar 2016, 11:32:04.855 [  FINER] [    FXGL.UserProfile] [JavaFX Application Thread] scene.sizeW=480.0
19 Mar 2016, 11:32:04.855 [  FINER] [    FXGL.UserProfile] [JavaFX Application Thread] scene.sizeH=600.0
19 Mar 2016, 11:32:04.855 [  FINER] [          FXGL.Input] [JavaFX Application Thread] Saving data to profile
19 Mar 2016, 11:32:04.856 [  FINER] [    FXGL.UserProfile] [JavaFX Application Thread] Logging bundle: input
19 Mar 2016, 11:32:04.856 [  FINER] [    FXGL.UserProfile] [JavaFX Application Thread] input.Move Right=D
19 Mar 2016, 11:32:04.856 [  FINER] [    FXGL.UserProfile] [JavaFX Application Thread] input.Move Left=A
19 Mar 2016, 11:32:04.857 [  FINER] [    FXGL.AudioPlayer] [JavaFX Application Thread] Saving data to profile
19 Mar 2016, 11:32:04.857 [  FINER] [    FXGL.UserProfile] [JavaFX Application Thread] Logging bundle: audio
19 Mar 2016, 11:32:04.857 [  FINER] [    FXGL.UserProfile] [JavaFX Application Thread] audio.musicVolume=0.5
19 Mar 2016, 11:32:04.857 [  FINER] [    FXGL.UserProfile] [JavaFX Application Thread] audio.soundVolume=0.5
19 Mar 2016, 11:32:04.858 [  FINER] [FXGL.AchievementMana] [JavaFX Application Thread] Saving data to profile
19 Mar 2016, 11:32:04.860 [  FINER] [    FXGL.UserProfile] [JavaFX Application Thread] Logging bundle: achievement
19 Mar 2016, 11:32:04.860 [  FINER] [    FXGL.Application] [JavaFX Application Thread] Starting new game
19 Mar 2016, 11:32:04.862 [  FINER] [    FXGL.Application] [JavaFX Application Thread] Initializing App
19 Mar 2016, 11:32:04.862 [  FINER] [    FXGL.Application] [JavaFX Application Thread] Pausing main loop
19 Mar 2016, 11:32:04.863 [  FINER] [       FXGL.EventBus] [JavaFX Application Thread] Firing event: FXGLEvent[type=PAUSE]
19 Mar 2016, 11:32:04.863 [  FINER] [          FXGL.Input] [JavaFX Application Thread] Clearing active input actions
19 Mar 2016, 11:32:04.864 [  FINER] [    FXGL.MasterTimer] [JavaFX Application Thread] Stopping master timer
19 Mar 2016, 11:32:04.864 [  FINER] [    FXGL.Application] [JavaFX Application Thread] State: STARTUP -> PAUSED
19 Mar 2016, 11:32:04.865 [  FINER] [    FXGL.Application] [JavaFX Application Thread] Resetting FXGL application
19 Mar 2016, 11:32:04.865 [  FINER] [       FXGL.EventBus] [JavaFX Application Thread] Firing event: FXGLEvent[type=RESET]
19 Mar 2016, 11:32:04.865 [  FINER] [          FXGL.Input] [JavaFX Application Thread] Clearing active input actions
19 Mar 2016, 11:32:04.865 [  FINER] [    FXGL.MasterTimer] [JavaFX Application Thread] Resetting ticks to 0
19 Mar 2016, 11:32:04.865 [  FINER] [    FXGL.MasterTimer] [JavaFX Application Thread] Clearing all scheduled actions
19 Mar 2016, 11:32:04.866 [  FINER] [      FXGL.GameScene] [JavaFX Application Thread] Resetting game scene
19 Mar 2016, 11:32:04.866 [  FINER] [      FXGL.GameWorld] [JavaFX Application Thread] Resetting game world
19 Mar 2016, 11:32:04.868 [  FINER] [    FXGL.Application] [JavaFX Application Thread] State: PAUSED -> LOADING
19 Mar 2016, 11:32:04.908 [  FINER] [    FXGL.Application] [JavaFX Application Thread] Starting FXGL Init Thread
19 Mar 2016, 11:32:04.909 [  FINER] [    FXGL.Application] [FXGL Init Thread] Initializing Assets
19 Mar 2016, 11:32:04.911 [  FINER] [    FXGL.AssetLoader] [FXGL Init Thread] Loading from disk: /assets/textures/spaceshipReduced.png
19 Mar 2016, 11:32:04.919 [  FINER] [    FXGL.Application] [FXGL Init Thread] Initializing Game
19 Mar 2016, 11:32:04.945 [  FINER] [    FXGL.AssetLoader] [FXGL Init Thread] Loading from disk: /assets/textures/enemyReduced1.png
19 Mar 2016, 11:32:04.965 [  FINER] [    FXGL.AssetLoader] [FXGL Init Thread] Loading from cache: /assets/textures/enemyReduced1.png
19 Mar 2016, 11:32:04.967 [  FINER] [    FXGL.AssetLoader] [FXGL Init Thread] Loading from disk: /assets/textures/enemyReduced3.png
19 Mar 2016, 11:32:04.969 [  FINER] [    FXGL.AssetLoader] [FXGL Init Thread] Loading from cache: /assets/textures/enemyReduced1.png
19 Mar 2016, 11:32:04.971 [  FINER] [    FXGL.AssetLoader] [FXGL Init Thread] Loading from cache: /assets/textures/enemyReduced3.png
19 Mar 2016, 11:32:04.973 [  FINER] [    FXGL.AssetLoader] [FXGL Init Thread] Loading from disk: /assets/textures/enemyReduced2.png
19 Mar 2016, 11:32:04.976 [  FINER] [    FXGL.AssetLoader] [FXGL Init Thread] Loading from cache: /assets/textures/enemyReduced1.png
19 Mar 2016, 11:32:04.978 [  FINER] [    FXGL.AssetLoader] [FXGL Init Thread] Loading from cache: /assets/textures/enemyReduced3.png
19 Mar 2016, 11:32:04.980 [  FINER] [    FXGL.AssetLoader] [FXGL Init Thread] Loading from cache: /assets/textures/enemyReduced2.png
19 Mar 2016, 11:32:04.981 [  FINER] [    FXGL.AssetLoader] [FXGL Init Thread] Loading from cache: /assets/textures/enemyReduced2.png
19 Mar 2016, 11:32:04.983 [  FINER] [    FXGL.AssetLoader] [FXGL Init Thread] Loading from cache: /assets/textures/enemyReduced2.png
19 Mar 2016, 11:32:04.984 [  FINER] [    FXGL.AssetLoader] [FXGL Init Thread] Loading from cache: /assets/textures/enemyReduced3.png
19 Mar 2016, 11:32:04.987 [  FINER] [    FXGL.AssetLoader] [FXGL Init Thread] Loading from cache: /assets/textures/enemyReduced2.png
19 Mar 2016, 11:32:04.989 [  FINER] [    FXGL.AssetLoader] [FXGL Init Thread] Loading from cache: /assets/textures/enemyReduced1.png
19 Mar 2016, 11:32:04.991 [  FINER] [    FXGL.AssetLoader] [FXGL Init Thread] Loading from cache: /assets/textures/enemyReduced1.png
19 Mar 2016, 11:32:04.992 [  FINER] [    FXGL.AssetLoader] [FXGL Init Thread] Loading from cache: /assets/textures/enemyReduced1.png
19 Mar 2016, 11:32:04.993 [  FINER] [    FXGL.AssetLoader] [FXGL Init Thread] Loading from cache: /assets/textures/enemyReduced1.png
19 Mar 2016, 11:32:04.994 [  FINER] [    FXGL.AssetLoader] [FXGL Init Thread] Loading from cache: /assets/textures/enemyReduced2.png
19 Mar 2016, 11:32:04.995 [  FINER] [    FXGL.AssetLoader] [FXGL Init Thread] Loading from cache: /assets/textures/enemyReduced1.png
19 Mar 2016, 11:32:04.996 [  FINER] [    FXGL.AssetLoader] [FXGL Init Thread] Loading from cache: /assets/textures/enemyReduced2.png
19 Mar 2016, 11:32:04.998 [  FINER] [    FXGL.AssetLoader] [FXGL Init Thread] Loading from cache: /assets/textures/enemyReduced3.png
19 Mar 2016, 11:32:04.999 [  FINER] [    FXGL.AssetLoader] [FXGL Init Thread] Loading from cache: /assets/textures/enemyReduced3.png
19 Mar 2016, 11:32:05.001 [  FINER] [    FXGL.AssetLoader] [FXGL Init Thread] Loading from cache: /assets/textures/enemyReduced1.png
19 Mar 2016, 11:32:05.002 [  FINER] [    FXGL.AssetLoader] [FXGL Init Thread] Loading from cache: /assets/textures/enemyReduced2.png
19 Mar 2016, 11:32:05.003 [  FINER] [    FXGL.AssetLoader] [FXGL Init Thread] Loading from cache: /assets/textures/enemyReduced2.png
19 Mar 2016, 11:32:05.005 [  FINER] [    FXGL.AssetLoader] [FXGL Init Thread] Loading from cache: /assets/textures/enemyReduced1.png
19 Mar 2016, 11:32:05.006 [  FINER] [    FXGL.AssetLoader] [FXGL Init Thread] Loading from cache: /assets/textures/enemyReduced2.png
19 Mar 2016, 11:32:05.007 [  FINER] [    FXGL.AssetLoader] [FXGL Init Thread] Loading from cache: /assets/textures/enemyReduced2.png
19 Mar 2016, 11:32:05.008 [  FINER] [    FXGL.AssetLoader] [FXGL Init Thread] Loading from cache: /assets/textures/enemyReduced1.png
19 Mar 2016, 11:32:05.010 [  FINER] [    FXGL.AssetLoader] [FXGL Init Thread] Loading from cache: /assets/textures/enemyReduced1.png
19 Mar 2016, 11:32:05.011 [  FINER] [    FXGL.AssetLoader] [FXGL Init Thread] Loading from cache: /assets/textures/enemyReduced3.png
19 Mar 2016, 11:32:05.013 [  FINER] [    FXGL.AssetLoader] [FXGL Init Thread] Loading from cache: /assets/textures/enemyReduced3.png
19 Mar 2016, 11:32:05.015 [  FINER] [    FXGL.AssetLoader] [FXGL Init Thread] Loading from cache: /assets/textures/enemyReduced1.png
19 Mar 2016, 11:32:05.017 [  FINER] [    FXGL.AssetLoader] [FXGL Init Thread] Loading from cache: /assets/textures/enemyReduced2.png
19 Mar 2016, 11:32:05.019 [  FINER] [    FXGL.AssetLoader] [FXGL Init Thread] Loading from cache: /assets/textures/enemyReduced3.png
19 Mar 2016, 11:32:05.021 [  FINER] [    FXGL.AssetLoader] [FXGL Init Thread] Loading from cache: /assets/textures/enemyReduced2.png
19 Mar 2016, 11:32:05.024 [  FINER] [    FXGL.AssetLoader] [FXGL Init Thread] Loading from cache: /assets/textures/enemyReduced1.png
19 Mar 2016, 11:32:05.025 [  FINER] [    FXGL.AssetLoader] [FXGL Init Thread] Loading from cache: /assets/textures/enemyReduced1.png
19 Mar 2016, 11:32:05.027 [  FINER] [    FXGL.AssetLoader] [FXGL Init Thread] Loading from cache: /assets/textures/enemyReduced1.png
19 Mar 2016, 11:32:05.029 [  FINER] [    FXGL.AssetLoader] [FXGL Init Thread] Loading from cache: /assets/textures/enemyReduced2.png
19 Mar 2016, 11:32:05.030 [  FINER] [    FXGL.AssetLoader] [FXGL Init Thread] Loading from cache: /assets/textures/enemyReduced3.png
19 Mar 2016, 11:32:05.031 [  FINER] [    FXGL.AssetLoader] [FXGL Init Thread] Loading from cache: /assets/textures/enemyReduced3.png
19 Mar 2016, 11:32:05.032 [  FINER] [    FXGL.AssetLoader] [FXGL Init Thread] Loading from cache: /assets/textures/enemyReduced2.png
19 Mar 2016, 11:32:05.033 [  FINER] [    FXGL.AssetLoader] [FXGL Init Thread] Loading from cache: /assets/textures/enemyReduced3.png
19 Mar 2016, 11:32:05.034 [  FINER] [    FXGL.AssetLoader] [FXGL Init Thread] Loading from cache: /assets/textures/enemyReduced2.png
19 Mar 2016, 11:32:05.035 [  FINER] [    FXGL.AssetLoader] [FXGL Init Thread] Loading from cache: /assets/textures/enemyReduced1.png
19 Mar 2016, 11:32:05.036 [  FINER] [    FXGL.AssetLoader] [FXGL Init Thread] Loading from cache: /assets/textures/enemyReduced1.png
19 Mar 2016, 11:32:05.037 [  FINER] [    FXGL.AssetLoader] [FXGL Init Thread] Loading from cache: /assets/textures/enemyReduced1.png
19 Mar 2016, 11:32:05.039 [  FINER] [    FXGL.AssetLoader] [FXGL Init Thread] Loading from cache: /assets/textures/enemyReduced2.png
19 Mar 2016, 11:32:05.040 [  FINER] [    FXGL.AssetLoader] [FXGL Init Thread] Loading from cache: /assets/textures/enemyReduced2.png
19 Mar 2016, 11:32:05.041 [  FINER] [    FXGL.AssetLoader] [FXGL Init Thread] Loading from cache: /assets/textures/spaceshipReduced.png
19 Mar 2016, 11:32:05.042 [  FINER] [    FXGL.Application] [FXGL Init Thread] Initializing Physics
19 Mar 2016, 11:32:05.042 [  FINER] [    FXGL.Application] [FXGL Init Thread] Initializing UI
19 Mar 2016, 11:32:05.047 [  FINER] [    FXGL.Application] [FXGL Init Thread] Initialization Complete
19 Mar 2016, 11:32:05.163 [  FINER] [    FXGL.Application] [JavaFX Application Thread] Showing stage
19 Mar 2016, 11:32:05.164 [  FINER] [    FXGL.Application] [JavaFX Application Thread] Root size: 480.0x600.0
19 Mar 2016, 11:32:05.164 [  FINER] [    FXGL.Application] [JavaFX Application Thread] Scene size: 480.0x600.0
19 Mar 2016, 11:32:05.165 [  FINER] [    FXGL.Application] [JavaFX Application Thread] Stage size: 486.0x628.0
19 Mar 2016, 11:32:05.208 [  FINER] [       FXGL.EventBus] [JavaFX Application Thread] Firing event: FXGLEvent[type=INIT_APP_COMPLETE]
19 Mar 2016, 11:32:05.208 [  FINER] [    FXGL.Application] [JavaFX Application Thread] Resuming main loop
19 Mar 2016, 11:32:05.208 [  FINER] [       FXGL.EventBus] [JavaFX Application Thread] Firing event: FXGLEvent[type=RESUME]
19 Mar 2016, 11:32:05.208 [  FINER] [          FXGL.Input] [JavaFX Application Thread] Clearing active input actions
19 Mar 2016, 11:32:05.209 [  FINER] [    FXGL.MasterTimer] [JavaFX Application Thread] Starting master timer
19 Mar 2016, 11:32:05.209 [  FINER] [    FXGL.Application] [JavaFX Application Thread] State: LOADING -> PLAYING
19 Mar 2016, 11:32:05.220 [  FINER] [       FXGL.EventBus] [JavaFX Application Thread] Firing event: WorldEvent[type=ENTITY_ADDED]
19 Mar 2016, 11:32:05.220 [  FINER] [      FXGL.GameScene] [JavaFX Application Thread] Entity added to scene
19 Mar 2016, 11:32:05.221 [  FINER] [      FXGL.GameScene] [JavaFX Application Thread] Added MainViewComponent
19 Mar 2016, 11:32:05.222 [  FINER] [      FXGL.GameScene] [JavaFX Application Thread] Creating render group for layer: TOP(2147483647)
19 Mar 2016, 11:32:05.228 [  FINER] [       FXGL.EventBus] [JavaFX Application Thread] Firing event: WorldEvent[type=ENTITY_ADDED]
19 Mar 2016, 11:32:05.228 [  FINER] [      FXGL.GameScene] [JavaFX Application Thread] Entity added to scene
19 Mar 2016, 11:32:05.228 [  FINER] [      FXGL.GameScene] [JavaFX Application Thread] Added MainViewComponent
19 Mar 2016, 11:32:05.229 [  FINER] [       FXGL.EventBus] [JavaFX Application Thread] Firing event: WorldEvent[type=ENTITY_ADDED]
19 Mar 2016, 11:32:05.230 [  FINER] [      FXGL.GameScene] [JavaFX Application Thread] Entity added to scene
19 Mar 2016, 11:32:05.230 [  FINER] [      FXGL.GameScene] [JavaFX Application Thread] Added MainViewComponent
19 Mar 2016, 11:32:05.230 [  FINER] [       FXGL.EventBus] [JavaFX Application Thread] Firing event: WorldEvent[type=ENTITY_ADDED]
19 Mar 2016, 11:32:05.230 [  FINER] [      FXGL.GameScene] [JavaFX Application Thread] Entity added to scene
19 Mar 2016, 11:32:05.231 [  FINER] [      FXGL.GameScene] [JavaFX Application Thread] Added MainViewComponent
19 Mar 2016, 11:32:05.231 [  FINER] [       FXGL.EventBus] [JavaFX Application Thread] Firing event: WorldEvent[type=ENTITY_ADDED]
19 Mar 2016, 11:32:05.231 [  FINER] [      FXGL.GameScene] [JavaFX Application Thread] Entity added to scene
19 Mar 2016, 11:32:05.232 [  FINER] [      FXGL.GameScene] [JavaFX Application Thread] Added MainViewComponent
19 Mar 2016, 11:32:05.232 [  FINER] [       FXGL.EventBus] [JavaFX Application Thread] Firing event: WorldEvent[type=ENTITY_ADDED]
19 Mar 2016, 11:32:05.233 [  FINER] [      FXGL.GameScene] [JavaFX Application Thread] Entity added to scene
19 Mar 2016, 11:32:05.233 [  FINER] [      FXGL.GameScene] [JavaFX Application Thread] Added MainViewComponent
19 Mar 2016, 11:32:05.233 [  FINER] [       FXGL.EventBus] [JavaFX Application Thread] Firing event: WorldEvent[type=ENTITY_ADDED]
19 Mar 2016, 11:32:05.234 [  FINER] [      FXGL.GameScene] [JavaFX Application Thread] Entity added to scene
19 Mar 2016, 11:32:05.234 [  FINER] [      FXGL.GameScene] [JavaFX Application Thread] Added MainViewComponent
19 Mar 2016, 11:32:05.234 [  FINER] [       FXGL.EventBus] [JavaFX Application Thread] Firing event: WorldEvent[type=ENTITY_ADDED]
19 Mar 2016, 11:32:05.234 [  FINER] [      FXGL.GameScene] [JavaFX Application Thread] Entity added to scene
19 Mar 2016, 11:32:05.235 [  FINER] [      FXGL.GameScene] [JavaFX Application Thread] Added MainViewComponent
19 Mar 2016, 11:32:05.235 [  FINER] [       FXGL.EventBus] [JavaFX Application Thread] Firing event: WorldEvent[type=ENTITY_ADDED]
19 Mar 2016, 11:32:05.235 [  FINER] [      FXGL.GameScene] [JavaFX Application Thread] Entity added to scene
19 Mar 2016, 11:32:05.235 [  FINER] [      FXGL.GameScene] [JavaFX Application Thread] Added MainViewComponent
19 Mar 2016, 11:32:05.236 [  FINER] [       FXGL.EventBus] [JavaFX Application Thread] Firing event: WorldEvent[type=ENTITY_ADDED]
19 Mar 2016, 11:32:05.236 [  FINER] [      FXGL.GameScene] [JavaFX Application Thread] Entity added to scene
19 Mar 2016, 11:32:05.236 [  FINER] [      FXGL.GameScene] [JavaFX Application Thread] Added MainViewComponent
19 Mar 2016, 11:32:05.236 [  FINER] [       FXGL.EventBus] [JavaFX Application Thread] Firing event: WorldEvent[type=ENTITY_ADDED]
19 Mar 2016, 11:32:05.237 [  FINER] [      FXGL.GameScene] [JavaFX Application Thread] Entity added to scene
19 Mar 2016, 11:32:05.237 [  FINER] [      FXGL.GameScene] [JavaFX Application Thread] Added MainViewComponent
19 Mar 2016, 11:32:05.237 [  FINER] [       FXGL.EventBus] [JavaFX Application Thread] Firing event: WorldEvent[type=ENTITY_ADDED]
19 Mar 2016, 11:32:05.237 [  FINER] [      FXGL.GameScene] [JavaFX Application Thread] Entity added to scene
19 Mar 2016, 11:32:05.237 [  FINER] [      FXGL.GameScene] [JavaFX Application Thread] Added MainViewComponent
19 Mar 2016, 11:32:05.238 [  FINER] [       FXGL.EventBus] [JavaFX Application Thread] Firing event: WorldEvent[type=ENTITY_ADDED]
19 Mar 2016, 11:32:05.238 [  FINER] [      FXGL.GameScene] [JavaFX Application Thread] Entity added to scene
19 Mar 2016, 11:32:05.238 [  FINER] [      FXGL.GameScene] [JavaFX Application Thread] Added MainViewComponent
19 Mar 2016, 11:32:05.239 [  FINER] [       FXGL.EventBus] [JavaFX Application Thread] Firing event: WorldEvent[type=ENTITY_ADDED]
19 Mar 2016, 11:32:05.239 [  FINER] [      FXGL.GameScene] [JavaFX Application Thread] Entity added to scene
19 Mar 2016, 11:32:05.239 [  FINER] [      FXGL.GameScene] [JavaFX Application Thread] Added MainViewComponent
19 Mar 2016, 11:32:05.239 [  FINER] [       FXGL.EventBus] [JavaFX Application Thread] Firing event: WorldEvent[type=ENTITY_ADDED]
19 Mar 2016, 11:32:05.240 [  FINER] [      FXGL.GameScene] [JavaFX Application Thread] Entity added to scene
19 Mar 2016, 11:32:05.240 [  FINER] [      FXGL.GameScene] [JavaFX Application Thread] Added MainViewComponent
19 Mar 2016, 11:32:05.240 [  FINER] [       FXGL.EventBus] [JavaFX Application Thread] Firing event: WorldEvent[type=ENTITY_ADDED]
19 Mar 2016, 11:32:05.240 [  FINER] [      FXGL.GameScene] [JavaFX Application Thread] Entity added to scene
19 Mar 2016, 11:32:05.240 [  FINER] [      FXGL.GameScene] [JavaFX Application Thread] Added MainViewComponent
19 Mar 2016, 11:32:05.241 [  FINER] [       FXGL.EventBus] [JavaFX Application Thread] Firing event: WorldEvent[type=ENTITY_ADDED]
19 Mar 2016, 11:32:05.241 [  FINER] [      FXGL.GameScene] [JavaFX Application Thread] Entity added to scene
19 Mar 2016, 11:32:05.241 [  FINER] [      FXGL.GameScene] [JavaFX Application Thread] Added MainViewComponent
19 Mar 2016, 11:32:05.242 [  FINER] [       FXGL.EventBus] [JavaFX Application Thread] Firing event: WorldEvent[type=ENTITY_ADDED]
19 Mar 2016, 11:32:05.242 [  FINER] [      FXGL.GameScene] [JavaFX Application Thread] Entity added to scene
19 Mar 2016, 11:32:05.242 [  FINER] [      FXGL.GameScene] [JavaFX Application Thread] Added MainViewComponent
19 Mar 2016, 11:32:05.242 [  FINER] [       FXGL.EventBus] [JavaFX Application Thread] Firing event: WorldEvent[type=ENTITY_ADDED]
19 Mar 2016, 11:32:05.242 [  FINER] [      FXGL.GameScene] [JavaFX Application Thread] Entity added to scene
19 Mar 2016, 11:32:05.243 [  FINER] [      FXGL.GameScene] [JavaFX Application Thread] Added MainViewComponent
19 Mar 2016, 11:32:05.243 [  FINER] [       FXGL.EventBus] [JavaFX Application Thread] Firing event: WorldEvent[type=ENTITY_ADDED]
19 Mar 2016, 11:32:05.243 [  FINER] [      FXGL.GameScene] [JavaFX Application Thread] Entity added to scene
19 Mar 2016, 11:32:05.243 [  FINER] [      FXGL.GameScene] [JavaFX Application Thread] Added MainViewComponent
19 Mar 2016, 11:32:05.244 [  FINER] [       FXGL.EventBus] [JavaFX Application Thread] Firing event: WorldEvent[type=ENTITY_ADDED]
19 Mar 2016, 11:32:05.244 [  FINER] [      FXGL.GameScene] [JavaFX Application Thread] Entity added to scene
19 Mar 2016, 11:32:05.244 [  FINER] [      FXGL.GameScene] [JavaFX Application Thread] Added MainViewComponent
19 Mar 2016, 11:32:05.244 [  FINER] [       FXGL.EventBus] [JavaFX Application Thread] Firing event: WorldEvent[type=ENTITY_ADDED]
19 Mar 2016, 11:32:05.245 [  FINER] [      FXGL.GameScene] [JavaFX Application Thread] Entity added to scene
19 Mar 2016, 11:32:05.245 [  FINER] [      FXGL.GameScene] [JavaFX Application Thread] Added MainViewComponent
19 Mar 2016, 11:32:05.245 [  FINER] [       FXGL.EventBus] [JavaFX Application Thread] Firing event: WorldEvent[type=ENTITY_ADDED]
19 Mar 2016, 11:32:05.246 [  FINER] [      FXGL.GameScene] [JavaFX Application Thread] Entity added to scene
19 Mar 2016, 11:32:05.246 [  FINER] [      FXGL.GameScene] [JavaFX Application Thread] Added MainViewComponent
19 Mar 2016, 11:32:05.246 [  FINER] [       FXGL.EventBus] [JavaFX Application Thread] Firing event: WorldEvent[type=ENTITY_ADDED]
19 Mar 2016, 11:32:05.246 [  FINER] [      FXGL.GameScene] [JavaFX Application Thread] Entity added to scene
19 Mar 2016, 11:32:05.247 [  FINER] [      FXGL.GameScene] [JavaFX Application Thread] Added MainViewComponent
19 Mar 2016, 11:32:05.247 [  FINER] [       FXGL.EventBus] [JavaFX Application Thread] Firing event: WorldEvent[type=ENTITY_ADDED]
19 Mar 2016, 11:32:05.247 [  FINER] [      FXGL.GameScene] [JavaFX Application Thread] Entity added to scene
19 Mar 2016, 11:32:05.248 [  FINER] [      FXGL.GameScene] [JavaFX Application Thread] Added MainViewComponent
19 Mar 2016, 11:32:05.248 [  FINER] [       FXGL.EventBus] [JavaFX Application Thread] Firing event: WorldEvent[type=ENTITY_ADDED]
19 Mar 2016, 11:32:05.248 [  FINER] [      FXGL.GameScene] [JavaFX Application Thread] Entity added to scene
19 Mar 2016, 11:32:05.249 [  FINER] [      FXGL.GameScene] [JavaFX Application Thread] Added MainViewComponent
19 Mar 2016, 11:32:05.249 [  FINER] [       FXGL.EventBus] [JavaFX Application Thread] Firing event: WorldEvent[type=ENTITY_ADDED]
19 Mar 2016, 11:32:05.250 [  FINER] [      FXGL.GameScene] [JavaFX Application Thread] Entity added to scene
19 Mar 2016, 11:32:05.250 [  FINER] [      FXGL.GameScene] [JavaFX Application Thread] Added MainViewComponent
19 Mar 2016, 11:32:05.251 [  FINER] [       FXGL.EventBus] [JavaFX Application Thread] Firing event: WorldEvent[type=ENTITY_ADDED]
19 Mar 2016, 11:32:05.251 [  FINER] [      FXGL.GameScene] [JavaFX Application Thread] Entity added to scene
19 Mar 2016, 11:32:05.251 [  FINER] [      FXGL.GameScene] [JavaFX Application Thread] Added MainViewComponent
19 Mar 2016, 11:32:05.252 [  FINER] [       FXGL.EventBus] [JavaFX Application Thread] Firing event: WorldEvent[type=ENTITY_ADDED]
19 Mar 2016, 11:32:05.252 [  FINER] [      FXGL.GameScene] [JavaFX Application Thread] Entity added to scene
19 Mar 2016, 11:32:05.252 [  FINER] [      FXGL.GameScene] [JavaFX Application Thread] Added MainViewComponent
19 Mar 2016, 11:32:05.253 [  FINER] [       FXGL.EventBus] [JavaFX Application Thread] Firing event: WorldEvent[type=ENTITY_ADDED]
19 Mar 2016, 11:32:05.253 [  FINER] [      FXGL.GameScene] [JavaFX Application Thread] Entity added to scene
19 Mar 2016, 11:32:05.253 [  FINER] [      FXGL.GameScene] [JavaFX Application Thread] Added MainViewComponent
19 Mar 2016, 11:32:05.253 [  FINER] [       FXGL.EventBus] [JavaFX Application Thread] Firing event: WorldEvent[type=ENTITY_ADDED]
19 Mar 2016, 11:32:05.254 [  FINER] [      FXGL.GameScene] [JavaFX Application Thread] Entity added to scene
19 Mar 2016, 11:32:05.254 [  FINER] [      FXGL.GameScene] [JavaFX Application Thread] Added MainViewComponent
19 Mar 2016, 11:32:05.254 [  FINER] [       FXGL.EventBus] [JavaFX Application Thread] Firing event: WorldEvent[type=ENTITY_ADDED]
19 Mar 2016, 11:32:05.254 [  FINER] [      FXGL.GameScene] [JavaFX Application Thread] Entity added to scene
19 Mar 2016, 11:32:05.254 [  FINER] [      FXGL.GameScene] [JavaFX Application Thread] Added MainViewComponent
19 Mar 2016, 11:32:05.255 [  FINER] [       FXGL.EventBus] [JavaFX Application Thread] Firing event: WorldEvent[type=ENTITY_ADDED]
19 Mar 2016, 11:32:05.255 [  FINER] [      FXGL.GameScene] [JavaFX Application Thread] Entity added to scene
19 Mar 2016, 11:32:05.255 [  FINER] [      FXGL.GameScene] [JavaFX Application Thread] Added MainViewComponent
19 Mar 2016, 11:32:05.255 [  FINER] [       FXGL.EventBus] [JavaFX Application Thread] Firing event: WorldEvent[type=ENTITY_ADDED]
19 Mar 2016, 11:32:05.256 [  FINER] [      FXGL.GameScene] [JavaFX Application Thread] Entity added to scene
19 Mar 2016, 11:32:05.256 [  FINER] [      FXGL.GameScene] [JavaFX Application Thread] Added MainViewComponent
19 Mar 2016, 11:32:05.256 [  FINER] [       FXGL.EventBus] [JavaFX Application Thread] Firing event: WorldEvent[type=ENTITY_ADDED]
19 Mar 2016, 11:32:05.257 [  FINER] [      FXGL.GameScene] [JavaFX Application Thread] Entity added to scene
19 Mar 2016, 11:32:05.257 [  FINER] [      FXGL.GameScene] [JavaFX Application Thread] Added MainViewComponent
19 Mar 2016, 11:32:05.257 [  FINER] [       FXGL.EventBus] [JavaFX Application Thread] Firing event: WorldEvent[type=ENTITY_ADDED]
19 Mar 2016, 11:32:05.258 [  FINER] [      FXGL.GameScene] [JavaFX Application Thread] Entity added to scene
19 Mar 2016, 11:32:05.258 [  FINER] [      FXGL.GameScene] [JavaFX Application Thread] Added MainViewComponent
19 Mar 2016, 11:32:05.258 [  FINER] [       FXGL.EventBus] [JavaFX Application Thread] Firing event: WorldEvent[type=ENTITY_ADDED]
19 Mar 2016, 11:32:05.259 [  FINER] [      FXGL.GameScene] [JavaFX Application Thread] Entity added to scene
19 Mar 2016, 11:32:05.259 [  FINER] [      FXGL.GameScene] [JavaFX Application Thread] Added MainViewComponent
19 Mar 2016, 11:32:05.259 [  FINER] [       FXGL.EventBus] [JavaFX Application Thread] Firing event: WorldEvent[type=ENTITY_ADDED]
19 Mar 2016, 11:32:05.260 [  FINER] [      FXGL.GameScene] [JavaFX Application Thread] Entity added to scene
19 Mar 2016, 11:32:05.260 [  FINER] [      FXGL.GameScene] [JavaFX Application Thread] Added MainViewComponent
19 Mar 2016, 11:32:05.260 [  FINER] [       FXGL.EventBus] [JavaFX Application Thread] Firing event: WorldEvent[type=ENTITY_ADDED]
19 Mar 2016, 11:32:05.261 [  FINER] [      FXGL.GameScene] [JavaFX Application Thread] Entity added to scene
19 Mar 2016, 11:32:05.261 [  FINER] [      FXGL.GameScene] [JavaFX Application Thread] Added MainViewComponent
19 Mar 2016, 11:32:05.262 [  FINER] [       FXGL.EventBus] [JavaFX Application Thread] Firing event: WorldEvent[type=ENTITY_ADDED]
19 Mar 2016, 11:32:05.262 [  FINER] [      FXGL.GameScene] [JavaFX Application Thread] Entity added to scene
19 Mar 2016, 11:32:05.262 [  FINER] [      FXGL.GameScene] [JavaFX Application Thread] Added MainViewComponent
19 Mar 2016, 11:32:05.262 [  FINER] [       FXGL.EventBus] [JavaFX Application Thread] Firing event: WorldEvent[type=ENTITY_ADDED]
19 Mar 2016, 11:32:05.263 [  FINER] [      FXGL.GameScene] [JavaFX Application Thread] Entity added to scene
19 Mar 2016, 11:32:05.263 [  FINER] [      FXGL.GameScene] [JavaFX Application Thread] Added MainViewComponent
19 Mar 2016, 11:32:05.263 [  FINER] [       FXGL.EventBus] [JavaFX Application Thread] Firing event: WorldEvent[type=ENTITY_ADDED]
19 Mar 2016, 11:32:05.263 [  FINER] [      FXGL.GameScene] [JavaFX Application Thread] Entity added to scene
19 Mar 2016, 11:32:05.263 [  FINER] [      FXGL.GameScene] [JavaFX Application Thread] Added MainViewComponent
19 Mar 2016, 11:32:05.264 [  FINER] [       FXGL.EventBus] [JavaFX Application Thread] Firing event: WorldEvent[type=ENTITY_ADDED]
19 Mar 2016, 11:32:05.264 [  FINER] [      FXGL.GameScene] [JavaFX Application Thread] Entity added to scene
19 Mar 2016, 11:32:05.264 [  FINER] [      FXGL.GameScene] [JavaFX Application Thread] Added MainViewComponent
19 Mar 2016, 11:32:05.264 [  FINER] [       FXGL.EventBus] [JavaFX Application Thread] Firing event: WorldEvent[type=ENTITY_ADDED]
19 Mar 2016, 11:32:05.265 [  FINER] [      FXGL.GameScene] [JavaFX Application Thread] Entity added to scene
19 Mar 2016, 11:32:05.265 [  FINER] [      FXGL.GameScene] [JavaFX Application Thread] Added MainViewComponent
19 Mar 2016, 11:32:05.265 [  FINER] [       FXGL.EventBus] [JavaFX Application Thread] Firing event: WorldEvent[type=ENTITY_ADDED]
19 Mar 2016, 11:32:05.265 [  FINER] [      FXGL.GameScene] [JavaFX Application Thread] Entity added to scene
19 Mar 2016, 11:32:05.265 [  FINER] [      FXGL.GameScene] [JavaFX Application Thread] Added MainViewComponent
19 Mar 2016, 11:32:05.266 [  FINER] [       FXGL.EventBus] [JavaFX Application Thread] Firing event: WorldEvent[type=ENTITY_ADDED]
19 Mar 2016, 11:32:05.266 [  FINER] [      FXGL.GameScene] [JavaFX Application Thread] Entity added to scene
19 Mar 2016, 11:32:05.266 [  FINER] [      FXGL.GameScene] [JavaFX Application Thread] Added MainViewComponent
19 Mar 2016, 11:32:05.267 [  FINER] [       FXGL.EventBus] [JavaFX Application Thread] Firing event: WorldEvent[type=ENTITY_ADDED]
19 Mar 2016, 11:32:05.267 [  FINER] [      FXGL.GameScene] [JavaFX Application Thread] Entity added to scene
19 Mar 2016, 11:32:05.267 [  FINER] [      FXGL.GameScene] [JavaFX Application Thread] Added MainViewComponent
19 Mar 2016, 11:32:05.268 [  FINER] [       FXGL.EventBus] [JavaFX Application Thread] Firing event: WorldEvent[type=ENTITY_ADDED]
19 Mar 2016, 11:32:05.268 [  FINER] [      FXGL.GameScene] [JavaFX Application Thread] Entity added to scene
19 Mar 2016, 11:32:05.268 [  FINER] [      FXGL.GameScene] [JavaFX Application Thread] Added MainViewComponent
19 Mar 2016, 11:32:05.269 [  FINER] [       FXGL.EventBus] [JavaFX Application Thread] Firing event: WorldEvent[type=ENTITY_ADDED]
19 Mar 2016, 11:32:05.269 [  FINER] [      FXGL.GameScene] [JavaFX Application Thread] Entity added to scene
19 Mar 2016, 11:32:05.269 [  FINER] [      FXGL.GameScene] [JavaFX Application Thread] Added MainViewComponent
19 Mar 2016, 11:32:05.270 [  FINER] [       FXGL.EventBus] [JavaFX Application Thread] Firing event: WorldEvent[type=ENTITY_ADDED]
19 Mar 2016, 11:32:05.270 [  FINER] [      FXGL.GameScene] [JavaFX Application Thread] Entity added to scene
19 Mar 2016, 11:32:05.270 [  FINER] [      FXGL.GameScene] [JavaFX Application Thread] Added MainViewComponent
19 Mar 2016, 11:32:05.271 [  FINER] [       FXGL.EventBus] [JavaFX Application Thread] Firing event: WorldEvent[type=ENTITY_ADDED]
19 Mar 2016, 11:32:05.271 [  FINER] [      FXGL.GameScene] [JavaFX Application Thread] Entity added to scene
19 Mar 2016, 11:32:05.271 [  FINER] [      FXGL.GameScene] [JavaFX Application Thread] Added MainViewComponent
19 Mar 2016, 11:32:08.979 [  FINER] [       FXGL.EventBus] [JavaFX Application Thread] Firing event: DisplayEvent[type=DIALOG_OPENED]
19 Mar 2016, 11:32:08.980 [  FINER] [    FXGL.Application] [JavaFX Application Thread] Pausing main loop
19 Mar 2016, 11:32:08.980 [  FINER] [       FXGL.EventBus] [JavaFX Application Thread] Firing event: FXGLEvent[type=PAUSE]
19 Mar 2016, 11:32:08.980 [  FINER] [          FXGL.Input] [JavaFX Application Thread] Clearing active input actions
19 Mar 2016, 11:32:08.980 [  FINER] [    FXGL.MasterTimer] [JavaFX Application Thread] Stopping master timer
19 Mar 2016, 11:32:08.980 [  FINER] [    FXGL.Application] [JavaFX Application Thread] State: PLAYING -> PAUSED
19 Mar 2016, 11:32:08.980 [  FINER] [          FXGL.Input] [JavaFX Application Thread] Clearing active input actions
19 Mar 2016, 11:32:10.029 [  FINER] [       FXGL.EventBus] [JavaFX Application Thread] Firing event: DisplayEvent[type=DIALOG_CLOSED]
19 Mar 2016, 11:32:10.030 [  FINER] [    FXGL.Application] [JavaFX Application Thread] Resuming main loop
19 Mar 2016, 11:32:10.030 [  FINER] [       FXGL.EventBus] [JavaFX Application Thread] Firing event: FXGLEvent[type=RESUME]
19 Mar 2016, 11:32:10.030 [  FINER] [          FXGL.Input] [JavaFX Application Thread] Clearing active input actions
19 Mar 2016, 11:32:10.030 [  FINER] [    FXGL.MasterTimer] [JavaFX Application Thread] Starting master timer
19 Mar 2016, 11:32:10.031 [  FINER] [    FXGL.Application] [JavaFX Application Thread] State: PAUSED -> PLAYING
19 Mar 2016, 11:32:10.031 [  FINER] [       FXGL.EventBus] [JavaFX Application Thread] Firing event: DisplayEvent[type=CLOSE_REQUEST]
19 Mar 2016, 11:32:10.031 [  FINER] [    FXGL.Application] [JavaFX Application Thread] Exiting Normally
19 Mar 2016, 11:32:10.031 [  FINER] [       FXGL.EventBus] [JavaFX Application Thread] Firing event: FXGLEvent[type=EXIT]
19 Mar 2016, 11:32:10.031 [  FINER] [         FXGL.Logger] [JavaFX Application Thread] Logger is closing
