21 Mar 2016, 15:55:59.749 [   INFO] [         FXGL.Logger] [JavaFX Application Thread] Logger initialized with level: CONFIG
21 Mar 2016, 15:55:59.756 [  FINER] [         FXGL.Logger] [JavaFX Application Thread] CPU cores: 4
21 Mar 2016, 15:55:59.759 [  FINER] [         FXGL.Logger] [JavaFX Application Thread] Free Memory: 107MB
21 Mar 2016, 15:55:59.760 [  FINER] [         FXGL.Logger] [JavaFX Application Thread] Max Memory: 1755MB
21 Mar 2016, 15:55:59.760 [  FINER] [         FXGL.Logger] [JavaFX Application Thread] Total Memory: 119MB
21 Mar 2016, 15:55:59.761 [  FINER] [         FXGL.Logger] [JavaFX Application Thread] System Properties:
21 Mar 2016, 15:55:59.764 [  FINER] [         FXGL.Logger] [JavaFX Application Thread] sun.cpu.isalist=amd64
21 Mar 2016, 15:55:59.765 [  FINER] [         FXGL.Logger] [JavaFX Application Thread] sun.desktop=windows
21 Mar 2016, 15:55:59.765 [  FINER] [         FXGL.Logger] [JavaFX Application Thread] sun.io.unicode.encoding=UnicodeLittle
21 Mar 2016, 15:55:59.765 [  FINER] [         FXGL.Logger] [JavaFX Application Thread] sun.cpu.endian=little
21 Mar 2016, 15:55:59.766 [  FINER] [         FXGL.Logger] [JavaFX Application Thread] java.vendor.url.bug=http://bugreport.sun.com/bugreport/
21 Mar 2016, 15:55:59.766 [  FINER] [         FXGL.Logger] [JavaFX Application Thread] file.separator=\
21 Mar 2016, 15:55:59.767 [  FINER] [         FXGL.Logger] [JavaFX Application Thread] java.vendor=Oracle Corporation
21 Mar 2016, 15:55:59.767 [  FINER] [         FXGL.Logger] [JavaFX Application Thread] sun.boot.class.path=C:\Program Files\Java\jre1.8.0_73\lib\resources.jar;C:\Program Files\Java\jre1.8.0_73\lib\rt.jar;C:\Program Files\Java\jre1.8.0_73\lib\sunrsasign.jar;C:\Program Files\Java\jre1.8.0_73\lib\jsse.jar;C:\Program Files\Java\jre1.8.0_73\lib\jce.jar;C:\Program Files\Java\jre1.8.0_73\lib\charsets.jar;C:\Program Files\Java\jre1.8.0_73\lib\jfr.jar;C:\Program Files\Java\jre1.8.0_73\classes
21 Mar 2016, 15:55:59.767 [  FINER] [         FXGL.Logger] [JavaFX Application Thread] java.ext.dirs=C:\Program Files\Java\jre1.8.0_73\lib\ext;C:\Windows\Sun\Java\lib\ext
21 Mar 2016, 15:55:59.768 [  FINER] [         FXGL.Logger] [JavaFX Application Thread] java.version=1.8.0_73
21 Mar 2016, 15:55:59.768 [  FINER] [         FXGL.Logger] [JavaFX Application Thread] java.vm.info=mixed mode
21 Mar 2016, 15:55:59.769 [  FINER] [         FXGL.Logger] [JavaFX Application Thread] awt.toolkit=sun.awt.windows.WToolkit
21 Mar 2016, 15:55:59.769 [  FINER] [         FXGL.Logger] [JavaFX Application Thread] user.language=en
21 Mar 2016, 15:55:59.769 [  FINER] [         FXGL.Logger] [JavaFX Application Thread] java.specification.vendor=Oracle Corporation
21 Mar 2016, 15:55:59.770 [  FINER] [         FXGL.Logger] [JavaFX Application Thread] sun.java.command=SpaceInvaders.SpaceInvadersApp
21 Mar 2016, 15:55:59.770 [  FINER] [         FXGL.Logger] [JavaFX Application Thread] java.home=C:\Program Files\Java\jre1.8.0_73
21 Mar 2016, 15:55:59.770 [  FINER] [         FXGL.Logger] [JavaFX Application Thread] sun.arch.data.model=64
21 Mar 2016, 15:55:59.771 [  FINER] [         FXGL.Logger] [JavaFX Application Thread] java.vm.specification.version=1.8
21 Mar 2016, 15:55:59.771 [  FINER] [         FXGL.Logger] [JavaFX Application Thread] java.class.path=D:\workspace\SpaceInvaders\target\classes;C:\Users\Anwar Saleeby\.m2\repository\com\github\AlmasB\FXGL\0.2.1-0.2.0-gba5970d-32\FXGL-0.2.1-0.2.0-gba5970d-32.jar;C:\Users\Anwar Saleeby\.m2\repository\com\google\inject\guice\4.0\guice-4.0.jar;C:\Users\Anwar Saleeby\.m2\repository\javax\inject\javax.inject\1\javax.inject-1.jar;C:\Users\Anwar Saleeby\.m2\repository\aopalliance\aopalliance\1.0\aopalliance-1.0.jar;C:\Users\Anwar Saleeby\.m2\repository\com\google\guava\guava\16.0.1\guava-16.0.1.jar;C:\Users\Anwar Saleeby\.m2\repository\org\jfxtras\jfxtras-window\8.0-r4\jfxtras-window-8.0-r4.jar;C:\Users\Anwar Saleeby\.m2\repository\org\jfxtras\jfxtras-common\8.0-r4\jfxtras-common-8.0-r4.jar;C:\Users\Anwar Saleeby\.m2\repository\com\github\AlmasB\FXEventBus\1.0\FXEventBus-1.0.jar;C:\Users\Anwar Saleeby\.m2\repository\com\github\AlmasB\Ents\1.0\Ents-1.0.jar;C:\Users\Anwar Saleeby\.m2\repository\org\apache\logging\log4j\log4j-api\2.5\log4j-api-2.5.jar;C:\Users\Anwar Saleeby\.m2\repository\org\apache\logging\log4j\log4j-core\2.5\log4j-core-2.5.jar;C:\Users\Anwar Saleeby\.m2\repository\com\github\AlmasB\AStar\1.0\AStar-1.0.jar
21 Mar 2016, 15:55:59.772 [  FINER] [         FXGL.Logger] [JavaFX Application Thread] user.name=Anwar Saleeby
21 Mar 2016, 15:55:59.772 [  FINER] [         FXGL.Logger] [JavaFX Application Thread] file.encoding=UTF-8
21 Mar 2016, 15:55:59.773 [  FINER] [         FXGL.Logger] [JavaFX Application Thread] java.specification.version=1.8
21 Mar 2016, 15:55:59.773 [  FINER] [         FXGL.Logger] [JavaFX Application Thread] java.awt.printerjob=sun.awt.windows.WPrinterJob
21 Mar 2016, 15:55:59.774 [  FINER] [         FXGL.Logger] [JavaFX Application Thread] user.timezone=America/New_York
21 Mar 2016, 15:55:59.774 [  FINER] [         FXGL.Logger] [JavaFX Application Thread] user.home=C:\Users\Anwar Saleeby
21 Mar 2016, 15:55:59.775 [  FINER] [         FXGL.Logger] [JavaFX Application Thread] os.version=10.0
21 Mar 2016, 15:55:59.775 [  FINER] [         FXGL.Logger] [JavaFX Application Thread] sun.management.compiler=HotSpot 64-Bit Tiered Compilers
21 Mar 2016, 15:55:59.775 [  FINER] [         FXGL.Logger] [JavaFX Application Thread] java.specification.name=Java Platform API Specification
21 Mar 2016, 15:55:59.776 [  FINER] [         FXGL.Logger] [JavaFX Application Thread] java.class.version=52.0
21 Mar 2016, 15:55:59.776 [  FINER] [         FXGL.Logger] [JavaFX Application Thread] java.library.path=C:\Program Files\Java\jre1.8.0_73\bin;C:\Windows\Sun\Java\bin;C:\Windows\system32;C:\Windows;C:/Program Files/Java/jre1.8.0_73/bin/server;C:/Program Files/Java/jre1.8.0_73/bin;C:/Program Files/Java/jre1.8.0_73/lib/amd64;C:\oraclexe\app\oracle\product\11.2.0\server\bin;C:\ProgramData\Oracle\Java\javapath;C:\Windows\system32;C:\Windows;C:\Windows\System32\Wbem;C:\Windows\System32\WindowsPowerShell\v1.0\;C:\Program Files\nodejs\;C:\Program Files\Git\cmd;C:\Users\Anwar Saleeby\AppData\Local\Programs\Python\Python35\Scripts\;C:\Users\Anwar Saleeby\AppData\Local\Programs\Python\Python35\;C:\Users\Anwar Saleeby\AppData\Roaming\npm;C:\Program Files\MongoDB\Server\3.2\bin;C:\Program Files\Git;C:\Program Files\eclipse;;.
21 Mar 2016, 15:55:59.776 [  FINER] [         FXGL.Logger] [JavaFX Application Thread] sun.jnu.encoding=Cp1252
21 Mar 2016, 15:55:59.776 [  FINER] [         FXGL.Logger] [JavaFX Application Thread] os.name=Windows 10
21 Mar 2016, 15:55:59.777 [  FINER] [         FXGL.Logger] [JavaFX Application Thread] user.variant=
21 Mar 2016, 15:55:59.777 [  FINER] [         FXGL.Logger] [JavaFX Application Thread] java.vm.specification.vendor=Oracle Corporation
21 Mar 2016, 15:55:59.777 [  FINER] [         FXGL.Logger] [JavaFX Application Thread] java.io.tmpdir=C:\Users\ANWARS~1\AppData\Local\Temp\
21 Mar 2016, 15:55:59.778 [  FINER] [         FXGL.Logger] [JavaFX Application Thread] line.separator=

21 Mar 2016, 15:55:59.778 [  FINER] [         FXGL.Logger] [JavaFX Application Thread] java.endorsed.dirs=C:\Program Files\Java\jre1.8.0_73\lib\endorsed
21 Mar 2016, 15:55:59.778 [  FINER] [         FXGL.Logger] [JavaFX Application Thread] os.arch=amd64
21 Mar 2016, 15:55:59.779 [  FINER] [         FXGL.Logger] [JavaFX Application Thread] javafx.runtime.version=8.0.71-b15
21 Mar 2016, 15:55:59.779 [  FINER] [         FXGL.Logger] [JavaFX Application Thread] java.awt.graphicsenv=sun.awt.Win32GraphicsEnvironment
21 Mar 2016, 15:55:59.779 [  FINER] [         FXGL.Logger] [JavaFX Application Thread] java.runtime.version=1.8.0_73-b02
21 Mar 2016, 15:55:59.780 [  FINER] [         FXGL.Logger] [JavaFX Application Thread] java.vm.specification.name=Java Virtual Machine Specification
21 Mar 2016, 15:55:59.780 [  FINER] [         FXGL.Logger] [JavaFX Application Thread] user.dir=D:\workspace\SpaceInvaders
21 Mar 2016, 15:55:59.780 [  FINER] [         FXGL.Logger] [JavaFX Application Thread] user.country=US
21 Mar 2016, 15:55:59.780 [  FINER] [         FXGL.Logger] [JavaFX Application Thread] user.script=
21 Mar 2016, 15:55:59.781 [  FINER] [         FXGL.Logger] [JavaFX Application Thread] sun.java.launcher=SUN_STANDARD
21 Mar 2016, 15:55:59.781 [  FINER] [         FXGL.Logger] [JavaFX Application Thread] sun.os.patch.level=
21 Mar 2016, 15:55:59.781 [  FINER] [         FXGL.Logger] [JavaFX Application Thread] java.vm.name=Java HotSpot(TM) 64-Bit Server VM
21 Mar 2016, 15:55:59.782 [  FINER] [         FXGL.Logger] [JavaFX Application Thread] file.encoding.pkg=sun.io
21 Mar 2016, 15:55:59.782 [  FINER] [         FXGL.Logger] [JavaFX Application Thread] path.separator=;
21 Mar 2016, 15:55:59.782 [  FINER] [         FXGL.Logger] [JavaFX Application Thread] java.vm.vendor=Oracle Corporation
21 Mar 2016, 15:55:59.783 [  FINER] [         FXGL.Logger] [JavaFX Application Thread] java.vendor.url=http://java.oracle.com/
21 Mar 2016, 15:55:59.783 [  FINER] [         FXGL.Logger] [JavaFX Application Thread] sun.boot.library.path=C:\Program Files\Java\jre1.8.0_73\bin
21 Mar 2016, 15:55:59.783 [  FINER] [         FXGL.Logger] [JavaFX Application Thread] java.vm.version=25.73-b02
21 Mar 2016, 15:55:59.783 [  FINER] [         FXGL.Logger] [JavaFX Application Thread] java.runtime.name=Java(TM) SE Runtime Environment
21 Mar 2016, 15:55:59.784 [  FINER] [         FXGL.Logger] [JavaFX Application Thread] javafx.version=8.0.71
21 Mar 2016, 15:55:59.789 [   INFO] [        FXGL.Version] [JavaFX Application Thread] FXGL-0.2.1-SNAPSHOT
21 Mar 2016, 15:55:59.790 [   INFO] [        FXGL.Version] [JavaFX Application Thread] Source code and latest builds at: https://github.com/AlmasB/FXGL
21 Mar 2016, 15:55:59.800 [  FINER] [    FXGL.Application] [JavaFX Application Thread] Game_clinit()
21 Mar 2016, 15:55:59.809 [  FINER] [    FXGL.Application] [JavaFX-Launcher] FXGL_init()
21 Mar 2016, 15:55:59.842 [  FINER] [    FXGL.Application] [JavaFX Application Thread] FXGL_start()
21 Mar 2016, 15:55:59.842 [  FINER] [    FXGL.Application] [JavaFX Application Thread] Initializing system properties
21 Mar 2016, 15:55:59.845 [  FINER] [    FXGL.Application] [JavaFX Application Thread] sound.notification = system/notification.wav
21 Mar 2016, 15:55:59.845 [  FINER] [    FXGL.Application] [JavaFX Application Thread] asset.cache.size = 35
21 Mar 2016, 15:55:59.846 [  FINER] [    FXGL.Application] [JavaFX Application Thread] ui.font = Copperplate_Gothic_Light_Regular.ttf
21 Mar 2016, 15:55:59.846 [  FINER] [    FXGL.Application] [JavaFX Application Thread] sound.menu.back = menu/back.wav
21 Mar 2016, 15:55:59.846 [  FINER] [    FXGL.Application] [JavaFX Application Thread] sound.menu.select = menu/select.wav
21 Mar 2016, 15:55:59.846 [  FINER] [    FXGL.Application] [JavaFX Application Thread] physics.ppm = 50
21 Mar 2016, 15:55:59.846 [  FINER] [    FXGL.Application] [JavaFX Application Thread] ui.css = fxgl.css
21 Mar 2016, 15:55:59.847 [  FINER] [    FXGL.Application] [JavaFX Application Thread] ui.icon.name = fxgl_icon.png
21 Mar 2016, 15:55:59.847 [  FINER] [    FXGL.Application] [JavaFX Application Thread] sound.menu.press = menu/press.wav
21 Mar 2016, 15:55:59.847 [  FINER] [    FXGL.Application] [JavaFX Application Thread] Initializing user properties
21 Mar 2016, 15:55:59.847 [   INFO] [    FXGL.Application] [JavaFX Application Thread] User properties not found. Using system
21 Mar 2016, 15:55:59.858 [   INFO] [         FXGL.Logger] [JavaFX Application Thread] Logger level set to: CONFIG
21 Mar 2016, 15:55:59.859 [   INFO] [    FXGL.Application] [JavaFX Application Thread] Application Mode: DEVELOPER
21 Mar 2016, 15:56:00.301 [  FINER] [    FXGL.Application] [JavaFX Application Thread] Services configuration complete
21 Mar 2016, 15:56:00.312 [  FINER] [       FXGL.EventBus] [JavaFX Application Thread] Service [EventBus] initialized
21 Mar 2016, 15:56:00.314 [  FINER] [    FXGL.AssetLoader] [JavaFX Application Thread] Service [AssetLoader] initialized
21 Mar 2016, 15:56:00.316 [  FINER] [    FXGL.AssetLoader] [JavaFX Application Thread] Loading from disk: /assets/sounds/system/notification.wav
21 Mar 2016, 15:56:00.339 [  FINER] [    FXGL.AssetLoader] [JavaFX Application Thread] Loading from disk: /assets/sounds/menu/select.wav
21 Mar 2016, 15:56:00.341 [  FINER] [    FXGL.AssetLoader] [JavaFX Application Thread] Loading from disk: /assets/sounds/menu/back.wav
21 Mar 2016, 15:56:00.343 [  FINER] [    FXGL.AssetLoader] [JavaFX Application Thread] Loading from disk: /assets/sounds/menu/press.wav
21 Mar 2016, 15:56:00.346 [  FINER] [    FXGL.AssetLoader] [JavaFX Application Thread] Loading from disk: /assets/ui/fonts/Copperplate_Gothic_Light_Regular.ttf
21 Mar 2016, 15:56:00.422 [  FINER] [    FXGL.AssetLoader] [JavaFX Application Thread] Loading from disk: /assets/ui/css/fxgl.css
21 Mar 2016, 15:56:00.423 [  FINER] [    FXGL.AssetLoader] [JavaFX Application Thread] Loading from disk: /assets/ui/icons/fxgl_icon.png
21 Mar 2016, 15:56:00.462 [  FINER] [    FXGL.AssetLoader] [JavaFX Application Thread] Loading from disk: /assets/ui/css/fxgl_dark.css
21 Mar 2016, 15:56:00.532 [  FINER] [        FXGL.Display] [JavaFX Application Thread] Target size: 480.0x600.0@1.0
21 Mar 2016, 15:56:00.532 [  FINER] [        FXGL.Display] [JavaFX Application Thread] New size:    480.0x600.0@1.0
21 Mar 2016, 15:56:00.533 [  FINER] [        FXGL.Display] [JavaFX Application Thread] Service [Display] initialized
21 Mar 2016, 15:56:00.533 [  FINER] [        FXGL.Display] [JavaFX Application Thread] Using CSS: CSS[jar:file:/C:/Users/Anwar%20Saleeby/.m2/repository/com/github/AlmasB/FXGL/0.2.1-0.2.0-gba5970d-32/FXGL-0.2.1-0.2.0-gba5970d-32.jar!/assets/ui/css/fxgl_dark.css]
21 Mar 2016, 15:56:00.537 [  FINER] [          FXGL.Input] [JavaFX Application Thread] Service [Input] initialized
21 Mar 2016, 15:56:00.539 [  FINER] [    FXGL.AudioPlayer] [JavaFX Application Thread] Service [AudioPlayer] initialized
21 Mar 2016, 15:56:00.545 [  FINER] [    FXGL.MasterTimer] [JavaFX Application Thread] Service [MasterTimer] initialized
21 Mar 2016, 15:56:00.560 [  FINER] [      FXGL.GameScene] [JavaFX Application Thread] Game scene initialized
21 Mar 2016, 15:56:00.562 [  FINER] [FXGL.NotificationSer] [JavaFX Application Thread] Service [NotificationService] initialized
21 Mar 2016, 15:56:00.798 [  FINER] [      FXGL.GameWorld] [JavaFX Application Thread] Game world initialized
21 Mar 2016, 15:56:00.896 [  FINER] [   FXGL.PhysicsWorld] [JavaFX Application Thread] Physics world initialized
21 Mar 2016, 15:56:00.918 [  FINER] [    FXGL.Application] [JavaFX Application Thread] Game_start()
21 Mar 2016, 15:56:00.926 [  FINER] [          FXGL.Input] [JavaFX Application Thread] Registered new binding: Move Left A
21 Mar 2016, 15:56:00.927 [  FINER] [          FXGL.Input] [JavaFX Application Thread] Registered new binding: Shoot Space
21 Mar 2016, 15:56:00.928 [  FINER] [          FXGL.Input] [JavaFX Application Thread] Registered new binding: Move Right D
21 Mar 2016, 15:56:00.931 [  FINER] [    FXGL.Application] [JavaFX Application Thread] Saving data to profile
21 Mar 2016, 15:56:00.932 [  FINER] [    FXGL.UserProfile] [JavaFX Application Thread] Logging bundle: game
21 Mar 2016, 15:56:00.933 [  FINER] [    FXGL.UserProfile] [JavaFX Application Thread] game.playtime=1124578072
21 Mar 2016, 15:56:00.934 [  FINER] [       FXGL.EventBus] [JavaFX Application Thread] Firing event: SaveEvent
21 Mar 2016, 15:56:00.936 [  FINER] [        FXGL.Display] [JavaFX Application Thread] Saving data to profile
21 Mar 2016, 15:56:00.936 [  FINER] [    FXGL.UserProfile] [JavaFX Application Thread] Logging bundle: scene
21 Mar 2016, 15:56:00.936 [  FINER] [    FXGL.UserProfile] [JavaFX Application Thread] scene.sizeW=480.0
21 Mar 2016, 15:56:00.936 [  FINER] [    FXGL.UserProfile] [JavaFX Application Thread] scene.sizeH=600.0
21 Mar 2016, 15:56:00.937 [  FINER] [          FXGL.Input] [JavaFX Application Thread] Saving data to profile
21 Mar 2016, 15:56:00.937 [  FINER] [    FXGL.UserProfile] [JavaFX Application Thread] Logging bundle: input
21 Mar 2016, 15:56:00.937 [  FINER] [    FXGL.UserProfile] [JavaFX Application Thread] input.Shoot=Space
21 Mar 2016, 15:56:00.938 [  FINER] [    FXGL.UserProfile] [JavaFX Application Thread] input.Move Right=D
21 Mar 2016, 15:56:00.938 [  FINER] [    FXGL.UserProfile] [JavaFX Application Thread] input.Move Left=A
21 Mar 2016, 15:56:00.938 [  FINER] [    FXGL.AudioPlayer] [JavaFX Application Thread] Saving data to profile
21 Mar 2016, 15:56:00.939 [  FINER] [    FXGL.UserProfile] [JavaFX Application Thread] Logging bundle: audio
21 Mar 2016, 15:56:00.939 [  FINER] [    FXGL.UserProfile] [JavaFX Application Thread] audio.musicVolume=0.5
21 Mar 2016, 15:56:00.939 [  FINER] [    FXGL.UserProfile] [JavaFX Application Thread] audio.soundVolume=0.5
21 Mar 2016, 15:56:00.939 [  FINER] [FXGL.AchievementMana] [JavaFX Application Thread] Saving data to profile
21 Mar 2016, 15:56:00.941 [  FINER] [    FXGL.UserProfile] [JavaFX Application Thread] Logging bundle: achievement
21 Mar 2016, 15:56:00.941 [  FINER] [    FXGL.Application] [JavaFX Application Thread] Starting new game
21 Mar 2016, 15:56:00.943 [  FINER] [    FXGL.Application] [JavaFX Application Thread] Initializing App
21 Mar 2016, 15:56:00.943 [  FINER] [    FXGL.Application] [JavaFX Application Thread] Pausing main loop
21 Mar 2016, 15:56:00.944 [  FINER] [       FXGL.EventBus] [JavaFX Application Thread] Firing event: FXGLEvent[type=PAUSE]
21 Mar 2016, 15:56:00.944 [  FINER] [          FXGL.Input] [JavaFX Application Thread] Clearing active input actions
21 Mar 2016, 15:56:00.944 [  FINER] [    FXGL.MasterTimer] [JavaFX Application Thread] Stopping master timer
21 Mar 2016, 15:56:00.944 [  FINER] [    FXGL.Application] [JavaFX Application Thread] State: STARTUP -> PAUSED
21 Mar 2016, 15:56:00.945 [  FINER] [    FXGL.Application] [JavaFX Application Thread] Resetting FXGL application
21 Mar 2016, 15:56:00.945 [  FINER] [       FXGL.EventBus] [JavaFX Application Thread] Firing event: FXGLEvent[type=RESET]
21 Mar 2016, 15:56:00.945 [  FINER] [          FXGL.Input] [JavaFX Application Thread] Clearing active input actions
21 Mar 2016, 15:56:00.945 [  FINER] [    FXGL.MasterTimer] [JavaFX Application Thread] Resetting ticks to 0
21 Mar 2016, 15:56:00.945 [  FINER] [    FXGL.MasterTimer] [JavaFX Application Thread] Clearing all scheduled actions
21 Mar 2016, 15:56:00.946 [  FINER] [      FXGL.GameScene] [JavaFX Application Thread] Resetting game scene
21 Mar 2016, 15:56:00.946 [  FINER] [      FXGL.GameWorld] [JavaFX Application Thread] Resetting game world
21 Mar 2016, 15:56:00.947 [  FINER] [    FXGL.Application] [JavaFX Application Thread] State: PAUSED -> LOADING
21 Mar 2016, 15:56:00.981 [  FINER] [    FXGL.Application] [JavaFX Application Thread] Starting FXGL Init Thread
21 Mar 2016, 15:56:00.982 [  FINER] [    FXGL.Application] [FXGL Init Thread] Initializing Assets
21 Mar 2016, 15:56:00.988 [  FINER] [    FXGL.AssetLoader] [FXGL Init Thread] Loading from disk: /assets/textures/enemy.png
21 Mar 2016, 15:56:00.995 [  FINER] [    FXGL.AssetLoader] [FXGL Init Thread] Loading from disk: /assets/textures/enemyReduced.png
21 Mar 2016, 15:56:00.997 [  FINER] [    FXGL.AssetLoader] [FXGL Init Thread] Loading from disk: /assets/textures/enemyReduced1.png
21 Mar 2016, 15:56:00.998 [  FINER] [    FXGL.AssetLoader] [FXGL Init Thread] Loading from disk: /assets/textures/enemyReduced2.png
21 Mar 2016, 15:56:00.999 [  FINER] [    FXGL.AssetLoader] [FXGL Init Thread] Loading from disk: /assets/textures/enemyReduced3.png
21 Mar 2016, 15:56:01.001 [  FINER] [    FXGL.AssetLoader] [FXGL Init Thread] Loading from disk: /assets/textures/life.png
21 Mar 2016, 15:56:01.003 [  FINER] [    FXGL.AssetLoader] [FXGL Init Thread] Loading from disk: /assets/textures/spaceship.png
21 Mar 2016, 15:56:01.006 [  FINER] [    FXGL.AssetLoader] [FXGL Init Thread] Loading from disk: /assets/textures/spaceshipReduced.png
21 Mar 2016, 15:56:01.007 [  FINER] [    FXGL.AssetLoader] [FXGL Init Thread] Loading from disk: /assets/textures/text.png
21 Mar 2016, 15:56:01.030 [  FINER] [    FXGL.AssetLoader] [FXGL Init Thread] Loading from disk: /assets/textures/wall.png
21 Mar 2016, 15:56:01.033 [  FINER] [    FXGL.AssetLoader] [FXGL Init Thread] Loading from disk: /assets/sounds/drop.wav
21 Mar 2016, 15:56:01.044 [  FINER] [    FXGL.AssetLoader] [FXGL Init Thread] Loading failed for asset: drop.wav. Cause: Unrecognized file signature!
21 Mar 2016, 15:56:01.044 [  FINER] [    FXGL.AssetLoader] [FXGL Init Thread] Loading failed for asset: Caching Failed. Cause: Failed to load asset: drop.wav. Cause: Unrecognized file signature!
21 Mar 2016, 15:56:01.189 [  FINER] [    FXGL.Application] [JavaFX Application Thread] Showing stage
21 Mar 2016, 15:56:01.190 [  FINER] [    FXGL.Application] [JavaFX Application Thread] Root size: 480.0x600.0
21 Mar 2016, 15:56:01.190 [  FINER] [    FXGL.Application] [JavaFX Application Thread] Scene size: 480.0x600.0
21 Mar 2016, 15:56:01.190 [  FINER] [    FXGL.Application] [JavaFX Application Thread] Stage size: 486.0x629.0
21 Mar 2016, 15:56:01.213 [  FINER] [    FXGL.Application] [JavaFX Application Thread] Pausing main loop
21 Mar 2016, 15:56:01.214 [  FINER] [       FXGL.EventBus] [JavaFX Application Thread] Firing event: FXGLEvent[type=PAUSE]
21 Mar 2016, 15:56:01.214 [  FINER] [          FXGL.Input] [JavaFX Application Thread] Clearing active input actions
21 Mar 2016, 15:56:01.214 [  FINER] [    FXGL.MasterTimer] [JavaFX Application Thread] Stopping master timer
21 Mar 2016, 15:56:01.214 [  FINER] [    FXGL.Application] [JavaFX Application Thread] State: LOADING -> PAUSED
21 Mar 2016, 15:56:01.215 [ SEVERE] [    FXGL.Application] [JavaFX Application Thread] Uncaught Exception:
21 Mar 2016, 15:56:01.215 [ SEVERE] [    FXGL.Application] [JavaFX Application Thread] 

Exception occurred: java.lang.IllegalArgumentException : Failed to load asset: Caching Failed. Cause: Failed to load asset: drop.wav. Cause: Unrecognized file signature!E: com.almasb.fxgl.asset.AssetLoader.loadFailed(AssetLoader.java:543)
E: com.almasb.fxgl.asset.AssetLoader.cache(AssetLoader.java:459)
E: SpaceInvaders.SpaceInvadersApp.initAssets(SpaceInvadersApp.java:57)
E: com.almasb.fxgl.app.GameApplication$InitAppTask.call(GameApplication.java:575)
E: com.almasb.fxgl.app.GameApplication$InitAppTask.call(GameApplication.java:557)
E: javafx.concurrent.Task$TaskCallable.call(Unknown Source)
E: java.util.concurrent.FutureTask.run(Unknown Source)
E: java.lang.Thread.run(Unknown Source)

21 Mar 2016, 15:56:01.215 [ SEVERE] [    FXGL.Application] [JavaFX Application Thread] Application will now exit
21 Mar 2016, 15:56:05.767 [  FINER] [    FXGL.Application] [JavaFX Application Thread] Exiting Normally
21 Mar 2016, 15:56:05.767 [  FINER] [       FXGL.EventBus] [JavaFX Application Thread] Firing event: FXGLEvent[type=EXIT]
21 Mar 2016, 15:56:05.767 [  FINER] [         FXGL.Logger] [JavaFX Application Thread] Logger is closing
