24 Mar 2016, 16:21:59.917 [   INFO] [         FXGL.Logger] [JavaFX Application Thread] Logger initialized with level: CONFIG
24 Mar 2016, 16:21:59.921 [  FINER] [         FXGL.Logger] [JavaFX Application Thread] CPU cores: 4
24 Mar 2016, 16:21:59.924 [  FINER] [         FXGL.Logger] [JavaFX Application Thread] Free Memory: 109MB
24 Mar 2016, 16:21:59.925 [  FINER] [         FXGL.Logger] [JavaFX Application Thread] Max Memory: 1776MB
24 Mar 2016, 16:21:59.925 [  FINER] [         FXGL.Logger] [JavaFX Application Thread] Total Memory: 121MB
24 Mar 2016, 16:21:59.926 [  FINER] [         FXGL.Logger] [JavaFX Application Thread] System Properties:
24 Mar 2016, 16:21:59.927 [  FINER] [         FXGL.Logger] [JavaFX Application Thread] sun.cpu.isalist=amd64
24 Mar 2016, 16:21:59.927 [  FINER] [         FXGL.Logger] [JavaFX Application Thread] sun.desktop=windows
24 Mar 2016, 16:21:59.927 [  FINER] [         FXGL.Logger] [JavaFX Application Thread] sun.io.unicode.encoding=UnicodeLittle
24 Mar 2016, 16:21:59.928 [  FINER] [         FXGL.Logger] [JavaFX Application Thread] sun.cpu.endian=little
24 Mar 2016, 16:21:59.928 [  FINER] [         FXGL.Logger] [JavaFX Application Thread] java.vendor.url.bug=http://bugreport.sun.com/bugreport/
24 Mar 2016, 16:21:59.928 [  FINER] [         FXGL.Logger] [JavaFX Application Thread] file.separator=\
24 Mar 2016, 16:21:59.929 [  FINER] [         FXGL.Logger] [JavaFX Application Thread] java.vendor=Oracle Corporation
24 Mar 2016, 16:21:59.929 [  FINER] [         FXGL.Logger] [JavaFX Application Thread] sun.boot.class.path=C:\Program Files\Java\jre1.8.0_73\lib\resources.jar;C:\Program Files\Java\jre1.8.0_73\lib\rt.jar;C:\Program Files\Java\jre1.8.0_73\lib\sunrsasign.jar;C:\Program Files\Java\jre1.8.0_73\lib\jsse.jar;C:\Program Files\Java\jre1.8.0_73\lib\jce.jar;C:\Program Files\Java\jre1.8.0_73\lib\charsets.jar;C:\Program Files\Java\jre1.8.0_73\lib\jfr.jar;C:\Program Files\Java\jre1.8.0_73\classes
24 Mar 2016, 16:21:59.929 [  FINER] [         FXGL.Logger] [JavaFX Application Thread] java.ext.dirs=C:\Program Files\Java\jre1.8.0_73\lib\ext;C:\Windows\Sun\Java\lib\ext
24 Mar 2016, 16:21:59.930 [  FINER] [         FXGL.Logger] [JavaFX Application Thread] java.version=1.8.0_73
24 Mar 2016, 16:21:59.930 [  FINER] [         FXGL.Logger] [JavaFX Application Thread] java.vm.info=mixed mode
24 Mar 2016, 16:21:59.930 [  FINER] [         FXGL.Logger] [JavaFX Application Thread] awt.toolkit=sun.awt.windows.WToolkit
24 Mar 2016, 16:21:59.931 [  FINER] [         FXGL.Logger] [JavaFX Application Thread] user.language=en
24 Mar 2016, 16:21:59.931 [  FINER] [         FXGL.Logger] [JavaFX Application Thread] java.specification.vendor=Oracle Corporation
24 Mar 2016, 16:21:59.931 [  FINER] [         FXGL.Logger] [JavaFX Application Thread] sun.java.command=SpaceInvaders.SpaceInvadersApp
24 Mar 2016, 16:21:59.931 [  FINER] [         FXGL.Logger] [JavaFX Application Thread] java.home=C:\Program Files\Java\jre1.8.0_73
24 Mar 2016, 16:21:59.932 [  FINER] [         FXGL.Logger] [JavaFX Application Thread] sun.arch.data.model=64
24 Mar 2016, 16:21:59.932 [  FINER] [         FXGL.Logger] [JavaFX Application Thread] java.vm.specification.version=1.8
24 Mar 2016, 16:21:59.932 [  FINER] [         FXGL.Logger] [JavaFX Application Thread] java.class.path=C:\Users\User\Documents\School\spring 2016\github\SpaceInvaders\target\classes;C:\eclipse\plugins\org.junit_4.12.0.v201504281640\junit.jar;C:\eclipse\plugins\org.hamcrest.core_1.3.0.v201303031735.jar;C:\Users\User\.m2\repository\com\github\AlmasB\FXGL\0.2.1-0.2.0-gba5970d-32\FXGL-0.2.1-0.2.0-gba5970d-32.jar;C:\Users\User\.m2\repository\com\google\inject\guice\4.0\guice-4.0.jar;C:\Users\User\.m2\repository\javax\inject\javax.inject\1\javax.inject-1.jar;C:\Users\User\.m2\repository\aopalliance\aopalliance\1.0\aopalliance-1.0.jar;C:\Users\User\.m2\repository\com\google\guava\guava\16.0.1\guava-16.0.1.jar;C:\Users\User\.m2\repository\org\jfxtras\jfxtras-window\8.0-r4\jfxtras-window-8.0-r4.jar;C:\Users\User\.m2\repository\org\jfxtras\jfxtras-common\8.0-r4\jfxtras-common-8.0-r4.jar;C:\Users\User\.m2\repository\com\github\AlmasB\FXEventBus\1.0\FXEventBus-1.0.jar;C:\Users\User\.m2\repository\com\github\AlmasB\Ents\1.0\Ents-1.0.jar;C:\Users\User\.m2\repository\org\apache\logging\log4j\log4j-api\2.5\log4j-api-2.5.jar;C:\Users\User\.m2\repository\org\apache\logging\log4j\log4j-core\2.5\log4j-core-2.5.jar;C:\Users\User\.m2\repository\com\github\AlmasB\AStar\1.0\AStar-1.0.jar
24 Mar 2016, 16:21:59.933 [  FINER] [         FXGL.Logger] [JavaFX Application Thread] user.name=User
24 Mar 2016, 16:21:59.933 [  FINER] [         FXGL.Logger] [JavaFX Application Thread] file.encoding=UTF-8
24 Mar 2016, 16:21:59.933 [  FINER] [         FXGL.Logger] [JavaFX Application Thread] java.specification.version=1.8
24 Mar 2016, 16:21:59.933 [  FINER] [         FXGL.Logger] [JavaFX Application Thread] java.awt.printerjob=sun.awt.windows.WPrinterJob
24 Mar 2016, 16:21:59.934 [  FINER] [         FXGL.Logger] [JavaFX Application Thread] user.timezone=America/New_York
24 Mar 2016, 16:21:59.934 [  FINER] [         FXGL.Logger] [JavaFX Application Thread] user.home=C:\Users\User
24 Mar 2016, 16:21:59.934 [  FINER] [         FXGL.Logger] [JavaFX Application Thread] os.version=6.1
24 Mar 2016, 16:21:59.935 [  FINER] [         FXGL.Logger] [JavaFX Application Thread] sun.management.compiler=HotSpot 64-Bit Tiered Compilers
24 Mar 2016, 16:21:59.935 [  FINER] [         FXGL.Logger] [JavaFX Application Thread] java.specification.name=Java Platform API Specification
24 Mar 2016, 16:21:59.935 [  FINER] [         FXGL.Logger] [JavaFX Application Thread] java.class.version=52.0
24 Mar 2016, 16:21:59.936 [  FINER] [         FXGL.Logger] [JavaFX Application Thread] java.library.path=C:\Program Files\Java\jre1.8.0_73\bin;C:\Windows\Sun\Java\bin;C:\Windows\system32;C:\Windows;C:/Program Files/Java/jre1.8.0_73/bin/server;C:/Program Files/Java/jre1.8.0_73/bin;C:/Program Files/Java/jre1.8.0_73/lib/amd64;C:\ProgramData\Oracle\Java\javapath;C:\Windows\system32;C:\Windows;C:\Windows\System32\Wbem;C:\Windows\System32\WindowsPowerShell\v1.0\;C:\Program Files\nodejs\;C:\Program Files\Microsoft SQL Server\110\Tools\Binn\;C:\Program Files (x86)\Skype\Phone\;C:\Users\User\AppData\Roaming\npm;C:\Program Files\eclipse\java-mars8\eclipse;;.
24 Mar 2016, 16:21:59.936 [  FINER] [         FXGL.Logger] [JavaFX Application Thread] sun.jnu.encoding=Cp1252
24 Mar 2016, 16:21:59.936 [  FINER] [         FXGL.Logger] [JavaFX Application Thread] os.name=Windows 7
24 Mar 2016, 16:21:59.937 [  FINER] [         FXGL.Logger] [JavaFX Application Thread] user.variant=
24 Mar 2016, 16:21:59.937 [  FINER] [         FXGL.Logger] [JavaFX Application Thread] java.vm.specification.vendor=Oracle Corporation
24 Mar 2016, 16:21:59.937 [  FINER] [         FXGL.Logger] [JavaFX Application Thread] java.io.tmpdir=C:\Users\User\AppData\Local\Temp\
24 Mar 2016, 16:21:59.938 [  FINER] [         FXGL.Logger] [JavaFX Application Thread] line.separator=

24 Mar 2016, 16:21:59.938 [  FINER] [         FXGL.Logger] [JavaFX Application Thread] java.endorsed.dirs=C:\Program Files\Java\jre1.8.0_73\lib\endorsed
24 Mar 2016, 16:21:59.938 [  FINER] [         FXGL.Logger] [JavaFX Application Thread] os.arch=amd64
24 Mar 2016, 16:21:59.938 [  FINER] [         FXGL.Logger] [JavaFX Application Thread] javafx.runtime.version=8.0.71-b15
24 Mar 2016, 16:21:59.939 [  FINER] [         FXGL.Logger] [JavaFX Application Thread] java.awt.graphicsenv=sun.awt.Win32GraphicsEnvironment
24 Mar 2016, 16:21:59.939 [  FINER] [         FXGL.Logger] [JavaFX Application Thread] java.runtime.version=1.8.0_73-b02
24 Mar 2016, 16:21:59.939 [  FINER] [         FXGL.Logger] [JavaFX Application Thread] java.vm.specification.name=Java Virtual Machine Specification
24 Mar 2016, 16:21:59.940 [  FINER] [         FXGL.Logger] [JavaFX Application Thread] user.dir=C:\Users\User\Documents\School\spring 2016\github\SpaceInvaders
24 Mar 2016, 16:21:59.940 [  FINER] [         FXGL.Logger] [JavaFX Application Thread] user.country=US
24 Mar 2016, 16:21:59.940 [  FINER] [         FXGL.Logger] [JavaFX Application Thread] user.script=
24 Mar 2016, 16:21:59.940 [  FINER] [         FXGL.Logger] [JavaFX Application Thread] sun.java.launcher=SUN_STANDARD
24 Mar 2016, 16:21:59.941 [  FINER] [         FXGL.Logger] [JavaFX Application Thread] sun.os.patch.level=Service Pack 1
24 Mar 2016, 16:21:59.941 [  FINER] [         FXGL.Logger] [JavaFX Application Thread] java.vm.name=Java HotSpot(TM) 64-Bit Server VM
24 Mar 2016, 16:21:59.941 [  FINER] [         FXGL.Logger] [JavaFX Application Thread] file.encoding.pkg=sun.io
24 Mar 2016, 16:21:59.942 [  FINER] [         FXGL.Logger] [JavaFX Application Thread] path.separator=;
24 Mar 2016, 16:21:59.942 [  FINER] [         FXGL.Logger] [JavaFX Application Thread] java.vm.vendor=Oracle Corporation
24 Mar 2016, 16:21:59.942 [  FINER] [         FXGL.Logger] [JavaFX Application Thread] java.vendor.url=http://java.oracle.com/
24 Mar 2016, 16:21:59.943 [  FINER] [         FXGL.Logger] [JavaFX Application Thread] sun.boot.library.path=C:\Program Files\Java\jre1.8.0_73\bin
24 Mar 2016, 16:21:59.943 [  FINER] [         FXGL.Logger] [JavaFX Application Thread] java.vm.version=25.73-b02
24 Mar 2016, 16:21:59.943 [  FINER] [         FXGL.Logger] [JavaFX Application Thread] java.runtime.name=Java(TM) SE Runtime Environment
24 Mar 2016, 16:21:59.944 [  FINER] [         FXGL.Logger] [JavaFX Application Thread] javafx.version=8.0.71
24 Mar 2016, 16:21:59.948 [   INFO] [        FXGL.Version] [JavaFX Application Thread] FXGL-0.2.1-SNAPSHOT
24 Mar 2016, 16:21:59.949 [   INFO] [        FXGL.Version] [JavaFX Application Thread] Source code and latest builds at: https://github.com/AlmasB/FXGL
24 Mar 2016, 16:21:59.956 [  FINER] [    FXGL.Application] [JavaFX Application Thread] Game_clinit()
24 Mar 2016, 16:21:59.964 [  FINER] [    FXGL.Application] [JavaFX-Launcher] FXGL_init()
24 Mar 2016, 16:21:59.987 [  FINER] [    FXGL.Application] [JavaFX Application Thread] FXGL_start()
24 Mar 2016, 16:21:59.988 [  FINER] [    FXGL.Application] [JavaFX Application Thread] Initializing system properties
24 Mar 2016, 16:21:59.990 [  FINER] [    FXGL.Application] [JavaFX Application Thread] sound.notification = system/notification.wav
24 Mar 2016, 16:21:59.991 [  FINER] [    FXGL.Application] [JavaFX Application Thread] asset.cache.size = 35
24 Mar 2016, 16:21:59.991 [  FINER] [    FXGL.Application] [JavaFX Application Thread] ui.font = Copperplate_Gothic_Light_Regular.ttf
24 Mar 2016, 16:21:59.991 [  FINER] [    FXGL.Application] [JavaFX Application Thread] sound.menu.back = menu/back.wav
24 Mar 2016, 16:21:59.992 [  FINER] [    FXGL.Application] [JavaFX Application Thread] sound.menu.select = menu/select.wav
24 Mar 2016, 16:21:59.992 [  FINER] [    FXGL.Application] [JavaFX Application Thread] physics.ppm = 50
24 Mar 2016, 16:21:59.992 [  FINER] [    FXGL.Application] [JavaFX Application Thread] ui.css = fxgl.css
24 Mar 2016, 16:21:59.992 [  FINER] [    FXGL.Application] [JavaFX Application Thread] ui.icon.name = fxgl_icon.png
24 Mar 2016, 16:21:59.993 [  FINER] [    FXGL.Application] [JavaFX Application Thread] sound.menu.press = menu/press.wav
24 Mar 2016, 16:21:59.993 [  FINER] [    FXGL.Application] [JavaFX Application Thread] Initializing user properties
24 Mar 2016, 16:21:59.994 [   INFO] [    FXGL.Application] [JavaFX Application Thread] User properties not found. Using system
24 Mar 2016, 16:22:00.007 [   INFO] [         FXGL.Logger] [JavaFX Application Thread] Logger level set to: CONFIG
24 Mar 2016, 16:22:00.008 [   INFO] [    FXGL.Application] [JavaFX Application Thread] Application Mode: DEVELOPER
24 Mar 2016, 16:22:00.956 [  FINER] [    FXGL.Application] [JavaFX Application Thread] Services configuration complete
24 Mar 2016, 16:22:00.971 [  FINER] [       FXGL.EventBus] [JavaFX Application Thread] Service [EventBus] initialized
24 Mar 2016, 16:22:00.974 [  FINER] [    FXGL.AssetLoader] [JavaFX Application Thread] Service [AssetLoader] initialized
24 Mar 2016, 16:22:00.979 [  FINER] [    FXGL.AssetLoader] [JavaFX Application Thread] Loading from disk: /assets/sounds/system/notification.wav
24 Mar 2016, 16:22:01.039 [  FINER] [    FXGL.AssetLoader] [JavaFX Application Thread] Loading from disk: /assets/sounds/menu/select.wav
24 Mar 2016, 16:22:01.043 [  FINER] [    FXGL.AssetLoader] [JavaFX Application Thread] Loading from disk: /assets/sounds/menu/back.wav
24 Mar 2016, 16:22:01.046 [  FINER] [    FXGL.AssetLoader] [JavaFX Application Thread] Loading from disk: /assets/sounds/menu/press.wav
24 Mar 2016, 16:22:01.052 [  FINER] [    FXGL.AssetLoader] [JavaFX Application Thread] Loading from disk: /assets/ui/fonts/Copperplate_Gothic_Light_Regular.ttf
24 Mar 2016, 16:22:01.246 [  FINER] [    FXGL.AssetLoader] [JavaFX Application Thread] Loading from disk: /assets/ui/css/fxgl.css
24 Mar 2016, 16:22:01.247 [  FINER] [    FXGL.AssetLoader] [JavaFX Application Thread] Loading from disk: /assets/ui/icons/fxgl_icon.png
24 Mar 2016, 16:22:01.308 [  FINER] [    FXGL.AssetLoader] [JavaFX Application Thread] Loading from disk: /assets/ui/css/fxgl_dark.css
24 Mar 2016, 16:22:01.426 [  FINER] [        FXGL.Display] [JavaFX Application Thread] Target size: 480.0x600.0@1.0
24 Mar 2016, 16:22:01.426 [  FINER] [        FXGL.Display] [JavaFX Application Thread] New size:    480.0x600.0@1.0
24 Mar 2016, 16:22:01.428 [  FINER] [        FXGL.Display] [JavaFX Application Thread] Service [Display] initialized
24 Mar 2016, 16:22:01.428 [  FINER] [        FXGL.Display] [JavaFX Application Thread] Using CSS: CSS[jar:file:/C:/Users/User/.m2/repository/com/github/AlmasB/FXGL/0.2.1-0.2.0-gba5970d-32/FXGL-0.2.1-0.2.0-gba5970d-32.jar!/assets/ui/css/fxgl_dark.css]
24 Mar 2016, 16:22:01.433 [  FINER] [          FXGL.Input] [JavaFX Application Thread] Service [Input] initialized
24 Mar 2016, 16:22:01.436 [  FINER] [    FXGL.AudioPlayer] [JavaFX Application Thread] Service [AudioPlayer] initialized
24 Mar 2016, 16:22:01.444 [  FINER] [    FXGL.MasterTimer] [JavaFX Application Thread] Service [MasterTimer] initialized
24 Mar 2016, 16:22:01.465 [  FINER] [      FXGL.GameScene] [JavaFX Application Thread] Game scene initialized
24 Mar 2016, 16:22:01.467 [  FINER] [FXGL.NotificationSer] [JavaFX Application Thread] Service [NotificationService] initialized
24 Mar 2016, 16:22:01.811 [  FINER] [      FXGL.GameWorld] [JavaFX Application Thread] Game world initialized
24 Mar 2016, 16:22:01.880 [  FINER] [   FXGL.PhysicsWorld] [JavaFX Application Thread] Physics world initialized
24 Mar 2016, 16:22:01.995 [  FINER] [    FXGL.Application] [JavaFX Application Thread] Game_start()
24 Mar 2016, 16:22:02.007 [  FINER] [          FXGL.Input] [JavaFX Application Thread] Registered new binding: Move Left A
24 Mar 2016, 16:22:02.009 [  FINER] [          FXGL.Input] [JavaFX Application Thread] Registered new binding: Shoot Space
24 Mar 2016, 16:22:02.009 [  FINER] [          FXGL.Input] [JavaFX Application Thread] Registered new binding: Move Right D
24 Mar 2016, 16:22:02.011 [  FINER] [    FXGL.Application] [JavaFX Application Thread] Saving data to profile
24 Mar 2016, 16:22:02.013 [  FINER] [    FXGL.UserProfile] [JavaFX Application Thread] Logging bundle: game
24 Mar 2016, 16:22:02.014 [  FINER] [    FXGL.UserProfile] [JavaFX Application Thread] game.playtime=2049607826
24 Mar 2016, 16:22:02.014 [  FINER] [       FXGL.EventBus] [JavaFX Application Thread] Firing event: SaveEvent
24 Mar 2016, 16:22:02.017 [  FINER] [        FXGL.Display] [JavaFX Application Thread] Saving data to profile
24 Mar 2016, 16:22:02.017 [  FINER] [    FXGL.UserProfile] [JavaFX Application Thread] Logging bundle: scene
24 Mar 2016, 16:22:02.018 [  FINER] [    FXGL.UserProfile] [JavaFX Application Thread] scene.sizeW=480.0
24 Mar 2016, 16:22:02.018 [  FINER] [    FXGL.UserProfile] [JavaFX Application Thread] scene.sizeH=600.0
24 Mar 2016, 16:22:02.018 [  FINER] [          FXGL.Input] [JavaFX Application Thread] Saving data to profile
24 Mar 2016, 16:22:02.019 [  FINER] [    FXGL.UserProfile] [JavaFX Application Thread] Logging bundle: input
24 Mar 2016, 16:22:02.019 [  FINER] [    FXGL.UserProfile] [JavaFX Application Thread] input.Shoot=Space
24 Mar 2016, 16:22:02.019 [  FINER] [    FXGL.UserProfile] [JavaFX Application Thread] input.Move Right=D
24 Mar 2016, 16:22:02.019 [  FINER] [    FXGL.UserProfile] [JavaFX Application Thread] input.Move Left=A
24 Mar 2016, 16:22:02.023 [  FINER] [    FXGL.AudioPlayer] [JavaFX Application Thread] Saving data to profile
24 Mar 2016, 16:22:02.024 [  FINER] [    FXGL.UserProfile] [JavaFX Application Thread] Logging bundle: audio
24 Mar 2016, 16:22:02.024 [  FINER] [    FXGL.UserProfile] [JavaFX Application Thread] audio.musicVolume=0.5
24 Mar 2016, 16:22:02.024 [  FINER] [    FXGL.UserProfile] [JavaFX Application Thread] audio.soundVolume=0.5
24 Mar 2016, 16:22:02.024 [  FINER] [FXGL.AchievementMana] [JavaFX Application Thread] Saving data to profile
24 Mar 2016, 16:22:02.026 [  FINER] [    FXGL.UserProfile] [JavaFX Application Thread] Logging bundle: achievement
24 Mar 2016, 16:22:02.027 [  FINER] [    FXGL.Application] [JavaFX Application Thread] Starting new game
24 Mar 2016, 16:22:02.029 [  FINER] [    FXGL.Application] [JavaFX Application Thread] Initializing App
24 Mar 2016, 16:22:02.029 [  FINER] [    FXGL.Application] [JavaFX Application Thread] Pausing main loop
24 Mar 2016, 16:22:02.029 [  FINER] [       FXGL.EventBus] [JavaFX Application Thread] Firing event: FXGLEvent[type=PAUSE]
24 Mar 2016, 16:22:02.030 [  FINER] [          FXGL.Input] [JavaFX Application Thread] Clearing active input actions
24 Mar 2016, 16:22:02.030 [  FINER] [    FXGL.MasterTimer] [JavaFX Application Thread] Stopping master timer
24 Mar 2016, 16:22:02.030 [  FINER] [    FXGL.Application] [JavaFX Application Thread] State: STARTUP -> PAUSED
24 Mar 2016, 16:22:02.031 [  FINER] [    FXGL.Application] [JavaFX Application Thread] Resetting FXGL application
24 Mar 2016, 16:22:02.031 [  FINER] [       FXGL.EventBus] [JavaFX Application Thread] Firing event: FXGLEvent[type=RESET]
24 Mar 2016, 16:22:02.031 [  FINER] [          FXGL.Input] [JavaFX Application Thread] Clearing active input actions
24 Mar 2016, 16:22:02.031 [  FINER] [    FXGL.MasterTimer] [JavaFX Application Thread] Resetting ticks to 0
24 Mar 2016, 16:22:02.031 [  FINER] [    FXGL.MasterTimer] [JavaFX Application Thread] Clearing all scheduled actions
24 Mar 2016, 16:22:02.032 [  FINER] [      FXGL.GameScene] [JavaFX Application Thread] Resetting game scene
24 Mar 2016, 16:22:02.032 [  FINER] [      FXGL.GameWorld] [JavaFX Application Thread] Resetting game world
24 Mar 2016, 16:22:02.034 [  FINER] [    FXGL.Application] [JavaFX Application Thread] State: PAUSED -> LOADING
24 Mar 2016, 16:22:02.084 [  FINER] [    FXGL.Application] [JavaFX Application Thread] Starting FXGL Init Thread
24 Mar 2016, 16:22:02.086 [  FINER] [    FXGL.Application] [FXGL Init Thread] Initializing Assets
24 Mar 2016, 16:22:02.094 [  FINER] [    FXGL.AssetLoader] [FXGL Init Thread] Loading from disk: /assets/textures/bullet_red.png
24 Mar 2016, 16:22:02.103 [  FINER] [    FXGL.AssetLoader] [FXGL Init Thread] Loading from disk: /assets/textures/enemy.png
24 Mar 2016, 16:22:02.107 [  FINER] [    FXGL.AssetLoader] [FXGL Init Thread] Loading from disk: /assets/textures/enemyReduced.png
24 Mar 2016, 16:22:02.111 [  FINER] [    FXGL.AssetLoader] [FXGL Init Thread] Loading from disk: /assets/textures/enemyReduced1.png
24 Mar 2016, 16:22:02.113 [  FINER] [    FXGL.AssetLoader] [FXGL Init Thread] Loading from disk: /assets/textures/enemyReduced2.png
24 Mar 2016, 16:22:02.115 [  FINER] [    FXGL.AssetLoader] [FXGL Init Thread] Loading from disk: /assets/textures/enemyReduced3.png
24 Mar 2016, 16:22:02.117 [  FINER] [    FXGL.AssetLoader] [FXGL Init Thread] Loading from disk: /assets/textures/life.png
24 Mar 2016, 16:22:02.119 [  FINER] [    FXGL.AssetLoader] [FXGL Init Thread] Loading from disk: /assets/textures/spaceship.png
24 Mar 2016, 16:22:02.121 [  FINER] [    FXGL.AssetLoader] [FXGL Init Thread] Loading from disk: /assets/textures/spaceshipReduced.png
24 Mar 2016, 16:22:02.122 [  FINER] [    FXGL.AssetLoader] [FXGL Init Thread] Loading from disk: /assets/textures/text.png
24 Mar 2016, 16:22:02.154 [  FINER] [    FXGL.AssetLoader] [FXGL Init Thread] Loading from disk: /assets/textures/wall.png
24 Mar 2016, 16:22:02.165 [  FINER] [    FXGL.AssetLoader] [FXGL Init Thread] Loading from disk: /assets/music/bgm.mp3
24 Mar 2016, 16:22:02.424 [  FINER] [    FXGL.AssetLoader] [FXGL Init Thread] Loading from cache: /assets/ui/fonts/Copperplate_Gothic_Light_Regular.ttf
24 Mar 2016, 16:22:02.484 [  FINER] [    FXGL.Application] [FXGL Init Thread] Initializing Game
24 Mar 2016, 16:22:02.513 [  FINER] [    FXGL.Application] [JavaFX Application Thread] Showing stage
24 Mar 2016, 16:22:02.514 [  FINER] [    FXGL.Application] [JavaFX Application Thread] Root size: 480.0x600.0
24 Mar 2016, 16:22:02.515 [  FINER] [    FXGL.Application] [JavaFX Application Thread] Scene size: 480.0x600.0
24 Mar 2016, 16:22:02.515 [  FINER] [    FXGL.Application] [JavaFX Application Thread] Stage size: 486.0x628.0
24 Mar 2016, 16:22:02.542 [  FINER] [    FXGL.AssetLoader] [FXGL Init Thread] Loading from cache: /assets/textures/enemyReduced2.png
24 Mar 2016, 16:22:02.560 [  FINER] [    FXGL.AssetLoader] [FXGL Init Thread] Loading from cache: /assets/textures/enemyReduced3.png
24 Mar 2016, 16:22:02.561 [  FINER] [    FXGL.AssetLoader] [FXGL Init Thread] Loading from cache: /assets/textures/enemyReduced3.png
24 Mar 2016, 16:22:02.563 [  FINER] [    FXGL.AssetLoader] [FXGL Init Thread] Loading from cache: /assets/textures/enemyReduced1.png
24 Mar 2016, 16:22:02.564 [  FINER] [    FXGL.AssetLoader] [FXGL Init Thread] Loading from cache: /assets/textures/enemyReduced3.png
24 Mar 2016, 16:22:02.566 [  FINER] [    FXGL.AssetLoader] [FXGL Init Thread] Loading from cache: /assets/textures/enemyReduced1.png
24 Mar 2016, 16:22:02.570 [  FINER] [    FXGL.AssetLoader] [FXGL Init Thread] Loading from cache: /assets/textures/enemyReduced3.png
24 Mar 2016, 16:22:02.572 [  FINER] [    FXGL.AssetLoader] [FXGL Init Thread] Loading from cache: /assets/textures/enemyReduced2.png
24 Mar 2016, 16:22:02.574 [  FINER] [    FXGL.AssetLoader] [FXGL Init Thread] Loading from cache: /assets/textures/enemyReduced2.png
24 Mar 2016, 16:22:02.576 [  FINER] [    FXGL.AssetLoader] [FXGL Init Thread] Loading from cache: /assets/textures/enemyReduced3.png
24 Mar 2016, 16:22:02.577 [  FINER] [    FXGL.AssetLoader] [FXGL Init Thread] Loading from cache: /assets/textures/enemyReduced3.png
24 Mar 2016, 16:22:02.579 [  FINER] [    FXGL.AssetLoader] [FXGL Init Thread] Loading from cache: /assets/textures/enemyReduced2.png
24 Mar 2016, 16:22:02.580 [  FINER] [    FXGL.AssetLoader] [FXGL Init Thread] Loading from cache: /assets/textures/enemyReduced3.png
24 Mar 2016, 16:22:02.582 [  FINER] [    FXGL.AssetLoader] [FXGL Init Thread] Loading from cache: /assets/textures/enemyReduced3.png
24 Mar 2016, 16:22:02.583 [  FINER] [    FXGL.AssetLoader] [FXGL Init Thread] Loading from cache: /assets/textures/enemyReduced1.png
24 Mar 2016, 16:22:02.585 [  FINER] [    FXGL.AssetLoader] [FXGL Init Thread] Loading from cache: /assets/textures/enemyReduced2.png
24 Mar 2016, 16:22:02.586 [  FINER] [    FXGL.AssetLoader] [FXGL Init Thread] Loading from cache: /assets/textures/enemyReduced2.png
24 Mar 2016, 16:22:02.588 [  FINER] [    FXGL.AssetLoader] [FXGL Init Thread] Loading from cache: /assets/textures/enemyReduced2.png
24 Mar 2016, 16:22:02.589 [  FINER] [    FXGL.AssetLoader] [FXGL Init Thread] Loading from cache: /assets/textures/enemyReduced3.png
24 Mar 2016, 16:22:02.591 [  FINER] [    FXGL.AssetLoader] [FXGL Init Thread] Loading from cache: /assets/textures/enemyReduced3.png
24 Mar 2016, 16:22:02.592 [  FINER] [    FXGL.AssetLoader] [FXGL Init Thread] Loading from cache: /assets/textures/enemyReduced3.png
24 Mar 2016, 16:22:02.595 [  FINER] [    FXGL.AssetLoader] [FXGL Init Thread] Loading from cache: /assets/textures/enemyReduced2.png
24 Mar 2016, 16:22:02.596 [  FINER] [    FXGL.AssetLoader] [FXGL Init Thread] Loading from cache: /assets/textures/enemyReduced3.png
24 Mar 2016, 16:22:02.598 [  FINER] [    FXGL.AssetLoader] [FXGL Init Thread] Loading from cache: /assets/textures/enemyReduced3.png
24 Mar 2016, 16:22:02.599 [  FINER] [    FXGL.AssetLoader] [FXGL Init Thread] Loading from cache: /assets/textures/enemyReduced1.png
24 Mar 2016, 16:22:02.600 [  FINER] [    FXGL.AssetLoader] [FXGL Init Thread] Loading from cache: /assets/textures/enemyReduced3.png
24 Mar 2016, 16:22:02.602 [  FINER] [    FXGL.AssetLoader] [FXGL Init Thread] Loading from cache: /assets/textures/enemyReduced2.png
24 Mar 2016, 16:22:02.603 [  FINER] [    FXGL.AssetLoader] [FXGL Init Thread] Loading from cache: /assets/textures/enemyReduced2.png
24 Mar 2016, 16:22:02.605 [  FINER] [    FXGL.AssetLoader] [FXGL Init Thread] Loading from cache: /assets/textures/enemyReduced3.png
24 Mar 2016, 16:22:02.607 [  FINER] [    FXGL.AssetLoader] [FXGL Init Thread] Loading from cache: /assets/textures/enemyReduced3.png
24 Mar 2016, 16:22:02.608 [  FINER] [    FXGL.AssetLoader] [FXGL Init Thread] Loading from cache: /assets/textures/enemyReduced2.png
24 Mar 2016, 16:22:02.610 [  FINER] [    FXGL.AssetLoader] [FXGL Init Thread] Loading from cache: /assets/textures/enemyReduced1.png
24 Mar 2016, 16:22:02.611 [  FINER] [    FXGL.AssetLoader] [FXGL Init Thread] Loading from cache: /assets/textures/enemyReduced3.png
24 Mar 2016, 16:22:02.613 [  FINER] [    FXGL.AssetLoader] [FXGL Init Thread] Loading from cache: /assets/textures/enemyReduced2.png
24 Mar 2016, 16:22:02.614 [  FINER] [    FXGL.AssetLoader] [FXGL Init Thread] Loading from cache: /assets/textures/enemyReduced3.png
24 Mar 2016, 16:22:02.615 [  FINER] [    FXGL.AssetLoader] [FXGL Init Thread] Loading from cache: /assets/textures/enemyReduced2.png
24 Mar 2016, 16:22:02.617 [  FINER] [    FXGL.AssetLoader] [FXGL Init Thread] Loading from cache: /assets/textures/enemyReduced2.png
24 Mar 2016, 16:22:02.618 [  FINER] [    FXGL.AssetLoader] [FXGL Init Thread] Loading from cache: /assets/textures/enemyReduced3.png
24 Mar 2016, 16:22:02.619 [  FINER] [    FXGL.AssetLoader] [FXGL Init Thread] Loading from cache: /assets/textures/enemyReduced3.png
24 Mar 2016, 16:22:02.620 [  FINER] [    FXGL.AssetLoader] [FXGL Init Thread] Loading from cache: /assets/textures/enemyReduced3.png
24 Mar 2016, 16:22:02.622 [  FINER] [    FXGL.AssetLoader] [FXGL Init Thread] Loading from cache: /assets/textures/wall.png
24 Mar 2016, 16:22:02.623 [  FINER] [    FXGL.AssetLoader] [FXGL Init Thread] Loading from cache: /assets/textures/wall.png
24 Mar 2016, 16:22:02.623 [  FINER] [    FXGL.AssetLoader] [FXGL Init Thread] Loading from cache: /assets/textures/wall.png
24 Mar 2016, 16:22:02.624 [  FINER] [    FXGL.AssetLoader] [FXGL Init Thread] Loading from cache: /assets/textures/wall.png
24 Mar 2016, 16:22:02.626 [  FINER] [    FXGL.AssetLoader] [FXGL Init Thread] Loading from cache: /assets/textures/spaceshipReduced.png
24 Mar 2016, 16:22:02.629 [  FINER] [    FXGL.Application] [FXGL Init Thread] Initializing Physics
24 Mar 2016, 16:22:02.630 [  FINER] [    FXGL.Application] [FXGL Init Thread] Initializing UI
24 Mar 2016, 16:22:02.636 [  FINER] [    FXGL.Application] [FXGL Init Thread] Initialization Complete
24 Mar 2016, 16:22:02.637 [  FINER] [       FXGL.EventBus] [JavaFX Application Thread] Firing event: FXGLEvent[type=INIT_APP_COMPLETE]
24 Mar 2016, 16:22:02.637 [  FINER] [    FXGL.Application] [JavaFX Application Thread] Resuming main loop
24 Mar 2016, 16:22:02.638 [  FINER] [       FXGL.EventBus] [JavaFX Application Thread] Firing event: FXGLEvent[type=RESUME]
24 Mar 2016, 16:22:02.638 [  FINER] [          FXGL.Input] [JavaFX Application Thread] Clearing active input actions
24 Mar 2016, 16:22:02.638 [  FINER] [    FXGL.MasterTimer] [JavaFX Application Thread] Starting master timer
24 Mar 2016, 16:22:02.638 [  FINER] [    FXGL.Application] [JavaFX Application Thread] State: LOADING -> PLAYING
24 Mar 2016, 16:22:02.651 [  FINER] [       FXGL.EventBus] [JavaFX Application Thread] Firing event: WorldEvent[type=ENTITY_ADDED]
24 Mar 2016, 16:22:02.652 [  FINER] [      FXGL.GameScene] [JavaFX Application Thread] Entity added to scene
24 Mar 2016, 16:22:02.652 [  FINER] [      FXGL.GameScene] [JavaFX Application Thread] Added MainViewComponent
24 Mar 2016, 16:22:02.653 [  FINER] [      FXGL.GameScene] [JavaFX Application Thread] Creating render group for layer: TOP(2147483647)
24 Mar 2016, 16:22:02.660 [  FINER] [       FXGL.EventBus] [JavaFX Application Thread] Firing event: WorldEvent[type=ENTITY_ADDED]
24 Mar 2016, 16:22:02.660 [  FINER] [      FXGL.GameScene] [JavaFX Application Thread] Entity added to scene
24 Mar 2016, 16:22:02.661 [  FINER] [      FXGL.GameScene] [JavaFX Application Thread] Added MainViewComponent
24 Mar 2016, 16:22:02.661 [  FINER] [       FXGL.EventBus] [JavaFX Application Thread] Firing event: WorldEvent[type=ENTITY_ADDED]
24 Mar 2016, 16:22:02.662 [  FINER] [      FXGL.GameScene] [JavaFX Application Thread] Entity added to scene
24 Mar 2016, 16:22:02.662 [  FINER] [      FXGL.GameScene] [JavaFX Application Thread] Added MainViewComponent
24 Mar 2016, 16:22:02.662 [  FINER] [       FXGL.EventBus] [JavaFX Application Thread] Firing event: WorldEvent[type=ENTITY_ADDED]
24 Mar 2016, 16:22:02.662 [  FINER] [      FXGL.GameScene] [JavaFX Application Thread] Entity added to scene
24 Mar 2016, 16:22:02.663 [  FINER] [      FXGL.GameScene] [JavaFX Application Thread] Added MainViewComponent
24 Mar 2016, 16:22:02.663 [  FINER] [       FXGL.EventBus] [JavaFX Application Thread] Firing event: WorldEvent[type=ENTITY_ADDED]
24 Mar 2016, 16:22:02.663 [  FINER] [      FXGL.GameScene] [JavaFX Application Thread] Entity added to scene
24 Mar 2016, 16:22:02.663 [  FINER] [      FXGL.GameScene] [JavaFX Application Thread] Added MainViewComponent
24 Mar 2016, 16:22:02.664 [  FINER] [       FXGL.EventBus] [JavaFX Application Thread] Firing event: WorldEvent[type=ENTITY_ADDED]
24 Mar 2016, 16:22:02.664 [  FINER] [      FXGL.GameScene] [JavaFX Application Thread] Entity added to scene
24 Mar 2016, 16:22:02.664 [  FINER] [      FXGL.GameScene] [JavaFX Application Thread] Added MainViewComponent
24 Mar 2016, 16:22:02.665 [  FINER] [       FXGL.EventBus] [JavaFX Application Thread] Firing event: WorldEvent[type=ENTITY_ADDED]
24 Mar 2016, 16:22:02.665 [  FINER] [      FXGL.GameScene] [JavaFX Application Thread] Entity added to scene
24 Mar 2016, 16:22:02.665 [  FINER] [      FXGL.GameScene] [JavaFX Application Thread] Added MainViewComponent
24 Mar 2016, 16:22:02.666 [  FINER] [       FXGL.EventBus] [JavaFX Application Thread] Firing event: WorldEvent[type=ENTITY_ADDED]
24 Mar 2016, 16:22:02.666 [  FINER] [      FXGL.GameScene] [JavaFX Application Thread] Entity added to scene
24 Mar 2016, 16:22:02.666 [  FINER] [      FXGL.GameScene] [JavaFX Application Thread] Added MainViewComponent
24 Mar 2016, 16:22:02.667 [  FINER] [       FXGL.EventBus] [JavaFX Application Thread] Firing event: WorldEvent[type=ENTITY_ADDED]
24 Mar 2016, 16:22:02.668 [  FINER] [      FXGL.GameScene] [JavaFX Application Thread] Entity added to scene
24 Mar 2016, 16:22:02.668 [  FINER] [      FXGL.GameScene] [JavaFX Application Thread] Added MainViewComponent
24 Mar 2016, 16:22:02.669 [  FINER] [       FXGL.EventBus] [JavaFX Application Thread] Firing event: WorldEvent[type=ENTITY_ADDED]
24 Mar 2016, 16:22:02.669 [  FINER] [      FXGL.GameScene] [JavaFX Application Thread] Entity added to scene
24 Mar 2016, 16:22:02.669 [  FINER] [      FXGL.GameScene] [JavaFX Application Thread] Added MainViewComponent
24 Mar 2016, 16:22:02.670 [  FINER] [       FXGL.EventBus] [JavaFX Application Thread] Firing event: WorldEvent[type=ENTITY_ADDED]
24 Mar 2016, 16:22:02.670 [  FINER] [      FXGL.GameScene] [JavaFX Application Thread] Entity added to scene
24 Mar 2016, 16:22:02.670 [  FINER] [      FXGL.GameScene] [JavaFX Application Thread] Added MainViewComponent
24 Mar 2016, 16:22:02.671 [  FINER] [       FXGL.EventBus] [JavaFX Application Thread] Firing event: WorldEvent[type=ENTITY_ADDED]
24 Mar 2016, 16:22:02.671 [  FINER] [      FXGL.GameScene] [JavaFX Application Thread] Entity added to scene
24 Mar 2016, 16:22:02.672 [  FINER] [      FXGL.GameScene] [JavaFX Application Thread] Added MainViewComponent
24 Mar 2016, 16:22:02.672 [  FINER] [       FXGL.EventBus] [JavaFX Application Thread] Firing event: WorldEvent[type=ENTITY_ADDED]
24 Mar 2016, 16:22:02.673 [  FINER] [      FXGL.GameScene] [JavaFX Application Thread] Entity added to scene
24 Mar 2016, 16:22:02.673 [  FINER] [      FXGL.GameScene] [JavaFX Application Thread] Added MainViewComponent
24 Mar 2016, 16:22:02.674 [  FINER] [       FXGL.EventBus] [JavaFX Application Thread] Firing event: WorldEvent[type=ENTITY_ADDED]
24 Mar 2016, 16:22:02.674 [  FINER] [      FXGL.GameScene] [JavaFX Application Thread] Entity added to scene
24 Mar 2016, 16:22:02.674 [  FINER] [      FXGL.GameScene] [JavaFX Application Thread] Added MainViewComponent
24 Mar 2016, 16:22:02.675 [  FINER] [       FXGL.EventBus] [JavaFX Application Thread] Firing event: WorldEvent[type=ENTITY_ADDED]
24 Mar 2016, 16:22:02.675 [  FINER] [      FXGL.GameScene] [JavaFX Application Thread] Entity added to scene
24 Mar 2016, 16:22:02.675 [  FINER] [      FXGL.GameScene] [JavaFX Application Thread] Added MainViewComponent
24 Mar 2016, 16:22:02.675 [  FINER] [       FXGL.EventBus] [JavaFX Application Thread] Firing event: WorldEvent[type=ENTITY_ADDED]
24 Mar 2016, 16:22:02.676 [  FINER] [      FXGL.GameScene] [JavaFX Application Thread] Entity added to scene
24 Mar 2016, 16:22:02.676 [  FINER] [      FXGL.GameScene] [JavaFX Application Thread] Added MainViewComponent
24 Mar 2016, 16:22:02.676 [  FINER] [       FXGL.EventBus] [JavaFX Application Thread] Firing event: WorldEvent[type=ENTITY_ADDED]
24 Mar 2016, 16:22:02.677 [  FINER] [      FXGL.GameScene] [JavaFX Application Thread] Entity added to scene
24 Mar 2016, 16:22:02.677 [  FINER] [      FXGL.GameScene] [JavaFX Application Thread] Added MainViewComponent
24 Mar 2016, 16:22:02.677 [  FINER] [       FXGL.EventBus] [JavaFX Application Thread] Firing event: WorldEvent[type=ENTITY_ADDED]
24 Mar 2016, 16:22:02.677 [  FINER] [      FXGL.GameScene] [JavaFX Application Thread] Entity added to scene
24 Mar 2016, 16:22:02.677 [  FINER] [      FXGL.GameScene] [JavaFX Application Thread] Added MainViewComponent
24 Mar 2016, 16:22:02.678 [  FINER] [       FXGL.EventBus] [JavaFX Application Thread] Firing event: WorldEvent[type=ENTITY_ADDED]
24 Mar 2016, 16:22:02.678 [  FINER] [      FXGL.GameScene] [JavaFX Application Thread] Entity added to scene
24 Mar 2016, 16:22:02.678 [  FINER] [      FXGL.GameScene] [JavaFX Application Thread] Added MainViewComponent
24 Mar 2016, 16:22:02.679 [  FINER] [       FXGL.EventBus] [JavaFX Application Thread] Firing event: WorldEvent[type=ENTITY_ADDED]
24 Mar 2016, 16:22:02.679 [  FINER] [      FXGL.GameScene] [JavaFX Application Thread] Entity added to scene
24 Mar 2016, 16:22:02.679 [  FINER] [      FXGL.GameScene] [JavaFX Application Thread] Added MainViewComponent
24 Mar 2016, 16:22:02.680 [  FINER] [       FXGL.EventBus] [JavaFX Application Thread] Firing event: WorldEvent[type=ENTITY_ADDED]
24 Mar 2016, 16:22:02.680 [  FINER] [      FXGL.GameScene] [JavaFX Application Thread] Entity added to scene
24 Mar 2016, 16:22:02.680 [  FINER] [      FXGL.GameScene] [JavaFX Application Thread] Added MainViewComponent
24 Mar 2016, 16:22:02.681 [  FINER] [       FXGL.EventBus] [JavaFX Application Thread] Firing event: WorldEvent[type=ENTITY_ADDED]
24 Mar 2016, 16:22:02.681 [  FINER] [      FXGL.GameScene] [JavaFX Application Thread] Entity added to scene
24 Mar 2016, 16:22:02.681 [  FINER] [      FXGL.GameScene] [JavaFX Application Thread] Added MainViewComponent
24 Mar 2016, 16:22:02.682 [  FINER] [       FXGL.EventBus] [JavaFX Application Thread] Firing event: WorldEvent[type=ENTITY_ADDED]
24 Mar 2016, 16:22:02.682 [  FINER] [      FXGL.GameScene] [JavaFX Application Thread] Entity added to scene
24 Mar 2016, 16:22:02.682 [  FINER] [      FXGL.GameScene] [JavaFX Application Thread] Added MainViewComponent
24 Mar 2016, 16:22:02.683 [  FINER] [       FXGL.EventBus] [JavaFX Application Thread] Firing event: WorldEvent[type=ENTITY_ADDED]
24 Mar 2016, 16:22:02.683 [  FINER] [      FXGL.GameScene] [JavaFX Application Thread] Entity added to scene
24 Mar 2016, 16:22:02.683 [  FINER] [      FXGL.GameScene] [JavaFX Application Thread] Added MainViewComponent
24 Mar 2016, 16:22:02.684 [  FINER] [       FXGL.EventBus] [JavaFX Application Thread] Firing event: WorldEvent[type=ENTITY_ADDED]
24 Mar 2016, 16:22:02.684 [  FINER] [      FXGL.GameScene] [JavaFX Application Thread] Entity added to scene
24 Mar 2016, 16:22:02.684 [  FINER] [      FXGL.GameScene] [JavaFX Application Thread] Added MainViewComponent
24 Mar 2016, 16:22:02.685 [  FINER] [       FXGL.EventBus] [JavaFX Application Thread] Firing event: WorldEvent[type=ENTITY_ADDED]
24 Mar 2016, 16:22:02.685 [  FINER] [      FXGL.GameScene] [JavaFX Application Thread] Entity added to scene
24 Mar 2016, 16:22:02.685 [  FINER] [      FXGL.GameScene] [JavaFX Application Thread] Added MainViewComponent
24 Mar 2016, 16:22:02.686 [  FINER] [       FXGL.EventBus] [JavaFX Application Thread] Firing event: WorldEvent[type=ENTITY_ADDED]
24 Mar 2016, 16:22:02.686 [  FINER] [      FXGL.GameScene] [JavaFX Application Thread] Entity added to scene
24 Mar 2016, 16:22:02.686 [  FINER] [      FXGL.GameScene] [JavaFX Application Thread] Added MainViewComponent
24 Mar 2016, 16:22:02.687 [  FINER] [       FXGL.EventBus] [JavaFX Application Thread] Firing event: WorldEvent[type=ENTITY_ADDED]
24 Mar 2016, 16:22:02.687 [  FINER] [      FXGL.GameScene] [JavaFX Application Thread] Entity added to scene
24 Mar 2016, 16:22:02.687 [  FINER] [      FXGL.GameScene] [JavaFX Application Thread] Added MainViewComponent
24 Mar 2016, 16:22:02.687 [  FINER] [       FXGL.EventBus] [JavaFX Application Thread] Firing event: WorldEvent[type=ENTITY_ADDED]
24 Mar 2016, 16:22:02.688 [  FINER] [      FXGL.GameScene] [JavaFX Application Thread] Entity added to scene
24 Mar 2016, 16:22:02.688 [  FINER] [      FXGL.GameScene] [JavaFX Application Thread] Added MainViewComponent
24 Mar 2016, 16:22:02.688 [  FINER] [       FXGL.EventBus] [JavaFX Application Thread] Firing event: WorldEvent[type=ENTITY_ADDED]
24 Mar 2016, 16:22:02.688 [  FINER] [      FXGL.GameScene] [JavaFX Application Thread] Entity added to scene
24 Mar 2016, 16:22:02.689 [  FINER] [      FXGL.GameScene] [JavaFX Application Thread] Added MainViewComponent
24 Mar 2016, 16:22:02.689 [  FINER] [       FXGL.EventBus] [JavaFX Application Thread] Firing event: WorldEvent[type=ENTITY_ADDED]
24 Mar 2016, 16:22:02.689 [  FINER] [      FXGL.GameScene] [JavaFX Application Thread] Entity added to scene
24 Mar 2016, 16:22:02.689 [  FINER] [      FXGL.GameScene] [JavaFX Application Thread] Added MainViewComponent
24 Mar 2016, 16:22:02.690 [  FINER] [       FXGL.EventBus] [JavaFX Application Thread] Firing event: WorldEvent[type=ENTITY_ADDED]
24 Mar 2016, 16:22:02.690 [  FINER] [      FXGL.GameScene] [JavaFX Application Thread] Entity added to scene
24 Mar 2016, 16:22:02.690 [  FINER] [      FXGL.GameScene] [JavaFX Application Thread] Added MainViewComponent
24 Mar 2016, 16:22:02.691 [  FINER] [       FXGL.EventBus] [JavaFX Application Thread] Firing event: WorldEvent[type=ENTITY_ADDED]
24 Mar 2016, 16:22:02.691 [  FINER] [      FXGL.GameScene] [JavaFX Application Thread] Entity added to scene
24 Mar 2016, 16:22:02.691 [  FINER] [      FXGL.GameScene] [JavaFX Application Thread] Added MainViewComponent
24 Mar 2016, 16:22:02.692 [  FINER] [       FXGL.EventBus] [JavaFX Application Thread] Firing event: WorldEvent[type=ENTITY_ADDED]
24 Mar 2016, 16:22:02.692 [  FINER] [      FXGL.GameScene] [JavaFX Application Thread] Entity added to scene
24 Mar 2016, 16:22:02.692 [  FINER] [      FXGL.GameScene] [JavaFX Application Thread] Added MainViewComponent
24 Mar 2016, 16:22:02.693 [  FINER] [       FXGL.EventBus] [JavaFX Application Thread] Firing event: WorldEvent[type=ENTITY_ADDED]
24 Mar 2016, 16:22:02.693 [  FINER] [      FXGL.GameScene] [JavaFX Application Thread] Entity added to scene
24 Mar 2016, 16:22:02.693 [  FINER] [      FXGL.GameScene] [JavaFX Application Thread] Added MainViewComponent
24 Mar 2016, 16:22:02.694 [  FINER] [       FXGL.EventBus] [JavaFX Application Thread] Firing event: WorldEvent[type=ENTITY_ADDED]
24 Mar 2016, 16:22:02.694 [  FINER] [      FXGL.GameScene] [JavaFX Application Thread] Entity added to scene
24 Mar 2016, 16:22:02.694 [  FINER] [      FXGL.GameScene] [JavaFX Application Thread] Added MainViewComponent
24 Mar 2016, 16:22:02.695 [  FINER] [       FXGL.EventBus] [JavaFX Application Thread] Firing event: WorldEvent[type=ENTITY_ADDED]
24 Mar 2016, 16:22:02.695 [  FINER] [      FXGL.GameScene] [JavaFX Application Thread] Entity added to scene
24 Mar 2016, 16:22:02.695 [  FINER] [      FXGL.GameScene] [JavaFX Application Thread] Added MainViewComponent
24 Mar 2016, 16:22:02.696 [  FINER] [       FXGL.EventBus] [JavaFX Application Thread] Firing event: WorldEvent[type=ENTITY_ADDED]
24 Mar 2016, 16:22:02.696 [  FINER] [      FXGL.GameScene] [JavaFX Application Thread] Entity added to scene
24 Mar 2016, 16:22:02.696 [  FINER] [      FXGL.GameScene] [JavaFX Application Thread] Added MainViewComponent
24 Mar 2016, 16:22:02.697 [  FINER] [       FXGL.EventBus] [JavaFX Application Thread] Firing event: WorldEvent[type=ENTITY_ADDED]
24 Mar 2016, 16:22:02.697 [  FINER] [      FXGL.GameScene] [JavaFX Application Thread] Entity added to scene
24 Mar 2016, 16:22:02.697 [  FINER] [      FXGL.GameScene] [JavaFX Application Thread] Added MainViewComponent
24 Mar 2016, 16:22:02.698 [  FINER] [       FXGL.EventBus] [JavaFX Application Thread] Firing event: WorldEvent[type=ENTITY_ADDED]
24 Mar 2016, 16:22:02.698 [  FINER] [      FXGL.GameScene] [JavaFX Application Thread] Entity added to scene
24 Mar 2016, 16:22:02.698 [  FINER] [      FXGL.GameScene] [JavaFX Application Thread] Added MainViewComponent
24 Mar 2016, 16:22:02.699 [  FINER] [       FXGL.EventBus] [JavaFX Application Thread] Firing event: WorldEvent[type=ENTITY_ADDED]
24 Mar 2016, 16:22:02.699 [  FINER] [      FXGL.GameScene] [JavaFX Application Thread] Entity added to scene
24 Mar 2016, 16:22:02.699 [  FINER] [      FXGL.GameScene] [JavaFX Application Thread] Added MainViewComponent
24 Mar 2016, 16:22:02.701 [  FINER] [       FXGL.EventBus] [JavaFX Application Thread] Firing event: WorldEvent[type=ENTITY_ADDED]
24 Mar 2016, 16:22:02.702 [  FINER] [      FXGL.GameScene] [JavaFX Application Thread] Entity added to scene
24 Mar 2016, 16:22:02.702 [  FINER] [      FXGL.GameScene] [JavaFX Application Thread] Added MainViewComponent
24 Mar 2016, 16:22:02.712 [  FINER] [       FXGL.EventBus] [JavaFX Application Thread] Firing event: WorldEvent[type=ENTITY_ADDED]
24 Mar 2016, 16:22:02.712 [  FINER] [      FXGL.GameScene] [JavaFX Application Thread] Entity added to scene
24 Mar 2016, 16:22:02.713 [  FINER] [      FXGL.GameScene] [JavaFX Application Thread] Added MainViewComponent
24 Mar 2016, 16:22:02.714 [  FINER] [       FXGL.EventBus] [JavaFX Application Thread] Firing event: WorldEvent[type=ENTITY_ADDED]
24 Mar 2016, 16:22:02.714 [  FINER] [      FXGL.GameScene] [JavaFX Application Thread] Entity added to scene
24 Mar 2016, 16:22:02.715 [  FINER] [      FXGL.GameScene] [JavaFX Application Thread] Added MainViewComponent
24 Mar 2016, 16:22:02.717 [  FINER] [       FXGL.EventBus] [JavaFX Application Thread] Firing event: WorldEvent[type=ENTITY_ADDED]
24 Mar 2016, 16:22:02.717 [  FINER] [      FXGL.GameScene] [JavaFX Application Thread] Entity added to scene
24 Mar 2016, 16:22:02.717 [  FINER] [      FXGL.GameScene] [JavaFX Application Thread] Added MainViewComponent
24 Mar 2016, 16:22:06.416 [  FINER] [       FXGL.EventBus] [JavaFX Application Thread] Firing event: DisplayEvent[type=DIALOG_OPENED]
24 Mar 2016, 16:22:06.416 [  FINER] [    FXGL.Application] [JavaFX Application Thread] Pausing main loop
24 Mar 2016, 16:22:06.416 [  FINER] [       FXGL.EventBus] [JavaFX Application Thread] Firing event: FXGLEvent[type=PAUSE]
24 Mar 2016, 16:22:06.416 [  FINER] [          FXGL.Input] [JavaFX Application Thread] Clearing active input actions
24 Mar 2016, 16:22:06.416 [  FINER] [    FXGL.MasterTimer] [JavaFX Application Thread] Stopping master timer
24 Mar 2016, 16:22:06.417 [  FINER] [    FXGL.Application] [JavaFX Application Thread] State: PLAYING -> PAUSED
24 Mar 2016, 16:22:06.417 [  FINER] [          FXGL.Input] [JavaFX Application Thread] Clearing active input actions
24 Mar 2016, 16:22:07.807 [  FINER] [       FXGL.EventBus] [JavaFX Application Thread] Firing event: DisplayEvent[type=DIALOG_CLOSED]
24 Mar 2016, 16:22:07.807 [  FINER] [    FXGL.Application] [JavaFX Application Thread] Resuming main loop
24 Mar 2016, 16:22:07.807 [  FINER] [       FXGL.EventBus] [JavaFX Application Thread] Firing event: FXGLEvent[type=RESUME]
24 Mar 2016, 16:22:07.807 [  FINER] [          FXGL.Input] [JavaFX Application Thread] Clearing active input actions
24 Mar 2016, 16:22:07.807 [  FINER] [    FXGL.MasterTimer] [JavaFX Application Thread] Starting master timer
24 Mar 2016, 16:22:07.808 [  FINER] [    FXGL.Application] [JavaFX Application Thread] State: PAUSED -> PLAYING
24 Mar 2016, 16:22:07.808 [  FINER] [       FXGL.EventBus] [JavaFX Application Thread] Firing event: DisplayEvent[type=CLOSE_REQUEST]
24 Mar 2016, 16:22:07.808 [  FINER] [    FXGL.Application] [JavaFX Application Thread] Exiting Normally
24 Mar 2016, 16:22:07.808 [  FINER] [       FXGL.EventBus] [JavaFX Application Thread] Firing event: FXGLEvent[type=EXIT]
24 Mar 2016, 16:22:07.808 [  FINER] [         FXGL.Logger] [JavaFX Application Thread] Logger is closing
