01 Mar 2016, 22:43:49.708 [   INFO] [         FXGL.Logger] [JavaFX Application Thread] Logger initialized with level: CONFIG
01 Mar 2016, 22:43:49.711 [  FINER] [         FXGL.Logger] [JavaFX Application Thread] CPU cores: 6
01 Mar 2016, 22:43:49.713 [  FINER] [         FXGL.Logger] [JavaFX Application Thread] Free Memory: 111MB
01 Mar 2016, 22:43:49.713 [  FINER] [         FXGL.Logger] [JavaFX Application Thread] Max Memory: 1800MB
01 Mar 2016, 22:43:49.714 [  FINER] [         FXGL.Logger] [JavaFX Application Thread] Total Memory: 123MB
01 Mar 2016, 22:43:49.714 [  FINER] [         FXGL.Logger] [JavaFX Application Thread] System Properties:
01 Mar 2016, 22:43:49.715 [  FINER] [         FXGL.Logger] [JavaFX Application Thread] sun.cpu.isalist=amd64
01 Mar 2016, 22:43:49.716 [  FINER] [         FXGL.Logger] [JavaFX Application Thread] sun.desktop=windows
01 Mar 2016, 22:43:49.716 [  FINER] [         FXGL.Logger] [JavaFX Application Thread] sun.io.unicode.encoding=UnicodeLittle
01 Mar 2016, 22:43:49.716 [  FINER] [         FXGL.Logger] [JavaFX Application Thread] sun.cpu.endian=little
01 Mar 2016, 22:43:49.716 [  FINER] [         FXGL.Logger] [JavaFX Application Thread] java.vendor.url.bug=http://bugreport.sun.com/bugreport/
01 Mar 2016, 22:43:49.717 [  FINER] [         FXGL.Logger] [JavaFX Application Thread] file.separator=\
01 Mar 2016, 22:43:49.717 [  FINER] [         FXGL.Logger] [JavaFX Application Thread] java.vendor=Oracle Corporation
01 Mar 2016, 22:43:49.717 [  FINER] [         FXGL.Logger] [JavaFX Application Thread] sun.boot.class.path=C:\Program Files\Java\jre1.8.0_71\lib\resources.jar;C:\Program Files\Java\jre1.8.0_71\lib\rt.jar;C:\Program Files\Java\jre1.8.0_71\lib\sunrsasign.jar;C:\Program Files\Java\jre1.8.0_71\lib\jsse.jar;C:\Program Files\Java\jre1.8.0_71\lib\jce.jar;C:\Program Files\Java\jre1.8.0_71\lib\charsets.jar;C:\Program Files\Java\jre1.8.0_71\lib\jfr.jar;C:\Program Files\Java\jre1.8.0_71\classes
01 Mar 2016, 22:43:49.717 [  FINER] [         FXGL.Logger] [JavaFX Application Thread] java.ext.dirs=C:\Program Files\Java\jre1.8.0_71\lib\ext;C:\WINDOWS\Sun\Java\lib\ext
01 Mar 2016, 22:43:49.718 [  FINER] [         FXGL.Logger] [JavaFX Application Thread] java.version=1.8.0_71
01 Mar 2016, 22:43:49.718 [  FINER] [         FXGL.Logger] [JavaFX Application Thread] java.vm.info=mixed mode
01 Mar 2016, 22:43:49.718 [  FINER] [         FXGL.Logger] [JavaFX Application Thread] awt.toolkit=sun.awt.windows.WToolkit
01 Mar 2016, 22:43:49.718 [  FINER] [         FXGL.Logger] [JavaFX Application Thread] user.language=en
01 Mar 2016, 22:43:49.719 [  FINER] [         FXGL.Logger] [JavaFX Application Thread] java.specification.vendor=Oracle Corporation
01 Mar 2016, 22:43:49.719 [  FINER] [         FXGL.Logger] [JavaFX Application Thread] sun.java.command=com.chromalife.SpaceInvaders.SpaceInvadersApp
01 Mar 2016, 22:43:49.719 [  FINER] [         FXGL.Logger] [JavaFX Application Thread] java.home=C:\Program Files\Java\jre1.8.0_71
01 Mar 2016, 22:43:49.719 [  FINER] [         FXGL.Logger] [JavaFX Application Thread] sun.arch.data.model=64
01 Mar 2016, 22:43:49.719 [  FINER] [         FXGL.Logger] [JavaFX Application Thread] java.vm.specification.version=1.8
01 Mar 2016, 22:43:49.719 [  FINER] [         FXGL.Logger] [JavaFX Application Thread] java.class.path=G:\SpaceInvaders\target\classes;C:\Users\Anwar Saleeby\.m2\repository\com\github\AlmasB\FXGL\0.2.1-0.2.0-gba5970d-32\FXGL-0.2.1-0.2.0-gba5970d-32.jar;C:\Users\Anwar Saleeby\.m2\repository\com\google\inject\guice\4.0\guice-4.0.jar;C:\Users\Anwar Saleeby\.m2\repository\javax\inject\javax.inject\1\javax.inject-1.jar;C:\Users\Anwar Saleeby\.m2\repository\aopalliance\aopalliance\1.0\aopalliance-1.0.jar;C:\Users\Anwar Saleeby\.m2\repository\com\google\guava\guava\16.0.1\guava-16.0.1.jar;C:\Users\Anwar Saleeby\.m2\repository\org\jfxtras\jfxtras-window\8.0-r4\jfxtras-window-8.0-r4.jar;C:\Users\Anwar Saleeby\.m2\repository\org\jfxtras\jfxtras-common\8.0-r4\jfxtras-common-8.0-r4.jar;C:\Users\Anwar Saleeby\.m2\repository\com\github\AlmasB\FXEventBus\1.0\FXEventBus-1.0.jar;C:\Users\Anwar Saleeby\.m2\repository\com\github\AlmasB\Ents\1.0\Ents-1.0.jar;C:\Users\Anwar Saleeby\.m2\repository\org\apache\logging\log4j\log4j-api\2.5\log4j-api-2.5.jar;C:\Users\Anwar Saleeby\.m2\repository\org\apache\logging\log4j\log4j-core\2.5\log4j-core-2.5.jar;C:\Users\Anwar Saleeby\.m2\repository\com\github\AlmasB\AStar\1.0\AStar-1.0.jar
01 Mar 2016, 22:43:49.719 [  FINER] [         FXGL.Logger] [JavaFX Application Thread] user.name=Anwar Saleeby
01 Mar 2016, 22:43:49.721 [  FINER] [         FXGL.Logger] [JavaFX Application Thread] file.encoding=Cp1252
01 Mar 2016, 22:43:49.721 [  FINER] [         FXGL.Logger] [JavaFX Application Thread] java.specification.version=1.8
01 Mar 2016, 22:43:49.721 [  FINER] [         FXGL.Logger] [JavaFX Application Thread] java.awt.printerjob=sun.awt.windows.WPrinterJob
01 Mar 2016, 22:43:49.721 [  FINER] [         FXGL.Logger] [JavaFX Application Thread] user.timezone=America/New_York
01 Mar 2016, 22:43:49.721 [  FINER] [         FXGL.Logger] [JavaFX Application Thread] user.home=C:\Users\Anwar Saleeby
01 Mar 2016, 22:43:49.722 [  FINER] [         FXGL.Logger] [JavaFX Application Thread] os.version=10.0
01 Mar 2016, 22:43:49.722 [  FINER] [         FXGL.Logger] [JavaFX Application Thread] sun.management.compiler=HotSpot 64-Bit Tiered Compilers
01 Mar 2016, 22:43:49.722 [  FINER] [         FXGL.Logger] [JavaFX Application Thread] java.specification.name=Java Platform API Specification
01 Mar 2016, 22:43:49.722 [  FINER] [         FXGL.Logger] [JavaFX Application Thread] java.class.version=52.0
01 Mar 2016, 22:43:49.723 [  FINER] [         FXGL.Logger] [JavaFX Application Thread] java.library.path=C:\Program Files\Java\jre1.8.0_71\bin;C:\WINDOWS\Sun\Java\bin;C:\WINDOWS\system32;C:\WINDOWS;C:/Program Files/Java/jre1.8.0_73/bin/server;C:/Program Files/Java/jre1.8.0_73/bin;C:/Program Files/Java/jre1.8.0_73/lib/amd64;C:\oraclexe\app\oracle\product\11.2.0\server\bin;;C:\ProgramData\Oracle\Java\javapath;C:\Windows\system32;C:\Windows;C:\Windows\System32\Wbem;C:\Windows\System32\WindowsPowerShell\v1.0\;C:\Program Files (x86)\NVIDIA Corporation\PhysX\Common;C:\WINDOWS\system32;C:\WINDOWS;C:\WINDOWS\System32\Wbem;C:\WINDOWS\System32\WindowsPowerShell\v1.0\;C:\Program Files (x86)\Skype\Phone\;C:\Program Files\nodejs\;C:\Program Files\Git\cmd;C:\Users\Anwar Saleeby\AppData\Roaming\npm;C:\Program Files\nodejs;C:\Program Files\MongoDB\Server\3.2\bin;C:\Users\Anwar Saleeby\AppData\Local\Programs\Python\Python35-32;C:\eclipse;;.
01 Mar 2016, 22:43:49.723 [  FINER] [         FXGL.Logger] [JavaFX Application Thread] sun.jnu.encoding=Cp1252
01 Mar 2016, 22:43:49.723 [  FINER] [         FXGL.Logger] [JavaFX Application Thread] os.name=Windows 10
01 Mar 2016, 22:43:49.724 [  FINER] [         FXGL.Logger] [JavaFX Application Thread] user.variant=
01 Mar 2016, 22:43:49.724 [  FINER] [         FXGL.Logger] [JavaFX Application Thread] java.vm.specification.vendor=Oracle Corporation
01 Mar 2016, 22:43:49.725 [  FINER] [         FXGL.Logger] [JavaFX Application Thread] java.io.tmpdir=C:\Users\ANWARS~1\AppData\Local\Temp\
01 Mar 2016, 22:43:49.725 [  FINER] [         FXGL.Logger] [JavaFX Application Thread] line.separator=

01 Mar 2016, 22:43:49.725 [  FINER] [         FXGL.Logger] [JavaFX Application Thread] java.endorsed.dirs=C:\Program Files\Java\jre1.8.0_71\lib\endorsed
01 Mar 2016, 22:43:49.726 [  FINER] [         FXGL.Logger] [JavaFX Application Thread] os.arch=amd64
01 Mar 2016, 22:43:49.726 [  FINER] [         FXGL.Logger] [JavaFX Application Thread] javafx.runtime.version=8.0.71-b15
01 Mar 2016, 22:43:49.726 [  FINER] [         FXGL.Logger] [JavaFX Application Thread] java.awt.graphicsenv=sun.awt.Win32GraphicsEnvironment
01 Mar 2016, 22:43:49.726 [  FINER] [         FXGL.Logger] [JavaFX Application Thread] java.runtime.version=1.8.0_71-b15
01 Mar 2016, 22:43:49.727 [  FINER] [         FXGL.Logger] [JavaFX Application Thread] java.vm.specification.name=Java Virtual Machine Specification
01 Mar 2016, 22:43:49.727 [  FINER] [         FXGL.Logger] [JavaFX Application Thread] user.dir=G:\SpaceInvaders
01 Mar 2016, 22:43:49.727 [  FINER] [         FXGL.Logger] [JavaFX Application Thread] user.country=US
01 Mar 2016, 22:43:49.727 [  FINER] [         FXGL.Logger] [JavaFX Application Thread] user.script=
01 Mar 2016, 22:43:49.728 [  FINER] [         FXGL.Logger] [JavaFX Application Thread] sun.java.launcher=SUN_STANDARD
01 Mar 2016, 22:43:49.728 [  FINER] [         FXGL.Logger] [JavaFX Application Thread] sun.os.patch.level=
01 Mar 2016, 22:43:49.728 [  FINER] [         FXGL.Logger] [JavaFX Application Thread] java.vm.name=Java HotSpot(TM) 64-Bit Server VM
01 Mar 2016, 22:43:49.729 [  FINER] [         FXGL.Logger] [JavaFX Application Thread] file.encoding.pkg=sun.io
01 Mar 2016, 22:43:49.729 [  FINER] [         FXGL.Logger] [JavaFX Application Thread] path.separator=;
01 Mar 2016, 22:43:49.729 [  FINER] [         FXGL.Logger] [JavaFX Application Thread] java.vm.vendor=Oracle Corporation
01 Mar 2016, 22:43:49.729 [  FINER] [         FXGL.Logger] [JavaFX Application Thread] java.vendor.url=http://java.oracle.com/
01 Mar 2016, 22:43:49.729 [  FINER] [         FXGL.Logger] [JavaFX Application Thread] sun.boot.library.path=C:\Program Files\Java\jre1.8.0_71\bin
01 Mar 2016, 22:43:49.730 [  FINER] [         FXGL.Logger] [JavaFX Application Thread] java.vm.version=25.71-b15
01 Mar 2016, 22:43:49.730 [  FINER] [         FXGL.Logger] [JavaFX Application Thread] java.runtime.name=Java(TM) SE Runtime Environment
01 Mar 2016, 22:43:49.730 [  FINER] [         FXGL.Logger] [JavaFX Application Thread] javafx.version=8.0.71
01 Mar 2016, 22:43:49.733 [   INFO] [        FXGL.Version] [JavaFX Application Thread] FXGL-0.2.1-SNAPSHOT
01 Mar 2016, 22:43:49.733 [   INFO] [        FXGL.Version] [JavaFX Application Thread] Source code and latest builds at: https://github.com/AlmasB/FXGL
01 Mar 2016, 22:43:49.738 [  FINER] [    FXGL.Application] [JavaFX Application Thread] Game_clinit()
01 Mar 2016, 22:43:49.743 [  FINER] [    FXGL.Application] [JavaFX-Launcher] FXGL_init()
01 Mar 2016, 22:43:49.765 [  FINER] [    FXGL.Application] [JavaFX Application Thread] FXGL_start()
01 Mar 2016, 22:43:49.766 [  FINER] [    FXGL.Application] [JavaFX Application Thread] Initializing system properties
01 Mar 2016, 22:43:49.768 [  FINER] [    FXGL.Application] [JavaFX Application Thread] sound.notification = system/notification.wav
01 Mar 2016, 22:43:49.768 [  FINER] [    FXGL.Application] [JavaFX Application Thread] asset.cache.size = 35
01 Mar 2016, 22:43:49.768 [  FINER] [    FXGL.Application] [JavaFX Application Thread] ui.font = Copperplate_Gothic_Light_Regular.ttf
01 Mar 2016, 22:43:49.769 [  FINER] [    FXGL.Application] [JavaFX Application Thread] sound.menu.back = menu/back.wav
01 Mar 2016, 22:43:49.769 [  FINER] [    FXGL.Application] [JavaFX Application Thread] sound.menu.select = menu/select.wav
01 Mar 2016, 22:43:49.769 [  FINER] [    FXGL.Application] [JavaFX Application Thread] physics.ppm = 50
01 Mar 2016, 22:43:49.769 [  FINER] [    FXGL.Application] [JavaFX Application Thread] ui.css = fxgl.css
01 Mar 2016, 22:43:49.769 [  FINER] [    FXGL.Application] [JavaFX Application Thread] ui.icon.name = fxgl_icon.png
01 Mar 2016, 22:43:49.770 [  FINER] [    FXGL.Application] [JavaFX Application Thread] sound.menu.press = menu/press.wav
01 Mar 2016, 22:43:49.770 [  FINER] [    FXGL.Application] [JavaFX Application Thread] Initializing user properties
01 Mar 2016, 22:43:49.770 [   INFO] [    FXGL.Application] [JavaFX Application Thread] User properties not found. Using system
01 Mar 2016, 22:43:49.780 [   INFO] [         FXGL.Logger] [JavaFX Application Thread] Logger level set to: CONFIG
01 Mar 2016, 22:43:49.781 [   INFO] [    FXGL.Application] [JavaFX Application Thread] Application Mode: DEVELOPER
01 Mar 2016, 22:43:50.191 [  FINER] [    FXGL.Application] [JavaFX Application Thread] Services configuration complete
01 Mar 2016, 22:43:50.199 [  FINER] [       FXGL.EventBus] [JavaFX Application Thread] Service [EventBus] initialized
01 Mar 2016, 22:43:50.203 [  FINER] [    FXGL.AssetLoader] [JavaFX Application Thread] Service [AssetLoader] initialized
01 Mar 2016, 22:43:50.205 [  FINER] [    FXGL.AssetLoader] [JavaFX Application Thread] Loading from disk: /assets/sounds/system/notification.wav
01 Mar 2016, 22:43:50.232 [  FINER] [    FXGL.AssetLoader] [JavaFX Application Thread] Loading from disk: /assets/sounds/menu/select.wav
01 Mar 2016, 22:43:50.234 [  FINER] [    FXGL.AssetLoader] [JavaFX Application Thread] Loading from disk: /assets/sounds/menu/back.wav
01 Mar 2016, 22:43:50.236 [  FINER] [    FXGL.AssetLoader] [JavaFX Application Thread] Loading from disk: /assets/sounds/menu/press.wav
01 Mar 2016, 22:43:50.238 [  FINER] [    FXGL.AssetLoader] [JavaFX Application Thread] Loading from disk: /assets/ui/fonts/Copperplate_Gothic_Light_Regular.ttf
01 Mar 2016, 22:43:50.306 [  FINER] [    FXGL.AssetLoader] [JavaFX Application Thread] Loading from disk: /assets/ui/css/fxgl.css
01 Mar 2016, 22:43:50.307 [  FINER] [    FXGL.AssetLoader] [JavaFX Application Thread] Loading from disk: /assets/ui/icons/fxgl_icon.png
01 Mar 2016, 22:43:50.348 [  FINER] [    FXGL.AssetLoader] [JavaFX Application Thread] Loading from disk: /assets/ui/css/fxgl_dark.css
01 Mar 2016, 22:43:50.423 [  FINER] [        FXGL.Display] [JavaFX Application Thread] Target size: 480.0x800.0@1.0
01 Mar 2016, 22:43:50.424 [  FINER] [        FXGL.Display] [JavaFX Application Thread] New size:    480.0x800.0@1.0
01 Mar 2016, 22:43:50.425 [  FINER] [        FXGL.Display] [JavaFX Application Thread] Service [Display] initialized
01 Mar 2016, 22:43:50.425 [  FINER] [        FXGL.Display] [JavaFX Application Thread] Using CSS: CSS[jar:file:/C:/Users/Anwar%20Saleeby/.m2/repository/com/github/AlmasB/FXGL/0.2.1-0.2.0-gba5970d-32/FXGL-0.2.1-0.2.0-gba5970d-32.jar!/assets/ui/css/fxgl_dark.css]
01 Mar 2016, 22:43:50.428 [  FINER] [          FXGL.Input] [JavaFX Application Thread] Service [Input] initialized
01 Mar 2016, 22:43:50.429 [  FINER] [    FXGL.AudioPlayer] [JavaFX Application Thread] Service [AudioPlayer] initialized
01 Mar 2016, 22:43:50.434 [  FINER] [    FXGL.MasterTimer] [JavaFX Application Thread] Service [MasterTimer] initialized
01 Mar 2016, 22:43:50.447 [  FINER] [      FXGL.GameScene] [JavaFX Application Thread] Game scene initialized
01 Mar 2016, 22:43:50.448 [  FINER] [FXGL.NotificationSer] [JavaFX Application Thread] Service [NotificationService] initialized
01 Mar 2016, 22:43:50.662 [  FINER] [      FXGL.GameWorld] [JavaFX Application Thread] Game world initialized
01 Mar 2016, 22:43:50.755 [  FINER] [   FXGL.PhysicsWorld] [JavaFX Application Thread] Physics world initialized
01 Mar 2016, 22:43:50.775 [  FINER] [    FXGL.Application] [JavaFX Application Thread] Game_start()
01 Mar 2016, 22:43:50.780 [  FINER] [    FXGL.Application] [JavaFX Application Thread] Saving data to profile
01 Mar 2016, 22:43:50.782 [  FINER] [    FXGL.UserProfile] [JavaFX Application Thread] Logging bundle: game
01 Mar 2016, 22:43:50.783 [  FINER] [    FXGL.UserProfile] [JavaFX Application Thread] game.playtime=1039460262
01 Mar 2016, 22:43:50.783 [  FINER] [       FXGL.EventBus] [JavaFX Application Thread] Firing event: SaveEvent
01 Mar 2016, 22:43:50.785 [  FINER] [        FXGL.Display] [JavaFX Application Thread] Saving data to profile
01 Mar 2016, 22:43:50.785 [  FINER] [    FXGL.UserProfile] [JavaFX Application Thread] Logging bundle: scene
01 Mar 2016, 22:43:50.785 [  FINER] [    FXGL.UserProfile] [JavaFX Application Thread] scene.sizeW=480.0
01 Mar 2016, 22:43:50.785 [  FINER] [    FXGL.UserProfile] [JavaFX Application Thread] scene.sizeH=800.0
01 Mar 2016, 22:43:50.785 [  FINER] [          FXGL.Input] [JavaFX Application Thread] Saving data to profile
01 Mar 2016, 22:43:50.786 [  FINER] [    FXGL.UserProfile] [JavaFX Application Thread] Logging bundle: input
01 Mar 2016, 22:43:50.786 [  FINER] [    FXGL.AudioPlayer] [JavaFX Application Thread] Saving data to profile
01 Mar 2016, 22:43:50.786 [  FINER] [    FXGL.UserProfile] [JavaFX Application Thread] Logging bundle: audio
01 Mar 2016, 22:43:50.786 [  FINER] [    FXGL.UserProfile] [JavaFX Application Thread] audio.musicVolume=0.5
01 Mar 2016, 22:43:50.786 [  FINER] [    FXGL.UserProfile] [JavaFX Application Thread] audio.soundVolume=0.5
01 Mar 2016, 22:43:50.787 [  FINER] [FXGL.AchievementMana] [JavaFX Application Thread] Saving data to profile
01 Mar 2016, 22:43:50.787 [  FINER] [    FXGL.UserProfile] [JavaFX Application Thread] Logging bundle: achievement
01 Mar 2016, 22:43:50.788 [  FINER] [    FXGL.Application] [JavaFX Application Thread] Starting new game
01 Mar 2016, 22:43:50.789 [  FINER] [    FXGL.Application] [JavaFX Application Thread] Initializing App
01 Mar 2016, 22:43:50.790 [  FINER] [    FXGL.Application] [JavaFX Application Thread] Pausing main loop
01 Mar 2016, 22:43:50.790 [  FINER] [       FXGL.EventBus] [JavaFX Application Thread] Firing event: FXGLEvent[type=PAUSE]
01 Mar 2016, 22:43:50.790 [  FINER] [          FXGL.Input] [JavaFX Application Thread] Clearing active input actions
01 Mar 2016, 22:43:50.790 [  FINER] [    FXGL.MasterTimer] [JavaFX Application Thread] Stopping master timer
01 Mar 2016, 22:43:50.790 [  FINER] [    FXGL.Application] [JavaFX Application Thread] State: STARTUP -> PAUSED
01 Mar 2016, 22:43:50.791 [  FINER] [    FXGL.Application] [JavaFX Application Thread] Resetting FXGL application
01 Mar 2016, 22:43:50.791 [  FINER] [       FXGL.EventBus] [JavaFX Application Thread] Firing event: FXGLEvent[type=RESET]
01 Mar 2016, 22:43:50.791 [  FINER] [          FXGL.Input] [JavaFX Application Thread] Clearing active input actions
01 Mar 2016, 22:43:50.791 [  FINER] [    FXGL.MasterTimer] [JavaFX Application Thread] Resetting ticks to 0
01 Mar 2016, 22:43:50.792 [  FINER] [    FXGL.MasterTimer] [JavaFX Application Thread] Clearing all scheduled actions
01 Mar 2016, 22:43:50.792 [  FINER] [      FXGL.GameScene] [JavaFX Application Thread] Resetting game scene
01 Mar 2016, 22:43:50.792 [  FINER] [      FXGL.GameWorld] [JavaFX Application Thread] Resetting game world
01 Mar 2016, 22:43:50.794 [  FINER] [    FXGL.Application] [JavaFX Application Thread] State: PAUSED -> LOADING
01 Mar 2016, 22:43:50.832 [  FINER] [    FXGL.Application] [JavaFX Application Thread] Starting FXGL Init Thread
01 Mar 2016, 22:43:50.834 [  FINER] [    FXGL.Application] [FXGL Init Thread] Initializing Assets
01 Mar 2016, 22:43:50.835 [  FINER] [    FXGL.AssetLoader] [FXGL Init Thread] Loading from disk: /assets/textures/spaceship.png
01 Mar 2016, 22:43:50.842 [  FINER] [    FXGL.AssetLoader] [FXGL Init Thread] Loading from disk: /assets/textures/enemy.png
01 Mar 2016, 22:43:50.844 [  FINER] [    FXGL.Application] [FXGL Init Thread] Initializing Game
01 Mar 2016, 22:43:50.860 [  FINER] [    FXGL.AssetLoader] [FXGL Init Thread] Loading from cache: /assets/textures/enemy.png
01 Mar 2016, 22:43:50.861 [  FINER] [    FXGL.AssetLoader] [FXGL Init Thread] Loading from cache: /assets/textures/enemy.png
01 Mar 2016, 22:43:50.862 [  FINER] [    FXGL.AssetLoader] [FXGL Init Thread] Loading from cache: /assets/textures/enemy.png
01 Mar 2016, 22:43:50.862 [  FINER] [    FXGL.AssetLoader] [FXGL Init Thread] Loading from cache: /assets/textures/enemy.png
01 Mar 2016, 22:43:50.863 [  FINER] [    FXGL.AssetLoader] [FXGL Init Thread] Loading from cache: /assets/textures/enemy.png
01 Mar 2016, 22:43:50.864 [  FINER] [    FXGL.AssetLoader] [FXGL Init Thread] Loading from cache: /assets/textures/enemy.png
01 Mar 2016, 22:43:50.864 [  FINER] [    FXGL.AssetLoader] [FXGL Init Thread] Loading from cache: /assets/textures/enemy.png
01 Mar 2016, 22:43:50.865 [  FINER] [    FXGL.AssetLoader] [FXGL Init Thread] Loading from cache: /assets/textures/enemy.png
01 Mar 2016, 22:43:50.865 [  FINER] [    FXGL.AssetLoader] [FXGL Init Thread] Loading from cache: /assets/textures/enemy.png
01 Mar 2016, 22:43:50.866 [  FINER] [    FXGL.AssetLoader] [FXGL Init Thread] Loading from cache: /assets/textures/enemy.png
01 Mar 2016, 22:43:50.866 [  FINER] [    FXGL.AssetLoader] [FXGL Init Thread] Loading from cache: /assets/textures/enemy.png
01 Mar 2016, 22:43:50.867 [  FINER] [    FXGL.AssetLoader] [FXGL Init Thread] Loading from cache: /assets/textures/enemy.png
01 Mar 2016, 22:43:50.867 [  FINER] [    FXGL.AssetLoader] [FXGL Init Thread] Loading from cache: /assets/textures/enemy.png
01 Mar 2016, 22:43:50.868 [  FINER] [    FXGL.AssetLoader] [FXGL Init Thread] Loading from cache: /assets/textures/enemy.png
01 Mar 2016, 22:43:50.869 [  FINER] [    FXGL.AssetLoader] [FXGL Init Thread] Loading from cache: /assets/textures/enemy.png
01 Mar 2016, 22:43:50.869 [  FINER] [    FXGL.AssetLoader] [FXGL Init Thread] Loading from cache: /assets/textures/enemy.png
01 Mar 2016, 22:43:50.870 [  FINER] [    FXGL.AssetLoader] [FXGL Init Thread] Loading from cache: /assets/textures/enemy.png
01 Mar 2016, 22:43:50.870 [  FINER] [    FXGL.AssetLoader] [FXGL Init Thread] Loading from cache: /assets/textures/enemy.png
01 Mar 2016, 22:43:50.871 [  FINER] [    FXGL.AssetLoader] [FXGL Init Thread] Loading from cache: /assets/textures/enemy.png
01 Mar 2016, 22:43:50.872 [  FINER] [    FXGL.AssetLoader] [FXGL Init Thread] Loading from cache: /assets/textures/enemy.png
01 Mar 2016, 22:43:50.872 [  FINER] [    FXGL.AssetLoader] [FXGL Init Thread] Loading from cache: /assets/textures/enemy.png
01 Mar 2016, 22:43:50.873 [  FINER] [    FXGL.AssetLoader] [FXGL Init Thread] Loading from cache: /assets/textures/enemy.png
01 Mar 2016, 22:43:50.873 [  FINER] [    FXGL.AssetLoader] [FXGL Init Thread] Loading from cache: /assets/textures/enemy.png
01 Mar 2016, 22:43:50.874 [  FINER] [    FXGL.AssetLoader] [FXGL Init Thread] Loading from cache: /assets/textures/enemy.png
01 Mar 2016, 22:43:50.874 [  FINER] [    FXGL.AssetLoader] [FXGL Init Thread] Loading from cache: /assets/textures/enemy.png
01 Mar 2016, 22:43:50.875 [  FINER] [    FXGL.AssetLoader] [FXGL Init Thread] Loading from cache: /assets/textures/enemy.png
01 Mar 2016, 22:43:50.876 [  FINER] [    FXGL.AssetLoader] [FXGL Init Thread] Loading from cache: /assets/textures/enemy.png
01 Mar 2016, 22:43:50.876 [  FINER] [    FXGL.AssetLoader] [FXGL Init Thread] Loading from cache: /assets/textures/enemy.png
01 Mar 2016, 22:43:50.877 [  FINER] [    FXGL.AssetLoader] [FXGL Init Thread] Loading from cache: /assets/textures/enemy.png
01 Mar 2016, 22:43:50.878 [  FINER] [    FXGL.AssetLoader] [FXGL Init Thread] Loading from cache: /assets/textures/enemy.png
01 Mar 2016, 22:43:50.879 [  FINER] [    FXGL.AssetLoader] [FXGL Init Thread] Loading from cache: /assets/textures/enemy.png
01 Mar 2016, 22:43:50.879 [  FINER] [    FXGL.AssetLoader] [FXGL Init Thread] Loading from cache: /assets/textures/enemy.png
01 Mar 2016, 22:43:50.880 [  FINER] [    FXGL.AssetLoader] [FXGL Init Thread] Loading from cache: /assets/textures/enemy.png
01 Mar 2016, 22:43:50.880 [  FINER] [    FXGL.AssetLoader] [FXGL Init Thread] Loading from cache: /assets/textures/enemy.png
01 Mar 2016, 22:43:50.881 [  FINER] [    FXGL.AssetLoader] [FXGL Init Thread] Loading from cache: /assets/textures/enemy.png
01 Mar 2016, 22:43:50.881 [  FINER] [    FXGL.AssetLoader] [FXGL Init Thread] Loading from cache: /assets/textures/enemy.png
01 Mar 2016, 22:43:50.882 [  FINER] [    FXGL.AssetLoader] [FXGL Init Thread] Loading from cache: /assets/textures/enemy.png
01 Mar 2016, 22:43:50.882 [  FINER] [    FXGL.AssetLoader] [FXGL Init Thread] Loading from cache: /assets/textures/enemy.png
01 Mar 2016, 22:43:50.883 [  FINER] [    FXGL.AssetLoader] [FXGL Init Thread] Loading from cache: /assets/textures/enemy.png
01 Mar 2016, 22:43:50.883 [  FINER] [    FXGL.AssetLoader] [FXGL Init Thread] Loading from cache: /assets/textures/enemy.png
01 Mar 2016, 22:43:50.883 [  FINER] [    FXGL.AssetLoader] [FXGL Init Thread] Loading from cache: /assets/textures/enemy.png
01 Mar 2016, 22:43:50.884 [  FINER] [    FXGL.AssetLoader] [FXGL Init Thread] Loading from cache: /assets/textures/enemy.png
01 Mar 2016, 22:43:50.884 [  FINER] [    FXGL.AssetLoader] [FXGL Init Thread] Loading from cache: /assets/textures/enemy.png
01 Mar 2016, 22:43:50.885 [  FINER] [    FXGL.AssetLoader] [FXGL Init Thread] Loading from cache: /assets/textures/enemy.png
01 Mar 2016, 22:43:50.885 [  FINER] [    FXGL.AssetLoader] [FXGL Init Thread] Loading from cache: /assets/textures/enemy.png
01 Mar 2016, 22:43:50.886 [  FINER] [    FXGL.AssetLoader] [FXGL Init Thread] Loading from cache: /assets/textures/enemy.png
01 Mar 2016, 22:43:50.886 [  FINER] [    FXGL.AssetLoader] [FXGL Init Thread] Loading from cache: /assets/textures/enemy.png
01 Mar 2016, 22:43:50.886 [  FINER] [    FXGL.AssetLoader] [FXGL Init Thread] Loading from cache: /assets/textures/enemy.png
01 Mar 2016, 22:43:50.887 [  FINER] [    FXGL.AssetLoader] [FXGL Init Thread] Loading from cache: /assets/textures/enemy.png
01 Mar 2016, 22:43:50.887 [  FINER] [    FXGL.AssetLoader] [FXGL Init Thread] Loading from cache: /assets/textures/enemy.png
01 Mar 2016, 22:43:50.887 [  FINER] [    FXGL.Application] [FXGL Init Thread] Initializing Physics
01 Mar 2016, 22:43:50.888 [  FINER] [    FXGL.Application] [FXGL Init Thread] Initializing UI
01 Mar 2016, 22:43:50.891 [  FINER] [    FXGL.Application] [FXGL Init Thread] Initialization Complete
01 Mar 2016, 22:43:51.034 [  FINER] [    FXGL.Application] [JavaFX Application Thread] Showing stage
01 Mar 2016, 22:43:51.034 [  FINER] [    FXGL.Application] [JavaFX Application Thread] Root size: 480.0x800.0
01 Mar 2016, 22:43:51.034 [  FINER] [    FXGL.Application] [JavaFX Application Thread] Scene size: 480.0x800.0
01 Mar 2016, 22:43:51.035 [  FINER] [    FXGL.Application] [JavaFX Application Thread] Stage size: 486.0x829.0
01 Mar 2016, 22:43:51.049 [  FINER] [       FXGL.EventBus] [JavaFX Application Thread] Firing event: FXGLEvent[type=INIT_APP_COMPLETE]
01 Mar 2016, 22:43:51.050 [  FINER] [    FXGL.Application] [JavaFX Application Thread] Resuming main loop
01 Mar 2016, 22:43:51.050 [  FINER] [       FXGL.EventBus] [JavaFX Application Thread] Firing event: FXGLEvent[type=RESUME]
01 Mar 2016, 22:43:51.050 [  FINER] [          FXGL.Input] [JavaFX Application Thread] Clearing active input actions
01 Mar 2016, 22:43:51.050 [  FINER] [    FXGL.MasterTimer] [JavaFX Application Thread] Starting master timer
01 Mar 2016, 22:43:51.050 [  FINER] [    FXGL.Application] [JavaFX Application Thread] State: LOADING -> PLAYING
01 Mar 2016, 22:43:51.059 [  FINER] [       FXGL.EventBus] [JavaFX Application Thread] Firing event: WorldEvent[type=ENTITY_ADDED]
01 Mar 2016, 22:43:51.059 [  FINER] [      FXGL.GameScene] [JavaFX Application Thread] Entity added to scene
01 Mar 2016, 22:43:51.060 [  FINER] [      FXGL.GameScene] [JavaFX Application Thread] Added MainViewComponent
01 Mar 2016, 22:43:51.062 [  FINER] [      FXGL.GameScene] [JavaFX Application Thread] Creating render group for layer: TOP(2147483647)
01 Mar 2016, 22:43:51.065 [  FINER] [       FXGL.EventBus] [JavaFX Application Thread] Firing event: WorldEvent[type=ENTITY_ADDED]
01 Mar 2016, 22:43:51.066 [  FINER] [      FXGL.GameScene] [JavaFX Application Thread] Entity added to scene
01 Mar 2016, 22:43:51.066 [  FINER] [      FXGL.GameScene] [JavaFX Application Thread] Added MainViewComponent
01 Mar 2016, 22:43:51.066 [  FINER] [       FXGL.EventBus] [JavaFX Application Thread] Firing event: WorldEvent[type=ENTITY_ADDED]
01 Mar 2016, 22:43:51.066 [  FINER] [      FXGL.GameScene] [JavaFX Application Thread] Entity added to scene
01 Mar 2016, 22:43:51.066 [  FINER] [      FXGL.GameScene] [JavaFX Application Thread] Added MainViewComponent
01 Mar 2016, 22:43:51.067 [  FINER] [       FXGL.EventBus] [JavaFX Application Thread] Firing event: WorldEvent[type=ENTITY_ADDED]
01 Mar 2016, 22:43:51.067 [  FINER] [      FXGL.GameScene] [JavaFX Application Thread] Entity added to scene
01 Mar 2016, 22:43:51.067 [  FINER] [      FXGL.GameScene] [JavaFX Application Thread] Added MainViewComponent
01 Mar 2016, 22:43:51.067 [  FINER] [       FXGL.EventBus] [JavaFX Application Thread] Firing event: WorldEvent[type=ENTITY_ADDED]
01 Mar 2016, 22:43:51.067 [  FINER] [      FXGL.GameScene] [JavaFX Application Thread] Entity added to scene
01 Mar 2016, 22:43:51.067 [  FINER] [      FXGL.GameScene] [JavaFX Application Thread] Added MainViewComponent
01 Mar 2016, 22:43:51.068 [  FINER] [       FXGL.EventBus] [JavaFX Application Thread] Firing event: WorldEvent[type=ENTITY_ADDED]
01 Mar 2016, 22:43:51.068 [  FINER] [      FXGL.GameScene] [JavaFX Application Thread] Entity added to scene
01 Mar 2016, 22:43:51.068 [  FINER] [      FXGL.GameScene] [JavaFX Application Thread] Added MainViewComponent
01 Mar 2016, 22:43:51.068 [  FINER] [       FXGL.EventBus] [JavaFX Application Thread] Firing event: WorldEvent[type=ENTITY_ADDED]
01 Mar 2016, 22:43:51.069 [  FINER] [      FXGL.GameScene] [JavaFX Application Thread] Entity added to scene
01 Mar 2016, 22:43:51.069 [  FINER] [      FXGL.GameScene] [JavaFX Application Thread] Added MainViewComponent
01 Mar 2016, 22:43:51.069 [  FINER] [       FXGL.EventBus] [JavaFX Application Thread] Firing event: WorldEvent[type=ENTITY_ADDED]
01 Mar 2016, 22:43:51.069 [  FINER] [      FXGL.GameScene] [JavaFX Application Thread] Entity added to scene
01 Mar 2016, 22:43:51.069 [  FINER] [      FXGL.GameScene] [JavaFX Application Thread] Added MainViewComponent
01 Mar 2016, 22:43:51.070 [  FINER] [       FXGL.EventBus] [JavaFX Application Thread] Firing event: WorldEvent[type=ENTITY_ADDED]
01 Mar 2016, 22:43:51.070 [  FINER] [      FXGL.GameScene] [JavaFX Application Thread] Entity added to scene
01 Mar 2016, 22:43:51.070 [  FINER] [      FXGL.GameScene] [JavaFX Application Thread] Added MainViewComponent
01 Mar 2016, 22:43:51.070 [  FINER] [       FXGL.EventBus] [JavaFX Application Thread] Firing event: WorldEvent[type=ENTITY_ADDED]
01 Mar 2016, 22:43:51.070 [  FINER] [      FXGL.GameScene] [JavaFX Application Thread] Entity added to scene
01 Mar 2016, 22:43:51.070 [  FINER] [      FXGL.GameScene] [JavaFX Application Thread] Added MainViewComponent
01 Mar 2016, 22:43:51.071 [  FINER] [       FXGL.EventBus] [JavaFX Application Thread] Firing event: WorldEvent[type=ENTITY_ADDED]
01 Mar 2016, 22:43:51.071 [  FINER] [      FXGL.GameScene] [JavaFX Application Thread] Entity added to scene
01 Mar 2016, 22:43:51.071 [  FINER] [      FXGL.GameScene] [JavaFX Application Thread] Added MainViewComponent
01 Mar 2016, 22:43:51.071 [  FINER] [       FXGL.EventBus] [JavaFX Application Thread] Firing event: WorldEvent[type=ENTITY_ADDED]
01 Mar 2016, 22:43:51.071 [  FINER] [      FXGL.GameScene] [JavaFX Application Thread] Entity added to scene
01 Mar 2016, 22:43:51.072 [  FINER] [      FXGL.GameScene] [JavaFX Application Thread] Added MainViewComponent
01 Mar 2016, 22:43:51.072 [  FINER] [       FXGL.EventBus] [JavaFX Application Thread] Firing event: WorldEvent[type=ENTITY_ADDED]
01 Mar 2016, 22:43:51.072 [  FINER] [      FXGL.GameScene] [JavaFX Application Thread] Entity added to scene
01 Mar 2016, 22:43:51.072 [  FINER] [      FXGL.GameScene] [JavaFX Application Thread] Added MainViewComponent
01 Mar 2016, 22:43:51.073 [  FINER] [       FXGL.EventBus] [JavaFX Application Thread] Firing event: WorldEvent[type=ENTITY_ADDED]
01 Mar 2016, 22:43:51.073 [  FINER] [      FXGL.GameScene] [JavaFX Application Thread] Entity added to scene
01 Mar 2016, 22:43:51.073 [  FINER] [      FXGL.GameScene] [JavaFX Application Thread] Added MainViewComponent
01 Mar 2016, 22:43:51.074 [  FINER] [       FXGL.EventBus] [JavaFX Application Thread] Firing event: WorldEvent[type=ENTITY_ADDED]
01 Mar 2016, 22:43:51.074 [  FINER] [      FXGL.GameScene] [JavaFX Application Thread] Entity added to scene
01 Mar 2016, 22:43:51.074 [  FINER] [      FXGL.GameScene] [JavaFX Application Thread] Added MainViewComponent
01 Mar 2016, 22:43:51.074 [  FINER] [       FXGL.EventBus] [JavaFX Application Thread] Firing event: WorldEvent[type=ENTITY_ADDED]
01 Mar 2016, 22:43:51.075 [  FINER] [      FXGL.GameScene] [JavaFX Application Thread] Entity added to scene
01 Mar 2016, 22:43:51.075 [  FINER] [      FXGL.GameScene] [JavaFX Application Thread] Added MainViewComponent
01 Mar 2016, 22:43:51.075 [  FINER] [       FXGL.EventBus] [JavaFX Application Thread] Firing event: WorldEvent[type=ENTITY_ADDED]
01 Mar 2016, 22:43:51.075 [  FINER] [      FXGL.GameScene] [JavaFX Application Thread] Entity added to scene
01 Mar 2016, 22:43:51.075 [  FINER] [      FXGL.GameScene] [JavaFX Application Thread] Added MainViewComponent
01 Mar 2016, 22:43:51.076 [  FINER] [       FXGL.EventBus] [JavaFX Application Thread] Firing event: WorldEvent[type=ENTITY_ADDED]
01 Mar 2016, 22:43:51.076 [  FINER] [      FXGL.GameScene] [JavaFX Application Thread] Entity added to scene
01 Mar 2016, 22:43:51.076 [  FINER] [      FXGL.GameScene] [JavaFX Application Thread] Added MainViewComponent
01 Mar 2016, 22:43:51.077 [  FINER] [       FXGL.EventBus] [JavaFX Application Thread] Firing event: WorldEvent[type=ENTITY_ADDED]
01 Mar 2016, 22:43:51.077 [  FINER] [      FXGL.GameScene] [JavaFX Application Thread] Entity added to scene
01 Mar 2016, 22:43:51.077 [  FINER] [      FXGL.GameScene] [JavaFX Application Thread] Added MainViewComponent
01 Mar 2016, 22:43:51.077 [  FINER] [       FXGL.EventBus] [JavaFX Application Thread] Firing event: WorldEvent[type=ENTITY_ADDED]
01 Mar 2016, 22:43:51.077 [  FINER] [      FXGL.GameScene] [JavaFX Application Thread] Entity added to scene
01 Mar 2016, 22:43:51.077 [  FINER] [      FXGL.GameScene] [JavaFX Application Thread] Added MainViewComponent
01 Mar 2016, 22:43:51.078 [  FINER] [       FXGL.EventBus] [JavaFX Application Thread] Firing event: WorldEvent[type=ENTITY_ADDED]
01 Mar 2016, 22:43:51.078 [  FINER] [      FXGL.GameScene] [JavaFX Application Thread] Entity added to scene
01 Mar 2016, 22:43:51.078 [  FINER] [      FXGL.GameScene] [JavaFX Application Thread] Added MainViewComponent
01 Mar 2016, 22:43:51.078 [  FINER] [       FXGL.EventBus] [JavaFX Application Thread] Firing event: WorldEvent[type=ENTITY_ADDED]
01 Mar 2016, 22:43:51.079 [  FINER] [      FXGL.GameScene] [JavaFX Application Thread] Entity added to scene
01 Mar 2016, 22:43:51.079 [  FINER] [      FXGL.GameScene] [JavaFX Application Thread] Added MainViewComponent
01 Mar 2016, 22:43:51.079 [  FINER] [       FXGL.EventBus] [JavaFX Application Thread] Firing event: WorldEvent[type=ENTITY_ADDED]
01 Mar 2016, 22:43:51.079 [  FINER] [      FXGL.GameScene] [JavaFX Application Thread] Entity added to scene
01 Mar 2016, 22:43:51.079 [  FINER] [      FXGL.GameScene] [JavaFX Application Thread] Added MainViewComponent
01 Mar 2016, 22:43:51.080 [  FINER] [       FXGL.EventBus] [JavaFX Application Thread] Firing event: WorldEvent[type=ENTITY_ADDED]
01 Mar 2016, 22:43:51.080 [  FINER] [      FXGL.GameScene] [JavaFX Application Thread] Entity added to scene
01 Mar 2016, 22:43:51.080 [  FINER] [      FXGL.GameScene] [JavaFX Application Thread] Added MainViewComponent
01 Mar 2016, 22:43:51.080 [  FINER] [       FXGL.EventBus] [JavaFX Application Thread] Firing event: WorldEvent[type=ENTITY_ADDED]
01 Mar 2016, 22:43:51.080 [  FINER] [      FXGL.GameScene] [JavaFX Application Thread] Entity added to scene
01 Mar 2016, 22:43:51.080 [  FINER] [      FXGL.GameScene] [JavaFX Application Thread] Added MainViewComponent
01 Mar 2016, 22:43:51.081 [  FINER] [       FXGL.EventBus] [JavaFX Application Thread] Firing event: WorldEvent[type=ENTITY_ADDED]
01 Mar 2016, 22:43:51.081 [  FINER] [      FXGL.GameScene] [JavaFX Application Thread] Entity added to scene
01 Mar 2016, 22:43:51.081 [  FINER] [      FXGL.GameScene] [JavaFX Application Thread] Added MainViewComponent
01 Mar 2016, 22:43:51.081 [  FINER] [       FXGL.EventBus] [JavaFX Application Thread] Firing event: WorldEvent[type=ENTITY_ADDED]
01 Mar 2016, 22:43:51.081 [  FINER] [      FXGL.GameScene] [JavaFX Application Thread] Entity added to scene
01 Mar 2016, 22:43:51.081 [  FINER] [      FXGL.GameScene] [JavaFX Application Thread] Added MainViewComponent
01 Mar 2016, 22:43:51.082 [  FINER] [       FXGL.EventBus] [JavaFX Application Thread] Firing event: WorldEvent[type=ENTITY_ADDED]
01 Mar 2016, 22:43:51.082 [  FINER] [      FXGL.GameScene] [JavaFX Application Thread] Entity added to scene
01 Mar 2016, 22:43:51.082 [  FINER] [      FXGL.GameScene] [JavaFX Application Thread] Added MainViewComponent
01 Mar 2016, 22:43:51.082 [  FINER] [       FXGL.EventBus] [JavaFX Application Thread] Firing event: WorldEvent[type=ENTITY_ADDED]
01 Mar 2016, 22:43:51.082 [  FINER] [      FXGL.GameScene] [JavaFX Application Thread] Entity added to scene
01 Mar 2016, 22:43:51.083 [  FINER] [      FXGL.GameScene] [JavaFX Application Thread] Added MainViewComponent
01 Mar 2016, 22:43:51.083 [  FINER] [       FXGL.EventBus] [JavaFX Application Thread] Firing event: WorldEvent[type=ENTITY_ADDED]
01 Mar 2016, 22:43:51.083 [  FINER] [      FXGL.GameScene] [JavaFX Application Thread] Entity added to scene
01 Mar 2016, 22:43:51.083 [  FINER] [      FXGL.GameScene] [JavaFX Application Thread] Added MainViewComponent
01 Mar 2016, 22:43:51.084 [  FINER] [       FXGL.EventBus] [JavaFX Application Thread] Firing event: WorldEvent[type=ENTITY_ADDED]
01 Mar 2016, 22:43:51.084 [  FINER] [      FXGL.GameScene] [JavaFX Application Thread] Entity added to scene
01 Mar 2016, 22:43:51.084 [  FINER] [      FXGL.GameScene] [JavaFX Application Thread] Added MainViewComponent
01 Mar 2016, 22:43:51.084 [  FINER] [       FXGL.EventBus] [JavaFX Application Thread] Firing event: WorldEvent[type=ENTITY_ADDED]
01 Mar 2016, 22:43:51.084 [  FINER] [      FXGL.GameScene] [JavaFX Application Thread] Entity added to scene
01 Mar 2016, 22:43:51.085 [  FINER] [      FXGL.GameScene] [JavaFX Application Thread] Added MainViewComponent
01 Mar 2016, 22:43:51.085 [  FINER] [       FXGL.EventBus] [JavaFX Application Thread] Firing event: WorldEvent[type=ENTITY_ADDED]
01 Mar 2016, 22:43:51.085 [  FINER] [      FXGL.GameScene] [JavaFX Application Thread] Entity added to scene
01 Mar 2016, 22:43:51.085 [  FINER] [      FXGL.GameScene] [JavaFX Application Thread] Added MainViewComponent
01 Mar 2016, 22:43:51.086 [  FINER] [       FXGL.EventBus] [JavaFX Application Thread] Firing event: WorldEvent[type=ENTITY_ADDED]
01 Mar 2016, 22:43:51.086 [  FINER] [      FXGL.GameScene] [JavaFX Application Thread] Entity added to scene
01 Mar 2016, 22:43:51.086 [  FINER] [      FXGL.GameScene] [JavaFX Application Thread] Added MainViewComponent
01 Mar 2016, 22:43:51.086 [  FINER] [       FXGL.EventBus] [JavaFX Application Thread] Firing event: WorldEvent[type=ENTITY_ADDED]
01 Mar 2016, 22:43:51.086 [  FINER] [      FXGL.GameScene] [JavaFX Application Thread] Entity added to scene
01 Mar 2016, 22:43:51.087 [  FINER] [      FXGL.GameScene] [JavaFX Application Thread] Added MainViewComponent
01 Mar 2016, 22:43:51.087 [  FINER] [       FXGL.EventBus] [JavaFX Application Thread] Firing event: WorldEvent[type=ENTITY_ADDED]
01 Mar 2016, 22:43:51.087 [  FINER] [      FXGL.GameScene] [JavaFX Application Thread] Entity added to scene
01 Mar 2016, 22:43:51.087 [  FINER] [      FXGL.GameScene] [JavaFX Application Thread] Added MainViewComponent
01 Mar 2016, 22:43:51.088 [  FINER] [       FXGL.EventBus] [JavaFX Application Thread] Firing event: WorldEvent[type=ENTITY_ADDED]
01 Mar 2016, 22:43:51.088 [  FINER] [      FXGL.GameScene] [JavaFX Application Thread] Entity added to scene
01 Mar 2016, 22:43:51.088 [  FINER] [      FXGL.GameScene] [JavaFX Application Thread] Added MainViewComponent
01 Mar 2016, 22:43:51.088 [  FINER] [       FXGL.EventBus] [JavaFX Application Thread] Firing event: WorldEvent[type=ENTITY_ADDED]
01 Mar 2016, 22:43:51.088 [  FINER] [      FXGL.GameScene] [JavaFX Application Thread] Entity added to scene
01 Mar 2016, 22:43:51.088 [  FINER] [      FXGL.GameScene] [JavaFX Application Thread] Added MainViewComponent
01 Mar 2016, 22:43:51.089 [  FINER] [       FXGL.EventBus] [JavaFX Application Thread] Firing event: WorldEvent[type=ENTITY_ADDED]
01 Mar 2016, 22:43:51.089 [  FINER] [      FXGL.GameScene] [JavaFX Application Thread] Entity added to scene
01 Mar 2016, 22:43:51.089 [  FINER] [      FXGL.GameScene] [JavaFX Application Thread] Added MainViewComponent
01 Mar 2016, 22:43:51.090 [  FINER] [       FXGL.EventBus] [JavaFX Application Thread] Firing event: WorldEvent[type=ENTITY_ADDED]
01 Mar 2016, 22:43:51.090 [  FINER] [      FXGL.GameScene] [JavaFX Application Thread] Entity added to scene
01 Mar 2016, 22:43:51.090 [  FINER] [      FXGL.GameScene] [JavaFX Application Thread] Added MainViewComponent
01 Mar 2016, 22:43:51.090 [  FINER] [       FXGL.EventBus] [JavaFX Application Thread] Firing event: WorldEvent[type=ENTITY_ADDED]
01 Mar 2016, 22:43:51.090 [  FINER] [      FXGL.GameScene] [JavaFX Application Thread] Entity added to scene
01 Mar 2016, 22:43:51.091 [  FINER] [      FXGL.GameScene] [JavaFX Application Thread] Added MainViewComponent
01 Mar 2016, 22:43:51.091 [  FINER] [       FXGL.EventBus] [JavaFX Application Thread] Firing event: WorldEvent[type=ENTITY_ADDED]
01 Mar 2016, 22:43:51.091 [  FINER] [      FXGL.GameScene] [JavaFX Application Thread] Entity added to scene
01 Mar 2016, 22:43:51.091 [  FINER] [      FXGL.GameScene] [JavaFX Application Thread] Added MainViewComponent
01 Mar 2016, 22:43:51.092 [  FINER] [       FXGL.EventBus] [JavaFX Application Thread] Firing event: WorldEvent[type=ENTITY_ADDED]
01 Mar 2016, 22:43:51.092 [  FINER] [      FXGL.GameScene] [JavaFX Application Thread] Entity added to scene
01 Mar 2016, 22:43:51.092 [  FINER] [      FXGL.GameScene] [JavaFX Application Thread] Added MainViewComponent
01 Mar 2016, 22:43:51.092 [  FINER] [       FXGL.EventBus] [JavaFX Application Thread] Firing event: WorldEvent[type=ENTITY_ADDED]
01 Mar 2016, 22:43:51.092 [  FINER] [      FXGL.GameScene] [JavaFX Application Thread] Entity added to scene
01 Mar 2016, 22:43:51.093 [  FINER] [      FXGL.GameScene] [JavaFX Application Thread] Added MainViewComponent
01 Mar 2016, 22:43:51.093 [  FINER] [       FXGL.EventBus] [JavaFX Application Thread] Firing event: WorldEvent[type=ENTITY_ADDED]
01 Mar 2016, 22:43:51.093 [  FINER] [      FXGL.GameScene] [JavaFX Application Thread] Entity added to scene
01 Mar 2016, 22:43:51.093 [  FINER] [      FXGL.GameScene] [JavaFX Application Thread] Added MainViewComponent
01 Mar 2016, 22:43:51.094 [  FINER] [       FXGL.EventBus] [JavaFX Application Thread] Firing event: WorldEvent[type=ENTITY_ADDED]
01 Mar 2016, 22:43:51.094 [  FINER] [      FXGL.GameScene] [JavaFX Application Thread] Entity added to scene
01 Mar 2016, 22:43:51.094 [  FINER] [      FXGL.GameScene] [JavaFX Application Thread] Added MainViewComponent
01 Mar 2016, 22:43:51.094 [  FINER] [       FXGL.EventBus] [JavaFX Application Thread] Firing event: WorldEvent[type=ENTITY_ADDED]
01 Mar 2016, 22:43:51.094 [  FINER] [      FXGL.GameScene] [JavaFX Application Thread] Entity added to scene
01 Mar 2016, 22:43:51.094 [  FINER] [      FXGL.GameScene] [JavaFX Application Thread] Added MainViewComponent
01 Mar 2016, 22:43:51.095 [  FINER] [       FXGL.EventBus] [JavaFX Application Thread] Firing event: WorldEvent[type=ENTITY_ADDED]
01 Mar 2016, 22:43:51.095 [  FINER] [      FXGL.GameScene] [JavaFX Application Thread] Entity added to scene
01 Mar 2016, 22:43:51.095 [  FINER] [      FXGL.GameScene] [JavaFX Application Thread] Added MainViewComponent
01 Mar 2016, 22:43:51.095 [  FINER] [       FXGL.EventBus] [JavaFX Application Thread] Firing event: WorldEvent[type=ENTITY_ADDED]
01 Mar 2016, 22:43:51.095 [  FINER] [      FXGL.GameScene] [JavaFX Application Thread] Entity added to scene
01 Mar 2016, 22:43:51.095 [  FINER] [      FXGL.GameScene] [JavaFX Application Thread] Added MainViewComponent
01 Mar 2016, 22:43:51.096 [  FINER] [       FXGL.EventBus] [JavaFX Application Thread] Firing event: WorldEvent[type=ENTITY_ADDED]
01 Mar 2016, 22:43:51.096 [  FINER] [      FXGL.GameScene] [JavaFX Application Thread] Entity added to scene
01 Mar 2016, 22:43:51.096 [  FINER] [      FXGL.GameScene] [JavaFX Application Thread] Added MainViewComponent
01 Mar 2016, 22:43:51.096 [  FINER] [       FXGL.EventBus] [JavaFX Application Thread] Firing event: WorldEvent[type=ENTITY_ADDED]
01 Mar 2016, 22:43:51.096 [  FINER] [      FXGL.GameScene] [JavaFX Application Thread] Entity added to scene
01 Mar 2016, 22:43:51.096 [  FINER] [      FXGL.GameScene] [JavaFX Application Thread] Added MainViewComponent
01 Mar 2016, 22:43:51.097 [  FINER] [       FXGL.EventBus] [JavaFX Application Thread] Firing event: WorldEvent[type=ENTITY_ADDED]
01 Mar 2016, 22:43:51.097 [  FINER] [      FXGL.GameScene] [JavaFX Application Thread] Entity added to scene
01 Mar 2016, 22:43:51.097 [  FINER] [      FXGL.GameScene] [JavaFX Application Thread] Added MainViewComponent
01 Mar 2016, 22:43:53.039 [  FINER] [       FXGL.EventBus] [JavaFX Application Thread] Firing event: DisplayEvent[type=DIALOG_OPENED]
01 Mar 2016, 22:43:53.039 [  FINER] [    FXGL.Application] [JavaFX Application Thread] Pausing main loop
01 Mar 2016, 22:43:53.039 [  FINER] [       FXGL.EventBus] [JavaFX Application Thread] Firing event: FXGLEvent[type=PAUSE]
01 Mar 2016, 22:43:53.039 [  FINER] [          FXGL.Input] [JavaFX Application Thread] Clearing active input actions
01 Mar 2016, 22:43:53.039 [  FINER] [    FXGL.MasterTimer] [JavaFX Application Thread] Stopping master timer
01 Mar 2016, 22:43:53.040 [  FINER] [    FXGL.Application] [JavaFX Application Thread] State: PLAYING -> PAUSED
01 Mar 2016, 22:43:53.040 [  FINER] [          FXGL.Input] [JavaFX Application Thread] Clearing active input actions
01 Mar 2016, 22:43:55.833 [  FINER] [       FXGL.EventBus] [JavaFX Application Thread] Firing event: DisplayEvent[type=DIALOG_CLOSED]
01 Mar 2016, 22:43:55.834 [  FINER] [    FXGL.Application] [JavaFX Application Thread] Resuming main loop
01 Mar 2016, 22:43:55.834 [  FINER] [       FXGL.EventBus] [JavaFX Application Thread] Firing event: FXGLEvent[type=RESUME]
01 Mar 2016, 22:43:55.834 [  FINER] [          FXGL.Input] [JavaFX Application Thread] Clearing active input actions
01 Mar 2016, 22:43:55.834 [  FINER] [    FXGL.MasterTimer] [JavaFX Application Thread] Starting master timer
01 Mar 2016, 22:43:55.834 [  FINER] [    FXGL.Application] [JavaFX Application Thread] State: PAUSED -> PLAYING
01 Mar 2016, 22:43:55.834 [  FINER] [       FXGL.EventBus] [JavaFX Application Thread] Firing event: DisplayEvent[type=CLOSE_REQUEST]
01 Mar 2016, 22:43:55.834 [  FINER] [    FXGL.Application] [JavaFX Application Thread] Exiting Normally
01 Mar 2016, 22:43:55.834 [  FINER] [       FXGL.EventBus] [JavaFX Application Thread] Firing event: FXGLEvent[type=EXIT]
01 Mar 2016, 22:43:55.835 [  FINER] [         FXGL.Logger] [JavaFX Application Thread] Logger is closing
