29 Mar 2016, 13:00:51.749 [   INFO] [         FXGL.Logger] [JavaFX Application Thread] Logger initialized with level: CONFIG
29 Mar 2016, 13:00:51.753 [  FINER] [         FXGL.Logger] [JavaFX Application Thread] CPU cores: 4
29 Mar 2016, 13:00:51.755 [  FINER] [         FXGL.Logger] [JavaFX Application Thread] Free Memory: 107MB
29 Mar 2016, 13:00:51.756 [  FINER] [         FXGL.Logger] [JavaFX Application Thread] Max Memory: 1755MB
29 Mar 2016, 13:00:51.757 [  FINER] [         FXGL.Logger] [JavaFX Application Thread] Total Memory: 119MB
29 Mar 2016, 13:00:51.757 [  FINER] [         FXGL.Logger] [JavaFX Application Thread] System Properties:
29 Mar 2016, 13:00:51.758 [  FINER] [         FXGL.Logger] [JavaFX Application Thread] sun.cpu.isalist=amd64
29 Mar 2016, 13:00:51.759 [  FINER] [         FXGL.Logger] [JavaFX Application Thread] sun.desktop=windows
29 Mar 2016, 13:00:51.759 [  FINER] [         FXGL.Logger] [JavaFX Application Thread] sun.io.unicode.encoding=UnicodeLittle
29 Mar 2016, 13:00:51.760 [  FINER] [         FXGL.Logger] [JavaFX Application Thread] sun.cpu.endian=little
29 Mar 2016, 13:00:51.760 [  FINER] [         FXGL.Logger] [JavaFX Application Thread] java.vendor.url.bug=http://bugreport.sun.com/bugreport/
29 Mar 2016, 13:00:51.760 [  FINER] [         FXGL.Logger] [JavaFX Application Thread] file.separator=\
29 Mar 2016, 13:00:51.761 [  FINER] [         FXGL.Logger] [JavaFX Application Thread] java.vendor=Oracle Corporation
29 Mar 2016, 13:00:51.761 [  FINER] [         FXGL.Logger] [JavaFX Application Thread] sun.boot.class.path=C:\Program Files\Java\jre1.8.0_73\lib\resources.jar;C:\Program Files\Java\jre1.8.0_73\lib\rt.jar;C:\Program Files\Java\jre1.8.0_73\lib\sunrsasign.jar;C:\Program Files\Java\jre1.8.0_73\lib\jsse.jar;C:\Program Files\Java\jre1.8.0_73\lib\jce.jar;C:\Program Files\Java\jre1.8.0_73\lib\charsets.jar;C:\Program Files\Java\jre1.8.0_73\lib\jfr.jar;C:\Program Files\Java\jre1.8.0_73\classes
29 Mar 2016, 13:00:51.762 [  FINER] [         FXGL.Logger] [JavaFX Application Thread] java.ext.dirs=C:\Program Files\Java\jre1.8.0_73\lib\ext;C:\Windows\Sun\Java\lib\ext
29 Mar 2016, 13:00:51.762 [  FINER] [         FXGL.Logger] [JavaFX Application Thread] java.version=1.8.0_73
29 Mar 2016, 13:00:51.762 [  FINER] [         FXGL.Logger] [JavaFX Application Thread] java.vm.info=mixed mode
29 Mar 2016, 13:00:51.763 [  FINER] [         FXGL.Logger] [JavaFX Application Thread] awt.toolkit=sun.awt.windows.WToolkit
29 Mar 2016, 13:00:51.763 [  FINER] [         FXGL.Logger] [JavaFX Application Thread] user.language=en
29 Mar 2016, 13:00:51.763 [  FINER] [         FXGL.Logger] [JavaFX Application Thread] java.specification.vendor=Oracle Corporation
29 Mar 2016, 13:00:51.764 [  FINER] [         FXGL.Logger] [JavaFX Application Thread] sun.java.command=SpaceInvaders.SpaceInvadersApp
29 Mar 2016, 13:00:51.764 [  FINER] [         FXGL.Logger] [JavaFX Application Thread] java.home=C:\Program Files\Java\jre1.8.0_73
29 Mar 2016, 13:00:51.764 [  FINER] [         FXGL.Logger] [JavaFX Application Thread] sun.arch.data.model=64
29 Mar 2016, 13:00:51.765 [  FINER] [         FXGL.Logger] [JavaFX Application Thread] java.vm.specification.version=1.8
29 Mar 2016, 13:00:51.765 [  FINER] [         FXGL.Logger] [JavaFX Application Thread] java.class.path=D:\SpaceInvaders\target\classes;C:\Program Files\eclipse\plugins\org.junit_4.12.0.v201504281640\junit.jar;C:\Program Files\eclipse\plugins\org.hamcrest.core_1.3.0.v201303031735.jar;C:\Users\Anwar Saleeby\.m2\repository\com\github\AlmasB\FXGL\0.2.1-0.2.0-gba5970d-32\FXGL-0.2.1-0.2.0-gba5970d-32.jar;C:\Users\Anwar Saleeby\.m2\repository\com\google\inject\guice\4.0\guice-4.0.jar;C:\Users\Anwar Saleeby\.m2\repository\javax\inject\javax.inject\1\javax.inject-1.jar;C:\Users\Anwar Saleeby\.m2\repository\aopalliance\aopalliance\1.0\aopalliance-1.0.jar;C:\Users\Anwar Saleeby\.m2\repository\com\google\guava\guava\16.0.1\guava-16.0.1.jar;C:\Users\Anwar Saleeby\.m2\repository\org\jfxtras\jfxtras-window\8.0-r4\jfxtras-window-8.0-r4.jar;C:\Users\Anwar Saleeby\.m2\repository\org\jfxtras\jfxtras-common\8.0-r4\jfxtras-common-8.0-r4.jar;C:\Users\Anwar Saleeby\.m2\repository\com\github\AlmasB\FXEventBus\1.0\FXEventBus-1.0.jar;C:\Users\Anwar Saleeby\.m2\repository\com\github\AlmasB\Ents\1.0\Ents-1.0.jar;C:\Users\Anwar Saleeby\.m2\repository\org\apache\logging\log4j\log4j-api\2.5\log4j-api-2.5.jar;C:\Users\Anwar Saleeby\.m2\repository\org\apache\logging\log4j\log4j-core\2.5\log4j-core-2.5.jar;C:\Users\Anwar Saleeby\.m2\repository\com\github\AlmasB\AStar\1.0\AStar-1.0.jar
29 Mar 2016, 13:00:51.765 [  FINER] [         FXGL.Logger] [JavaFX Application Thread] user.name=Anwar Saleeby
29 Mar 2016, 13:00:51.766 [  FINER] [         FXGL.Logger] [JavaFX Application Thread] file.encoding=UTF-8
29 Mar 2016, 13:00:51.769 [  FINER] [         FXGL.Logger] [JavaFX Application Thread] java.specification.version=1.8
29 Mar 2016, 13:00:51.771 [  FINER] [         FXGL.Logger] [JavaFX Application Thread] java.awt.printerjob=sun.awt.windows.WPrinterJob
29 Mar 2016, 13:00:51.772 [  FINER] [         FXGL.Logger] [JavaFX Application Thread] user.timezone=America/New_York
29 Mar 2016, 13:00:51.772 [  FINER] [         FXGL.Logger] [JavaFX Application Thread] user.home=C:\Users\Anwar Saleeby
29 Mar 2016, 13:00:51.773 [  FINER] [         FXGL.Logger] [JavaFX Application Thread] os.version=10.0
29 Mar 2016, 13:00:51.773 [  FINER] [         FXGL.Logger] [JavaFX Application Thread] sun.management.compiler=HotSpot 64-Bit Tiered Compilers
29 Mar 2016, 13:00:51.773 [  FINER] [         FXGL.Logger] [JavaFX Application Thread] java.specification.name=Java Platform API Specification
29 Mar 2016, 13:00:51.774 [  FINER] [         FXGL.Logger] [JavaFX Application Thread] java.class.version=52.0
29 Mar 2016, 13:00:51.774 [  FINER] [         FXGL.Logger] [JavaFX Application Thread] java.library.path=C:\Program Files\Java\jre1.8.0_73\bin;C:\Windows\Sun\Java\bin;C:\Windows\system32;C:\Windows;C:/Program Files/Java/jre1.8.0_73/bin/server;C:/Program Files/Java/jre1.8.0_73/bin;C:/Program Files/Java/jre1.8.0_73/lib/amd64;C:\oraclexe\app\oracle\product\11.2.0\server\bin;C:\ProgramData\Oracle\Java\javapath;C:\Windows\system32;C:\Windows;C:\Windows\System32\Wbem;C:\Windows\System32\WindowsPowerShell\v1.0\;C:\Program Files\nodejs\;C:\Program Files\Git\cmd;C:\Users\Anwar Saleeby\AppData\Local\Programs\Python\Python35\Scripts\;C:\Users\Anwar Saleeby\AppData\Local\Programs\Python\Python35\;C:\Users\Anwar Saleeby\AppData\Roaming\npm;C:\Program Files\MongoDB\Server\3.2\bin;C:\Program Files\Git;C:\Program Files\eclipse;;.
29 Mar 2016, 13:00:51.774 [  FINER] [         FXGL.Logger] [JavaFX Application Thread] sun.jnu.encoding=Cp1252
29 Mar 2016, 13:00:51.775 [  FINER] [         FXGL.Logger] [JavaFX Application Thread] os.name=Windows 10
29 Mar 2016, 13:00:51.775 [  FINER] [         FXGL.Logger] [JavaFX Application Thread] user.variant=
29 Mar 2016, 13:00:51.775 [  FINER] [         FXGL.Logger] [JavaFX Application Thread] java.vm.specification.vendor=Oracle Corporation
29 Mar 2016, 13:00:51.776 [  FINER] [         FXGL.Logger] [JavaFX Application Thread] java.io.tmpdir=C:\Users\ANWARS~1\AppData\Local\Temp\
29 Mar 2016, 13:00:51.776 [  FINER] [         FXGL.Logger] [JavaFX Application Thread] line.separator=

29 Mar 2016, 13:00:51.777 [  FINER] [         FXGL.Logger] [JavaFX Application Thread] java.endorsed.dirs=C:\Program Files\Java\jre1.8.0_73\lib\endorsed
29 Mar 2016, 13:00:51.777 [  FINER] [         FXGL.Logger] [JavaFX Application Thread] os.arch=amd64
29 Mar 2016, 13:00:51.777 [  FINER] [         FXGL.Logger] [JavaFX Application Thread] javafx.runtime.version=8.0.71-b15
29 Mar 2016, 13:00:51.778 [  FINER] [         FXGL.Logger] [JavaFX Application Thread] java.awt.graphicsenv=sun.awt.Win32GraphicsEnvironment
29 Mar 2016, 13:00:51.778 [  FINER] [         FXGL.Logger] [JavaFX Application Thread] java.runtime.version=1.8.0_73-b02
29 Mar 2016, 13:00:51.778 [  FINER] [         FXGL.Logger] [JavaFX Application Thread] java.vm.specification.name=Java Virtual Machine Specification
29 Mar 2016, 13:00:51.778 [  FINER] [         FXGL.Logger] [JavaFX Application Thread] user.dir=D:\SpaceInvaders
29 Mar 2016, 13:00:51.779 [  FINER] [         FXGL.Logger] [JavaFX Application Thread] user.country=US
29 Mar 2016, 13:00:51.779 [  FINER] [         FXGL.Logger] [JavaFX Application Thread] user.script=
29 Mar 2016, 13:00:51.779 [  FINER] [         FXGL.Logger] [JavaFX Application Thread] sun.java.launcher=SUN_STANDARD
29 Mar 2016, 13:00:51.780 [  FINER] [         FXGL.Logger] [JavaFX Application Thread] sun.os.patch.level=
29 Mar 2016, 13:00:51.780 [  FINER] [         FXGL.Logger] [JavaFX Application Thread] java.vm.name=Java HotSpot(TM) 64-Bit Server VM
29 Mar 2016, 13:00:51.780 [  FINER] [         FXGL.Logger] [JavaFX Application Thread] file.encoding.pkg=sun.io
29 Mar 2016, 13:00:51.780 [  FINER] [         FXGL.Logger] [JavaFX Application Thread] path.separator=;
29 Mar 2016, 13:00:51.781 [  FINER] [         FXGL.Logger] [JavaFX Application Thread] java.vm.vendor=Oracle Corporation
29 Mar 2016, 13:00:51.781 [  FINER] [         FXGL.Logger] [JavaFX Application Thread] java.vendor.url=http://java.oracle.com/
29 Mar 2016, 13:00:51.781 [  FINER] [         FXGL.Logger] [JavaFX Application Thread] sun.boot.library.path=C:\Program Files\Java\jre1.8.0_73\bin
29 Mar 2016, 13:00:51.781 [  FINER] [         FXGL.Logger] [JavaFX Application Thread] java.vm.version=25.73-b02
29 Mar 2016, 13:00:51.782 [  FINER] [         FXGL.Logger] [JavaFX Application Thread] java.runtime.name=Java(TM) SE Runtime Environment
29 Mar 2016, 13:00:51.782 [  FINER] [         FXGL.Logger] [JavaFX Application Thread] javafx.version=8.0.71
29 Mar 2016, 13:00:51.787 [   INFO] [        FXGL.Version] [JavaFX Application Thread] FXGL-0.2.1-SNAPSHOT
29 Mar 2016, 13:00:51.788 [   INFO] [        FXGL.Version] [JavaFX Application Thread] Source code and latest builds at: https://github.com/AlmasB/FXGL
29 Mar 2016, 13:00:51.795 [  FINER] [    FXGL.Application] [JavaFX Application Thread] Game_clinit()
29 Mar 2016, 13:00:51.802 [  FINER] [    FXGL.Application] [JavaFX-Launcher] FXGL_init()
29 Mar 2016, 13:00:51.827 [  FINER] [    FXGL.Application] [JavaFX Application Thread] FXGL_start()
29 Mar 2016, 13:00:51.827 [  FINER] [    FXGL.Application] [JavaFX Application Thread] Initializing system properties
29 Mar 2016, 13:00:51.830 [  FINER] [    FXGL.Application] [JavaFX Application Thread] sound.notification = system/notification.wav
29 Mar 2016, 13:00:51.830 [  FINER] [    FXGL.Application] [JavaFX Application Thread] asset.cache.size = 35
29 Mar 2016, 13:00:51.830 [  FINER] [    FXGL.Application] [JavaFX Application Thread] ui.font = Copperplate_Gothic_Light_Regular.ttf
29 Mar 2016, 13:00:51.831 [  FINER] [    FXGL.Application] [JavaFX Application Thread] sound.menu.back = menu/back.wav
29 Mar 2016, 13:00:51.831 [  FINER] [    FXGL.Application] [JavaFX Application Thread] sound.menu.select = menu/select.wav
29 Mar 2016, 13:00:51.831 [  FINER] [    FXGL.Application] [JavaFX Application Thread] physics.ppm = 50
29 Mar 2016, 13:00:51.832 [  FINER] [    FXGL.Application] [JavaFX Application Thread] ui.css = fxgl.css
29 Mar 2016, 13:00:51.832 [  FINER] [    FXGL.Application] [JavaFX Application Thread] ui.icon.name = fxgl_icon.png
29 Mar 2016, 13:00:51.832 [  FINER] [    FXGL.Application] [JavaFX Application Thread] sound.menu.press = menu/press.wav
29 Mar 2016, 13:00:51.832 [  FINER] [    FXGL.Application] [JavaFX Application Thread] Initializing user properties
29 Mar 2016, 13:00:51.833 [   INFO] [    FXGL.Application] [JavaFX Application Thread] User properties not found. Using system
29 Mar 2016, 13:00:51.846 [   INFO] [         FXGL.Logger] [JavaFX Application Thread] Logger level set to: CONFIG
29 Mar 2016, 13:00:51.847 [   INFO] [    FXGL.Application] [JavaFX Application Thread] Application Mode: DEVELOPER
29 Mar 2016, 13:00:52.385 [  FINER] [    FXGL.Application] [JavaFX Application Thread] Services configuration complete
29 Mar 2016, 13:00:52.396 [  FINER] [       FXGL.EventBus] [JavaFX Application Thread] Service [EventBus] initialized
29 Mar 2016, 13:00:52.399 [  FINER] [    FXGL.AssetLoader] [JavaFX Application Thread] Service [AssetLoader] initialized
29 Mar 2016, 13:00:52.402 [  FINER] [    FXGL.AssetLoader] [JavaFX Application Thread] Loading from disk: /assets/sounds/system/notification.wav
29 Mar 2016, 13:00:52.424 [  FINER] [    FXGL.AssetLoader] [JavaFX Application Thread] Loading from disk: /assets/sounds/menu/select.wav
29 Mar 2016, 13:00:52.426 [  FINER] [    FXGL.AssetLoader] [JavaFX Application Thread] Loading from disk: /assets/sounds/menu/back.wav
29 Mar 2016, 13:00:52.428 [  FINER] [    FXGL.AssetLoader] [JavaFX Application Thread] Loading from disk: /assets/sounds/menu/press.wav
29 Mar 2016, 13:00:52.431 [  FINER] [    FXGL.AssetLoader] [JavaFX Application Thread] Loading from disk: /assets/ui/fonts/Copperplate_Gothic_Light_Regular.ttf
29 Mar 2016, 13:00:52.507 [  FINER] [    FXGL.AssetLoader] [JavaFX Application Thread] Loading from disk: /assets/ui/css/fxgl.css
29 Mar 2016, 13:00:52.508 [  FINER] [    FXGL.AssetLoader] [JavaFX Application Thread] Loading from disk: /assets/ui/icons/fxgl_icon.png
29 Mar 2016, 13:00:52.549 [  FINER] [    FXGL.AssetLoader] [JavaFX Application Thread] Loading from disk: /assets/ui/css/fxgl_dark.css
29 Mar 2016, 13:00:52.620 [  FINER] [        FXGL.Display] [JavaFX Application Thread] Target size: 480.0x600.0@1.0
29 Mar 2016, 13:00:52.621 [  FINER] [        FXGL.Display] [JavaFX Application Thread] New size:    480.0x600.0@1.0
29 Mar 2016, 13:00:52.622 [  FINER] [        FXGL.Display] [JavaFX Application Thread] Service [Display] initialized
29 Mar 2016, 13:00:52.622 [  FINER] [        FXGL.Display] [JavaFX Application Thread] Using CSS: CSS[jar:file:/C:/Users/Anwar%20Saleeby/.m2/repository/com/github/AlmasB/FXGL/0.2.1-0.2.0-gba5970d-32/FXGL-0.2.1-0.2.0-gba5970d-32.jar!/assets/ui/css/fxgl_dark.css]
29 Mar 2016, 13:00:52.627 [  FINER] [          FXGL.Input] [JavaFX Application Thread] Service [Input] initialized
29 Mar 2016, 13:00:52.629 [  FINER] [    FXGL.AudioPlayer] [JavaFX Application Thread] Service [AudioPlayer] initialized
29 Mar 2016, 13:00:52.634 [  FINER] [    FXGL.MasterTimer] [JavaFX Application Thread] Service [MasterTimer] initialized
29 Mar 2016, 13:00:52.647 [  FINER] [      FXGL.GameScene] [JavaFX Application Thread] Game scene initialized
29 Mar 2016, 13:00:52.648 [  FINER] [FXGL.NotificationSer] [JavaFX Application Thread] Service [NotificationService] initialized
29 Mar 2016, 13:00:52.869 [  FINER] [      FXGL.GameWorld] [JavaFX Application Thread] Game world initialized
29 Mar 2016, 13:00:52.967 [  FINER] [   FXGL.PhysicsWorld] [JavaFX Application Thread] Physics world initialized
29 Mar 2016, 13:00:52.993 [  FINER] [    FXGL.Application] [JavaFX Application Thread] Game_start()
29 Mar 2016, 13:00:53.000 [  FINER] [          FXGL.Input] [JavaFX Application Thread] Registered new binding: Move Left A
29 Mar 2016, 13:00:53.001 [  FINER] [          FXGL.Input] [JavaFX Application Thread] Registered new binding: Shoot Space
29 Mar 2016, 13:00:53.001 [  FINER] [          FXGL.Input] [JavaFX Application Thread] Registered new binding: Move Right D
29 Mar 2016, 13:00:53.003 [  FINER] [    FXGL.Application] [JavaFX Application Thread] Saving data to profile
29 Mar 2016, 13:00:53.004 [  FINER] [    FXGL.UserProfile] [JavaFX Application Thread] Logging bundle: game
29 Mar 2016, 13:00:53.005 [  FINER] [    FXGL.UserProfile] [JavaFX Application Thread] game.playtime=1202399387
29 Mar 2016, 13:00:53.005 [  FINER] [       FXGL.EventBus] [JavaFX Application Thread] Firing event: SaveEvent
29 Mar 2016, 13:00:53.007 [  FINER] [        FXGL.Display] [JavaFX Application Thread] Saving data to profile
29 Mar 2016, 13:00:53.007 [  FINER] [    FXGL.UserProfile] [JavaFX Application Thread] Logging bundle: scene
29 Mar 2016, 13:00:53.007 [  FINER] [    FXGL.UserProfile] [JavaFX Application Thread] scene.sizeW=480.0
29 Mar 2016, 13:00:53.007 [  FINER] [    FXGL.UserProfile] [JavaFX Application Thread] scene.sizeH=600.0
29 Mar 2016, 13:00:53.007 [  FINER] [          FXGL.Input] [JavaFX Application Thread] Saving data to profile
29 Mar 2016, 13:00:53.008 [  FINER] [    FXGL.UserProfile] [JavaFX Application Thread] Logging bundle: input
29 Mar 2016, 13:00:53.008 [  FINER] [    FXGL.UserProfile] [JavaFX Application Thread] input.Shoot=Space
29 Mar 2016, 13:00:53.008 [  FINER] [    FXGL.UserProfile] [JavaFX Application Thread] input.Move Right=D
29 Mar 2016, 13:00:53.009 [  FINER] [    FXGL.UserProfile] [JavaFX Application Thread] input.Move Left=A
29 Mar 2016, 13:00:53.009 [  FINER] [    FXGL.AudioPlayer] [JavaFX Application Thread] Saving data to profile
29 Mar 2016, 13:00:53.009 [  FINER] [    FXGL.UserProfile] [JavaFX Application Thread] Logging bundle: audio
29 Mar 2016, 13:00:53.009 [  FINER] [    FXGL.UserProfile] [JavaFX Application Thread] audio.musicVolume=0.5
29 Mar 2016, 13:00:53.010 [  FINER] [    FXGL.UserProfile] [JavaFX Application Thread] audio.soundVolume=0.5
29 Mar 2016, 13:00:53.010 [  FINER] [FXGL.AchievementMana] [JavaFX Application Thread] Saving data to profile
29 Mar 2016, 13:00:53.011 [  FINER] [    FXGL.UserProfile] [JavaFX Application Thread] Logging bundle: achievement
29 Mar 2016, 13:00:53.043 [  FINER] [    FXGL.Application] [JavaFX Application Thread] State: STARTUP -> INTRO
29 Mar 2016, 13:00:53.278 [  FINER] [    FXGL.Application] [JavaFX Application Thread] Showing stage
29 Mar 2016, 13:00:53.279 [  FINER] [    FXGL.Application] [JavaFX Application Thread] Root size: 480.0x600.0
29 Mar 2016, 13:00:53.279 [  FINER] [    FXGL.Application] [JavaFX Application Thread] Scene size: 480.0x600.0
29 Mar 2016, 13:00:53.280 [  FINER] [    FXGL.Application] [JavaFX Application Thread] Stage size: 486.0x629.0
29 Mar 2016, 13:00:58.282 [  FINER] [    FXGL.Application] [JavaFX Application Thread] Starting new game
29 Mar 2016, 13:00:58.286 [  FINER] [    FXGL.Application] [JavaFX Application Thread] Initializing App
29 Mar 2016, 13:00:58.286 [  FINER] [    FXGL.Application] [JavaFX Application Thread] Pausing main loop
29 Mar 2016, 13:00:58.287 [  FINER] [       FXGL.EventBus] [JavaFX Application Thread] Firing event: FXGLEvent[type=PAUSE]
29 Mar 2016, 13:00:58.287 [  FINER] [          FXGL.Input] [JavaFX Application Thread] Clearing active input actions
29 Mar 2016, 13:00:58.288 [  FINER] [    FXGL.MasterTimer] [JavaFX Application Thread] Stopping master timer
29 Mar 2016, 13:00:58.288 [  FINER] [    FXGL.Application] [JavaFX Application Thread] State: INTRO -> PAUSED
29 Mar 2016, 13:00:58.288 [  FINER] [    FXGL.Application] [JavaFX Application Thread] Resetting FXGL application
29 Mar 2016, 13:00:58.289 [  FINER] [       FXGL.EventBus] [JavaFX Application Thread] Firing event: FXGLEvent[type=RESET]
29 Mar 2016, 13:00:58.289 [  FINER] [          FXGL.Input] [JavaFX Application Thread] Clearing active input actions
29 Mar 2016, 13:00:58.289 [  FINER] [    FXGL.MasterTimer] [JavaFX Application Thread] Resetting ticks to 0
29 Mar 2016, 13:00:58.290 [  FINER] [    FXGL.MasterTimer] [JavaFX Application Thread] Clearing all scheduled actions
29 Mar 2016, 13:00:58.290 [  FINER] [      FXGL.GameScene] [JavaFX Application Thread] Resetting game scene
29 Mar 2016, 13:00:58.290 [  FINER] [      FXGL.GameWorld] [JavaFX Application Thread] Resetting game world
29 Mar 2016, 13:00:58.292 [  FINER] [    FXGL.Application] [JavaFX Application Thread] State: PAUSED -> LOADING
29 Mar 2016, 13:00:58.305 [  FINER] [    FXGL.Application] [JavaFX Application Thread] Starting FXGL Init Thread
29 Mar 2016, 13:00:58.307 [  FINER] [    FXGL.Application] [FXGL Init Thread] Initializing Assets
29 Mar 2016, 13:00:58.319 [  FINER] [    FXGL.AssetLoader] [FXGL Init Thread] Loading from disk: /assets/textures/enemy.png
29 Mar 2016, 13:00:58.331 [  FINER] [    FXGL.AssetLoader] [FXGL Init Thread] Loading from disk: /assets/textures/enemyReduced.png
29 Mar 2016, 13:00:58.333 [  FINER] [    FXGL.AssetLoader] [FXGL Init Thread] Loading from disk: /assets/textures/enemyReduced1.png
29 Mar 2016, 13:00:58.335 [  FINER] [    FXGL.AssetLoader] [FXGL Init Thread] Loading from disk: /assets/textures/enemyReduced2.png
29 Mar 2016, 13:00:58.337 [  FINER] [    FXGL.AssetLoader] [FXGL Init Thread] Loading from disk: /assets/textures/enemyReduced3.png
29 Mar 2016, 13:00:58.338 [  FINER] [    FXGL.AssetLoader] [FXGL Init Thread] Loading from disk: /assets/textures/life.png
29 Mar 2016, 13:00:58.341 [  FINER] [    FXGL.AssetLoader] [FXGL Init Thread] Loading from disk: /assets/textures/spaceship.png
29 Mar 2016, 13:00:58.343 [  FINER] [    FXGL.AssetLoader] [FXGL Init Thread] Loading from disk: /assets/textures/spaceshipReduced.png
29 Mar 2016, 13:00:58.345 [  FINER] [    FXGL.AssetLoader] [FXGL Init Thread] Loading from disk: /assets/textures/text.png
29 Mar 2016, 13:00:58.368 [  FINER] [    FXGL.AssetLoader] [FXGL Init Thread] Loading from disk: /assets/textures/wall.png
29 Mar 2016, 13:00:58.434 [  FINER] [    FXGL.AssetLoader] [FXGL Init Thread] Loading from cache: /assets/sounds/menu/select.wav
29 Mar 2016, 13:00:58.434 [  FINER] [    FXGL.AssetLoader] [FXGL Init Thread] Loading from cache: /assets/sounds/menu/press.wav
29 Mar 2016, 13:00:58.434 [  FINER] [    FXGL.AssetLoader] [FXGL Init Thread] Loading from cache: /assets/sounds/menu/back.wav
29 Mar 2016, 13:00:58.434 [  FINER] [    FXGL.AssetLoader] [FXGL Init Thread] Loading from cache: /assets/sounds/system/notification.wav
29 Mar 2016, 13:00:58.438 [  FINER] [    FXGL.AssetLoader] [FXGL Init Thread] Loading from disk: /assets/music/bgm.mp3
29 Mar 2016, 13:00:58.567 [  FINER] [    FXGL.AssetLoader] [FXGL Init Thread] Loading from cache: /assets/ui/fonts/Copperplate_Gothic_Light_Regular.ttf
29 Mar 2016, 13:00:58.598 [  FINER] [    FXGL.Application] [FXGL Init Thread] Initializing Game
29 Mar 2016, 13:00:58.616 [  FINER] [    FXGL.AssetLoader] [FXGL Init Thread] Loading from cache: /assets/textures/enemyReduced3.png
29 Mar 2016, 13:00:58.625 [  FINER] [    FXGL.AssetLoader] [FXGL Init Thread] Loading from cache: /assets/textures/enemyReduced1.png
29 Mar 2016, 13:00:58.626 [  FINER] [    FXGL.AssetLoader] [FXGL Init Thread] Loading from cache: /assets/textures/enemyReduced1.png
29 Mar 2016, 13:00:58.628 [  FINER] [    FXGL.AssetLoader] [FXGL Init Thread] Loading from cache: /assets/textures/enemyReduced3.png
29 Mar 2016, 13:00:58.629 [  FINER] [    FXGL.AssetLoader] [FXGL Init Thread] Loading from cache: /assets/textures/enemyReduced1.png
29 Mar 2016, 13:00:58.631 [  FINER] [    FXGL.AssetLoader] [FXGL Init Thread] Loading from cache: /assets/textures/enemyReduced1.png
29 Mar 2016, 13:00:58.632 [  FINER] [    FXGL.AssetLoader] [FXGL Init Thread] Loading from cache: /assets/textures/enemyReduced3.png
29 Mar 2016, 13:00:58.633 [  FINER] [    FXGL.AssetLoader] [FXGL Init Thread] Loading from cache: /assets/textures/enemyReduced3.png
29 Mar 2016, 13:00:58.635 [  FINER] [    FXGL.AssetLoader] [FXGL Init Thread] Loading from cache: /assets/textures/enemyReduced1.png
29 Mar 2016, 13:00:58.636 [  FINER] [    FXGL.AssetLoader] [FXGL Init Thread] Loading from cache: /assets/textures/enemyReduced1.png
29 Mar 2016, 13:00:58.638 [  FINER] [    FXGL.AssetLoader] [FXGL Init Thread] Loading from cache: /assets/textures/enemyReduced2.png
29 Mar 2016, 13:00:58.639 [  FINER] [    FXGL.AssetLoader] [FXGL Init Thread] Loading from cache: /assets/textures/enemyReduced2.png
29 Mar 2016, 13:00:58.639 [  FINER] [    FXGL.AssetLoader] [FXGL Init Thread] Loading from cache: /assets/textures/enemyReduced1.png
29 Mar 2016, 13:00:58.640 [  FINER] [    FXGL.AssetLoader] [FXGL Init Thread] Loading from cache: /assets/textures/enemyReduced1.png
29 Mar 2016, 13:00:58.641 [  FINER] [    FXGL.AssetLoader] [FXGL Init Thread] Loading from cache: /assets/textures/enemyReduced3.png
29 Mar 2016, 13:00:58.642 [  FINER] [    FXGL.AssetLoader] [FXGL Init Thread] Loading from cache: /assets/textures/enemyReduced2.png
29 Mar 2016, 13:00:58.643 [  FINER] [    FXGL.AssetLoader] [FXGL Init Thread] Loading from cache: /assets/textures/enemyReduced2.png
29 Mar 2016, 13:00:58.644 [  FINER] [    FXGL.AssetLoader] [FXGL Init Thread] Loading from cache: /assets/textures/enemyReduced2.png
29 Mar 2016, 13:00:58.645 [  FINER] [    FXGL.AssetLoader] [FXGL Init Thread] Loading from cache: /assets/textures/enemyReduced3.png
29 Mar 2016, 13:00:58.646 [  FINER] [    FXGL.AssetLoader] [FXGL Init Thread] Loading from cache: /assets/textures/enemyReduced1.png
29 Mar 2016, 13:00:58.647 [  FINER] [    FXGL.AssetLoader] [FXGL Init Thread] Loading from cache: /assets/textures/enemyReduced3.png
29 Mar 2016, 13:00:58.648 [  FINER] [    FXGL.AssetLoader] [FXGL Init Thread] Loading from cache: /assets/textures/enemyReduced2.png
29 Mar 2016, 13:00:58.648 [  FINER] [    FXGL.AssetLoader] [FXGL Init Thread] Loading from cache: /assets/textures/enemyReduced2.png
29 Mar 2016, 13:00:58.649 [  FINER] [    FXGL.AssetLoader] [FXGL Init Thread] Loading from cache: /assets/textures/enemyReduced1.png
29 Mar 2016, 13:00:58.650 [  FINER] [    FXGL.AssetLoader] [FXGL Init Thread] Loading from cache: /assets/textures/enemyReduced1.png
29 Mar 2016, 13:00:58.651 [  FINER] [    FXGL.AssetLoader] [FXGL Init Thread] Loading from cache: /assets/textures/enemyReduced2.png
29 Mar 2016, 13:00:58.652 [  FINER] [    FXGL.AssetLoader] [FXGL Init Thread] Loading from cache: /assets/textures/enemyReduced1.png
29 Mar 2016, 13:00:58.653 [  FINER] [    FXGL.AssetLoader] [FXGL Init Thread] Loading from cache: /assets/textures/enemyReduced1.png
29 Mar 2016, 13:00:58.654 [  FINER] [    FXGL.AssetLoader] [FXGL Init Thread] Loading from cache: /assets/textures/enemyReduced1.png
29 Mar 2016, 13:00:58.655 [  FINER] [    FXGL.AssetLoader] [FXGL Init Thread] Loading from cache: /assets/textures/enemyReduced2.png
29 Mar 2016, 13:00:58.656 [  FINER] [    FXGL.AssetLoader] [FXGL Init Thread] Loading from cache: /assets/textures/enemyReduced2.png
29 Mar 2016, 13:00:58.656 [  FINER] [    FXGL.AssetLoader] [FXGL Init Thread] Loading from cache: /assets/textures/enemyReduced1.png
29 Mar 2016, 13:00:58.657 [  FINER] [    FXGL.AssetLoader] [FXGL Init Thread] Loading from cache: /assets/textures/enemyReduced1.png
29 Mar 2016, 13:00:58.658 [  FINER] [    FXGL.AssetLoader] [FXGL Init Thread] Loading from cache: /assets/textures/enemyReduced1.png
29 Mar 2016, 13:00:58.659 [  FINER] [    FXGL.AssetLoader] [FXGL Init Thread] Loading from cache: /assets/textures/enemyReduced1.png
29 Mar 2016, 13:00:58.659 [  FINER] [    FXGL.AssetLoader] [FXGL Init Thread] Loading from cache: /assets/textures/enemyReduced1.png
29 Mar 2016, 13:00:58.660 [  FINER] [    FXGL.AssetLoader] [FXGL Init Thread] Loading from cache: /assets/textures/enemyReduced1.png
29 Mar 2016, 13:00:58.661 [  FINER] [    FXGL.AssetLoader] [FXGL Init Thread] Loading from cache: /assets/textures/enemyReduced3.png
29 Mar 2016, 13:00:58.661 [  FINER] [    FXGL.AssetLoader] [FXGL Init Thread] Loading from cache: /assets/textures/enemyReduced3.png
29 Mar 2016, 13:00:58.662 [  FINER] [    FXGL.AssetLoader] [FXGL Init Thread] Loading from cache: /assets/textures/enemyReduced2.png
29 Mar 2016, 13:00:58.663 [  FINER] [    FXGL.AssetLoader] [FXGL Init Thread] Loading from cache: /assets/textures/wall.png
29 Mar 2016, 13:00:58.663 [  FINER] [    FXGL.AssetLoader] [FXGL Init Thread] Loading from cache: /assets/textures/wall.png
29 Mar 2016, 13:00:58.664 [  FINER] [    FXGL.AssetLoader] [FXGL Init Thread] Loading from cache: /assets/textures/wall.png
29 Mar 2016, 13:00:58.664 [  FINER] [    FXGL.AssetLoader] [FXGL Init Thread] Loading from cache: /assets/textures/wall.png
29 Mar 2016, 13:00:58.665 [  FINER] [    FXGL.AssetLoader] [FXGL Init Thread] Loading from cache: /assets/textures/spaceshipReduced.png
29 Mar 2016, 13:00:58.667 [  FINER] [    FXGL.Application] [FXGL Init Thread] Initializing Physics
29 Mar 2016, 13:00:58.667 [  FINER] [    FXGL.Application] [FXGL Init Thread] Initializing UI
29 Mar 2016, 13:00:58.669 [  FINER] [    FXGL.Application] [FXGL Init Thread] Initialization Complete
29 Mar 2016, 13:00:58.671 [  FINER] [       FXGL.EventBus] [JavaFX Application Thread] Firing event: FXGLEvent[type=INIT_APP_COMPLETE]
29 Mar 2016, 13:00:58.671 [  FINER] [    FXGL.Application] [JavaFX Application Thread] Resuming main loop
29 Mar 2016, 13:00:58.671 [  FINER] [       FXGL.EventBus] [JavaFX Application Thread] Firing event: FXGLEvent[type=RESUME]
29 Mar 2016, 13:00:58.671 [  FINER] [          FXGL.Input] [JavaFX Application Thread] Clearing active input actions
29 Mar 2016, 13:00:58.672 [  FINER] [    FXGL.MasterTimer] [JavaFX Application Thread] Starting master timer
29 Mar 2016, 13:00:58.672 [  FINER] [    FXGL.Application] [JavaFX Application Thread] State: LOADING -> PLAYING
29 Mar 2016, 13:00:58.685 [  FINER] [       FXGL.EventBus] [JavaFX Application Thread] Firing event: WorldEvent[type=ENTITY_ADDED]
29 Mar 2016, 13:00:58.685 [  FINER] [      FXGL.GameScene] [JavaFX Application Thread] Entity added to scene
29 Mar 2016, 13:00:58.685 [  FINER] [      FXGL.GameScene] [JavaFX Application Thread] Added MainViewComponent
29 Mar 2016, 13:00:58.686 [  FINER] [      FXGL.GameScene] [JavaFX Application Thread] Creating render group for layer: TOP(2147483647)
29 Mar 2016, 13:00:58.690 [  FINER] [       FXGL.EventBus] [JavaFX Application Thread] Firing event: WorldEvent[type=ENTITY_ADDED]
29 Mar 2016, 13:00:58.691 [  FINER] [      FXGL.GameScene] [JavaFX Application Thread] Entity added to scene
29 Mar 2016, 13:00:58.691 [  FINER] [      FXGL.GameScene] [JavaFX Application Thread] Added MainViewComponent
29 Mar 2016, 13:00:58.692 [  FINER] [       FXGL.EventBus] [JavaFX Application Thread] Firing event: WorldEvent[type=ENTITY_ADDED]
29 Mar 2016, 13:00:58.692 [  FINER] [      FXGL.GameScene] [JavaFX Application Thread] Entity added to scene
29 Mar 2016, 13:00:58.692 [  FINER] [      FXGL.GameScene] [JavaFX Application Thread] Added MainViewComponent
29 Mar 2016, 13:00:58.693 [  FINER] [       FXGL.EventBus] [JavaFX Application Thread] Firing event: WorldEvent[type=ENTITY_ADDED]
29 Mar 2016, 13:00:58.693 [  FINER] [      FXGL.GameScene] [JavaFX Application Thread] Entity added to scene
29 Mar 2016, 13:00:58.693 [  FINER] [      FXGL.GameScene] [JavaFX Application Thread] Added MainViewComponent
29 Mar 2016, 13:00:58.694 [  FINER] [       FXGL.EventBus] [JavaFX Application Thread] Firing event: WorldEvent[type=ENTITY_ADDED]
29 Mar 2016, 13:00:58.694 [  FINER] [      FXGL.GameScene] [JavaFX Application Thread] Entity added to scene
29 Mar 2016, 13:00:58.695 [  FINER] [      FXGL.GameScene] [JavaFX Application Thread] Added MainViewComponent
29 Mar 2016, 13:00:58.695 [  FINER] [       FXGL.EventBus] [JavaFX Application Thread] Firing event: WorldEvent[type=ENTITY_ADDED]
29 Mar 2016, 13:00:58.695 [  FINER] [      FXGL.GameScene] [JavaFX Application Thread] Entity added to scene
29 Mar 2016, 13:00:58.696 [  FINER] [      FXGL.GameScene] [JavaFX Application Thread] Added MainViewComponent
29 Mar 2016, 13:00:58.696 [  FINER] [       FXGL.EventBus] [JavaFX Application Thread] Firing event: WorldEvent[type=ENTITY_ADDED]
29 Mar 2016, 13:00:58.696 [  FINER] [      FXGL.GameScene] [JavaFX Application Thread] Entity added to scene
29 Mar 2016, 13:00:58.696 [  FINER] [      FXGL.GameScene] [JavaFX Application Thread] Added MainViewComponent
29 Mar 2016, 13:00:58.697 [  FINER] [       FXGL.EventBus] [JavaFX Application Thread] Firing event: WorldEvent[type=ENTITY_ADDED]
29 Mar 2016, 13:00:58.697 [  FINER] [      FXGL.GameScene] [JavaFX Application Thread] Entity added to scene
29 Mar 2016, 13:00:58.697 [  FINER] [      FXGL.GameScene] [JavaFX Application Thread] Added MainViewComponent
29 Mar 2016, 13:00:58.698 [  FINER] [       FXGL.EventBus] [JavaFX Application Thread] Firing event: WorldEvent[type=ENTITY_ADDED]
29 Mar 2016, 13:00:58.698 [  FINER] [      FXGL.GameScene] [JavaFX Application Thread] Entity added to scene
29 Mar 2016, 13:00:58.698 [  FINER] [      FXGL.GameScene] [JavaFX Application Thread] Added MainViewComponent
29 Mar 2016, 13:00:58.699 [  FINER] [       FXGL.EventBus] [JavaFX Application Thread] Firing event: WorldEvent[type=ENTITY_ADDED]
29 Mar 2016, 13:00:58.699 [  FINER] [      FXGL.GameScene] [JavaFX Application Thread] Entity added to scene
29 Mar 2016, 13:00:58.699 [  FINER] [      FXGL.GameScene] [JavaFX Application Thread] Added MainViewComponent
29 Mar 2016, 13:00:58.700 [  FINER] [       FXGL.EventBus] [JavaFX Application Thread] Firing event: WorldEvent[type=ENTITY_ADDED]
29 Mar 2016, 13:00:58.700 [  FINER] [      FXGL.GameScene] [JavaFX Application Thread] Entity added to scene
29 Mar 2016, 13:00:58.700 [  FINER] [      FXGL.GameScene] [JavaFX Application Thread] Added MainViewComponent
29 Mar 2016, 13:00:58.701 [  FINER] [       FXGL.EventBus] [JavaFX Application Thread] Firing event: WorldEvent[type=ENTITY_ADDED]
29 Mar 2016, 13:00:58.701 [  FINER] [      FXGL.GameScene] [JavaFX Application Thread] Entity added to scene
29 Mar 2016, 13:00:58.701 [  FINER] [      FXGL.GameScene] [JavaFX Application Thread] Added MainViewComponent
29 Mar 2016, 13:00:58.702 [  FINER] [       FXGL.EventBus] [JavaFX Application Thread] Firing event: WorldEvent[type=ENTITY_ADDED]
29 Mar 2016, 13:00:58.702 [  FINER] [      FXGL.GameScene] [JavaFX Application Thread] Entity added to scene
29 Mar 2016, 13:00:58.702 [  FINER] [      FXGL.GameScene] [JavaFX Application Thread] Added MainViewComponent
29 Mar 2016, 13:00:58.703 [  FINER] [       FXGL.EventBus] [JavaFX Application Thread] Firing event: WorldEvent[type=ENTITY_ADDED]
29 Mar 2016, 13:00:58.703 [  FINER] [      FXGL.GameScene] [JavaFX Application Thread] Entity added to scene
29 Mar 2016, 13:00:58.703 [  FINER] [      FXGL.GameScene] [JavaFX Application Thread] Added MainViewComponent
29 Mar 2016, 13:00:58.703 [  FINER] [       FXGL.EventBus] [JavaFX Application Thread] Firing event: WorldEvent[type=ENTITY_ADDED]
29 Mar 2016, 13:00:58.703 [  FINER] [      FXGL.GameScene] [JavaFX Application Thread] Entity added to scene
29 Mar 2016, 13:00:58.704 [  FINER] [      FXGL.GameScene] [JavaFX Application Thread] Added MainViewComponent
29 Mar 2016, 13:00:58.704 [  FINER] [       FXGL.EventBus] [JavaFX Application Thread] Firing event: WorldEvent[type=ENTITY_ADDED]
29 Mar 2016, 13:00:58.704 [  FINER] [      FXGL.GameScene] [JavaFX Application Thread] Entity added to scene
29 Mar 2016, 13:00:58.704 [  FINER] [      FXGL.GameScene] [JavaFX Application Thread] Added MainViewComponent
29 Mar 2016, 13:00:58.705 [  FINER] [       FXGL.EventBus] [JavaFX Application Thread] Firing event: WorldEvent[type=ENTITY_ADDED]
29 Mar 2016, 13:00:58.705 [  FINER] [      FXGL.GameScene] [JavaFX Application Thread] Entity added to scene
29 Mar 2016, 13:00:58.705 [  FINER] [      FXGL.GameScene] [JavaFX Application Thread] Added MainViewComponent
29 Mar 2016, 13:00:58.705 [  FINER] [       FXGL.EventBus] [JavaFX Application Thread] Firing event: WorldEvent[type=ENTITY_ADDED]
29 Mar 2016, 13:00:58.706 [  FINER] [      FXGL.GameScene] [JavaFX Application Thread] Entity added to scene
29 Mar 2016, 13:00:58.706 [  FINER] [      FXGL.GameScene] [JavaFX Application Thread] Added MainViewComponent
29 Mar 2016, 13:00:58.706 [  FINER] [       FXGL.EventBus] [JavaFX Application Thread] Firing event: WorldEvent[type=ENTITY_ADDED]
29 Mar 2016, 13:00:58.706 [  FINER] [      FXGL.GameScene] [JavaFX Application Thread] Entity added to scene
29 Mar 2016, 13:00:58.707 [  FINER] [      FXGL.GameScene] [JavaFX Application Thread] Added MainViewComponent
29 Mar 2016, 13:00:58.707 [  FINER] [       FXGL.EventBus] [JavaFX Application Thread] Firing event: WorldEvent[type=ENTITY_ADDED]
29 Mar 2016, 13:00:58.707 [  FINER] [      FXGL.GameScene] [JavaFX Application Thread] Entity added to scene
29 Mar 2016, 13:00:58.708 [  FINER] [      FXGL.GameScene] [JavaFX Application Thread] Added MainViewComponent
29 Mar 2016, 13:00:58.708 [  FINER] [       FXGL.EventBus] [JavaFX Application Thread] Firing event: WorldEvent[type=ENTITY_ADDED]
29 Mar 2016, 13:00:58.708 [  FINER] [      FXGL.GameScene] [JavaFX Application Thread] Entity added to scene
29 Mar 2016, 13:00:58.708 [  FINER] [      FXGL.GameScene] [JavaFX Application Thread] Added MainViewComponent
29 Mar 2016, 13:00:58.709 [  FINER] [       FXGL.EventBus] [JavaFX Application Thread] Firing event: WorldEvent[type=ENTITY_ADDED]
29 Mar 2016, 13:00:58.709 [  FINER] [      FXGL.GameScene] [JavaFX Application Thread] Entity added to scene
29 Mar 2016, 13:00:58.710 [  FINER] [      FXGL.GameScene] [JavaFX Application Thread] Added MainViewComponent
29 Mar 2016, 13:00:58.710 [  FINER] [       FXGL.EventBus] [JavaFX Application Thread] Firing event: WorldEvent[type=ENTITY_ADDED]
29 Mar 2016, 13:00:58.711 [  FINER] [      FXGL.GameScene] [JavaFX Application Thread] Entity added to scene
29 Mar 2016, 13:00:58.711 [  FINER] [      FXGL.GameScene] [JavaFX Application Thread] Added MainViewComponent
29 Mar 2016, 13:00:58.712 [  FINER] [       FXGL.EventBus] [JavaFX Application Thread] Firing event: WorldEvent[type=ENTITY_ADDED]
29 Mar 2016, 13:00:58.712 [  FINER] [      FXGL.GameScene] [JavaFX Application Thread] Entity added to scene
29 Mar 2016, 13:00:58.712 [  FINER] [      FXGL.GameScene] [JavaFX Application Thread] Added MainViewComponent
29 Mar 2016, 13:00:58.713 [  FINER] [       FXGL.EventBus] [JavaFX Application Thread] Firing event: WorldEvent[type=ENTITY_ADDED]
29 Mar 2016, 13:00:58.713 [  FINER] [      FXGL.GameScene] [JavaFX Application Thread] Entity added to scene
29 Mar 2016, 13:00:58.713 [  FINER] [      FXGL.GameScene] [JavaFX Application Thread] Added MainViewComponent
29 Mar 2016, 13:00:58.714 [  FINER] [       FXGL.EventBus] [JavaFX Application Thread] Firing event: WorldEvent[type=ENTITY_ADDED]
29 Mar 2016, 13:00:58.714 [  FINER] [      FXGL.GameScene] [JavaFX Application Thread] Entity added to scene
29 Mar 2016, 13:00:58.714 [  FINER] [      FXGL.GameScene] [JavaFX Application Thread] Added MainViewComponent
29 Mar 2016, 13:00:58.714 [  FINER] [       FXGL.EventBus] [JavaFX Application Thread] Firing event: WorldEvent[type=ENTITY_ADDED]
29 Mar 2016, 13:00:58.715 [  FINER] [      FXGL.GameScene] [JavaFX Application Thread] Entity added to scene
29 Mar 2016, 13:00:58.715 [  FINER] [      FXGL.GameScene] [JavaFX Application Thread] Added MainViewComponent
29 Mar 2016, 13:00:58.715 [  FINER] [       FXGL.EventBus] [JavaFX Application Thread] Firing event: WorldEvent[type=ENTITY_ADDED]
29 Mar 2016, 13:00:58.715 [  FINER] [      FXGL.GameScene] [JavaFX Application Thread] Entity added to scene
29 Mar 2016, 13:00:58.715 [  FINER] [      FXGL.GameScene] [JavaFX Application Thread] Added MainViewComponent
29 Mar 2016, 13:00:58.716 [  FINER] [       FXGL.EventBus] [JavaFX Application Thread] Firing event: WorldEvent[type=ENTITY_ADDED]
29 Mar 2016, 13:00:58.716 [  FINER] [      FXGL.GameScene] [JavaFX Application Thread] Entity added to scene
29 Mar 2016, 13:00:58.716 [  FINER] [      FXGL.GameScene] [JavaFX Application Thread] Added MainViewComponent
29 Mar 2016, 13:00:58.717 [  FINER] [       FXGL.EventBus] [JavaFX Application Thread] Firing event: WorldEvent[type=ENTITY_ADDED]
29 Mar 2016, 13:00:58.717 [  FINER] [      FXGL.GameScene] [JavaFX Application Thread] Entity added to scene
29 Mar 2016, 13:00:58.717 [  FINER] [      FXGL.GameScene] [JavaFX Application Thread] Added MainViewComponent
29 Mar 2016, 13:00:58.718 [  FINER] [       FXGL.EventBus] [JavaFX Application Thread] Firing event: WorldEvent[type=ENTITY_ADDED]
29 Mar 2016, 13:00:58.718 [  FINER] [      FXGL.GameScene] [JavaFX Application Thread] Entity added to scene
29 Mar 2016, 13:00:58.718 [  FINER] [      FXGL.GameScene] [JavaFX Application Thread] Added MainViewComponent
29 Mar 2016, 13:00:58.719 [  FINER] [       FXGL.EventBus] [JavaFX Application Thread] Firing event: WorldEvent[type=ENTITY_ADDED]
29 Mar 2016, 13:00:58.719 [  FINER] [      FXGL.GameScene] [JavaFX Application Thread] Entity added to scene
29 Mar 2016, 13:00:58.719 [  FINER] [      FXGL.GameScene] [JavaFX Application Thread] Added MainViewComponent
29 Mar 2016, 13:00:58.720 [  FINER] [       FXGL.EventBus] [JavaFX Application Thread] Firing event: WorldEvent[type=ENTITY_ADDED]
29 Mar 2016, 13:00:58.720 [  FINER] [      FXGL.GameScene] [JavaFX Application Thread] Entity added to scene
29 Mar 2016, 13:00:58.720 [  FINER] [      FXGL.GameScene] [JavaFX Application Thread] Added MainViewComponent
29 Mar 2016, 13:00:58.721 [  FINER] [       FXGL.EventBus] [JavaFX Application Thread] Firing event: WorldEvent[type=ENTITY_ADDED]
29 Mar 2016, 13:00:58.721 [  FINER] [      FXGL.GameScene] [JavaFX Application Thread] Entity added to scene
29 Mar 2016, 13:00:58.721 [  FINER] [      FXGL.GameScene] [JavaFX Application Thread] Added MainViewComponent
29 Mar 2016, 13:00:58.722 [  FINER] [       FXGL.EventBus] [JavaFX Application Thread] Firing event: WorldEvent[type=ENTITY_ADDED]
29 Mar 2016, 13:00:58.722 [  FINER] [      FXGL.GameScene] [JavaFX Application Thread] Entity added to scene
29 Mar 2016, 13:00:58.722 [  FINER] [      FXGL.GameScene] [JavaFX Application Thread] Added MainViewComponent
29 Mar 2016, 13:00:58.723 [  FINER] [       FXGL.EventBus] [JavaFX Application Thread] Firing event: WorldEvent[type=ENTITY_ADDED]
29 Mar 2016, 13:00:58.723 [  FINER] [      FXGL.GameScene] [JavaFX Application Thread] Entity added to scene
29 Mar 2016, 13:00:58.724 [  FINER] [      FXGL.GameScene] [JavaFX Application Thread] Added MainViewComponent
29 Mar 2016, 13:00:58.724 [  FINER] [       FXGL.EventBus] [JavaFX Application Thread] Firing event: WorldEvent[type=ENTITY_ADDED]
29 Mar 2016, 13:00:58.725 [  FINER] [      FXGL.GameScene] [JavaFX Application Thread] Entity added to scene
29 Mar 2016, 13:00:58.725 [  FINER] [      FXGL.GameScene] [JavaFX Application Thread] Added MainViewComponent
29 Mar 2016, 13:00:58.725 [  FINER] [       FXGL.EventBus] [JavaFX Application Thread] Firing event: WorldEvent[type=ENTITY_ADDED]
29 Mar 2016, 13:00:58.726 [  FINER] [      FXGL.GameScene] [JavaFX Application Thread] Entity added to scene
29 Mar 2016, 13:00:58.726 [  FINER] [      FXGL.GameScene] [JavaFX Application Thread] Added MainViewComponent
29 Mar 2016, 13:00:58.726 [  FINER] [       FXGL.EventBus] [JavaFX Application Thread] Firing event: WorldEvent[type=ENTITY_ADDED]
29 Mar 2016, 13:00:58.727 [  FINER] [      FXGL.GameScene] [JavaFX Application Thread] Entity added to scene
29 Mar 2016, 13:00:58.727 [  FINER] [      FXGL.GameScene] [JavaFX Application Thread] Added MainViewComponent
29 Mar 2016, 13:00:58.728 [  FINER] [       FXGL.EventBus] [JavaFX Application Thread] Firing event: WorldEvent[type=ENTITY_ADDED]
29 Mar 2016, 13:00:58.728 [  FINER] [      FXGL.GameScene] [JavaFX Application Thread] Entity added to scene
29 Mar 2016, 13:00:58.728 [  FINER] [      FXGL.GameScene] [JavaFX Application Thread] Added MainViewComponent
29 Mar 2016, 13:00:58.728 [  FINER] [       FXGL.EventBus] [JavaFX Application Thread] Firing event: WorldEvent[type=ENTITY_ADDED]
29 Mar 2016, 13:00:58.728 [  FINER] [      FXGL.GameScene] [JavaFX Application Thread] Entity added to scene
29 Mar 2016, 13:00:58.729 [  FINER] [      FXGL.GameScene] [JavaFX Application Thread] Added MainViewComponent
29 Mar 2016, 13:00:58.729 [  FINER] [       FXGL.EventBus] [JavaFX Application Thread] Firing event: WorldEvent[type=ENTITY_ADDED]
29 Mar 2016, 13:00:58.730 [  FINER] [      FXGL.GameScene] [JavaFX Application Thread] Entity added to scene
29 Mar 2016, 13:00:58.730 [  FINER] [      FXGL.GameScene] [JavaFX Application Thread] Added MainViewComponent
29 Mar 2016, 13:00:58.730 [  FINER] [       FXGL.EventBus] [JavaFX Application Thread] Firing event: WorldEvent[type=ENTITY_ADDED]
29 Mar 2016, 13:00:58.730 [  FINER] [      FXGL.GameScene] [JavaFX Application Thread] Entity added to scene
29 Mar 2016, 13:00:58.730 [  FINER] [      FXGL.GameScene] [JavaFX Application Thread] Added MainViewComponent
29 Mar 2016, 13:00:58.731 [  FINER] [       FXGL.EventBus] [JavaFX Application Thread] Firing event: WorldEvent[type=ENTITY_ADDED]
29 Mar 2016, 13:00:58.731 [  FINER] [      FXGL.GameScene] [JavaFX Application Thread] Entity added to scene
29 Mar 2016, 13:00:58.731 [  FINER] [      FXGL.GameScene] [JavaFX Application Thread] Added MainViewComponent
29 Mar 2016, 13:00:58.732 [  FINER] [       FXGL.EventBus] [JavaFX Application Thread] Firing event: WorldEvent[type=ENTITY_ADDED]
29 Mar 2016, 13:00:58.732 [  FINER] [      FXGL.GameScene] [JavaFX Application Thread] Entity added to scene
29 Mar 2016, 13:00:58.732 [  FINER] [      FXGL.GameScene] [JavaFX Application Thread] Added MainViewComponent
29 Mar 2016, 13:01:03.358 [  FINER] [       FXGL.EventBus] [JavaFX Application Thread] Firing event: DisplayEvent[type=DIALOG_OPENED]
29 Mar 2016, 13:01:03.359 [  FINER] [    FXGL.Application] [JavaFX Application Thread] Pausing main loop
29 Mar 2016, 13:01:03.359 [  FINER] [       FXGL.EventBus] [JavaFX Application Thread] Firing event: FXGLEvent[type=PAUSE]
29 Mar 2016, 13:01:03.359 [  FINER] [          FXGL.Input] [JavaFX Application Thread] Clearing active input actions
29 Mar 2016, 13:01:03.360 [  FINER] [    FXGL.MasterTimer] [JavaFX Application Thread] Stopping master timer
29 Mar 2016, 13:01:03.360 [  FINER] [    FXGL.Application] [JavaFX Application Thread] State: PLAYING -> PAUSED
29 Mar 2016, 13:01:03.360 [  FINER] [          FXGL.Input] [JavaFX Application Thread] Clearing active input actions
29 Mar 2016, 13:01:05.081 [  FINER] [       FXGL.EventBus] [JavaFX Application Thread] Firing event: DisplayEvent[type=DIALOG_CLOSED]
29 Mar 2016, 13:01:05.082 [  FINER] [    FXGL.Application] [JavaFX Application Thread] Resuming main loop
29 Mar 2016, 13:01:05.082 [  FINER] [       FXGL.EventBus] [JavaFX Application Thread] Firing event: FXGLEvent[type=RESUME]
29 Mar 2016, 13:01:05.082 [  FINER] [          FXGL.Input] [JavaFX Application Thread] Clearing active input actions
29 Mar 2016, 13:01:05.082 [  FINER] [    FXGL.MasterTimer] [JavaFX Application Thread] Starting master timer
29 Mar 2016, 13:01:05.082 [  FINER] [    FXGL.Application] [JavaFX Application Thread] State: PAUSED -> PLAYING
29 Mar 2016, 13:01:05.083 [  FINER] [       FXGL.EventBus] [JavaFX Application Thread] Firing event: DisplayEvent[type=CLOSE_REQUEST]
29 Mar 2016, 13:01:05.083 [  FINER] [    FXGL.Application] [JavaFX Application Thread] Exiting Normally
29 Mar 2016, 13:01:05.083 [  FINER] [       FXGL.EventBus] [JavaFX Application Thread] Firing event: FXGLEvent[type=EXIT]
29 Mar 2016, 13:01:05.083 [  FINER] [         FXGL.Logger] [JavaFX Application Thread] Logger is closing
