24 Mar 2016, 16:23:15.200 [   INFO] [         FXGL.Logger] [JavaFX Application Thread] Logger initialized with level: CONFIG
24 Mar 2016, 16:23:15.205 [  FINER] [         FXGL.Logger] [JavaFX Application Thread] CPU cores: 4
24 Mar 2016, 16:23:15.207 [  FINER] [         FXGL.Logger] [JavaFX Application Thread] Free Memory: 109MB
24 Mar 2016, 16:23:15.207 [  FINER] [         FXGL.Logger] [JavaFX Application Thread] Max Memory: 1776MB
24 Mar 2016, 16:23:15.208 [  FINER] [         FXGL.Logger] [JavaFX Application Thread] Total Memory: 121MB
24 Mar 2016, 16:23:15.208 [  FINER] [         FXGL.Logger] [JavaFX Application Thread] System Properties:
24 Mar 2016, 16:23:15.209 [  FINER] [         FXGL.Logger] [JavaFX Application Thread] sun.cpu.isalist=amd64
24 Mar 2016, 16:23:15.209 [  FINER] [         FXGL.Logger] [JavaFX Application Thread] sun.desktop=windows
24 Mar 2016, 16:23:15.209 [  FINER] [         FXGL.Logger] [JavaFX Application Thread] sun.io.unicode.encoding=UnicodeLittle
24 Mar 2016, 16:23:15.209 [  FINER] [         FXGL.Logger] [JavaFX Application Thread] sun.cpu.endian=little
24 Mar 2016, 16:23:15.210 [  FINER] [         FXGL.Logger] [JavaFX Application Thread] java.vendor.url.bug=http://bugreport.sun.com/bugreport/
24 Mar 2016, 16:23:15.210 [  FINER] [         FXGL.Logger] [JavaFX Application Thread] file.separator=\
24 Mar 2016, 16:23:15.210 [  FINER] [         FXGL.Logger] [JavaFX Application Thread] java.vendor=Oracle Corporation
24 Mar 2016, 16:23:15.210 [  FINER] [         FXGL.Logger] [JavaFX Application Thread] sun.boot.class.path=C:\Program Files\Java\jre1.8.0_73\lib\resources.jar;C:\Program Files\Java\jre1.8.0_73\lib\rt.jar;C:\Program Files\Java\jre1.8.0_73\lib\sunrsasign.jar;C:\Program Files\Java\jre1.8.0_73\lib\jsse.jar;C:\Program Files\Java\jre1.8.0_73\lib\jce.jar;C:\Program Files\Java\jre1.8.0_73\lib\charsets.jar;C:\Program Files\Java\jre1.8.0_73\lib\jfr.jar;C:\Program Files\Java\jre1.8.0_73\classes
24 Mar 2016, 16:23:15.211 [  FINER] [         FXGL.Logger] [JavaFX Application Thread] java.ext.dirs=C:\Program Files\Java\jre1.8.0_73\lib\ext;C:\Windows\Sun\Java\lib\ext
24 Mar 2016, 16:23:15.211 [  FINER] [         FXGL.Logger] [JavaFX Application Thread] java.version=1.8.0_73
24 Mar 2016, 16:23:15.211 [  FINER] [         FXGL.Logger] [JavaFX Application Thread] java.vm.info=mixed mode
24 Mar 2016, 16:23:15.211 [  FINER] [         FXGL.Logger] [JavaFX Application Thread] awt.toolkit=sun.awt.windows.WToolkit
24 Mar 2016, 16:23:15.212 [  FINER] [         FXGL.Logger] [JavaFX Application Thread] user.language=en
24 Mar 2016, 16:23:15.212 [  FINER] [         FXGL.Logger] [JavaFX Application Thread] java.specification.vendor=Oracle Corporation
24 Mar 2016, 16:23:15.212 [  FINER] [         FXGL.Logger] [JavaFX Application Thread] sun.java.command=SpaceInvaders.SpaceInvadersApp
24 Mar 2016, 16:23:15.212 [  FINER] [         FXGL.Logger] [JavaFX Application Thread] java.home=C:\Program Files\Java\jre1.8.0_73
24 Mar 2016, 16:23:15.213 [  FINER] [         FXGL.Logger] [JavaFX Application Thread] sun.arch.data.model=64
24 Mar 2016, 16:23:15.213 [  FINER] [         FXGL.Logger] [JavaFX Application Thread] java.vm.specification.version=1.8
24 Mar 2016, 16:23:15.213 [  FINER] [         FXGL.Logger] [JavaFX Application Thread] java.class.path=C:\Users\User\Documents\School\spring 2016\github\SpaceInvaders\target\classes;C:\eclipse\plugins\org.junit_4.12.0.v201504281640\junit.jar;C:\eclipse\plugins\org.hamcrest.core_1.3.0.v201303031735.jar;C:\Users\User\.m2\repository\com\github\AlmasB\FXGL\0.2.1-0.2.0-gba5970d-32\FXGL-0.2.1-0.2.0-gba5970d-32.jar;C:\Users\User\.m2\repository\com\google\inject\guice\4.0\guice-4.0.jar;C:\Users\User\.m2\repository\javax\inject\javax.inject\1\javax.inject-1.jar;C:\Users\User\.m2\repository\aopalliance\aopalliance\1.0\aopalliance-1.0.jar;C:\Users\User\.m2\repository\com\google\guava\guava\16.0.1\guava-16.0.1.jar;C:\Users\User\.m2\repository\org\jfxtras\jfxtras-window\8.0-r4\jfxtras-window-8.0-r4.jar;C:\Users\User\.m2\repository\org\jfxtras\jfxtras-common\8.0-r4\jfxtras-common-8.0-r4.jar;C:\Users\User\.m2\repository\com\github\AlmasB\FXEventBus\1.0\FXEventBus-1.0.jar;C:\Users\User\.m2\repository\com\github\AlmasB\Ents\1.0\Ents-1.0.jar;C:\Users\User\.m2\repository\org\apache\logging\log4j\log4j-api\2.5\log4j-api-2.5.jar;C:\Users\User\.m2\repository\org\apache\logging\log4j\log4j-core\2.5\log4j-core-2.5.jar;C:\Users\User\.m2\repository\com\github\AlmasB\AStar\1.0\AStar-1.0.jar
24 Mar 2016, 16:23:15.213 [  FINER] [         FXGL.Logger] [JavaFX Application Thread] user.name=User
24 Mar 2016, 16:23:15.214 [  FINER] [         FXGL.Logger] [JavaFX Application Thread] file.encoding=UTF-8
24 Mar 2016, 16:23:15.214 [  FINER] [         FXGL.Logger] [JavaFX Application Thread] java.specification.version=1.8
24 Mar 2016, 16:23:15.214 [  FINER] [         FXGL.Logger] [JavaFX Application Thread] java.awt.printerjob=sun.awt.windows.WPrinterJob
24 Mar 2016, 16:23:15.214 [  FINER] [         FXGL.Logger] [JavaFX Application Thread] user.timezone=America/New_York
24 Mar 2016, 16:23:15.214 [  FINER] [         FXGL.Logger] [JavaFX Application Thread] user.home=C:\Users\User
24 Mar 2016, 16:23:15.215 [  FINER] [         FXGL.Logger] [JavaFX Application Thread] os.version=6.1
24 Mar 2016, 16:23:15.215 [  FINER] [         FXGL.Logger] [JavaFX Application Thread] sun.management.compiler=HotSpot 64-Bit Tiered Compilers
24 Mar 2016, 16:23:15.215 [  FINER] [         FXGL.Logger] [JavaFX Application Thread] java.specification.name=Java Platform API Specification
24 Mar 2016, 16:23:15.215 [  FINER] [         FXGL.Logger] [JavaFX Application Thread] java.class.version=52.0
24 Mar 2016, 16:23:15.215 [  FINER] [         FXGL.Logger] [JavaFX Application Thread] java.library.path=C:\Program Files\Java\jre1.8.0_73\bin;C:\Windows\Sun\Java\bin;C:\Windows\system32;C:\Windows;C:/Program Files/Java/jre1.8.0_73/bin/server;C:/Program Files/Java/jre1.8.0_73/bin;C:/Program Files/Java/jre1.8.0_73/lib/amd64;C:\ProgramData\Oracle\Java\javapath;C:\Windows\system32;C:\Windows;C:\Windows\System32\Wbem;C:\Windows\System32\WindowsPowerShell\v1.0\;C:\Program Files\nodejs\;C:\Program Files\Microsoft SQL Server\110\Tools\Binn\;C:\Program Files (x86)\Skype\Phone\;C:\Users\User\AppData\Roaming\npm;C:\Program Files\eclipse\java-mars8\eclipse;;.
24 Mar 2016, 16:23:15.216 [  FINER] [         FXGL.Logger] [JavaFX Application Thread] sun.jnu.encoding=Cp1252
24 Mar 2016, 16:23:15.216 [  FINER] [         FXGL.Logger] [JavaFX Application Thread] os.name=Windows 7
24 Mar 2016, 16:23:15.216 [  FINER] [         FXGL.Logger] [JavaFX Application Thread] user.variant=
24 Mar 2016, 16:23:15.216 [  FINER] [         FXGL.Logger] [JavaFX Application Thread] java.vm.specification.vendor=Oracle Corporation
24 Mar 2016, 16:23:15.217 [  FINER] [         FXGL.Logger] [JavaFX Application Thread] java.io.tmpdir=C:\Users\User\AppData\Local\Temp\
24 Mar 2016, 16:23:15.217 [  FINER] [         FXGL.Logger] [JavaFX Application Thread] line.separator=

24 Mar 2016, 16:23:15.217 [  FINER] [         FXGL.Logger] [JavaFX Application Thread] java.endorsed.dirs=C:\Program Files\Java\jre1.8.0_73\lib\endorsed
24 Mar 2016, 16:23:15.217 [  FINER] [         FXGL.Logger] [JavaFX Application Thread] os.arch=amd64
24 Mar 2016, 16:23:15.217 [  FINER] [         FXGL.Logger] [JavaFX Application Thread] javafx.runtime.version=8.0.71-b15
24 Mar 2016, 16:23:15.218 [  FINER] [         FXGL.Logger] [JavaFX Application Thread] java.awt.graphicsenv=sun.awt.Win32GraphicsEnvironment
24 Mar 2016, 16:23:15.218 [  FINER] [         FXGL.Logger] [JavaFX Application Thread] java.runtime.version=1.8.0_73-b02
24 Mar 2016, 16:23:15.218 [  FINER] [         FXGL.Logger] [JavaFX Application Thread] java.vm.specification.name=Java Virtual Machine Specification
24 Mar 2016, 16:23:15.218 [  FINER] [         FXGL.Logger] [JavaFX Application Thread] user.dir=C:\Users\User\Documents\School\spring 2016\github\SpaceInvaders
24 Mar 2016, 16:23:15.218 [  FINER] [         FXGL.Logger] [JavaFX Application Thread] user.country=US
24 Mar 2016, 16:23:15.219 [  FINER] [         FXGL.Logger] [JavaFX Application Thread] user.script=
24 Mar 2016, 16:23:15.219 [  FINER] [         FXGL.Logger] [JavaFX Application Thread] sun.java.launcher=SUN_STANDARD
24 Mar 2016, 16:23:15.219 [  FINER] [         FXGL.Logger] [JavaFX Application Thread] sun.os.patch.level=Service Pack 1
24 Mar 2016, 16:23:15.219 [  FINER] [         FXGL.Logger] [JavaFX Application Thread] java.vm.name=Java HotSpot(TM) 64-Bit Server VM
24 Mar 2016, 16:23:15.220 [  FINER] [         FXGL.Logger] [JavaFX Application Thread] file.encoding.pkg=sun.io
24 Mar 2016, 16:23:15.220 [  FINER] [         FXGL.Logger] [JavaFX Application Thread] path.separator=;
24 Mar 2016, 16:23:15.220 [  FINER] [         FXGL.Logger] [JavaFX Application Thread] java.vm.vendor=Oracle Corporation
24 Mar 2016, 16:23:15.220 [  FINER] [         FXGL.Logger] [JavaFX Application Thread] java.vendor.url=http://java.oracle.com/
24 Mar 2016, 16:23:15.220 [  FINER] [         FXGL.Logger] [JavaFX Application Thread] sun.boot.library.path=C:\Program Files\Java\jre1.8.0_73\bin
24 Mar 2016, 16:23:15.221 [  FINER] [         FXGL.Logger] [JavaFX Application Thread] java.vm.version=25.73-b02
24 Mar 2016, 16:23:15.221 [  FINER] [         FXGL.Logger] [JavaFX Application Thread] java.runtime.name=Java(TM) SE Runtime Environment
24 Mar 2016, 16:23:15.221 [  FINER] [         FXGL.Logger] [JavaFX Application Thread] javafx.version=8.0.71
24 Mar 2016, 16:23:15.225 [   INFO] [        FXGL.Version] [JavaFX Application Thread] FXGL-0.2.1-SNAPSHOT
24 Mar 2016, 16:23:15.225 [   INFO] [        FXGL.Version] [JavaFX Application Thread] Source code and latest builds at: https://github.com/AlmasB/FXGL
24 Mar 2016, 16:23:15.232 [  FINER] [    FXGL.Application] [JavaFX Application Thread] Game_clinit()
24 Mar 2016, 16:23:15.239 [  FINER] [    FXGL.Application] [JavaFX-Launcher] FXGL_init()
24 Mar 2016, 16:23:15.260 [  FINER] [    FXGL.Application] [JavaFX Application Thread] FXGL_start()
24 Mar 2016, 16:23:15.261 [  FINER] [    FXGL.Application] [JavaFX Application Thread] Initializing system properties
24 Mar 2016, 16:23:15.264 [  FINER] [    FXGL.Application] [JavaFX Application Thread] sound.notification = system/notification.wav
24 Mar 2016, 16:23:15.264 [  FINER] [    FXGL.Application] [JavaFX Application Thread] asset.cache.size = 35
24 Mar 2016, 16:23:15.264 [  FINER] [    FXGL.Application] [JavaFX Application Thread] ui.font = Copperplate_Gothic_Light_Regular.ttf
24 Mar 2016, 16:23:15.265 [  FINER] [    FXGL.Application] [JavaFX Application Thread] sound.menu.back = menu/back.wav
24 Mar 2016, 16:23:15.265 [  FINER] [    FXGL.Application] [JavaFX Application Thread] sound.menu.select = menu/select.wav
24 Mar 2016, 16:23:15.265 [  FINER] [    FXGL.Application] [JavaFX Application Thread] physics.ppm = 50
24 Mar 2016, 16:23:15.265 [  FINER] [    FXGL.Application] [JavaFX Application Thread] ui.css = fxgl.css
24 Mar 2016, 16:23:15.265 [  FINER] [    FXGL.Application] [JavaFX Application Thread] ui.icon.name = fxgl_icon.png
24 Mar 2016, 16:23:15.265 [  FINER] [    FXGL.Application] [JavaFX Application Thread] sound.menu.press = menu/press.wav
24 Mar 2016, 16:23:15.266 [  FINER] [    FXGL.Application] [JavaFX Application Thread] Initializing user properties
24 Mar 2016, 16:23:15.266 [   INFO] [    FXGL.Application] [JavaFX Application Thread] User properties not found. Using system
24 Mar 2016, 16:23:15.276 [   INFO] [         FXGL.Logger] [JavaFX Application Thread] Logger level set to: CONFIG
24 Mar 2016, 16:23:15.277 [   INFO] [    FXGL.Application] [JavaFX Application Thread] Application Mode: DEVELOPER
24 Mar 2016, 16:23:15.926 [  FINER] [    FXGL.Application] [JavaFX Application Thread] Services configuration complete
24 Mar 2016, 16:23:15.942 [  FINER] [       FXGL.EventBus] [JavaFX Application Thread] Service [EventBus] initialized
24 Mar 2016, 16:23:15.946 [  FINER] [    FXGL.AssetLoader] [JavaFX Application Thread] Service [AssetLoader] initialized
24 Mar 2016, 16:23:15.950 [  FINER] [    FXGL.AssetLoader] [JavaFX Application Thread] Loading from disk: /assets/sounds/system/notification.wav
24 Mar 2016, 16:23:15.981 [  FINER] [    FXGL.AssetLoader] [JavaFX Application Thread] Loading from disk: /assets/sounds/menu/select.wav
24 Mar 2016, 16:23:15.983 [  FINER] [    FXGL.AssetLoader] [JavaFX Application Thread] Loading from disk: /assets/sounds/menu/back.wav
24 Mar 2016, 16:23:15.985 [  FINER] [    FXGL.AssetLoader] [JavaFX Application Thread] Loading from disk: /assets/sounds/menu/press.wav
24 Mar 2016, 16:23:15.989 [  FINER] [    FXGL.AssetLoader] [JavaFX Application Thread] Loading from disk: /assets/ui/fonts/Copperplate_Gothic_Light_Regular.ttf
24 Mar 2016, 16:23:16.142 [  FINER] [    FXGL.AssetLoader] [JavaFX Application Thread] Loading from disk: /assets/ui/css/fxgl.css
24 Mar 2016, 16:23:16.143 [  FINER] [    FXGL.AssetLoader] [JavaFX Application Thread] Loading from disk: /assets/ui/icons/fxgl_icon.png
24 Mar 2016, 16:23:16.191 [  FINER] [    FXGL.AssetLoader] [JavaFX Application Thread] Loading from disk: /assets/ui/css/fxgl_dark.css
24 Mar 2016, 16:23:16.276 [  FINER] [        FXGL.Display] [JavaFX Application Thread] Target size: 480.0x600.0@1.0
24 Mar 2016, 16:23:16.276 [  FINER] [        FXGL.Display] [JavaFX Application Thread] New size:    480.0x600.0@1.0
24 Mar 2016, 16:23:16.277 [  FINER] [        FXGL.Display] [JavaFX Application Thread] Service [Display] initialized
24 Mar 2016, 16:23:16.278 [  FINER] [        FXGL.Display] [JavaFX Application Thread] Using CSS: CSS[jar:file:/C:/Users/User/.m2/repository/com/github/AlmasB/FXGL/0.2.1-0.2.0-gba5970d-32/FXGL-0.2.1-0.2.0-gba5970d-32.jar!/assets/ui/css/fxgl_dark.css]
24 Mar 2016, 16:23:16.282 [  FINER] [          FXGL.Input] [JavaFX Application Thread] Service [Input] initialized
24 Mar 2016, 16:23:16.286 [  FINER] [    FXGL.AudioPlayer] [JavaFX Application Thread] Service [AudioPlayer] initialized
24 Mar 2016, 16:23:16.294 [  FINER] [    FXGL.MasterTimer] [JavaFX Application Thread] Service [MasterTimer] initialized
24 Mar 2016, 16:23:16.311 [  FINER] [      FXGL.GameScene] [JavaFX Application Thread] Game scene initialized
24 Mar 2016, 16:23:16.312 [  FINER] [FXGL.NotificationSer] [JavaFX Application Thread] Service [NotificationService] initialized
24 Mar 2016, 16:23:16.600 [  FINER] [      FXGL.GameWorld] [JavaFX Application Thread] Game world initialized
24 Mar 2016, 16:23:16.651 [  FINER] [   FXGL.PhysicsWorld] [JavaFX Application Thread] Physics world initialized
24 Mar 2016, 16:23:16.777 [  FINER] [    FXGL.Application] [JavaFX Application Thread] Game_start()
24 Mar 2016, 16:23:16.786 [  FINER] [          FXGL.Input] [JavaFX Application Thread] Registered new binding: Move Left A
24 Mar 2016, 16:23:16.787 [  FINER] [          FXGL.Input] [JavaFX Application Thread] Registered new binding: Shoot Space
24 Mar 2016, 16:23:16.788 [  FINER] [          FXGL.Input] [JavaFX Application Thread] Registered new binding: Move Right D
24 Mar 2016, 16:23:16.791 [  FINER] [    FXGL.Application] [JavaFX Application Thread] Saving data to profile
24 Mar 2016, 16:23:16.792 [  FINER] [    FXGL.UserProfile] [JavaFX Application Thread] Logging bundle: game
24 Mar 2016, 16:23:16.793 [  FINER] [    FXGL.UserProfile] [JavaFX Application Thread] game.playtime=1554087373
24 Mar 2016, 16:23:16.793 [  FINER] [       FXGL.EventBus] [JavaFX Application Thread] Firing event: SaveEvent
24 Mar 2016, 16:23:16.796 [  FINER] [        FXGL.Display] [JavaFX Application Thread] Saving data to profile
24 Mar 2016, 16:23:16.797 [  FINER] [    FXGL.UserProfile] [JavaFX Application Thread] Logging bundle: scene
24 Mar 2016, 16:23:16.797 [  FINER] [    FXGL.UserProfile] [JavaFX Application Thread] scene.sizeW=480.0
24 Mar 2016, 16:23:16.797 [  FINER] [    FXGL.UserProfile] [JavaFX Application Thread] scene.sizeH=600.0
24 Mar 2016, 16:23:16.797 [  FINER] [          FXGL.Input] [JavaFX Application Thread] Saving data to profile
24 Mar 2016, 16:23:16.798 [  FINER] [    FXGL.UserProfile] [JavaFX Application Thread] Logging bundle: input
24 Mar 2016, 16:23:16.798 [  FINER] [    FXGL.UserProfile] [JavaFX Application Thread] input.Shoot=Space
24 Mar 2016, 16:23:16.798 [  FINER] [    FXGL.UserProfile] [JavaFX Application Thread] input.Move Right=D
24 Mar 2016, 16:23:16.799 [  FINER] [    FXGL.UserProfile] [JavaFX Application Thread] input.Move Left=A
24 Mar 2016, 16:23:16.799 [  FINER] [    FXGL.AudioPlayer] [JavaFX Application Thread] Saving data to profile
24 Mar 2016, 16:23:16.799 [  FINER] [    FXGL.UserProfile] [JavaFX Application Thread] Logging bundle: audio
24 Mar 2016, 16:23:16.800 [  FINER] [    FXGL.UserProfile] [JavaFX Application Thread] audio.musicVolume=0.5
24 Mar 2016, 16:23:16.800 [  FINER] [    FXGL.UserProfile] [JavaFX Application Thread] audio.soundVolume=0.5
24 Mar 2016, 16:23:16.800 [  FINER] [FXGL.AchievementMana] [JavaFX Application Thread] Saving data to profile
24 Mar 2016, 16:23:16.802 [  FINER] [    FXGL.UserProfile] [JavaFX Application Thread] Logging bundle: achievement
24 Mar 2016, 16:23:16.803 [  FINER] [    FXGL.Application] [JavaFX Application Thread] Starting new game
24 Mar 2016, 16:23:16.805 [  FINER] [    FXGL.Application] [JavaFX Application Thread] Initializing App
24 Mar 2016, 16:23:16.806 [  FINER] [    FXGL.Application] [JavaFX Application Thread] Pausing main loop
24 Mar 2016, 16:23:16.806 [  FINER] [       FXGL.EventBus] [JavaFX Application Thread] Firing event: FXGLEvent[type=PAUSE]
24 Mar 2016, 16:23:16.806 [  FINER] [          FXGL.Input] [JavaFX Application Thread] Clearing active input actions
24 Mar 2016, 16:23:16.807 [  FINER] [    FXGL.MasterTimer] [JavaFX Application Thread] Stopping master timer
24 Mar 2016, 16:23:16.807 [  FINER] [    FXGL.Application] [JavaFX Application Thread] State: STARTUP -> PAUSED
24 Mar 2016, 16:23:16.808 [  FINER] [    FXGL.Application] [JavaFX Application Thread] Resetting FXGL application
24 Mar 2016, 16:23:16.808 [  FINER] [       FXGL.EventBus] [JavaFX Application Thread] Firing event: FXGLEvent[type=RESET]
24 Mar 2016, 16:23:16.808 [  FINER] [          FXGL.Input] [JavaFX Application Thread] Clearing active input actions
24 Mar 2016, 16:23:16.808 [  FINER] [    FXGL.MasterTimer] [JavaFX Application Thread] Resetting ticks to 0
24 Mar 2016, 16:23:16.808 [  FINER] [    FXGL.MasterTimer] [JavaFX Application Thread] Clearing all scheduled actions
24 Mar 2016, 16:23:16.809 [  FINER] [      FXGL.GameScene] [JavaFX Application Thread] Resetting game scene
24 Mar 2016, 16:23:16.809 [  FINER] [      FXGL.GameWorld] [JavaFX Application Thread] Resetting game world
24 Mar 2016, 16:23:16.811 [  FINER] [    FXGL.Application] [JavaFX Application Thread] State: PAUSED -> LOADING
24 Mar 2016, 16:23:16.848 [  FINER] [    FXGL.Application] [JavaFX Application Thread] Starting FXGL Init Thread
24 Mar 2016, 16:23:16.850 [  FINER] [    FXGL.Application] [FXGL Init Thread] Initializing Assets
24 Mar 2016, 16:23:16.862 [  FINER] [    FXGL.AssetLoader] [FXGL Init Thread] Loading from disk: /assets/textures/bullet_red.png
24 Mar 2016, 16:23:16.868 [  FINER] [    FXGL.AssetLoader] [FXGL Init Thread] Loading from disk: /assets/textures/enemy.png
24 Mar 2016, 16:23:16.873 [  FINER] [    FXGL.AssetLoader] [FXGL Init Thread] Loading from disk: /assets/textures/enemyReduced.png
24 Mar 2016, 16:23:16.874 [  FINER] [    FXGL.AssetLoader] [FXGL Init Thread] Loading from disk: /assets/textures/enemyReduced1.png
24 Mar 2016, 16:23:16.875 [  FINER] [    FXGL.AssetLoader] [FXGL Init Thread] Loading from disk: /assets/textures/enemyReduced2.png
24 Mar 2016, 16:23:16.876 [  FINER] [    FXGL.AssetLoader] [FXGL Init Thread] Loading from disk: /assets/textures/enemyReduced3.png
24 Mar 2016, 16:23:16.877 [  FINER] [    FXGL.AssetLoader] [FXGL Init Thread] Loading from disk: /assets/textures/life.png
24 Mar 2016, 16:23:16.878 [  FINER] [    FXGL.AssetLoader] [FXGL Init Thread] Loading from disk: /assets/textures/spaceship.png
24 Mar 2016, 16:23:16.881 [  FINER] [    FXGL.AssetLoader] [FXGL Init Thread] Loading from disk: /assets/textures/spaceshipReduced.png
24 Mar 2016, 16:23:16.882 [  FINER] [    FXGL.AssetLoader] [FXGL Init Thread] Loading from disk: /assets/textures/text.png
24 Mar 2016, 16:23:16.927 [  FINER] [    FXGL.AssetLoader] [FXGL Init Thread] Loading from disk: /assets/textures/wall.png
24 Mar 2016, 16:23:16.937 [  FINER] [    FXGL.AssetLoader] [FXGL Init Thread] Loading from disk: /assets/music/bgm.mp3
24 Mar 2016, 16:23:17.129 [  FINER] [    FXGL.AssetLoader] [FXGL Init Thread] Loading from cache: /assets/ui/fonts/Copperplate_Gothic_Light_Regular.ttf
24 Mar 2016, 16:23:17.142 [  FINER] [    FXGL.Application] [JavaFX Application Thread] Showing stage
24 Mar 2016, 16:23:17.142 [  FINER] [    FXGL.Application] [JavaFX Application Thread] Root size: 480.0x600.0
24 Mar 2016, 16:23:17.143 [  FINER] [    FXGL.Application] [JavaFX Application Thread] Scene size: 480.0x600.0
24 Mar 2016, 16:23:17.143 [  FINER] [    FXGL.Application] [JavaFX Application Thread] Stage size: 486.0x628.0
24 Mar 2016, 16:23:17.182 [  FINER] [    FXGL.Application] [FXGL Init Thread] Initializing Game
24 Mar 2016, 16:23:17.209 [  FINER] [    FXGL.AssetLoader] [FXGL Init Thread] Loading from cache: /assets/textures/enemyReduced3.png
24 Mar 2016, 16:23:17.219 [  FINER] [    FXGL.AssetLoader] [FXGL Init Thread] Loading from cache: /assets/textures/enemyReduced3.png
24 Mar 2016, 16:23:17.222 [  FINER] [    FXGL.AssetLoader] [FXGL Init Thread] Loading from cache: /assets/textures/enemyReduced2.png
24 Mar 2016, 16:23:17.228 [  FINER] [    FXGL.AssetLoader] [FXGL Init Thread] Loading from cache: /assets/textures/enemyReduced1.png
24 Mar 2016, 16:23:17.231 [  FINER] [    FXGL.AssetLoader] [FXGL Init Thread] Loading from cache: /assets/textures/enemyReduced1.png
24 Mar 2016, 16:23:17.232 [  FINER] [    FXGL.AssetLoader] [FXGL Init Thread] Loading from cache: /assets/textures/enemyReduced1.png
24 Mar 2016, 16:23:17.235 [  FINER] [    FXGL.AssetLoader] [FXGL Init Thread] Loading from cache: /assets/textures/enemyReduced1.png
24 Mar 2016, 16:23:17.236 [  FINER] [    FXGL.AssetLoader] [FXGL Init Thread] Loading from cache: /assets/textures/enemyReduced2.png
24 Mar 2016, 16:23:17.239 [  FINER] [    FXGL.AssetLoader] [FXGL Init Thread] Loading from cache: /assets/textures/enemyReduced2.png
24 Mar 2016, 16:23:17.241 [  FINER] [    FXGL.AssetLoader] [FXGL Init Thread] Loading from cache: /assets/textures/enemyReduced3.png
24 Mar 2016, 16:23:17.242 [  FINER] [    FXGL.AssetLoader] [FXGL Init Thread] Loading from cache: /assets/textures/enemyReduced3.png
24 Mar 2016, 16:23:17.244 [  FINER] [    FXGL.AssetLoader] [FXGL Init Thread] Loading from cache: /assets/textures/enemyReduced2.png
24 Mar 2016, 16:23:17.246 [  FINER] [    FXGL.AssetLoader] [FXGL Init Thread] Loading from cache: /assets/textures/enemyReduced1.png
24 Mar 2016, 16:23:17.247 [  FINER] [    FXGL.AssetLoader] [FXGL Init Thread] Loading from cache: /assets/textures/enemyReduced3.png
24 Mar 2016, 16:23:17.249 [  FINER] [    FXGL.AssetLoader] [FXGL Init Thread] Loading from cache: /assets/textures/enemyReduced3.png
24 Mar 2016, 16:23:17.250 [  FINER] [    FXGL.AssetLoader] [FXGL Init Thread] Loading from cache: /assets/textures/enemyReduced2.png
24 Mar 2016, 16:23:17.252 [  FINER] [    FXGL.AssetLoader] [FXGL Init Thread] Loading from cache: /assets/textures/enemyReduced2.png
24 Mar 2016, 16:23:17.253 [  FINER] [    FXGL.AssetLoader] [FXGL Init Thread] Loading from cache: /assets/textures/enemyReduced3.png
24 Mar 2016, 16:23:17.254 [  FINER] [    FXGL.AssetLoader] [FXGL Init Thread] Loading from cache: /assets/textures/enemyReduced3.png
24 Mar 2016, 16:23:17.256 [  FINER] [    FXGL.AssetLoader] [FXGL Init Thread] Loading from cache: /assets/textures/enemyReduced1.png
24 Mar 2016, 16:23:17.258 [  FINER] [    FXGL.AssetLoader] [FXGL Init Thread] Loading from cache: /assets/textures/enemyReduced3.png
24 Mar 2016, 16:23:17.259 [  FINER] [    FXGL.AssetLoader] [FXGL Init Thread] Loading from cache: /assets/textures/enemyReduced2.png
24 Mar 2016, 16:23:17.260 [  FINER] [    FXGL.AssetLoader] [FXGL Init Thread] Loading from cache: /assets/textures/enemyReduced1.png
24 Mar 2016, 16:23:17.262 [  FINER] [    FXGL.AssetLoader] [FXGL Init Thread] Loading from cache: /assets/textures/enemyReduced1.png
24 Mar 2016, 16:23:17.263 [  FINER] [    FXGL.AssetLoader] [FXGL Init Thread] Loading from cache: /assets/textures/enemyReduced2.png
24 Mar 2016, 16:23:17.265 [  FINER] [    FXGL.AssetLoader] [FXGL Init Thread] Loading from cache: /assets/textures/enemyReduced3.png
24 Mar 2016, 16:23:17.266 [  FINER] [    FXGL.AssetLoader] [FXGL Init Thread] Loading from cache: /assets/textures/enemyReduced1.png
24 Mar 2016, 16:23:17.268 [  FINER] [    FXGL.AssetLoader] [FXGL Init Thread] Loading from cache: /assets/textures/enemyReduced1.png
24 Mar 2016, 16:23:17.270 [  FINER] [    FXGL.AssetLoader] [FXGL Init Thread] Loading from cache: /assets/textures/enemyReduced2.png
24 Mar 2016, 16:23:17.271 [  FINER] [    FXGL.AssetLoader] [FXGL Init Thread] Loading from cache: /assets/textures/enemyReduced3.png
24 Mar 2016, 16:23:17.274 [  FINER] [    FXGL.AssetLoader] [FXGL Init Thread] Loading from cache: /assets/textures/enemyReduced2.png
24 Mar 2016, 16:23:17.276 [  FINER] [    FXGL.AssetLoader] [FXGL Init Thread] Loading from cache: /assets/textures/enemyReduced3.png
24 Mar 2016, 16:23:17.279 [  FINER] [    FXGL.AssetLoader] [FXGL Init Thread] Loading from cache: /assets/textures/enemyReduced1.png
24 Mar 2016, 16:23:17.283 [  FINER] [    FXGL.AssetLoader] [FXGL Init Thread] Loading from cache: /assets/textures/enemyReduced1.png
24 Mar 2016, 16:23:17.287 [  FINER] [    FXGL.AssetLoader] [FXGL Init Thread] Loading from cache: /assets/textures/enemyReduced3.png
24 Mar 2016, 16:23:17.288 [  FINER] [    FXGL.AssetLoader] [FXGL Init Thread] Loading from cache: /assets/textures/enemyReduced3.png
24 Mar 2016, 16:23:17.290 [  FINER] [    FXGL.AssetLoader] [FXGL Init Thread] Loading from cache: /assets/textures/enemyReduced2.png
24 Mar 2016, 16:23:17.292 [  FINER] [    FXGL.AssetLoader] [FXGL Init Thread] Loading from cache: /assets/textures/enemyReduced1.png
24 Mar 2016, 16:23:17.293 [  FINER] [    FXGL.AssetLoader] [FXGL Init Thread] Loading from cache: /assets/textures/enemyReduced2.png
24 Mar 2016, 16:23:17.295 [  FINER] [    FXGL.AssetLoader] [FXGL Init Thread] Loading from cache: /assets/textures/enemyReduced1.png
24 Mar 2016, 16:23:17.296 [  FINER] [    FXGL.AssetLoader] [FXGL Init Thread] Loading from cache: /assets/textures/wall.png
24 Mar 2016, 16:23:17.297 [  FINER] [    FXGL.AssetLoader] [FXGL Init Thread] Loading from cache: /assets/textures/wall.png
24 Mar 2016, 16:23:17.298 [  FINER] [    FXGL.AssetLoader] [FXGL Init Thread] Loading from cache: /assets/textures/wall.png
24 Mar 2016, 16:23:17.298 [  FINER] [    FXGL.AssetLoader] [FXGL Init Thread] Loading from cache: /assets/textures/wall.png
24 Mar 2016, 16:23:17.299 [  FINER] [    FXGL.AssetLoader] [FXGL Init Thread] Loading from cache: /assets/textures/spaceshipReduced.png
24 Mar 2016, 16:23:17.301 [  FINER] [    FXGL.Application] [FXGL Init Thread] Initializing Physics
24 Mar 2016, 16:23:17.302 [  FINER] [    FXGL.Application] [FXGL Init Thread] Initializing UI
24 Mar 2016, 16:23:17.306 [  FINER] [    FXGL.Application] [FXGL Init Thread] Initialization Complete
24 Mar 2016, 16:23:17.307 [  FINER] [       FXGL.EventBus] [JavaFX Application Thread] Firing event: FXGLEvent[type=INIT_APP_COMPLETE]
24 Mar 2016, 16:23:17.308 [  FINER] [    FXGL.Application] [JavaFX Application Thread] Resuming main loop
24 Mar 2016, 16:23:17.308 [  FINER] [       FXGL.EventBus] [JavaFX Application Thread] Firing event: FXGLEvent[type=RESUME]
24 Mar 2016, 16:23:17.308 [  FINER] [          FXGL.Input] [JavaFX Application Thread] Clearing active input actions
24 Mar 2016, 16:23:17.308 [  FINER] [    FXGL.MasterTimer] [JavaFX Application Thread] Starting master timer
24 Mar 2016, 16:23:17.308 [  FINER] [    FXGL.Application] [JavaFX Application Thread] State: LOADING -> PLAYING
24 Mar 2016, 16:23:17.319 [  FINER] [       FXGL.EventBus] [JavaFX Application Thread] Firing event: WorldEvent[type=ENTITY_ADDED]
24 Mar 2016, 16:23:17.319 [  FINER] [      FXGL.GameScene] [JavaFX Application Thread] Entity added to scene
24 Mar 2016, 16:23:17.320 [  FINER] [      FXGL.GameScene] [JavaFX Application Thread] Added MainViewComponent
24 Mar 2016, 16:23:17.321 [  FINER] [      FXGL.GameScene] [JavaFX Application Thread] Creating render group for layer: TOP(2147483647)
24 Mar 2016, 16:23:17.327 [  FINER] [       FXGL.EventBus] [JavaFX Application Thread] Firing event: WorldEvent[type=ENTITY_ADDED]
24 Mar 2016, 16:23:17.327 [  FINER] [      FXGL.GameScene] [JavaFX Application Thread] Entity added to scene
24 Mar 2016, 16:23:17.328 [  FINER] [      FXGL.GameScene] [JavaFX Application Thread] Added MainViewComponent
24 Mar 2016, 16:23:17.328 [  FINER] [       FXGL.EventBus] [JavaFX Application Thread] Firing event: WorldEvent[type=ENTITY_ADDED]
24 Mar 2016, 16:23:17.329 [  FINER] [      FXGL.GameScene] [JavaFX Application Thread] Entity added to scene
24 Mar 2016, 16:23:17.329 [  FINER] [      FXGL.GameScene] [JavaFX Application Thread] Added MainViewComponent
24 Mar 2016, 16:23:17.329 [  FINER] [       FXGL.EventBus] [JavaFX Application Thread] Firing event: WorldEvent[type=ENTITY_ADDED]
24 Mar 2016, 16:23:17.329 [  FINER] [      FXGL.GameScene] [JavaFX Application Thread] Entity added to scene
24 Mar 2016, 16:23:17.329 [  FINER] [      FXGL.GameScene] [JavaFX Application Thread] Added MainViewComponent
24 Mar 2016, 16:23:17.330 [  FINER] [       FXGL.EventBus] [JavaFX Application Thread] Firing event: WorldEvent[type=ENTITY_ADDED]
24 Mar 2016, 16:23:17.330 [  FINER] [      FXGL.GameScene] [JavaFX Application Thread] Entity added to scene
24 Mar 2016, 16:23:17.330 [  FINER] [      FXGL.GameScene] [JavaFX Application Thread] Added MainViewComponent
24 Mar 2016, 16:23:17.330 [  FINER] [       FXGL.EventBus] [JavaFX Application Thread] Firing event: WorldEvent[type=ENTITY_ADDED]
24 Mar 2016, 16:23:17.331 [  FINER] [      FXGL.GameScene] [JavaFX Application Thread] Entity added to scene
24 Mar 2016, 16:23:17.331 [  FINER] [      FXGL.GameScene] [JavaFX Application Thread] Added MainViewComponent
24 Mar 2016, 16:23:17.331 [  FINER] [       FXGL.EventBus] [JavaFX Application Thread] Firing event: WorldEvent[type=ENTITY_ADDED]
24 Mar 2016, 16:23:17.331 [  FINER] [      FXGL.GameScene] [JavaFX Application Thread] Entity added to scene
24 Mar 2016, 16:23:17.331 [  FINER] [      FXGL.GameScene] [JavaFX Application Thread] Added MainViewComponent
24 Mar 2016, 16:23:17.332 [  FINER] [       FXGL.EventBus] [JavaFX Application Thread] Firing event: WorldEvent[type=ENTITY_ADDED]
24 Mar 2016, 16:23:17.332 [  FINER] [      FXGL.GameScene] [JavaFX Application Thread] Entity added to scene
24 Mar 2016, 16:23:17.332 [  FINER] [      FXGL.GameScene] [JavaFX Application Thread] Added MainViewComponent
24 Mar 2016, 16:23:17.333 [  FINER] [       FXGL.EventBus] [JavaFX Application Thread] Firing event: WorldEvent[type=ENTITY_ADDED]
24 Mar 2016, 16:23:17.333 [  FINER] [      FXGL.GameScene] [JavaFX Application Thread] Entity added to scene
24 Mar 2016, 16:23:17.333 [  FINER] [      FXGL.GameScene] [JavaFX Application Thread] Added MainViewComponent
24 Mar 2016, 16:23:17.334 [  FINER] [       FXGL.EventBus] [JavaFX Application Thread] Firing event: WorldEvent[type=ENTITY_ADDED]
24 Mar 2016, 16:23:17.334 [  FINER] [      FXGL.GameScene] [JavaFX Application Thread] Entity added to scene
24 Mar 2016, 16:23:17.334 [  FINER] [      FXGL.GameScene] [JavaFX Application Thread] Added MainViewComponent
24 Mar 2016, 16:23:17.335 [  FINER] [       FXGL.EventBus] [JavaFX Application Thread] Firing event: WorldEvent[type=ENTITY_ADDED]
24 Mar 2016, 16:23:17.335 [  FINER] [      FXGL.GameScene] [JavaFX Application Thread] Entity added to scene
24 Mar 2016, 16:23:17.335 [  FINER] [      FXGL.GameScene] [JavaFX Application Thread] Added MainViewComponent
24 Mar 2016, 16:23:17.336 [  FINER] [       FXGL.EventBus] [JavaFX Application Thread] Firing event: WorldEvent[type=ENTITY_ADDED]
24 Mar 2016, 16:23:17.337 [  FINER] [      FXGL.GameScene] [JavaFX Application Thread] Entity added to scene
24 Mar 2016, 16:23:17.337 [  FINER] [      FXGL.GameScene] [JavaFX Application Thread] Added MainViewComponent
24 Mar 2016, 16:23:17.337 [  FINER] [       FXGL.EventBus] [JavaFX Application Thread] Firing event: WorldEvent[type=ENTITY_ADDED]
24 Mar 2016, 16:23:17.338 [  FINER] [      FXGL.GameScene] [JavaFX Application Thread] Entity added to scene
24 Mar 2016, 16:23:17.338 [  FINER] [      FXGL.GameScene] [JavaFX Application Thread] Added MainViewComponent
24 Mar 2016, 16:23:17.338 [  FINER] [       FXGL.EventBus] [JavaFX Application Thread] Firing event: WorldEvent[type=ENTITY_ADDED]
24 Mar 2016, 16:23:17.339 [  FINER] [      FXGL.GameScene] [JavaFX Application Thread] Entity added to scene
24 Mar 2016, 16:23:17.339 [  FINER] [      FXGL.GameScene] [JavaFX Application Thread] Added MainViewComponent
24 Mar 2016, 16:23:17.339 [  FINER] [       FXGL.EventBus] [JavaFX Application Thread] Firing event: WorldEvent[type=ENTITY_ADDED]
24 Mar 2016, 16:23:17.339 [  FINER] [      FXGL.GameScene] [JavaFX Application Thread] Entity added to scene
24 Mar 2016, 16:23:17.339 [  FINER] [      FXGL.GameScene] [JavaFX Application Thread] Added MainViewComponent
24 Mar 2016, 16:23:17.340 [  FINER] [       FXGL.EventBus] [JavaFX Application Thread] Firing event: WorldEvent[type=ENTITY_ADDED]
24 Mar 2016, 16:23:17.340 [  FINER] [      FXGL.GameScene] [JavaFX Application Thread] Entity added to scene
24 Mar 2016, 16:23:17.340 [  FINER] [      FXGL.GameScene] [JavaFX Application Thread] Added MainViewComponent
24 Mar 2016, 16:23:17.340 [  FINER] [       FXGL.EventBus] [JavaFX Application Thread] Firing event: WorldEvent[type=ENTITY_ADDED]
24 Mar 2016, 16:23:17.341 [  FINER] [      FXGL.GameScene] [JavaFX Application Thread] Entity added to scene
24 Mar 2016, 16:23:17.341 [  FINER] [      FXGL.GameScene] [JavaFX Application Thread] Added MainViewComponent
24 Mar 2016, 16:23:17.341 [  FINER] [       FXGL.EventBus] [JavaFX Application Thread] Firing event: WorldEvent[type=ENTITY_ADDED]
24 Mar 2016, 16:23:17.341 [  FINER] [      FXGL.GameScene] [JavaFX Application Thread] Entity added to scene
24 Mar 2016, 16:23:17.341 [  FINER] [      FXGL.GameScene] [JavaFX Application Thread] Added MainViewComponent
24 Mar 2016, 16:23:17.342 [  FINER] [       FXGL.EventBus] [JavaFX Application Thread] Firing event: WorldEvent[type=ENTITY_ADDED]
24 Mar 2016, 16:23:17.342 [  FINER] [      FXGL.GameScene] [JavaFX Application Thread] Entity added to scene
24 Mar 2016, 16:23:17.342 [  FINER] [      FXGL.GameScene] [JavaFX Application Thread] Added MainViewComponent
24 Mar 2016, 16:23:17.342 [  FINER] [       FXGL.EventBus] [JavaFX Application Thread] Firing event: WorldEvent[type=ENTITY_ADDED]
24 Mar 2016, 16:23:17.342 [  FINER] [      FXGL.GameScene] [JavaFX Application Thread] Entity added to scene
24 Mar 2016, 16:23:17.343 [  FINER] [      FXGL.GameScene] [JavaFX Application Thread] Added MainViewComponent
24 Mar 2016, 16:23:17.343 [  FINER] [       FXGL.EventBus] [JavaFX Application Thread] Firing event: WorldEvent[type=ENTITY_ADDED]
24 Mar 2016, 16:23:17.343 [  FINER] [      FXGL.GameScene] [JavaFX Application Thread] Entity added to scene
24 Mar 2016, 16:23:17.343 [  FINER] [      FXGL.GameScene] [JavaFX Application Thread] Added MainViewComponent
24 Mar 2016, 16:23:17.344 [  FINER] [       FXGL.EventBus] [JavaFX Application Thread] Firing event: WorldEvent[type=ENTITY_ADDED]
24 Mar 2016, 16:23:17.344 [  FINER] [      FXGL.GameScene] [JavaFX Application Thread] Entity added to scene
24 Mar 2016, 16:23:17.344 [  FINER] [      FXGL.GameScene] [JavaFX Application Thread] Added MainViewComponent
24 Mar 2016, 16:23:17.344 [  FINER] [       FXGL.EventBus] [JavaFX Application Thread] Firing event: WorldEvent[type=ENTITY_ADDED]
24 Mar 2016, 16:23:17.344 [  FINER] [      FXGL.GameScene] [JavaFX Application Thread] Entity added to scene
24 Mar 2016, 16:23:17.344 [  FINER] [      FXGL.GameScene] [JavaFX Application Thread] Added MainViewComponent
24 Mar 2016, 16:23:17.345 [  FINER] [       FXGL.EventBus] [JavaFX Application Thread] Firing event: WorldEvent[type=ENTITY_ADDED]
24 Mar 2016, 16:23:17.345 [  FINER] [      FXGL.GameScene] [JavaFX Application Thread] Entity added to scene
24 Mar 2016, 16:23:17.345 [  FINER] [      FXGL.GameScene] [JavaFX Application Thread] Added MainViewComponent
24 Mar 2016, 16:23:17.346 [  FINER] [       FXGL.EventBus] [JavaFX Application Thread] Firing event: WorldEvent[type=ENTITY_ADDED]
24 Mar 2016, 16:23:17.346 [  FINER] [      FXGL.GameScene] [JavaFX Application Thread] Entity added to scene
24 Mar 2016, 16:23:17.346 [  FINER] [      FXGL.GameScene] [JavaFX Application Thread] Added MainViewComponent
24 Mar 2016, 16:23:17.347 [  FINER] [       FXGL.EventBus] [JavaFX Application Thread] Firing event: WorldEvent[type=ENTITY_ADDED]
24 Mar 2016, 16:23:17.347 [  FINER] [      FXGL.GameScene] [JavaFX Application Thread] Entity added to scene
24 Mar 2016, 16:23:17.348 [  FINER] [      FXGL.GameScene] [JavaFX Application Thread] Added MainViewComponent
24 Mar 2016, 16:23:17.348 [  FINER] [       FXGL.EventBus] [JavaFX Application Thread] Firing event: WorldEvent[type=ENTITY_ADDED]
24 Mar 2016, 16:23:17.349 [  FINER] [      FXGL.GameScene] [JavaFX Application Thread] Entity added to scene
24 Mar 2016, 16:23:17.349 [  FINER] [      FXGL.GameScene] [JavaFX Application Thread] Added MainViewComponent
24 Mar 2016, 16:23:17.350 [  FINER] [       FXGL.EventBus] [JavaFX Application Thread] Firing event: WorldEvent[type=ENTITY_ADDED]
24 Mar 2016, 16:23:17.350 [  FINER] [      FXGL.GameScene] [JavaFX Application Thread] Entity added to scene
24 Mar 2016, 16:23:17.350 [  FINER] [      FXGL.GameScene] [JavaFX Application Thread] Added MainViewComponent
24 Mar 2016, 16:23:17.351 [  FINER] [       FXGL.EventBus] [JavaFX Application Thread] Firing event: WorldEvent[type=ENTITY_ADDED]
24 Mar 2016, 16:23:17.351 [  FINER] [      FXGL.GameScene] [JavaFX Application Thread] Entity added to scene
24 Mar 2016, 16:23:17.351 [  FINER] [      FXGL.GameScene] [JavaFX Application Thread] Added MainViewComponent
24 Mar 2016, 16:23:17.352 [  FINER] [       FXGL.EventBus] [JavaFX Application Thread] Firing event: WorldEvent[type=ENTITY_ADDED]
24 Mar 2016, 16:23:17.352 [  FINER] [      FXGL.GameScene] [JavaFX Application Thread] Entity added to scene
24 Mar 2016, 16:23:17.352 [  FINER] [      FXGL.GameScene] [JavaFX Application Thread] Added MainViewComponent
24 Mar 2016, 16:23:17.353 [  FINER] [       FXGL.EventBus] [JavaFX Application Thread] Firing event: WorldEvent[type=ENTITY_ADDED]
24 Mar 2016, 16:23:17.353 [  FINER] [      FXGL.GameScene] [JavaFX Application Thread] Entity added to scene
24 Mar 2016, 16:23:17.353 [  FINER] [      FXGL.GameScene] [JavaFX Application Thread] Added MainViewComponent
24 Mar 2016, 16:23:17.354 [  FINER] [       FXGL.EventBus] [JavaFX Application Thread] Firing event: WorldEvent[type=ENTITY_ADDED]
24 Mar 2016, 16:23:17.354 [  FINER] [      FXGL.GameScene] [JavaFX Application Thread] Entity added to scene
24 Mar 2016, 16:23:17.354 [  FINER] [      FXGL.GameScene] [JavaFX Application Thread] Added MainViewComponent
24 Mar 2016, 16:23:17.355 [  FINER] [       FXGL.EventBus] [JavaFX Application Thread] Firing event: WorldEvent[type=ENTITY_ADDED]
24 Mar 2016, 16:23:17.355 [  FINER] [      FXGL.GameScene] [JavaFX Application Thread] Entity added to scene
24 Mar 2016, 16:23:17.355 [  FINER] [      FXGL.GameScene] [JavaFX Application Thread] Added MainViewComponent
24 Mar 2016, 16:23:17.356 [  FINER] [       FXGL.EventBus] [JavaFX Application Thread] Firing event: WorldEvent[type=ENTITY_ADDED]
24 Mar 2016, 16:23:17.356 [  FINER] [      FXGL.GameScene] [JavaFX Application Thread] Entity added to scene
24 Mar 2016, 16:23:17.356 [  FINER] [      FXGL.GameScene] [JavaFX Application Thread] Added MainViewComponent
24 Mar 2016, 16:23:17.356 [  FINER] [       FXGL.EventBus] [JavaFX Application Thread] Firing event: WorldEvent[type=ENTITY_ADDED]
24 Mar 2016, 16:23:17.357 [  FINER] [      FXGL.GameScene] [JavaFX Application Thread] Entity added to scene
24 Mar 2016, 16:23:17.357 [  FINER] [      FXGL.GameScene] [JavaFX Application Thread] Added MainViewComponent
24 Mar 2016, 16:23:17.358 [  FINER] [       FXGL.EventBus] [JavaFX Application Thread] Firing event: WorldEvent[type=ENTITY_ADDED]
24 Mar 2016, 16:23:17.358 [  FINER] [      FXGL.GameScene] [JavaFX Application Thread] Entity added to scene
24 Mar 2016, 16:23:17.358 [  FINER] [      FXGL.GameScene] [JavaFX Application Thread] Added MainViewComponent
24 Mar 2016, 16:23:17.359 [  FINER] [       FXGL.EventBus] [JavaFX Application Thread] Firing event: WorldEvent[type=ENTITY_ADDED]
24 Mar 2016, 16:23:17.359 [  FINER] [      FXGL.GameScene] [JavaFX Application Thread] Entity added to scene
24 Mar 2016, 16:23:17.359 [  FINER] [      FXGL.GameScene] [JavaFX Application Thread] Added MainViewComponent
24 Mar 2016, 16:23:17.360 [  FINER] [       FXGL.EventBus] [JavaFX Application Thread] Firing event: WorldEvent[type=ENTITY_ADDED]
24 Mar 2016, 16:23:17.360 [  FINER] [      FXGL.GameScene] [JavaFX Application Thread] Entity added to scene
24 Mar 2016, 16:23:17.360 [  FINER] [      FXGL.GameScene] [JavaFX Application Thread] Added MainViewComponent
24 Mar 2016, 16:23:17.360 [  FINER] [       FXGL.EventBus] [JavaFX Application Thread] Firing event: WorldEvent[type=ENTITY_ADDED]
24 Mar 2016, 16:23:17.361 [  FINER] [      FXGL.GameScene] [JavaFX Application Thread] Entity added to scene
24 Mar 2016, 16:23:17.361 [  FINER] [      FXGL.GameScene] [JavaFX Application Thread] Added MainViewComponent
24 Mar 2016, 16:23:17.361 [  FINER] [       FXGL.EventBus] [JavaFX Application Thread] Firing event: WorldEvent[type=ENTITY_ADDED]
24 Mar 2016, 16:23:17.361 [  FINER] [      FXGL.GameScene] [JavaFX Application Thread] Entity added to scene
24 Mar 2016, 16:23:17.361 [  FINER] [      FXGL.GameScene] [JavaFX Application Thread] Added MainViewComponent
24 Mar 2016, 16:23:17.362 [  FINER] [       FXGL.EventBus] [JavaFX Application Thread] Firing event: WorldEvent[type=ENTITY_ADDED]
24 Mar 2016, 16:23:17.362 [  FINER] [      FXGL.GameScene] [JavaFX Application Thread] Entity added to scene
24 Mar 2016, 16:23:17.362 [  FINER] [      FXGL.GameScene] [JavaFX Application Thread] Added MainViewComponent
24 Mar 2016, 16:23:17.363 [  FINER] [       FXGL.EventBus] [JavaFX Application Thread] Firing event: WorldEvent[type=ENTITY_ADDED]
24 Mar 2016, 16:23:17.363 [  FINER] [      FXGL.GameScene] [JavaFX Application Thread] Entity added to scene
24 Mar 2016, 16:23:17.363 [  FINER] [      FXGL.GameScene] [JavaFX Application Thread] Added MainViewComponent
24 Mar 2016, 16:23:17.363 [  FINER] [       FXGL.EventBus] [JavaFX Application Thread] Firing event: WorldEvent[type=ENTITY_ADDED]
24 Mar 2016, 16:23:17.363 [  FINER] [      FXGL.GameScene] [JavaFX Application Thread] Entity added to scene
24 Mar 2016, 16:23:17.363 [  FINER] [      FXGL.GameScene] [JavaFX Application Thread] Added MainViewComponent
24 Mar 2016, 16:23:17.364 [  FINER] [       FXGL.EventBus] [JavaFX Application Thread] Firing event: WorldEvent[type=ENTITY_ADDED]
24 Mar 2016, 16:23:17.364 [  FINER] [      FXGL.GameScene] [JavaFX Application Thread] Entity added to scene
24 Mar 2016, 16:23:17.364 [  FINER] [      FXGL.GameScene] [JavaFX Application Thread] Added MainViewComponent
24 Mar 2016, 16:23:17.364 [  FINER] [       FXGL.EventBus] [JavaFX Application Thread] Firing event: WorldEvent[type=ENTITY_ADDED]
24 Mar 2016, 16:23:17.364 [  FINER] [      FXGL.GameScene] [JavaFX Application Thread] Entity added to scene
24 Mar 2016, 16:23:17.364 [  FINER] [      FXGL.GameScene] [JavaFX Application Thread] Added MainViewComponent
