18 Mar 2016, 23:04:00.678 [   INFO] [         FXGL.Logger] [JavaFX Application Thread] Logger initialized with level: CONFIG
18 Mar 2016, 23:04:00.682 [  FINER] [         FXGL.Logger] [JavaFX Application Thread] CPU cores: 4
18 Mar 2016, 23:04:00.684 [  FINER] [         FXGL.Logger] [JavaFX Application Thread] Free Memory: 110MB
18 Mar 2016, 23:04:00.684 [  FINER] [         FXGL.Logger] [JavaFX Application Thread] Max Memory: 1776MB
18 Mar 2016, 23:04:00.685 [  FINER] [         FXGL.Logger] [JavaFX Application Thread] Total Memory: 121MB
18 Mar 2016, 23:04:00.685 [  FINER] [         FXGL.Logger] [JavaFX Application Thread] System Properties:
18 Mar 2016, 23:04:00.686 [  FINER] [         FXGL.Logger] [JavaFX Application Thread] sun.cpu.isalist=amd64
18 Mar 2016, 23:04:00.687 [  FINER] [         FXGL.Logger] [JavaFX Application Thread] sun.desktop=windows
18 Mar 2016, 23:04:00.687 [  FINER] [         FXGL.Logger] [JavaFX Application Thread] sun.io.unicode.encoding=UnicodeLittle
18 Mar 2016, 23:04:00.687 [  FINER] [         FXGL.Logger] [JavaFX Application Thread] sun.cpu.endian=little
18 Mar 2016, 23:04:00.688 [  FINER] [         FXGL.Logger] [JavaFX Application Thread] java.vendor.url.bug=http://bugreport.sun.com/bugreport/
18 Mar 2016, 23:04:00.688 [  FINER] [         FXGL.Logger] [JavaFX Application Thread] file.separator=\
18 Mar 2016, 23:04:00.689 [  FINER] [         FXGL.Logger] [JavaFX Application Thread] java.vendor=Oracle Corporation
18 Mar 2016, 23:04:00.689 [  FINER] [         FXGL.Logger] [JavaFX Application Thread] sun.boot.class.path=C:\Program Files\Java\jre1.8.0_73\lib\resources.jar;C:\Program Files\Java\jre1.8.0_73\lib\rt.jar;C:\Program Files\Java\jre1.8.0_73\lib\sunrsasign.jar;C:\Program Files\Java\jre1.8.0_73\lib\jsse.jar;C:\Program Files\Java\jre1.8.0_73\lib\jce.jar;C:\Program Files\Java\jre1.8.0_73\lib\charsets.jar;C:\Program Files\Java\jre1.8.0_73\lib\jfr.jar;C:\Program Files\Java\jre1.8.0_73\classes
18 Mar 2016, 23:04:00.689 [  FINER] [         FXGL.Logger] [JavaFX Application Thread] java.ext.dirs=C:\Program Files\Java\jre1.8.0_73\lib\ext;C:\Windows\Sun\Java\lib\ext
18 Mar 2016, 23:04:00.689 [  FINER] [         FXGL.Logger] [JavaFX Application Thread] java.version=1.8.0_73
18 Mar 2016, 23:04:00.690 [  FINER] [         FXGL.Logger] [JavaFX Application Thread] java.vm.info=mixed mode
18 Mar 2016, 23:04:00.690 [  FINER] [         FXGL.Logger] [JavaFX Application Thread] awt.toolkit=sun.awt.windows.WToolkit
18 Mar 2016, 23:04:00.690 [  FINER] [         FXGL.Logger] [JavaFX Application Thread] user.language=en
18 Mar 2016, 23:04:00.690 [  FINER] [         FXGL.Logger] [JavaFX Application Thread] java.specification.vendor=Oracle Corporation
18 Mar 2016, 23:04:00.691 [  FINER] [         FXGL.Logger] [JavaFX Application Thread] sun.java.command=com.chromalife.SpaceInvaders.SpaceInvadersApp
18 Mar 2016, 23:04:00.691 [  FINER] [         FXGL.Logger] [JavaFX Application Thread] java.home=C:\Program Files\Java\jre1.8.0_73
18 Mar 2016, 23:04:00.691 [  FINER] [         FXGL.Logger] [JavaFX Application Thread] sun.arch.data.model=64
18 Mar 2016, 23:04:00.691 [  FINER] [         FXGL.Logger] [JavaFX Application Thread] java.vm.specification.version=1.8
18 Mar 2016, 23:04:00.692 [  FINER] [         FXGL.Logger] [JavaFX Application Thread] java.class.path=C:\Users\Wes\Documents\SpaceInvaders\target\classes;C:\Users\Wes\.m2\repository\com\github\AlmasB\FXGL\0.2.1-0.2.0-gba5970d-32\FXGL-0.2.1-0.2.0-gba5970d-32.jar;C:\Users\Wes\.m2\repository\com\google\inject\guice\4.0\guice-4.0.jar;C:\Users\Wes\.m2\repository\javax\inject\javax.inject\1\javax.inject-1.jar;C:\Users\Wes\.m2\repository\aopalliance\aopalliance\1.0\aopalliance-1.0.jar;C:\Users\Wes\.m2\repository\com\google\guava\guava\16.0.1\guava-16.0.1.jar;C:\Users\Wes\.m2\repository\org\jfxtras\jfxtras-window\8.0-r4\jfxtras-window-8.0-r4.jar;C:\Users\Wes\.m2\repository\org\jfxtras\jfxtras-common\8.0-r4\jfxtras-common-8.0-r4.jar;C:\Users\Wes\.m2\repository\com\github\AlmasB\FXEventBus\1.0\FXEventBus-1.0.jar;C:\Users\Wes\.m2\repository\com\github\AlmasB\Ents\1.0\Ents-1.0.jar;C:\Users\Wes\.m2\repository\org\apache\logging\log4j\log4j-api\2.5\log4j-api-2.5.jar;C:\Users\Wes\.m2\repository\org\apache\logging\log4j\log4j-core\2.5\log4j-core-2.5.jar;C:\Users\Wes\.m2\repository\com\github\AlmasB\AStar\1.0\AStar-1.0.jar
18 Mar 2016, 23:04:00.692 [  FINER] [         FXGL.Logger] [JavaFX Application Thread] user.name=Wes
18 Mar 2016, 23:04:00.692 [  FINER] [         FXGL.Logger] [JavaFX Application Thread] file.encoding=Cp1252
18 Mar 2016, 23:04:00.693 [  FINER] [         FXGL.Logger] [JavaFX Application Thread] java.specification.version=1.8
18 Mar 2016, 23:04:00.693 [  FINER] [         FXGL.Logger] [JavaFX Application Thread] java.awt.printerjob=sun.awt.windows.WPrinterJob
18 Mar 2016, 23:04:00.693 [  FINER] [         FXGL.Logger] [JavaFX Application Thread] user.timezone=America/New_York
18 Mar 2016, 23:04:00.693 [  FINER] [         FXGL.Logger] [JavaFX Application Thread] user.home=C:\Users\Wes
18 Mar 2016, 23:04:00.694 [  FINER] [         FXGL.Logger] [JavaFX Application Thread] os.version=6.1
18 Mar 2016, 23:04:00.694 [  FINER] [         FXGL.Logger] [JavaFX Application Thread] sun.management.compiler=HotSpot 64-Bit Tiered Compilers
18 Mar 2016, 23:04:00.694 [  FINER] [         FXGL.Logger] [JavaFX Application Thread] java.specification.name=Java Platform API Specification
18 Mar 2016, 23:04:00.695 [  FINER] [         FXGL.Logger] [JavaFX Application Thread] java.class.version=52.0
18 Mar 2016, 23:04:00.695 [  FINER] [         FXGL.Logger] [JavaFX Application Thread] java.library.path=C:\Program Files\Java\jre1.8.0_73\bin;C:\Windows\Sun\Java\bin;C:\Windows\system32;C:\Windows;C:/Program Files/Java/jre1.8.0_73/bin/server;C:/Program Files/Java/jre1.8.0_73/bin;C:/Program Files/Java/jre1.8.0_73/lib/amd64;C:\ProgramData\Oracle\Java\javapath;C:\oraclexe\app\oracle\product\11.2.0\server\bin;C:\Windows\system32;C:\Windows;C:\Windows\System32\Wbem;C:\Windows\System32\WindowsPowerShell\v1.0\;C:\Program Files\Git\cmd;C:\Users\Wes\eclipse;;.
18 Mar 2016, 23:04:00.695 [  FINER] [         FXGL.Logger] [JavaFX Application Thread] sun.jnu.encoding=Cp1252
18 Mar 2016, 23:04:00.696 [  FINER] [         FXGL.Logger] [JavaFX Application Thread] os.name=Windows 7
18 Mar 2016, 23:04:00.696 [  FINER] [         FXGL.Logger] [JavaFX Application Thread] user.variant=
18 Mar 2016, 23:04:00.696 [  FINER] [         FXGL.Logger] [JavaFX Application Thread] java.vm.specification.vendor=Oracle Corporation
18 Mar 2016, 23:04:00.697 [  FINER] [         FXGL.Logger] [JavaFX Application Thread] java.io.tmpdir=C:\Users\Wes\AppData\Local\Temp\
18 Mar 2016, 23:04:00.697 [  FINER] [         FXGL.Logger] [JavaFX Application Thread] line.separator=

18 Mar 2016, 23:04:00.698 [  FINER] [         FXGL.Logger] [JavaFX Application Thread] java.endorsed.dirs=C:\Program Files\Java\jre1.8.0_73\lib\endorsed
18 Mar 2016, 23:04:00.698 [  FINER] [         FXGL.Logger] [JavaFX Application Thread] os.arch=amd64
18 Mar 2016, 23:04:00.698 [  FINER] [         FXGL.Logger] [JavaFX Application Thread] javafx.runtime.version=8.0.71-b15
18 Mar 2016, 23:04:00.699 [  FINER] [         FXGL.Logger] [JavaFX Application Thread] java.awt.graphicsenv=sun.awt.Win32GraphicsEnvironment
18 Mar 2016, 23:04:00.699 [  FINER] [         FXGL.Logger] [JavaFX Application Thread] java.runtime.version=1.8.0_73-b02
18 Mar 2016, 23:04:00.699 [  FINER] [         FXGL.Logger] [JavaFX Application Thread] java.vm.specification.name=Java Virtual Machine Specification
18 Mar 2016, 23:04:00.700 [  FINER] [         FXGL.Logger] [JavaFX Application Thread] user.dir=C:\Users\Wes\Documents\SpaceInvaders
18 Mar 2016, 23:04:00.700 [  FINER] [         FXGL.Logger] [JavaFX Application Thread] user.country=US
18 Mar 2016, 23:04:00.700 [  FINER] [         FXGL.Logger] [JavaFX Application Thread] user.script=
18 Mar 2016, 23:04:00.701 [  FINER] [         FXGL.Logger] [JavaFX Application Thread] sun.java.launcher=SUN_STANDARD
18 Mar 2016, 23:04:00.701 [  FINER] [         FXGL.Logger] [JavaFX Application Thread] sun.os.patch.level=Service Pack 1
18 Mar 2016, 23:04:00.701 [  FINER] [         FXGL.Logger] [JavaFX Application Thread] java.vm.name=Java HotSpot(TM) 64-Bit Server VM
18 Mar 2016, 23:04:00.701 [  FINER] [         FXGL.Logger] [JavaFX Application Thread] file.encoding.pkg=sun.io
18 Mar 2016, 23:04:00.702 [  FINER] [         FXGL.Logger] [JavaFX Application Thread] path.separator=;
18 Mar 2016, 23:04:00.702 [  FINER] [         FXGL.Logger] [JavaFX Application Thread] java.vm.vendor=Oracle Corporation
18 Mar 2016, 23:04:00.702 [  FINER] [         FXGL.Logger] [JavaFX Application Thread] java.vendor.url=http://java.oracle.com/
18 Mar 2016, 23:04:00.702 [  FINER] [         FXGL.Logger] [JavaFX Application Thread] sun.boot.library.path=C:\Program Files\Java\jre1.8.0_73\bin
18 Mar 2016, 23:04:00.703 [  FINER] [         FXGL.Logger] [JavaFX Application Thread] java.vm.version=25.73-b02
18 Mar 2016, 23:04:00.703 [  FINER] [         FXGL.Logger] [JavaFX Application Thread] java.runtime.name=Java(TM) SE Runtime Environment
18 Mar 2016, 23:04:00.703 [  FINER] [         FXGL.Logger] [JavaFX Application Thread] javafx.version=8.0.71
18 Mar 2016, 23:04:00.709 [   INFO] [        FXGL.Version] [JavaFX Application Thread] FXGL-0.2.1-SNAPSHOT
18 Mar 2016, 23:04:00.710 [   INFO] [        FXGL.Version] [JavaFX Application Thread] Source code and latest builds at: https://github.com/AlmasB/FXGL
18 Mar 2016, 23:04:00.717 [  FINER] [    FXGL.Application] [JavaFX Application Thread] Game_clinit()
18 Mar 2016, 23:04:00.726 [  FINER] [    FXGL.Application] [JavaFX-Launcher] FXGL_init()
18 Mar 2016, 23:04:00.751 [  FINER] [    FXGL.Application] [JavaFX Application Thread] FXGL_start()
18 Mar 2016, 23:04:00.751 [  FINER] [    FXGL.Application] [JavaFX Application Thread] Initializing system properties
18 Mar 2016, 23:04:00.754 [  FINER] [    FXGL.Application] [JavaFX Application Thread] sound.notification = system/notification.wav
18 Mar 2016, 23:04:00.754 [  FINER] [    FXGL.Application] [JavaFX Application Thread] asset.cache.size = 35
18 Mar 2016, 23:04:00.755 [  FINER] [    FXGL.Application] [JavaFX Application Thread] ui.font = Copperplate_Gothic_Light_Regular.ttf
18 Mar 2016, 23:04:00.755 [  FINER] [    FXGL.Application] [JavaFX Application Thread] sound.menu.back = menu/back.wav
18 Mar 2016, 23:04:00.755 [  FINER] [    FXGL.Application] [JavaFX Application Thread] sound.menu.select = menu/select.wav
18 Mar 2016, 23:04:00.755 [  FINER] [    FXGL.Application] [JavaFX Application Thread] physics.ppm = 50
18 Mar 2016, 23:04:00.755 [  FINER] [    FXGL.Application] [JavaFX Application Thread] ui.css = fxgl.css
18 Mar 2016, 23:04:00.756 [  FINER] [    FXGL.Application] [JavaFX Application Thread] ui.icon.name = fxgl_icon.png
18 Mar 2016, 23:04:00.756 [  FINER] [    FXGL.Application] [JavaFX Application Thread] sound.menu.press = menu/press.wav
18 Mar 2016, 23:04:00.756 [  FINER] [    FXGL.Application] [JavaFX Application Thread] Initializing user properties
18 Mar 2016, 23:04:00.757 [   INFO] [    FXGL.Application] [JavaFX Application Thread] User properties not found. Using system
18 Mar 2016, 23:04:00.773 [   INFO] [         FXGL.Logger] [JavaFX Application Thread] Logger level set to: CONFIG
18 Mar 2016, 23:04:00.774 [   INFO] [    FXGL.Application] [JavaFX Application Thread] Application Mode: DEVELOPER
18 Mar 2016, 23:04:01.297 [  FINER] [    FXGL.Application] [JavaFX Application Thread] Services configuration complete
18 Mar 2016, 23:04:01.310 [  FINER] [       FXGL.EventBus] [JavaFX Application Thread] Service [EventBus] initialized
18 Mar 2016, 23:04:01.314 [  FINER] [    FXGL.AssetLoader] [JavaFX Application Thread] Service [AssetLoader] initialized
18 Mar 2016, 23:04:01.317 [  FINER] [    FXGL.AssetLoader] [JavaFX Application Thread] Loading from disk: /assets/sounds/system/notification.wav
18 Mar 2016, 23:04:01.344 [  FINER] [    FXGL.AssetLoader] [JavaFX Application Thread] Loading from disk: /assets/sounds/menu/select.wav
18 Mar 2016, 23:04:01.346 [  FINER] [    FXGL.AssetLoader] [JavaFX Application Thread] Loading from disk: /assets/sounds/menu/back.wav
18 Mar 2016, 23:04:01.348 [  FINER] [    FXGL.AssetLoader] [JavaFX Application Thread] Loading from disk: /assets/sounds/menu/press.wav
18 Mar 2016, 23:04:01.351 [  FINER] [    FXGL.AssetLoader] [JavaFX Application Thread] Loading from disk: /assets/ui/fonts/Copperplate_Gothic_Light_Regular.ttf
18 Mar 2016, 23:04:01.460 [  FINER] [    FXGL.AssetLoader] [JavaFX Application Thread] Loading from disk: /assets/ui/css/fxgl.css
18 Mar 2016, 23:04:01.460 [  FINER] [    FXGL.AssetLoader] [JavaFX Application Thread] Loading from disk: /assets/ui/icons/fxgl_icon.png
18 Mar 2016, 23:04:01.508 [  FINER] [    FXGL.AssetLoader] [JavaFX Application Thread] Loading from disk: /assets/ui/css/fxgl_dark.css
18 Mar 2016, 23:04:01.602 [  FINER] [        FXGL.Display] [JavaFX Application Thread] App size > screen size
18 Mar 2016, 23:04:01.602 [  FINER] [        FXGL.Display] [JavaFX Application Thread] Target size: 480.0x800.0@1.0
18 Mar 2016, 23:04:01.602 [  FINER] [        FXGL.Display] [JavaFX Application Thread] New size:    436.0x726.6666666666667@0.9083333333333333
18 Mar 2016, 23:04:01.604 [  FINER] [        FXGL.Display] [JavaFX Application Thread] Service [Display] initialized
18 Mar 2016, 23:04:01.604 [  FINER] [        FXGL.Display] [JavaFX Application Thread] Using CSS: CSS[jar:file:/C:/Users/Wes/.m2/repository/com/github/AlmasB/FXGL/0.2.1-0.2.0-gba5970d-32/FXGL-0.2.1-0.2.0-gba5970d-32.jar!/assets/ui/css/fxgl_dark.css]
18 Mar 2016, 23:04:01.609 [  FINER] [          FXGL.Input] [JavaFX Application Thread] Service [Input] initialized
18 Mar 2016, 23:04:01.612 [  FINER] [    FXGL.AudioPlayer] [JavaFX Application Thread] Service [AudioPlayer] initialized
18 Mar 2016, 23:04:01.622 [  FINER] [    FXGL.MasterTimer] [JavaFX Application Thread] Service [MasterTimer] initialized
18 Mar 2016, 23:04:01.640 [  FINER] [      FXGL.GameScene] [JavaFX Application Thread] Game scene initialized
18 Mar 2016, 23:04:01.642 [  FINER] [FXGL.NotificationSer] [JavaFX Application Thread] Service [NotificationService] initialized
18 Mar 2016, 23:04:01.932 [  FINER] [      FXGL.GameWorld] [JavaFX Application Thread] Game world initialized
18 Mar 2016, 23:04:01.986 [  FINER] [   FXGL.PhysicsWorld] [JavaFX Application Thread] Physics world initialized
18 Mar 2016, 23:04:02.100 [  FINER] [    FXGL.Application] [JavaFX Application Thread] Game_start()
18 Mar 2016, 23:04:02.114 [  FINER] [          FXGL.Input] [JavaFX Application Thread] Registered new binding: Move Left A
18 Mar 2016, 23:04:02.115 [  FINER] [          FXGL.Input] [JavaFX Application Thread] Registered new binding: Move Right D
18 Mar 2016, 23:04:02.118 [  FINER] [    FXGL.Application] [JavaFX Application Thread] Saving data to profile
18 Mar 2016, 23:04:02.120 [  FINER] [    FXGL.UserProfile] [JavaFX Application Thread] Logging bundle: game
18 Mar 2016, 23:04:02.121 [  FINER] [    FXGL.UserProfile] [JavaFX Application Thread] game.playtime=1394643536
18 Mar 2016, 23:04:02.121 [  FINER] [       FXGL.EventBus] [JavaFX Application Thread] Firing event: SaveEvent
18 Mar 2016, 23:04:02.124 [  FINER] [        FXGL.Display] [JavaFX Application Thread] Saving data to profile
18 Mar 2016, 23:04:02.125 [  FINER] [    FXGL.UserProfile] [JavaFX Application Thread] Logging bundle: scene
18 Mar 2016, 23:04:02.125 [  FINER] [    FXGL.UserProfile] [JavaFX Application Thread] scene.sizeW=480.0
18 Mar 2016, 23:04:02.125 [  FINER] [    FXGL.UserProfile] [JavaFX Application Thread] scene.sizeH=800.0
18 Mar 2016, 23:04:02.125 [  FINER] [          FXGL.Input] [JavaFX Application Thread] Saving data to profile
18 Mar 2016, 23:04:02.126 [  FINER] [    FXGL.UserProfile] [JavaFX Application Thread] Logging bundle: input
18 Mar 2016, 23:04:02.126 [  FINER] [    FXGL.UserProfile] [JavaFX Application Thread] input.Move Right=D
18 Mar 2016, 23:04:02.126 [  FINER] [    FXGL.UserProfile] [JavaFX Application Thread] input.Move Left=A
18 Mar 2016, 23:04:02.126 [  FINER] [    FXGL.AudioPlayer] [JavaFX Application Thread] Saving data to profile
18 Mar 2016, 23:04:02.127 [  FINER] [    FXGL.UserProfile] [JavaFX Application Thread] Logging bundle: audio
18 Mar 2016, 23:04:02.127 [  FINER] [    FXGL.UserProfile] [JavaFX Application Thread] audio.musicVolume=0.5
18 Mar 2016, 23:04:02.127 [  FINER] [    FXGL.UserProfile] [JavaFX Application Thread] audio.soundVolume=0.5
18 Mar 2016, 23:04:02.128 [  FINER] [FXGL.AchievementMana] [JavaFX Application Thread] Saving data to profile
18 Mar 2016, 23:04:02.130 [  FINER] [    FXGL.UserProfile] [JavaFX Application Thread] Logging bundle: achievement
18 Mar 2016, 23:04:02.130 [  FINER] [    FXGL.Application] [JavaFX Application Thread] Starting new game
18 Mar 2016, 23:04:02.132 [  FINER] [    FXGL.Application] [JavaFX Application Thread] Initializing App
18 Mar 2016, 23:04:02.132 [  FINER] [    FXGL.Application] [JavaFX Application Thread] Pausing main loop
18 Mar 2016, 23:04:02.132 [  FINER] [       FXGL.EventBus] [JavaFX Application Thread] Firing event: FXGLEvent[type=PAUSE]
18 Mar 2016, 23:04:02.133 [  FINER] [          FXGL.Input] [JavaFX Application Thread] Clearing active input actions
18 Mar 2016, 23:04:02.133 [  FINER] [    FXGL.MasterTimer] [JavaFX Application Thread] Stopping master timer
18 Mar 2016, 23:04:02.133 [  FINER] [    FXGL.Application] [JavaFX Application Thread] State: STARTUP -> PAUSED
18 Mar 2016, 23:04:02.134 [  FINER] [    FXGL.Application] [JavaFX Application Thread] Resetting FXGL application
18 Mar 2016, 23:04:02.134 [  FINER] [       FXGL.EventBus] [JavaFX Application Thread] Firing event: FXGLEvent[type=RESET]
18 Mar 2016, 23:04:02.134 [  FINER] [          FXGL.Input] [JavaFX Application Thread] Clearing active input actions
18 Mar 2016, 23:04:02.135 [  FINER] [    FXGL.MasterTimer] [JavaFX Application Thread] Resetting ticks to 0
18 Mar 2016, 23:04:02.135 [  FINER] [    FXGL.MasterTimer] [JavaFX Application Thread] Clearing all scheduled actions
18 Mar 2016, 23:04:02.135 [  FINER] [      FXGL.GameScene] [JavaFX Application Thread] Resetting game scene
18 Mar 2016, 23:04:02.135 [  FINER] [      FXGL.GameWorld] [JavaFX Application Thread] Resetting game world
18 Mar 2016, 23:04:02.137 [  FINER] [    FXGL.Application] [JavaFX Application Thread] State: PAUSED -> LOADING
18 Mar 2016, 23:04:02.179 [  FINER] [    FXGL.Application] [JavaFX Application Thread] Starting FXGL Init Thread
18 Mar 2016, 23:04:02.181 [  FINER] [    FXGL.Application] [FXGL Init Thread] Initializing Assets
18 Mar 2016, 23:04:02.187 [  FINER] [    FXGL.AssetLoader] [FXGL Init Thread] Loading from disk: /assets/textures/spaceshipReduced.png
18 Mar 2016, 23:04:02.195 [  FINER] [    FXGL.Application] [FXGL Init Thread] Initializing Game
18 Mar 2016, 23:04:02.257 [  FINER] [    FXGL.AssetLoader] [FXGL Init Thread] Loading from disk: /assets/textures/enemyReduced1.png
18 Mar 2016, 23:04:02.273 [  FINER] [    FXGL.AssetLoader] [FXGL Init Thread] Loading from disk: /assets/textures/enemyReduced2.png
18 Mar 2016, 23:04:02.279 [  FINER] [    FXGL.AssetLoader] [FXGL Init Thread] Loading from cache: /assets/textures/enemyReduced1.png
18 Mar 2016, 23:04:02.281 [  FINER] [    FXGL.AssetLoader] [FXGL Init Thread] Loading from cache: /assets/textures/enemyReduced1.png
18 Mar 2016, 23:04:02.282 [  FINER] [    FXGL.AssetLoader] [FXGL Init Thread] Loading from disk: /assets/textures/enemyReduced3.png
18 Mar 2016, 23:04:02.285 [  FINER] [    FXGL.AssetLoader] [FXGL Init Thread] Loading from cache: /assets/textures/enemyReduced3.png
18 Mar 2016, 23:04:02.287 [  FINER] [    FXGL.AssetLoader] [FXGL Init Thread] Loading from cache: /assets/textures/enemyReduced1.png
18 Mar 2016, 23:04:02.288 [  FINER] [    FXGL.AssetLoader] [FXGL Init Thread] Loading from cache: /assets/textures/enemyReduced3.png
18 Mar 2016, 23:04:02.292 [  FINER] [    FXGL.AssetLoader] [FXGL Init Thread] Loading from cache: /assets/textures/enemyReduced3.png
18 Mar 2016, 23:04:02.293 [  FINER] [    FXGL.AssetLoader] [FXGL Init Thread] Loading from cache: /assets/textures/enemyReduced1.png
18 Mar 2016, 23:04:02.295 [  FINER] [    FXGL.AssetLoader] [FXGL Init Thread] Loading from cache: /assets/textures/enemyReduced2.png
18 Mar 2016, 23:04:02.296 [  FINER] [    FXGL.AssetLoader] [FXGL Init Thread] Loading from cache: /assets/textures/enemyReduced2.png
18 Mar 2016, 23:04:02.298 [  FINER] [    FXGL.AssetLoader] [FXGL Init Thread] Loading from cache: /assets/textures/enemyReduced2.png
18 Mar 2016, 23:04:02.299 [  FINER] [    FXGL.AssetLoader] [FXGL Init Thread] Loading from cache: /assets/textures/enemyReduced3.png
18 Mar 2016, 23:04:02.301 [  FINER] [    FXGL.AssetLoader] [FXGL Init Thread] Loading from cache: /assets/textures/enemyReduced2.png
18 Mar 2016, 23:04:02.302 [  FINER] [    FXGL.AssetLoader] [FXGL Init Thread] Loading from cache: /assets/textures/enemyReduced3.png
18 Mar 2016, 23:04:02.304 [  FINER] [    FXGL.AssetLoader] [FXGL Init Thread] Loading from cache: /assets/textures/enemyReduced1.png
18 Mar 2016, 23:04:02.306 [  FINER] [    FXGL.AssetLoader] [FXGL Init Thread] Loading from cache: /assets/textures/enemyReduced3.png
18 Mar 2016, 23:04:02.309 [  FINER] [    FXGL.AssetLoader] [FXGL Init Thread] Loading from cache: /assets/textures/enemyReduced2.png
18 Mar 2016, 23:04:02.310 [  FINER] [    FXGL.AssetLoader] [FXGL Init Thread] Loading from cache: /assets/textures/enemyReduced3.png
18 Mar 2016, 23:04:02.312 [  FINER] [    FXGL.AssetLoader] [FXGL Init Thread] Loading from cache: /assets/textures/enemyReduced2.png
18 Mar 2016, 23:04:02.313 [  FINER] [    FXGL.AssetLoader] [FXGL Init Thread] Loading from cache: /assets/textures/enemyReduced2.png
18 Mar 2016, 23:04:02.315 [  FINER] [    FXGL.AssetLoader] [FXGL Init Thread] Loading from cache: /assets/textures/enemyReduced3.png
18 Mar 2016, 23:04:02.317 [  FINER] [    FXGL.AssetLoader] [FXGL Init Thread] Loading from cache: /assets/textures/enemyReduced3.png
18 Mar 2016, 23:04:02.318 [  FINER] [    FXGL.AssetLoader] [FXGL Init Thread] Loading from cache: /assets/textures/enemyReduced1.png
18 Mar 2016, 23:04:02.319 [  FINER] [    FXGL.AssetLoader] [FXGL Init Thread] Loading from cache: /assets/textures/enemyReduced1.png
18 Mar 2016, 23:04:02.320 [  FINER] [    FXGL.AssetLoader] [FXGL Init Thread] Loading from cache: /assets/textures/enemyReduced3.png
18 Mar 2016, 23:04:02.321 [  FINER] [    FXGL.AssetLoader] [FXGL Init Thread] Loading from cache: /assets/textures/enemyReduced1.png
18 Mar 2016, 23:04:02.322 [  FINER] [    FXGL.AssetLoader] [FXGL Init Thread] Loading from cache: /assets/textures/enemyReduced3.png
18 Mar 2016, 23:04:02.326 [  FINER] [    FXGL.AssetLoader] [FXGL Init Thread] Loading from cache: /assets/textures/enemyReduced1.png
18 Mar 2016, 23:04:02.328 [  FINER] [    FXGL.AssetLoader] [FXGL Init Thread] Loading from cache: /assets/textures/enemyReduced1.png
18 Mar 2016, 23:04:02.329 [  FINER] [    FXGL.AssetLoader] [FXGL Init Thread] Loading from cache: /assets/textures/enemyReduced2.png
18 Mar 2016, 23:04:02.330 [  FINER] [    FXGL.AssetLoader] [FXGL Init Thread] Loading from cache: /assets/textures/enemyReduced2.png
18 Mar 2016, 23:04:02.331 [  FINER] [    FXGL.AssetLoader] [FXGL Init Thread] Loading from cache: /assets/textures/enemyReduced2.png
18 Mar 2016, 23:04:02.331 [  FINER] [    FXGL.AssetLoader] [FXGL Init Thread] Loading from cache: /assets/textures/enemyReduced3.png
18 Mar 2016, 23:04:02.332 [  FINER] [    FXGL.AssetLoader] [FXGL Init Thread] Loading from cache: /assets/textures/enemyReduced2.png
18 Mar 2016, 23:04:02.333 [  FINER] [    FXGL.AssetLoader] [FXGL Init Thread] Loading from cache: /assets/textures/enemyReduced3.png
18 Mar 2016, 23:04:02.334 [  FINER] [    FXGL.AssetLoader] [FXGL Init Thread] Loading from cache: /assets/textures/enemyReduced3.png
18 Mar 2016, 23:04:02.335 [  FINER] [    FXGL.AssetLoader] [FXGL Init Thread] Loading from cache: /assets/textures/enemyReduced2.png
18 Mar 2016, 23:04:02.336 [  FINER] [    FXGL.AssetLoader] [FXGL Init Thread] Loading from cache: /assets/textures/enemyReduced3.png
18 Mar 2016, 23:04:02.337 [  FINER] [    FXGL.AssetLoader] [FXGL Init Thread] Loading from cache: /assets/textures/enemyReduced1.png
18 Mar 2016, 23:04:02.339 [  FINER] [    FXGL.AssetLoader] [FXGL Init Thread] Loading from cache: /assets/textures/enemyReduced3.png
18 Mar 2016, 23:04:02.342 [  FINER] [    FXGL.AssetLoader] [FXGL Init Thread] Loading from cache: /assets/textures/enemyReduced2.png
18 Mar 2016, 23:04:02.343 [  FINER] [    FXGL.AssetLoader] [FXGL Init Thread] Loading from cache: /assets/textures/enemyReduced2.png
18 Mar 2016, 23:04:02.345 [  FINER] [    FXGL.AssetLoader] [FXGL Init Thread] Loading from cache: /assets/textures/enemyReduced1.png
18 Mar 2016, 23:04:02.346 [  FINER] [    FXGL.AssetLoader] [FXGL Init Thread] Loading from cache: /assets/textures/enemyReduced2.png
18 Mar 2016, 23:04:02.347 [  FINER] [    FXGL.AssetLoader] [FXGL Init Thread] Loading from cache: /assets/textures/enemyReduced3.png
18 Mar 2016, 23:04:02.348 [  FINER] [    FXGL.AssetLoader] [FXGL Init Thread] Loading from cache: /assets/textures/enemyReduced1.png
18 Mar 2016, 23:04:02.350 [  FINER] [    FXGL.AssetLoader] [FXGL Init Thread] Loading from cache: /assets/textures/enemyReduced3.png
18 Mar 2016, 23:04:02.351 [  FINER] [    FXGL.AssetLoader] [FXGL Init Thread] Loading from cache: /assets/textures/enemyReduced3.png
18 Mar 2016, 23:04:02.353 [  FINER] [    FXGL.AssetLoader] [FXGL Init Thread] Loading from cache: /assets/textures/spaceshipReduced.png
18 Mar 2016, 23:04:02.354 [  FINER] [    FXGL.Application] [FXGL Init Thread] Initializing Physics
18 Mar 2016, 23:04:02.354 [  FINER] [    FXGL.Application] [FXGL Init Thread] Initializing UI
18 Mar 2016, 23:04:02.362 [  FINER] [    FXGL.Application] [FXGL Init Thread] Initialization Complete
18 Mar 2016, 23:04:02.434 [  FINER] [    FXGL.Application] [JavaFX Application Thread] Showing stage
18 Mar 2016, 23:04:02.435 [  FINER] [    FXGL.Application] [JavaFX Application Thread] Root size: 436.0x727.0
18 Mar 2016, 23:04:02.435 [  FINER] [    FXGL.Application] [JavaFX Application Thread] Scene size: 436.0x727.0
18 Mar 2016, 23:04:02.435 [  FINER] [    FXGL.Application] [JavaFX Application Thread] Stage size: 442.0x755.0
18 Mar 2016, 23:04:02.465 [  FINER] [       FXGL.EventBus] [JavaFX Application Thread] Firing event: FXGLEvent[type=INIT_APP_COMPLETE]
18 Mar 2016, 23:04:02.466 [  FINER] [    FXGL.Application] [JavaFX Application Thread] Resuming main loop
18 Mar 2016, 23:04:02.466 [  FINER] [       FXGL.EventBus] [JavaFX Application Thread] Firing event: FXGLEvent[type=RESUME]
18 Mar 2016, 23:04:02.466 [  FINER] [          FXGL.Input] [JavaFX Application Thread] Clearing active input actions
18 Mar 2016, 23:04:02.467 [  FINER] [    FXGL.MasterTimer] [JavaFX Application Thread] Starting master timer
18 Mar 2016, 23:04:02.467 [  FINER] [    FXGL.Application] [JavaFX Application Thread] State: LOADING -> PLAYING
18 Mar 2016, 23:04:02.481 [  FINER] [       FXGL.EventBus] [JavaFX Application Thread] Firing event: WorldEvent[type=ENTITY_ADDED]
18 Mar 2016, 23:04:02.482 [  FINER] [      FXGL.GameScene] [JavaFX Application Thread] Entity added to scene
18 Mar 2016, 23:04:02.483 [  FINER] [      FXGL.GameScene] [JavaFX Application Thread] Added MainViewComponent
18 Mar 2016, 23:04:02.484 [  FINER] [      FXGL.GameScene] [JavaFX Application Thread] Creating render group for layer: TOP(2147483647)
18 Mar 2016, 23:04:02.490 [  FINER] [       FXGL.EventBus] [JavaFX Application Thread] Firing event: WorldEvent[type=ENTITY_ADDED]
18 Mar 2016, 23:04:02.491 [  FINER] [      FXGL.GameScene] [JavaFX Application Thread] Entity added to scene
18 Mar 2016, 23:04:02.491 [  FINER] [      FXGL.GameScene] [JavaFX Application Thread] Added MainViewComponent
18 Mar 2016, 23:04:02.492 [  FINER] [       FXGL.EventBus] [JavaFX Application Thread] Firing event: WorldEvent[type=ENTITY_ADDED]
18 Mar 2016, 23:04:02.492 [  FINER] [      FXGL.GameScene] [JavaFX Application Thread] Entity added to scene
18 Mar 2016, 23:04:02.493 [  FINER] [      FXGL.GameScene] [JavaFX Application Thread] Added MainViewComponent
18 Mar 2016, 23:04:02.493 [  FINER] [       FXGL.EventBus] [JavaFX Application Thread] Firing event: WorldEvent[type=ENTITY_ADDED]
18 Mar 2016, 23:04:02.494 [  FINER] [      FXGL.GameScene] [JavaFX Application Thread] Entity added to scene
18 Mar 2016, 23:04:02.494 [  FINER] [      FXGL.GameScene] [JavaFX Application Thread] Added MainViewComponent
18 Mar 2016, 23:04:02.495 [  FINER] [       FXGL.EventBus] [JavaFX Application Thread] Firing event: WorldEvent[type=ENTITY_ADDED]
18 Mar 2016, 23:04:02.495 [  FINER] [      FXGL.GameScene] [JavaFX Application Thread] Entity added to scene
18 Mar 2016, 23:04:02.495 [  FINER] [      FXGL.GameScene] [JavaFX Application Thread] Added MainViewComponent
18 Mar 2016, 23:04:02.496 [  FINER] [       FXGL.EventBus] [JavaFX Application Thread] Firing event: WorldEvent[type=ENTITY_ADDED]
18 Mar 2016, 23:04:02.496 [  FINER] [      FXGL.GameScene] [JavaFX Application Thread] Entity added to scene
18 Mar 2016, 23:04:02.497 [  FINER] [      FXGL.GameScene] [JavaFX Application Thread] Added MainViewComponent
18 Mar 2016, 23:04:02.497 [  FINER] [       FXGL.EventBus] [JavaFX Application Thread] Firing event: WorldEvent[type=ENTITY_ADDED]
18 Mar 2016, 23:04:02.498 [  FINER] [      FXGL.GameScene] [JavaFX Application Thread] Entity added to scene
18 Mar 2016, 23:04:02.498 [  FINER] [      FXGL.GameScene] [JavaFX Application Thread] Added MainViewComponent
18 Mar 2016, 23:04:02.499 [  FINER] [       FXGL.EventBus] [JavaFX Application Thread] Firing event: WorldEvent[type=ENTITY_ADDED]
18 Mar 2016, 23:04:02.499 [  FINER] [      FXGL.GameScene] [JavaFX Application Thread] Entity added to scene
18 Mar 2016, 23:04:02.499 [  FINER] [      FXGL.GameScene] [JavaFX Application Thread] Added MainViewComponent
18 Mar 2016, 23:04:02.500 [  FINER] [       FXGL.EventBus] [JavaFX Application Thread] Firing event: WorldEvent[type=ENTITY_ADDED]
18 Mar 2016, 23:04:02.500 [  FINER] [      FXGL.GameScene] [JavaFX Application Thread] Entity added to scene
18 Mar 2016, 23:04:02.500 [  FINER] [      FXGL.GameScene] [JavaFX Application Thread] Added MainViewComponent
18 Mar 2016, 23:04:02.501 [  FINER] [       FXGL.EventBus] [JavaFX Application Thread] Firing event: WorldEvent[type=ENTITY_ADDED]
18 Mar 2016, 23:04:02.501 [  FINER] [      FXGL.GameScene] [JavaFX Application Thread] Entity added to scene
18 Mar 2016, 23:04:02.501 [  FINER] [      FXGL.GameScene] [JavaFX Application Thread] Added MainViewComponent
18 Mar 2016, 23:04:02.502 [  FINER] [       FXGL.EventBus] [JavaFX Application Thread] Firing event: WorldEvent[type=ENTITY_ADDED]
18 Mar 2016, 23:04:02.502 [  FINER] [      FXGL.GameScene] [JavaFX Application Thread] Entity added to scene
18 Mar 2016, 23:04:02.502 [  FINER] [      FXGL.GameScene] [JavaFX Application Thread] Added MainViewComponent
18 Mar 2016, 23:04:02.503 [  FINER] [       FXGL.EventBus] [JavaFX Application Thread] Firing event: WorldEvent[type=ENTITY_ADDED]
18 Mar 2016, 23:04:02.503 [  FINER] [      FXGL.GameScene] [JavaFX Application Thread] Entity added to scene
18 Mar 2016, 23:04:02.503 [  FINER] [      FXGL.GameScene] [JavaFX Application Thread] Added MainViewComponent
18 Mar 2016, 23:04:02.504 [  FINER] [       FXGL.EventBus] [JavaFX Application Thread] Firing event: WorldEvent[type=ENTITY_ADDED]
18 Mar 2016, 23:04:02.504 [  FINER] [      FXGL.GameScene] [JavaFX Application Thread] Entity added to scene
18 Mar 2016, 23:04:02.504 [  FINER] [      FXGL.GameScene] [JavaFX Application Thread] Added MainViewComponent
18 Mar 2016, 23:04:02.505 [  FINER] [       FXGL.EventBus] [JavaFX Application Thread] Firing event: WorldEvent[type=ENTITY_ADDED]
18 Mar 2016, 23:04:02.506 [  FINER] [      FXGL.GameScene] [JavaFX Application Thread] Entity added to scene
18 Mar 2016, 23:04:02.506 [  FINER] [      FXGL.GameScene] [JavaFX Application Thread] Added MainViewComponent
18 Mar 2016, 23:04:02.506 [  FINER] [       FXGL.EventBus] [JavaFX Application Thread] Firing event: WorldEvent[type=ENTITY_ADDED]
18 Mar 2016, 23:04:02.507 [  FINER] [      FXGL.GameScene] [JavaFX Application Thread] Entity added to scene
18 Mar 2016, 23:04:02.507 [  FINER] [      FXGL.GameScene] [JavaFX Application Thread] Added MainViewComponent
18 Mar 2016, 23:04:02.507 [  FINER] [       FXGL.EventBus] [JavaFX Application Thread] Firing event: WorldEvent[type=ENTITY_ADDED]
18 Mar 2016, 23:04:02.507 [  FINER] [      FXGL.GameScene] [JavaFX Application Thread] Entity added to scene
18 Mar 2016, 23:04:02.508 [  FINER] [      FXGL.GameScene] [JavaFX Application Thread] Added MainViewComponent
18 Mar 2016, 23:04:02.509 [  FINER] [       FXGL.EventBus] [JavaFX Application Thread] Firing event: WorldEvent[type=ENTITY_ADDED]
18 Mar 2016, 23:04:02.509 [  FINER] [      FXGL.GameScene] [JavaFX Application Thread] Entity added to scene
18 Mar 2016, 23:04:02.509 [  FINER] [      FXGL.GameScene] [JavaFX Application Thread] Added MainViewComponent
18 Mar 2016, 23:04:02.510 [  FINER] [       FXGL.EventBus] [JavaFX Application Thread] Firing event: WorldEvent[type=ENTITY_ADDED]
18 Mar 2016, 23:04:02.511 [  FINER] [      FXGL.GameScene] [JavaFX Application Thread] Entity added to scene
18 Mar 2016, 23:04:02.511 [  FINER] [      FXGL.GameScene] [JavaFX Application Thread] Added MainViewComponent
18 Mar 2016, 23:04:02.512 [  FINER] [       FXGL.EventBus] [JavaFX Application Thread] Firing event: WorldEvent[type=ENTITY_ADDED]
18 Mar 2016, 23:04:02.512 [  FINER] [      FXGL.GameScene] [JavaFX Application Thread] Entity added to scene
18 Mar 2016, 23:04:02.512 [  FINER] [      FXGL.GameScene] [JavaFX Application Thread] Added MainViewComponent
18 Mar 2016, 23:04:02.513 [  FINER] [       FXGL.EventBus] [JavaFX Application Thread] Firing event: WorldEvent[type=ENTITY_ADDED]
18 Mar 2016, 23:04:02.514 [  FINER] [      FXGL.GameScene] [JavaFX Application Thread] Entity added to scene
18 Mar 2016, 23:04:02.514 [  FINER] [      FXGL.GameScene] [JavaFX Application Thread] Added MainViewComponent
18 Mar 2016, 23:04:02.514 [  FINER] [       FXGL.EventBus] [JavaFX Application Thread] Firing event: WorldEvent[type=ENTITY_ADDED]
18 Mar 2016, 23:04:02.514 [  FINER] [      FXGL.GameScene] [JavaFX Application Thread] Entity added to scene
18 Mar 2016, 23:04:02.515 [  FINER] [      FXGL.GameScene] [JavaFX Application Thread] Added MainViewComponent
18 Mar 2016, 23:04:02.515 [  FINER] [       FXGL.EventBus] [JavaFX Application Thread] Firing event: WorldEvent[type=ENTITY_ADDED]
18 Mar 2016, 23:04:02.515 [  FINER] [      FXGL.GameScene] [JavaFX Application Thread] Entity added to scene
18 Mar 2016, 23:04:02.515 [  FINER] [      FXGL.GameScene] [JavaFX Application Thread] Added MainViewComponent
18 Mar 2016, 23:04:02.516 [  FINER] [       FXGL.EventBus] [JavaFX Application Thread] Firing event: WorldEvent[type=ENTITY_ADDED]
18 Mar 2016, 23:04:02.516 [  FINER] [      FXGL.GameScene] [JavaFX Application Thread] Entity added to scene
18 Mar 2016, 23:04:02.516 [  FINER] [      FXGL.GameScene] [JavaFX Application Thread] Added MainViewComponent
18 Mar 2016, 23:04:02.516 [  FINER] [       FXGL.EventBus] [JavaFX Application Thread] Firing event: WorldEvent[type=ENTITY_ADDED]
18 Mar 2016, 23:04:02.517 [  FINER] [      FXGL.GameScene] [JavaFX Application Thread] Entity added to scene
18 Mar 2016, 23:04:02.517 [  FINER] [      FXGL.GameScene] [JavaFX Application Thread] Added MainViewComponent
18 Mar 2016, 23:04:02.517 [  FINER] [       FXGL.EventBus] [JavaFX Application Thread] Firing event: WorldEvent[type=ENTITY_ADDED]
18 Mar 2016, 23:04:02.518 [  FINER] [      FXGL.GameScene] [JavaFX Application Thread] Entity added to scene
18 Mar 2016, 23:04:02.518 [  FINER] [      FXGL.GameScene] [JavaFX Application Thread] Added MainViewComponent
18 Mar 2016, 23:04:02.519 [  FINER] [       FXGL.EventBus] [JavaFX Application Thread] Firing event: WorldEvent[type=ENTITY_ADDED]
18 Mar 2016, 23:04:02.519 [  FINER] [      FXGL.GameScene] [JavaFX Application Thread] Entity added to scene
18 Mar 2016, 23:04:02.519 [  FINER] [      FXGL.GameScene] [JavaFX Application Thread] Added MainViewComponent
18 Mar 2016, 23:04:02.520 [  FINER] [       FXGL.EventBus] [JavaFX Application Thread] Firing event: WorldEvent[type=ENTITY_ADDED]
18 Mar 2016, 23:04:02.520 [  FINER] [      FXGL.GameScene] [JavaFX Application Thread] Entity added to scene
18 Mar 2016, 23:04:02.520 [  FINER] [      FXGL.GameScene] [JavaFX Application Thread] Added MainViewComponent
18 Mar 2016, 23:04:02.521 [  FINER] [       FXGL.EventBus] [JavaFX Application Thread] Firing event: WorldEvent[type=ENTITY_ADDED]
18 Mar 2016, 23:04:02.521 [  FINER] [      FXGL.GameScene] [JavaFX Application Thread] Entity added to scene
18 Mar 2016, 23:04:02.521 [  FINER] [      FXGL.GameScene] [JavaFX Application Thread] Added MainViewComponent
18 Mar 2016, 23:04:02.522 [  FINER] [       FXGL.EventBus] [JavaFX Application Thread] Firing event: WorldEvent[type=ENTITY_ADDED]
18 Mar 2016, 23:04:02.523 [  FINER] [      FXGL.GameScene] [JavaFX Application Thread] Entity added to scene
18 Mar 2016, 23:04:02.523 [  FINER] [      FXGL.GameScene] [JavaFX Application Thread] Added MainViewComponent
18 Mar 2016, 23:04:02.523 [  FINER] [       FXGL.EventBus] [JavaFX Application Thread] Firing event: WorldEvent[type=ENTITY_ADDED]
18 Mar 2016, 23:04:02.523 [  FINER] [      FXGL.GameScene] [JavaFX Application Thread] Entity added to scene
18 Mar 2016, 23:04:02.523 [  FINER] [      FXGL.GameScene] [JavaFX Application Thread] Added MainViewComponent
18 Mar 2016, 23:04:02.524 [  FINER] [       FXGL.EventBus] [JavaFX Application Thread] Firing event: WorldEvent[type=ENTITY_ADDED]
18 Mar 2016, 23:04:02.524 [  FINER] [      FXGL.GameScene] [JavaFX Application Thread] Entity added to scene
18 Mar 2016, 23:04:02.524 [  FINER] [      FXGL.GameScene] [JavaFX Application Thread] Added MainViewComponent
18 Mar 2016, 23:04:02.525 [  FINER] [       FXGL.EventBus] [JavaFX Application Thread] Firing event: WorldEvent[type=ENTITY_ADDED]
18 Mar 2016, 23:04:02.525 [  FINER] [      FXGL.GameScene] [JavaFX Application Thread] Entity added to scene
18 Mar 2016, 23:04:02.525 [  FINER] [      FXGL.GameScene] [JavaFX Application Thread] Added MainViewComponent
18 Mar 2016, 23:04:02.526 [  FINER] [       FXGL.EventBus] [JavaFX Application Thread] Firing event: WorldEvent[type=ENTITY_ADDED]
18 Mar 2016, 23:04:02.526 [  FINER] [      FXGL.GameScene] [JavaFX Application Thread] Entity added to scene
18 Mar 2016, 23:04:02.526 [  FINER] [      FXGL.GameScene] [JavaFX Application Thread] Added MainViewComponent
18 Mar 2016, 23:04:02.527 [  FINER] [       FXGL.EventBus] [JavaFX Application Thread] Firing event: WorldEvent[type=ENTITY_ADDED]
18 Mar 2016, 23:04:02.527 [  FINER] [      FXGL.GameScene] [JavaFX Application Thread] Entity added to scene
18 Mar 2016, 23:04:02.527 [  FINER] [      FXGL.GameScene] [JavaFX Application Thread] Added MainViewComponent
18 Mar 2016, 23:04:02.528 [  FINER] [       FXGL.EventBus] [JavaFX Application Thread] Firing event: WorldEvent[type=ENTITY_ADDED]
18 Mar 2016, 23:04:02.528 [  FINER] [      FXGL.GameScene] [JavaFX Application Thread] Entity added to scene
18 Mar 2016, 23:04:02.529 [  FINER] [      FXGL.GameScene] [JavaFX Application Thread] Added MainViewComponent
18 Mar 2016, 23:04:02.529 [  FINER] [       FXGL.EventBus] [JavaFX Application Thread] Firing event: WorldEvent[type=ENTITY_ADDED]
18 Mar 2016, 23:04:02.530 [  FINER] [      FXGL.GameScene] [JavaFX Application Thread] Entity added to scene
18 Mar 2016, 23:04:02.530 [  FINER] [      FXGL.GameScene] [JavaFX Application Thread] Added MainViewComponent
18 Mar 2016, 23:04:02.530 [  FINER] [       FXGL.EventBus] [JavaFX Application Thread] Firing event: WorldEvent[type=ENTITY_ADDED]
18 Mar 2016, 23:04:02.531 [  FINER] [      FXGL.GameScene] [JavaFX Application Thread] Entity added to scene
18 Mar 2016, 23:04:02.531 [  FINER] [      FXGL.GameScene] [JavaFX Application Thread] Added MainViewComponent
18 Mar 2016, 23:04:02.531 [  FINER] [       FXGL.EventBus] [JavaFX Application Thread] Firing event: WorldEvent[type=ENTITY_ADDED]
18 Mar 2016, 23:04:02.532 [  FINER] [      FXGL.GameScene] [JavaFX Application Thread] Entity added to scene
18 Mar 2016, 23:04:02.532 [  FINER] [      FXGL.GameScene] [JavaFX Application Thread] Added MainViewComponent
18 Mar 2016, 23:04:02.533 [  FINER] [       FXGL.EventBus] [JavaFX Application Thread] Firing event: WorldEvent[type=ENTITY_ADDED]
18 Mar 2016, 23:04:02.533 [  FINER] [      FXGL.GameScene] [JavaFX Application Thread] Entity added to scene
18 Mar 2016, 23:04:02.533 [  FINER] [      FXGL.GameScene] [JavaFX Application Thread] Added MainViewComponent
18 Mar 2016, 23:04:02.534 [  FINER] [       FXGL.EventBus] [JavaFX Application Thread] Firing event: WorldEvent[type=ENTITY_ADDED]
18 Mar 2016, 23:04:02.534 [  FINER] [      FXGL.GameScene] [JavaFX Application Thread] Entity added to scene
18 Mar 2016, 23:04:02.534 [  FINER] [      FXGL.GameScene] [JavaFX Application Thread] Added MainViewComponent
18 Mar 2016, 23:04:02.534 [  FINER] [       FXGL.EventBus] [JavaFX Application Thread] Firing event: WorldEvent[type=ENTITY_ADDED]
18 Mar 2016, 23:04:02.535 [  FINER] [      FXGL.GameScene] [JavaFX Application Thread] Entity added to scene
18 Mar 2016, 23:04:02.535 [  FINER] [      FXGL.GameScene] [JavaFX Application Thread] Added MainViewComponent
18 Mar 2016, 23:04:02.535 [  FINER] [       FXGL.EventBus] [JavaFX Application Thread] Firing event: WorldEvent[type=ENTITY_ADDED]
18 Mar 2016, 23:04:02.536 [  FINER] [      FXGL.GameScene] [JavaFX Application Thread] Entity added to scene
18 Mar 2016, 23:04:02.536 [  FINER] [      FXGL.GameScene] [JavaFX Application Thread] Added MainViewComponent
18 Mar 2016, 23:04:02.537 [  FINER] [       FXGL.EventBus] [JavaFX Application Thread] Firing event: WorldEvent[type=ENTITY_ADDED]
18 Mar 2016, 23:04:02.537 [  FINER] [      FXGL.GameScene] [JavaFX Application Thread] Entity added to scene
18 Mar 2016, 23:04:02.537 [  FINER] [      FXGL.GameScene] [JavaFX Application Thread] Added MainViewComponent
18 Mar 2016, 23:04:02.538 [  FINER] [       FXGL.EventBus] [JavaFX Application Thread] Firing event: WorldEvent[type=ENTITY_ADDED]
18 Mar 2016, 23:04:02.538 [  FINER] [      FXGL.GameScene] [JavaFX Application Thread] Entity added to scene
18 Mar 2016, 23:04:02.539 [  FINER] [      FXGL.GameScene] [JavaFX Application Thread] Added MainViewComponent
18 Mar 2016, 23:04:02.539 [  FINER] [       FXGL.EventBus] [JavaFX Application Thread] Firing event: WorldEvent[type=ENTITY_ADDED]
18 Mar 2016, 23:04:02.539 [  FINER] [      FXGL.GameScene] [JavaFX Application Thread] Entity added to scene
18 Mar 2016, 23:04:02.539 [  FINER] [      FXGL.GameScene] [JavaFX Application Thread] Added MainViewComponent
18 Mar 2016, 23:04:02.540 [  FINER] [       FXGL.EventBus] [JavaFX Application Thread] Firing event: WorldEvent[type=ENTITY_ADDED]
18 Mar 2016, 23:04:02.540 [  FINER] [      FXGL.GameScene] [JavaFX Application Thread] Entity added to scene
18 Mar 2016, 23:04:02.540 [  FINER] [      FXGL.GameScene] [JavaFX Application Thread] Added MainViewComponent
18 Mar 2016, 23:04:02.541 [  FINER] [       FXGL.EventBus] [JavaFX Application Thread] Firing event: WorldEvent[type=ENTITY_ADDED]
18 Mar 2016, 23:04:02.541 [  FINER] [      FXGL.GameScene] [JavaFX Application Thread] Entity added to scene
18 Mar 2016, 23:04:02.541 [  FINER] [      FXGL.GameScene] [JavaFX Application Thread] Added MainViewComponent
18 Mar 2016, 23:04:02.542 [  FINER] [       FXGL.EventBus] [JavaFX Application Thread] Firing event: WorldEvent[type=ENTITY_ADDED]
18 Mar 2016, 23:04:02.542 [  FINER] [      FXGL.GameScene] [JavaFX Application Thread] Entity added to scene
18 Mar 2016, 23:04:02.542 [  FINER] [      FXGL.GameScene] [JavaFX Application Thread] Added MainViewComponent
18 Mar 2016, 23:04:02.543 [  FINER] [       FXGL.EventBus] [JavaFX Application Thread] Firing event: WorldEvent[type=ENTITY_ADDED]
18 Mar 2016, 23:04:02.543 [  FINER] [      FXGL.GameScene] [JavaFX Application Thread] Entity added to scene
18 Mar 2016, 23:04:02.544 [  FINER] [      FXGL.GameScene] [JavaFX Application Thread] Added MainViewComponent
18 Mar 2016, 23:04:02.544 [  FINER] [       FXGL.EventBus] [JavaFX Application Thread] Firing event: WorldEvent[type=ENTITY_ADDED]
18 Mar 2016, 23:04:02.545 [  FINER] [      FXGL.GameScene] [JavaFX Application Thread] Entity added to scene
18 Mar 2016, 23:04:02.545 [  FINER] [      FXGL.GameScene] [JavaFX Application Thread] Added MainViewComponent
18 Mar 2016, 23:04:02.546 [  FINER] [       FXGL.EventBus] [JavaFX Application Thread] Firing event: WorldEvent[type=ENTITY_ADDED]
18 Mar 2016, 23:04:02.546 [  FINER] [      FXGL.GameScene] [JavaFX Application Thread] Entity added to scene
18 Mar 2016, 23:04:02.546 [  FINER] [      FXGL.GameScene] [JavaFX Application Thread] Added MainViewComponent
18 Mar 2016, 23:04:04.749 [  FINER] [    FXGL.Application] [JavaFX Application Thread] Pausing main loop
18 Mar 2016, 23:04:04.749 [  FINER] [       FXGL.EventBus] [JavaFX Application Thread] Firing event: FXGLEvent[type=PAUSE]
18 Mar 2016, 23:04:04.750 [  FINER] [          FXGL.Input] [JavaFX Application Thread] Clearing active input actions
18 Mar 2016, 23:04:04.751 [  FINER] [    FXGL.MasterTimer] [JavaFX Application Thread] Stopping master timer
18 Mar 2016, 23:04:04.751 [  FINER] [    FXGL.Application] [JavaFX Application Thread] State: PLAYING -> PAUSED
18 Mar 2016, 23:04:04.751 [ SEVERE] [    FXGL.Application] [JavaFX Application Thread] Uncaught Exception:
18 Mar 2016, 23:04:04.752 [ SEVERE] [    FXGL.Application] [JavaFX Application Thread] 

Exception occurred: java.lang.RuntimeException : java.lang.reflect.InvocationTargetExceptionE: com.almasb.fxgl.input.Input$1.onAction(Input.java:424)
E: java.lang.Iterable.forEach(Unknown Source)
E: com.almasb.fxgl.input.Input.lambda$new$82(Input.java:112)
E: com.sun.javafx.event.CompositeEventHandler$NormalEventHandlerRecord.handleBubblingEvent(Unknown Source)
E: com.sun.javafx.event.CompositeEventHandler.dispatchBubblingEvent(Unknown Source)
E: com.sun.javafx.event.EventHandlerManager.dispatchBubblingEvent(Unknown Source)
E: com.sun.javafx.event.EventHandlerManager.dispatchBubblingEvent(Unknown Source)
E: com.sun.javafx.event.CompositeEventDispatcher.dispatchBubblingEvent(Unknown Source)
E: com.sun.javafx.event.BasicEventDispatcher.dispatchEvent(Unknown Source)
E: com.sun.javafx.event.EventDispatchChainImpl.dispatchEvent(Unknown Source)
E: com.sun.javafx.event.EventUtil.fireEventImpl(Unknown Source)
E: com.sun.javafx.event.EventUtil.fireEvent(Unknown Source)
E: javafx.event.Event.fireEvent(Unknown Source)
E: javafx.scene.Node.fireEvent(Unknown Source)
E: com.almasb.fxeventbus.FXEventBus.fireEvent(FXEventBus.java:28)
E: com.almasb.fxgl.event.FXGLEventBus.fireEvent(FXGLEventBus.java:73)
E: com.almasb.fxgl.time.FXGLMasterTimer.handle(FXGLMasterTimer.java:132)
E: javafx.animation.AnimationTimer$AnimationTimerReceiver.lambda$handle$484(Unknown Source)
E: java.security.AccessController.doPrivileged(Native Method)
E: javafx.animation.AnimationTimer$AnimationTimerReceiver.handle(Unknown Source)
E: com.sun.scenario.animation.AbstractMasterTimer.timePulseImpl(Unknown Source)
E: com.sun.scenario.animation.AbstractMasterTimer$MainLoop.run(Unknown Source)
E: com.sun.javafx.tk.quantum.QuantumToolkit.pulse(Unknown Source)
E: com.sun.javafx.tk.quantum.QuantumToolkit.pulse(Unknown Source)
E: com.sun.javafx.tk.quantum.QuantumToolkit.lambda$runToolkit$404(Unknown Source)
E: com.sun.glass.ui.InvokeLaterDispatcher$Future.run(Unknown Source)
E: com.sun.glass.ui.win.WinApplication._runLoop(Native Method)
E: com.sun.glass.ui.win.WinApplication.lambda$null$148(Unknown Source)
E: java.lang.Thread.run(Unknown Source)

18 Mar 2016, 23:04:04.753 [ SEVERE] [    FXGL.Application] [JavaFX Application Thread] Application will now exit
18 Mar 2016, 23:04:06.796 [  FINER] [    FXGL.Application] [JavaFX Application Thread] Exiting Normally
18 Mar 2016, 23:04:06.796 [  FINER] [       FXGL.EventBus] [JavaFX Application Thread] Firing event: FXGLEvent[type=EXIT]
18 Mar 2016, 23:04:06.797 [  FINER] [         FXGL.Logger] [JavaFX Application Thread] Logger is closing
