21 Mar 2016, 19:44:02.434 [   INFO] [         FXGL.Logger] [JavaFX Application Thread] Logger initialized with level: CONFIG
21 Mar 2016, 19:44:02.437 [  FINER] [         FXGL.Logger] [JavaFX Application Thread] CPU cores: 4
21 Mar 2016, 19:44:02.439 [  FINER] [         FXGL.Logger] [JavaFX Application Thread] Free Memory: 107MB
21 Mar 2016, 19:44:02.439 [  FINER] [         FXGL.Logger] [JavaFX Application Thread] Max Memory: 1755MB
21 Mar 2016, 19:44:02.440 [  FINER] [         FXGL.Logger] [JavaFX Application Thread] Total Memory: 119MB
21 Mar 2016, 19:44:02.440 [  FINER] [         FXGL.Logger] [JavaFX Application Thread] System Properties:
21 Mar 2016, 19:44:02.441 [  FINER] [         FXGL.Logger] [JavaFX Application Thread] sun.cpu.isalist=amd64
21 Mar 2016, 19:44:02.441 [  FINER] [         FXGL.Logger] [JavaFX Application Thread] sun.desktop=windows
21 Mar 2016, 19:44:02.442 [  FINER] [         FXGL.Logger] [JavaFX Application Thread] sun.io.unicode.encoding=UnicodeLittle
21 Mar 2016, 19:44:02.442 [  FINER] [         FXGL.Logger] [JavaFX Application Thread] sun.cpu.endian=little
21 Mar 2016, 19:44:02.442 [  FINER] [         FXGL.Logger] [JavaFX Application Thread] java.vendor.url.bug=http://bugreport.sun.com/bugreport/
21 Mar 2016, 19:44:02.442 [  FINER] [         FXGL.Logger] [JavaFX Application Thread] file.separator=\
21 Mar 2016, 19:44:02.442 [  FINER] [         FXGL.Logger] [JavaFX Application Thread] java.vendor=Oracle Corporation
21 Mar 2016, 19:44:02.443 [  FINER] [         FXGL.Logger] [JavaFX Application Thread] sun.boot.class.path=C:\Program Files\Java\jre1.8.0_73\lib\resources.jar;C:\Program Files\Java\jre1.8.0_73\lib\rt.jar;C:\Program Files\Java\jre1.8.0_73\lib\sunrsasign.jar;C:\Program Files\Java\jre1.8.0_73\lib\jsse.jar;C:\Program Files\Java\jre1.8.0_73\lib\jce.jar;C:\Program Files\Java\jre1.8.0_73\lib\charsets.jar;C:\Program Files\Java\jre1.8.0_73\lib\jfr.jar;C:\Program Files\Java\jre1.8.0_73\classes
21 Mar 2016, 19:44:02.443 [  FINER] [         FXGL.Logger] [JavaFX Application Thread] java.ext.dirs=C:\Program Files\Java\jre1.8.0_73\lib\ext;C:\Windows\Sun\Java\lib\ext
21 Mar 2016, 19:44:02.443 [  FINER] [         FXGL.Logger] [JavaFX Application Thread] java.version=1.8.0_73
21 Mar 2016, 19:44:02.443 [  FINER] [         FXGL.Logger] [JavaFX Application Thread] java.vm.info=mixed mode
21 Mar 2016, 19:44:02.444 [  FINER] [         FXGL.Logger] [JavaFX Application Thread] awt.toolkit=sun.awt.windows.WToolkit
21 Mar 2016, 19:44:02.444 [  FINER] [         FXGL.Logger] [JavaFX Application Thread] user.language=en
21 Mar 2016, 19:44:02.444 [  FINER] [         FXGL.Logger] [JavaFX Application Thread] java.specification.vendor=Oracle Corporation
21 Mar 2016, 19:44:02.444 [  FINER] [         FXGL.Logger] [JavaFX Application Thread] sun.java.command=SpaceInvaders.SpaceInvadersApp
21 Mar 2016, 19:44:02.444 [  FINER] [         FXGL.Logger] [JavaFX Application Thread] java.home=C:\Program Files\Java\jre1.8.0_73
21 Mar 2016, 19:44:02.445 [  FINER] [         FXGL.Logger] [JavaFX Application Thread] sun.arch.data.model=64
21 Mar 2016, 19:44:02.445 [  FINER] [         FXGL.Logger] [JavaFX Application Thread] java.vm.specification.version=1.8
21 Mar 2016, 19:44:02.445 [  FINER] [         FXGL.Logger] [JavaFX Application Thread] java.class.path=D:\workspace\SpaceInvaders\target\classes;C:\Program Files\eclipse\plugins\org.junit_4.12.0.v201504281640\junit.jar;C:\Program Files\eclipse\plugins\org.hamcrest.core_1.3.0.v201303031735.jar;C:\Users\Anwar Saleeby\.m2\repository\com\github\AlmasB\FXGL\0.2.1-0.2.0-gba5970d-32\FXGL-0.2.1-0.2.0-gba5970d-32.jar;C:\Users\Anwar Saleeby\.m2\repository\com\google\inject\guice\4.0\guice-4.0.jar;C:\Users\Anwar Saleeby\.m2\repository\javax\inject\javax.inject\1\javax.inject-1.jar;C:\Users\Anwar Saleeby\.m2\repository\aopalliance\aopalliance\1.0\aopalliance-1.0.jar;C:\Users\Anwar Saleeby\.m2\repository\com\google\guava\guava\16.0.1\guava-16.0.1.jar;C:\Users\Anwar Saleeby\.m2\repository\org\jfxtras\jfxtras-window\8.0-r4\jfxtras-window-8.0-r4.jar;C:\Users\Anwar Saleeby\.m2\repository\org\jfxtras\jfxtras-common\8.0-r4\jfxtras-common-8.0-r4.jar;C:\Users\Anwar Saleeby\.m2\repository\com\github\AlmasB\FXEventBus\1.0\FXEventBus-1.0.jar;C:\Users\Anwar Saleeby\.m2\repository\com\github\AlmasB\Ents\1.0\Ents-1.0.jar;C:\Users\Anwar Saleeby\.m2\repository\org\apache\logging\log4j\log4j-api\2.5\log4j-api-2.5.jar;C:\Users\Anwar Saleeby\.m2\repository\org\apache\logging\log4j\log4j-core\2.5\log4j-core-2.5.jar;C:\Users\Anwar Saleeby\.m2\repository\com\github\AlmasB\AStar\1.0\AStar-1.0.jar
21 Mar 2016, 19:44:02.446 [  FINER] [         FXGL.Logger] [JavaFX Application Thread] user.name=Anwar Saleeby
21 Mar 2016, 19:44:02.446 [  FINER] [         FXGL.Logger] [JavaFX Application Thread] file.encoding=UTF-8
21 Mar 2016, 19:44:02.446 [  FINER] [         FXGL.Logger] [JavaFX Application Thread] java.specification.version=1.8
21 Mar 2016, 19:44:02.447 [  FINER] [         FXGL.Logger] [JavaFX Application Thread] java.awt.printerjob=sun.awt.windows.WPrinterJob
21 Mar 2016, 19:44:02.447 [  FINER] [         FXGL.Logger] [JavaFX Application Thread] user.timezone=America/New_York
21 Mar 2016, 19:44:02.447 [  FINER] [         FXGL.Logger] [JavaFX Application Thread] user.home=C:\Users\Anwar Saleeby
21 Mar 2016, 19:44:02.448 [  FINER] [         FXGL.Logger] [JavaFX Application Thread] os.version=10.0
21 Mar 2016, 19:44:02.448 [  FINER] [         FXGL.Logger] [JavaFX Application Thread] sun.management.compiler=HotSpot 64-Bit Tiered Compilers
21 Mar 2016, 19:44:02.448 [  FINER] [         FXGL.Logger] [JavaFX Application Thread] java.specification.name=Java Platform API Specification
21 Mar 2016, 19:44:02.448 [  FINER] [         FXGL.Logger] [JavaFX Application Thread] java.class.version=52.0
21 Mar 2016, 19:44:02.449 [  FINER] [         FXGL.Logger] [JavaFX Application Thread] java.library.path=C:\Program Files\Java\jre1.8.0_73\bin;C:\Windows\Sun\Java\bin;C:\Windows\system32;C:\Windows;C:/Program Files/Java/jre1.8.0_73/bin/server;C:/Program Files/Java/jre1.8.0_73/bin;C:/Program Files/Java/jre1.8.0_73/lib/amd64;C:\oraclexe\app\oracle\product\11.2.0\server\bin;C:\ProgramData\Oracle\Java\javapath;C:\Windows\system32;C:\Windows;C:\Windows\System32\Wbem;C:\Windows\System32\WindowsPowerShell\v1.0\;C:\Program Files\nodejs\;C:\Program Files\Git\cmd;C:\Users\Anwar Saleeby\AppData\Local\Programs\Python\Python35\Scripts\;C:\Users\Anwar Saleeby\AppData\Local\Programs\Python\Python35\;C:\Users\Anwar Saleeby\AppData\Roaming\npm;C:\Program Files\MongoDB\Server\3.2\bin;C:\Program Files\Git;C:\Program Files\eclipse;;.
21 Mar 2016, 19:44:02.449 [  FINER] [         FXGL.Logger] [JavaFX Application Thread] sun.jnu.encoding=Cp1252
21 Mar 2016, 19:44:02.449 [  FINER] [         FXGL.Logger] [JavaFX Application Thread] os.name=Windows 10
21 Mar 2016, 19:44:02.450 [  FINER] [         FXGL.Logger] [JavaFX Application Thread] user.variant=
21 Mar 2016, 19:44:02.450 [  FINER] [         FXGL.Logger] [JavaFX Application Thread] java.vm.specification.vendor=Oracle Corporation
21 Mar 2016, 19:44:02.450 [  FINER] [         FXGL.Logger] [JavaFX Application Thread] java.io.tmpdir=C:\Users\ANWARS~1\AppData\Local\Temp\
21 Mar 2016, 19:44:02.452 [  FINER] [         FXGL.Logger] [JavaFX Application Thread] line.separator=

21 Mar 2016, 19:44:02.452 [  FINER] [         FXGL.Logger] [JavaFX Application Thread] java.endorsed.dirs=C:\Program Files\Java\jre1.8.0_73\lib\endorsed
21 Mar 2016, 19:44:02.453 [  FINER] [         FXGL.Logger] [JavaFX Application Thread] os.arch=amd64
21 Mar 2016, 19:44:02.453 [  FINER] [         FXGL.Logger] [JavaFX Application Thread] javafx.runtime.version=8.0.71-b15
21 Mar 2016, 19:44:02.453 [  FINER] [         FXGL.Logger] [JavaFX Application Thread] java.awt.graphicsenv=sun.awt.Win32GraphicsEnvironment
21 Mar 2016, 19:44:02.453 [  FINER] [         FXGL.Logger] [JavaFX Application Thread] java.runtime.version=1.8.0_73-b02
21 Mar 2016, 19:44:02.453 [  FINER] [         FXGL.Logger] [JavaFX Application Thread] java.vm.specification.name=Java Virtual Machine Specification
21 Mar 2016, 19:44:02.454 [  FINER] [         FXGL.Logger] [JavaFX Application Thread] user.dir=D:\workspace\SpaceInvaders
21 Mar 2016, 19:44:02.454 [  FINER] [         FXGL.Logger] [JavaFX Application Thread] user.country=US
21 Mar 2016, 19:44:02.454 [  FINER] [         FXGL.Logger] [JavaFX Application Thread] user.script=
21 Mar 2016, 19:44:02.455 [  FINER] [         FXGL.Logger] [JavaFX Application Thread] sun.java.launcher=SUN_STANDARD
21 Mar 2016, 19:44:02.455 [  FINER] [         FXGL.Logger] [JavaFX Application Thread] sun.os.patch.level=
21 Mar 2016, 19:44:02.455 [  FINER] [         FXGL.Logger] [JavaFX Application Thread] java.vm.name=Java HotSpot(TM) 64-Bit Server VM
21 Mar 2016, 19:44:02.456 [  FINER] [         FXGL.Logger] [JavaFX Application Thread] file.encoding.pkg=sun.io
21 Mar 2016, 19:44:02.456 [  FINER] [         FXGL.Logger] [JavaFX Application Thread] path.separator=;
21 Mar 2016, 19:44:02.456 [  FINER] [         FXGL.Logger] [JavaFX Application Thread] java.vm.vendor=Oracle Corporation
21 Mar 2016, 19:44:02.457 [  FINER] [         FXGL.Logger] [JavaFX Application Thread] java.vendor.url=http://java.oracle.com/
21 Mar 2016, 19:44:02.457 [  FINER] [         FXGL.Logger] [JavaFX Application Thread] sun.boot.library.path=C:\Program Files\Java\jre1.8.0_73\bin
21 Mar 2016, 19:44:02.457 [  FINER] [         FXGL.Logger] [JavaFX Application Thread] java.vm.version=25.73-b02
21 Mar 2016, 19:44:02.457 [  FINER] [         FXGL.Logger] [JavaFX Application Thread] java.runtime.name=Java(TM) SE Runtime Environment
21 Mar 2016, 19:44:02.458 [  FINER] [         FXGL.Logger] [JavaFX Application Thread] javafx.version=8.0.71
21 Mar 2016, 19:44:02.463 [   INFO] [        FXGL.Version] [JavaFX Application Thread] FXGL-0.2.1-SNAPSHOT
21 Mar 2016, 19:44:02.464 [   INFO] [        FXGL.Version] [JavaFX Application Thread] Source code and latest builds at: https://github.com/AlmasB/FXGL
21 Mar 2016, 19:44:02.471 [  FINER] [    FXGL.Application] [JavaFX Application Thread] Game_clinit()
21 Mar 2016, 19:44:02.477 [  FINER] [    FXGL.Application] [JavaFX-Launcher] FXGL_init()
21 Mar 2016, 19:44:02.504 [  FINER] [    FXGL.Application] [JavaFX Application Thread] FXGL_start()
21 Mar 2016, 19:44:02.505 [  FINER] [    FXGL.Application] [JavaFX Application Thread] Initializing system properties
21 Mar 2016, 19:44:02.507 [  FINER] [    FXGL.Application] [JavaFX Application Thread] sound.notification = system/notification.wav
21 Mar 2016, 19:44:02.508 [  FINER] [    FXGL.Application] [JavaFX Application Thread] asset.cache.size = 35
21 Mar 2016, 19:44:02.508 [  FINER] [    FXGL.Application] [JavaFX Application Thread] ui.font = Copperplate_Gothic_Light_Regular.ttf
21 Mar 2016, 19:44:02.508 [  FINER] [    FXGL.Application] [JavaFX Application Thread] sound.menu.back = menu/back.wav
21 Mar 2016, 19:44:02.508 [  FINER] [    FXGL.Application] [JavaFX Application Thread] sound.menu.select = menu/select.wav
21 Mar 2016, 19:44:02.509 [  FINER] [    FXGL.Application] [JavaFX Application Thread] physics.ppm = 50
21 Mar 2016, 19:44:02.509 [  FINER] [    FXGL.Application] [JavaFX Application Thread] ui.css = fxgl.css
21 Mar 2016, 19:44:02.509 [  FINER] [    FXGL.Application] [JavaFX Application Thread] ui.icon.name = fxgl_icon.png
21 Mar 2016, 19:44:02.509 [  FINER] [    FXGL.Application] [JavaFX Application Thread] sound.menu.press = menu/press.wav
21 Mar 2016, 19:44:02.510 [  FINER] [    FXGL.Application] [JavaFX Application Thread] Initializing user properties
21 Mar 2016, 19:44:02.510 [   INFO] [    FXGL.Application] [JavaFX Application Thread] User properties not found. Using system
21 Mar 2016, 19:44:02.522 [   INFO] [         FXGL.Logger] [JavaFX Application Thread] Logger level set to: CONFIG
21 Mar 2016, 19:44:02.523 [   INFO] [    FXGL.Application] [JavaFX Application Thread] Application Mode: DEVELOPER
21 Mar 2016, 19:44:03.506 [  FINER] [    FXGL.Application] [JavaFX Application Thread] Services configuration complete
21 Mar 2016, 19:44:03.517 [  FINER] [       FXGL.EventBus] [JavaFX Application Thread] Service [EventBus] initialized
21 Mar 2016, 19:44:03.520 [  FINER] [    FXGL.AssetLoader] [JavaFX Application Thread] Service [AssetLoader] initialized
21 Mar 2016, 19:44:03.523 [  FINER] [    FXGL.AssetLoader] [JavaFX Application Thread] Loading from disk: /assets/sounds/system/notification.wav
21 Mar 2016, 19:44:03.546 [  FINER] [    FXGL.AssetLoader] [JavaFX Application Thread] Loading from disk: /assets/sounds/menu/select.wav
21 Mar 2016, 19:44:03.549 [  FINER] [    FXGL.AssetLoader] [JavaFX Application Thread] Loading from disk: /assets/sounds/menu/back.wav
21 Mar 2016, 19:44:03.551 [  FINER] [    FXGL.AssetLoader] [JavaFX Application Thread] Loading from disk: /assets/sounds/menu/press.wav
21 Mar 2016, 19:44:03.553 [  FINER] [    FXGL.AssetLoader] [JavaFX Application Thread] Loading from disk: /assets/ui/fonts/Copperplate_Gothic_Light_Regular.ttf
21 Mar 2016, 19:44:03.626 [  FINER] [    FXGL.AssetLoader] [JavaFX Application Thread] Loading from disk: /assets/ui/css/fxgl.css
21 Mar 2016, 19:44:03.627 [  FINER] [    FXGL.AssetLoader] [JavaFX Application Thread] Loading from disk: /assets/ui/icons/fxgl_icon.png
21 Mar 2016, 19:44:03.664 [  FINER] [    FXGL.AssetLoader] [JavaFX Application Thread] Loading from disk: /assets/ui/css/fxgl_dark.css
21 Mar 2016, 19:44:03.734 [  FINER] [        FXGL.Display] [JavaFX Application Thread] Target size: 480.0x600.0@1.0
21 Mar 2016, 19:44:03.735 [  FINER] [        FXGL.Display] [JavaFX Application Thread] New size:    480.0x600.0@1.0
21 Mar 2016, 19:44:03.736 [  FINER] [        FXGL.Display] [JavaFX Application Thread] Service [Display] initialized
21 Mar 2016, 19:44:03.736 [  FINER] [        FXGL.Display] [JavaFX Application Thread] Using CSS: CSS[jar:file:/C:/Users/Anwar%20Saleeby/.m2/repository/com/github/AlmasB/FXGL/0.2.1-0.2.0-gba5970d-32/FXGL-0.2.1-0.2.0-gba5970d-32.jar!/assets/ui/css/fxgl_dark.css]
21 Mar 2016, 19:44:03.739 [  FINER] [          FXGL.Input] [JavaFX Application Thread] Service [Input] initialized
21 Mar 2016, 19:44:03.742 [  FINER] [    FXGL.AudioPlayer] [JavaFX Application Thread] Service [AudioPlayer] initialized
21 Mar 2016, 19:44:03.749 [  FINER] [    FXGL.MasterTimer] [JavaFX Application Thread] Service [MasterTimer] initialized
21 Mar 2016, 19:44:03.762 [  FINER] [      FXGL.GameScene] [JavaFX Application Thread] Game scene initialized
21 Mar 2016, 19:44:03.763 [  FINER] [FXGL.NotificationSer] [JavaFX Application Thread] Service [NotificationService] initialized
21 Mar 2016, 19:44:03.971 [  FINER] [      FXGL.GameWorld] [JavaFX Application Thread] Game world initialized
21 Mar 2016, 19:44:04.092 [  FINER] [   FXGL.PhysicsWorld] [JavaFX Application Thread] Physics world initialized
21 Mar 2016, 19:44:04.117 [  FINER] [    FXGL.Application] [JavaFX Application Thread] Game_start()
21 Mar 2016, 19:44:04.127 [  FINER] [          FXGL.Input] [JavaFX Application Thread] Registered new binding: Move Left A
21 Mar 2016, 19:44:04.128 [  FINER] [          FXGL.Input] [JavaFX Application Thread] Registered new binding: Shoot Space
21 Mar 2016, 19:44:04.128 [  FINER] [          FXGL.Input] [JavaFX Application Thread] Registered new binding: Move Right D
21 Mar 2016, 19:44:04.130 [  FINER] [    FXGL.Application] [JavaFX Application Thread] Saving data to profile
21 Mar 2016, 19:44:04.132 [  FINER] [    FXGL.UserProfile] [JavaFX Application Thread] Logging bundle: game
21 Mar 2016, 19:44:04.132 [  FINER] [    FXGL.UserProfile] [JavaFX Application Thread] game.playtime=1655329330
21 Mar 2016, 19:44:04.133 [  FINER] [       FXGL.EventBus] [JavaFX Application Thread] Firing event: SaveEvent
21 Mar 2016, 19:44:04.135 [  FINER] [        FXGL.Display] [JavaFX Application Thread] Saving data to profile
21 Mar 2016, 19:44:04.136 [  FINER] [    FXGL.UserProfile] [JavaFX Application Thread] Logging bundle: scene
21 Mar 2016, 19:44:04.136 [  FINER] [    FXGL.UserProfile] [JavaFX Application Thread] scene.sizeW=480.0
21 Mar 2016, 19:44:04.136 [  FINER] [    FXGL.UserProfile] [JavaFX Application Thread] scene.sizeH=600.0
21 Mar 2016, 19:44:04.137 [  FINER] [          FXGL.Input] [JavaFX Application Thread] Saving data to profile
21 Mar 2016, 19:44:04.137 [  FINER] [    FXGL.UserProfile] [JavaFX Application Thread] Logging bundle: input
21 Mar 2016, 19:44:04.137 [  FINER] [    FXGL.UserProfile] [JavaFX Application Thread] input.Shoot=Space
21 Mar 2016, 19:44:04.138 [  FINER] [    FXGL.UserProfile] [JavaFX Application Thread] input.Move Right=D
21 Mar 2016, 19:44:04.138 [  FINER] [    FXGL.UserProfile] [JavaFX Application Thread] input.Move Left=A
21 Mar 2016, 19:44:04.138 [  FINER] [    FXGL.AudioPlayer] [JavaFX Application Thread] Saving data to profile
21 Mar 2016, 19:44:04.138 [  FINER] [    FXGL.UserProfile] [JavaFX Application Thread] Logging bundle: audio
21 Mar 2016, 19:44:04.139 [  FINER] [    FXGL.UserProfile] [JavaFX Application Thread] audio.musicVolume=0.5
21 Mar 2016, 19:44:04.139 [  FINER] [    FXGL.UserProfile] [JavaFX Application Thread] audio.soundVolume=0.5
21 Mar 2016, 19:44:04.139 [  FINER] [FXGL.AchievementMana] [JavaFX Application Thread] Saving data to profile
21 Mar 2016, 19:44:04.140 [  FINER] [    FXGL.UserProfile] [JavaFX Application Thread] Logging bundle: achievement
21 Mar 2016, 19:44:04.141 [  FINER] [    FXGL.Application] [JavaFX Application Thread] Starting new game
21 Mar 2016, 19:44:04.143 [  FINER] [    FXGL.Application] [JavaFX Application Thread] Initializing App
21 Mar 2016, 19:44:04.143 [  FINER] [    FXGL.Application] [JavaFX Application Thread] Pausing main loop
21 Mar 2016, 19:44:04.143 [  FINER] [       FXGL.EventBus] [JavaFX Application Thread] Firing event: FXGLEvent[type=PAUSE]
21 Mar 2016, 19:44:04.144 [  FINER] [          FXGL.Input] [JavaFX Application Thread] Clearing active input actions
21 Mar 2016, 19:44:04.144 [  FINER] [    FXGL.MasterTimer] [JavaFX Application Thread] Stopping master timer
21 Mar 2016, 19:44:04.144 [  FINER] [    FXGL.Application] [JavaFX Application Thread] State: STARTUP -> PAUSED
21 Mar 2016, 19:44:04.145 [  FINER] [    FXGL.Application] [JavaFX Application Thread] Resetting FXGL application
21 Mar 2016, 19:44:04.145 [  FINER] [       FXGL.EventBus] [JavaFX Application Thread] Firing event: FXGLEvent[type=RESET]
21 Mar 2016, 19:44:04.145 [  FINER] [          FXGL.Input] [JavaFX Application Thread] Clearing active input actions
21 Mar 2016, 19:44:04.145 [  FINER] [    FXGL.MasterTimer] [JavaFX Application Thread] Resetting ticks to 0
21 Mar 2016, 19:44:04.145 [  FINER] [    FXGL.MasterTimer] [JavaFX Application Thread] Clearing all scheduled actions
21 Mar 2016, 19:44:04.146 [  FINER] [      FXGL.GameScene] [JavaFX Application Thread] Resetting game scene
21 Mar 2016, 19:44:04.146 [  FINER] [      FXGL.GameWorld] [JavaFX Application Thread] Resetting game world
21 Mar 2016, 19:44:04.147 [  FINER] [    FXGL.Application] [JavaFX Application Thread] State: PAUSED -> LOADING
21 Mar 2016, 19:44:04.178 [  FINER] [    FXGL.Application] [JavaFX Application Thread] Starting FXGL Init Thread
21 Mar 2016, 19:44:04.179 [  FINER] [    FXGL.Application] [FXGL Init Thread] Initializing Assets
21 Mar 2016, 19:44:04.184 [  FINER] [    FXGL.AssetLoader] [FXGL Init Thread] Loading from disk: /assets/textures/enemy.png
21 Mar 2016, 19:44:04.190 [  FINER] [    FXGL.AssetLoader] [FXGL Init Thread] Loading from disk: /assets/textures/enemyReduced.png
21 Mar 2016, 19:44:04.192 [  FINER] [    FXGL.AssetLoader] [FXGL Init Thread] Loading from disk: /assets/textures/enemyReduced1.png
21 Mar 2016, 19:44:04.193 [  FINER] [    FXGL.AssetLoader] [FXGL Init Thread] Loading from disk: /assets/textures/enemyReduced2.png
21 Mar 2016, 19:44:04.195 [  FINER] [    FXGL.AssetLoader] [FXGL Init Thread] Loading from disk: /assets/textures/enemyReduced3.png
21 Mar 2016, 19:44:04.196 [  FINER] [    FXGL.AssetLoader] [FXGL Init Thread] Loading from disk: /assets/textures/life.png
21 Mar 2016, 19:44:04.197 [  FINER] [    FXGL.AssetLoader] [FXGL Init Thread] Loading from disk: /assets/textures/spaceship.png
21 Mar 2016, 19:44:04.199 [  FINER] [    FXGL.AssetLoader] [FXGL Init Thread] Loading from disk: /assets/textures/spaceshipReduced.png
21 Mar 2016, 19:44:04.200 [  FINER] [    FXGL.AssetLoader] [FXGL Init Thread] Loading from disk: /assets/textures/text.png
21 Mar 2016, 19:44:04.224 [  FINER] [    FXGL.AssetLoader] [FXGL Init Thread] Loading from disk: /assets/textures/wall.png
21 Mar 2016, 19:44:04.230 [  FINER] [    FXGL.AssetLoader] [FXGL Init Thread] Loading from disk: /assets/music/bgm.mp3
21 Mar 2016, 19:44:04.422 [  FINER] [    FXGL.AssetLoader] [FXGL Init Thread] Loading from cache: /assets/ui/fonts/Copperplate_Gothic_Light_Regular.ttf
21 Mar 2016, 19:44:04.437 [  FINER] [    FXGL.Application] [JavaFX Application Thread] Showing stage
21 Mar 2016, 19:44:04.438 [  FINER] [    FXGL.Application] [JavaFX Application Thread] Root size: 480.0x600.0
21 Mar 2016, 19:44:04.438 [  FINER] [    FXGL.Application] [JavaFX Application Thread] Scene size: 480.0x600.0
21 Mar 2016, 19:44:04.438 [  FINER] [    FXGL.Application] [JavaFX Application Thread] Stage size: 486.0x629.0
21 Mar 2016, 19:44:04.501 [  FINER] [    FXGL.Application] [FXGL Init Thread] Initializing Game
21 Mar 2016, 19:44:04.534 [  FINER] [    FXGL.AssetLoader] [FXGL Init Thread] Loading from cache: /assets/textures/enemyReduced2.png
21 Mar 2016, 19:44:04.542 [  FINER] [    FXGL.AssetLoader] [FXGL Init Thread] Loading from cache: /assets/textures/enemyReduced3.png
21 Mar 2016, 19:44:04.543 [  FINER] [    FXGL.AssetLoader] [FXGL Init Thread] Loading from cache: /assets/textures/enemyReduced2.png
21 Mar 2016, 19:44:04.545 [  FINER] [    FXGL.AssetLoader] [FXGL Init Thread] Loading from cache: /assets/textures/enemyReduced2.png
21 Mar 2016, 19:44:04.547 [  FINER] [    FXGL.AssetLoader] [FXGL Init Thread] Loading from cache: /assets/textures/enemyReduced1.png
21 Mar 2016, 19:44:04.548 [  FINER] [    FXGL.AssetLoader] [FXGL Init Thread] Loading from cache: /assets/textures/enemyReduced2.png
21 Mar 2016, 19:44:04.549 [  FINER] [    FXGL.AssetLoader] [FXGL Init Thread] Loading from cache: /assets/textures/enemyReduced1.png
21 Mar 2016, 19:44:04.551 [  FINER] [    FXGL.AssetLoader] [FXGL Init Thread] Loading from cache: /assets/textures/enemyReduced2.png
21 Mar 2016, 19:44:04.553 [  FINER] [    FXGL.AssetLoader] [FXGL Init Thread] Loading from cache: /assets/textures/enemyReduced3.png
21 Mar 2016, 19:44:04.554 [  FINER] [    FXGL.AssetLoader] [FXGL Init Thread] Loading from cache: /assets/textures/enemyReduced3.png
21 Mar 2016, 19:44:04.555 [  FINER] [    FXGL.AssetLoader] [FXGL Init Thread] Loading from cache: /assets/textures/enemyReduced2.png
21 Mar 2016, 19:44:04.557 [  FINER] [    FXGL.AssetLoader] [FXGL Init Thread] Loading from cache: /assets/textures/enemyReduced3.png
21 Mar 2016, 19:44:04.558 [  FINER] [    FXGL.AssetLoader] [FXGL Init Thread] Loading from cache: /assets/textures/enemyReduced2.png
21 Mar 2016, 19:44:04.559 [  FINER] [    FXGL.AssetLoader] [FXGL Init Thread] Loading from cache: /assets/textures/enemyReduced3.png
21 Mar 2016, 19:44:04.561 [  FINER] [    FXGL.AssetLoader] [FXGL Init Thread] Loading from cache: /assets/textures/enemyReduced1.png
21 Mar 2016, 19:44:04.562 [  FINER] [    FXGL.AssetLoader] [FXGL Init Thread] Loading from cache: /assets/textures/enemyReduced3.png
21 Mar 2016, 19:44:04.563 [  FINER] [    FXGL.AssetLoader] [FXGL Init Thread] Loading from cache: /assets/textures/enemyReduced1.png
21 Mar 2016, 19:44:04.565 [  FINER] [    FXGL.AssetLoader] [FXGL Init Thread] Loading from cache: /assets/textures/enemyReduced1.png
21 Mar 2016, 19:44:04.567 [  FINER] [    FXGL.AssetLoader] [FXGL Init Thread] Loading from cache: /assets/textures/enemyReduced2.png
21 Mar 2016, 19:44:04.568 [  FINER] [    FXGL.AssetLoader] [FXGL Init Thread] Loading from cache: /assets/textures/enemyReduced2.png
21 Mar 2016, 19:44:04.569 [  FINER] [    FXGL.AssetLoader] [FXGL Init Thread] Loading from cache: /assets/textures/enemyReduced3.png
21 Mar 2016, 19:44:04.571 [  FINER] [    FXGL.AssetLoader] [FXGL Init Thread] Loading from cache: /assets/textures/enemyReduced3.png
21 Mar 2016, 19:44:04.572 [  FINER] [    FXGL.AssetLoader] [FXGL Init Thread] Loading from cache: /assets/textures/enemyReduced3.png
21 Mar 2016, 19:44:04.573 [  FINER] [    FXGL.AssetLoader] [FXGL Init Thread] Loading from cache: /assets/textures/enemyReduced2.png
21 Mar 2016, 19:44:04.574 [  FINER] [    FXGL.AssetLoader] [FXGL Init Thread] Loading from cache: /assets/textures/enemyReduced2.png
21 Mar 2016, 19:44:04.576 [  FINER] [    FXGL.AssetLoader] [FXGL Init Thread] Loading from cache: /assets/textures/enemyReduced2.png
21 Mar 2016, 19:44:04.577 [  FINER] [    FXGL.AssetLoader] [FXGL Init Thread] Loading from cache: /assets/textures/enemyReduced1.png
21 Mar 2016, 19:44:04.578 [  FINER] [    FXGL.AssetLoader] [FXGL Init Thread] Loading from cache: /assets/textures/enemyReduced3.png
21 Mar 2016, 19:44:04.580 [  FINER] [    FXGL.AssetLoader] [FXGL Init Thread] Loading from cache: /assets/textures/enemyReduced2.png
21 Mar 2016, 19:44:04.581 [  FINER] [    FXGL.AssetLoader] [FXGL Init Thread] Loading from cache: /assets/textures/enemyReduced2.png
21 Mar 2016, 19:44:04.582 [  FINER] [    FXGL.AssetLoader] [FXGL Init Thread] Loading from cache: /assets/textures/enemyReduced2.png
21 Mar 2016, 19:44:04.583 [  FINER] [    FXGL.AssetLoader] [FXGL Init Thread] Loading from cache: /assets/textures/enemyReduced1.png
21 Mar 2016, 19:44:04.584 [  FINER] [    FXGL.AssetLoader] [FXGL Init Thread] Loading from cache: /assets/textures/enemyReduced3.png
21 Mar 2016, 19:44:04.587 [  FINER] [    FXGL.AssetLoader] [FXGL Init Thread] Loading from cache: /assets/textures/enemyReduced3.png
21 Mar 2016, 19:44:04.588 [  FINER] [    FXGL.AssetLoader] [FXGL Init Thread] Loading from cache: /assets/textures/enemyReduced2.png
21 Mar 2016, 19:44:04.590 [  FINER] [    FXGL.AssetLoader] [FXGL Init Thread] Loading from cache: /assets/textures/enemyReduced2.png
21 Mar 2016, 19:44:04.591 [  FINER] [    FXGL.AssetLoader] [FXGL Init Thread] Loading from cache: /assets/textures/enemyReduced2.png
21 Mar 2016, 19:44:04.592 [  FINER] [    FXGL.AssetLoader] [FXGL Init Thread] Loading from cache: /assets/textures/enemyReduced2.png
21 Mar 2016, 19:44:04.596 [  FINER] [    FXGL.AssetLoader] [FXGL Init Thread] Loading from cache: /assets/textures/enemyReduced2.png
21 Mar 2016, 19:44:04.598 [  FINER] [    FXGL.AssetLoader] [FXGL Init Thread] Loading from cache: /assets/textures/enemyReduced1.png
21 Mar 2016, 19:44:04.600 [  FINER] [    FXGL.AssetLoader] [FXGL Init Thread] Loading from cache: /assets/textures/wall.png
21 Mar 2016, 19:44:04.601 [  FINER] [    FXGL.AssetLoader] [FXGL Init Thread] Loading from cache: /assets/textures/wall.png
21 Mar 2016, 19:44:04.602 [  FINER] [    FXGL.AssetLoader] [FXGL Init Thread] Loading from cache: /assets/textures/wall.png
21 Mar 2016, 19:44:04.602 [  FINER] [    FXGL.AssetLoader] [FXGL Init Thread] Loading from cache: /assets/textures/wall.png
21 Mar 2016, 19:44:04.603 [  FINER] [    FXGL.AssetLoader] [FXGL Init Thread] Loading from cache: /assets/textures/spaceshipReduced.png
21 Mar 2016, 19:44:04.608 [  FINER] [    FXGL.Application] [FXGL Init Thread] Initializing Physics
21 Mar 2016, 19:44:04.610 [  FINER] [    FXGL.Application] [FXGL Init Thread] Initializing UI
21 Mar 2016, 19:44:04.616 [  FINER] [    FXGL.Application] [FXGL Init Thread] Initialization Complete
21 Mar 2016, 19:44:04.617 [  FINER] [       FXGL.EventBus] [JavaFX Application Thread] Firing event: FXGLEvent[type=INIT_APP_COMPLETE]
21 Mar 2016, 19:44:04.617 [  FINER] [    FXGL.Application] [JavaFX Application Thread] Resuming main loop
21 Mar 2016, 19:44:04.617 [  FINER] [       FXGL.EventBus] [JavaFX Application Thread] Firing event: FXGLEvent[type=RESUME]
21 Mar 2016, 19:44:04.618 [  FINER] [          FXGL.Input] [JavaFX Application Thread] Clearing active input actions
21 Mar 2016, 19:44:04.618 [  FINER] [    FXGL.MasterTimer] [JavaFX Application Thread] Starting master timer
21 Mar 2016, 19:44:04.618 [  FINER] [    FXGL.Application] [JavaFX Application Thread] State: LOADING -> PLAYING
21 Mar 2016, 19:44:04.631 [  FINER] [       FXGL.EventBus] [JavaFX Application Thread] Firing event: WorldEvent[type=ENTITY_ADDED]
21 Mar 2016, 19:44:04.631 [  FINER] [      FXGL.GameScene] [JavaFX Application Thread] Entity added to scene
21 Mar 2016, 19:44:04.632 [  FINER] [      FXGL.GameScene] [JavaFX Application Thread] Added MainViewComponent
21 Mar 2016, 19:44:04.633 [  FINER] [      FXGL.GameScene] [JavaFX Application Thread] Creating render group for layer: TOP(2147483647)
21 Mar 2016, 19:44:04.640 [  FINER] [       FXGL.EventBus] [JavaFX Application Thread] Firing event: WorldEvent[type=ENTITY_ADDED]
21 Mar 2016, 19:44:04.640 [  FINER] [      FXGL.GameScene] [JavaFX Application Thread] Entity added to scene
21 Mar 2016, 19:44:04.640 [  FINER] [      FXGL.GameScene] [JavaFX Application Thread] Added MainViewComponent
21 Mar 2016, 19:44:04.641 [  FINER] [       FXGL.EventBus] [JavaFX Application Thread] Firing event: WorldEvent[type=ENTITY_ADDED]
21 Mar 2016, 19:44:04.641 [  FINER] [      FXGL.GameScene] [JavaFX Application Thread] Entity added to scene
21 Mar 2016, 19:44:04.641 [  FINER] [      FXGL.GameScene] [JavaFX Application Thread] Added MainViewComponent
21 Mar 2016, 19:44:04.642 [  FINER] [       FXGL.EventBus] [JavaFX Application Thread] Firing event: WorldEvent[type=ENTITY_ADDED]
21 Mar 2016, 19:44:04.642 [  FINER] [      FXGL.GameScene] [JavaFX Application Thread] Entity added to scene
21 Mar 2016, 19:44:04.642 [  FINER] [      FXGL.GameScene] [JavaFX Application Thread] Added MainViewComponent
21 Mar 2016, 19:44:04.643 [  FINER] [       FXGL.EventBus] [JavaFX Application Thread] Firing event: WorldEvent[type=ENTITY_ADDED]
21 Mar 2016, 19:44:04.643 [  FINER] [      FXGL.GameScene] [JavaFX Application Thread] Entity added to scene
21 Mar 2016, 19:44:04.644 [  FINER] [      FXGL.GameScene] [JavaFX Application Thread] Added MainViewComponent
21 Mar 2016, 19:44:04.646 [  FINER] [       FXGL.EventBus] [JavaFX Application Thread] Firing event: WorldEvent[type=ENTITY_ADDED]
21 Mar 2016, 19:44:04.646 [  FINER] [      FXGL.GameScene] [JavaFX Application Thread] Entity added to scene
21 Mar 2016, 19:44:04.646 [  FINER] [      FXGL.GameScene] [JavaFX Application Thread] Added MainViewComponent
21 Mar 2016, 19:44:04.647 [  FINER] [       FXGL.EventBus] [JavaFX Application Thread] Firing event: WorldEvent[type=ENTITY_ADDED]
21 Mar 2016, 19:44:04.647 [  FINER] [      FXGL.GameScene] [JavaFX Application Thread] Entity added to scene
21 Mar 2016, 19:44:04.648 [  FINER] [      FXGL.GameScene] [JavaFX Application Thread] Added MainViewComponent
21 Mar 2016, 19:44:04.648 [  FINER] [       FXGL.EventBus] [JavaFX Application Thread] Firing event: WorldEvent[type=ENTITY_ADDED]
21 Mar 2016, 19:44:04.649 [  FINER] [      FXGL.GameScene] [JavaFX Application Thread] Entity added to scene
21 Mar 2016, 19:44:04.649 [  FINER] [      FXGL.GameScene] [JavaFX Application Thread] Added MainViewComponent
21 Mar 2016, 19:44:04.649 [  FINER] [       FXGL.EventBus] [JavaFX Application Thread] Firing event: WorldEvent[type=ENTITY_ADDED]
21 Mar 2016, 19:44:04.650 [  FINER] [      FXGL.GameScene] [JavaFX Application Thread] Entity added to scene
21 Mar 2016, 19:44:04.650 [  FINER] [      FXGL.GameScene] [JavaFX Application Thread] Added MainViewComponent
21 Mar 2016, 19:44:04.651 [  FINER] [       FXGL.EventBus] [JavaFX Application Thread] Firing event: WorldEvent[type=ENTITY_ADDED]
21 Mar 2016, 19:44:04.651 [  FINER] [      FXGL.GameScene] [JavaFX Application Thread] Entity added to scene
21 Mar 2016, 19:44:04.651 [  FINER] [      FXGL.GameScene] [JavaFX Application Thread] Added MainViewComponent
21 Mar 2016, 19:44:04.652 [  FINER] [       FXGL.EventBus] [JavaFX Application Thread] Firing event: WorldEvent[type=ENTITY_ADDED]
21 Mar 2016, 19:44:04.652 [  FINER] [      FXGL.GameScene] [JavaFX Application Thread] Entity added to scene
21 Mar 2016, 19:44:04.652 [  FINER] [      FXGL.GameScene] [JavaFX Application Thread] Added MainViewComponent
21 Mar 2016, 19:44:04.653 [  FINER] [       FXGL.EventBus] [JavaFX Application Thread] Firing event: WorldEvent[type=ENTITY_ADDED]
21 Mar 2016, 19:44:04.654 [  FINER] [      FXGL.GameScene] [JavaFX Application Thread] Entity added to scene
21 Mar 2016, 19:44:04.654 [  FINER] [      FXGL.GameScene] [JavaFX Application Thread] Added MainViewComponent
21 Mar 2016, 19:44:04.654 [  FINER] [       FXGL.EventBus] [JavaFX Application Thread] Firing event: WorldEvent[type=ENTITY_ADDED]
21 Mar 2016, 19:44:04.655 [  FINER] [      FXGL.GameScene] [JavaFX Application Thread] Entity added to scene
21 Mar 2016, 19:44:04.655 [  FINER] [      FXGL.GameScene] [JavaFX Application Thread] Added MainViewComponent
21 Mar 2016, 19:44:04.656 [  FINER] [       FXGL.EventBus] [JavaFX Application Thread] Firing event: WorldEvent[type=ENTITY_ADDED]
21 Mar 2016, 19:44:04.656 [  FINER] [      FXGL.GameScene] [JavaFX Application Thread] Entity added to scene
21 Mar 2016, 19:44:04.656 [  FINER] [      FXGL.GameScene] [JavaFX Application Thread] Added MainViewComponent
21 Mar 2016, 19:44:04.657 [  FINER] [       FXGL.EventBus] [JavaFX Application Thread] Firing event: WorldEvent[type=ENTITY_ADDED]
21 Mar 2016, 19:44:04.657 [  FINER] [      FXGL.GameScene] [JavaFX Application Thread] Entity added to scene
21 Mar 2016, 19:44:04.657 [  FINER] [      FXGL.GameScene] [JavaFX Application Thread] Added MainViewComponent
21 Mar 2016, 19:44:04.658 [  FINER] [       FXGL.EventBus] [JavaFX Application Thread] Firing event: WorldEvent[type=ENTITY_ADDED]
21 Mar 2016, 19:44:04.658 [  FINER] [      FXGL.GameScene] [JavaFX Application Thread] Entity added to scene
21 Mar 2016, 19:44:04.658 [  FINER] [      FXGL.GameScene] [JavaFX Application Thread] Added MainViewComponent
21 Mar 2016, 19:44:04.659 [  FINER] [       FXGL.EventBus] [JavaFX Application Thread] Firing event: WorldEvent[type=ENTITY_ADDED]
21 Mar 2016, 19:44:04.659 [  FINER] [      FXGL.GameScene] [JavaFX Application Thread] Entity added to scene
21 Mar 2016, 19:44:04.659 [  FINER] [      FXGL.GameScene] [JavaFX Application Thread] Added MainViewComponent
21 Mar 2016, 19:44:04.660 [  FINER] [       FXGL.EventBus] [JavaFX Application Thread] Firing event: WorldEvent[type=ENTITY_ADDED]
21 Mar 2016, 19:44:04.660 [  FINER] [      FXGL.GameScene] [JavaFX Application Thread] Entity added to scene
21 Mar 2016, 19:44:04.660 [  FINER] [      FXGL.GameScene] [JavaFX Application Thread] Added MainViewComponent
21 Mar 2016, 19:44:04.661 [  FINER] [       FXGL.EventBus] [JavaFX Application Thread] Firing event: WorldEvent[type=ENTITY_ADDED]
21 Mar 2016, 19:44:04.661 [  FINER] [      FXGL.GameScene] [JavaFX Application Thread] Entity added to scene
21 Mar 2016, 19:44:04.661 [  FINER] [      FXGL.GameScene] [JavaFX Application Thread] Added MainViewComponent
21 Mar 2016, 19:44:04.662 [  FINER] [       FXGL.EventBus] [JavaFX Application Thread] Firing event: WorldEvent[type=ENTITY_ADDED]
21 Mar 2016, 19:44:04.662 [  FINER] [      FXGL.GameScene] [JavaFX Application Thread] Entity added to scene
21 Mar 2016, 19:44:04.662 [  FINER] [      FXGL.GameScene] [JavaFX Application Thread] Added MainViewComponent
21 Mar 2016, 19:44:04.663 [  FINER] [       FXGL.EventBus] [JavaFX Application Thread] Firing event: WorldEvent[type=ENTITY_ADDED]
21 Mar 2016, 19:44:04.663 [  FINER] [      FXGL.GameScene] [JavaFX Application Thread] Entity added to scene
21 Mar 2016, 19:44:04.663 [  FINER] [      FXGL.GameScene] [JavaFX Application Thread] Added MainViewComponent
21 Mar 2016, 19:44:04.664 [  FINER] [       FXGL.EventBus] [JavaFX Application Thread] Firing event: WorldEvent[type=ENTITY_ADDED]
21 Mar 2016, 19:44:04.664 [  FINER] [      FXGL.GameScene] [JavaFX Application Thread] Entity added to scene
21 Mar 2016, 19:44:04.664 [  FINER] [      FXGL.GameScene] [JavaFX Application Thread] Added MainViewComponent
21 Mar 2016, 19:44:04.665 [  FINER] [       FXGL.EventBus] [JavaFX Application Thread] Firing event: WorldEvent[type=ENTITY_ADDED]
21 Mar 2016, 19:44:04.665 [  FINER] [      FXGL.GameScene] [JavaFX Application Thread] Entity added to scene
21 Mar 2016, 19:44:04.665 [  FINER] [      FXGL.GameScene] [JavaFX Application Thread] Added MainViewComponent
21 Mar 2016, 19:44:04.666 [  FINER] [       FXGL.EventBus] [JavaFX Application Thread] Firing event: WorldEvent[type=ENTITY_ADDED]
21 Mar 2016, 19:44:04.666 [  FINER] [      FXGL.GameScene] [JavaFX Application Thread] Entity added to scene
21 Mar 2016, 19:44:04.667 [  FINER] [      FXGL.GameScene] [JavaFX Application Thread] Added MainViewComponent
21 Mar 2016, 19:44:04.667 [  FINER] [       FXGL.EventBus] [JavaFX Application Thread] Firing event: WorldEvent[type=ENTITY_ADDED]
21 Mar 2016, 19:44:04.668 [  FINER] [      FXGL.GameScene] [JavaFX Application Thread] Entity added to scene
21 Mar 2016, 19:44:04.668 [  FINER] [      FXGL.GameScene] [JavaFX Application Thread] Added MainViewComponent
21 Mar 2016, 19:44:04.668 [  FINER] [       FXGL.EventBus] [JavaFX Application Thread] Firing event: WorldEvent[type=ENTITY_ADDED]
21 Mar 2016, 19:44:04.669 [  FINER] [      FXGL.GameScene] [JavaFX Application Thread] Entity added to scene
21 Mar 2016, 19:44:04.669 [  FINER] [      FXGL.GameScene] [JavaFX Application Thread] Added MainViewComponent
21 Mar 2016, 19:44:04.669 [  FINER] [       FXGL.EventBus] [JavaFX Application Thread] Firing event: WorldEvent[type=ENTITY_ADDED]
21 Mar 2016, 19:44:04.670 [  FINER] [      FXGL.GameScene] [JavaFX Application Thread] Entity added to scene
21 Mar 2016, 19:44:04.670 [  FINER] [      FXGL.GameScene] [JavaFX Application Thread] Added MainViewComponent
21 Mar 2016, 19:44:04.671 [  FINER] [       FXGL.EventBus] [JavaFX Application Thread] Firing event: WorldEvent[type=ENTITY_ADDED]
21 Mar 2016, 19:44:04.671 [  FINER] [      FXGL.GameScene] [JavaFX Application Thread] Entity added to scene
21 Mar 2016, 19:44:04.671 [  FINER] [      FXGL.GameScene] [JavaFX Application Thread] Added MainViewComponent
21 Mar 2016, 19:44:04.672 [  FINER] [       FXGL.EventBus] [JavaFX Application Thread] Firing event: WorldEvent[type=ENTITY_ADDED]
21 Mar 2016, 19:44:04.672 [  FINER] [      FXGL.GameScene] [JavaFX Application Thread] Entity added to scene
21 Mar 2016, 19:44:04.672 [  FINER] [      FXGL.GameScene] [JavaFX Application Thread] Added MainViewComponent
21 Mar 2016, 19:44:04.673 [  FINER] [       FXGL.EventBus] [JavaFX Application Thread] Firing event: WorldEvent[type=ENTITY_ADDED]
21 Mar 2016, 19:44:04.673 [  FINER] [      FXGL.GameScene] [JavaFX Application Thread] Entity added to scene
21 Mar 2016, 19:44:04.673 [  FINER] [      FXGL.GameScene] [JavaFX Application Thread] Added MainViewComponent
21 Mar 2016, 19:44:04.673 [  FINER] [       FXGL.EventBus] [JavaFX Application Thread] Firing event: WorldEvent[type=ENTITY_ADDED]
21 Mar 2016, 19:44:04.674 [  FINER] [      FXGL.GameScene] [JavaFX Application Thread] Entity added to scene
21 Mar 2016, 19:44:04.674 [  FINER] [      FXGL.GameScene] [JavaFX Application Thread] Added MainViewComponent
21 Mar 2016, 19:44:04.674 [  FINER] [       FXGL.EventBus] [JavaFX Application Thread] Firing event: WorldEvent[type=ENTITY_ADDED]
21 Mar 2016, 19:44:04.675 [  FINER] [      FXGL.GameScene] [JavaFX Application Thread] Entity added to scene
21 Mar 2016, 19:44:04.675 [  FINER] [      FXGL.GameScene] [JavaFX Application Thread] Added MainViewComponent
21 Mar 2016, 19:44:04.675 [  FINER] [       FXGL.EventBus] [JavaFX Application Thread] Firing event: WorldEvent[type=ENTITY_ADDED]
21 Mar 2016, 19:44:04.676 [  FINER] [      FXGL.GameScene] [JavaFX Application Thread] Entity added to scene
21 Mar 2016, 19:44:04.676 [  FINER] [      FXGL.GameScene] [JavaFX Application Thread] Added MainViewComponent
21 Mar 2016, 19:44:04.676 [  FINER] [       FXGL.EventBus] [JavaFX Application Thread] Firing event: WorldEvent[type=ENTITY_ADDED]
21 Mar 2016, 19:44:04.676 [  FINER] [      FXGL.GameScene] [JavaFX Application Thread] Entity added to scene
21 Mar 2016, 19:44:04.677 [  FINER] [      FXGL.GameScene] [JavaFX Application Thread] Added MainViewComponent
21 Mar 2016, 19:44:04.677 [  FINER] [       FXGL.EventBus] [JavaFX Application Thread] Firing event: WorldEvent[type=ENTITY_ADDED]
21 Mar 2016, 19:44:04.677 [  FINER] [      FXGL.GameScene] [JavaFX Application Thread] Entity added to scene
21 Mar 2016, 19:44:04.678 [  FINER] [      FXGL.GameScene] [JavaFX Application Thread] Added MainViewComponent
21 Mar 2016, 19:44:04.678 [  FINER] [       FXGL.EventBus] [JavaFX Application Thread] Firing event: WorldEvent[type=ENTITY_ADDED]
21 Mar 2016, 19:44:04.678 [  FINER] [      FXGL.GameScene] [JavaFX Application Thread] Entity added to scene
21 Mar 2016, 19:44:04.678 [  FINER] [      FXGL.GameScene] [JavaFX Application Thread] Added MainViewComponent
21 Mar 2016, 19:44:04.679 [  FINER] [       FXGL.EventBus] [JavaFX Application Thread] Firing event: WorldEvent[type=ENTITY_ADDED]
21 Mar 2016, 19:44:04.679 [  FINER] [      FXGL.GameScene] [JavaFX Application Thread] Entity added to scene
21 Mar 2016, 19:44:04.679 [  FINER] [      FXGL.GameScene] [JavaFX Application Thread] Added MainViewComponent
21 Mar 2016, 19:44:04.680 [  FINER] [       FXGL.EventBus] [JavaFX Application Thread] Firing event: WorldEvent[type=ENTITY_ADDED]
21 Mar 2016, 19:44:04.680 [  FINER] [      FXGL.GameScene] [JavaFX Application Thread] Entity added to scene
21 Mar 2016, 19:44:04.680 [  FINER] [      FXGL.GameScene] [JavaFX Application Thread] Added MainViewComponent
21 Mar 2016, 19:44:04.681 [  FINER] [       FXGL.EventBus] [JavaFX Application Thread] Firing event: WorldEvent[type=ENTITY_ADDED]
21 Mar 2016, 19:44:04.681 [  FINER] [      FXGL.GameScene] [JavaFX Application Thread] Entity added to scene
21 Mar 2016, 19:44:04.681 [  FINER] [      FXGL.GameScene] [JavaFX Application Thread] Added MainViewComponent
21 Mar 2016, 19:44:04.683 [  FINER] [       FXGL.EventBus] [JavaFX Application Thread] Firing event: WorldEvent[type=ENTITY_ADDED]
21 Mar 2016, 19:44:04.683 [  FINER] [      FXGL.GameScene] [JavaFX Application Thread] Entity added to scene
21 Mar 2016, 19:44:04.683 [  FINER] [      FXGL.GameScene] [JavaFX Application Thread] Added MainViewComponent
21 Mar 2016, 19:44:04.683 [  FINER] [       FXGL.EventBus] [JavaFX Application Thread] Firing event: WorldEvent[type=ENTITY_ADDED]
21 Mar 2016, 19:44:04.683 [  FINER] [      FXGL.GameScene] [JavaFX Application Thread] Entity added to scene
21 Mar 2016, 19:44:04.683 [  FINER] [      FXGL.GameScene] [JavaFX Application Thread] Added MainViewComponent
21 Mar 2016, 19:44:04.685 [  FINER] [       FXGL.EventBus] [JavaFX Application Thread] Firing event: WorldEvent[type=ENTITY_ADDED]
21 Mar 2016, 19:44:04.686 [  FINER] [      FXGL.GameScene] [JavaFX Application Thread] Entity added to scene
21 Mar 2016, 19:44:04.686 [  FINER] [      FXGL.GameScene] [JavaFX Application Thread] Added MainViewComponent
21 Mar 2016, 19:44:04.686 [  FINER] [       FXGL.EventBus] [JavaFX Application Thread] Firing event: WorldEvent[type=ENTITY_ADDED]
21 Mar 2016, 19:44:04.687 [  FINER] [      FXGL.GameScene] [JavaFX Application Thread] Entity added to scene
21 Mar 2016, 19:44:04.687 [  FINER] [      FXGL.GameScene] [JavaFX Application Thread] Added MainViewComponent
21 Mar 2016, 19:44:04.687 [  FINER] [       FXGL.EventBus] [JavaFX Application Thread] Firing event: WorldEvent[type=ENTITY_ADDED]
21 Mar 2016, 19:44:04.687 [  FINER] [      FXGL.GameScene] [JavaFX Application Thread] Entity added to scene
21 Mar 2016, 19:44:04.688 [  FINER] [      FXGL.GameScene] [JavaFX Application Thread] Added MainViewComponent
21 Mar 2016, 19:44:04.688 [  FINER] [       FXGL.EventBus] [JavaFX Application Thread] Firing event: WorldEvent[type=ENTITY_ADDED]
21 Mar 2016, 19:44:04.688 [  FINER] [      FXGL.GameScene] [JavaFX Application Thread] Entity added to scene
21 Mar 2016, 19:44:04.688 [  FINER] [      FXGL.GameScene] [JavaFX Application Thread] Added MainViewComponent
21 Mar 2016, 19:46:15.160 [  FINER] [       FXGL.EventBus] [JavaFX Application Thread] Firing event: DisplayEvent[type=DIALOG_OPENED]
21 Mar 2016, 19:46:15.161 [  FINER] [    FXGL.Application] [JavaFX Application Thread] Pausing main loop
21 Mar 2016, 19:46:15.161 [  FINER] [       FXGL.EventBus] [JavaFX Application Thread] Firing event: FXGLEvent[type=PAUSE]
21 Mar 2016, 19:46:15.161 [  FINER] [          FXGL.Input] [JavaFX Application Thread] Clearing active input actions
21 Mar 2016, 19:46:15.161 [  FINER] [    FXGL.MasterTimer] [JavaFX Application Thread] Stopping master timer
21 Mar 2016, 19:46:15.161 [  FINER] [    FXGL.Application] [JavaFX Application Thread] State: PLAYING -> PAUSED
21 Mar 2016, 19:46:15.161 [  FINER] [          FXGL.Input] [JavaFX Application Thread] Clearing active input actions
21 Mar 2016, 19:46:16.920 [  FINER] [       FXGL.EventBus] [JavaFX Application Thread] Firing event: DisplayEvent[type=DIALOG_CLOSED]
21 Mar 2016, 19:46:16.920 [  FINER] [    FXGL.Application] [JavaFX Application Thread] Resuming main loop
21 Mar 2016, 19:46:16.921 [  FINER] [       FXGL.EventBus] [JavaFX Application Thread] Firing event: FXGLEvent[type=RESUME]
21 Mar 2016, 19:46:16.921 [  FINER] [          FXGL.Input] [JavaFX Application Thread] Clearing active input actions
21 Mar 2016, 19:46:16.921 [  FINER] [    FXGL.MasterTimer] [JavaFX Application Thread] Starting master timer
21 Mar 2016, 19:46:16.921 [  FINER] [    FXGL.Application] [JavaFX Application Thread] State: PAUSED -> PLAYING
21 Mar 2016, 19:46:16.921 [  FINER] [       FXGL.EventBus] [JavaFX Application Thread] Firing event: DisplayEvent[type=CLOSE_REQUEST]
21 Mar 2016, 19:46:16.921 [  FINER] [    FXGL.Application] [JavaFX Application Thread] Exiting Normally
21 Mar 2016, 19:46:16.921 [  FINER] [       FXGL.EventBus] [JavaFX Application Thread] Firing event: FXGLEvent[type=EXIT]
21 Mar 2016, 19:46:16.921 [  FINER] [         FXGL.Logger] [JavaFX Application Thread] Logger is closing
