23 Mar 2016, 14:53:39.161 [   INFO] [         FXGL.Logger] [JavaFX Application Thread] Logger initialized with level: CONFIG
23 Mar 2016, 14:53:39.166 [  FINER] [         FXGL.Logger] [JavaFX Application Thread] CPU cores: 4
23 Mar 2016, 14:53:39.168 [  FINER] [         FXGL.Logger] [JavaFX Application Thread] Free Memory: 107MB
23 Mar 2016, 14:53:39.169 [  FINER] [         FXGL.Logger] [JavaFX Application Thread] Max Memory: 1755MB
23 Mar 2016, 14:53:39.169 [  FINER] [         FXGL.Logger] [JavaFX Application Thread] Total Memory: 119MB
23 Mar 2016, 14:53:39.170 [  FINER] [         FXGL.Logger] [JavaFX Application Thread] System Properties:
23 Mar 2016, 14:53:39.171 [  FINER] [         FXGL.Logger] [JavaFX Application Thread] sun.cpu.isalist=amd64
23 Mar 2016, 14:53:39.171 [  FINER] [         FXGL.Logger] [JavaFX Application Thread] sun.desktop=windows
23 Mar 2016, 14:53:39.171 [  FINER] [         FXGL.Logger] [JavaFX Application Thread] sun.io.unicode.encoding=UnicodeLittle
23 Mar 2016, 14:53:39.171 [  FINER] [         FXGL.Logger] [JavaFX Application Thread] sun.cpu.endian=little
23 Mar 2016, 14:53:39.172 [  FINER] [         FXGL.Logger] [JavaFX Application Thread] java.vendor.url.bug=http://bugreport.sun.com/bugreport/
23 Mar 2016, 14:53:39.172 [  FINER] [         FXGL.Logger] [JavaFX Application Thread] file.separator=\
23 Mar 2016, 14:53:39.172 [  FINER] [         FXGL.Logger] [JavaFX Application Thread] java.vendor=Oracle Corporation
23 Mar 2016, 14:53:39.173 [  FINER] [         FXGL.Logger] [JavaFX Application Thread] sun.boot.class.path=C:\Program Files\Java\jre1.8.0_73\lib\resources.jar;C:\Program Files\Java\jre1.8.0_73\lib\rt.jar;C:\Program Files\Java\jre1.8.0_73\lib\sunrsasign.jar;C:\Program Files\Java\jre1.8.0_73\lib\jsse.jar;C:\Program Files\Java\jre1.8.0_73\lib\jce.jar;C:\Program Files\Java\jre1.8.0_73\lib\charsets.jar;C:\Program Files\Java\jre1.8.0_73\lib\jfr.jar;C:\Program Files\Java\jre1.8.0_73\classes
23 Mar 2016, 14:53:39.173 [  FINER] [         FXGL.Logger] [JavaFX Application Thread] java.ext.dirs=C:\Program Files\Java\jre1.8.0_73\lib\ext;C:\Windows\Sun\Java\lib\ext
23 Mar 2016, 14:53:39.173 [  FINER] [         FXGL.Logger] [JavaFX Application Thread] java.version=1.8.0_73
23 Mar 2016, 14:53:39.174 [  FINER] [         FXGL.Logger] [JavaFX Application Thread] java.vm.info=mixed mode
23 Mar 2016, 14:53:39.174 [  FINER] [         FXGL.Logger] [JavaFX Application Thread] awt.toolkit=sun.awt.windows.WToolkit
23 Mar 2016, 14:53:39.174 [  FINER] [         FXGL.Logger] [JavaFX Application Thread] user.language=en
23 Mar 2016, 14:53:39.175 [  FINER] [         FXGL.Logger] [JavaFX Application Thread] java.specification.vendor=Oracle Corporation
23 Mar 2016, 14:53:39.175 [  FINER] [         FXGL.Logger] [JavaFX Application Thread] sun.java.command=SpaceInvaders.SpaceInvadersApp
23 Mar 2016, 14:53:39.175 [  FINER] [         FXGL.Logger] [JavaFX Application Thread] java.home=C:\Program Files\Java\jre1.8.0_73
23 Mar 2016, 14:53:39.176 [  FINER] [         FXGL.Logger] [JavaFX Application Thread] sun.arch.data.model=64
23 Mar 2016, 14:53:39.176 [  FINER] [         FXGL.Logger] [JavaFX Application Thread] java.vm.specification.version=1.8
23 Mar 2016, 14:53:39.176 [  FINER] [         FXGL.Logger] [JavaFX Application Thread] java.class.path=D:\workspace\SpaceInvaders\target\classes;C:\Program Files\eclipse\plugins\org.junit_4.12.0.v201504281640\junit.jar;C:\Program Files\eclipse\plugins\org.hamcrest.core_1.3.0.v201303031735.jar;C:\Users\Anwar Saleeby\.m2\repository\com\github\AlmasB\FXGL\0.2.1-0.2.0-gba5970d-32\FXGL-0.2.1-0.2.0-gba5970d-32.jar;C:\Users\Anwar Saleeby\.m2\repository\com\google\inject\guice\4.0\guice-4.0.jar;C:\Users\Anwar Saleeby\.m2\repository\javax\inject\javax.inject\1\javax.inject-1.jar;C:\Users\Anwar Saleeby\.m2\repository\aopalliance\aopalliance\1.0\aopalliance-1.0.jar;C:\Users\Anwar Saleeby\.m2\repository\com\google\guava\guava\16.0.1\guava-16.0.1.jar;C:\Users\Anwar Saleeby\.m2\repository\org\jfxtras\jfxtras-window\8.0-r4\jfxtras-window-8.0-r4.jar;C:\Users\Anwar Saleeby\.m2\repository\org\jfxtras\jfxtras-common\8.0-r4\jfxtras-common-8.0-r4.jar;C:\Users\Anwar Saleeby\.m2\repository\com\github\AlmasB\FXEventBus\1.0\FXEventBus-1.0.jar;C:\Users\Anwar Saleeby\.m2\repository\com\github\AlmasB\Ents\1.0\Ents-1.0.jar;C:\Users\Anwar Saleeby\.m2\repository\org\apache\logging\log4j\log4j-api\2.5\log4j-api-2.5.jar;C:\Users\Anwar Saleeby\.m2\repository\org\apache\logging\log4j\log4j-core\2.5\log4j-core-2.5.jar;C:\Users\Anwar Saleeby\.m2\repository\com\github\AlmasB\AStar\1.0\AStar-1.0.jar
23 Mar 2016, 14:53:39.177 [  FINER] [         FXGL.Logger] [JavaFX Application Thread] user.name=Anwar Saleeby
23 Mar 2016, 14:53:39.177 [  FINER] [         FXGL.Logger] [JavaFX Application Thread] file.encoding=UTF-8
23 Mar 2016, 14:53:39.178 [  FINER] [         FXGL.Logger] [JavaFX Application Thread] java.specification.version=1.8
23 Mar 2016, 14:53:39.178 [  FINER] [         FXGL.Logger] [JavaFX Application Thread] java.awt.printerjob=sun.awt.windows.WPrinterJob
23 Mar 2016, 14:53:39.184 [  FINER] [         FXGL.Logger] [JavaFX Application Thread] user.timezone=America/New_York
23 Mar 2016, 14:53:39.184 [  FINER] [         FXGL.Logger] [JavaFX Application Thread] user.home=C:\Users\Anwar Saleeby
23 Mar 2016, 14:53:39.185 [  FINER] [         FXGL.Logger] [JavaFX Application Thread] os.version=10.0
23 Mar 2016, 14:53:39.186 [  FINER] [         FXGL.Logger] [JavaFX Application Thread] sun.management.compiler=HotSpot 64-Bit Tiered Compilers
23 Mar 2016, 14:53:39.186 [  FINER] [         FXGL.Logger] [JavaFX Application Thread] java.specification.name=Java Platform API Specification
23 Mar 2016, 14:53:39.187 [  FINER] [         FXGL.Logger] [JavaFX Application Thread] java.class.version=52.0
23 Mar 2016, 14:53:39.235 [  FINER] [         FXGL.Logger] [JavaFX Application Thread] java.library.path=C:\Program Files\Java\jre1.8.0_73\bin;C:\Windows\Sun\Java\bin;C:\Windows\system32;C:\Windows;C:/Program Files/Java/jre1.8.0_73/bin/server;C:/Program Files/Java/jre1.8.0_73/bin;C:/Program Files/Java/jre1.8.0_73/lib/amd64;C:\oraclexe\app\oracle\product\11.2.0\server\bin;C:\ProgramData\Oracle\Java\javapath;C:\Windows\system32;C:\Windows;C:\Windows\System32\Wbem;C:\Windows\System32\WindowsPowerShell\v1.0\;C:\Program Files\nodejs\;C:\Program Files\Git\cmd;C:\Users\Anwar Saleeby\AppData\Local\Programs\Python\Python35\Scripts\;C:\Users\Anwar Saleeby\AppData\Local\Programs\Python\Python35\;C:\Users\Anwar Saleeby\AppData\Roaming\npm;C:\Program Files\MongoDB\Server\3.2\bin;C:\Program Files\Git;C:\Program Files\eclipse;;.
23 Mar 2016, 14:53:39.236 [  FINER] [         FXGL.Logger] [JavaFX Application Thread] sun.jnu.encoding=Cp1252
23 Mar 2016, 14:53:39.238 [  FINER] [         FXGL.Logger] [JavaFX Application Thread] os.name=Windows 10
23 Mar 2016, 14:53:39.239 [  FINER] [         FXGL.Logger] [JavaFX Application Thread] user.variant=
23 Mar 2016, 14:53:39.240 [  FINER] [         FXGL.Logger] [JavaFX Application Thread] java.vm.specification.vendor=Oracle Corporation
23 Mar 2016, 14:53:39.240 [  FINER] [         FXGL.Logger] [JavaFX Application Thread] java.io.tmpdir=C:\Users\ANWARS~1\AppData\Local\Temp\
23 Mar 2016, 14:53:39.248 [  FINER] [         FXGL.Logger] [JavaFX Application Thread] line.separator=

23 Mar 2016, 14:53:39.250 [  FINER] [         FXGL.Logger] [JavaFX Application Thread] java.endorsed.dirs=C:\Program Files\Java\jre1.8.0_73\lib\endorsed
23 Mar 2016, 14:53:39.250 [  FINER] [         FXGL.Logger] [JavaFX Application Thread] os.arch=amd64
23 Mar 2016, 14:53:39.251 [  FINER] [         FXGL.Logger] [JavaFX Application Thread] javafx.runtime.version=8.0.71-b15
23 Mar 2016, 14:53:39.251 [  FINER] [         FXGL.Logger] [JavaFX Application Thread] java.awt.graphicsenv=sun.awt.Win32GraphicsEnvironment
23 Mar 2016, 14:53:39.252 [  FINER] [         FXGL.Logger] [JavaFX Application Thread] java.runtime.version=1.8.0_73-b02
23 Mar 2016, 14:53:39.252 [  FINER] [         FXGL.Logger] [JavaFX Application Thread] java.vm.specification.name=Java Virtual Machine Specification
23 Mar 2016, 14:53:39.253 [  FINER] [         FXGL.Logger] [JavaFX Application Thread] user.dir=D:\workspace\SpaceInvaders
23 Mar 2016, 14:53:39.254 [  FINER] [         FXGL.Logger] [JavaFX Application Thread] user.country=US
23 Mar 2016, 14:53:39.258 [  FINER] [         FXGL.Logger] [JavaFX Application Thread] user.script=
23 Mar 2016, 14:53:39.259 [  FINER] [         FXGL.Logger] [JavaFX Application Thread] sun.java.launcher=SUN_STANDARD
23 Mar 2016, 14:53:39.260 [  FINER] [         FXGL.Logger] [JavaFX Application Thread] sun.os.patch.level=
23 Mar 2016, 14:53:39.260 [  FINER] [         FXGL.Logger] [JavaFX Application Thread] java.vm.name=Java HotSpot(TM) 64-Bit Server VM
23 Mar 2016, 14:53:39.260 [  FINER] [         FXGL.Logger] [JavaFX Application Thread] file.encoding.pkg=sun.io
23 Mar 2016, 14:53:39.261 [  FINER] [         FXGL.Logger] [JavaFX Application Thread] path.separator=;
23 Mar 2016, 14:53:39.262 [  FINER] [         FXGL.Logger] [JavaFX Application Thread] java.vm.vendor=Oracle Corporation
23 Mar 2016, 14:53:39.262 [  FINER] [         FXGL.Logger] [JavaFX Application Thread] java.vendor.url=http://java.oracle.com/
23 Mar 2016, 14:53:39.263 [  FINER] [         FXGL.Logger] [JavaFX Application Thread] sun.boot.library.path=C:\Program Files\Java\jre1.8.0_73\bin
23 Mar 2016, 14:53:39.264 [  FINER] [         FXGL.Logger] [JavaFX Application Thread] java.vm.version=25.73-b02
23 Mar 2016, 14:53:39.266 [  FINER] [         FXGL.Logger] [JavaFX Application Thread] java.runtime.name=Java(TM) SE Runtime Environment
23 Mar 2016, 14:53:39.266 [  FINER] [         FXGL.Logger] [JavaFX Application Thread] javafx.version=8.0.71
23 Mar 2016, 14:53:39.275 [   INFO] [        FXGL.Version] [JavaFX Application Thread] FXGL-0.2.1-SNAPSHOT
23 Mar 2016, 14:53:39.275 [   INFO] [        FXGL.Version] [JavaFX Application Thread] Source code and latest builds at: https://github.com/AlmasB/FXGL
23 Mar 2016, 14:53:39.286 [  FINER] [    FXGL.Application] [JavaFX Application Thread] Game_clinit()
23 Mar 2016, 14:53:39.304 [  FINER] [    FXGL.Application] [JavaFX-Launcher] FXGL_init()
23 Mar 2016, 14:53:39.338 [  FINER] [    FXGL.Application] [JavaFX Application Thread] FXGL_start()
23 Mar 2016, 14:53:39.338 [  FINER] [    FXGL.Application] [JavaFX Application Thread] Initializing system properties
23 Mar 2016, 14:53:39.344 [  FINER] [    FXGL.Application] [JavaFX Application Thread] sound.notification = system/notification.wav
23 Mar 2016, 14:53:39.345 [  FINER] [    FXGL.Application] [JavaFX Application Thread] asset.cache.size = 35
23 Mar 2016, 14:53:39.345 [  FINER] [    FXGL.Application] [JavaFX Application Thread] ui.font = Copperplate_Gothic_Light_Regular.ttf
23 Mar 2016, 14:53:39.345 [  FINER] [    FXGL.Application] [JavaFX Application Thread] sound.menu.back = menu/back.wav
23 Mar 2016, 14:53:39.345 [  FINER] [    FXGL.Application] [JavaFX Application Thread] sound.menu.select = menu/select.wav
23 Mar 2016, 14:53:39.346 [  FINER] [    FXGL.Application] [JavaFX Application Thread] physics.ppm = 50
23 Mar 2016, 14:53:39.346 [  FINER] [    FXGL.Application] [JavaFX Application Thread] ui.css = fxgl.css
23 Mar 2016, 14:53:39.346 [  FINER] [    FXGL.Application] [JavaFX Application Thread] ui.icon.name = fxgl_icon.png
23 Mar 2016, 14:53:39.349 [  FINER] [    FXGL.Application] [JavaFX Application Thread] sound.menu.press = menu/press.wav
23 Mar 2016, 14:53:39.349 [  FINER] [    FXGL.Application] [JavaFX Application Thread] Initializing user properties
23 Mar 2016, 14:53:39.350 [   INFO] [    FXGL.Application] [JavaFX Application Thread] User properties not found. Using system
23 Mar 2016, 14:53:39.380 [   INFO] [         FXGL.Logger] [JavaFX Application Thread] Logger level set to: CONFIG
23 Mar 2016, 14:53:39.381 [   INFO] [    FXGL.Application] [JavaFX Application Thread] Application Mode: DEVELOPER
23 Mar 2016, 14:53:40.090 [  FINER] [    FXGL.Application] [JavaFX Application Thread] Services configuration complete
23 Mar 2016, 14:53:40.102 [  FINER] [       FXGL.EventBus] [JavaFX Application Thread] Service [EventBus] initialized
23 Mar 2016, 14:53:40.106 [  FINER] [    FXGL.AssetLoader] [JavaFX Application Thread] Service [AssetLoader] initialized
23 Mar 2016, 14:53:40.108 [  FINER] [    FXGL.AssetLoader] [JavaFX Application Thread] Loading from disk: /assets/sounds/system/notification.wav
23 Mar 2016, 14:53:40.132 [  FINER] [    FXGL.AssetLoader] [JavaFX Application Thread] Loading from disk: /assets/sounds/menu/select.wav
23 Mar 2016, 14:53:40.134 [  FINER] [    FXGL.AssetLoader] [JavaFX Application Thread] Loading from disk: /assets/sounds/menu/back.wav
23 Mar 2016, 14:53:40.137 [  FINER] [    FXGL.AssetLoader] [JavaFX Application Thread] Loading from disk: /assets/sounds/menu/press.wav
23 Mar 2016, 14:53:40.140 [  FINER] [    FXGL.AssetLoader] [JavaFX Application Thread] Loading from disk: /assets/ui/fonts/Copperplate_Gothic_Light_Regular.ttf
23 Mar 2016, 14:53:40.221 [  FINER] [    FXGL.AssetLoader] [JavaFX Application Thread] Loading from disk: /assets/ui/css/fxgl.css
23 Mar 2016, 14:53:40.221 [  FINER] [    FXGL.AssetLoader] [JavaFX Application Thread] Loading from disk: /assets/ui/icons/fxgl_icon.png
23 Mar 2016, 14:53:40.258 [  FINER] [    FXGL.AssetLoader] [JavaFX Application Thread] Loading from disk: /assets/ui/css/fxgl_dark.css
23 Mar 2016, 14:53:40.328 [  FINER] [        FXGL.Display] [JavaFX Application Thread] Target size: 480.0x600.0@1.0
23 Mar 2016, 14:53:40.328 [  FINER] [        FXGL.Display] [JavaFX Application Thread] New size:    480.0x600.0@1.0
23 Mar 2016, 14:53:40.329 [  FINER] [        FXGL.Display] [JavaFX Application Thread] Service [Display] initialized
23 Mar 2016, 14:53:40.329 [  FINER] [        FXGL.Display] [JavaFX Application Thread] Using CSS: CSS[jar:file:/C:/Users/Anwar%20Saleeby/.m2/repository/com/github/AlmasB/FXGL/0.2.1-0.2.0-gba5970d-32/FXGL-0.2.1-0.2.0-gba5970d-32.jar!/assets/ui/css/fxgl_dark.css]
23 Mar 2016, 14:53:40.332 [  FINER] [          FXGL.Input] [JavaFX Application Thread] Service [Input] initialized
23 Mar 2016, 14:53:40.335 [  FINER] [    FXGL.AudioPlayer] [JavaFX Application Thread] Service [AudioPlayer] initialized
23 Mar 2016, 14:53:40.342 [  FINER] [    FXGL.MasterTimer] [JavaFX Application Thread] Service [MasterTimer] initialized
23 Mar 2016, 14:53:40.356 [  FINER] [      FXGL.GameScene] [JavaFX Application Thread] Game scene initialized
23 Mar 2016, 14:53:40.357 [  FINER] [FXGL.NotificationSer] [JavaFX Application Thread] Service [NotificationService] initialized
23 Mar 2016, 14:53:40.572 [  FINER] [      FXGL.GameWorld] [JavaFX Application Thread] Game world initialized
23 Mar 2016, 14:53:40.669 [  FINER] [   FXGL.PhysicsWorld] [JavaFX Application Thread] Physics world initialized
23 Mar 2016, 14:53:40.693 [  FINER] [    FXGL.Application] [JavaFX Application Thread] Game_start()
23 Mar 2016, 14:53:40.700 [  FINER] [          FXGL.Input] [JavaFX Application Thread] Registered new binding: Move Left A
23 Mar 2016, 14:53:40.701 [  FINER] [          FXGL.Input] [JavaFX Application Thread] Registered new binding: Shoot Space
23 Mar 2016, 14:53:40.701 [  FINER] [          FXGL.Input] [JavaFX Application Thread] Registered new binding: Move Right D
23 Mar 2016, 14:53:40.703 [  FINER] [    FXGL.Application] [JavaFX Application Thread] Saving data to profile
23 Mar 2016, 14:53:40.704 [  FINER] [    FXGL.UserProfile] [JavaFX Application Thread] Logging bundle: game
23 Mar 2016, 14:53:40.704 [  FINER] [    FXGL.UserProfile] [JavaFX Application Thread] game.playtime=1400649979
23 Mar 2016, 14:53:40.705 [  FINER] [       FXGL.EventBus] [JavaFX Application Thread] Firing event: SaveEvent
23 Mar 2016, 14:53:40.706 [  FINER] [        FXGL.Display] [JavaFX Application Thread] Saving data to profile
23 Mar 2016, 14:53:40.706 [  FINER] [    FXGL.UserProfile] [JavaFX Application Thread] Logging bundle: scene
23 Mar 2016, 14:53:40.706 [  FINER] [    FXGL.UserProfile] [JavaFX Application Thread] scene.sizeW=480.0
23 Mar 2016, 14:53:40.707 [  FINER] [    FXGL.UserProfile] [JavaFX Application Thread] scene.sizeH=600.0
23 Mar 2016, 14:53:40.707 [  FINER] [          FXGL.Input] [JavaFX Application Thread] Saving data to profile
23 Mar 2016, 14:53:40.707 [  FINER] [    FXGL.UserProfile] [JavaFX Application Thread] Logging bundle: input
23 Mar 2016, 14:53:40.707 [  FINER] [    FXGL.UserProfile] [JavaFX Application Thread] input.Shoot=Space
23 Mar 2016, 14:53:40.707 [  FINER] [    FXGL.UserProfile] [JavaFX Application Thread] input.Move Right=D
23 Mar 2016, 14:53:40.708 [  FINER] [    FXGL.UserProfile] [JavaFX Application Thread] input.Move Left=A
23 Mar 2016, 14:53:40.708 [  FINER] [    FXGL.AudioPlayer] [JavaFX Application Thread] Saving data to profile
23 Mar 2016, 14:53:40.708 [  FINER] [    FXGL.UserProfile] [JavaFX Application Thread] Logging bundle: audio
23 Mar 2016, 14:53:40.708 [  FINER] [    FXGL.UserProfile] [JavaFX Application Thread] audio.musicVolume=0.5
23 Mar 2016, 14:53:40.709 [  FINER] [    FXGL.UserProfile] [JavaFX Application Thread] audio.soundVolume=0.5
23 Mar 2016, 14:53:40.709 [  FINER] [FXGL.AchievementMana] [JavaFX Application Thread] Saving data to profile
23 Mar 2016, 14:53:40.710 [  FINER] [    FXGL.UserProfile] [JavaFX Application Thread] Logging bundle: achievement
23 Mar 2016, 14:53:40.710 [  FINER] [    FXGL.Application] [JavaFX Application Thread] Starting new game
23 Mar 2016, 14:53:40.712 [  FINER] [    FXGL.Application] [JavaFX Application Thread] Initializing App
23 Mar 2016, 14:53:40.712 [  FINER] [    FXGL.Application] [JavaFX Application Thread] Pausing main loop
23 Mar 2016, 14:53:40.712 [  FINER] [       FXGL.EventBus] [JavaFX Application Thread] Firing event: FXGLEvent[type=PAUSE]
23 Mar 2016, 14:53:40.712 [  FINER] [          FXGL.Input] [JavaFX Application Thread] Clearing active input actions
23 Mar 2016, 14:53:40.713 [  FINER] [    FXGL.MasterTimer] [JavaFX Application Thread] Stopping master timer
23 Mar 2016, 14:53:40.713 [  FINER] [    FXGL.Application] [JavaFX Application Thread] State: STARTUP -> PAUSED
23 Mar 2016, 14:53:40.714 [  FINER] [    FXGL.Application] [JavaFX Application Thread] Resetting FXGL application
23 Mar 2016, 14:53:40.714 [  FINER] [       FXGL.EventBus] [JavaFX Application Thread] Firing event: FXGLEvent[type=RESET]
23 Mar 2016, 14:53:40.714 [  FINER] [          FXGL.Input] [JavaFX Application Thread] Clearing active input actions
23 Mar 2016, 14:53:40.714 [  FINER] [    FXGL.MasterTimer] [JavaFX Application Thread] Resetting ticks to 0
23 Mar 2016, 14:53:40.715 [  FINER] [    FXGL.MasterTimer] [JavaFX Application Thread] Clearing all scheduled actions
23 Mar 2016, 14:53:40.715 [  FINER] [      FXGL.GameScene] [JavaFX Application Thread] Resetting game scene
23 Mar 2016, 14:53:40.715 [  FINER] [      FXGL.GameWorld] [JavaFX Application Thread] Resetting game world
23 Mar 2016, 14:53:40.717 [  FINER] [    FXGL.Application] [JavaFX Application Thread] State: PAUSED -> LOADING
23 Mar 2016, 14:53:40.749 [  FINER] [    FXGL.Application] [JavaFX Application Thread] Starting FXGL Init Thread
23 Mar 2016, 14:53:40.751 [  FINER] [    FXGL.Application] [FXGL Init Thread] Initializing Assets
23 Mar 2016, 14:53:40.755 [  FINER] [    FXGL.AssetLoader] [FXGL Init Thread] Loading from disk: /assets/textures/enemy.png
23 Mar 2016, 14:53:40.762 [  FINER] [    FXGL.AssetLoader] [FXGL Init Thread] Loading from disk: /assets/textures/enemyReduced.png
23 Mar 2016, 14:53:40.763 [  FINER] [    FXGL.AssetLoader] [FXGL Init Thread] Loading from disk: /assets/textures/enemyReduced1.png
23 Mar 2016, 14:53:40.765 [  FINER] [    FXGL.AssetLoader] [FXGL Init Thread] Loading from disk: /assets/textures/enemyReduced2.png
23 Mar 2016, 14:53:40.766 [  FINER] [    FXGL.AssetLoader] [FXGL Init Thread] Loading from disk: /assets/textures/enemyReduced3.png
23 Mar 2016, 14:53:40.767 [  FINER] [    FXGL.AssetLoader] [FXGL Init Thread] Loading from disk: /assets/textures/life.png
23 Mar 2016, 14:53:40.769 [  FINER] [    FXGL.AssetLoader] [FXGL Init Thread] Loading from disk: /assets/textures/spaceship.png
23 Mar 2016, 14:53:40.771 [  FINER] [    FXGL.AssetLoader] [FXGL Init Thread] Loading from disk: /assets/textures/spaceshipReduced.png
23 Mar 2016, 14:53:40.772 [  FINER] [    FXGL.AssetLoader] [FXGL Init Thread] Loading from disk: /assets/textures/text.png
23 Mar 2016, 14:53:40.794 [  FINER] [    FXGL.AssetLoader] [FXGL Init Thread] Loading from disk: /assets/textures/wall.png
23 Mar 2016, 14:53:40.801 [  FINER] [    FXGL.AssetLoader] [FXGL Init Thread] Loading from disk: /assets/music/bgm.mp3
23 Mar 2016, 14:53:40.983 [  FINER] [    FXGL.AssetLoader] [FXGL Init Thread] Loading from cache: /assets/ui/fonts/Copperplate_Gothic_Light_Regular.ttf
23 Mar 2016, 14:53:41.017 [  FINER] [    FXGL.Application] [JavaFX Application Thread] Showing stage
23 Mar 2016, 14:53:41.018 [  FINER] [    FXGL.Application] [JavaFX Application Thread] Root size: 480.0x600.0
23 Mar 2016, 14:53:41.018 [  FINER] [    FXGL.Application] [JavaFX Application Thread] Scene size: 480.0x600.0
23 Mar 2016, 14:53:41.018 [  FINER] [    FXGL.Application] [JavaFX Application Thread] Stage size: 486.0x629.0
23 Mar 2016, 14:53:41.035 [  FINER] [    FXGL.Application] [FXGL Init Thread] Initializing Game
23 Mar 2016, 14:53:41.070 [  FINER] [    FXGL.AssetLoader] [FXGL Init Thread] Loading from cache: /assets/textures/enemyReduced2.png
23 Mar 2016, 14:53:41.078 [  FINER] [    FXGL.AssetLoader] [FXGL Init Thread] Loading from cache: /assets/textures/enemyReduced2.png
23 Mar 2016, 14:53:41.080 [  FINER] [    FXGL.AssetLoader] [FXGL Init Thread] Loading from cache: /assets/textures/enemyReduced1.png
23 Mar 2016, 14:53:41.081 [  FINER] [    FXGL.AssetLoader] [FXGL Init Thread] Loading from cache: /assets/textures/enemyReduced1.png
23 Mar 2016, 14:53:41.082 [  FINER] [    FXGL.AssetLoader] [FXGL Init Thread] Loading from cache: /assets/textures/enemyReduced3.png
23 Mar 2016, 14:53:41.084 [  FINER] [    FXGL.AssetLoader] [FXGL Init Thread] Loading from cache: /assets/textures/enemyReduced1.png
23 Mar 2016, 14:53:41.085 [  FINER] [    FXGL.AssetLoader] [FXGL Init Thread] Loading from cache: /assets/textures/enemyReduced3.png
23 Mar 2016, 14:53:41.086 [  FINER] [    FXGL.AssetLoader] [FXGL Init Thread] Loading from cache: /assets/textures/enemyReduced1.png
23 Mar 2016, 14:53:41.088 [  FINER] [    FXGL.AssetLoader] [FXGL Init Thread] Loading from cache: /assets/textures/enemyReduced2.png
23 Mar 2016, 14:53:41.090 [  FINER] [    FXGL.AssetLoader] [FXGL Init Thread] Loading from cache: /assets/textures/enemyReduced2.png
23 Mar 2016, 14:53:41.091 [  FINER] [    FXGL.AssetLoader] [FXGL Init Thread] Loading from cache: /assets/textures/enemyReduced3.png
23 Mar 2016, 14:53:41.098 [  FINER] [    FXGL.AssetLoader] [FXGL Init Thread] Loading from cache: /assets/textures/enemyReduced1.png
23 Mar 2016, 14:53:41.100 [  FINER] [    FXGL.AssetLoader] [FXGL Init Thread] Loading from cache: /assets/textures/enemyReduced3.png
23 Mar 2016, 14:53:41.105 [  FINER] [    FXGL.AssetLoader] [FXGL Init Thread] Loading from cache: /assets/textures/enemyReduced2.png
23 Mar 2016, 14:53:41.112 [  FINER] [    FXGL.AssetLoader] [FXGL Init Thread] Loading from cache: /assets/textures/enemyReduced1.png
23 Mar 2016, 14:53:41.117 [  FINER] [    FXGL.AssetLoader] [FXGL Init Thread] Loading from cache: /assets/textures/enemyReduced1.png
23 Mar 2016, 14:53:41.118 [  FINER] [    FXGL.AssetLoader] [FXGL Init Thread] Loading from cache: /assets/textures/enemyReduced1.png
23 Mar 2016, 14:53:41.119 [  FINER] [    FXGL.AssetLoader] [FXGL Init Thread] Loading from cache: /assets/textures/enemyReduced1.png
23 Mar 2016, 14:53:41.121 [  FINER] [    FXGL.AssetLoader] [FXGL Init Thread] Loading from cache: /assets/textures/enemyReduced2.png
23 Mar 2016, 14:53:41.123 [  FINER] [    FXGL.AssetLoader] [FXGL Init Thread] Loading from cache: /assets/textures/enemyReduced1.png
23 Mar 2016, 14:53:41.124 [  FINER] [    FXGL.AssetLoader] [FXGL Init Thread] Loading from cache: /assets/textures/enemyReduced3.png
23 Mar 2016, 14:53:41.126 [  FINER] [    FXGL.AssetLoader] [FXGL Init Thread] Loading from cache: /assets/textures/enemyReduced2.png
23 Mar 2016, 14:53:41.128 [  FINER] [    FXGL.AssetLoader] [FXGL Init Thread] Loading from cache: /assets/textures/enemyReduced2.png
23 Mar 2016, 14:53:41.130 [  FINER] [    FXGL.AssetLoader] [FXGL Init Thread] Loading from cache: /assets/textures/enemyReduced2.png
23 Mar 2016, 14:53:41.131 [  FINER] [    FXGL.AssetLoader] [FXGL Init Thread] Loading from cache: /assets/textures/enemyReduced2.png
23 Mar 2016, 14:53:41.133 [  FINER] [    FXGL.AssetLoader] [FXGL Init Thread] Loading from cache: /assets/textures/enemyReduced2.png
23 Mar 2016, 14:53:41.134 [  FINER] [    FXGL.AssetLoader] [FXGL Init Thread] Loading from cache: /assets/textures/enemyReduced1.png
23 Mar 2016, 14:53:41.135 [  FINER] [    FXGL.AssetLoader] [FXGL Init Thread] Loading from cache: /assets/textures/enemyReduced3.png
23 Mar 2016, 14:53:41.137 [  FINER] [    FXGL.AssetLoader] [FXGL Init Thread] Loading from cache: /assets/textures/enemyReduced3.png
23 Mar 2016, 14:53:41.138 [  FINER] [    FXGL.AssetLoader] [FXGL Init Thread] Loading from cache: /assets/textures/enemyReduced1.png
23 Mar 2016, 14:53:41.139 [  FINER] [    FXGL.AssetLoader] [FXGL Init Thread] Loading from cache: /assets/textures/enemyReduced3.png
23 Mar 2016, 14:53:41.140 [  FINER] [    FXGL.AssetLoader] [FXGL Init Thread] Loading from cache: /assets/textures/enemyReduced2.png
23 Mar 2016, 14:53:41.142 [  FINER] [    FXGL.AssetLoader] [FXGL Init Thread] Loading from cache: /assets/textures/enemyReduced2.png
23 Mar 2016, 14:53:41.143 [  FINER] [    FXGL.AssetLoader] [FXGL Init Thread] Loading from cache: /assets/textures/enemyReduced2.png
23 Mar 2016, 14:53:41.145 [  FINER] [    FXGL.AssetLoader] [FXGL Init Thread] Loading from cache: /assets/textures/enemyReduced1.png
23 Mar 2016, 14:53:41.146 [  FINER] [    FXGL.AssetLoader] [FXGL Init Thread] Loading from cache: /assets/textures/enemyReduced2.png
23 Mar 2016, 14:53:41.147 [  FINER] [    FXGL.AssetLoader] [FXGL Init Thread] Loading from cache: /assets/textures/enemyReduced3.png
23 Mar 2016, 14:53:41.149 [  FINER] [    FXGL.AssetLoader] [FXGL Init Thread] Loading from cache: /assets/textures/enemyReduced3.png
23 Mar 2016, 14:53:41.149 [  FINER] [    FXGL.AssetLoader] [FXGL Init Thread] Loading from cache: /assets/textures/enemyReduced1.png
23 Mar 2016, 14:53:41.150 [  FINER] [    FXGL.AssetLoader] [FXGL Init Thread] Loading from cache: /assets/textures/enemyReduced3.png
23 Mar 2016, 14:53:41.151 [  FINER] [    FXGL.AssetLoader] [FXGL Init Thread] Loading from cache: /assets/textures/wall.png
23 Mar 2016, 14:53:41.152 [  FINER] [    FXGL.AssetLoader] [FXGL Init Thread] Loading from cache: /assets/textures/wall.png
23 Mar 2016, 14:53:41.153 [  FINER] [    FXGL.AssetLoader] [FXGL Init Thread] Loading from cache: /assets/textures/wall.png
23 Mar 2016, 14:53:41.154 [  FINER] [    FXGL.AssetLoader] [FXGL Init Thread] Loading from cache: /assets/textures/wall.png
23 Mar 2016, 14:53:41.154 [  FINER] [    FXGL.AssetLoader] [FXGL Init Thread] Loading from cache: /assets/textures/spaceshipReduced.png
23 Mar 2016, 14:53:41.156 [  FINER] [    FXGL.Application] [FXGL Init Thread] Initializing Physics
23 Mar 2016, 14:53:41.157 [  FINER] [    FXGL.Application] [FXGL Init Thread] Initializing UI
23 Mar 2016, 14:53:41.163 [  FINER] [    FXGL.Application] [FXGL Init Thread] Initialization Complete
23 Mar 2016, 14:53:41.164 [  FINER] [       FXGL.EventBus] [JavaFX Application Thread] Firing event: FXGLEvent[type=INIT_APP_COMPLETE]
23 Mar 2016, 14:53:41.164 [  FINER] [    FXGL.Application] [JavaFX Application Thread] Resuming main loop
23 Mar 2016, 14:53:41.164 [  FINER] [       FXGL.EventBus] [JavaFX Application Thread] Firing event: FXGLEvent[type=RESUME]
23 Mar 2016, 14:53:41.164 [  FINER] [          FXGL.Input] [JavaFX Application Thread] Clearing active input actions
23 Mar 2016, 14:53:41.164 [  FINER] [    FXGL.MasterTimer] [JavaFX Application Thread] Starting master timer
23 Mar 2016, 14:53:41.165 [  FINER] [    FXGL.Application] [JavaFX Application Thread] State: LOADING -> PLAYING
23 Mar 2016, 14:53:41.174 [  FINER] [       FXGL.EventBus] [JavaFX Application Thread] Firing event: WorldEvent[type=ENTITY_ADDED]
23 Mar 2016, 14:53:41.174 [  FINER] [      FXGL.GameScene] [JavaFX Application Thread] Entity added to scene
23 Mar 2016, 14:53:41.175 [  FINER] [      FXGL.GameScene] [JavaFX Application Thread] Added MainViewComponent
23 Mar 2016, 14:53:41.176 [  FINER] [      FXGL.GameScene] [JavaFX Application Thread] Creating render group for layer: TOP(2147483647)
23 Mar 2016, 14:53:41.181 [  FINER] [       FXGL.EventBus] [JavaFX Application Thread] Firing event: WorldEvent[type=ENTITY_ADDED]
23 Mar 2016, 14:53:41.182 [  FINER] [      FXGL.GameScene] [JavaFX Application Thread] Entity added to scene
23 Mar 2016, 14:53:41.182 [  FINER] [      FXGL.GameScene] [JavaFX Application Thread] Added MainViewComponent
23 Mar 2016, 14:53:41.182 [  FINER] [       FXGL.EventBus] [JavaFX Application Thread] Firing event: WorldEvent[type=ENTITY_ADDED]
23 Mar 2016, 14:53:41.183 [  FINER] [      FXGL.GameScene] [JavaFX Application Thread] Entity added to scene
23 Mar 2016, 14:53:41.183 [  FINER] [      FXGL.GameScene] [JavaFX Application Thread] Added MainViewComponent
23 Mar 2016, 14:53:41.183 [  FINER] [       FXGL.EventBus] [JavaFX Application Thread] Firing event: WorldEvent[type=ENTITY_ADDED]
23 Mar 2016, 14:53:41.183 [  FINER] [      FXGL.GameScene] [JavaFX Application Thread] Entity added to scene
23 Mar 2016, 14:53:41.183 [  FINER] [      FXGL.GameScene] [JavaFX Application Thread] Added MainViewComponent
23 Mar 2016, 14:53:41.184 [  FINER] [       FXGL.EventBus] [JavaFX Application Thread] Firing event: WorldEvent[type=ENTITY_ADDED]
23 Mar 2016, 14:53:41.184 [  FINER] [      FXGL.GameScene] [JavaFX Application Thread] Entity added to scene
23 Mar 2016, 14:53:41.184 [  FINER] [      FXGL.GameScene] [JavaFX Application Thread] Added MainViewComponent
23 Mar 2016, 14:53:41.184 [  FINER] [       FXGL.EventBus] [JavaFX Application Thread] Firing event: WorldEvent[type=ENTITY_ADDED]
23 Mar 2016, 14:53:41.184 [  FINER] [      FXGL.GameScene] [JavaFX Application Thread] Entity added to scene
23 Mar 2016, 14:53:41.185 [  FINER] [      FXGL.GameScene] [JavaFX Application Thread] Added MainViewComponent
23 Mar 2016, 14:53:41.185 [  FINER] [       FXGL.EventBus] [JavaFX Application Thread] Firing event: WorldEvent[type=ENTITY_ADDED]
23 Mar 2016, 14:53:41.185 [  FINER] [      FXGL.GameScene] [JavaFX Application Thread] Entity added to scene
23 Mar 2016, 14:53:41.185 [  FINER] [      FXGL.GameScene] [JavaFX Application Thread] Added MainViewComponent
23 Mar 2016, 14:53:41.186 [  FINER] [       FXGL.EventBus] [JavaFX Application Thread] Firing event: WorldEvent[type=ENTITY_ADDED]
23 Mar 2016, 14:53:41.186 [  FINER] [      FXGL.GameScene] [JavaFX Application Thread] Entity added to scene
23 Mar 2016, 14:53:41.186 [  FINER] [      FXGL.GameScene] [JavaFX Application Thread] Added MainViewComponent
23 Mar 2016, 14:53:41.187 [  FINER] [       FXGL.EventBus] [JavaFX Application Thread] Firing event: WorldEvent[type=ENTITY_ADDED]
23 Mar 2016, 14:53:41.187 [  FINER] [      FXGL.GameScene] [JavaFX Application Thread] Entity added to scene
23 Mar 2016, 14:53:41.187 [  FINER] [      FXGL.GameScene] [JavaFX Application Thread] Added MainViewComponent
23 Mar 2016, 14:53:41.188 [  FINER] [       FXGL.EventBus] [JavaFX Application Thread] Firing event: WorldEvent[type=ENTITY_ADDED]
23 Mar 2016, 14:53:41.188 [  FINER] [      FXGL.GameScene] [JavaFX Application Thread] Entity added to scene
23 Mar 2016, 14:53:41.188 [  FINER] [      FXGL.GameScene] [JavaFX Application Thread] Added MainViewComponent
23 Mar 2016, 14:53:41.189 [  FINER] [       FXGL.EventBus] [JavaFX Application Thread] Firing event: WorldEvent[type=ENTITY_ADDED]
23 Mar 2016, 14:53:41.189 [  FINER] [      FXGL.GameScene] [JavaFX Application Thread] Entity added to scene
23 Mar 2016, 14:53:41.189 [  FINER] [      FXGL.GameScene] [JavaFX Application Thread] Added MainViewComponent
23 Mar 2016, 14:53:41.190 [  FINER] [       FXGL.EventBus] [JavaFX Application Thread] Firing event: WorldEvent[type=ENTITY_ADDED]
23 Mar 2016, 14:53:41.190 [  FINER] [      FXGL.GameScene] [JavaFX Application Thread] Entity added to scene
23 Mar 2016, 14:53:41.190 [  FINER] [      FXGL.GameScene] [JavaFX Application Thread] Added MainViewComponent
23 Mar 2016, 14:53:41.191 [  FINER] [       FXGL.EventBus] [JavaFX Application Thread] Firing event: WorldEvent[type=ENTITY_ADDED]
23 Mar 2016, 14:53:41.192 [  FINER] [      FXGL.GameScene] [JavaFX Application Thread] Entity added to scene
23 Mar 2016, 14:53:41.192 [  FINER] [      FXGL.GameScene] [JavaFX Application Thread] Added MainViewComponent
23 Mar 2016, 14:53:41.192 [  FINER] [       FXGL.EventBus] [JavaFX Application Thread] Firing event: WorldEvent[type=ENTITY_ADDED]
23 Mar 2016, 14:53:41.193 [  FINER] [      FXGL.GameScene] [JavaFX Application Thread] Entity added to scene
23 Mar 2016, 14:53:41.193 [  FINER] [      FXGL.GameScene] [JavaFX Application Thread] Added MainViewComponent
23 Mar 2016, 14:53:41.194 [  FINER] [       FXGL.EventBus] [JavaFX Application Thread] Firing event: WorldEvent[type=ENTITY_ADDED]
23 Mar 2016, 14:53:41.194 [  FINER] [      FXGL.GameScene] [JavaFX Application Thread] Entity added to scene
23 Mar 2016, 14:53:41.195 [  FINER] [      FXGL.GameScene] [JavaFX Application Thread] Added MainViewComponent
23 Mar 2016, 14:53:41.195 [  FINER] [       FXGL.EventBus] [JavaFX Application Thread] Firing event: WorldEvent[type=ENTITY_ADDED]
23 Mar 2016, 14:53:41.195 [  FINER] [      FXGL.GameScene] [JavaFX Application Thread] Entity added to scene
23 Mar 2016, 14:53:41.195 [  FINER] [      FXGL.GameScene] [JavaFX Application Thread] Added MainViewComponent
23 Mar 2016, 14:53:41.196 [  FINER] [       FXGL.EventBus] [JavaFX Application Thread] Firing event: WorldEvent[type=ENTITY_ADDED]
23 Mar 2016, 14:53:41.196 [  FINER] [      FXGL.GameScene] [JavaFX Application Thread] Entity added to scene
23 Mar 2016, 14:53:41.196 [  FINER] [      FXGL.GameScene] [JavaFX Application Thread] Added MainViewComponent
23 Mar 2016, 14:53:41.197 [  FINER] [       FXGL.EventBus] [JavaFX Application Thread] Firing event: WorldEvent[type=ENTITY_ADDED]
23 Mar 2016, 14:53:41.197 [  FINER] [      FXGL.GameScene] [JavaFX Application Thread] Entity added to scene
23 Mar 2016, 14:53:41.197 [  FINER] [      FXGL.GameScene] [JavaFX Application Thread] Added MainViewComponent
23 Mar 2016, 14:53:41.197 [  FINER] [       FXGL.EventBus] [JavaFX Application Thread] Firing event: WorldEvent[type=ENTITY_ADDED]
23 Mar 2016, 14:53:41.198 [  FINER] [      FXGL.GameScene] [JavaFX Application Thread] Entity added to scene
23 Mar 2016, 14:53:41.198 [  FINER] [      FXGL.GameScene] [JavaFX Application Thread] Added MainViewComponent
23 Mar 2016, 14:53:41.198 [  FINER] [       FXGL.EventBus] [JavaFX Application Thread] Firing event: WorldEvent[type=ENTITY_ADDED]
23 Mar 2016, 14:53:41.198 [  FINER] [      FXGL.GameScene] [JavaFX Application Thread] Entity added to scene
23 Mar 2016, 14:53:41.198 [  FINER] [      FXGL.GameScene] [JavaFX Application Thread] Added MainViewComponent
23 Mar 2016, 14:53:41.199 [  FINER] [       FXGL.EventBus] [JavaFX Application Thread] Firing event: WorldEvent[type=ENTITY_ADDED]
23 Mar 2016, 14:53:41.199 [  FINER] [      FXGL.GameScene] [JavaFX Application Thread] Entity added to scene
23 Mar 2016, 14:53:41.199 [  FINER] [      FXGL.GameScene] [JavaFX Application Thread] Added MainViewComponent
23 Mar 2016, 14:53:41.199 [  FINER] [       FXGL.EventBus] [JavaFX Application Thread] Firing event: WorldEvent[type=ENTITY_ADDED]
23 Mar 2016, 14:53:41.199 [  FINER] [      FXGL.GameScene] [JavaFX Application Thread] Entity added to scene
23 Mar 2016, 14:53:41.200 [  FINER] [      FXGL.GameScene] [JavaFX Application Thread] Added MainViewComponent
23 Mar 2016, 14:53:41.200 [  FINER] [       FXGL.EventBus] [JavaFX Application Thread] Firing event: WorldEvent[type=ENTITY_ADDED]
23 Mar 2016, 14:53:41.200 [  FINER] [      FXGL.GameScene] [JavaFX Application Thread] Entity added to scene
23 Mar 2016, 14:53:41.200 [  FINER] [      FXGL.GameScene] [JavaFX Application Thread] Added MainViewComponent
23 Mar 2016, 14:53:41.201 [  FINER] [       FXGL.EventBus] [JavaFX Application Thread] Firing event: WorldEvent[type=ENTITY_ADDED]
23 Mar 2016, 14:53:41.201 [  FINER] [      FXGL.GameScene] [JavaFX Application Thread] Entity added to scene
23 Mar 2016, 14:53:41.201 [  FINER] [      FXGL.GameScene] [JavaFX Application Thread] Added MainViewComponent
23 Mar 2016, 14:53:41.201 [  FINER] [       FXGL.EventBus] [JavaFX Application Thread] Firing event: WorldEvent[type=ENTITY_ADDED]
23 Mar 2016, 14:53:41.202 [  FINER] [      FXGL.GameScene] [JavaFX Application Thread] Entity added to scene
23 Mar 2016, 14:53:41.202 [  FINER] [      FXGL.GameScene] [JavaFX Application Thread] Added MainViewComponent
23 Mar 2016, 14:53:41.202 [  FINER] [       FXGL.EventBus] [JavaFX Application Thread] Firing event: WorldEvent[type=ENTITY_ADDED]
23 Mar 2016, 14:53:41.203 [  FINER] [      FXGL.GameScene] [JavaFX Application Thread] Entity added to scene
23 Mar 2016, 14:53:41.203 [  FINER] [      FXGL.GameScene] [JavaFX Application Thread] Added MainViewComponent
23 Mar 2016, 14:53:41.204 [  FINER] [       FXGL.EventBus] [JavaFX Application Thread] Firing event: WorldEvent[type=ENTITY_ADDED]
23 Mar 2016, 14:53:41.204 [  FINER] [      FXGL.GameScene] [JavaFX Application Thread] Entity added to scene
23 Mar 2016, 14:53:41.204 [  FINER] [      FXGL.GameScene] [JavaFX Application Thread] Added MainViewComponent
23 Mar 2016, 14:53:41.205 [  FINER] [       FXGL.EventBus] [JavaFX Application Thread] Firing event: WorldEvent[type=ENTITY_ADDED]
23 Mar 2016, 14:53:41.205 [  FINER] [      FXGL.GameScene] [JavaFX Application Thread] Entity added to scene
23 Mar 2016, 14:53:41.205 [  FINER] [      FXGL.GameScene] [JavaFX Application Thread] Added MainViewComponent
23 Mar 2016, 14:53:41.206 [  FINER] [       FXGL.EventBus] [JavaFX Application Thread] Firing event: WorldEvent[type=ENTITY_ADDED]
23 Mar 2016, 14:53:41.206 [  FINER] [      FXGL.GameScene] [JavaFX Application Thread] Entity added to scene
23 Mar 2016, 14:53:41.206 [  FINER] [      FXGL.GameScene] [JavaFX Application Thread] Added MainViewComponent
23 Mar 2016, 14:53:41.207 [  FINER] [       FXGL.EventBus] [JavaFX Application Thread] Firing event: WorldEvent[type=ENTITY_ADDED]
23 Mar 2016, 14:53:41.207 [  FINER] [      FXGL.GameScene] [JavaFX Application Thread] Entity added to scene
23 Mar 2016, 14:53:41.207 [  FINER] [      FXGL.GameScene] [JavaFX Application Thread] Added MainViewComponent
23 Mar 2016, 14:53:41.208 [  FINER] [       FXGL.EventBus] [JavaFX Application Thread] Firing event: WorldEvent[type=ENTITY_ADDED]
23 Mar 2016, 14:53:41.208 [  FINER] [      FXGL.GameScene] [JavaFX Application Thread] Entity added to scene
23 Mar 2016, 14:53:41.208 [  FINER] [      FXGL.GameScene] [JavaFX Application Thread] Added MainViewComponent
23 Mar 2016, 14:53:41.209 [  FINER] [       FXGL.EventBus] [JavaFX Application Thread] Firing event: WorldEvent[type=ENTITY_ADDED]
23 Mar 2016, 14:53:41.209 [  FINER] [      FXGL.GameScene] [JavaFX Application Thread] Entity added to scene
23 Mar 2016, 14:53:41.209 [  FINER] [      FXGL.GameScene] [JavaFX Application Thread] Added MainViewComponent
23 Mar 2016, 14:53:41.210 [  FINER] [       FXGL.EventBus] [JavaFX Application Thread] Firing event: WorldEvent[type=ENTITY_ADDED]
23 Mar 2016, 14:53:41.210 [  FINER] [      FXGL.GameScene] [JavaFX Application Thread] Entity added to scene
23 Mar 2016, 14:53:41.211 [  FINER] [      FXGL.GameScene] [JavaFX Application Thread] Added MainViewComponent
23 Mar 2016, 14:53:41.211 [  FINER] [       FXGL.EventBus] [JavaFX Application Thread] Firing event: WorldEvent[type=ENTITY_ADDED]
23 Mar 2016, 14:53:41.212 [  FINER] [      FXGL.GameScene] [JavaFX Application Thread] Entity added to scene
23 Mar 2016, 14:53:41.212 [  FINER] [      FXGL.GameScene] [JavaFX Application Thread] Added MainViewComponent
23 Mar 2016, 14:53:41.212 [  FINER] [       FXGL.EventBus] [JavaFX Application Thread] Firing event: WorldEvent[type=ENTITY_ADDED]
23 Mar 2016, 14:53:41.212 [  FINER] [      FXGL.GameScene] [JavaFX Application Thread] Entity added to scene
23 Mar 2016, 14:53:41.213 [  FINER] [      FXGL.GameScene] [JavaFX Application Thread] Added MainViewComponent
23 Mar 2016, 14:53:41.213 [  FINER] [       FXGL.EventBus] [JavaFX Application Thread] Firing event: WorldEvent[type=ENTITY_ADDED]
23 Mar 2016, 14:53:41.213 [  FINER] [      FXGL.GameScene] [JavaFX Application Thread] Entity added to scene
23 Mar 2016, 14:53:41.213 [  FINER] [      FXGL.GameScene] [JavaFX Application Thread] Added MainViewComponent
23 Mar 2016, 14:53:41.215 [  FINER] [       FXGL.EventBus] [JavaFX Application Thread] Firing event: WorldEvent[type=ENTITY_ADDED]
23 Mar 2016, 14:53:41.216 [  FINER] [      FXGL.GameScene] [JavaFX Application Thread] Entity added to scene
23 Mar 2016, 14:53:41.216 [  FINER] [      FXGL.GameScene] [JavaFX Application Thread] Added MainViewComponent
23 Mar 2016, 14:53:41.216 [  FINER] [       FXGL.EventBus] [JavaFX Application Thread] Firing event: WorldEvent[type=ENTITY_ADDED]
23 Mar 2016, 14:53:41.217 [  FINER] [      FXGL.GameScene] [JavaFX Application Thread] Entity added to scene
23 Mar 2016, 14:53:41.217 [  FINER] [      FXGL.GameScene] [JavaFX Application Thread] Added MainViewComponent
23 Mar 2016, 14:53:41.217 [  FINER] [       FXGL.EventBus] [JavaFX Application Thread] Firing event: WorldEvent[type=ENTITY_ADDED]
23 Mar 2016, 14:53:41.218 [  FINER] [      FXGL.GameScene] [JavaFX Application Thread] Entity added to scene
23 Mar 2016, 14:53:41.218 [  FINER] [      FXGL.GameScene] [JavaFX Application Thread] Added MainViewComponent
23 Mar 2016, 14:53:41.218 [  FINER] [       FXGL.EventBus] [JavaFX Application Thread] Firing event: WorldEvent[type=ENTITY_ADDED]
23 Mar 2016, 14:53:41.219 [  FINER] [      FXGL.GameScene] [JavaFX Application Thread] Entity added to scene
23 Mar 2016, 14:53:41.219 [  FINER] [      FXGL.GameScene] [JavaFX Application Thread] Added MainViewComponent
23 Mar 2016, 14:53:41.219 [  FINER] [       FXGL.EventBus] [JavaFX Application Thread] Firing event: WorldEvent[type=ENTITY_ADDED]
23 Mar 2016, 14:53:41.219 [  FINER] [      FXGL.GameScene] [JavaFX Application Thread] Entity added to scene
23 Mar 2016, 14:53:41.220 [  FINER] [      FXGL.GameScene] [JavaFX Application Thread] Added MainViewComponent
23 Mar 2016, 14:53:41.220 [  FINER] [       FXGL.EventBus] [JavaFX Application Thread] Firing event: WorldEvent[type=ENTITY_ADDED]
23 Mar 2016, 14:53:41.220 [  FINER] [      FXGL.GameScene] [JavaFX Application Thread] Entity added to scene
23 Mar 2016, 14:53:41.221 [  FINER] [      FXGL.GameScene] [JavaFX Application Thread] Added MainViewComponent
23 Mar 2016, 14:53:41.221 [  FINER] [       FXGL.EventBus] [JavaFX Application Thread] Firing event: WorldEvent[type=ENTITY_ADDED]
23 Mar 2016, 14:53:41.221 [  FINER] [      FXGL.GameScene] [JavaFX Application Thread] Entity added to scene
23 Mar 2016, 14:53:41.221 [  FINER] [      FXGL.GameScene] [JavaFX Application Thread] Added MainViewComponent
23 Mar 2016, 14:53:41.222 [  FINER] [       FXGL.EventBus] [JavaFX Application Thread] Firing event: WorldEvent[type=ENTITY_ADDED]
23 Mar 2016, 14:53:41.222 [  FINER] [      FXGL.GameScene] [JavaFX Application Thread] Entity added to scene
23 Mar 2016, 14:53:41.222 [  FINER] [      FXGL.GameScene] [JavaFX Application Thread] Added MainViewComponent
23 Mar 2016, 14:53:41.223 [  FINER] [       FXGL.EventBus] [JavaFX Application Thread] Firing event: WorldEvent[type=ENTITY_ADDED]
23 Mar 2016, 14:53:41.223 [  FINER] [      FXGL.GameScene] [JavaFX Application Thread] Entity added to scene
23 Mar 2016, 14:53:41.223 [  FINER] [      FXGL.GameScene] [JavaFX Application Thread] Added MainViewComponent
23 Mar 2016, 14:57:07.234 [  FINER] [       FXGL.EventBus] [JavaFX Application Thread] Firing event: DisplayEvent[type=DIALOG_OPENED]
23 Mar 2016, 14:57:07.234 [  FINER] [    FXGL.Application] [JavaFX Application Thread] Pausing main loop
23 Mar 2016, 14:57:07.234 [  FINER] [       FXGL.EventBus] [JavaFX Application Thread] Firing event: FXGLEvent[type=PAUSE]
23 Mar 2016, 14:57:07.235 [  FINER] [          FXGL.Input] [JavaFX Application Thread] Clearing active input actions
23 Mar 2016, 14:57:07.235 [  FINER] [    FXGL.MasterTimer] [JavaFX Application Thread] Stopping master timer
23 Mar 2016, 14:57:07.235 [  FINER] [    FXGL.Application] [JavaFX Application Thread] State: PLAYING -> PAUSED
23 Mar 2016, 14:57:07.235 [  FINER] [          FXGL.Input] [JavaFX Application Thread] Clearing active input actions
23 Mar 2016, 14:57:09.312 [  FINER] [       FXGL.EventBus] [JavaFX Application Thread] Firing event: DisplayEvent[type=DIALOG_CLOSED]
23 Mar 2016, 14:57:09.313 [  FINER] [    FXGL.Application] [JavaFX Application Thread] Resuming main loop
23 Mar 2016, 14:57:09.313 [  FINER] [       FXGL.EventBus] [JavaFX Application Thread] Firing event: FXGLEvent[type=RESUME]
23 Mar 2016, 14:57:09.313 [  FINER] [          FXGL.Input] [JavaFX Application Thread] Clearing active input actions
23 Mar 2016, 14:57:09.313 [  FINER] [    FXGL.MasterTimer] [JavaFX Application Thread] Starting master timer
23 Mar 2016, 14:57:09.313 [  FINER] [    FXGL.Application] [JavaFX Application Thread] State: PAUSED -> PLAYING
23 Mar 2016, 14:57:09.313 [  FINER] [       FXGL.EventBus] [JavaFX Application Thread] Firing event: DisplayEvent[type=CLOSE_REQUEST]
23 Mar 2016, 14:57:09.313 [  FINER] [    FXGL.Application] [JavaFX Application Thread] Exiting Normally
23 Mar 2016, 14:57:09.313 [  FINER] [       FXGL.EventBus] [JavaFX Application Thread] Firing event: FXGLEvent[type=EXIT]
23 Mar 2016, 14:57:09.313 [  FINER] [         FXGL.Logger] [JavaFX Application Thread] Logger is closing
