19 Mar 2016, 12:16:05.218 [   INFO] [         FXGL.Logger] [JavaFX Application Thread] Logger initialized with level: CONFIG
19 Mar 2016, 12:16:05.222 [  FINER] [         FXGL.Logger] [JavaFX Application Thread] CPU cores: 4
19 Mar 2016, 12:16:05.225 [  FINER] [         FXGL.Logger] [JavaFX Application Thread] Free Memory: 111MB
19 Mar 2016, 12:16:05.226 [  FINER] [         FXGL.Logger] [JavaFX Application Thread] Max Memory: 1821MB
19 Mar 2016, 12:16:05.226 [  FINER] [         FXGL.Logger] [JavaFX Application Thread] Total Memory: 123MB
19 Mar 2016, 12:16:05.226 [  FINER] [         FXGL.Logger] [JavaFX Application Thread] System Properties:
19 Mar 2016, 12:16:05.228 [  FINER] [         FXGL.Logger] [JavaFX Application Thread] sun.cpu.isalist=
19 Mar 2016, 12:16:05.228 [  FINER] [         FXGL.Logger] [JavaFX Application Thread] sun.io.unicode.encoding=UnicodeBig
19 Mar 2016, 12:16:05.228 [  FINER] [         FXGL.Logger] [JavaFX Application Thread] sun.cpu.endian=little
19 Mar 2016, 12:16:05.229 [  FINER] [         FXGL.Logger] [JavaFX Application Thread] java.vendor.url.bug=http://bugreport.sun.com/bugreport/
19 Mar 2016, 12:16:05.229 [  FINER] [         FXGL.Logger] [JavaFX Application Thread] file.separator=/
19 Mar 2016, 12:16:05.229 [  FINER] [         FXGL.Logger] [JavaFX Application Thread] java.vendor=Oracle Corporation
19 Mar 2016, 12:16:05.230 [  FINER] [         FXGL.Logger] [JavaFX Application Thread] sun.boot.class.path=/Library/Java/JavaVirtualMachines/jdk1.8.0_74.jdk/Contents/Home/jre/lib/resources.jar:/Library/Java/JavaVirtualMachines/jdk1.8.0_74.jdk/Contents/Home/jre/lib/rt.jar:/Library/Java/JavaVirtualMachines/jdk1.8.0_74.jdk/Contents/Home/jre/lib/sunrsasign.jar:/Library/Java/JavaVirtualMachines/jdk1.8.0_74.jdk/Contents/Home/jre/lib/jsse.jar:/Library/Java/JavaVirtualMachines/jdk1.8.0_74.jdk/Contents/Home/jre/lib/jce.jar:/Library/Java/JavaVirtualMachines/jdk1.8.0_74.jdk/Contents/Home/jre/lib/charsets.jar:/Library/Java/JavaVirtualMachines/jdk1.8.0_74.jdk/Contents/Home/jre/lib/jfr.jar:/Library/Java/JavaVirtualMachines/jdk1.8.0_74.jdk/Contents/Home/jre/classes
19 Mar 2016, 12:16:05.230 [  FINER] [         FXGL.Logger] [JavaFX Application Thread] java.ext.dirs=/Users/xavierlazo/Library/Java/Extensions:/Library/Java/JavaVirtualMachines/jdk1.8.0_74.jdk/Contents/Home/jre/lib/ext:/Library/Java/Extensions:/Network/Library/Java/Extensions:/System/Library/Java/Extensions:/usr/lib/java
19 Mar 2016, 12:16:05.231 [  FINER] [         FXGL.Logger] [JavaFX Application Thread] java.version=1.8.0_74
19 Mar 2016, 12:16:05.231 [  FINER] [         FXGL.Logger] [JavaFX Application Thread] java.vm.info=mixed mode
19 Mar 2016, 12:16:05.231 [  FINER] [         FXGL.Logger] [JavaFX Application Thread] awt.toolkit=sun.lwawt.macosx.LWCToolkit
19 Mar 2016, 12:16:05.232 [  FINER] [         FXGL.Logger] [JavaFX Application Thread] user.language=en
19 Mar 2016, 12:16:05.232 [  FINER] [         FXGL.Logger] [JavaFX Application Thread] java.specification.vendor=Oracle Corporation
19 Mar 2016, 12:16:05.232 [  FINER] [         FXGL.Logger] [JavaFX Application Thread] sun.java.command=com.chromalife.SpaceInvaders.SpaceInvadersApp
19 Mar 2016, 12:16:05.233 [  FINER] [         FXGL.Logger] [JavaFX Application Thread] java.home=/Library/Java/JavaVirtualMachines/jdk1.8.0_74.jdk/Contents/Home/jre
19 Mar 2016, 12:16:05.233 [  FINER] [         FXGL.Logger] [JavaFX Application Thread] sun.arch.data.model=64
19 Mar 2016, 12:16:05.234 [  FINER] [         FXGL.Logger] [JavaFX Application Thread] java.vm.specification.version=1.8
19 Mar 2016, 12:16:05.234 [  FINER] [         FXGL.Logger] [JavaFX Application Thread] java.class.path=/Users/xavierlazo/git/SpaceInvaders/target/classes:/Users/xavierlazo/.m2/repository/com/github/AlmasB/FXGL/0.2.1-0.2.0-gba5970d-32/FXGL-0.2.1-0.2.0-gba5970d-32.jar:/Users/xavierlazo/.m2/repository/com/google/inject/guice/4.0/guice-4.0.jar:/Users/xavierlazo/.m2/repository/javax/inject/javax.inject/1/javax.inject-1.jar:/Users/xavierlazo/.m2/repository/aopalliance/aopalliance/1.0/aopalliance-1.0.jar:/Users/xavierlazo/.m2/repository/com/google/guava/guava/16.0.1/guava-16.0.1.jar:/Users/xavierlazo/.m2/repository/org/jfxtras/jfxtras-window/8.0-r4/jfxtras-window-8.0-r4.jar:/Users/xavierlazo/.m2/repository/org/jfxtras/jfxtras-common/8.0-r4/jfxtras-common-8.0-r4.jar:/Users/xavierlazo/.m2/repository/com/github/AlmasB/FXEventBus/1.0/FXEventBus-1.0.jar:/Users/xavierlazo/.m2/repository/com/github/AlmasB/Ents/1.0/Ents-1.0.jar:/Users/xavierlazo/.m2/repository/org/apache/logging/log4j/log4j-api/2.5/log4j-api-2.5.jar:/Users/xavierlazo/.m2/repository/org/apache/logging/log4j/log4j-core/2.5/log4j-core-2.5.jar:/Users/xavierlazo/.m2/repository/com/github/AlmasB/AStar/1.0/AStar-1.0.jar
19 Mar 2016, 12:16:05.234 [  FINER] [         FXGL.Logger] [JavaFX Application Thread] user.name=xavierlazo
19 Mar 2016, 12:16:05.235 [  FINER] [         FXGL.Logger] [JavaFX Application Thread] file.encoding=UTF-8
19 Mar 2016, 12:16:05.235 [  FINER] [         FXGL.Logger] [JavaFX Application Thread] java.specification.version=1.8
19 Mar 2016, 12:16:05.236 [  FINER] [         FXGL.Logger] [JavaFX Application Thread] java.awt.printerjob=sun.lwawt.macosx.CPrinterJob
19 Mar 2016, 12:16:05.236 [  FINER] [         FXGL.Logger] [JavaFX Application Thread] user.timezone=America/New_York
19 Mar 2016, 12:16:05.236 [  FINER] [         FXGL.Logger] [JavaFX Application Thread] user.home=/Users/xavierlazo
19 Mar 2016, 12:16:05.237 [  FINER] [         FXGL.Logger] [JavaFX Application Thread] os.version=10.11.3
19 Mar 2016, 12:16:05.237 [  FINER] [         FXGL.Logger] [JavaFX Application Thread] sun.management.compiler=HotSpot 64-Bit Tiered Compilers
19 Mar 2016, 12:16:05.237 [  FINER] [         FXGL.Logger] [JavaFX Application Thread] java.specification.name=Java Platform API Specification
19 Mar 2016, 12:16:05.237 [  FINER] [         FXGL.Logger] [JavaFX Application Thread] java.class.version=52.0
19 Mar 2016, 12:16:05.238 [  FINER] [         FXGL.Logger] [JavaFX Application Thread] java.library.path=/Users/xavierlazo/Library/Java/Extensions:/Library/Java/Extensions:/Network/Library/Java/Extensions:/System/Library/Java/Extensions:/usr/lib/java:.
19 Mar 2016, 12:16:05.238 [  FINER] [         FXGL.Logger] [JavaFX Application Thread] sun.jnu.encoding=UTF-8
19 Mar 2016, 12:16:05.238 [  FINER] [         FXGL.Logger] [JavaFX Application Thread] os.name=Mac OS X
19 Mar 2016, 12:16:05.239 [  FINER] [         FXGL.Logger] [JavaFX Application Thread] java.vm.specification.vendor=Oracle Corporation
19 Mar 2016, 12:16:05.239 [  FINER] [         FXGL.Logger] [JavaFX Application Thread] java.io.tmpdir=/var/folders/vk/03cp7kxd07x6qv73f3yg9d_m0000gn/T/
19 Mar 2016, 12:16:05.239 [  FINER] [         FXGL.Logger] [JavaFX Application Thread] line.separator=

19 Mar 2016, 12:16:05.239 [  FINER] [         FXGL.Logger] [JavaFX Application Thread] java.endorsed.dirs=/Library/Java/JavaVirtualMachines/jdk1.8.0_74.jdk/Contents/Home/jre/lib/endorsed
19 Mar 2016, 12:16:05.240 [  FINER] [         FXGL.Logger] [JavaFX Application Thread] os.arch=x86_64
19 Mar 2016, 12:16:05.240 [  FINER] [         FXGL.Logger] [JavaFX Application Thread] javafx.runtime.version=8.0.72-b15
19 Mar 2016, 12:16:05.240 [  FINER] [         FXGL.Logger] [JavaFX Application Thread] java.awt.graphicsenv=sun.awt.CGraphicsEnvironment
19 Mar 2016, 12:16:05.241 [  FINER] [         FXGL.Logger] [JavaFX Application Thread] java.runtime.version=1.8.0_74-b02
19 Mar 2016, 12:16:05.241 [  FINER] [         FXGL.Logger] [JavaFX Application Thread] java.vm.specification.name=Java Virtual Machine Specification
19 Mar 2016, 12:16:05.241 [  FINER] [         FXGL.Logger] [JavaFX Application Thread] user.dir=/Users/xavierlazo/git/SpaceInvaders
19 Mar 2016, 12:16:05.242 [  FINER] [         FXGL.Logger] [JavaFX Application Thread] user.country=US
19 Mar 2016, 12:16:05.242 [  FINER] [         FXGL.Logger] [JavaFX Application Thread] sun.java.launcher=SUN_STANDARD
19 Mar 2016, 12:16:05.242 [  FINER] [         FXGL.Logger] [JavaFX Application Thread] sun.os.patch.level=unknown
19 Mar 2016, 12:16:05.242 [  FINER] [         FXGL.Logger] [JavaFX Application Thread] java.vm.name=Java HotSpot(TM) 64-Bit Server VM
19 Mar 2016, 12:16:05.243 [  FINER] [         FXGL.Logger] [JavaFX Application Thread] file.encoding.pkg=sun.io
19 Mar 2016, 12:16:05.243 [  FINER] [         FXGL.Logger] [JavaFX Application Thread] path.separator=:
19 Mar 2016, 12:16:05.243 [  FINER] [         FXGL.Logger] [JavaFX Application Thread] java.vm.vendor=Oracle Corporation
19 Mar 2016, 12:16:05.244 [  FINER] [         FXGL.Logger] [JavaFX Application Thread] java.vendor.url=http://java.oracle.com/
19 Mar 2016, 12:16:05.244 [  FINER] [         FXGL.Logger] [JavaFX Application Thread] gopherProxySet=false
19 Mar 2016, 12:16:05.245 [  FINER] [         FXGL.Logger] [JavaFX Application Thread] sun.boot.library.path=/Library/Java/JavaVirtualMachines/jdk1.8.0_74.jdk/Contents/Home/jre/lib
19 Mar 2016, 12:16:05.245 [  FINER] [         FXGL.Logger] [JavaFX Application Thread] java.vm.version=25.74-b02
19 Mar 2016, 12:16:05.245 [  FINER] [         FXGL.Logger] [JavaFX Application Thread] java.runtime.name=Java(TM) SE Runtime Environment
19 Mar 2016, 12:16:05.245 [  FINER] [         FXGL.Logger] [JavaFX Application Thread] javafx.version=8.0.72
19 Mar 2016, 12:16:05.249 [   INFO] [        FXGL.Version] [JavaFX Application Thread] FXGL-0.2.1-SNAPSHOT
19 Mar 2016, 12:16:05.250 [   INFO] [        FXGL.Version] [JavaFX Application Thread] Source code and latest builds at: https://github.com/AlmasB/FXGL
19 Mar 2016, 12:16:05.320 [  FINER] [    FXGL.Application] [JavaFX Application Thread] Game_clinit()
19 Mar 2016, 12:16:05.334 [  FINER] [    FXGL.Application] [JavaFX-Launcher] FXGL_init()
19 Mar 2016, 12:16:05.394 [  FINER] [    FXGL.Application] [JavaFX Application Thread] FXGL_start()
19 Mar 2016, 12:16:05.394 [  FINER] [    FXGL.Application] [JavaFX Application Thread] Initializing system properties
19 Mar 2016, 12:16:05.398 [  FINER] [    FXGL.Application] [JavaFX Application Thread] sound.notification = system/notification.wav
19 Mar 2016, 12:16:05.398 [  FINER] [    FXGL.Application] [JavaFX Application Thread] asset.cache.size = 35
19 Mar 2016, 12:16:05.399 [  FINER] [    FXGL.Application] [JavaFX Application Thread] ui.font = Copperplate_Gothic_Light_Regular.ttf
19 Mar 2016, 12:16:05.399 [  FINER] [    FXGL.Application] [JavaFX Application Thread] sound.menu.back = menu/back.wav
19 Mar 2016, 12:16:05.400 [  FINER] [    FXGL.Application] [JavaFX Application Thread] sound.menu.select = menu/select.wav
19 Mar 2016, 12:16:05.400 [  FINER] [    FXGL.Application] [JavaFX Application Thread] physics.ppm = 50
19 Mar 2016, 12:16:05.400 [  FINER] [    FXGL.Application] [JavaFX Application Thread] ui.css = fxgl.css
19 Mar 2016, 12:16:05.401 [  FINER] [    FXGL.Application] [JavaFX Application Thread] ui.icon.name = fxgl_icon.png
19 Mar 2016, 12:16:05.401 [  FINER] [    FXGL.Application] [JavaFX Application Thread] sound.menu.press = menu/press.wav
19 Mar 2016, 12:16:05.401 [  FINER] [    FXGL.Application] [JavaFX Application Thread] Initializing user properties
19 Mar 2016, 12:16:05.402 [   INFO] [    FXGL.Application] [JavaFX Application Thread] User properties not found. Using system
19 Mar 2016, 12:16:05.423 [   INFO] [         FXGL.Logger] [JavaFX Application Thread] Logger level set to: CONFIG
19 Mar 2016, 12:16:05.425 [   INFO] [    FXGL.Application] [JavaFX Application Thread] Application Mode: DEVELOPER
19 Mar 2016, 12:16:06.161 [  FINER] [    FXGL.Application] [JavaFX Application Thread] Services configuration complete
19 Mar 2016, 12:16:06.179 [  FINER] [       FXGL.EventBus] [JavaFX Application Thread] Service [EventBus] initialized
19 Mar 2016, 12:16:06.182 [  FINER] [    FXGL.AssetLoader] [JavaFX Application Thread] Service [AssetLoader] initialized
19 Mar 2016, 12:16:06.184 [  FINER] [    FXGL.AssetLoader] [JavaFX Application Thread] Loading from disk: /assets/sounds/system/notification.wav
19 Mar 2016, 12:16:06.233 [  FINER] [    FXGL.AssetLoader] [JavaFX Application Thread] Loading from disk: /assets/sounds/menu/select.wav
19 Mar 2016, 12:16:06.235 [  FINER] [    FXGL.AssetLoader] [JavaFX Application Thread] Loading from disk: /assets/sounds/menu/back.wav
19 Mar 2016, 12:16:06.237 [  FINER] [    FXGL.AssetLoader] [JavaFX Application Thread] Loading from disk: /assets/sounds/menu/press.wav
19 Mar 2016, 12:16:06.241 [  FINER] [    FXGL.AssetLoader] [JavaFX Application Thread] Loading from disk: /assets/ui/fonts/Copperplate_Gothic_Light_Regular.ttf
19 Mar 2016, 12:16:06.287 [  FINER] [    FXGL.AssetLoader] [JavaFX Application Thread] Loading from disk: /assets/ui/css/fxgl.css
19 Mar 2016, 12:16:06.288 [  FINER] [    FXGL.AssetLoader] [JavaFX Application Thread] Loading from disk: /assets/ui/icons/fxgl_icon.png
19 Mar 2016, 12:16:06.346 [  FINER] [    FXGL.AssetLoader] [JavaFX Application Thread] Loading from disk: /assets/ui/css/fxgl_dark.css
19 Mar 2016, 12:16:06.434 [  FINER] [        FXGL.Display] [JavaFX Application Thread] Target size: 480.0x600.0@1.0
19 Mar 2016, 12:16:06.434 [  FINER] [        FXGL.Display] [JavaFX Application Thread] New size:    480.0x600.0@1.0
19 Mar 2016, 12:16:06.435 [  FINER] [        FXGL.Display] [JavaFX Application Thread] Service [Display] initialized
19 Mar 2016, 12:16:06.436 [  FINER] [        FXGL.Display] [JavaFX Application Thread] Using CSS: CSS[jar:file:/Users/xavierlazo/.m2/repository/com/github/AlmasB/FXGL/0.2.1-0.2.0-gba5970d-32/FXGL-0.2.1-0.2.0-gba5970d-32.jar!/assets/ui/css/fxgl_dark.css]
19 Mar 2016, 12:16:06.442 [  FINER] [          FXGL.Input] [JavaFX Application Thread] Service [Input] initialized
19 Mar 2016, 12:16:06.445 [  FINER] [    FXGL.AudioPlayer] [JavaFX Application Thread] Service [AudioPlayer] initialized
19 Mar 2016, 12:16:06.453 [  FINER] [    FXGL.MasterTimer] [JavaFX Application Thread] Service [MasterTimer] initialized
19 Mar 2016, 12:16:06.471 [  FINER] [      FXGL.GameScene] [JavaFX Application Thread] Game scene initialized
19 Mar 2016, 12:16:06.473 [  FINER] [FXGL.NotificationSer] [JavaFX Application Thread] Service [NotificationService] initialized
19 Mar 2016, 12:16:07.311 [  FINER] [      FXGL.GameWorld] [JavaFX Application Thread] Game world initialized
19 Mar 2016, 12:16:07.413 [  FINER] [   FXGL.PhysicsWorld] [JavaFX Application Thread] Physics world initialized
19 Mar 2016, 12:16:07.667 [  FINER] [    FXGL.Application] [JavaFX Application Thread] Game_start()
19 Mar 2016, 12:16:07.684 [  FINER] [          FXGL.Input] [JavaFX Application Thread] Registered new binding: Move Left A
19 Mar 2016, 12:16:07.685 [  FINER] [          FXGL.Input] [JavaFX Application Thread] Registered new binding: Move Right D
19 Mar 2016, 12:16:07.688 [  FINER] [    FXGL.Application] [JavaFX Application Thread] Saving data to profile
19 Mar 2016, 12:16:07.689 [  FINER] [    FXGL.UserProfile] [JavaFX Application Thread] Logging bundle: game
19 Mar 2016, 12:16:07.691 [  FINER] [    FXGL.UserProfile] [JavaFX Application Thread] game.playtime=2357273080
19 Mar 2016, 12:16:07.691 [  FINER] [       FXGL.EventBus] [JavaFX Application Thread] Firing event: SaveEvent
19 Mar 2016, 12:16:07.695 [  FINER] [        FXGL.Display] [JavaFX Application Thread] Saving data to profile
19 Mar 2016, 12:16:07.696 [  FINER] [    FXGL.UserProfile] [JavaFX Application Thread] Logging bundle: scene
19 Mar 2016, 12:16:07.696 [  FINER] [    FXGL.UserProfile] [JavaFX Application Thread] scene.sizeW=480.0
19 Mar 2016, 12:16:07.696 [  FINER] [    FXGL.UserProfile] [JavaFX Application Thread] scene.sizeH=600.0
19 Mar 2016, 12:16:07.697 [  FINER] [          FXGL.Input] [JavaFX Application Thread] Saving data to profile
19 Mar 2016, 12:16:07.697 [  FINER] [    FXGL.UserProfile] [JavaFX Application Thread] Logging bundle: input
19 Mar 2016, 12:16:07.698 [  FINER] [    FXGL.UserProfile] [JavaFX Application Thread] input.Move Right=D
19 Mar 2016, 12:16:07.698 [  FINER] [    FXGL.UserProfile] [JavaFX Application Thread] input.Move Left=A
19 Mar 2016, 12:16:07.698 [  FINER] [    FXGL.AudioPlayer] [JavaFX Application Thread] Saving data to profile
19 Mar 2016, 12:16:07.699 [  FINER] [    FXGL.UserProfile] [JavaFX Application Thread] Logging bundle: audio
19 Mar 2016, 12:16:07.699 [  FINER] [    FXGL.UserProfile] [JavaFX Application Thread] audio.musicVolume=0.5
19 Mar 2016, 12:16:07.699 [  FINER] [    FXGL.UserProfile] [JavaFX Application Thread] audio.soundVolume=0.5
19 Mar 2016, 12:16:07.699 [  FINER] [FXGL.AchievementMana] [JavaFX Application Thread] Saving data to profile
19 Mar 2016, 12:16:07.701 [  FINER] [    FXGL.UserProfile] [JavaFX Application Thread] Logging bundle: achievement
19 Mar 2016, 12:16:07.702 [  FINER] [    FXGL.Application] [JavaFX Application Thread] Starting new game
19 Mar 2016, 12:16:07.703 [  FINER] [    FXGL.Application] [JavaFX Application Thread] Initializing App
19 Mar 2016, 12:16:07.704 [  FINER] [    FXGL.Application] [JavaFX Application Thread] Pausing main loop
19 Mar 2016, 12:16:07.704 [  FINER] [       FXGL.EventBus] [JavaFX Application Thread] Firing event: FXGLEvent[type=PAUSE]
19 Mar 2016, 12:16:07.704 [  FINER] [          FXGL.Input] [JavaFX Application Thread] Clearing active input actions
19 Mar 2016, 12:16:07.704 [  FINER] [    FXGL.MasterTimer] [JavaFX Application Thread] Stopping master timer
19 Mar 2016, 12:16:07.705 [  FINER] [    FXGL.Application] [JavaFX Application Thread] State: STARTUP -> PAUSED
19 Mar 2016, 12:16:07.705 [  FINER] [    FXGL.Application] [JavaFX Application Thread] Resetting FXGL application
19 Mar 2016, 12:16:07.705 [  FINER] [       FXGL.EventBus] [JavaFX Application Thread] Firing event: FXGLEvent[type=RESET]
19 Mar 2016, 12:16:07.706 [  FINER] [          FXGL.Input] [JavaFX Application Thread] Clearing active input actions
19 Mar 2016, 12:16:07.706 [  FINER] [    FXGL.MasterTimer] [JavaFX Application Thread] Resetting ticks to 0
19 Mar 2016, 12:16:07.706 [  FINER] [    FXGL.MasterTimer] [JavaFX Application Thread] Clearing all scheduled actions
19 Mar 2016, 12:16:07.707 [  FINER] [      FXGL.GameScene] [JavaFX Application Thread] Resetting game scene
19 Mar 2016, 12:16:07.707 [  FINER] [      FXGL.GameWorld] [JavaFX Application Thread] Resetting game world
19 Mar 2016, 12:16:07.709 [  FINER] [    FXGL.Application] [JavaFX Application Thread] State: PAUSED -> LOADING
19 Mar 2016, 12:16:07.777 [  FINER] [    FXGL.Application] [JavaFX Application Thread] Starting FXGL Init Thread
19 Mar 2016, 12:16:07.780 [  FINER] [    FXGL.Application] [FXGL Init Thread] Initializing Assets
19 Mar 2016, 12:16:07.782 [  FINER] [    FXGL.AssetLoader] [FXGL Init Thread] Loading from disk: /assets/textures/spaceshipReduced.png
19 Mar 2016, 12:16:07.789 [  FINER] [    FXGL.Application] [FXGL Init Thread] Initializing Game
19 Mar 2016, 12:16:07.822 [  FINER] [    FXGL.AssetLoader] [FXGL Init Thread] Loading from disk: /assets/textures/enemyReduced1.png
19 Mar 2016, 12:16:07.847 [  FINER] [    FXGL.AssetLoader] [FXGL Init Thread] Loading from disk: /assets/textures/enemyReduced3.png
19 Mar 2016, 12:16:07.851 [  FINER] [    FXGL.AssetLoader] [FXGL Init Thread] Loading from cache: /assets/textures/enemyReduced1.png
19 Mar 2016, 12:16:07.853 [  FINER] [    FXGL.AssetLoader] [FXGL Init Thread] Loading from disk: /assets/textures/enemyReduced2.png
19 Mar 2016, 12:16:07.859 [  FINER] [    FXGL.AssetLoader] [FXGL Init Thread] Loading from cache: /assets/textures/enemyReduced3.png
19 Mar 2016, 12:16:07.861 [  FINER] [    FXGL.AssetLoader] [FXGL Init Thread] Loading from cache: /assets/textures/enemyReduced2.png
19 Mar 2016, 12:16:07.863 [  FINER] [    FXGL.AssetLoader] [FXGL Init Thread] Loading from cache: /assets/textures/enemyReduced2.png
19 Mar 2016, 12:16:07.866 [  FINER] [    FXGL.AssetLoader] [FXGL Init Thread] Loading from cache: /assets/textures/enemyReduced2.png
19 Mar 2016, 12:16:07.869 [  FINER] [    FXGL.AssetLoader] [FXGL Init Thread] Loading from cache: /assets/textures/enemyReduced2.png
19 Mar 2016, 12:16:07.870 [  FINER] [    FXGL.AssetLoader] [FXGL Init Thread] Loading from cache: /assets/textures/enemyReduced1.png
19 Mar 2016, 12:16:07.872 [  FINER] [    FXGL.AssetLoader] [FXGL Init Thread] Loading from cache: /assets/textures/enemyReduced1.png
19 Mar 2016, 12:16:07.873 [  FINER] [    FXGL.AssetLoader] [FXGL Init Thread] Loading from cache: /assets/textures/enemyReduced1.png
19 Mar 2016, 12:16:07.875 [  FINER] [    FXGL.AssetLoader] [FXGL Init Thread] Loading from cache: /assets/textures/enemyReduced2.png
19 Mar 2016, 12:16:07.878 [  FINER] [    FXGL.AssetLoader] [FXGL Init Thread] Loading from cache: /assets/textures/enemyReduced1.png
19 Mar 2016, 12:16:07.881 [  FINER] [    FXGL.AssetLoader] [FXGL Init Thread] Loading from cache: /assets/textures/enemyReduced3.png
19 Mar 2016, 12:16:07.883 [  FINER] [    FXGL.AssetLoader] [FXGL Init Thread] Loading from cache: /assets/textures/enemyReduced1.png
19 Mar 2016, 12:16:07.885 [  FINER] [    FXGL.AssetLoader] [FXGL Init Thread] Loading from cache: /assets/textures/enemyReduced1.png
19 Mar 2016, 12:16:07.886 [  FINER] [    FXGL.AssetLoader] [FXGL Init Thread] Loading from cache: /assets/textures/enemyReduced2.png
19 Mar 2016, 12:16:07.887 [  FINER] [    FXGL.AssetLoader] [FXGL Init Thread] Loading from cache: /assets/textures/enemyReduced3.png
19 Mar 2016, 12:16:07.890 [  FINER] [    FXGL.AssetLoader] [FXGL Init Thread] Loading from cache: /assets/textures/enemyReduced1.png
19 Mar 2016, 12:16:07.892 [  FINER] [    FXGL.AssetLoader] [FXGL Init Thread] Loading from cache: /assets/textures/enemyReduced3.png
19 Mar 2016, 12:16:07.894 [  FINER] [    FXGL.AssetLoader] [FXGL Init Thread] Loading from cache: /assets/textures/enemyReduced1.png
19 Mar 2016, 12:16:07.897 [  FINER] [    FXGL.AssetLoader] [FXGL Init Thread] Loading from cache: /assets/textures/enemyReduced3.png
19 Mar 2016, 12:16:07.899 [  FINER] [    FXGL.AssetLoader] [FXGL Init Thread] Loading from cache: /assets/textures/enemyReduced3.png
19 Mar 2016, 12:16:07.901 [  FINER] [    FXGL.AssetLoader] [FXGL Init Thread] Loading from cache: /assets/textures/enemyReduced1.png
19 Mar 2016, 12:16:07.902 [  FINER] [    FXGL.AssetLoader] [FXGL Init Thread] Loading from cache: /assets/textures/enemyReduced1.png
19 Mar 2016, 12:16:07.904 [  FINER] [    FXGL.AssetLoader] [FXGL Init Thread] Loading from cache: /assets/textures/enemyReduced3.png
19 Mar 2016, 12:16:07.907 [  FINER] [    FXGL.AssetLoader] [FXGL Init Thread] Loading from cache: /assets/textures/enemyReduced3.png
19 Mar 2016, 12:16:07.909 [  FINER] [    FXGL.AssetLoader] [FXGL Init Thread] Loading from cache: /assets/textures/enemyReduced3.png
19 Mar 2016, 12:16:07.911 [  FINER] [    FXGL.AssetLoader] [FXGL Init Thread] Loading from cache: /assets/textures/enemyReduced3.png
19 Mar 2016, 12:16:07.915 [  FINER] [    FXGL.AssetLoader] [FXGL Init Thread] Loading from cache: /assets/textures/enemyReduced2.png
19 Mar 2016, 12:16:07.917 [  FINER] [    FXGL.AssetLoader] [FXGL Init Thread] Loading from cache: /assets/textures/enemyReduced3.png
19 Mar 2016, 12:16:07.919 [  FINER] [    FXGL.AssetLoader] [FXGL Init Thread] Loading from cache: /assets/textures/enemyReduced3.png
19 Mar 2016, 12:16:07.921 [  FINER] [    FXGL.AssetLoader] [FXGL Init Thread] Loading from cache: /assets/textures/enemyReduced1.png
19 Mar 2016, 12:16:07.923 [  FINER] [    FXGL.AssetLoader] [FXGL Init Thread] Loading from cache: /assets/textures/enemyReduced3.png
19 Mar 2016, 12:16:07.926 [  FINER] [    FXGL.AssetLoader] [FXGL Init Thread] Loading from cache: /assets/textures/enemyReduced1.png
19 Mar 2016, 12:16:07.928 [  FINER] [    FXGL.AssetLoader] [FXGL Init Thread] Loading from cache: /assets/textures/enemyReduced3.png
19 Mar 2016, 12:16:07.931 [  FINER] [    FXGL.AssetLoader] [FXGL Init Thread] Loading from cache: /assets/textures/enemyReduced1.png
19 Mar 2016, 12:16:07.934 [  FINER] [    FXGL.AssetLoader] [FXGL Init Thread] Loading from cache: /assets/textures/enemyReduced2.png
19 Mar 2016, 12:16:07.935 [  FINER] [    FXGL.AssetLoader] [FXGL Init Thread] Loading from cache: /assets/textures/enemyReduced1.png
19 Mar 2016, 12:16:07.937 [  FINER] [    FXGL.AssetLoader] [FXGL Init Thread] Loading from cache: /assets/textures/enemyReduced2.png
19 Mar 2016, 12:16:07.939 [  FINER] [    FXGL.AssetLoader] [FXGL Init Thread] Loading from cache: /assets/textures/enemyReduced3.png
19 Mar 2016, 12:16:07.941 [  FINER] [    FXGL.AssetLoader] [FXGL Init Thread] Loading from cache: /assets/textures/enemyReduced2.png
19 Mar 2016, 12:16:07.943 [  FINER] [    FXGL.AssetLoader] [FXGL Init Thread] Loading from cache: /assets/textures/enemyReduced1.png
19 Mar 2016, 12:16:07.946 [  FINER] [    FXGL.AssetLoader] [FXGL Init Thread] Loading from cache: /assets/textures/enemyReduced1.png
19 Mar 2016, 12:16:07.948 [  FINER] [    FXGL.AssetLoader] [FXGL Init Thread] Loading from cache: /assets/textures/enemyReduced3.png
19 Mar 2016, 12:16:07.950 [  FINER] [    FXGL.AssetLoader] [FXGL Init Thread] Loading from cache: /assets/textures/enemyReduced2.png
19 Mar 2016, 12:16:07.952 [  FINER] [    FXGL.AssetLoader] [FXGL Init Thread] Loading from cache: /assets/textures/enemyReduced3.png
19 Mar 2016, 12:16:07.953 [  FINER] [    FXGL.AssetLoader] [FXGL Init Thread] Loading from cache: /assets/textures/enemyReduced1.png
19 Mar 2016, 12:16:07.954 [  FINER] [    FXGL.AssetLoader] [FXGL Init Thread] Loading from cache: /assets/textures/enemyReduced3.png
19 Mar 2016, 12:16:07.970 [  FINER] [    FXGL.AssetLoader] [FXGL Init Thread] Loading from cache: /assets/textures/spaceshipReduced.png
19 Mar 2016, 12:16:07.974 [  FINER] [    FXGL.Application] [FXGL Init Thread] Initializing Physics
19 Mar 2016, 12:16:07.975 [  FINER] [    FXGL.Application] [FXGL Init Thread] Initializing UI
19 Mar 2016, 12:16:07.985 [  FINER] [    FXGL.Application] [FXGL Init Thread] Initialization Complete
19 Mar 2016, 12:16:08.050 [  FINER] [    FXGL.Application] [JavaFX Application Thread] Showing stage
19 Mar 2016, 12:16:08.050 [  FINER] [    FXGL.Application] [JavaFX Application Thread] Root size: 480.0x600.0
19 Mar 2016, 12:16:08.051 [  FINER] [    FXGL.Application] [JavaFX Application Thread] Scene size: 480.0x600.0
19 Mar 2016, 12:16:08.051 [  FINER] [    FXGL.Application] [JavaFX Application Thread] Stage size: 480.0x622.0
19 Mar 2016, 12:16:08.203 [  FINER] [       FXGL.EventBus] [JavaFX Application Thread] Firing event: FXGLEvent[type=INIT_APP_COMPLETE]
19 Mar 2016, 12:16:08.204 [  FINER] [    FXGL.Application] [JavaFX Application Thread] Resuming main loop
19 Mar 2016, 12:16:08.204 [  FINER] [       FXGL.EventBus] [JavaFX Application Thread] Firing event: FXGLEvent[type=RESUME]
19 Mar 2016, 12:16:08.204 [  FINER] [          FXGL.Input] [JavaFX Application Thread] Clearing active input actions
19 Mar 2016, 12:16:08.204 [  FINER] [    FXGL.MasterTimer] [JavaFX Application Thread] Starting master timer
19 Mar 2016, 12:16:08.205 [  FINER] [    FXGL.Application] [JavaFX Application Thread] State: LOADING -> PLAYING
19 Mar 2016, 12:16:08.231 [  FINER] [       FXGL.EventBus] [JavaFX Application Thread] Firing event: WorldEvent[type=ENTITY_ADDED]
19 Mar 2016, 12:16:08.232 [  FINER] [      FXGL.GameScene] [JavaFX Application Thread] Entity added to scene
19 Mar 2016, 12:16:08.233 [  FINER] [      FXGL.GameScene] [JavaFX Application Thread] Added MainViewComponent
19 Mar 2016, 12:16:08.235 [  FINER] [      FXGL.GameScene] [JavaFX Application Thread] Creating render group for layer: TOP(2147483647)
19 Mar 2016, 12:16:08.244 [  FINER] [       FXGL.EventBus] [JavaFX Application Thread] Firing event: WorldEvent[type=ENTITY_ADDED]
19 Mar 2016, 12:16:08.245 [  FINER] [      FXGL.GameScene] [JavaFX Application Thread] Entity added to scene
19 Mar 2016, 12:16:08.245 [  FINER] [      FXGL.GameScene] [JavaFX Application Thread] Added MainViewComponent
19 Mar 2016, 12:16:08.247 [  FINER] [       FXGL.EventBus] [JavaFX Application Thread] Firing event: WorldEvent[type=ENTITY_ADDED]
19 Mar 2016, 12:16:08.247 [  FINER] [      FXGL.GameScene] [JavaFX Application Thread] Entity added to scene
19 Mar 2016, 12:16:08.248 [  FINER] [      FXGL.GameScene] [JavaFX Application Thread] Added MainViewComponent
19 Mar 2016, 12:16:08.249 [  FINER] [       FXGL.EventBus] [JavaFX Application Thread] Firing event: WorldEvent[type=ENTITY_ADDED]
19 Mar 2016, 12:16:08.249 [  FINER] [      FXGL.GameScene] [JavaFX Application Thread] Entity added to scene
19 Mar 2016, 12:16:08.249 [  FINER] [      FXGL.GameScene] [JavaFX Application Thread] Added MainViewComponent
19 Mar 2016, 12:16:08.250 [  FINER] [       FXGL.EventBus] [JavaFX Application Thread] Firing event: WorldEvent[type=ENTITY_ADDED]
19 Mar 2016, 12:16:08.251 [  FINER] [      FXGL.GameScene] [JavaFX Application Thread] Entity added to scene
19 Mar 2016, 12:16:08.251 [  FINER] [      FXGL.GameScene] [JavaFX Application Thread] Added MainViewComponent
19 Mar 2016, 12:16:08.251 [  FINER] [       FXGL.EventBus] [JavaFX Application Thread] Firing event: WorldEvent[type=ENTITY_ADDED]
19 Mar 2016, 12:16:08.252 [  FINER] [      FXGL.GameScene] [JavaFX Application Thread] Entity added to scene
19 Mar 2016, 12:16:08.252 [  FINER] [      FXGL.GameScene] [JavaFX Application Thread] Added MainViewComponent
19 Mar 2016, 12:16:08.252 [  FINER] [       FXGL.EventBus] [JavaFX Application Thread] Firing event: WorldEvent[type=ENTITY_ADDED]
19 Mar 2016, 12:16:08.253 [  FINER] [      FXGL.GameScene] [JavaFX Application Thread] Entity added to scene
19 Mar 2016, 12:16:08.253 [  FINER] [      FXGL.GameScene] [JavaFX Application Thread] Added MainViewComponent
19 Mar 2016, 12:16:08.254 [  FINER] [       FXGL.EventBus] [JavaFX Application Thread] Firing event: WorldEvent[type=ENTITY_ADDED]
19 Mar 2016, 12:16:08.254 [  FINER] [      FXGL.GameScene] [JavaFX Application Thread] Entity added to scene
19 Mar 2016, 12:16:08.254 [  FINER] [      FXGL.GameScene] [JavaFX Application Thread] Added MainViewComponent
19 Mar 2016, 12:16:08.255 [  FINER] [       FXGL.EventBus] [JavaFX Application Thread] Firing event: WorldEvent[type=ENTITY_ADDED]
19 Mar 2016, 12:16:08.256 [  FINER] [      FXGL.GameScene] [JavaFX Application Thread] Entity added to scene
19 Mar 2016, 12:16:08.256 [  FINER] [      FXGL.GameScene] [JavaFX Application Thread] Added MainViewComponent
19 Mar 2016, 12:16:08.257 [  FINER] [       FXGL.EventBus] [JavaFX Application Thread] Firing event: WorldEvent[type=ENTITY_ADDED]
19 Mar 2016, 12:16:08.257 [  FINER] [      FXGL.GameScene] [JavaFX Application Thread] Entity added to scene
19 Mar 2016, 12:16:08.257 [  FINER] [      FXGL.GameScene] [JavaFX Application Thread] Added MainViewComponent
19 Mar 2016, 12:16:08.258 [  FINER] [       FXGL.EventBus] [JavaFX Application Thread] Firing event: WorldEvent[type=ENTITY_ADDED]
19 Mar 2016, 12:16:08.259 [  FINER] [      FXGL.GameScene] [JavaFX Application Thread] Entity added to scene
19 Mar 2016, 12:16:08.259 [  FINER] [      FXGL.GameScene] [JavaFX Application Thread] Added MainViewComponent
19 Mar 2016, 12:16:08.260 [  FINER] [       FXGL.EventBus] [JavaFX Application Thread] Firing event: WorldEvent[type=ENTITY_ADDED]
19 Mar 2016, 12:16:08.260 [  FINER] [      FXGL.GameScene] [JavaFX Application Thread] Entity added to scene
19 Mar 2016, 12:16:08.261 [  FINER] [      FXGL.GameScene] [JavaFX Application Thread] Added MainViewComponent
19 Mar 2016, 12:16:08.262 [  FINER] [       FXGL.EventBus] [JavaFX Application Thread] Firing event: WorldEvent[type=ENTITY_ADDED]
19 Mar 2016, 12:16:08.263 [  FINER] [      FXGL.GameScene] [JavaFX Application Thread] Entity added to scene
19 Mar 2016, 12:16:08.264 [  FINER] [      FXGL.GameScene] [JavaFX Application Thread] Added MainViewComponent
19 Mar 2016, 12:16:08.265 [  FINER] [       FXGL.EventBus] [JavaFX Application Thread] Firing event: WorldEvent[type=ENTITY_ADDED]
19 Mar 2016, 12:16:08.266 [  FINER] [      FXGL.GameScene] [JavaFX Application Thread] Entity added to scene
19 Mar 2016, 12:16:08.266 [  FINER] [      FXGL.GameScene] [JavaFX Application Thread] Added MainViewComponent
19 Mar 2016, 12:16:08.267 [  FINER] [       FXGL.EventBus] [JavaFX Application Thread] Firing event: WorldEvent[type=ENTITY_ADDED]
19 Mar 2016, 12:16:08.267 [  FINER] [      FXGL.GameScene] [JavaFX Application Thread] Entity added to scene
19 Mar 2016, 12:16:08.267 [  FINER] [      FXGL.GameScene] [JavaFX Application Thread] Added MainViewComponent
19 Mar 2016, 12:16:08.268 [  FINER] [       FXGL.EventBus] [JavaFX Application Thread] Firing event: WorldEvent[type=ENTITY_ADDED]
19 Mar 2016, 12:16:08.269 [  FINER] [      FXGL.GameScene] [JavaFX Application Thread] Entity added to scene
19 Mar 2016, 12:16:08.269 [  FINER] [      FXGL.GameScene] [JavaFX Application Thread] Added MainViewComponent
19 Mar 2016, 12:16:08.270 [  FINER] [       FXGL.EventBus] [JavaFX Application Thread] Firing event: WorldEvent[type=ENTITY_ADDED]
19 Mar 2016, 12:16:08.270 [  FINER] [      FXGL.GameScene] [JavaFX Application Thread] Entity added to scene
19 Mar 2016, 12:16:08.270 [  FINER] [      FXGL.GameScene] [JavaFX Application Thread] Added MainViewComponent
19 Mar 2016, 12:16:08.271 [  FINER] [       FXGL.EventBus] [JavaFX Application Thread] Firing event: WorldEvent[type=ENTITY_ADDED]
19 Mar 2016, 12:16:08.271 [  FINER] [      FXGL.GameScene] [JavaFX Application Thread] Entity added to scene
19 Mar 2016, 12:16:08.271 [  FINER] [      FXGL.GameScene] [JavaFX Application Thread] Added MainViewComponent
19 Mar 2016, 12:16:08.272 [  FINER] [       FXGL.EventBus] [JavaFX Application Thread] Firing event: WorldEvent[type=ENTITY_ADDED]
19 Mar 2016, 12:16:08.272 [  FINER] [      FXGL.GameScene] [JavaFX Application Thread] Entity added to scene
19 Mar 2016, 12:16:08.272 [  FINER] [      FXGL.GameScene] [JavaFX Application Thread] Added MainViewComponent
19 Mar 2016, 12:16:08.273 [  FINER] [       FXGL.EventBus] [JavaFX Application Thread] Firing event: WorldEvent[type=ENTITY_ADDED]
19 Mar 2016, 12:16:08.273 [  FINER] [      FXGL.GameScene] [JavaFX Application Thread] Entity added to scene
19 Mar 2016, 12:16:08.274 [  FINER] [      FXGL.GameScene] [JavaFX Application Thread] Added MainViewComponent
19 Mar 2016, 12:16:08.275 [  FINER] [       FXGL.EventBus] [JavaFX Application Thread] Firing event: WorldEvent[type=ENTITY_ADDED]
19 Mar 2016, 12:16:08.275 [  FINER] [      FXGL.GameScene] [JavaFX Application Thread] Entity added to scene
19 Mar 2016, 12:16:08.275 [  FINER] [      FXGL.GameScene] [JavaFX Application Thread] Added MainViewComponent
19 Mar 2016, 12:16:08.276 [  FINER] [       FXGL.EventBus] [JavaFX Application Thread] Firing event: WorldEvent[type=ENTITY_ADDED]
19 Mar 2016, 12:16:08.277 [  FINER] [      FXGL.GameScene] [JavaFX Application Thread] Entity added to scene
19 Mar 2016, 12:16:08.277 [  FINER] [      FXGL.GameScene] [JavaFX Application Thread] Added MainViewComponent
19 Mar 2016, 12:16:08.277 [  FINER] [       FXGL.EventBus] [JavaFX Application Thread] Firing event: WorldEvent[type=ENTITY_ADDED]
19 Mar 2016, 12:16:08.278 [  FINER] [      FXGL.GameScene] [JavaFX Application Thread] Entity added to scene
19 Mar 2016, 12:16:08.278 [  FINER] [      FXGL.GameScene] [JavaFX Application Thread] Added MainViewComponent
19 Mar 2016, 12:16:08.278 [  FINER] [       FXGL.EventBus] [JavaFX Application Thread] Firing event: WorldEvent[type=ENTITY_ADDED]
19 Mar 2016, 12:16:08.279 [  FINER] [      FXGL.GameScene] [JavaFX Application Thread] Entity added to scene
19 Mar 2016, 12:16:08.279 [  FINER] [      FXGL.GameScene] [JavaFX Application Thread] Added MainViewComponent
19 Mar 2016, 12:16:08.280 [  FINER] [       FXGL.EventBus] [JavaFX Application Thread] Firing event: WorldEvent[type=ENTITY_ADDED]
19 Mar 2016, 12:16:08.280 [  FINER] [      FXGL.GameScene] [JavaFX Application Thread] Entity added to scene
19 Mar 2016, 12:16:08.280 [  FINER] [      FXGL.GameScene] [JavaFX Application Thread] Added MainViewComponent
19 Mar 2016, 12:16:08.282 [  FINER] [       FXGL.EventBus] [JavaFX Application Thread] Firing event: WorldEvent[type=ENTITY_ADDED]
19 Mar 2016, 12:16:08.282 [  FINER] [      FXGL.GameScene] [JavaFX Application Thread] Entity added to scene
19 Mar 2016, 12:16:08.282 [  FINER] [      FXGL.GameScene] [JavaFX Application Thread] Added MainViewComponent
19 Mar 2016, 12:16:08.283 [  FINER] [       FXGL.EventBus] [JavaFX Application Thread] Firing event: WorldEvent[type=ENTITY_ADDED]
19 Mar 2016, 12:16:08.283 [  FINER] [      FXGL.GameScene] [JavaFX Application Thread] Entity added to scene
19 Mar 2016, 12:16:08.283 [  FINER] [      FXGL.GameScene] [JavaFX Application Thread] Added MainViewComponent
19 Mar 2016, 12:16:08.284 [  FINER] [       FXGL.EventBus] [JavaFX Application Thread] Firing event: WorldEvent[type=ENTITY_ADDED]
19 Mar 2016, 12:16:08.284 [  FINER] [      FXGL.GameScene] [JavaFX Application Thread] Entity added to scene
19 Mar 2016, 12:16:08.285 [  FINER] [      FXGL.GameScene] [JavaFX Application Thread] Added MainViewComponent
19 Mar 2016, 12:16:08.285 [  FINER] [       FXGL.EventBus] [JavaFX Application Thread] Firing event: WorldEvent[type=ENTITY_ADDED]
19 Mar 2016, 12:16:08.286 [  FINER] [      FXGL.GameScene] [JavaFX Application Thread] Entity added to scene
19 Mar 2016, 12:16:08.286 [  FINER] [      FXGL.GameScene] [JavaFX Application Thread] Added MainViewComponent
19 Mar 2016, 12:16:08.286 [  FINER] [       FXGL.EventBus] [JavaFX Application Thread] Firing event: WorldEvent[type=ENTITY_ADDED]
19 Mar 2016, 12:16:08.287 [  FINER] [      FXGL.GameScene] [JavaFX Application Thread] Entity added to scene
19 Mar 2016, 12:16:08.287 [  FINER] [      FXGL.GameScene] [JavaFX Application Thread] Added MainViewComponent
19 Mar 2016, 12:16:08.288 [  FINER] [       FXGL.EventBus] [JavaFX Application Thread] Firing event: WorldEvent[type=ENTITY_ADDED]
19 Mar 2016, 12:16:08.288 [  FINER] [      FXGL.GameScene] [JavaFX Application Thread] Entity added to scene
19 Mar 2016, 12:16:08.288 [  FINER] [      FXGL.GameScene] [JavaFX Application Thread] Added MainViewComponent
19 Mar 2016, 12:16:08.289 [  FINER] [       FXGL.EventBus] [JavaFX Application Thread] Firing event: WorldEvent[type=ENTITY_ADDED]
19 Mar 2016, 12:16:08.289 [  FINER] [      FXGL.GameScene] [JavaFX Application Thread] Entity added to scene
19 Mar 2016, 12:16:08.289 [  FINER] [      FXGL.GameScene] [JavaFX Application Thread] Added MainViewComponent
19 Mar 2016, 12:16:08.290 [  FINER] [       FXGL.EventBus] [JavaFX Application Thread] Firing event: WorldEvent[type=ENTITY_ADDED]
19 Mar 2016, 12:16:08.290 [  FINER] [      FXGL.GameScene] [JavaFX Application Thread] Entity added to scene
19 Mar 2016, 12:16:08.290 [  FINER] [      FXGL.GameScene] [JavaFX Application Thread] Added MainViewComponent
19 Mar 2016, 12:16:08.291 [  FINER] [       FXGL.EventBus] [JavaFX Application Thread] Firing event: WorldEvent[type=ENTITY_ADDED]
19 Mar 2016, 12:16:08.292 [  FINER] [      FXGL.GameScene] [JavaFX Application Thread] Entity added to scene
19 Mar 2016, 12:16:08.292 [  FINER] [      FXGL.GameScene] [JavaFX Application Thread] Added MainViewComponent
19 Mar 2016, 12:16:08.293 [  FINER] [       FXGL.EventBus] [JavaFX Application Thread] Firing event: WorldEvent[type=ENTITY_ADDED]
19 Mar 2016, 12:16:08.294 [  FINER] [      FXGL.GameScene] [JavaFX Application Thread] Entity added to scene
19 Mar 2016, 12:16:08.294 [  FINER] [      FXGL.GameScene] [JavaFX Application Thread] Added MainViewComponent
19 Mar 2016, 12:16:08.296 [  FINER] [       FXGL.EventBus] [JavaFX Application Thread] Firing event: WorldEvent[type=ENTITY_ADDED]
19 Mar 2016, 12:16:08.297 [  FINER] [      FXGL.GameScene] [JavaFX Application Thread] Entity added to scene
19 Mar 2016, 12:16:08.297 [  FINER] [      FXGL.GameScene] [JavaFX Application Thread] Added MainViewComponent
19 Mar 2016, 12:16:08.298 [  FINER] [       FXGL.EventBus] [JavaFX Application Thread] Firing event: WorldEvent[type=ENTITY_ADDED]
19 Mar 2016, 12:16:08.299 [  FINER] [      FXGL.GameScene] [JavaFX Application Thread] Entity added to scene
19 Mar 2016, 12:16:08.299 [  FINER] [      FXGL.GameScene] [JavaFX Application Thread] Added MainViewComponent
19 Mar 2016, 12:16:08.300 [  FINER] [       FXGL.EventBus] [JavaFX Application Thread] Firing event: WorldEvent[type=ENTITY_ADDED]
19 Mar 2016, 12:16:08.300 [  FINER] [      FXGL.GameScene] [JavaFX Application Thread] Entity added to scene
19 Mar 2016, 12:16:08.300 [  FINER] [      FXGL.GameScene] [JavaFX Application Thread] Added MainViewComponent
19 Mar 2016, 12:16:08.301 [  FINER] [       FXGL.EventBus] [JavaFX Application Thread] Firing event: WorldEvent[type=ENTITY_ADDED]
19 Mar 2016, 12:16:08.301 [  FINER] [      FXGL.GameScene] [JavaFX Application Thread] Entity added to scene
19 Mar 2016, 12:16:08.301 [  FINER] [      FXGL.GameScene] [JavaFX Application Thread] Added MainViewComponent
19 Mar 2016, 12:16:08.302 [  FINER] [       FXGL.EventBus] [JavaFX Application Thread] Firing event: WorldEvent[type=ENTITY_ADDED]
19 Mar 2016, 12:16:08.302 [  FINER] [      FXGL.GameScene] [JavaFX Application Thread] Entity added to scene
19 Mar 2016, 12:16:08.302 [  FINER] [      FXGL.GameScene] [JavaFX Application Thread] Added MainViewComponent
19 Mar 2016, 12:16:08.302 [  FINER] [       FXGL.EventBus] [JavaFX Application Thread] Firing event: WorldEvent[type=ENTITY_ADDED]
19 Mar 2016, 12:16:08.303 [  FINER] [      FXGL.GameScene] [JavaFX Application Thread] Entity added to scene
19 Mar 2016, 12:16:08.303 [  FINER] [      FXGL.GameScene] [JavaFX Application Thread] Added MainViewComponent
19 Mar 2016, 12:16:08.303 [  FINER] [       FXGL.EventBus] [JavaFX Application Thread] Firing event: WorldEvent[type=ENTITY_ADDED]
19 Mar 2016, 12:16:08.303 [  FINER] [      FXGL.GameScene] [JavaFX Application Thread] Entity added to scene
19 Mar 2016, 12:16:08.304 [  FINER] [      FXGL.GameScene] [JavaFX Application Thread] Added MainViewComponent
19 Mar 2016, 12:16:08.304 [  FINER] [       FXGL.EventBus] [JavaFX Application Thread] Firing event: WorldEvent[type=ENTITY_ADDED]
19 Mar 2016, 12:16:08.304 [  FINER] [      FXGL.GameScene] [JavaFX Application Thread] Entity added to scene
19 Mar 2016, 12:16:08.304 [  FINER] [      FXGL.GameScene] [JavaFX Application Thread] Added MainViewComponent
19 Mar 2016, 12:16:08.305 [  FINER] [       FXGL.EventBus] [JavaFX Application Thread] Firing event: WorldEvent[type=ENTITY_ADDED]
19 Mar 2016, 12:16:08.305 [  FINER] [      FXGL.GameScene] [JavaFX Application Thread] Entity added to scene
19 Mar 2016, 12:16:08.305 [  FINER] [      FXGL.GameScene] [JavaFX Application Thread] Added MainViewComponent
19 Mar 2016, 12:16:08.306 [  FINER] [       FXGL.EventBus] [JavaFX Application Thread] Firing event: WorldEvent[type=ENTITY_ADDED]
19 Mar 2016, 12:16:08.306 [  FINER] [      FXGL.GameScene] [JavaFX Application Thread] Entity added to scene
19 Mar 2016, 12:16:08.306 [  FINER] [      FXGL.GameScene] [JavaFX Application Thread] Added MainViewComponent
19 Mar 2016, 12:16:08.306 [  FINER] [       FXGL.EventBus] [JavaFX Application Thread] Firing event: WorldEvent[type=ENTITY_ADDED]
19 Mar 2016, 12:16:08.306 [  FINER] [      FXGL.GameScene] [JavaFX Application Thread] Entity added to scene
19 Mar 2016, 12:16:08.307 [  FINER] [      FXGL.GameScene] [JavaFX Application Thread] Added MainViewComponent
19 Mar 2016, 12:16:08.307 [  FINER] [       FXGL.EventBus] [JavaFX Application Thread] Firing event: WorldEvent[type=ENTITY_ADDED]
19 Mar 2016, 12:16:08.307 [  FINER] [      FXGL.GameScene] [JavaFX Application Thread] Entity added to scene
19 Mar 2016, 12:16:08.307 [  FINER] [      FXGL.GameScene] [JavaFX Application Thread] Added MainViewComponent
19 Mar 2016, 12:16:08.308 [  FINER] [       FXGL.EventBus] [JavaFX Application Thread] Firing event: WorldEvent[type=ENTITY_ADDED]
19 Mar 2016, 12:16:08.309 [  FINER] [      FXGL.GameScene] [JavaFX Application Thread] Entity added to scene
19 Mar 2016, 12:16:08.309 [  FINER] [      FXGL.GameScene] [JavaFX Application Thread] Added MainViewComponent
19 Mar 2016, 12:16:08.309 [  FINER] [       FXGL.EventBus] [JavaFX Application Thread] Firing event: WorldEvent[type=ENTITY_ADDED]
19 Mar 2016, 12:16:08.310 [  FINER] [      FXGL.GameScene] [JavaFX Application Thread] Entity added to scene
19 Mar 2016, 12:16:08.310 [  FINER] [      FXGL.GameScene] [JavaFX Application Thread] Added MainViewComponent
19 Mar 2016, 12:16:08.311 [  FINER] [       FXGL.EventBus] [JavaFX Application Thread] Firing event: WorldEvent[type=ENTITY_ADDED]
19 Mar 2016, 12:16:08.311 [  FINER] [      FXGL.GameScene] [JavaFX Application Thread] Entity added to scene
19 Mar 2016, 12:16:08.311 [  FINER] [      FXGL.GameScene] [JavaFX Application Thread] Added MainViewComponent
19 Mar 2016, 12:16:08.312 [  FINER] [       FXGL.EventBus] [JavaFX Application Thread] Firing event: WorldEvent[type=ENTITY_ADDED]
19 Mar 2016, 12:16:08.313 [  FINER] [      FXGL.GameScene] [JavaFX Application Thread] Entity added to scene
19 Mar 2016, 12:16:08.313 [  FINER] [      FXGL.GameScene] [JavaFX Application Thread] Added MainViewComponent
19 Mar 2016, 12:16:11.895 [  FINER] [       FXGL.EventBus] [JavaFX Application Thread] Firing event: DisplayEvent[type=DIALOG_OPENED]
19 Mar 2016, 12:16:11.896 [  FINER] [    FXGL.Application] [JavaFX Application Thread] Pausing main loop
19 Mar 2016, 12:16:11.896 [  FINER] [       FXGL.EventBus] [JavaFX Application Thread] Firing event: FXGLEvent[type=PAUSE]
19 Mar 2016, 12:16:11.896 [  FINER] [          FXGL.Input] [JavaFX Application Thread] Clearing active input actions
19 Mar 2016, 12:16:11.897 [  FINER] [    FXGL.MasterTimer] [JavaFX Application Thread] Stopping master timer
19 Mar 2016, 12:16:11.897 [  FINER] [    FXGL.Application] [JavaFX Application Thread] State: PLAYING -> PAUSED
19 Mar 2016, 12:16:11.897 [  FINER] [          FXGL.Input] [JavaFX Application Thread] Clearing active input actions
19 Mar 2016, 12:16:13.819 [  FINER] [       FXGL.EventBus] [JavaFX Application Thread] Firing event: DisplayEvent[type=DIALOG_CLOSED]
19 Mar 2016, 12:16:13.820 [  FINER] [    FXGL.Application] [JavaFX Application Thread] Resuming main loop
19 Mar 2016, 12:16:13.820 [  FINER] [       FXGL.EventBus] [JavaFX Application Thread] Firing event: FXGLEvent[type=RESUME]
19 Mar 2016, 12:16:13.820 [  FINER] [          FXGL.Input] [JavaFX Application Thread] Clearing active input actions
19 Mar 2016, 12:16:13.820 [  FINER] [    FXGL.MasterTimer] [JavaFX Application Thread] Starting master timer
19 Mar 2016, 12:16:13.820 [  FINER] [    FXGL.Application] [JavaFX Application Thread] State: PAUSED -> PLAYING
19 Mar 2016, 12:16:13.821 [  FINER] [       FXGL.EventBus] [JavaFX Application Thread] Firing event: DisplayEvent[type=CLOSE_REQUEST]
19 Mar 2016, 12:16:13.821 [  FINER] [    FXGL.Application] [JavaFX Application Thread] Exiting Normally
19 Mar 2016, 12:16:13.821 [  FINER] [       FXGL.EventBus] [JavaFX Application Thread] Firing event: FXGLEvent[type=EXIT]
19 Mar 2016, 12:16:13.821 [  FINER] [         FXGL.Logger] [JavaFX Application Thread] Logger is closing
