28 Mar 2016, 19:05:38.963 [   INFO] [         FXGL.Logger] [JavaFX Application Thread] Logger initialized with level: CONFIG
28 Mar 2016, 19:05:38.968 [  FINER] [         FXGL.Logger] [JavaFX Application Thread] CPU cores: 4
28 Mar 2016, 19:05:38.971 [  FINER] [         FXGL.Logger] [JavaFX Application Thread] Free Memory: 111MB
28 Mar 2016, 19:05:38.972 [  FINER] [         FXGL.Logger] [JavaFX Application Thread] Max Memory: 1776MB
28 Mar 2016, 19:05:38.973 [  FINER] [         FXGL.Logger] [JavaFX Application Thread] Total Memory: 121MB
28 Mar 2016, 19:05:38.973 [  FINER] [         FXGL.Logger] [JavaFX Application Thread] System Properties:
28 Mar 2016, 19:05:38.975 [  FINER] [         FXGL.Logger] [JavaFX Application Thread] sun.cpu.isalist=amd64
28 Mar 2016, 19:05:38.976 [  FINER] [         FXGL.Logger] [JavaFX Application Thread] sun.desktop=windows
28 Mar 2016, 19:05:38.976 [  FINER] [         FXGL.Logger] [JavaFX Application Thread] sun.io.unicode.encoding=UnicodeLittle
28 Mar 2016, 19:05:38.977 [  FINER] [         FXGL.Logger] [JavaFX Application Thread] sun.cpu.endian=little
28 Mar 2016, 19:05:38.977 [  FINER] [         FXGL.Logger] [JavaFX Application Thread] java.vendor.url.bug=http://bugreport.sun.com/bugreport/
28 Mar 2016, 19:05:38.977 [  FINER] [         FXGL.Logger] [JavaFX Application Thread] file.separator=\
28 Mar 2016, 19:05:38.978 [  FINER] [         FXGL.Logger] [JavaFX Application Thread] java.vendor=Oracle Corporation
28 Mar 2016, 19:05:38.978 [  FINER] [         FXGL.Logger] [JavaFX Application Thread] sun.boot.class.path=C:\Program Files\Java\jre1.8.0_77\lib\resources.jar;C:\Program Files\Java\jre1.8.0_77\lib\rt.jar;C:\Program Files\Java\jre1.8.0_77\lib\sunrsasign.jar;C:\Program Files\Java\jre1.8.0_77\lib\jsse.jar;C:\Program Files\Java\jre1.8.0_77\lib\jce.jar;C:\Program Files\Java\jre1.8.0_77\lib\charsets.jar;C:\Program Files\Java\jre1.8.0_77\lib\jfr.jar;C:\Program Files\Java\jre1.8.0_77\classes
28 Mar 2016, 19:05:38.978 [  FINER] [         FXGL.Logger] [JavaFX Application Thread] java.ext.dirs=C:\Program Files\Java\jre1.8.0_77\lib\ext;C:\Windows\Sun\Java\lib\ext
28 Mar 2016, 19:05:38.979 [  FINER] [         FXGL.Logger] [JavaFX Application Thread] java.version=1.8.0_77
28 Mar 2016, 19:05:38.979 [  FINER] [         FXGL.Logger] [JavaFX Application Thread] java.vm.info=mixed mode
28 Mar 2016, 19:05:38.980 [  FINER] [         FXGL.Logger] [JavaFX Application Thread] awt.toolkit=sun.awt.windows.WToolkit
28 Mar 2016, 19:05:38.980 [  FINER] [         FXGL.Logger] [JavaFX Application Thread] user.language=en
28 Mar 2016, 19:05:38.980 [  FINER] [         FXGL.Logger] [JavaFX Application Thread] java.specification.vendor=Oracle Corporation
28 Mar 2016, 19:05:38.981 [  FINER] [         FXGL.Logger] [JavaFX Application Thread] sun.java.command=SpaceInvaders.SpaceInvadersApp
28 Mar 2016, 19:05:38.981 [  FINER] [         FXGL.Logger] [JavaFX Application Thread] java.home=C:\Program Files\Java\jre1.8.0_77
28 Mar 2016, 19:05:38.981 [  FINER] [         FXGL.Logger] [JavaFX Application Thread] sun.arch.data.model=64
28 Mar 2016, 19:05:38.982 [  FINER] [         FXGL.Logger] [JavaFX Application Thread] java.vm.specification.version=1.8
28 Mar 2016, 19:05:38.982 [  FINER] [         FXGL.Logger] [JavaFX Application Thread] java.class.path=C:\Users\Wes\Documents\SpaceInvaders\target\classes;C:\Users\Wes\eclipse\plugins\org.junit_4.12.0.v201504281640\junit.jar;C:\Users\Wes\eclipse\plugins\org.hamcrest.core_1.3.0.v201303031735.jar;C:\Users\Wes\.m2\repository\com\github\AlmasB\FXGL\0.2.1-0.2.0-gba5970d-32\FXGL-0.2.1-0.2.0-gba5970d-32.jar;C:\Users\Wes\.m2\repository\com\google\inject\guice\4.0\guice-4.0.jar;C:\Users\Wes\.m2\repository\javax\inject\javax.inject\1\javax.inject-1.jar;C:\Users\Wes\.m2\repository\aopalliance\aopalliance\1.0\aopalliance-1.0.jar;C:\Users\Wes\.m2\repository\com\google\guava\guava\16.0.1\guava-16.0.1.jar;C:\Users\Wes\.m2\repository\org\jfxtras\jfxtras-window\8.0-r4\jfxtras-window-8.0-r4.jar;C:\Users\Wes\.m2\repository\org\jfxtras\jfxtras-common\8.0-r4\jfxtras-common-8.0-r4.jar;C:\Users\Wes\.m2\repository\com\github\AlmasB\FXEventBus\1.0\FXEventBus-1.0.jar;C:\Users\Wes\.m2\repository\com\github\AlmasB\Ents\1.0\Ents-1.0.jar;C:\Users\Wes\.m2\repository\org\apache\logging\log4j\log4j-api\2.5\log4j-api-2.5.jar;C:\Users\Wes\.m2\repository\org\apache\logging\log4j\log4j-core\2.5\log4j-core-2.5.jar;C:\Users\Wes\.m2\repository\com\github\AlmasB\AStar\1.0\AStar-1.0.jar
28 Mar 2016, 19:05:38.983 [  FINER] [         FXGL.Logger] [JavaFX Application Thread] user.name=Wes
28 Mar 2016, 19:05:38.983 [  FINER] [         FXGL.Logger] [JavaFX Application Thread] file.encoding=UTF-8
28 Mar 2016, 19:05:38.984 [  FINER] [         FXGL.Logger] [JavaFX Application Thread] java.specification.version=1.8
28 Mar 2016, 19:05:38.984 [  FINER] [         FXGL.Logger] [JavaFX Application Thread] java.awt.printerjob=sun.awt.windows.WPrinterJob
28 Mar 2016, 19:05:38.985 [  FINER] [         FXGL.Logger] [JavaFX Application Thread] user.timezone=America/New_York
28 Mar 2016, 19:05:38.985 [  FINER] [         FXGL.Logger] [JavaFX Application Thread] user.home=C:\Users\Wes
28 Mar 2016, 19:05:38.986 [  FINER] [         FXGL.Logger] [JavaFX Application Thread] os.version=6.1
28 Mar 2016, 19:05:38.986 [  FINER] [         FXGL.Logger] [JavaFX Application Thread] sun.management.compiler=HotSpot 64-Bit Tiered Compilers
28 Mar 2016, 19:05:38.987 [  FINER] [         FXGL.Logger] [JavaFX Application Thread] java.specification.name=Java Platform API Specification
28 Mar 2016, 19:05:38.987 [  FINER] [         FXGL.Logger] [JavaFX Application Thread] java.class.version=52.0
28 Mar 2016, 19:05:38.988 [  FINER] [         FXGL.Logger] [JavaFX Application Thread] java.library.path=C:\Program Files\Java\jre1.8.0_77\bin;C:\Windows\Sun\Java\bin;C:\Windows\system32;C:\Windows;C:/Program Files/Java/jre1.8.0_77/bin/server;C:/Program Files/Java/jre1.8.0_77/bin;C:/Program Files/Java/jre1.8.0_77/lib/amd64;C:\ProgramData\Oracle\Java\javapath;C:\oraclexe\app\oracle\product\11.2.0\server\bin;C:\Windows\system32;C:\Windows;C:\Windows\System32\Wbem;C:\Windows\System32\WindowsPowerShell\v1.0\;C:\Program Files\Git\cmd;C:\Users\Wes\eclipse;;.
28 Mar 2016, 19:05:38.988 [  FINER] [         FXGL.Logger] [JavaFX Application Thread] sun.jnu.encoding=Cp1252
28 Mar 2016, 19:05:38.989 [  FINER] [         FXGL.Logger] [JavaFX Application Thread] os.name=Windows 7
28 Mar 2016, 19:05:38.989 [  FINER] [         FXGL.Logger] [JavaFX Application Thread] user.variant=
28 Mar 2016, 19:05:38.989 [  FINER] [         FXGL.Logger] [JavaFX Application Thread] java.vm.specification.vendor=Oracle Corporation
28 Mar 2016, 19:05:38.990 [  FINER] [         FXGL.Logger] [JavaFX Application Thread] java.io.tmpdir=C:\Users\Wes\AppData\Local\Temp\
28 Mar 2016, 19:05:38.990 [  FINER] [         FXGL.Logger] [JavaFX Application Thread] line.separator=

28 Mar 2016, 19:05:38.991 [  FINER] [         FXGL.Logger] [JavaFX Application Thread] java.endorsed.dirs=C:\Program Files\Java\jre1.8.0_77\lib\endorsed
28 Mar 2016, 19:05:38.991 [  FINER] [         FXGL.Logger] [JavaFX Application Thread] os.arch=amd64
28 Mar 2016, 19:05:38.991 [  FINER] [         FXGL.Logger] [JavaFX Application Thread] javafx.runtime.version=8.0.72-b15
28 Mar 2016, 19:05:38.992 [  FINER] [         FXGL.Logger] [JavaFX Application Thread] java.awt.graphicsenv=sun.awt.Win32GraphicsEnvironment
28 Mar 2016, 19:05:38.992 [  FINER] [         FXGL.Logger] [JavaFX Application Thread] java.runtime.version=1.8.0_77-b03
28 Mar 2016, 19:05:38.992 [  FINER] [         FXGL.Logger] [JavaFX Application Thread] java.vm.specification.name=Java Virtual Machine Specification
28 Mar 2016, 19:05:38.993 [  FINER] [         FXGL.Logger] [JavaFX Application Thread] user.dir=C:\Users\Wes\Documents\SpaceInvaders
28 Mar 2016, 19:05:38.993 [  FINER] [         FXGL.Logger] [JavaFX Application Thread] user.country=US
28 Mar 2016, 19:05:38.993 [  FINER] [         FXGL.Logger] [JavaFX Application Thread] user.script=
28 Mar 2016, 19:05:38.994 [  FINER] [         FXGL.Logger] [JavaFX Application Thread] sun.java.launcher=SUN_STANDARD
28 Mar 2016, 19:05:38.994 [  FINER] [         FXGL.Logger] [JavaFX Application Thread] sun.os.patch.level=Service Pack 1
28 Mar 2016, 19:05:38.995 [  FINER] [         FXGL.Logger] [JavaFX Application Thread] java.vm.name=Java HotSpot(TM) 64-Bit Server VM
28 Mar 2016, 19:05:38.995 [  FINER] [         FXGL.Logger] [JavaFX Application Thread] file.encoding.pkg=sun.io
28 Mar 2016, 19:05:38.995 [  FINER] [         FXGL.Logger] [JavaFX Application Thread] path.separator=;
28 Mar 2016, 19:05:38.996 [  FINER] [         FXGL.Logger] [JavaFX Application Thread] java.vm.vendor=Oracle Corporation
28 Mar 2016, 19:05:38.996 [  FINER] [         FXGL.Logger] [JavaFX Application Thread] java.vendor.url=http://java.oracle.com/
28 Mar 2016, 19:05:38.996 [  FINER] [         FXGL.Logger] [JavaFX Application Thread] sun.boot.library.path=C:\Program Files\Java\jre1.8.0_77\bin
28 Mar 2016, 19:05:38.997 [  FINER] [         FXGL.Logger] [JavaFX Application Thread] java.vm.version=25.77-b03
28 Mar 2016, 19:05:38.997 [  FINER] [         FXGL.Logger] [JavaFX Application Thread] java.runtime.name=Java(TM) SE Runtime Environment
28 Mar 2016, 19:05:38.997 [  FINER] [         FXGL.Logger] [JavaFX Application Thread] javafx.version=8.0.72
28 Mar 2016, 19:05:39.004 [   INFO] [        FXGL.Version] [JavaFX Application Thread] FXGL-0.2.1-SNAPSHOT
28 Mar 2016, 19:05:39.005 [   INFO] [        FXGL.Version] [JavaFX Application Thread] Source code and latest builds at: https://github.com/AlmasB/FXGL
28 Mar 2016, 19:05:39.018 [  FINER] [    FXGL.Application] [JavaFX Application Thread] Game_clinit()
28 Mar 2016, 19:05:39.029 [  FINER] [    FXGL.Application] [JavaFX-Launcher] FXGL_init()
28 Mar 2016, 19:05:39.060 [  FINER] [    FXGL.Application] [JavaFX Application Thread] FXGL_start()
28 Mar 2016, 19:05:39.061 [  FINER] [    FXGL.Application] [JavaFX Application Thread] Initializing system properties
28 Mar 2016, 19:05:39.065 [  FINER] [    FXGL.Application] [JavaFX Application Thread] sound.notification = system/notification.wav
28 Mar 2016, 19:05:39.066 [  FINER] [    FXGL.Application] [JavaFX Application Thread] asset.cache.size = 35
28 Mar 2016, 19:05:39.067 [  FINER] [    FXGL.Application] [JavaFX Application Thread] ui.font = Copperplate_Gothic_Light_Regular.ttf
28 Mar 2016, 19:05:39.067 [  FINER] [    FXGL.Application] [JavaFX Application Thread] sound.menu.back = menu/back.wav
28 Mar 2016, 19:05:39.068 [  FINER] [    FXGL.Application] [JavaFX Application Thread] sound.menu.select = menu/select.wav
28 Mar 2016, 19:05:39.068 [  FINER] [    FXGL.Application] [JavaFX Application Thread] physics.ppm = 50
28 Mar 2016, 19:05:39.068 [  FINER] [    FXGL.Application] [JavaFX Application Thread] ui.css = fxgl.css
28 Mar 2016, 19:05:39.069 [  FINER] [    FXGL.Application] [JavaFX Application Thread] ui.icon.name = fxgl_icon.png
28 Mar 2016, 19:05:39.069 [  FINER] [    FXGL.Application] [JavaFX Application Thread] sound.menu.press = menu/press.wav
28 Mar 2016, 19:05:39.069 [  FINER] [    FXGL.Application] [JavaFX Application Thread] Initializing user properties
28 Mar 2016, 19:05:39.070 [   INFO] [    FXGL.Application] [JavaFX Application Thread] User properties not found. Using system
28 Mar 2016, 19:05:39.096 [   INFO] [         FXGL.Logger] [JavaFX Application Thread] Logger level set to: CONFIG
28 Mar 2016, 19:05:39.097 [   INFO] [    FXGL.Application] [JavaFX Application Thread] Application Mode: DEVELOPER
28 Mar 2016, 19:05:39.728 [  FINER] [    FXGL.Application] [JavaFX Application Thread] Services configuration complete
28 Mar 2016, 19:05:39.746 [  FINER] [       FXGL.EventBus] [JavaFX Application Thread] Service [EventBus] initialized
28 Mar 2016, 19:05:39.749 [  FINER] [    FXGL.AssetLoader] [JavaFX Application Thread] Service [AssetLoader] initialized
28 Mar 2016, 19:05:39.752 [  FINER] [    FXGL.AssetLoader] [JavaFX Application Thread] Loading from disk: /assets/sounds/system/notification.wav
28 Mar 2016, 19:05:39.781 [  FINER] [    FXGL.AssetLoader] [JavaFX Application Thread] Loading from disk: /assets/sounds/menu/select.wav
28 Mar 2016, 19:05:39.783 [  FINER] [    FXGL.AssetLoader] [JavaFX Application Thread] Loading from disk: /assets/sounds/menu/back.wav
28 Mar 2016, 19:05:39.785 [  FINER] [    FXGL.AssetLoader] [JavaFX Application Thread] Loading from disk: /assets/sounds/menu/press.wav
28 Mar 2016, 19:05:39.788 [  FINER] [    FXGL.AssetLoader] [JavaFX Application Thread] Loading from disk: /assets/ui/fonts/Copperplate_Gothic_Light_Regular.ttf
28 Mar 2016, 19:05:39.917 [  FINER] [    FXGL.AssetLoader] [JavaFX Application Thread] Loading from disk: /assets/ui/css/fxgl.css
28 Mar 2016, 19:05:39.918 [  FINER] [    FXGL.AssetLoader] [JavaFX Application Thread] Loading from disk: /assets/ui/icons/fxgl_icon.png
28 Mar 2016, 19:05:39.964 [  FINER] [    FXGL.AssetLoader] [JavaFX Application Thread] Loading from disk: /assets/ui/css/fxgl_dark.css
28 Mar 2016, 19:05:40.052 [  FINER] [        FXGL.Display] [JavaFX Application Thread] Target size: 480.0x600.0@1.0
28 Mar 2016, 19:05:40.053 [  FINER] [        FXGL.Display] [JavaFX Application Thread] New size:    480.0x600.0@1.0
28 Mar 2016, 19:05:40.054 [  FINER] [        FXGL.Display] [JavaFX Application Thread] Service [Display] initialized
28 Mar 2016, 19:05:40.055 [  FINER] [        FXGL.Display] [JavaFX Application Thread] Using CSS: CSS[jar:file:/C:/Users/Wes/.m2/repository/com/github/AlmasB/FXGL/0.2.1-0.2.0-gba5970d-32/FXGL-0.2.1-0.2.0-gba5970d-32.jar!/assets/ui/css/fxgl_dark.css]
28 Mar 2016, 19:05:40.059 [  FINER] [          FXGL.Input] [JavaFX Application Thread] Service [Input] initialized
28 Mar 2016, 19:05:40.061 [  FINER] [    FXGL.AudioPlayer] [JavaFX Application Thread] Service [AudioPlayer] initialized
28 Mar 2016, 19:05:40.068 [  FINER] [    FXGL.MasterTimer] [JavaFX Application Thread] Service [MasterTimer] initialized
28 Mar 2016, 19:05:40.086 [  FINER] [      FXGL.GameScene] [JavaFX Application Thread] Game scene initialized
28 Mar 2016, 19:05:40.088 [  FINER] [FXGL.NotificationSer] [JavaFX Application Thread] Service [NotificationService] initialized
28 Mar 2016, 19:05:40.388 [  FINER] [      FXGL.GameWorld] [JavaFX Application Thread] Game world initialized
28 Mar 2016, 19:05:40.447 [  FINER] [   FXGL.PhysicsWorld] [JavaFX Application Thread] Physics world initialized
28 Mar 2016, 19:05:40.557 [  FINER] [    FXGL.Application] [JavaFX Application Thread] Game_start()
28 Mar 2016, 19:05:40.568 [  FINER] [          FXGL.Input] [JavaFX Application Thread] Registered new binding: Move Left A
28 Mar 2016, 19:05:40.569 [  FINER] [          FXGL.Input] [JavaFX Application Thread] Registered new binding: Shoot Space
28 Mar 2016, 19:05:40.570 [  FINER] [          FXGL.Input] [JavaFX Application Thread] Registered new binding: Move Right D
28 Mar 2016, 19:05:40.573 [  FINER] [    FXGL.Application] [JavaFX Application Thread] Saving data to profile
28 Mar 2016, 19:05:40.575 [  FINER] [    FXGL.UserProfile] [JavaFX Application Thread] Logging bundle: game
28 Mar 2016, 19:05:40.576 [  FINER] [    FXGL.UserProfile] [JavaFX Application Thread] game.playtime=1546790031
28 Mar 2016, 19:05:40.577 [  FINER] [       FXGL.EventBus] [JavaFX Application Thread] Firing event: SaveEvent
28 Mar 2016, 19:05:40.579 [  FINER] [        FXGL.Display] [JavaFX Application Thread] Saving data to profile
28 Mar 2016, 19:05:40.580 [  FINER] [    FXGL.UserProfile] [JavaFX Application Thread] Logging bundle: scene
28 Mar 2016, 19:05:40.580 [  FINER] [    FXGL.UserProfile] [JavaFX Application Thread] scene.sizeW=480.0
28 Mar 2016, 19:05:40.581 [  FINER] [    FXGL.UserProfile] [JavaFX Application Thread] scene.sizeH=600.0
28 Mar 2016, 19:05:40.581 [  FINER] [          FXGL.Input] [JavaFX Application Thread] Saving data to profile
28 Mar 2016, 19:05:40.582 [  FINER] [    FXGL.UserProfile] [JavaFX Application Thread] Logging bundle: input
28 Mar 2016, 19:05:40.582 [  FINER] [    FXGL.UserProfile] [JavaFX Application Thread] input.Shoot=Space
28 Mar 2016, 19:05:40.582 [  FINER] [    FXGL.UserProfile] [JavaFX Application Thread] input.Move Right=D
28 Mar 2016, 19:05:40.582 [  FINER] [    FXGL.UserProfile] [JavaFX Application Thread] input.Move Left=A
28 Mar 2016, 19:05:40.583 [  FINER] [    FXGL.AudioPlayer] [JavaFX Application Thread] Saving data to profile
28 Mar 2016, 19:05:40.583 [  FINER] [    FXGL.UserProfile] [JavaFX Application Thread] Logging bundle: audio
28 Mar 2016, 19:05:40.584 [  FINER] [    FXGL.UserProfile] [JavaFX Application Thread] audio.musicVolume=0.5
28 Mar 2016, 19:05:40.584 [  FINER] [    FXGL.UserProfile] [JavaFX Application Thread] audio.soundVolume=0.5
28 Mar 2016, 19:05:40.584 [  FINER] [FXGL.AchievementMana] [JavaFX Application Thread] Saving data to profile
28 Mar 2016, 19:05:40.586 [  FINER] [    FXGL.UserProfile] [JavaFX Application Thread] Logging bundle: achievement
28 Mar 2016, 19:05:40.587 [  FINER] [    FXGL.Application] [JavaFX Application Thread] Starting new game
28 Mar 2016, 19:05:40.588 [  FINER] [    FXGL.Application] [JavaFX Application Thread] Initializing App
28 Mar 2016, 19:05:40.588 [  FINER] [    FXGL.Application] [JavaFX Application Thread] Pausing main loop
28 Mar 2016, 19:05:40.589 [  FINER] [       FXGL.EventBus] [JavaFX Application Thread] Firing event: FXGLEvent[type=PAUSE]
28 Mar 2016, 19:05:40.589 [  FINER] [          FXGL.Input] [JavaFX Application Thread] Clearing active input actions
28 Mar 2016, 19:05:40.589 [  FINER] [    FXGL.MasterTimer] [JavaFX Application Thread] Stopping master timer
28 Mar 2016, 19:05:40.589 [  FINER] [    FXGL.Application] [JavaFX Application Thread] State: STARTUP -> PAUSED
28 Mar 2016, 19:05:40.590 [  FINER] [    FXGL.Application] [JavaFX Application Thread] Resetting FXGL application
28 Mar 2016, 19:05:40.591 [  FINER] [       FXGL.EventBus] [JavaFX Application Thread] Firing event: FXGLEvent[type=RESET]
28 Mar 2016, 19:05:40.591 [  FINER] [          FXGL.Input] [JavaFX Application Thread] Clearing active input actions
28 Mar 2016, 19:05:40.591 [  FINER] [    FXGL.MasterTimer] [JavaFX Application Thread] Resetting ticks to 0
28 Mar 2016, 19:05:40.591 [  FINER] [    FXGL.MasterTimer] [JavaFX Application Thread] Clearing all scheduled actions
28 Mar 2016, 19:05:40.591 [  FINER] [      FXGL.GameScene] [JavaFX Application Thread] Resetting game scene
28 Mar 2016, 19:05:40.592 [  FINER] [      FXGL.GameWorld] [JavaFX Application Thread] Resetting game world
28 Mar 2016, 19:05:40.593 [  FINER] [    FXGL.Application] [JavaFX Application Thread] State: PAUSED -> LOADING
28 Mar 2016, 19:05:40.635 [  FINER] [    FXGL.Application] [JavaFX Application Thread] Starting FXGL Init Thread
28 Mar 2016, 19:05:40.637 [  FINER] [    FXGL.Application] [FXGL Init Thread] Initializing Assets
28 Mar 2016, 19:05:40.642 [  FINER] [    FXGL.AssetLoader] [FXGL Init Thread] Loading from disk: /assets/textures/enemy.png
28 Mar 2016, 19:05:40.651 [  FINER] [    FXGL.AssetLoader] [FXGL Init Thread] Loading from disk: /assets/textures/enemyReduced.png
28 Mar 2016, 19:05:40.653 [  FINER] [    FXGL.AssetLoader] [FXGL Init Thread] Loading from disk: /assets/textures/enemyReduced1.png
28 Mar 2016, 19:05:40.659 [  FINER] [    FXGL.AssetLoader] [FXGL Init Thread] Loading from disk: /assets/textures/enemyReduced2.png
28 Mar 2016, 19:05:40.662 [  FINER] [    FXGL.AssetLoader] [FXGL Init Thread] Loading from disk: /assets/textures/enemyReduced3.png
28 Mar 2016, 19:05:40.665 [  FINER] [    FXGL.AssetLoader] [FXGL Init Thread] Loading from disk: /assets/textures/life.png
28 Mar 2016, 19:05:40.668 [  FINER] [    FXGL.AssetLoader] [FXGL Init Thread] Loading from disk: /assets/textures/spaceship.png
28 Mar 2016, 19:05:40.673 [  FINER] [    FXGL.AssetLoader] [FXGL Init Thread] Loading from disk: /assets/textures/spaceshipReduced.png
28 Mar 2016, 19:05:40.676 [  FINER] [    FXGL.AssetLoader] [FXGL Init Thread] Loading from disk: /assets/textures/text.png
28 Mar 2016, 19:05:40.711 [  FINER] [    FXGL.AssetLoader] [FXGL Init Thread] Loading from disk: /assets/textures/wall.png
28 Mar 2016, 19:05:40.719 [  FINER] [    FXGL.AssetLoader] [FXGL Init Thread] Loading from disk: /assets/music/bgm.mp3
28 Mar 2016, 19:05:40.960 [  FINER] [    FXGL.Application] [JavaFX Application Thread] Showing stage
28 Mar 2016, 19:05:40.960 [  FINER] [    FXGL.Application] [JavaFX Application Thread] Root size: 480.0x600.0
28 Mar 2016, 19:05:40.961 [  FINER] [    FXGL.Application] [JavaFX Application Thread] Scene size: 480.0x600.0
28 Mar 2016, 19:05:40.961 [  FINER] [    FXGL.Application] [JavaFX Application Thread] Stage size: 486.0x628.0
28 Mar 2016, 19:05:40.962 [  FINER] [    FXGL.AssetLoader] [FXGL Init Thread] Loading from cache: /assets/ui/fonts/Copperplate_Gothic_Light_Regular.ttf
28 Mar 2016, 19:05:41.027 [  FINER] [    FXGL.Application] [FXGL Init Thread] Initializing Game
28 Mar 2016, 19:05:41.061 [  FINER] [    FXGL.AssetLoader] [FXGL Init Thread] Loading from cache: /assets/textures/enemyReduced2.png
28 Mar 2016, 19:05:41.072 [  FINER] [    FXGL.AssetLoader] [FXGL Init Thread] Loading from cache: /assets/textures/enemyReduced1.png
28 Mar 2016, 19:05:41.074 [  FINER] [    FXGL.AssetLoader] [FXGL Init Thread] Loading from cache: /assets/textures/enemyReduced3.png
28 Mar 2016, 19:05:41.081 [  FINER] [    FXGL.AssetLoader] [FXGL Init Thread] Loading from cache: /assets/textures/enemyReduced1.png
28 Mar 2016, 19:05:41.083 [  FINER] [    FXGL.AssetLoader] [FXGL Init Thread] Loading from cache: /assets/textures/enemyReduced2.png
28 Mar 2016, 19:05:41.085 [  FINER] [    FXGL.AssetLoader] [FXGL Init Thread] Loading from cache: /assets/textures/enemyReduced3.png
28 Mar 2016, 19:05:41.087 [  FINER] [    FXGL.AssetLoader] [FXGL Init Thread] Loading from cache: /assets/textures/enemyReduced3.png
28 Mar 2016, 19:05:41.088 [  FINER] [    FXGL.AssetLoader] [FXGL Init Thread] Loading from cache: /assets/textures/enemyReduced1.png
28 Mar 2016, 19:05:41.092 [  FINER] [    FXGL.AssetLoader] [FXGL Init Thread] Loading from cache: /assets/textures/enemyReduced3.png
28 Mar 2016, 19:05:41.094 [  FINER] [    FXGL.AssetLoader] [FXGL Init Thread] Loading from cache: /assets/textures/enemyReduced2.png
28 Mar 2016, 19:05:41.096 [  FINER] [    FXGL.AssetLoader] [FXGL Init Thread] Loading from cache: /assets/textures/enemyReduced2.png
28 Mar 2016, 19:05:41.098 [  FINER] [    FXGL.AssetLoader] [FXGL Init Thread] Loading from cache: /assets/textures/enemyReduced3.png
28 Mar 2016, 19:05:41.100 [  FINER] [    FXGL.AssetLoader] [FXGL Init Thread] Loading from cache: /assets/textures/enemyReduced1.png
28 Mar 2016, 19:05:41.101 [  FINER] [    FXGL.AssetLoader] [FXGL Init Thread] Loading from cache: /assets/textures/enemyReduced1.png
28 Mar 2016, 19:05:41.102 [  FINER] [    FXGL.AssetLoader] [FXGL Init Thread] Loading from cache: /assets/textures/enemyReduced3.png
28 Mar 2016, 19:05:41.103 [  FINER] [    FXGL.AssetLoader] [FXGL Init Thread] Loading from cache: /assets/textures/enemyReduced2.png
28 Mar 2016, 19:05:41.104 [  FINER] [    FXGL.AssetLoader] [FXGL Init Thread] Loading from cache: /assets/textures/enemyReduced1.png
28 Mar 2016, 19:05:41.105 [  FINER] [    FXGL.AssetLoader] [FXGL Init Thread] Loading from cache: /assets/textures/enemyReduced1.png
28 Mar 2016, 19:05:41.107 [  FINER] [    FXGL.AssetLoader] [FXGL Init Thread] Loading from cache: /assets/textures/enemyReduced3.png
28 Mar 2016, 19:05:41.108 [  FINER] [    FXGL.AssetLoader] [FXGL Init Thread] Loading from cache: /assets/textures/enemyReduced3.png
28 Mar 2016, 19:05:41.109 [  FINER] [    FXGL.AssetLoader] [FXGL Init Thread] Loading from cache: /assets/textures/enemyReduced2.png
28 Mar 2016, 19:05:41.110 [  FINER] [    FXGL.AssetLoader] [FXGL Init Thread] Loading from cache: /assets/textures/enemyReduced1.png
28 Mar 2016, 19:05:41.112 [  FINER] [    FXGL.AssetLoader] [FXGL Init Thread] Loading from cache: /assets/textures/enemyReduced2.png
28 Mar 2016, 19:05:41.113 [  FINER] [    FXGL.AssetLoader] [FXGL Init Thread] Loading from cache: /assets/textures/enemyReduced3.png
28 Mar 2016, 19:05:41.114 [  FINER] [    FXGL.AssetLoader] [FXGL Init Thread] Loading from cache: /assets/textures/enemyReduced1.png
28 Mar 2016, 19:05:41.115 [  FINER] [    FXGL.AssetLoader] [FXGL Init Thread] Loading from cache: /assets/textures/enemyReduced3.png
28 Mar 2016, 19:05:41.116 [  FINER] [    FXGL.AssetLoader] [FXGL Init Thread] Loading from cache: /assets/textures/enemyReduced1.png
28 Mar 2016, 19:05:41.117 [  FINER] [    FXGL.AssetLoader] [FXGL Init Thread] Loading from cache: /assets/textures/enemyReduced3.png
28 Mar 2016, 19:05:41.119 [  FINER] [    FXGL.AssetLoader] [FXGL Init Thread] Loading from cache: /assets/textures/enemyReduced1.png
28 Mar 2016, 19:05:41.120 [  FINER] [    FXGL.AssetLoader] [FXGL Init Thread] Loading from cache: /assets/textures/enemyReduced2.png
28 Mar 2016, 19:05:41.121 [  FINER] [    FXGL.AssetLoader] [FXGL Init Thread] Loading from cache: /assets/textures/enemyReduced3.png
28 Mar 2016, 19:05:41.122 [  FINER] [    FXGL.AssetLoader] [FXGL Init Thread] Loading from cache: /assets/textures/enemyReduced1.png
28 Mar 2016, 19:05:41.123 [  FINER] [    FXGL.AssetLoader] [FXGL Init Thread] Loading from cache: /assets/textures/enemyReduced1.png
28 Mar 2016, 19:05:41.124 [  FINER] [    FXGL.AssetLoader] [FXGL Init Thread] Loading from cache: /assets/textures/enemyReduced1.png
28 Mar 2016, 19:05:41.125 [  FINER] [    FXGL.AssetLoader] [FXGL Init Thread] Loading from cache: /assets/textures/enemyReduced1.png
28 Mar 2016, 19:05:41.127 [  FINER] [    FXGL.AssetLoader] [FXGL Init Thread] Loading from cache: /assets/textures/enemyReduced2.png
28 Mar 2016, 19:05:41.128 [  FINER] [    FXGL.AssetLoader] [FXGL Init Thread] Loading from cache: /assets/textures/enemyReduced2.png
28 Mar 2016, 19:05:41.129 [  FINER] [    FXGL.AssetLoader] [FXGL Init Thread] Loading from cache: /assets/textures/enemyReduced3.png
28 Mar 2016, 19:05:41.130 [  FINER] [    FXGL.AssetLoader] [FXGL Init Thread] Loading from cache: /assets/textures/enemyReduced3.png
28 Mar 2016, 19:05:41.131 [  FINER] [    FXGL.AssetLoader] [FXGL Init Thread] Loading from cache: /assets/textures/enemyReduced3.png
28 Mar 2016, 19:05:41.132 [  FINER] [    FXGL.AssetLoader] [FXGL Init Thread] Loading from cache: /assets/textures/wall.png
28 Mar 2016, 19:05:41.133 [  FINER] [    FXGL.AssetLoader] [FXGL Init Thread] Loading from cache: /assets/textures/wall.png
28 Mar 2016, 19:05:41.133 [  FINER] [    FXGL.AssetLoader] [FXGL Init Thread] Loading from cache: /assets/textures/wall.png
28 Mar 2016, 19:05:41.134 [  FINER] [    FXGL.AssetLoader] [FXGL Init Thread] Loading from cache: /assets/textures/wall.png
28 Mar 2016, 19:05:41.135 [  FINER] [    FXGL.AssetLoader] [FXGL Init Thread] Loading from cache: /assets/textures/spaceshipReduced.png
28 Mar 2016, 19:05:41.136 [  FINER] [    FXGL.Application] [FXGL Init Thread] Initializing Physics
28 Mar 2016, 19:05:41.137 [  FINER] [    FXGL.Application] [FXGL Init Thread] Initializing UI
28 Mar 2016, 19:05:41.142 [  FINER] [    FXGL.Application] [FXGL Init Thread] Initialization Complete
28 Mar 2016, 19:05:41.143 [  FINER] [       FXGL.EventBus] [JavaFX Application Thread] Firing event: FXGLEvent[type=INIT_APP_COMPLETE]
28 Mar 2016, 19:05:41.143 [  FINER] [    FXGL.Application] [JavaFX Application Thread] Resuming main loop
28 Mar 2016, 19:05:41.143 [  FINER] [       FXGL.EventBus] [JavaFX Application Thread] Firing event: FXGLEvent[type=RESUME]
28 Mar 2016, 19:05:41.143 [  FINER] [          FXGL.Input] [JavaFX Application Thread] Clearing active input actions
28 Mar 2016, 19:05:41.143 [  FINER] [    FXGL.MasterTimer] [JavaFX Application Thread] Starting master timer
28 Mar 2016, 19:05:41.144 [  FINER] [    FXGL.Application] [JavaFX Application Thread] State: LOADING -> PLAYING
28 Mar 2016, 19:05:41.153 [  FINER] [       FXGL.EventBus] [JavaFX Application Thread] Firing event: WorldEvent[type=ENTITY_ADDED]
28 Mar 2016, 19:05:41.153 [  FINER] [      FXGL.GameScene] [JavaFX Application Thread] Entity added to scene
28 Mar 2016, 19:05:41.154 [  FINER] [      FXGL.GameScene] [JavaFX Application Thread] Added MainViewComponent
28 Mar 2016, 19:05:41.155 [  FINER] [      FXGL.GameScene] [JavaFX Application Thread] Creating render group for layer: TOP(2147483647)
28 Mar 2016, 19:05:41.160 [  FINER] [       FXGL.EventBus] [JavaFX Application Thread] Firing event: WorldEvent[type=ENTITY_ADDED]
28 Mar 2016, 19:05:41.161 [  FINER] [      FXGL.GameScene] [JavaFX Application Thread] Entity added to scene
28 Mar 2016, 19:05:41.161 [  FINER] [      FXGL.GameScene] [JavaFX Application Thread] Added MainViewComponent
28 Mar 2016, 19:05:41.162 [  FINER] [       FXGL.EventBus] [JavaFX Application Thread] Firing event: WorldEvent[type=ENTITY_ADDED]
28 Mar 2016, 19:05:41.162 [  FINER] [      FXGL.GameScene] [JavaFX Application Thread] Entity added to scene
28 Mar 2016, 19:05:41.162 [  FINER] [      FXGL.GameScene] [JavaFX Application Thread] Added MainViewComponent
28 Mar 2016, 19:05:41.162 [  FINER] [       FXGL.EventBus] [JavaFX Application Thread] Firing event: WorldEvent[type=ENTITY_ADDED]
28 Mar 2016, 19:05:41.163 [  FINER] [      FXGL.GameScene] [JavaFX Application Thread] Entity added to scene
28 Mar 2016, 19:05:41.163 [  FINER] [      FXGL.GameScene] [JavaFX Application Thread] Added MainViewComponent
28 Mar 2016, 19:05:41.163 [  FINER] [       FXGL.EventBus] [JavaFX Application Thread] Firing event: WorldEvent[type=ENTITY_ADDED]
28 Mar 2016, 19:05:41.163 [  FINER] [      FXGL.GameScene] [JavaFX Application Thread] Entity added to scene
28 Mar 2016, 19:05:41.164 [  FINER] [      FXGL.GameScene] [JavaFX Application Thread] Added MainViewComponent
28 Mar 2016, 19:05:41.164 [  FINER] [       FXGL.EventBus] [JavaFX Application Thread] Firing event: WorldEvent[type=ENTITY_ADDED]
28 Mar 2016, 19:05:41.164 [  FINER] [      FXGL.GameScene] [JavaFX Application Thread] Entity added to scene
28 Mar 2016, 19:05:41.164 [  FINER] [      FXGL.GameScene] [JavaFX Application Thread] Added MainViewComponent
28 Mar 2016, 19:05:41.165 [  FINER] [       FXGL.EventBus] [JavaFX Application Thread] Firing event: WorldEvent[type=ENTITY_ADDED]
28 Mar 2016, 19:05:41.166 [  FINER] [      FXGL.GameScene] [JavaFX Application Thread] Entity added to scene
28 Mar 2016, 19:05:41.166 [  FINER] [      FXGL.GameScene] [JavaFX Application Thread] Added MainViewComponent
28 Mar 2016, 19:05:41.166 [  FINER] [       FXGL.EventBus] [JavaFX Application Thread] Firing event: WorldEvent[type=ENTITY_ADDED]
28 Mar 2016, 19:05:41.167 [  FINER] [      FXGL.GameScene] [JavaFX Application Thread] Entity added to scene
28 Mar 2016, 19:05:41.167 [  FINER] [      FXGL.GameScene] [JavaFX Application Thread] Added MainViewComponent
28 Mar 2016, 19:05:41.168 [  FINER] [       FXGL.EventBus] [JavaFX Application Thread] Firing event: WorldEvent[type=ENTITY_ADDED]
28 Mar 2016, 19:05:41.168 [  FINER] [      FXGL.GameScene] [JavaFX Application Thread] Entity added to scene
28 Mar 2016, 19:05:41.168 [  FINER] [      FXGL.GameScene] [JavaFX Application Thread] Added MainViewComponent
28 Mar 2016, 19:05:41.169 [  FINER] [       FXGL.EventBus] [JavaFX Application Thread] Firing event: WorldEvent[type=ENTITY_ADDED]
28 Mar 2016, 19:05:41.170 [  FINER] [      FXGL.GameScene] [JavaFX Application Thread] Entity added to scene
28 Mar 2016, 19:05:41.170 [  FINER] [      FXGL.GameScene] [JavaFX Application Thread] Added MainViewComponent
28 Mar 2016, 19:05:41.171 [  FINER] [       FXGL.EventBus] [JavaFX Application Thread] Firing event: WorldEvent[type=ENTITY_ADDED]
28 Mar 2016, 19:05:41.171 [  FINER] [      FXGL.GameScene] [JavaFX Application Thread] Entity added to scene
28 Mar 2016, 19:05:41.171 [  FINER] [      FXGL.GameScene] [JavaFX Application Thread] Added MainViewComponent
28 Mar 2016, 19:05:41.172 [  FINER] [       FXGL.EventBus] [JavaFX Application Thread] Firing event: WorldEvent[type=ENTITY_ADDED]
28 Mar 2016, 19:05:41.173 [  FINER] [      FXGL.GameScene] [JavaFX Application Thread] Entity added to scene
28 Mar 2016, 19:05:41.173 [  FINER] [      FXGL.GameScene] [JavaFX Application Thread] Added MainViewComponent
28 Mar 2016, 19:05:41.174 [  FINER] [       FXGL.EventBus] [JavaFX Application Thread] Firing event: WorldEvent[type=ENTITY_ADDED]
28 Mar 2016, 19:05:41.174 [  FINER] [      FXGL.GameScene] [JavaFX Application Thread] Entity added to scene
28 Mar 2016, 19:05:41.174 [  FINER] [      FXGL.GameScene] [JavaFX Application Thread] Added MainViewComponent
28 Mar 2016, 19:05:41.174 [  FINER] [       FXGL.EventBus] [JavaFX Application Thread] Firing event: WorldEvent[type=ENTITY_ADDED]
28 Mar 2016, 19:05:41.175 [  FINER] [      FXGL.GameScene] [JavaFX Application Thread] Entity added to scene
28 Mar 2016, 19:05:41.175 [  FINER] [      FXGL.GameScene] [JavaFX Application Thread] Added MainViewComponent
28 Mar 2016, 19:05:41.176 [  FINER] [       FXGL.EventBus] [JavaFX Application Thread] Firing event: WorldEvent[type=ENTITY_ADDED]
28 Mar 2016, 19:05:41.176 [  FINER] [      FXGL.GameScene] [JavaFX Application Thread] Entity added to scene
28 Mar 2016, 19:05:41.176 [  FINER] [      FXGL.GameScene] [JavaFX Application Thread] Added MainViewComponent
28 Mar 2016, 19:05:41.177 [  FINER] [       FXGL.EventBus] [JavaFX Application Thread] Firing event: WorldEvent[type=ENTITY_ADDED]
28 Mar 2016, 19:05:41.177 [  FINER] [      FXGL.GameScene] [JavaFX Application Thread] Entity added to scene
28 Mar 2016, 19:05:41.177 [  FINER] [      FXGL.GameScene] [JavaFX Application Thread] Added MainViewComponent
28 Mar 2016, 19:05:41.178 [  FINER] [       FXGL.EventBus] [JavaFX Application Thread] Firing event: WorldEvent[type=ENTITY_ADDED]
28 Mar 2016, 19:05:41.178 [  FINER] [      FXGL.GameScene] [JavaFX Application Thread] Entity added to scene
28 Mar 2016, 19:05:41.178 [  FINER] [      FXGL.GameScene] [JavaFX Application Thread] Added MainViewComponent
28 Mar 2016, 19:05:41.179 [  FINER] [       FXGL.EventBus] [JavaFX Application Thread] Firing event: WorldEvent[type=ENTITY_ADDED]
28 Mar 2016, 19:05:41.179 [  FINER] [      FXGL.GameScene] [JavaFX Application Thread] Entity added to scene
28 Mar 2016, 19:05:41.179 [  FINER] [      FXGL.GameScene] [JavaFX Application Thread] Added MainViewComponent
28 Mar 2016, 19:05:41.180 [  FINER] [       FXGL.EventBus] [JavaFX Application Thread] Firing event: WorldEvent[type=ENTITY_ADDED]
28 Mar 2016, 19:05:41.180 [  FINER] [      FXGL.GameScene] [JavaFX Application Thread] Entity added to scene
28 Mar 2016, 19:05:41.180 [  FINER] [      FXGL.GameScene] [JavaFX Application Thread] Added MainViewComponent
28 Mar 2016, 19:05:41.181 [  FINER] [       FXGL.EventBus] [JavaFX Application Thread] Firing event: WorldEvent[type=ENTITY_ADDED]
28 Mar 2016, 19:05:41.181 [  FINER] [      FXGL.GameScene] [JavaFX Application Thread] Entity added to scene
28 Mar 2016, 19:05:41.181 [  FINER] [      FXGL.GameScene] [JavaFX Application Thread] Added MainViewComponent
28 Mar 2016, 19:05:41.182 [  FINER] [       FXGL.EventBus] [JavaFX Application Thread] Firing event: WorldEvent[type=ENTITY_ADDED]
28 Mar 2016, 19:05:41.182 [  FINER] [      FXGL.GameScene] [JavaFX Application Thread] Entity added to scene
28 Mar 2016, 19:05:41.182 [  FINER] [      FXGL.GameScene] [JavaFX Application Thread] Added MainViewComponent
28 Mar 2016, 19:05:41.183 [  FINER] [       FXGL.EventBus] [JavaFX Application Thread] Firing event: WorldEvent[type=ENTITY_ADDED]
28 Mar 2016, 19:05:41.183 [  FINER] [      FXGL.GameScene] [JavaFX Application Thread] Entity added to scene
28 Mar 2016, 19:05:41.183 [  FINER] [      FXGL.GameScene] [JavaFX Application Thread] Added MainViewComponent
28 Mar 2016, 19:05:41.183 [  FINER] [       FXGL.EventBus] [JavaFX Application Thread] Firing event: WorldEvent[type=ENTITY_ADDED]
28 Mar 2016, 19:05:41.183 [  FINER] [      FXGL.GameScene] [JavaFX Application Thread] Entity added to scene
28 Mar 2016, 19:05:41.184 [  FINER] [      FXGL.GameScene] [JavaFX Application Thread] Added MainViewComponent
28 Mar 2016, 19:05:41.184 [  FINER] [       FXGL.EventBus] [JavaFX Application Thread] Firing event: WorldEvent[type=ENTITY_ADDED]
28 Mar 2016, 19:05:41.184 [  FINER] [      FXGL.GameScene] [JavaFX Application Thread] Entity added to scene
28 Mar 2016, 19:05:41.185 [  FINER] [      FXGL.GameScene] [JavaFX Application Thread] Added MainViewComponent
28 Mar 2016, 19:05:41.185 [  FINER] [       FXGL.EventBus] [JavaFX Application Thread] Firing event: WorldEvent[type=ENTITY_ADDED]
28 Mar 2016, 19:05:41.186 [  FINER] [      FXGL.GameScene] [JavaFX Application Thread] Entity added to scene
28 Mar 2016, 19:05:41.186 [  FINER] [      FXGL.GameScene] [JavaFX Application Thread] Added MainViewComponent
28 Mar 2016, 19:05:41.187 [  FINER] [       FXGL.EventBus] [JavaFX Application Thread] Firing event: WorldEvent[type=ENTITY_ADDED]
28 Mar 2016, 19:05:41.187 [  FINER] [      FXGL.GameScene] [JavaFX Application Thread] Entity added to scene
28 Mar 2016, 19:05:41.187 [  FINER] [      FXGL.GameScene] [JavaFX Application Thread] Added MainViewComponent
28 Mar 2016, 19:05:41.188 [  FINER] [       FXGL.EventBus] [JavaFX Application Thread] Firing event: WorldEvent[type=ENTITY_ADDED]
28 Mar 2016, 19:05:41.188 [  FINER] [      FXGL.GameScene] [JavaFX Application Thread] Entity added to scene
28 Mar 2016, 19:05:41.188 [  FINER] [      FXGL.GameScene] [JavaFX Application Thread] Added MainViewComponent
28 Mar 2016, 19:05:41.189 [  FINER] [       FXGL.EventBus] [JavaFX Application Thread] Firing event: WorldEvent[type=ENTITY_ADDED]
28 Mar 2016, 19:05:41.189 [  FINER] [      FXGL.GameScene] [JavaFX Application Thread] Entity added to scene
28 Mar 2016, 19:05:41.189 [  FINER] [      FXGL.GameScene] [JavaFX Application Thread] Added MainViewComponent
28 Mar 2016, 19:05:41.190 [  FINER] [       FXGL.EventBus] [JavaFX Application Thread] Firing event: WorldEvent[type=ENTITY_ADDED]
28 Mar 2016, 19:05:41.190 [  FINER] [      FXGL.GameScene] [JavaFX Application Thread] Entity added to scene
28 Mar 2016, 19:05:41.190 [  FINER] [      FXGL.GameScene] [JavaFX Application Thread] Added MainViewComponent
28 Mar 2016, 19:05:41.191 [  FINER] [       FXGL.EventBus] [JavaFX Application Thread] Firing event: WorldEvent[type=ENTITY_ADDED]
28 Mar 2016, 19:05:41.191 [  FINER] [      FXGL.GameScene] [JavaFX Application Thread] Entity added to scene
28 Mar 2016, 19:05:41.191 [  FINER] [      FXGL.GameScene] [JavaFX Application Thread] Added MainViewComponent
28 Mar 2016, 19:05:41.192 [  FINER] [       FXGL.EventBus] [JavaFX Application Thread] Firing event: WorldEvent[type=ENTITY_ADDED]
28 Mar 2016, 19:05:41.192 [  FINER] [      FXGL.GameScene] [JavaFX Application Thread] Entity added to scene
28 Mar 2016, 19:05:41.193 [  FINER] [      FXGL.GameScene] [JavaFX Application Thread] Added MainViewComponent
28 Mar 2016, 19:05:41.193 [  FINER] [       FXGL.EventBus] [JavaFX Application Thread] Firing event: WorldEvent[type=ENTITY_ADDED]
28 Mar 2016, 19:05:41.194 [  FINER] [      FXGL.GameScene] [JavaFX Application Thread] Entity added to scene
28 Mar 2016, 19:05:41.194 [  FINER] [      FXGL.GameScene] [JavaFX Application Thread] Added MainViewComponent
28 Mar 2016, 19:05:41.195 [  FINER] [       FXGL.EventBus] [JavaFX Application Thread] Firing event: WorldEvent[type=ENTITY_ADDED]
28 Mar 2016, 19:05:41.195 [  FINER] [      FXGL.GameScene] [JavaFX Application Thread] Entity added to scene
28 Mar 2016, 19:05:41.195 [  FINER] [      FXGL.GameScene] [JavaFX Application Thread] Added MainViewComponent
28 Mar 2016, 19:05:41.196 [  FINER] [       FXGL.EventBus] [JavaFX Application Thread] Firing event: WorldEvent[type=ENTITY_ADDED]
28 Mar 2016, 19:05:41.196 [  FINER] [      FXGL.GameScene] [JavaFX Application Thread] Entity added to scene
28 Mar 2016, 19:05:41.196 [  FINER] [      FXGL.GameScene] [JavaFX Application Thread] Added MainViewComponent
28 Mar 2016, 19:05:41.197 [  FINER] [       FXGL.EventBus] [JavaFX Application Thread] Firing event: WorldEvent[type=ENTITY_ADDED]
28 Mar 2016, 19:05:41.197 [  FINER] [      FXGL.GameScene] [JavaFX Application Thread] Entity added to scene
28 Mar 2016, 19:05:41.197 [  FINER] [      FXGL.GameScene] [JavaFX Application Thread] Added MainViewComponent
28 Mar 2016, 19:05:41.198 [  FINER] [       FXGL.EventBus] [JavaFX Application Thread] Firing event: WorldEvent[type=ENTITY_ADDED]
28 Mar 2016, 19:05:41.198 [  FINER] [      FXGL.GameScene] [JavaFX Application Thread] Entity added to scene
28 Mar 2016, 19:05:41.198 [  FINER] [      FXGL.GameScene] [JavaFX Application Thread] Added MainViewComponent
28 Mar 2016, 19:05:41.199 [  FINER] [       FXGL.EventBus] [JavaFX Application Thread] Firing event: WorldEvent[type=ENTITY_ADDED]
28 Mar 2016, 19:05:41.199 [  FINER] [      FXGL.GameScene] [JavaFX Application Thread] Entity added to scene
28 Mar 2016, 19:05:41.199 [  FINER] [      FXGL.GameScene] [JavaFX Application Thread] Added MainViewComponent
28 Mar 2016, 19:05:41.200 [  FINER] [       FXGL.EventBus] [JavaFX Application Thread] Firing event: WorldEvent[type=ENTITY_ADDED]
28 Mar 2016, 19:05:41.201 [  FINER] [      FXGL.GameScene] [JavaFX Application Thread] Entity added to scene
28 Mar 2016, 19:05:41.201 [  FINER] [      FXGL.GameScene] [JavaFX Application Thread] Added MainViewComponent
28 Mar 2016, 19:05:41.202 [  FINER] [       FXGL.EventBus] [JavaFX Application Thread] Firing event: WorldEvent[type=ENTITY_ADDED]
28 Mar 2016, 19:05:41.202 [  FINER] [      FXGL.GameScene] [JavaFX Application Thread] Entity added to scene
28 Mar 2016, 19:05:41.202 [  FINER] [      FXGL.GameScene] [JavaFX Application Thread] Added MainViewComponent
28 Mar 2016, 19:05:41.203 [  FINER] [       FXGL.EventBus] [JavaFX Application Thread] Firing event: WorldEvent[type=ENTITY_ADDED]
28 Mar 2016, 19:05:41.203 [  FINER] [      FXGL.GameScene] [JavaFX Application Thread] Entity added to scene
28 Mar 2016, 19:05:41.203 [  FINER] [      FXGL.GameScene] [JavaFX Application Thread] Added MainViewComponent
28 Mar 2016, 19:05:41.204 [  FINER] [       FXGL.EventBus] [JavaFX Application Thread] Firing event: WorldEvent[type=ENTITY_ADDED]
28 Mar 2016, 19:05:41.204 [  FINER] [      FXGL.GameScene] [JavaFX Application Thread] Entity added to scene
28 Mar 2016, 19:05:41.204 [  FINER] [      FXGL.GameScene] [JavaFX Application Thread] Added MainViewComponent
28 Mar 2016, 19:05:41.205 [  FINER] [       FXGL.EventBus] [JavaFX Application Thread] Firing event: WorldEvent[type=ENTITY_ADDED]
28 Mar 2016, 19:05:41.205 [  FINER] [      FXGL.GameScene] [JavaFX Application Thread] Entity added to scene
28 Mar 2016, 19:05:41.206 [  FINER] [      FXGL.GameScene] [JavaFX Application Thread] Added MainViewComponent
28 Mar 2016, 19:05:41.206 [  FINER] [       FXGL.EventBus] [JavaFX Application Thread] Firing event: WorldEvent[type=ENTITY_ADDED]
28 Mar 2016, 19:05:41.206 [  FINER] [      FXGL.GameScene] [JavaFX Application Thread] Entity added to scene
28 Mar 2016, 19:05:41.207 [  FINER] [      FXGL.GameScene] [JavaFX Application Thread] Added MainViewComponent
28 Mar 2016, 19:05:41.207 [  FINER] [       FXGL.EventBus] [JavaFX Application Thread] Firing event: WorldEvent[type=ENTITY_ADDED]
28 Mar 2016, 19:05:41.207 [  FINER] [      FXGL.GameScene] [JavaFX Application Thread] Entity added to scene
28 Mar 2016, 19:05:41.207 [  FINER] [      FXGL.GameScene] [JavaFX Application Thread] Added MainViewComponent
28 Mar 2016, 19:05:41.208 [  FINER] [       FXGL.EventBus] [JavaFX Application Thread] Firing event: WorldEvent[type=ENTITY_ADDED]
28 Mar 2016, 19:05:41.208 [  FINER] [      FXGL.GameScene] [JavaFX Application Thread] Entity added to scene
28 Mar 2016, 19:05:41.208 [  FINER] [      FXGL.GameScene] [JavaFX Application Thread] Added MainViewComponent
28 Mar 2016, 19:05:48.301 [  FINER] [    FXGL.Application] [JavaFX Application Thread] Pausing main loop
28 Mar 2016, 19:05:48.302 [  FINER] [       FXGL.EventBus] [JavaFX Application Thread] Firing event: FXGLEvent[type=PAUSE]
28 Mar 2016, 19:05:48.302 [  FINER] [          FXGL.Input] [JavaFX Application Thread] Clearing active input actions
28 Mar 2016, 19:05:48.303 [  FINER] [    FXGL.MasterTimer] [JavaFX Application Thread] Stopping master timer
28 Mar 2016, 19:05:48.303 [  FINER] [    FXGL.Application] [JavaFX Application Thread] State: PLAYING -> PAUSED
28 Mar 2016, 19:05:48.303 [ SEVERE] [    FXGL.Application] [JavaFX Application Thread] Uncaught Exception:
28 Mar 2016, 19:05:48.304 [ SEVERE] [    FXGL.Application] [JavaFX Application Thread] 

Exception occurred: java.lang.RuntimeException : java.lang.reflect.InvocationTargetExceptionE: com.almasb.fxgl.input.Input$1.onAction(Input.java:424)
E: java.lang.Iterable.forEach(Unknown Source)
E: com.almasb.fxgl.input.Input.lambda$new$82(Input.java:112)
E: com.sun.javafx.event.CompositeEventHandler$NormalEventHandlerRecord.handleBubblingEvent(Unknown Source)
E: com.sun.javafx.event.CompositeEventHandler.dispatchBubblingEvent(Unknown Source)
E: com.sun.javafx.event.EventHandlerManager.dispatchBubblingEvent(Unknown Source)
E: com.sun.javafx.event.EventHandlerManager.dispatchBubblingEvent(Unknown Source)
E: com.sun.javafx.event.CompositeEventDispatcher.dispatchBubblingEvent(Unknown Source)
E: com.sun.javafx.event.BasicEventDispatcher.dispatchEvent(Unknown Source)
E: com.sun.javafx.event.EventDispatchChainImpl.dispatchEvent(Unknown Source)
E: com.sun.javafx.event.EventUtil.fireEventImpl(Unknown Source)
E: com.sun.javafx.event.EventUtil.fireEvent(Unknown Source)
E: javafx.event.Event.fireEvent(Unknown Source)
E: javafx.scene.Node.fireEvent(Unknown Source)
E: com.almasb.fxeventbus.FXEventBus.fireEvent(FXEventBus.java:28)
E: com.almasb.fxgl.event.FXGLEventBus.fireEvent(FXGLEventBus.java:73)
E: com.almasb.fxgl.time.FXGLMasterTimer.handle(FXGLMasterTimer.java:132)
E: javafx.animation.AnimationTimer$AnimationTimerReceiver.lambda$handle$484(Unknown Source)
E: java.security.AccessController.doPrivileged(Native Method)
E: javafx.animation.AnimationTimer$AnimationTimerReceiver.handle(Unknown Source)
E: com.sun.scenario.animation.AbstractMasterTimer.timePulseImpl(Unknown Source)
E: com.sun.scenario.animation.AbstractMasterTimer$MainLoop.run(Unknown Source)
E: com.sun.javafx.tk.quantum.QuantumToolkit.pulse(Unknown Source)
E: com.sun.javafx.tk.quantum.QuantumToolkit.pulse(Unknown Source)
E: com.sun.javafx.tk.quantum.QuantumToolkit.lambda$runToolkit$404(Unknown Source)
E: com.sun.glass.ui.InvokeLaterDispatcher$Future.run(Unknown Source)
E: com.sun.glass.ui.win.WinApplication._runLoop(Native Method)
E: com.sun.glass.ui.win.WinApplication.lambda$null$148(Unknown Source)
E: java.lang.Thread.run(Unknown Source)

28 Mar 2016, 19:05:48.304 [ SEVERE] [    FXGL.Application] [JavaFX Application Thread] Application will now exit
28 Mar 2016, 19:05:52.669 [  FINER] [    FXGL.Application] [JavaFX Application Thread] Exiting Normally
28 Mar 2016, 19:05:52.670 [  FINER] [       FXGL.EventBus] [JavaFX Application Thread] Firing event: FXGLEvent[type=EXIT]
28 Mar 2016, 19:05:52.670 [  FINER] [         FXGL.Logger] [JavaFX Application Thread] Logger is closing
