18 Mar 2016, 18:55:14.749 [   INFO] [         FXGL.Logger] [JavaFX Application Thread] Logger initialized with level: CONFIG
18 Mar 2016, 18:55:14.753 [  FINER] [         FXGL.Logger] [JavaFX Application Thread] CPU cores: 4
18 Mar 2016, 18:55:14.756 [  FINER] [         FXGL.Logger] [JavaFX Application Thread] Free Memory: 109MB
18 Mar 2016, 18:55:14.757 [  FINER] [         FXGL.Logger] [JavaFX Application Thread] Max Memory: 1776MB
18 Mar 2016, 18:55:14.758 [  FINER] [         FXGL.Logger] [JavaFX Application Thread] Total Memory: 121MB
18 Mar 2016, 18:55:14.758 [  FINER] [         FXGL.Logger] [JavaFX Application Thread] System Properties:
18 Mar 2016, 18:55:14.759 [  FINER] [         FXGL.Logger] [JavaFX Application Thread] sun.cpu.isalist=amd64
18 Mar 2016, 18:55:14.760 [  FINER] [         FXGL.Logger] [JavaFX Application Thread] sun.desktop=windows
18 Mar 2016, 18:55:14.760 [  FINER] [         FXGL.Logger] [JavaFX Application Thread] sun.io.unicode.encoding=UnicodeLittle
18 Mar 2016, 18:55:14.761 [  FINER] [         FXGL.Logger] [JavaFX Application Thread] sun.cpu.endian=little
18 Mar 2016, 18:55:14.761 [  FINER] [         FXGL.Logger] [JavaFX Application Thread] java.vendor.url.bug=http://bugreport.sun.com/bugreport/
18 Mar 2016, 18:55:14.761 [  FINER] [         FXGL.Logger] [JavaFX Application Thread] file.separator=\
18 Mar 2016, 18:55:14.762 [  FINER] [         FXGL.Logger] [JavaFX Application Thread] java.vendor=Oracle Corporation
18 Mar 2016, 18:55:14.762 [  FINER] [         FXGL.Logger] [JavaFX Application Thread] sun.boot.class.path=C:\Program Files\Java\jre1.8.0_73\lib\resources.jar;C:\Program Files\Java\jre1.8.0_73\lib\rt.jar;C:\Program Files\Java\jre1.8.0_73\lib\sunrsasign.jar;C:\Program Files\Java\jre1.8.0_73\lib\jsse.jar;C:\Program Files\Java\jre1.8.0_73\lib\jce.jar;C:\Program Files\Java\jre1.8.0_73\lib\charsets.jar;C:\Program Files\Java\jre1.8.0_73\lib\jfr.jar;C:\Program Files\Java\jre1.8.0_73\classes
18 Mar 2016, 18:55:14.762 [  FINER] [         FXGL.Logger] [JavaFX Application Thread] java.ext.dirs=C:\Program Files\Java\jre1.8.0_73\lib\ext;C:\Windows\Sun\Java\lib\ext
18 Mar 2016, 18:55:14.763 [  FINER] [         FXGL.Logger] [JavaFX Application Thread] java.version=1.8.0_73
18 Mar 2016, 18:55:14.763 [  FINER] [         FXGL.Logger] [JavaFX Application Thread] java.vm.info=mixed mode
18 Mar 2016, 18:55:14.763 [  FINER] [         FXGL.Logger] [JavaFX Application Thread] awt.toolkit=sun.awt.windows.WToolkit
18 Mar 2016, 18:55:14.764 [  FINER] [         FXGL.Logger] [JavaFX Application Thread] user.language=en
18 Mar 2016, 18:55:14.764 [  FINER] [         FXGL.Logger] [JavaFX Application Thread] java.specification.vendor=Oracle Corporation
18 Mar 2016, 18:55:14.764 [  FINER] [         FXGL.Logger] [JavaFX Application Thread] sun.java.command=com.chromalife.SpaceInvaders.SpaceInvadersApp
18 Mar 2016, 18:55:14.765 [  FINER] [         FXGL.Logger] [JavaFX Application Thread] java.home=C:\Program Files\Java\jre1.8.0_73
18 Mar 2016, 18:55:14.765 [  FINER] [         FXGL.Logger] [JavaFX Application Thread] sun.arch.data.model=64
18 Mar 2016, 18:55:14.765 [  FINER] [         FXGL.Logger] [JavaFX Application Thread] java.vm.specification.version=1.8
18 Mar 2016, 18:55:14.765 [  FINER] [         FXGL.Logger] [JavaFX Application Thread] java.class.path=C:\Users\User\Documents\School\spring 2016\github\SpaceInvaders\target\classes;C:\Users\User\.m2\repository\com\github\AlmasB\FXGL\0.2.1-0.2.0-gba5970d-32\FXGL-0.2.1-0.2.0-gba5970d-32.jar;C:\Users\User\.m2\repository\com\google\inject\guice\4.0\guice-4.0.jar;C:\Users\User\.m2\repository\javax\inject\javax.inject\1\javax.inject-1.jar;C:\Users\User\.m2\repository\aopalliance\aopalliance\1.0\aopalliance-1.0.jar;C:\Users\User\.m2\repository\com\google\guava\guava\16.0.1\guava-16.0.1.jar;C:\Users\User\.m2\repository\org\jfxtras\jfxtras-window\8.0-r4\jfxtras-window-8.0-r4.jar;C:\Users\User\.m2\repository\org\jfxtras\jfxtras-common\8.0-r4\jfxtras-common-8.0-r4.jar;C:\Users\User\.m2\repository\com\github\AlmasB\FXEventBus\1.0\FXEventBus-1.0.jar;C:\Users\User\.m2\repository\com\github\AlmasB\Ents\1.0\Ents-1.0.jar;C:\Users\User\.m2\repository\org\apache\logging\log4j\log4j-api\2.5\log4j-api-2.5.jar;C:\Users\User\.m2\repository\org\apache\logging\log4j\log4j-core\2.5\log4j-core-2.5.jar;C:\Users\User\.m2\repository\com\github\AlmasB\AStar\1.0\AStar-1.0.jar
18 Mar 2016, 18:55:14.766 [  FINER] [         FXGL.Logger] [JavaFX Application Thread] user.name=User
18 Mar 2016, 18:55:14.766 [  FINER] [         FXGL.Logger] [JavaFX Application Thread] file.encoding=Cp1252
18 Mar 2016, 18:55:14.766 [  FINER] [         FXGL.Logger] [JavaFX Application Thread] java.specification.version=1.8
18 Mar 2016, 18:55:14.767 [  FINER] [         FXGL.Logger] [JavaFX Application Thread] java.awt.printerjob=sun.awt.windows.WPrinterJob
18 Mar 2016, 18:55:14.767 [  FINER] [         FXGL.Logger] [JavaFX Application Thread] user.timezone=America/New_York
18 Mar 2016, 18:55:14.767 [  FINER] [         FXGL.Logger] [JavaFX Application Thread] user.home=C:\Users\User
18 Mar 2016, 18:55:14.767 [  FINER] [         FXGL.Logger] [JavaFX Application Thread] os.version=6.1
18 Mar 2016, 18:55:14.768 [  FINER] [         FXGL.Logger] [JavaFX Application Thread] sun.management.compiler=HotSpot 64-Bit Tiered Compilers
18 Mar 2016, 18:55:14.768 [  FINER] [         FXGL.Logger] [JavaFX Application Thread] java.specification.name=Java Platform API Specification
18 Mar 2016, 18:55:14.768 [  FINER] [         FXGL.Logger] [JavaFX Application Thread] java.class.version=52.0
18 Mar 2016, 18:55:14.769 [  FINER] [         FXGL.Logger] [JavaFX Application Thread] java.library.path=C:\Program Files\Java\jre1.8.0_73\bin;C:\Windows\Sun\Java\bin;C:\Windows\system32;C:\Windows;C:/Program Files/Java/jre1.8.0_73/bin/server;C:/Program Files/Java/jre1.8.0_73/bin;C:/Program Files/Java/jre1.8.0_73/lib/amd64;C:\ProgramData\Oracle\Java\javapath;C:\Windows\system32;C:\Windows;C:\Windows\System32\Wbem;C:\Windows\System32\WindowsPowerShell\v1.0\;C:\Program Files\nodejs\;C:\Program Files\Microsoft SQL Server\110\Tools\Binn\;C:\Program Files (x86)\Skype\Phone\;C:\Users\User\AppData\Roaming\npm;C:\Program Files\eclipse\java-mars8\eclipse;;.
18 Mar 2016, 18:55:14.769 [  FINER] [         FXGL.Logger] [JavaFX Application Thread] sun.jnu.encoding=Cp1252
18 Mar 2016, 18:55:14.770 [  FINER] [         FXGL.Logger] [JavaFX Application Thread] os.name=Windows 7
18 Mar 2016, 18:55:14.770 [  FINER] [         FXGL.Logger] [JavaFX Application Thread] user.variant=
18 Mar 2016, 18:55:14.770 [  FINER] [         FXGL.Logger] [JavaFX Application Thread] java.vm.specification.vendor=Oracle Corporation
18 Mar 2016, 18:55:14.771 [  FINER] [         FXGL.Logger] [JavaFX Application Thread] java.io.tmpdir=C:\Users\User\AppData\Local\Temp\
18 Mar 2016, 18:55:14.771 [  FINER] [         FXGL.Logger] [JavaFX Application Thread] line.separator=

18 Mar 2016, 18:55:14.772 [  FINER] [         FXGL.Logger] [JavaFX Application Thread] java.endorsed.dirs=C:\Program Files\Java\jre1.8.0_73\lib\endorsed
18 Mar 2016, 18:55:14.772 [  FINER] [         FXGL.Logger] [JavaFX Application Thread] os.arch=amd64
18 Mar 2016, 18:55:14.772 [  FINER] [         FXGL.Logger] [JavaFX Application Thread] javafx.runtime.version=8.0.71-b15
18 Mar 2016, 18:55:14.772 [  FINER] [         FXGL.Logger] [JavaFX Application Thread] java.awt.graphicsenv=sun.awt.Win32GraphicsEnvironment
18 Mar 2016, 18:55:14.773 [  FINER] [         FXGL.Logger] [JavaFX Application Thread] java.runtime.version=1.8.0_73-b02
18 Mar 2016, 18:55:14.773 [  FINER] [         FXGL.Logger] [JavaFX Application Thread] java.vm.specification.name=Java Virtual Machine Specification
18 Mar 2016, 18:55:14.773 [  FINER] [         FXGL.Logger] [JavaFX Application Thread] user.dir=C:\Users\User\Documents\School\spring 2016\github\SpaceInvaders
18 Mar 2016, 18:55:14.774 [  FINER] [         FXGL.Logger] [JavaFX Application Thread] user.country=US
18 Mar 2016, 18:55:14.774 [  FINER] [         FXGL.Logger] [JavaFX Application Thread] user.script=
18 Mar 2016, 18:55:14.774 [  FINER] [         FXGL.Logger] [JavaFX Application Thread] sun.java.launcher=SUN_STANDARD
18 Mar 2016, 18:55:14.774 [  FINER] [         FXGL.Logger] [JavaFX Application Thread] sun.os.patch.level=Service Pack 1
18 Mar 2016, 18:55:14.775 [  FINER] [         FXGL.Logger] [JavaFX Application Thread] java.vm.name=Java HotSpot(TM) 64-Bit Server VM
18 Mar 2016, 18:55:14.775 [  FINER] [         FXGL.Logger] [JavaFX Application Thread] file.encoding.pkg=sun.io
18 Mar 2016, 18:55:14.775 [  FINER] [         FXGL.Logger] [JavaFX Application Thread] path.separator=;
18 Mar 2016, 18:55:14.775 [  FINER] [         FXGL.Logger] [JavaFX Application Thread] java.vm.vendor=Oracle Corporation
18 Mar 2016, 18:55:14.776 [  FINER] [         FXGL.Logger] [JavaFX Application Thread] java.vendor.url=http://java.oracle.com/
18 Mar 2016, 18:55:14.776 [  FINER] [         FXGL.Logger] [JavaFX Application Thread] sun.boot.library.path=C:\Program Files\Java\jre1.8.0_73\bin
18 Mar 2016, 18:55:14.776 [  FINER] [         FXGL.Logger] [JavaFX Application Thread] java.vm.version=25.73-b02
18 Mar 2016, 18:55:14.776 [  FINER] [         FXGL.Logger] [JavaFX Application Thread] java.runtime.name=Java(TM) SE Runtime Environment
18 Mar 2016, 18:55:14.777 [  FINER] [         FXGL.Logger] [JavaFX Application Thread] javafx.version=8.0.71
18 Mar 2016, 18:55:14.783 [   INFO] [        FXGL.Version] [JavaFX Application Thread] FXGL-0.2.1-SNAPSHOT
18 Mar 2016, 18:55:14.783 [   INFO] [        FXGL.Version] [JavaFX Application Thread] Source code and latest builds at: https://github.com/AlmasB/FXGL
18 Mar 2016, 18:55:14.790 [  FINER] [    FXGL.Application] [JavaFX Application Thread] Game_clinit()
18 Mar 2016, 18:55:14.799 [  FINER] [    FXGL.Application] [JavaFX-Launcher] FXGL_init()
18 Mar 2016, 18:55:14.834 [  FINER] [    FXGL.Application] [JavaFX Application Thread] FXGL_start()
18 Mar 2016, 18:55:14.835 [  FINER] [    FXGL.Application] [JavaFX Application Thread] Initializing system properties
18 Mar 2016, 18:55:14.838 [  FINER] [    FXGL.Application] [JavaFX Application Thread] sound.notification = system/notification.wav
18 Mar 2016, 18:55:14.838 [  FINER] [    FXGL.Application] [JavaFX Application Thread] asset.cache.size = 35
18 Mar 2016, 18:55:14.838 [  FINER] [    FXGL.Application] [JavaFX Application Thread] ui.font = Copperplate_Gothic_Light_Regular.ttf
18 Mar 2016, 18:55:14.839 [  FINER] [    FXGL.Application] [JavaFX Application Thread] sound.menu.back = menu/back.wav
18 Mar 2016, 18:55:14.839 [  FINER] [    FXGL.Application] [JavaFX Application Thread] sound.menu.select = menu/select.wav
18 Mar 2016, 18:55:14.839 [  FINER] [    FXGL.Application] [JavaFX Application Thread] physics.ppm = 50
18 Mar 2016, 18:55:14.839 [  FINER] [    FXGL.Application] [JavaFX Application Thread] ui.css = fxgl.css
18 Mar 2016, 18:55:14.840 [  FINER] [    FXGL.Application] [JavaFX Application Thread] ui.icon.name = fxgl_icon.png
18 Mar 2016, 18:55:14.840 [  FINER] [    FXGL.Application] [JavaFX Application Thread] sound.menu.press = menu/press.wav
18 Mar 2016, 18:55:14.840 [  FINER] [    FXGL.Application] [JavaFX Application Thread] Initializing user properties
18 Mar 2016, 18:55:14.841 [   INFO] [    FXGL.Application] [JavaFX Application Thread] User properties not found. Using system
18 Mar 2016, 18:55:14.855 [   INFO] [         FXGL.Logger] [JavaFX Application Thread] Logger level set to: CONFIG
18 Mar 2016, 18:55:14.856 [   INFO] [    FXGL.Application] [JavaFX Application Thread] Application Mode: DEVELOPER
18 Mar 2016, 18:55:15.397 [  FINER] [    FXGL.Application] [JavaFX Application Thread] Services configuration complete
18 Mar 2016, 18:55:15.408 [  FINER] [       FXGL.EventBus] [JavaFX Application Thread] Service [EventBus] initialized
18 Mar 2016, 18:55:15.412 [  FINER] [    FXGL.AssetLoader] [JavaFX Application Thread] Service [AssetLoader] initialized
18 Mar 2016, 18:55:15.414 [  FINER] [    FXGL.AssetLoader] [JavaFX Application Thread] Loading from disk: /assets/sounds/system/notification.wav
18 Mar 2016, 18:55:15.438 [  FINER] [    FXGL.AssetLoader] [JavaFX Application Thread] Loading from disk: /assets/sounds/menu/select.wav
18 Mar 2016, 18:55:15.441 [  FINER] [    FXGL.AssetLoader] [JavaFX Application Thread] Loading from disk: /assets/sounds/menu/back.wav
18 Mar 2016, 18:55:15.443 [  FINER] [    FXGL.AssetLoader] [JavaFX Application Thread] Loading from disk: /assets/sounds/menu/press.wav
18 Mar 2016, 18:55:15.445 [  FINER] [    FXGL.AssetLoader] [JavaFX Application Thread] Loading from disk: /assets/ui/fonts/Copperplate_Gothic_Light_Regular.ttf
18 Mar 2016, 18:55:15.698 [  FINER] [    FXGL.AssetLoader] [JavaFX Application Thread] Loading from disk: /assets/ui/css/fxgl.css
18 Mar 2016, 18:55:15.698 [  FINER] [    FXGL.AssetLoader] [JavaFX Application Thread] Loading from disk: /assets/ui/icons/fxgl_icon.png
18 Mar 2016, 18:55:15.751 [  FINER] [    FXGL.AssetLoader] [JavaFX Application Thread] Loading from disk: /assets/ui/css/fxgl_dark.css
18 Mar 2016, 18:55:15.864 [  FINER] [        FXGL.Display] [JavaFX Application Thread] App size > screen size
18 Mar 2016, 18:55:15.865 [  FINER] [        FXGL.Display] [JavaFX Application Thread] Target size: 400.0x800.0@1.0
18 Mar 2016, 18:55:15.865 [  FINER] [        FXGL.Display] [JavaFX Application Thread] New size:    369.0x738.0@0.9225
18 Mar 2016, 18:55:15.866 [  FINER] [        FXGL.Display] [JavaFX Application Thread] Service [Display] initialized
18 Mar 2016, 18:55:15.867 [  FINER] [        FXGL.Display] [JavaFX Application Thread] Using CSS: CSS[jar:file:/C:/Users/User/.m2/repository/com/github/AlmasB/FXGL/0.2.1-0.2.0-gba5970d-32/FXGL-0.2.1-0.2.0-gba5970d-32.jar!/assets/ui/css/fxgl_dark.css]
18 Mar 2016, 18:55:15.870 [  FINER] [          FXGL.Input] [JavaFX Application Thread] Service [Input] initialized
18 Mar 2016, 18:55:15.873 [  FINER] [    FXGL.AudioPlayer] [JavaFX Application Thread] Service [AudioPlayer] initialized
18 Mar 2016, 18:55:15.882 [  FINER] [    FXGL.MasterTimer] [JavaFX Application Thread] Service [MasterTimer] initialized
18 Mar 2016, 18:55:15.900 [  FINER] [      FXGL.GameScene] [JavaFX Application Thread] Game scene initialized
18 Mar 2016, 18:55:15.902 [  FINER] [FXGL.NotificationSer] [JavaFX Application Thread] Service [NotificationService] initialized
18 Mar 2016, 18:55:16.158 [  FINER] [      FXGL.GameWorld] [JavaFX Application Thread] Game world initialized
18 Mar 2016, 18:55:16.319 [  FINER] [   FXGL.PhysicsWorld] [JavaFX Application Thread] Physics world initialized
18 Mar 2016, 18:55:16.340 [  FINER] [    FXGL.Application] [JavaFX Application Thread] Game_start()
18 Mar 2016, 18:55:16.346 [  FINER] [    FXGL.Application] [JavaFX Application Thread] Saving data to profile
18 Mar 2016, 18:55:16.347 [  FINER] [    FXGL.UserProfile] [JavaFX Application Thread] Logging bundle: game
18 Mar 2016, 18:55:16.348 [  FINER] [    FXGL.UserProfile] [JavaFX Application Thread] game.playtime=1548426436
18 Mar 2016, 18:55:16.348 [  FINER] [       FXGL.EventBus] [JavaFX Application Thread] Firing event: SaveEvent
18 Mar 2016, 18:55:16.350 [  FINER] [        FXGL.Display] [JavaFX Application Thread] Saving data to profile
18 Mar 2016, 18:55:16.351 [  FINER] [    FXGL.UserProfile] [JavaFX Application Thread] Logging bundle: scene
18 Mar 2016, 18:55:16.351 [  FINER] [    FXGL.UserProfile] [JavaFX Application Thread] scene.sizeW=400.0
18 Mar 2016, 18:55:16.351 [  FINER] [    FXGL.UserProfile] [JavaFX Application Thread] scene.sizeH=800.0
18 Mar 2016, 18:55:16.351 [  FINER] [          FXGL.Input] [JavaFX Application Thread] Saving data to profile
18 Mar 2016, 18:55:16.352 [  FINER] [    FXGL.UserProfile] [JavaFX Application Thread] Logging bundle: input
18 Mar 2016, 18:55:16.352 [  FINER] [    FXGL.AudioPlayer] [JavaFX Application Thread] Saving data to profile
18 Mar 2016, 18:55:16.352 [  FINER] [    FXGL.UserProfile] [JavaFX Application Thread] Logging bundle: audio
18 Mar 2016, 18:55:16.352 [  FINER] [    FXGL.UserProfile] [JavaFX Application Thread] audio.musicVolume=0.5
18 Mar 2016, 18:55:16.352 [  FINER] [    FXGL.UserProfile] [JavaFX Application Thread] audio.soundVolume=0.5
18 Mar 2016, 18:55:16.353 [  FINER] [FXGL.AchievementMana] [JavaFX Application Thread] Saving data to profile
18 Mar 2016, 18:55:16.357 [  FINER] [    FXGL.UserProfile] [JavaFX Application Thread] Logging bundle: achievement
18 Mar 2016, 18:55:16.358 [  FINER] [    FXGL.Application] [JavaFX Application Thread] Starting new game
18 Mar 2016, 18:55:16.361 [  FINER] [    FXGL.Application] [JavaFX Application Thread] Initializing App
18 Mar 2016, 18:55:16.361 [  FINER] [    FXGL.Application] [JavaFX Application Thread] Pausing main loop
18 Mar 2016, 18:55:16.361 [  FINER] [       FXGL.EventBus] [JavaFX Application Thread] Firing event: FXGLEvent[type=PAUSE]
18 Mar 2016, 18:55:16.362 [  FINER] [          FXGL.Input] [JavaFX Application Thread] Clearing active input actions
18 Mar 2016, 18:55:16.362 [  FINER] [    FXGL.MasterTimer] [JavaFX Application Thread] Stopping master timer
18 Mar 2016, 18:55:16.364 [  FINER] [    FXGL.Application] [JavaFX Application Thread] State: STARTUP -> PAUSED
18 Mar 2016, 18:55:16.365 [  FINER] [    FXGL.Application] [JavaFX Application Thread] Resetting FXGL application
18 Mar 2016, 18:55:16.366 [  FINER] [       FXGL.EventBus] [JavaFX Application Thread] Firing event: FXGLEvent[type=RESET]
18 Mar 2016, 18:55:16.366 [  FINER] [          FXGL.Input] [JavaFX Application Thread] Clearing active input actions
18 Mar 2016, 18:55:16.366 [  FINER] [    FXGL.MasterTimer] [JavaFX Application Thread] Resetting ticks to 0
18 Mar 2016, 18:55:16.367 [  FINER] [    FXGL.MasterTimer] [JavaFX Application Thread] Clearing all scheduled actions
18 Mar 2016, 18:55:16.367 [  FINER] [      FXGL.GameScene] [JavaFX Application Thread] Resetting game scene
18 Mar 2016, 18:55:16.367 [  FINER] [      FXGL.GameWorld] [JavaFX Application Thread] Resetting game world
18 Mar 2016, 18:55:16.371 [  FINER] [    FXGL.Application] [JavaFX Application Thread] State: PAUSED -> LOADING
18 Mar 2016, 18:55:16.418 [  FINER] [    FXGL.Application] [JavaFX Application Thread] Starting FXGL Init Thread
18 Mar 2016, 18:55:16.419 [  FINER] [    FXGL.Application] [FXGL Init Thread] Initializing Assets
18 Mar 2016, 18:55:16.420 [  FINER] [    FXGL.AssetLoader] [FXGL Init Thread] Loading from disk: /assets/textures/spaceshipReduced.png
18 Mar 2016, 18:55:16.427 [  FINER] [    FXGL.Application] [FXGL Init Thread] Initializing Game
18 Mar 2016, 18:55:16.453 [  FINER] [    FXGL.AssetLoader] [FXGL Init Thread] Loading from disk: /assets/textures/enemyReduced3.png
18 Mar 2016, 18:55:16.471 [  FINER] [    FXGL.AssetLoader] [FXGL Init Thread] Loading from disk: /assets/textures/enemyReduced1.png
18 Mar 2016, 18:55:16.474 [  FINER] [    FXGL.AssetLoader] [FXGL Init Thread] Loading from disk: /assets/textures/enemyReduced2.png
18 Mar 2016, 18:55:16.477 [  FINER] [    FXGL.AssetLoader] [FXGL Init Thread] Loading from cache: /assets/textures/enemyReduced2.png
18 Mar 2016, 18:55:16.479 [  FINER] [    FXGL.AssetLoader] [FXGL Init Thread] Loading from cache: /assets/textures/enemyReduced2.png
18 Mar 2016, 18:55:16.480 [  FINER] [    FXGL.AssetLoader] [FXGL Init Thread] Loading from cache: /assets/textures/enemyReduced3.png
18 Mar 2016, 18:55:16.482 [  FINER] [    FXGL.AssetLoader] [FXGL Init Thread] Loading from cache: /assets/textures/enemyReduced1.png
18 Mar 2016, 18:55:16.484 [  FINER] [    FXGL.AssetLoader] [FXGL Init Thread] Loading from cache: /assets/textures/enemyReduced1.png
18 Mar 2016, 18:55:16.486 [  FINER] [    FXGL.AssetLoader] [FXGL Init Thread] Loading from cache: /assets/textures/enemyReduced2.png
18 Mar 2016, 18:55:16.488 [  FINER] [    FXGL.AssetLoader] [FXGL Init Thread] Loading from cache: /assets/textures/enemyReduced3.png
18 Mar 2016, 18:55:16.490 [  FINER] [    FXGL.AssetLoader] [FXGL Init Thread] Loading from cache: /assets/textures/enemyReduced3.png
18 Mar 2016, 18:55:16.492 [  FINER] [    FXGL.AssetLoader] [FXGL Init Thread] Loading from cache: /assets/textures/enemyReduced3.png
18 Mar 2016, 18:55:16.493 [  FINER] [    FXGL.AssetLoader] [FXGL Init Thread] Loading from cache: /assets/textures/enemyReduced2.png
18 Mar 2016, 18:55:16.495 [  FINER] [    FXGL.AssetLoader] [FXGL Init Thread] Loading from cache: /assets/textures/enemyReduced3.png
18 Mar 2016, 18:55:16.496 [  FINER] [    FXGL.AssetLoader] [FXGL Init Thread] Loading from cache: /assets/textures/enemyReduced1.png
18 Mar 2016, 18:55:16.498 [  FINER] [    FXGL.AssetLoader] [FXGL Init Thread] Loading from cache: /assets/textures/enemyReduced2.png
18 Mar 2016, 18:55:16.499 [  FINER] [    FXGL.AssetLoader] [FXGL Init Thread] Loading from cache: /assets/textures/enemyReduced3.png
18 Mar 2016, 18:55:16.501 [  FINER] [    FXGL.AssetLoader] [FXGL Init Thread] Loading from cache: /assets/textures/enemyReduced1.png
18 Mar 2016, 18:55:16.503 [  FINER] [    FXGL.AssetLoader] [FXGL Init Thread] Loading from cache: /assets/textures/enemyReduced3.png
18 Mar 2016, 18:55:16.504 [  FINER] [    FXGL.AssetLoader] [FXGL Init Thread] Loading from cache: /assets/textures/enemyReduced2.png
18 Mar 2016, 18:55:16.506 [  FINER] [    FXGL.AssetLoader] [FXGL Init Thread] Loading from cache: /assets/textures/enemyReduced1.png
18 Mar 2016, 18:55:16.507 [  FINER] [    FXGL.AssetLoader] [FXGL Init Thread] Loading from cache: /assets/textures/enemyReduced3.png
18 Mar 2016, 18:55:16.509 [  FINER] [    FXGL.AssetLoader] [FXGL Init Thread] Loading from cache: /assets/textures/enemyReduced2.png
18 Mar 2016, 18:55:16.510 [  FINER] [    FXGL.AssetLoader] [FXGL Init Thread] Loading from cache: /assets/textures/enemyReduced1.png
18 Mar 2016, 18:55:16.513 [  FINER] [    FXGL.AssetLoader] [FXGL Init Thread] Loading from cache: /assets/textures/enemyReduced2.png
18 Mar 2016, 18:55:16.515 [  FINER] [    FXGL.AssetLoader] [FXGL Init Thread] Loading from cache: /assets/textures/enemyReduced1.png
18 Mar 2016, 18:55:16.517 [  FINER] [    FXGL.AssetLoader] [FXGL Init Thread] Loading from cache: /assets/textures/enemyReduced2.png
18 Mar 2016, 18:55:16.520 [  FINER] [    FXGL.AssetLoader] [FXGL Init Thread] Loading from cache: /assets/textures/enemyReduced3.png
18 Mar 2016, 18:55:16.521 [  FINER] [    FXGL.AssetLoader] [FXGL Init Thread] Loading from cache: /assets/textures/enemyReduced3.png
18 Mar 2016, 18:55:16.523 [  FINER] [    FXGL.AssetLoader] [FXGL Init Thread] Loading from cache: /assets/textures/enemyReduced3.png
18 Mar 2016, 18:55:16.524 [  FINER] [    FXGL.AssetLoader] [FXGL Init Thread] Loading from cache: /assets/textures/enemyReduced1.png
18 Mar 2016, 18:55:16.527 [  FINER] [    FXGL.AssetLoader] [FXGL Init Thread] Loading from cache: /assets/textures/enemyReduced1.png
18 Mar 2016, 18:55:16.528 [  FINER] [    FXGL.AssetLoader] [FXGL Init Thread] Loading from cache: /assets/textures/enemyReduced2.png
18 Mar 2016, 18:55:16.530 [  FINER] [    FXGL.AssetLoader] [FXGL Init Thread] Loading from cache: /assets/textures/enemyReduced1.png
18 Mar 2016, 18:55:16.531 [  FINER] [    FXGL.AssetLoader] [FXGL Init Thread] Loading from cache: /assets/textures/enemyReduced2.png
18 Mar 2016, 18:55:16.532 [  FINER] [    FXGL.AssetLoader] [FXGL Init Thread] Loading from cache: /assets/textures/enemyReduced2.png
18 Mar 2016, 18:55:16.533 [  FINER] [    FXGL.AssetLoader] [FXGL Init Thread] Loading from cache: /assets/textures/enemyReduced2.png
18 Mar 2016, 18:55:16.535 [  FINER] [    FXGL.AssetLoader] [FXGL Init Thread] Loading from cache: /assets/textures/enemyReduced3.png
18 Mar 2016, 18:55:16.536 [  FINER] [    FXGL.AssetLoader] [FXGL Init Thread] Loading from cache: /assets/textures/enemyReduced3.png
18 Mar 2016, 18:55:16.538 [  FINER] [    FXGL.AssetLoader] [FXGL Init Thread] Loading from cache: /assets/textures/enemyReduced1.png
18 Mar 2016, 18:55:16.540 [  FINER] [    FXGL.AssetLoader] [FXGL Init Thread] Loading from cache: /assets/textures/enemyReduced2.png
18 Mar 2016, 18:55:16.542 [  FINER] [    FXGL.AssetLoader] [FXGL Init Thread] Loading from cache: /assets/textures/enemyReduced2.png
18 Mar 2016, 18:55:16.544 [  FINER] [    FXGL.AssetLoader] [FXGL Init Thread] Loading from cache: /assets/textures/enemyReduced3.png
18 Mar 2016, 18:55:16.545 [  FINER] [    FXGL.AssetLoader] [FXGL Init Thread] Loading from cache: /assets/textures/enemyReduced3.png
18 Mar 2016, 18:55:16.546 [  FINER] [    FXGL.AssetLoader] [FXGL Init Thread] Loading from cache: /assets/textures/enemyReduced2.png
18 Mar 2016, 18:55:16.548 [  FINER] [    FXGL.AssetLoader] [FXGL Init Thread] Loading from cache: /assets/textures/enemyReduced2.png
18 Mar 2016, 18:55:16.549 [  FINER] [    FXGL.AssetLoader] [FXGL Init Thread] Loading from cache: /assets/textures/enemyReduced3.png
18 Mar 2016, 18:55:16.550 [  FINER] [    FXGL.AssetLoader] [FXGL Init Thread] Loading from cache: /assets/textures/enemyReduced3.png
18 Mar 2016, 18:55:16.552 [  FINER] [    FXGL.AssetLoader] [FXGL Init Thread] Loading from cache: /assets/textures/enemyReduced2.png
18 Mar 2016, 18:55:16.553 [  FINER] [    FXGL.AssetLoader] [FXGL Init Thread] Loading from cache: /assets/textures/enemyReduced3.png
18 Mar 2016, 18:55:16.554 [  FINER] [    FXGL.Application] [FXGL Init Thread] Initializing Physics
18 Mar 2016, 18:55:16.555 [  FINER] [    FXGL.Application] [FXGL Init Thread] Initializing UI
18 Mar 2016, 18:55:16.562 [  FINER] [    FXGL.Application] [FXGL Init Thread] Initialization Complete
18 Mar 2016, 18:55:16.684 [  FINER] [    FXGL.Application] [JavaFX Application Thread] Showing stage
18 Mar 2016, 18:55:16.684 [  FINER] [    FXGL.Application] [JavaFX Application Thread] Root size: 369.0x738.0
18 Mar 2016, 18:55:16.685 [  FINER] [    FXGL.Application] [JavaFX Application Thread] Scene size: 369.0x738.0
18 Mar 2016, 18:55:16.685 [  FINER] [    FXGL.Application] [JavaFX Application Thread] Stage size: 375.0x766.0
18 Mar 2016, 18:55:16.710 [  FINER] [       FXGL.EventBus] [JavaFX Application Thread] Firing event: FXGLEvent[type=INIT_APP_COMPLETE]
18 Mar 2016, 18:55:16.710 [  FINER] [    FXGL.Application] [JavaFX Application Thread] Resuming main loop
18 Mar 2016, 18:55:16.711 [  FINER] [       FXGL.EventBus] [JavaFX Application Thread] Firing event: FXGLEvent[type=RESUME]
18 Mar 2016, 18:55:16.711 [  FINER] [          FXGL.Input] [JavaFX Application Thread] Clearing active input actions
18 Mar 2016, 18:55:16.711 [  FINER] [    FXGL.MasterTimer] [JavaFX Application Thread] Starting master timer
18 Mar 2016, 18:55:16.711 [  FINER] [    FXGL.Application] [JavaFX Application Thread] State: LOADING -> PLAYING
18 Mar 2016, 18:55:16.724 [  FINER] [       FXGL.EventBus] [JavaFX Application Thread] Firing event: WorldEvent[type=ENTITY_ADDED]
18 Mar 2016, 18:55:16.724 [  FINER] [      FXGL.GameScene] [JavaFX Application Thread] Entity added to scene
18 Mar 2016, 18:55:16.725 [  FINER] [      FXGL.GameScene] [JavaFX Application Thread] Added MainViewComponent
18 Mar 2016, 18:55:16.727 [  FINER] [      FXGL.GameScene] [JavaFX Application Thread] Creating render group for layer: TOP(2147483647)
18 Mar 2016, 18:55:16.734 [  FINER] [       FXGL.EventBus] [JavaFX Application Thread] Firing event: WorldEvent[type=ENTITY_ADDED]
18 Mar 2016, 18:55:16.734 [  FINER] [      FXGL.GameScene] [JavaFX Application Thread] Entity added to scene
18 Mar 2016, 18:55:16.735 [  FINER] [      FXGL.GameScene] [JavaFX Application Thread] Added MainViewComponent
18 Mar 2016, 18:55:16.735 [  FINER] [       FXGL.EventBus] [JavaFX Application Thread] Firing event: WorldEvent[type=ENTITY_ADDED]
18 Mar 2016, 18:55:16.735 [  FINER] [      FXGL.GameScene] [JavaFX Application Thread] Entity added to scene
18 Mar 2016, 18:55:16.736 [  FINER] [      FXGL.GameScene] [JavaFX Application Thread] Added MainViewComponent
18 Mar 2016, 18:55:16.736 [  FINER] [       FXGL.EventBus] [JavaFX Application Thread] Firing event: WorldEvent[type=ENTITY_ADDED]
18 Mar 2016, 18:55:16.736 [  FINER] [      FXGL.GameScene] [JavaFX Application Thread] Entity added to scene
18 Mar 2016, 18:55:16.736 [  FINER] [      FXGL.GameScene] [JavaFX Application Thread] Added MainViewComponent
18 Mar 2016, 18:55:16.737 [  FINER] [       FXGL.EventBus] [JavaFX Application Thread] Firing event: WorldEvent[type=ENTITY_ADDED]
18 Mar 2016, 18:55:16.737 [  FINER] [      FXGL.GameScene] [JavaFX Application Thread] Entity added to scene
18 Mar 2016, 18:55:16.737 [  FINER] [      FXGL.GameScene] [JavaFX Application Thread] Added MainViewComponent
18 Mar 2016, 18:55:16.738 [  FINER] [       FXGL.EventBus] [JavaFX Application Thread] Firing event: WorldEvent[type=ENTITY_ADDED]
18 Mar 2016, 18:55:16.738 [  FINER] [      FXGL.GameScene] [JavaFX Application Thread] Entity added to scene
18 Mar 2016, 18:55:16.738 [  FINER] [      FXGL.GameScene] [JavaFX Application Thread] Added MainViewComponent
18 Mar 2016, 18:55:16.738 [  FINER] [       FXGL.EventBus] [JavaFX Application Thread] Firing event: WorldEvent[type=ENTITY_ADDED]
18 Mar 2016, 18:55:16.739 [  FINER] [      FXGL.GameScene] [JavaFX Application Thread] Entity added to scene
18 Mar 2016, 18:55:16.739 [  FINER] [      FXGL.GameScene] [JavaFX Application Thread] Added MainViewComponent
18 Mar 2016, 18:55:16.739 [  FINER] [       FXGL.EventBus] [JavaFX Application Thread] Firing event: WorldEvent[type=ENTITY_ADDED]
18 Mar 2016, 18:55:16.739 [  FINER] [      FXGL.GameScene] [JavaFX Application Thread] Entity added to scene
18 Mar 2016, 18:55:16.740 [  FINER] [      FXGL.GameScene] [JavaFX Application Thread] Added MainViewComponent
18 Mar 2016, 18:55:16.740 [  FINER] [       FXGL.EventBus] [JavaFX Application Thread] Firing event: WorldEvent[type=ENTITY_ADDED]
18 Mar 2016, 18:55:16.740 [  FINER] [      FXGL.GameScene] [JavaFX Application Thread] Entity added to scene
18 Mar 2016, 18:55:16.740 [  FINER] [      FXGL.GameScene] [JavaFX Application Thread] Added MainViewComponent
18 Mar 2016, 18:55:16.741 [  FINER] [       FXGL.EventBus] [JavaFX Application Thread] Firing event: WorldEvent[type=ENTITY_ADDED]
18 Mar 2016, 18:55:16.741 [  FINER] [      FXGL.GameScene] [JavaFX Application Thread] Entity added to scene
18 Mar 2016, 18:55:16.741 [  FINER] [      FXGL.GameScene] [JavaFX Application Thread] Added MainViewComponent
18 Mar 2016, 18:55:16.742 [  FINER] [       FXGL.EventBus] [JavaFX Application Thread] Firing event: WorldEvent[type=ENTITY_ADDED]
18 Mar 2016, 18:55:16.742 [  FINER] [      FXGL.GameScene] [JavaFX Application Thread] Entity added to scene
18 Mar 2016, 18:55:16.742 [  FINER] [      FXGL.GameScene] [JavaFX Application Thread] Added MainViewComponent
18 Mar 2016, 18:55:16.742 [  FINER] [       FXGL.EventBus] [JavaFX Application Thread] Firing event: WorldEvent[type=ENTITY_ADDED]
18 Mar 2016, 18:55:16.742 [  FINER] [      FXGL.GameScene] [JavaFX Application Thread] Entity added to scene
18 Mar 2016, 18:55:16.743 [  FINER] [      FXGL.GameScene] [JavaFX Application Thread] Added MainViewComponent
18 Mar 2016, 18:55:16.743 [  FINER] [       FXGL.EventBus] [JavaFX Application Thread] Firing event: WorldEvent[type=ENTITY_ADDED]
18 Mar 2016, 18:55:16.743 [  FINER] [      FXGL.GameScene] [JavaFX Application Thread] Entity added to scene
18 Mar 2016, 18:55:16.743 [  FINER] [      FXGL.GameScene] [JavaFX Application Thread] Added MainViewComponent
18 Mar 2016, 18:55:16.744 [  FINER] [       FXGL.EventBus] [JavaFX Application Thread] Firing event: WorldEvent[type=ENTITY_ADDED]
18 Mar 2016, 18:55:16.744 [  FINER] [      FXGL.GameScene] [JavaFX Application Thread] Entity added to scene
18 Mar 2016, 18:55:16.744 [  FINER] [      FXGL.GameScene] [JavaFX Application Thread] Added MainViewComponent
18 Mar 2016, 18:55:16.745 [  FINER] [       FXGL.EventBus] [JavaFX Application Thread] Firing event: WorldEvent[type=ENTITY_ADDED]
18 Mar 2016, 18:55:16.745 [  FINER] [      FXGL.GameScene] [JavaFX Application Thread] Entity added to scene
18 Mar 2016, 18:55:16.745 [  FINER] [      FXGL.GameScene] [JavaFX Application Thread] Added MainViewComponent
18 Mar 2016, 18:55:16.746 [  FINER] [       FXGL.EventBus] [JavaFX Application Thread] Firing event: WorldEvent[type=ENTITY_ADDED]
18 Mar 2016, 18:55:16.746 [  FINER] [      FXGL.GameScene] [JavaFX Application Thread] Entity added to scene
18 Mar 2016, 18:55:16.746 [  FINER] [      FXGL.GameScene] [JavaFX Application Thread] Added MainViewComponent
18 Mar 2016, 18:55:16.746 [  FINER] [       FXGL.EventBus] [JavaFX Application Thread] Firing event: WorldEvent[type=ENTITY_ADDED]
18 Mar 2016, 18:55:16.747 [  FINER] [      FXGL.GameScene] [JavaFX Application Thread] Entity added to scene
18 Mar 2016, 18:55:16.747 [  FINER] [      FXGL.GameScene] [JavaFX Application Thread] Added MainViewComponent
18 Mar 2016, 18:55:16.747 [  FINER] [       FXGL.EventBus] [JavaFX Application Thread] Firing event: WorldEvent[type=ENTITY_ADDED]
18 Mar 2016, 18:55:16.747 [  FINER] [      FXGL.GameScene] [JavaFX Application Thread] Entity added to scene
18 Mar 2016, 18:55:16.748 [  FINER] [      FXGL.GameScene] [JavaFX Application Thread] Added MainViewComponent
18 Mar 2016, 18:55:16.748 [  FINER] [       FXGL.EventBus] [JavaFX Application Thread] Firing event: WorldEvent[type=ENTITY_ADDED]
18 Mar 2016, 18:55:16.748 [  FINER] [      FXGL.GameScene] [JavaFX Application Thread] Entity added to scene
18 Mar 2016, 18:55:16.748 [  FINER] [      FXGL.GameScene] [JavaFX Application Thread] Added MainViewComponent
18 Mar 2016, 18:55:16.749 [  FINER] [       FXGL.EventBus] [JavaFX Application Thread] Firing event: WorldEvent[type=ENTITY_ADDED]
18 Mar 2016, 18:55:16.749 [  FINER] [      FXGL.GameScene] [JavaFX Application Thread] Entity added to scene
18 Mar 2016, 18:55:16.749 [  FINER] [      FXGL.GameScene] [JavaFX Application Thread] Added MainViewComponent
18 Mar 2016, 18:55:16.749 [  FINER] [       FXGL.EventBus] [JavaFX Application Thread] Firing event: WorldEvent[type=ENTITY_ADDED]
18 Mar 2016, 18:55:16.749 [  FINER] [      FXGL.GameScene] [JavaFX Application Thread] Entity added to scene
18 Mar 2016, 18:55:16.750 [  FINER] [      FXGL.GameScene] [JavaFX Application Thread] Added MainViewComponent
18 Mar 2016, 18:55:16.750 [  FINER] [       FXGL.EventBus] [JavaFX Application Thread] Firing event: WorldEvent[type=ENTITY_ADDED]
18 Mar 2016, 18:55:16.750 [  FINER] [      FXGL.GameScene] [JavaFX Application Thread] Entity added to scene
18 Mar 2016, 18:55:16.750 [  FINER] [      FXGL.GameScene] [JavaFX Application Thread] Added MainViewComponent
18 Mar 2016, 18:55:16.751 [  FINER] [       FXGL.EventBus] [JavaFX Application Thread] Firing event: WorldEvent[type=ENTITY_ADDED]
18 Mar 2016, 18:55:16.751 [  FINER] [      FXGL.GameScene] [JavaFX Application Thread] Entity added to scene
18 Mar 2016, 18:55:16.751 [  FINER] [      FXGL.GameScene] [JavaFX Application Thread] Added MainViewComponent
18 Mar 2016, 18:55:16.751 [  FINER] [       FXGL.EventBus] [JavaFX Application Thread] Firing event: WorldEvent[type=ENTITY_ADDED]
18 Mar 2016, 18:55:16.752 [  FINER] [      FXGL.GameScene] [JavaFX Application Thread] Entity added to scene
18 Mar 2016, 18:55:16.752 [  FINER] [      FXGL.GameScene] [JavaFX Application Thread] Added MainViewComponent
18 Mar 2016, 18:55:16.752 [  FINER] [       FXGL.EventBus] [JavaFX Application Thread] Firing event: WorldEvent[type=ENTITY_ADDED]
18 Mar 2016, 18:55:16.752 [  FINER] [      FXGL.GameScene] [JavaFX Application Thread] Entity added to scene
18 Mar 2016, 18:55:16.752 [  FINER] [      FXGL.GameScene] [JavaFX Application Thread] Added MainViewComponent
18 Mar 2016, 18:55:16.753 [  FINER] [       FXGL.EventBus] [JavaFX Application Thread] Firing event: WorldEvent[type=ENTITY_ADDED]
18 Mar 2016, 18:55:16.753 [  FINER] [      FXGL.GameScene] [JavaFX Application Thread] Entity added to scene
18 Mar 2016, 18:55:16.753 [  FINER] [      FXGL.GameScene] [JavaFX Application Thread] Added MainViewComponent
18 Mar 2016, 18:55:16.753 [  FINER] [       FXGL.EventBus] [JavaFX Application Thread] Firing event: WorldEvent[type=ENTITY_ADDED]
18 Mar 2016, 18:55:16.754 [  FINER] [      FXGL.GameScene] [JavaFX Application Thread] Entity added to scene
18 Mar 2016, 18:55:16.754 [  FINER] [      FXGL.GameScene] [JavaFX Application Thread] Added MainViewComponent
18 Mar 2016, 18:55:16.754 [  FINER] [       FXGL.EventBus] [JavaFX Application Thread] Firing event: WorldEvent[type=ENTITY_ADDED]
18 Mar 2016, 18:55:16.754 [  FINER] [      FXGL.GameScene] [JavaFX Application Thread] Entity added to scene
18 Mar 2016, 18:55:16.754 [  FINER] [      FXGL.GameScene] [JavaFX Application Thread] Added MainViewComponent
18 Mar 2016, 18:55:16.755 [  FINER] [       FXGL.EventBus] [JavaFX Application Thread] Firing event: WorldEvent[type=ENTITY_ADDED]
18 Mar 2016, 18:55:16.755 [  FINER] [      FXGL.GameScene] [JavaFX Application Thread] Entity added to scene
18 Mar 2016, 18:55:16.755 [  FINER] [      FXGL.GameScene] [JavaFX Application Thread] Added MainViewComponent
18 Mar 2016, 18:55:16.756 [  FINER] [       FXGL.EventBus] [JavaFX Application Thread] Firing event: WorldEvent[type=ENTITY_ADDED]
18 Mar 2016, 18:55:16.756 [  FINER] [      FXGL.GameScene] [JavaFX Application Thread] Entity added to scene
18 Mar 2016, 18:55:16.757 [  FINER] [      FXGL.GameScene] [JavaFX Application Thread] Added MainViewComponent
18 Mar 2016, 18:55:16.757 [  FINER] [       FXGL.EventBus] [JavaFX Application Thread] Firing event: WorldEvent[type=ENTITY_ADDED]
18 Mar 2016, 18:55:16.758 [  FINER] [      FXGL.GameScene] [JavaFX Application Thread] Entity added to scene
18 Mar 2016, 18:55:16.758 [  FINER] [      FXGL.GameScene] [JavaFX Application Thread] Added MainViewComponent
18 Mar 2016, 18:55:16.758 [  FINER] [       FXGL.EventBus] [JavaFX Application Thread] Firing event: WorldEvent[type=ENTITY_ADDED]
18 Mar 2016, 18:55:16.759 [  FINER] [      FXGL.GameScene] [JavaFX Application Thread] Entity added to scene
18 Mar 2016, 18:55:16.759 [  FINER] [      FXGL.GameScene] [JavaFX Application Thread] Added MainViewComponent
18 Mar 2016, 18:55:16.759 [  FINER] [       FXGL.EventBus] [JavaFX Application Thread] Firing event: WorldEvent[type=ENTITY_ADDED]
18 Mar 2016, 18:55:16.760 [  FINER] [      FXGL.GameScene] [JavaFX Application Thread] Entity added to scene
18 Mar 2016, 18:55:16.760 [  FINER] [      FXGL.GameScene] [JavaFX Application Thread] Added MainViewComponent
18 Mar 2016, 18:55:16.760 [  FINER] [       FXGL.EventBus] [JavaFX Application Thread] Firing event: WorldEvent[type=ENTITY_ADDED]
18 Mar 2016, 18:55:16.760 [  FINER] [      FXGL.GameScene] [JavaFX Application Thread] Entity added to scene
18 Mar 2016, 18:55:16.761 [  FINER] [      FXGL.GameScene] [JavaFX Application Thread] Added MainViewComponent
18 Mar 2016, 18:55:16.761 [  FINER] [       FXGL.EventBus] [JavaFX Application Thread] Firing event: WorldEvent[type=ENTITY_ADDED]
18 Mar 2016, 18:55:16.761 [  FINER] [      FXGL.GameScene] [JavaFX Application Thread] Entity added to scene
18 Mar 2016, 18:55:16.762 [  FINER] [      FXGL.GameScene] [JavaFX Application Thread] Added MainViewComponent
18 Mar 2016, 18:55:16.762 [  FINER] [       FXGL.EventBus] [JavaFX Application Thread] Firing event: WorldEvent[type=ENTITY_ADDED]
18 Mar 2016, 18:55:16.762 [  FINER] [      FXGL.GameScene] [JavaFX Application Thread] Entity added to scene
18 Mar 2016, 18:55:16.762 [  FINER] [      FXGL.GameScene] [JavaFX Application Thread] Added MainViewComponent
18 Mar 2016, 18:55:16.763 [  FINER] [       FXGL.EventBus] [JavaFX Application Thread] Firing event: WorldEvent[type=ENTITY_ADDED]
18 Mar 2016, 18:55:16.763 [  FINER] [      FXGL.GameScene] [JavaFX Application Thread] Entity added to scene
18 Mar 2016, 18:55:16.763 [  FINER] [      FXGL.GameScene] [JavaFX Application Thread] Added MainViewComponent
18 Mar 2016, 18:55:16.764 [  FINER] [       FXGL.EventBus] [JavaFX Application Thread] Firing event: WorldEvent[type=ENTITY_ADDED]
18 Mar 2016, 18:55:16.764 [  FINER] [      FXGL.GameScene] [JavaFX Application Thread] Entity added to scene
18 Mar 2016, 18:55:16.764 [  FINER] [      FXGL.GameScene] [JavaFX Application Thread] Added MainViewComponent
18 Mar 2016, 18:55:16.765 [  FINER] [       FXGL.EventBus] [JavaFX Application Thread] Firing event: WorldEvent[type=ENTITY_ADDED]
18 Mar 2016, 18:55:16.765 [  FINER] [      FXGL.GameScene] [JavaFX Application Thread] Entity added to scene
18 Mar 2016, 18:55:16.765 [  FINER] [      FXGL.GameScene] [JavaFX Application Thread] Added MainViewComponent
18 Mar 2016, 18:55:16.766 [  FINER] [       FXGL.EventBus] [JavaFX Application Thread] Firing event: WorldEvent[type=ENTITY_ADDED]
18 Mar 2016, 18:55:16.766 [  FINER] [      FXGL.GameScene] [JavaFX Application Thread] Entity added to scene
18 Mar 2016, 18:55:16.766 [  FINER] [      FXGL.GameScene] [JavaFX Application Thread] Added MainViewComponent
18 Mar 2016, 18:55:16.767 [  FINER] [       FXGL.EventBus] [JavaFX Application Thread] Firing event: WorldEvent[type=ENTITY_ADDED]
18 Mar 2016, 18:55:16.767 [  FINER] [      FXGL.GameScene] [JavaFX Application Thread] Entity added to scene
18 Mar 2016, 18:55:16.767 [  FINER] [      FXGL.GameScene] [JavaFX Application Thread] Added MainViewComponent
18 Mar 2016, 18:55:16.767 [  FINER] [       FXGL.EventBus] [JavaFX Application Thread] Firing event: WorldEvent[type=ENTITY_ADDED]
18 Mar 2016, 18:55:16.767 [  FINER] [      FXGL.GameScene] [JavaFX Application Thread] Entity added to scene
18 Mar 2016, 18:55:16.768 [  FINER] [      FXGL.GameScene] [JavaFX Application Thread] Added MainViewComponent
18 Mar 2016, 18:55:16.768 [  FINER] [       FXGL.EventBus] [JavaFX Application Thread] Firing event: WorldEvent[type=ENTITY_ADDED]
18 Mar 2016, 18:55:16.768 [  FINER] [      FXGL.GameScene] [JavaFX Application Thread] Entity added to scene
18 Mar 2016, 18:55:16.768 [  FINER] [      FXGL.GameScene] [JavaFX Application Thread] Added MainViewComponent
18 Mar 2016, 18:55:16.769 [  FINER] [       FXGL.EventBus] [JavaFX Application Thread] Firing event: WorldEvent[type=ENTITY_ADDED]
18 Mar 2016, 18:55:16.769 [  FINER] [      FXGL.GameScene] [JavaFX Application Thread] Entity added to scene
18 Mar 2016, 18:55:16.769 [  FINER] [      FXGL.GameScene] [JavaFX Application Thread] Added MainViewComponent
18 Mar 2016, 18:55:16.769 [  FINER] [       FXGL.EventBus] [JavaFX Application Thread] Firing event: WorldEvent[type=ENTITY_ADDED]
18 Mar 2016, 18:55:16.770 [  FINER] [      FXGL.GameScene] [JavaFX Application Thread] Entity added to scene
18 Mar 2016, 18:55:16.770 [  FINER] [      FXGL.GameScene] [JavaFX Application Thread] Added MainViewComponent
18 Mar 2016, 18:55:16.771 [  FINER] [       FXGL.EventBus] [JavaFX Application Thread] Firing event: WorldEvent[type=ENTITY_ADDED]
18 Mar 2016, 18:55:16.771 [  FINER] [      FXGL.GameScene] [JavaFX Application Thread] Entity added to scene
18 Mar 2016, 18:55:16.771 [  FINER] [      FXGL.GameScene] [JavaFX Application Thread] Added MainViewComponent
18 Mar 2016, 18:55:16.772 [  FINER] [       FXGL.EventBus] [JavaFX Application Thread] Firing event: WorldEvent[type=ENTITY_ADDED]
18 Mar 2016, 18:55:16.772 [  FINER] [      FXGL.GameScene] [JavaFX Application Thread] Entity added to scene
18 Mar 2016, 18:55:16.772 [  FINER] [      FXGL.GameScene] [JavaFX Application Thread] Added MainViewComponent
18 Mar 2016, 18:55:16.772 [  FINER] [       FXGL.EventBus] [JavaFX Application Thread] Firing event: WorldEvent[type=ENTITY_ADDED]
18 Mar 2016, 18:55:16.772 [  FINER] [      FXGL.GameScene] [JavaFX Application Thread] Entity added to scene
18 Mar 2016, 18:55:16.773 [  FINER] [      FXGL.GameScene] [JavaFX Application Thread] Added MainViewComponent
18 Mar 2016, 18:55:16.773 [  FINER] [       FXGL.EventBus] [JavaFX Application Thread] Firing event: WorldEvent[type=ENTITY_ADDED]
18 Mar 2016, 18:55:16.773 [  FINER] [      FXGL.GameScene] [JavaFX Application Thread] Entity added to scene
18 Mar 2016, 18:55:16.773 [  FINER] [      FXGL.GameScene] [JavaFX Application Thread] Added MainViewComponent
18 Mar 2016, 18:55:16.773 [  FINER] [       FXGL.EventBus] [JavaFX Application Thread] Firing event: WorldEvent[type=ENTITY_ADDED]
18 Mar 2016, 18:55:16.774 [  FINER] [      FXGL.GameScene] [JavaFX Application Thread] Entity added to scene
18 Mar 2016, 18:55:16.774 [  FINER] [      FXGL.GameScene] [JavaFX Application Thread] Added MainViewComponent
18 Mar 2016, 18:55:19.030 [  FINER] [       FXGL.EventBus] [JavaFX Application Thread] Firing event: DisplayEvent[type=DIALOG_OPENED]
18 Mar 2016, 18:55:19.031 [  FINER] [    FXGL.Application] [JavaFX Application Thread] Pausing main loop
18 Mar 2016, 18:55:19.037 [  FINER] [       FXGL.EventBus] [JavaFX Application Thread] Firing event: FXGLEvent[type=PAUSE]
18 Mar 2016, 18:55:19.037 [  FINER] [          FXGL.Input] [JavaFX Application Thread] Clearing active input actions
18 Mar 2016, 18:55:19.037 [  FINER] [    FXGL.MasterTimer] [JavaFX Application Thread] Stopping master timer
18 Mar 2016, 18:55:19.037 [  FINER] [    FXGL.Application] [JavaFX Application Thread] State: PLAYING -> PAUSED
18 Mar 2016, 18:55:19.038 [  FINER] [          FXGL.Input] [JavaFX Application Thread] Clearing active input actions
18 Mar 2016, 18:55:19.963 [  FINER] [       FXGL.EventBus] [JavaFX Application Thread] Firing event: DisplayEvent[type=DIALOG_CLOSED]
18 Mar 2016, 18:55:19.963 [  FINER] [    FXGL.Application] [JavaFX Application Thread] Resuming main loop
18 Mar 2016, 18:55:19.964 [  FINER] [       FXGL.EventBus] [JavaFX Application Thread] Firing event: FXGLEvent[type=RESUME]
18 Mar 2016, 18:55:19.964 [  FINER] [          FXGL.Input] [JavaFX Application Thread] Clearing active input actions
18 Mar 2016, 18:55:19.964 [  FINER] [    FXGL.MasterTimer] [JavaFX Application Thread] Starting master timer
18 Mar 2016, 18:55:19.964 [  FINER] [    FXGL.Application] [JavaFX Application Thread] State: PAUSED -> PLAYING
18 Mar 2016, 18:55:19.964 [  FINER] [       FXGL.EventBus] [JavaFX Application Thread] Firing event: DisplayEvent[type=CLOSE_REQUEST]
18 Mar 2016, 18:55:19.965 [  FINER] [    FXGL.Application] [JavaFX Application Thread] Exiting Normally
18 Mar 2016, 18:55:19.965 [  FINER] [       FXGL.EventBus] [JavaFX Application Thread] Firing event: FXGLEvent[type=EXIT]
18 Mar 2016, 18:55:19.965 [  FINER] [         FXGL.Logger] [JavaFX Application Thread] Logger is closing
