31 Mar 2016, 18:36:01.924 [   INFO] [         FXGL.Logger] [JavaFX Application Thread] Logger initialized with level: CONFIG
31 Mar 2016, 18:36:01.929 [  FINER] [         FXGL.Logger] [JavaFX Application Thread] CPU cores: 4
31 Mar 2016, 18:36:01.933 [  FINER] [         FXGL.Logger] [JavaFX Application Thread] Free Memory: 107MB
31 Mar 2016, 18:36:01.934 [  FINER] [         FXGL.Logger] [JavaFX Application Thread] Max Memory: 1755MB
31 Mar 2016, 18:36:01.934 [  FINER] [         FXGL.Logger] [JavaFX Application Thread] Total Memory: 119MB
31 Mar 2016, 18:36:01.934 [  FINER] [         FXGL.Logger] [JavaFX Application Thread] System Properties:
31 Mar 2016, 18:36:01.935 [  FINER] [         FXGL.Logger] [JavaFX Application Thread] sun.cpu.isalist=amd64
31 Mar 2016, 18:36:01.936 [  FINER] [         FXGL.Logger] [JavaFX Application Thread] sun.desktop=windows
31 Mar 2016, 18:36:01.936 [  FINER] [         FXGL.Logger] [JavaFX Application Thread] sun.io.unicode.encoding=UnicodeLittle
31 Mar 2016, 18:36:01.936 [  FINER] [         FXGL.Logger] [JavaFX Application Thread] sun.cpu.endian=little
31 Mar 2016, 18:36:01.937 [  FINER] [         FXGL.Logger] [JavaFX Application Thread] java.vendor.url.bug=http://bugreport.sun.com/bugreport/
31 Mar 2016, 18:36:01.938 [  FINER] [         FXGL.Logger] [JavaFX Application Thread] file.separator=\
31 Mar 2016, 18:36:01.938 [  FINER] [         FXGL.Logger] [JavaFX Application Thread] java.vendor=Oracle Corporation
31 Mar 2016, 18:36:01.939 [  FINER] [         FXGL.Logger] [JavaFX Application Thread] sun.boot.class.path=C:\Program Files\Java\jre1.8.0_73\lib\resources.jar;C:\Program Files\Java\jre1.8.0_73\lib\rt.jar;C:\Program Files\Java\jre1.8.0_73\lib\sunrsasign.jar;C:\Program Files\Java\jre1.8.0_73\lib\jsse.jar;C:\Program Files\Java\jre1.8.0_73\lib\jce.jar;C:\Program Files\Java\jre1.8.0_73\lib\charsets.jar;C:\Program Files\Java\jre1.8.0_73\lib\jfr.jar;C:\Program Files\Java\jre1.8.0_73\classes
31 Mar 2016, 18:36:01.939 [  FINER] [         FXGL.Logger] [JavaFX Application Thread] java.ext.dirs=C:\Program Files\Java\jre1.8.0_73\lib\ext;C:\Windows\Sun\Java\lib\ext
31 Mar 2016, 18:36:01.939 [  FINER] [         FXGL.Logger] [JavaFX Application Thread] java.version=1.8.0_73
31 Mar 2016, 18:36:01.940 [  FINER] [         FXGL.Logger] [JavaFX Application Thread] java.vm.info=mixed mode
31 Mar 2016, 18:36:01.940 [  FINER] [         FXGL.Logger] [JavaFX Application Thread] awt.toolkit=sun.awt.windows.WToolkit
31 Mar 2016, 18:36:01.941 [  FINER] [         FXGL.Logger] [JavaFX Application Thread] user.language=en
31 Mar 2016, 18:36:01.941 [  FINER] [         FXGL.Logger] [JavaFX Application Thread] java.specification.vendor=Oracle Corporation
31 Mar 2016, 18:36:01.941 [  FINER] [         FXGL.Logger] [JavaFX Application Thread] sun.java.command=SpaceInvaders.SpaceInvadersApp
31 Mar 2016, 18:36:01.942 [  FINER] [         FXGL.Logger] [JavaFX Application Thread] java.home=C:\Program Files\Java\jre1.8.0_73
31 Mar 2016, 18:36:01.942 [  FINER] [         FXGL.Logger] [JavaFX Application Thread] sun.arch.data.model=64
31 Mar 2016, 18:36:01.942 [  FINER] [         FXGL.Logger] [JavaFX Application Thread] java.vm.specification.version=1.8
31 Mar 2016, 18:36:01.943 [  FINER] [         FXGL.Logger] [JavaFX Application Thread] java.class.path=D:\SpaceInvaders\target\classes;C:\Program Files\eclipse\plugins\org.junit_4.12.0.v201504281640\junit.jar;C:\Program Files\eclipse\plugins\org.hamcrest.core_1.3.0.v201303031735.jar;C:\Users\Anwar Saleeby\.m2\repository\com\github\AlmasB\FXGL\0.2.1-0.2.0-gba5970d-32\FXGL-0.2.1-0.2.0-gba5970d-32.jar;C:\Users\Anwar Saleeby\.m2\repository\com\google\inject\guice\4.0\guice-4.0.jar;C:\Users\Anwar Saleeby\.m2\repository\javax\inject\javax.inject\1\javax.inject-1.jar;C:\Users\Anwar Saleeby\.m2\repository\aopalliance\aopalliance\1.0\aopalliance-1.0.jar;C:\Users\Anwar Saleeby\.m2\repository\com\google\guava\guava\16.0.1\guava-16.0.1.jar;C:\Users\Anwar Saleeby\.m2\repository\org\jfxtras\jfxtras-window\8.0-r4\jfxtras-window-8.0-r4.jar;C:\Users\Anwar Saleeby\.m2\repository\org\jfxtras\jfxtras-common\8.0-r4\jfxtras-common-8.0-r4.jar;C:\Users\Anwar Saleeby\.m2\repository\com\github\AlmasB\FXEventBus\1.0\FXEventBus-1.0.jar;C:\Users\Anwar Saleeby\.m2\repository\com\github\AlmasB\Ents\1.0\Ents-1.0.jar;C:\Users\Anwar Saleeby\.m2\repository\org\apache\logging\log4j\log4j-api\2.5\log4j-api-2.5.jar;C:\Users\Anwar Saleeby\.m2\repository\org\apache\logging\log4j\log4j-core\2.5\log4j-core-2.5.jar;C:\Users\Anwar Saleeby\.m2\repository\com\github\AlmasB\AStar\1.0\AStar-1.0.jar
31 Mar 2016, 18:36:01.943 [  FINER] [         FXGL.Logger] [JavaFX Application Thread] user.name=Anwar Saleeby
31 Mar 2016, 18:36:01.943 [  FINER] [         FXGL.Logger] [JavaFX Application Thread] file.encoding=UTF-8
31 Mar 2016, 18:36:01.944 [  FINER] [         FXGL.Logger] [JavaFX Application Thread] java.specification.version=1.8
31 Mar 2016, 18:36:01.944 [  FINER] [         FXGL.Logger] [JavaFX Application Thread] java.awt.printerjob=sun.awt.windows.WPrinterJob
31 Mar 2016, 18:36:01.946 [  FINER] [         FXGL.Logger] [JavaFX Application Thread] user.timezone=America/New_York
31 Mar 2016, 18:36:01.946 [  FINER] [         FXGL.Logger] [JavaFX Application Thread] user.home=C:\Users\Anwar Saleeby
31 Mar 2016, 18:36:01.947 [  FINER] [         FXGL.Logger] [JavaFX Application Thread] os.version=10.0
31 Mar 2016, 18:36:01.948 [  FINER] [         FXGL.Logger] [JavaFX Application Thread] sun.management.compiler=HotSpot 64-Bit Tiered Compilers
31 Mar 2016, 18:36:01.949 [  FINER] [         FXGL.Logger] [JavaFX Application Thread] java.specification.name=Java Platform API Specification
31 Mar 2016, 18:36:01.950 [  FINER] [         FXGL.Logger] [JavaFX Application Thread] java.class.version=52.0
31 Mar 2016, 18:36:01.951 [  FINER] [         FXGL.Logger] [JavaFX Application Thread] java.library.path=C:\Program Files\Java\jre1.8.0_73\bin;C:\Windows\Sun\Java\bin;C:\Windows\system32;C:\Windows;C:/Program Files/Java/jre1.8.0_73/bin/server;C:/Program Files/Java/jre1.8.0_73/bin;C:/Program Files/Java/jre1.8.0_73/lib/amd64;C:\oraclexe\app\oracle\product\11.2.0\server\bin;C:\ProgramData\Oracle\Java\javapath;C:\Windows\system32;C:\Windows;C:\Windows\System32\Wbem;C:\Windows\System32\WindowsPowerShell\v1.0\;C:\Program Files\nodejs\;C:\Program Files\Git\cmd;C:\Users\Anwar Saleeby\AppData\Local\Programs\Python\Python35\Scripts\;C:\Users\Anwar Saleeby\AppData\Local\Programs\Python\Python35\;C:\Users\Anwar Saleeby\AppData\Roaming\npm;C:\Program Files\MongoDB\Server\3.2\bin;C:\Program Files\Git;C:\Program Files\eclipse;;.
31 Mar 2016, 18:36:01.951 [  FINER] [         FXGL.Logger] [JavaFX Application Thread] sun.jnu.encoding=Cp1252
31 Mar 2016, 18:36:01.951 [  FINER] [         FXGL.Logger] [JavaFX Application Thread] os.name=Windows 10
31 Mar 2016, 18:36:01.951 [  FINER] [         FXGL.Logger] [JavaFX Application Thread] user.variant=
31 Mar 2016, 18:36:01.952 [  FINER] [         FXGL.Logger] [JavaFX Application Thread] java.vm.specification.vendor=Oracle Corporation
31 Mar 2016, 18:36:01.952 [  FINER] [         FXGL.Logger] [JavaFX Application Thread] java.io.tmpdir=C:\Users\ANWARS~1\AppData\Local\Temp\
31 Mar 2016, 18:36:01.952 [  FINER] [         FXGL.Logger] [JavaFX Application Thread] line.separator=

31 Mar 2016, 18:36:01.953 [  FINER] [         FXGL.Logger] [JavaFX Application Thread] java.endorsed.dirs=C:\Program Files\Java\jre1.8.0_73\lib\endorsed
31 Mar 2016, 18:36:01.953 [  FINER] [         FXGL.Logger] [JavaFX Application Thread] os.arch=amd64
31 Mar 2016, 18:36:01.953 [  FINER] [         FXGL.Logger] [JavaFX Application Thread] javafx.runtime.version=8.0.71-b15
31 Mar 2016, 18:36:01.954 [  FINER] [         FXGL.Logger] [JavaFX Application Thread] java.awt.graphicsenv=sun.awt.Win32GraphicsEnvironment
31 Mar 2016, 18:36:01.954 [  FINER] [         FXGL.Logger] [JavaFX Application Thread] java.runtime.version=1.8.0_73-b02
31 Mar 2016, 18:36:01.954 [  FINER] [         FXGL.Logger] [JavaFX Application Thread] java.vm.specification.name=Java Virtual Machine Specification
31 Mar 2016, 18:36:01.955 [  FINER] [         FXGL.Logger] [JavaFX Application Thread] user.dir=D:\SpaceInvaders
31 Mar 2016, 18:36:01.955 [  FINER] [         FXGL.Logger] [JavaFX Application Thread] user.country=US
31 Mar 2016, 18:36:01.960 [  FINER] [         FXGL.Logger] [JavaFX Application Thread] user.script=
31 Mar 2016, 18:36:01.961 [  FINER] [         FXGL.Logger] [JavaFX Application Thread] sun.java.launcher=SUN_STANDARD
31 Mar 2016, 18:36:01.961 [  FINER] [         FXGL.Logger] [JavaFX Application Thread] sun.os.patch.level=
31 Mar 2016, 18:36:01.961 [  FINER] [         FXGL.Logger] [JavaFX Application Thread] java.vm.name=Java HotSpot(TM) 64-Bit Server VM
31 Mar 2016, 18:36:01.962 [  FINER] [         FXGL.Logger] [JavaFX Application Thread] file.encoding.pkg=sun.io
31 Mar 2016, 18:36:01.962 [  FINER] [         FXGL.Logger] [JavaFX Application Thread] path.separator=;
31 Mar 2016, 18:36:01.962 [  FINER] [         FXGL.Logger] [JavaFX Application Thread] java.vm.vendor=Oracle Corporation
31 Mar 2016, 18:36:01.963 [  FINER] [         FXGL.Logger] [JavaFX Application Thread] java.vendor.url=http://java.oracle.com/
31 Mar 2016, 18:36:01.963 [  FINER] [         FXGL.Logger] [JavaFX Application Thread] sun.boot.library.path=C:\Program Files\Java\jre1.8.0_73\bin
31 Mar 2016, 18:36:01.963 [  FINER] [         FXGL.Logger] [JavaFX Application Thread] java.vm.version=25.73-b02
31 Mar 2016, 18:36:01.963 [  FINER] [         FXGL.Logger] [JavaFX Application Thread] java.runtime.name=Java(TM) SE Runtime Environment
31 Mar 2016, 18:36:01.964 [  FINER] [         FXGL.Logger] [JavaFX Application Thread] javafx.version=8.0.71
31 Mar 2016, 18:36:01.968 [   INFO] [        FXGL.Version] [JavaFX Application Thread] FXGL-0.2.1-SNAPSHOT
31 Mar 2016, 18:36:01.969 [   INFO] [        FXGL.Version] [JavaFX Application Thread] Source code and latest builds at: https://github.com/AlmasB/FXGL
31 Mar 2016, 18:36:01.977 [  FINER] [    FXGL.Application] [JavaFX Application Thread] Game_clinit()
31 Mar 2016, 18:36:01.984 [  FINER] [    FXGL.Application] [JavaFX-Launcher] FXGL_init()
31 Mar 2016, 18:36:02.009 [  FINER] [    FXGL.Application] [JavaFX Application Thread] FXGL_start()
31 Mar 2016, 18:36:02.010 [  FINER] [    FXGL.Application] [JavaFX Application Thread] Initializing system properties
31 Mar 2016, 18:36:02.012 [  FINER] [    FXGL.Application] [JavaFX Application Thread] sound.notification = system/notification.wav
31 Mar 2016, 18:36:02.013 [  FINER] [    FXGL.Application] [JavaFX Application Thread] asset.cache.size = 35
31 Mar 2016, 18:36:02.013 [  FINER] [    FXGL.Application] [JavaFX Application Thread] ui.font = Copperplate_Gothic_Light_Regular.ttf
31 Mar 2016, 18:36:02.013 [  FINER] [    FXGL.Application] [JavaFX Application Thread] sound.menu.back = menu/back.wav
31 Mar 2016, 18:36:02.013 [  FINER] [    FXGL.Application] [JavaFX Application Thread] sound.menu.select = menu/select.wav
31 Mar 2016, 18:36:02.014 [  FINER] [    FXGL.Application] [JavaFX Application Thread] physics.ppm = 50
31 Mar 2016, 18:36:02.014 [  FINER] [    FXGL.Application] [JavaFX Application Thread] ui.css = fxgl.css
31 Mar 2016, 18:36:02.014 [  FINER] [    FXGL.Application] [JavaFX Application Thread] ui.icon.name = fxgl_icon.png
31 Mar 2016, 18:36:02.015 [  FINER] [    FXGL.Application] [JavaFX Application Thread] sound.menu.press = menu/press.wav
31 Mar 2016, 18:36:02.015 [  FINER] [    FXGL.Application] [JavaFX Application Thread] Initializing user properties
31 Mar 2016, 18:36:02.015 [   INFO] [    FXGL.Application] [JavaFX Application Thread] User properties not found. Using system
31 Mar 2016, 18:36:02.040 [   INFO] [         FXGL.Logger] [JavaFX Application Thread] Logger level set to: CONFIG
31 Mar 2016, 18:36:02.042 [   INFO] [    FXGL.Application] [JavaFX Application Thread] Application Mode: DEVELOPER
31 Mar 2016, 18:36:02.845 [  FINER] [    FXGL.Application] [JavaFX Application Thread] Services configuration complete
31 Mar 2016, 18:36:02.869 [  FINER] [       FXGL.EventBus] [JavaFX Application Thread] Service [EventBus] initialized
31 Mar 2016, 18:36:02.874 [  FINER] [    FXGL.AssetLoader] [JavaFX Application Thread] Service [AssetLoader] initialized
31 Mar 2016, 18:36:02.880 [  FINER] [    FXGL.AssetLoader] [JavaFX Application Thread] Loading from disk: /assets/sounds/system/notification.wav
31 Mar 2016, 18:36:03.001 [  FINER] [    FXGL.AssetLoader] [JavaFX Application Thread] Loading from disk: /assets/sounds/menu/select.wav
31 Mar 2016, 18:36:03.006 [  FINER] [    FXGL.AssetLoader] [JavaFX Application Thread] Loading from disk: /assets/sounds/menu/back.wav
31 Mar 2016, 18:36:03.009 [  FINER] [    FXGL.AssetLoader] [JavaFX Application Thread] Loading from disk: /assets/sounds/menu/press.wav
31 Mar 2016, 18:36:03.015 [  FINER] [    FXGL.AssetLoader] [JavaFX Application Thread] Loading from disk: /assets/ui/fonts/Copperplate_Gothic_Light_Regular.ttf
31 Mar 2016, 18:36:03.128 [  FINER] [    FXGL.AssetLoader] [JavaFX Application Thread] Loading from disk: /assets/ui/css/fxgl.css
31 Mar 2016, 18:36:03.128 [  FINER] [    FXGL.AssetLoader] [JavaFX Application Thread] Loading from disk: /assets/ui/icons/fxgl_icon.png
31 Mar 2016, 18:36:03.184 [  FINER] [    FXGL.AssetLoader] [JavaFX Application Thread] Loading from disk: /assets/ui/css/fxgl_dark.css
31 Mar 2016, 18:36:03.298 [  FINER] [        FXGL.Display] [JavaFX Application Thread] Target size: 480.0x600.0@1.0
31 Mar 2016, 18:36:03.298 [  FINER] [        FXGL.Display] [JavaFX Application Thread] New size:    480.0x600.0@1.0
31 Mar 2016, 18:36:03.300 [  FINER] [        FXGL.Display] [JavaFX Application Thread] Service [Display] initialized
31 Mar 2016, 18:36:03.300 [  FINER] [        FXGL.Display] [JavaFX Application Thread] Using CSS: CSS[jar:file:/C:/Users/Anwar%20Saleeby/.m2/repository/com/github/AlmasB/FXGL/0.2.1-0.2.0-gba5970d-32/FXGL-0.2.1-0.2.0-gba5970d-32.jar!/assets/ui/css/fxgl_dark.css]
31 Mar 2016, 18:36:03.306 [  FINER] [          FXGL.Input] [JavaFX Application Thread] Service [Input] initialized
31 Mar 2016, 18:36:03.309 [  FINER] [    FXGL.AudioPlayer] [JavaFX Application Thread] Service [AudioPlayer] initialized
31 Mar 2016, 18:36:03.317 [  FINER] [    FXGL.MasterTimer] [JavaFX Application Thread] Service [MasterTimer] initialized
31 Mar 2016, 18:36:03.333 [  FINER] [      FXGL.GameScene] [JavaFX Application Thread] Game scene initialized
31 Mar 2016, 18:36:03.335 [  FINER] [FXGL.NotificationSer] [JavaFX Application Thread] Service [NotificationService] initialized
31 Mar 2016, 18:36:03.634 [  FINER] [      FXGL.GameWorld] [JavaFX Application Thread] Game world initialized
31 Mar 2016, 18:36:03.720 [  FINER] [   FXGL.PhysicsWorld] [JavaFX Application Thread] Physics world initialized
31 Mar 2016, 18:36:03.742 [  FINER] [    FXGL.Application] [JavaFX Application Thread] Game_start()
31 Mar 2016, 18:36:03.751 [  FINER] [          FXGL.Input] [JavaFX Application Thread] Registered new binding: Move Left A
31 Mar 2016, 18:36:03.752 [  FINER] [          FXGL.Input] [JavaFX Application Thread] Registered new binding: Shoot Space
31 Mar 2016, 18:36:03.753 [  FINER] [          FXGL.Input] [JavaFX Application Thread] Registered new binding: Move Right D
31 Mar 2016, 18:36:03.755 [  FINER] [    FXGL.Application] [JavaFX Application Thread] Saving data to profile
31 Mar 2016, 18:36:03.756 [  FINER] [    FXGL.UserProfile] [JavaFX Application Thread] Logging bundle: game
31 Mar 2016, 18:36:03.757 [  FINER] [    FXGL.UserProfile] [JavaFX Application Thread] game.playtime=1772189619
31 Mar 2016, 18:36:03.758 [  FINER] [       FXGL.EventBus] [JavaFX Application Thread] Firing event: SaveEvent
31 Mar 2016, 18:36:03.760 [  FINER] [        FXGL.Display] [JavaFX Application Thread] Saving data to profile
31 Mar 2016, 18:36:03.760 [  FINER] [    FXGL.UserProfile] [JavaFX Application Thread] Logging bundle: scene
31 Mar 2016, 18:36:03.760 [  FINER] [    FXGL.UserProfile] [JavaFX Application Thread] scene.sizeW=480.0
31 Mar 2016, 18:36:03.761 [  FINER] [    FXGL.UserProfile] [JavaFX Application Thread] scene.sizeH=600.0
31 Mar 2016, 18:36:03.761 [  FINER] [          FXGL.Input] [JavaFX Application Thread] Saving data to profile
31 Mar 2016, 18:36:03.761 [  FINER] [    FXGL.UserProfile] [JavaFX Application Thread] Logging bundle: input
31 Mar 2016, 18:36:03.762 [  FINER] [    FXGL.UserProfile] [JavaFX Application Thread] input.Shoot=Space
31 Mar 2016, 18:36:03.762 [  FINER] [    FXGL.UserProfile] [JavaFX Application Thread] input.Move Right=D
31 Mar 2016, 18:36:03.762 [  FINER] [    FXGL.UserProfile] [JavaFX Application Thread] input.Move Left=A
31 Mar 2016, 18:36:03.762 [  FINER] [    FXGL.AudioPlayer] [JavaFX Application Thread] Saving data to profile
31 Mar 2016, 18:36:03.763 [  FINER] [    FXGL.UserProfile] [JavaFX Application Thread] Logging bundle: audio
31 Mar 2016, 18:36:03.763 [  FINER] [    FXGL.UserProfile] [JavaFX Application Thread] audio.musicVolume=0.5
31 Mar 2016, 18:36:03.763 [  FINER] [    FXGL.UserProfile] [JavaFX Application Thread] audio.soundVolume=0.5
31 Mar 2016, 18:36:03.763 [  FINER] [FXGL.AchievementMana] [JavaFX Application Thread] Saving data to profile
31 Mar 2016, 18:36:03.765 [  FINER] [    FXGL.UserProfile] [JavaFX Application Thread] Logging bundle: achievement
31 Mar 2016, 18:36:03.797 [  FINER] [    FXGL.Application] [JavaFX Application Thread] State: STARTUP -> INTRO
31 Mar 2016, 18:36:04.014 [  FINER] [    FXGL.Application] [JavaFX Application Thread] Showing stage
31 Mar 2016, 18:36:04.015 [  FINER] [    FXGL.Application] [JavaFX Application Thread] Root size: 480.0x600.0
31 Mar 2016, 18:36:04.015 [  FINER] [    FXGL.Application] [JavaFX Application Thread] Scene size: 480.0x600.0
31 Mar 2016, 18:36:04.016 [  FINER] [    FXGL.Application] [JavaFX Application Thread] Stage size: 486.0x629.0
31 Mar 2016, 18:36:09.066 [  FINER] [    FXGL.Application] [JavaFX Application Thread] State: INTRO -> MAIN_MENU
31 Mar 2016, 18:36:09.094 [  FINER] [       FXGL.EventBus] [JavaFX Application Thread] Firing event: DisplayEvent[type=DIALOG_OPENED]
31 Mar 2016, 18:36:09.094 [  FINER] [          FXGL.Input] [JavaFX Application Thread] Clearing active input actions
31 Mar 2016, 18:36:12.195 [  FINER] [       FXGL.EventBus] [JavaFX Application Thread] Firing event: DisplayEvent[type=DIALOG_CLOSED]
31 Mar 2016, 18:36:12.196 [  FINER] [FXGL.SaveLoadManager] [JavaFX Application Thread] Loading profile: Jimmy
31 Mar 2016, 18:36:12.212 [  FINER] [    FXGL.Application] [JavaFX Application Thread] Loading data from profile
31 Mar 2016, 18:36:12.212 [  FINER] [    FXGL.UserProfile] [JavaFX Application Thread] Logging bundle: game
31 Mar 2016, 18:36:12.213 [  FINER] [    FXGL.UserProfile] [JavaFX Application Thread] game.playtime=392220482034
31 Mar 2016, 18:36:12.213 [  FINER] [       FXGL.EventBus] [JavaFX Application Thread] Firing event: LoadEvent[type=LOAD_PROFILE]
31 Mar 2016, 18:36:12.213 [  FINER] [FXGL.AchievementMana] [JavaFX Application Thread] Loading data from profile
31 Mar 2016, 18:36:12.213 [  FINER] [    FXGL.UserProfile] [JavaFX Application Thread] Logging bundle: achievement
31 Mar 2016, 18:36:12.214 [  FINER] [        FXGL.Display] [JavaFX Application Thread] Loading data from profile
31 Mar 2016, 18:36:12.214 [  FINER] [    FXGL.UserProfile] [JavaFX Application Thread] Logging bundle: scene
31 Mar 2016, 18:36:12.214 [  FINER] [    FXGL.UserProfile] [JavaFX Application Thread] scene.sizeW=480.0
31 Mar 2016, 18:36:12.214 [  FINER] [    FXGL.UserProfile] [JavaFX Application Thread] scene.sizeH=600.0
31 Mar 2016, 18:36:12.215 [  FINER] [        FXGL.Display] [JavaFX Application Thread] Target size: 480.0x600.0@1.0
31 Mar 2016, 18:36:12.215 [  FINER] [        FXGL.Display] [JavaFX Application Thread] New size:    480.0x600.0@1.0
31 Mar 2016, 18:36:12.233 [  FINER] [          FXGL.Input] [JavaFX Application Thread] Loading data from profile
31 Mar 2016, 18:36:12.234 [  FINER] [    FXGL.UserProfile] [JavaFX Application Thread] Logging bundle: input
31 Mar 2016, 18:36:12.234 [  FINER] [    FXGL.UserProfile] [JavaFX Application Thread] input.Shoot=Space
31 Mar 2016, 18:36:12.234 [  FINER] [    FXGL.UserProfile] [JavaFX Application Thread] input.Move Right=D
31 Mar 2016, 18:36:12.234 [  FINER] [    FXGL.UserProfile] [JavaFX Application Thread] input.Move Left=A
31 Mar 2016, 18:36:12.235 [  FINER] [    FXGL.AudioPlayer] [JavaFX Application Thread] Loading data from profile
31 Mar 2016, 18:36:12.235 [  FINER] [    FXGL.UserProfile] [JavaFX Application Thread] Logging bundle: audio
31 Mar 2016, 18:36:12.235 [  FINER] [    FXGL.UserProfile] [JavaFX Application Thread] audio.musicVolume=0.5
31 Mar 2016, 18:36:12.235 [  FINER] [    FXGL.UserProfile] [JavaFX Application Thread] audio.soundVolume=0.5
31 Mar 2016, 18:36:12.235 [  FINER] [       FXGL.EventBus] [JavaFX Application Thread] Firing event: MenuEvent[type=PROFILE_SELECTED,data=Jimmy]
31 Mar 2016, 18:36:13.623 [  FINER] [       FXGL.EventBus] [JavaFX Application Thread] Firing event: MenuEvent[type=NEW_GAME]
31 Mar 2016, 18:36:13.624 [  FINER] [    FXGL.Application] [JavaFX Application Thread] Starting new game
31 Mar 2016, 18:36:13.626 [  FINER] [    FXGL.Application] [JavaFX Application Thread] Initializing App
31 Mar 2016, 18:36:13.626 [  FINER] [    FXGL.Application] [JavaFX Application Thread] Pausing main loop
31 Mar 2016, 18:36:13.626 [  FINER] [       FXGL.EventBus] [JavaFX Application Thread] Firing event: FXGLEvent[type=PAUSE]
31 Mar 2016, 18:36:13.627 [  FINER] [          FXGL.Input] [JavaFX Application Thread] Clearing active input actions
31 Mar 2016, 18:36:13.627 [  FINER] [    FXGL.MasterTimer] [JavaFX Application Thread] Stopping master timer
31 Mar 2016, 18:36:13.627 [  FINER] [    FXGL.Application] [JavaFX Application Thread] State: MAIN_MENU -> PAUSED
31 Mar 2016, 18:36:13.627 [  FINER] [    FXGL.Application] [JavaFX Application Thread] Resetting FXGL application
31 Mar 2016, 18:36:13.627 [  FINER] [       FXGL.EventBus] [JavaFX Application Thread] Firing event: FXGLEvent[type=RESET]
31 Mar 2016, 18:36:13.627 [  FINER] [          FXGL.Input] [JavaFX Application Thread] Clearing active input actions
31 Mar 2016, 18:36:13.627 [  FINER] [    FXGL.MasterTimer] [JavaFX Application Thread] Resetting ticks to 0
31 Mar 2016, 18:36:13.628 [  FINER] [    FXGL.MasterTimer] [JavaFX Application Thread] Clearing all scheduled actions
31 Mar 2016, 18:36:13.628 [  FINER] [      FXGL.GameScene] [JavaFX Application Thread] Resetting game scene
31 Mar 2016, 18:36:13.628 [  FINER] [      FXGL.GameWorld] [JavaFX Application Thread] Resetting game world
31 Mar 2016, 18:36:13.630 [  FINER] [    FXGL.Application] [JavaFX Application Thread] State: PAUSED -> LOADING
31 Mar 2016, 18:36:13.639 [  FINER] [    FXGL.Application] [JavaFX Application Thread] Starting FXGL Init Thread
31 Mar 2016, 18:36:13.640 [  FINER] [    FXGL.Application] [FXGL Init Thread] Initializing Assets
31 Mar 2016, 18:36:13.647 [  FINER] [    FXGL.AssetLoader] [FXGL Init Thread] Loading from disk: /assets/textures/enemy.png
31 Mar 2016, 18:36:13.657 [  FINER] [    FXGL.AssetLoader] [FXGL Init Thread] Loading from disk: /assets/textures/enemyReduced.png
31 Mar 2016, 18:36:13.659 [  FINER] [    FXGL.AssetLoader] [FXGL Init Thread] Loading from disk: /assets/textures/enemyReduced1.png
31 Mar 2016, 18:36:13.660 [  FINER] [    FXGL.AssetLoader] [FXGL Init Thread] Loading from disk: /assets/textures/enemyReduced2.png
31 Mar 2016, 18:36:13.662 [  FINER] [    FXGL.AssetLoader] [FXGL Init Thread] Loading from disk: /assets/textures/enemyReduced3.png
31 Mar 2016, 18:36:13.664 [  FINER] [    FXGL.AssetLoader] [FXGL Init Thread] Loading from disk: /assets/textures/life.png
31 Mar 2016, 18:36:13.665 [  FINER] [    FXGL.AssetLoader] [FXGL Init Thread] Loading from disk: /assets/textures/spaceship.png
31 Mar 2016, 18:36:13.669 [  FINER] [    FXGL.AssetLoader] [FXGL Init Thread] Loading from disk: /assets/textures/spaceshipReduced.png
31 Mar 2016, 18:36:13.671 [  FINER] [    FXGL.AssetLoader] [FXGL Init Thread] Loading from disk: /assets/textures/text.png
31 Mar 2016, 18:36:13.704 [  FINER] [    FXGL.AssetLoader] [FXGL Init Thread] Loading from disk: /assets/textures/wall.png
31 Mar 2016, 18:36:13.767 [  FINER] [    FXGL.AssetLoader] [FXGL Init Thread] Loading from cache: /assets/sounds/menu/select.wav
31 Mar 2016, 18:36:13.767 [  FINER] [    FXGL.AssetLoader] [FXGL Init Thread] Loading from cache: /assets/sounds/menu/press.wav
31 Mar 2016, 18:36:13.767 [  FINER] [    FXGL.AssetLoader] [FXGL Init Thread] Loading from cache: /assets/sounds/menu/back.wav
31 Mar 2016, 18:36:13.768 [  FINER] [    FXGL.AssetLoader] [FXGL Init Thread] Loading from cache: /assets/sounds/system/notification.wav
31 Mar 2016, 18:36:13.772 [  FINER] [    FXGL.AssetLoader] [FXGL Init Thread] Loading from disk: /assets/music/bgm.mp3
31 Mar 2016, 18:36:13.869 [  FINER] [    FXGL.AssetLoader] [FXGL Init Thread] Loading from cache: /assets/ui/fonts/Copperplate_Gothic_Light_Regular.ttf
31 Mar 2016, 18:36:13.901 [  FINER] [    FXGL.Application] [FXGL Init Thread] Initializing Game
31 Mar 2016, 18:36:13.925 [  FINER] [    FXGL.AssetLoader] [FXGL Init Thread] Loading from cache: /assets/textures/enemyReduced3.png
31 Mar 2016, 18:36:13.932 [  FINER] [    FXGL.AssetLoader] [FXGL Init Thread] Loading from cache: /assets/textures/enemyReduced1.png
31 Mar 2016, 18:36:13.933 [  FINER] [    FXGL.AssetLoader] [FXGL Init Thread] Loading from cache: /assets/textures/enemyReduced2.png
31 Mar 2016, 18:36:13.934 [  FINER] [    FXGL.AssetLoader] [FXGL Init Thread] Loading from cache: /assets/textures/enemyReduced1.png
31 Mar 2016, 18:36:13.935 [  FINER] [    FXGL.AssetLoader] [FXGL Init Thread] Loading from cache: /assets/textures/enemyReduced1.png
31 Mar 2016, 18:36:13.936 [  FINER] [    FXGL.AssetLoader] [FXGL Init Thread] Loading from cache: /assets/textures/enemyReduced3.png
31 Mar 2016, 18:36:13.936 [  FINER] [    FXGL.AssetLoader] [FXGL Init Thread] Loading from cache: /assets/textures/enemyReduced2.png
31 Mar 2016, 18:36:13.937 [  FINER] [    FXGL.AssetLoader] [FXGL Init Thread] Loading from cache: /assets/textures/enemyReduced2.png
31 Mar 2016, 18:36:13.938 [  FINER] [    FXGL.AssetLoader] [FXGL Init Thread] Loading from cache: /assets/textures/enemyReduced2.png
31 Mar 2016, 18:36:13.939 [  FINER] [    FXGL.AssetLoader] [FXGL Init Thread] Loading from cache: /assets/textures/enemyReduced1.png
31 Mar 2016, 18:36:13.940 [  FINER] [    FXGL.AssetLoader] [FXGL Init Thread] Loading from cache: /assets/textures/enemyReduced1.png
31 Mar 2016, 18:36:13.940 [  FINER] [    FXGL.AssetLoader] [FXGL Init Thread] Loading from cache: /assets/textures/enemyReduced1.png
31 Mar 2016, 18:36:13.941 [  FINER] [    FXGL.AssetLoader] [FXGL Init Thread] Loading from cache: /assets/textures/enemyReduced3.png
31 Mar 2016, 18:36:13.942 [  FINER] [    FXGL.AssetLoader] [FXGL Init Thread] Loading from cache: /assets/textures/enemyReduced3.png
31 Mar 2016, 18:36:13.942 [  FINER] [    FXGL.AssetLoader] [FXGL Init Thread] Loading from cache: /assets/textures/enemyReduced1.png
31 Mar 2016, 18:36:13.943 [  FINER] [    FXGL.AssetLoader] [FXGL Init Thread] Loading from cache: /assets/textures/enemyReduced1.png
31 Mar 2016, 18:36:13.944 [  FINER] [    FXGL.AssetLoader] [FXGL Init Thread] Loading from cache: /assets/textures/enemyReduced2.png
31 Mar 2016, 18:36:13.945 [  FINER] [    FXGL.AssetLoader] [FXGL Init Thread] Loading from cache: /assets/textures/enemyReduced3.png
31 Mar 2016, 18:36:13.945 [  FINER] [    FXGL.AssetLoader] [FXGL Init Thread] Loading from cache: /assets/textures/enemyReduced3.png
31 Mar 2016, 18:36:13.946 [  FINER] [    FXGL.AssetLoader] [FXGL Init Thread] Loading from cache: /assets/textures/enemyReduced3.png
31 Mar 2016, 18:36:13.947 [  FINER] [    FXGL.AssetLoader] [FXGL Init Thread] Loading from cache: /assets/textures/enemyReduced2.png
31 Mar 2016, 18:36:13.948 [  FINER] [    FXGL.AssetLoader] [FXGL Init Thread] Loading from cache: /assets/textures/enemyReduced2.png
31 Mar 2016, 18:36:13.948 [  FINER] [    FXGL.AssetLoader] [FXGL Init Thread] Loading from cache: /assets/textures/enemyReduced1.png
31 Mar 2016, 18:36:13.949 [  FINER] [    FXGL.AssetLoader] [FXGL Init Thread] Loading from cache: /assets/textures/enemyReduced1.png
31 Mar 2016, 18:36:13.950 [  FINER] [    FXGL.AssetLoader] [FXGL Init Thread] Loading from cache: /assets/textures/enemyReduced2.png
31 Mar 2016, 18:36:13.950 [  FINER] [    FXGL.AssetLoader] [FXGL Init Thread] Loading from cache: /assets/textures/enemyReduced1.png
31 Mar 2016, 18:36:13.951 [  FINER] [    FXGL.AssetLoader] [FXGL Init Thread] Loading from cache: /assets/textures/enemyReduced2.png
31 Mar 2016, 18:36:13.952 [  FINER] [    FXGL.AssetLoader] [FXGL Init Thread] Loading from cache: /assets/textures/enemyReduced3.png
31 Mar 2016, 18:36:13.952 [  FINER] [    FXGL.AssetLoader] [FXGL Init Thread] Loading from cache: /assets/textures/enemyReduced1.png
31 Mar 2016, 18:36:13.953 [  FINER] [    FXGL.AssetLoader] [FXGL Init Thread] Loading from cache: /assets/textures/enemyReduced3.png
31 Mar 2016, 18:36:13.954 [  FINER] [    FXGL.AssetLoader] [FXGL Init Thread] Loading from cache: /assets/textures/enemyReduced2.png
31 Mar 2016, 18:36:13.955 [  FINER] [    FXGL.AssetLoader] [FXGL Init Thread] Loading from cache: /assets/textures/enemyReduced3.png
31 Mar 2016, 18:36:13.955 [  FINER] [    FXGL.AssetLoader] [FXGL Init Thread] Loading from cache: /assets/textures/enemyReduced3.png
31 Mar 2016, 18:36:13.956 [  FINER] [    FXGL.AssetLoader] [FXGL Init Thread] Loading from cache: /assets/textures/enemyReduced1.png
31 Mar 2016, 18:36:13.957 [  FINER] [    FXGL.AssetLoader] [FXGL Init Thread] Loading from cache: /assets/textures/enemyReduced2.png
31 Mar 2016, 18:36:13.958 [  FINER] [    FXGL.AssetLoader] [FXGL Init Thread] Loading from cache: /assets/textures/enemyReduced1.png
31 Mar 2016, 18:36:13.959 [  FINER] [    FXGL.AssetLoader] [FXGL Init Thread] Loading from cache: /assets/textures/enemyReduced3.png
31 Mar 2016, 18:36:13.960 [  FINER] [    FXGL.AssetLoader] [FXGL Init Thread] Loading from cache: /assets/textures/enemyReduced3.png
31 Mar 2016, 18:36:13.961 [  FINER] [    FXGL.AssetLoader] [FXGL Init Thread] Loading from cache: /assets/textures/enemyReduced3.png
31 Mar 2016, 18:36:13.962 [  FINER] [    FXGL.AssetLoader] [FXGL Init Thread] Loading from cache: /assets/textures/enemyReduced2.png
31 Mar 2016, 18:36:13.962 [  FINER] [    FXGL.AssetLoader] [FXGL Init Thread] Loading from cache: /assets/textures/wall.png
31 Mar 2016, 18:36:13.963 [  FINER] [    FXGL.AssetLoader] [FXGL Init Thread] Loading from cache: /assets/textures/wall.png
31 Mar 2016, 18:36:13.963 [  FINER] [    FXGL.AssetLoader] [FXGL Init Thread] Loading from cache: /assets/textures/wall.png
31 Mar 2016, 18:36:13.963 [  FINER] [    FXGL.AssetLoader] [FXGL Init Thread] Loading from cache: /assets/textures/wall.png
31 Mar 2016, 18:36:13.964 [  FINER] [    FXGL.AssetLoader] [FXGL Init Thread] Loading from cache: /assets/textures/spaceshipReduced.png
31 Mar 2016, 18:36:13.965 [  FINER] [    FXGL.Application] [FXGL Init Thread] Initializing Physics
31 Mar 2016, 18:36:13.966 [  FINER] [    FXGL.Application] [FXGL Init Thread] Initializing UI
31 Mar 2016, 18:36:13.968 [  FINER] [    FXGL.Application] [FXGL Init Thread] Initialization Complete
31 Mar 2016, 18:36:13.969 [  FINER] [       FXGL.EventBus] [JavaFX Application Thread] Firing event: FXGLEvent[type=INIT_APP_COMPLETE]
31 Mar 2016, 18:36:13.969 [  FINER] [    FXGL.Application] [JavaFX Application Thread] Resuming main loop
31 Mar 2016, 18:36:13.970 [  FINER] [       FXGL.EventBus] [JavaFX Application Thread] Firing event: FXGLEvent[type=RESUME]
31 Mar 2016, 18:36:13.970 [  FINER] [          FXGL.Input] [JavaFX Application Thread] Clearing active input actions
31 Mar 2016, 18:36:13.970 [  FINER] [    FXGL.MasterTimer] [JavaFX Application Thread] Starting master timer
31 Mar 2016, 18:36:13.970 [  FINER] [    FXGL.Application] [JavaFX Application Thread] State: LOADING -> PLAYING
31 Mar 2016, 18:36:13.978 [  FINER] [       FXGL.EventBus] [JavaFX Application Thread] Firing event: WorldEvent[type=ENTITY_ADDED]
31 Mar 2016, 18:36:13.978 [  FINER] [      FXGL.GameScene] [JavaFX Application Thread] Entity added to scene
31 Mar 2016, 18:36:13.979 [  FINER] [      FXGL.GameScene] [JavaFX Application Thread] Added MainViewComponent
31 Mar 2016, 18:36:13.979 [  FINER] [      FXGL.GameScene] [JavaFX Application Thread] Creating render group for layer: TOP(2147483647)
31 Mar 2016, 18:36:13.983 [  FINER] [       FXGL.EventBus] [JavaFX Application Thread] Firing event: WorldEvent[type=ENTITY_ADDED]
31 Mar 2016, 18:36:13.983 [  FINER] [      FXGL.GameScene] [JavaFX Application Thread] Entity added to scene
31 Mar 2016, 18:36:13.984 [  FINER] [      FXGL.GameScene] [JavaFX Application Thread] Added MainViewComponent
31 Mar 2016, 18:36:13.984 [  FINER] [       FXGL.EventBus] [JavaFX Application Thread] Firing event: WorldEvent[type=ENTITY_ADDED]
31 Mar 2016, 18:36:13.984 [  FINER] [      FXGL.GameScene] [JavaFX Application Thread] Entity added to scene
31 Mar 2016, 18:36:13.984 [  FINER] [      FXGL.GameScene] [JavaFX Application Thread] Added MainViewComponent
31 Mar 2016, 18:36:13.985 [  FINER] [       FXGL.EventBus] [JavaFX Application Thread] Firing event: WorldEvent[type=ENTITY_ADDED]
31 Mar 2016, 18:36:13.985 [  FINER] [      FXGL.GameScene] [JavaFX Application Thread] Entity added to scene
31 Mar 2016, 18:36:13.985 [  FINER] [      FXGL.GameScene] [JavaFX Application Thread] Added MainViewComponent
31 Mar 2016, 18:36:13.985 [  FINER] [       FXGL.EventBus] [JavaFX Application Thread] Firing event: WorldEvent[type=ENTITY_ADDED]
31 Mar 2016, 18:36:13.985 [  FINER] [      FXGL.GameScene] [JavaFX Application Thread] Entity added to scene
31 Mar 2016, 18:36:13.985 [  FINER] [      FXGL.GameScene] [JavaFX Application Thread] Added MainViewComponent
31 Mar 2016, 18:36:13.986 [  FINER] [       FXGL.EventBus] [JavaFX Application Thread] Firing event: WorldEvent[type=ENTITY_ADDED]
31 Mar 2016, 18:36:13.986 [  FINER] [      FXGL.GameScene] [JavaFX Application Thread] Entity added to scene
31 Mar 2016, 18:36:13.986 [  FINER] [      FXGL.GameScene] [JavaFX Application Thread] Added MainViewComponent
31 Mar 2016, 18:36:13.986 [  FINER] [       FXGL.EventBus] [JavaFX Application Thread] Firing event: WorldEvent[type=ENTITY_ADDED]
31 Mar 2016, 18:36:13.987 [  FINER] [      FXGL.GameScene] [JavaFX Application Thread] Entity added to scene
31 Mar 2016, 18:36:13.987 [  FINER] [      FXGL.GameScene] [JavaFX Application Thread] Added MainViewComponent
31 Mar 2016, 18:36:13.987 [  FINER] [       FXGL.EventBus] [JavaFX Application Thread] Firing event: WorldEvent[type=ENTITY_ADDED]
31 Mar 2016, 18:36:13.987 [  FINER] [      FXGL.GameScene] [JavaFX Application Thread] Entity added to scene
31 Mar 2016, 18:36:13.987 [  FINER] [      FXGL.GameScene] [JavaFX Application Thread] Added MainViewComponent
31 Mar 2016, 18:36:13.988 [  FINER] [       FXGL.EventBus] [JavaFX Application Thread] Firing event: WorldEvent[type=ENTITY_ADDED]
31 Mar 2016, 18:36:13.988 [  FINER] [      FXGL.GameScene] [JavaFX Application Thread] Entity added to scene
31 Mar 2016, 18:36:13.988 [  FINER] [      FXGL.GameScene] [JavaFX Application Thread] Added MainViewComponent
31 Mar 2016, 18:36:13.988 [  FINER] [       FXGL.EventBus] [JavaFX Application Thread] Firing event: WorldEvent[type=ENTITY_ADDED]
31 Mar 2016, 18:36:13.988 [  FINER] [      FXGL.GameScene] [JavaFX Application Thread] Entity added to scene
31 Mar 2016, 18:36:13.988 [  FINER] [      FXGL.GameScene] [JavaFX Application Thread] Added MainViewComponent
31 Mar 2016, 18:36:13.989 [  FINER] [       FXGL.EventBus] [JavaFX Application Thread] Firing event: WorldEvent[type=ENTITY_ADDED]
31 Mar 2016, 18:36:13.989 [  FINER] [      FXGL.GameScene] [JavaFX Application Thread] Entity added to scene
31 Mar 2016, 18:36:13.989 [  FINER] [      FXGL.GameScene] [JavaFX Application Thread] Added MainViewComponent
31 Mar 2016, 18:36:13.989 [  FINER] [       FXGL.EventBus] [JavaFX Application Thread] Firing event: WorldEvent[type=ENTITY_ADDED]
31 Mar 2016, 18:36:13.989 [  FINER] [      FXGL.GameScene] [JavaFX Application Thread] Entity added to scene
31 Mar 2016, 18:36:13.989 [  FINER] [      FXGL.GameScene] [JavaFX Application Thread] Added MainViewComponent
31 Mar 2016, 18:36:13.990 [  FINER] [       FXGL.EventBus] [JavaFX Application Thread] Firing event: WorldEvent[type=ENTITY_ADDED]
31 Mar 2016, 18:36:13.990 [  FINER] [      FXGL.GameScene] [JavaFX Application Thread] Entity added to scene
31 Mar 2016, 18:36:13.990 [  FINER] [      FXGL.GameScene] [JavaFX Application Thread] Added MainViewComponent
31 Mar 2016, 18:36:13.991 [  FINER] [       FXGL.EventBus] [JavaFX Application Thread] Firing event: WorldEvent[type=ENTITY_ADDED]
31 Mar 2016, 18:36:13.991 [  FINER] [      FXGL.GameScene] [JavaFX Application Thread] Entity added to scene
31 Mar 2016, 18:36:13.991 [  FINER] [      FXGL.GameScene] [JavaFX Application Thread] Added MainViewComponent
31 Mar 2016, 18:36:13.992 [  FINER] [       FXGL.EventBus] [JavaFX Application Thread] Firing event: WorldEvent[type=ENTITY_ADDED]
31 Mar 2016, 18:36:13.992 [  FINER] [      FXGL.GameScene] [JavaFX Application Thread] Entity added to scene
31 Mar 2016, 18:36:13.992 [  FINER] [      FXGL.GameScene] [JavaFX Application Thread] Added MainViewComponent
31 Mar 2016, 18:36:13.992 [  FINER] [       FXGL.EventBus] [JavaFX Application Thread] Firing event: WorldEvent[type=ENTITY_ADDED]
31 Mar 2016, 18:36:13.993 [  FINER] [      FXGL.GameScene] [JavaFX Application Thread] Entity added to scene
31 Mar 2016, 18:36:13.993 [  FINER] [      FXGL.GameScene] [JavaFX Application Thread] Added MainViewComponent
31 Mar 2016, 18:36:13.994 [  FINER] [       FXGL.EventBus] [JavaFX Application Thread] Firing event: WorldEvent[type=ENTITY_ADDED]
31 Mar 2016, 18:36:13.994 [  FINER] [      FXGL.GameScene] [JavaFX Application Thread] Entity added to scene
31 Mar 2016, 18:36:13.994 [  FINER] [      FXGL.GameScene] [JavaFX Application Thread] Added MainViewComponent
31 Mar 2016, 18:36:13.995 [  FINER] [       FXGL.EventBus] [JavaFX Application Thread] Firing event: WorldEvent[type=ENTITY_ADDED]
31 Mar 2016, 18:36:13.995 [  FINER] [      FXGL.GameScene] [JavaFX Application Thread] Entity added to scene
31 Mar 2016, 18:36:13.995 [  FINER] [      FXGL.GameScene] [JavaFX Application Thread] Added MainViewComponent
31 Mar 2016, 18:36:13.996 [  FINER] [       FXGL.EventBus] [JavaFX Application Thread] Firing event: WorldEvent[type=ENTITY_ADDED]
31 Mar 2016, 18:36:13.996 [  FINER] [      FXGL.GameScene] [JavaFX Application Thread] Entity added to scene
31 Mar 2016, 18:36:13.996 [  FINER] [      FXGL.GameScene] [JavaFX Application Thread] Added MainViewComponent
31 Mar 2016, 18:36:13.997 [  FINER] [       FXGL.EventBus] [JavaFX Application Thread] Firing event: WorldEvent[type=ENTITY_ADDED]
31 Mar 2016, 18:36:13.997 [  FINER] [      FXGL.GameScene] [JavaFX Application Thread] Entity added to scene
31 Mar 2016, 18:36:13.997 [  FINER] [      FXGL.GameScene] [JavaFX Application Thread] Added MainViewComponent
31 Mar 2016, 18:36:13.998 [  FINER] [       FXGL.EventBus] [JavaFX Application Thread] Firing event: WorldEvent[type=ENTITY_ADDED]
31 Mar 2016, 18:36:13.998 [  FINER] [      FXGL.GameScene] [JavaFX Application Thread] Entity added to scene
31 Mar 2016, 18:36:13.998 [  FINER] [      FXGL.GameScene] [JavaFX Application Thread] Added MainViewComponent
31 Mar 2016, 18:36:13.999 [  FINER] [       FXGL.EventBus] [JavaFX Application Thread] Firing event: WorldEvent[type=ENTITY_ADDED]
31 Mar 2016, 18:36:13.999 [  FINER] [      FXGL.GameScene] [JavaFX Application Thread] Entity added to scene
31 Mar 2016, 18:36:13.999 [  FINER] [      FXGL.GameScene] [JavaFX Application Thread] Added MainViewComponent
31 Mar 2016, 18:36:13.999 [  FINER] [       FXGL.EventBus] [JavaFX Application Thread] Firing event: WorldEvent[type=ENTITY_ADDED]
31 Mar 2016, 18:36:13.999 [  FINER] [      FXGL.GameScene] [JavaFX Application Thread] Entity added to scene
31 Mar 2016, 18:36:14.000 [  FINER] [      FXGL.GameScene] [JavaFX Application Thread] Added MainViewComponent
31 Mar 2016, 18:36:14.000 [  FINER] [       FXGL.EventBus] [JavaFX Application Thread] Firing event: WorldEvent[type=ENTITY_ADDED]
31 Mar 2016, 18:36:14.000 [  FINER] [      FXGL.GameScene] [JavaFX Application Thread] Entity added to scene
31 Mar 2016, 18:36:14.000 [  FINER] [      FXGL.GameScene] [JavaFX Application Thread] Added MainViewComponent
31 Mar 2016, 18:36:14.001 [  FINER] [       FXGL.EventBus] [JavaFX Application Thread] Firing event: WorldEvent[type=ENTITY_ADDED]
31 Mar 2016, 18:36:14.001 [  FINER] [      FXGL.GameScene] [JavaFX Application Thread] Entity added to scene
31 Mar 2016, 18:36:14.001 [  FINER] [      FXGL.GameScene] [JavaFX Application Thread] Added MainViewComponent
31 Mar 2016, 18:36:14.001 [  FINER] [       FXGL.EventBus] [JavaFX Application Thread] Firing event: WorldEvent[type=ENTITY_ADDED]
31 Mar 2016, 18:36:14.001 [  FINER] [      FXGL.GameScene] [JavaFX Application Thread] Entity added to scene
31 Mar 2016, 18:36:14.001 [  FINER] [      FXGL.GameScene] [JavaFX Application Thread] Added MainViewComponent
31 Mar 2016, 18:36:14.002 [  FINER] [       FXGL.EventBus] [JavaFX Application Thread] Firing event: WorldEvent[type=ENTITY_ADDED]
31 Mar 2016, 18:36:14.002 [  FINER] [      FXGL.GameScene] [JavaFX Application Thread] Entity added to scene
31 Mar 2016, 18:36:14.002 [  FINER] [      FXGL.GameScene] [JavaFX Application Thread] Added MainViewComponent
31 Mar 2016, 18:36:14.002 [  FINER] [       FXGL.EventBus] [JavaFX Application Thread] Firing event: WorldEvent[type=ENTITY_ADDED]
31 Mar 2016, 18:36:14.002 [  FINER] [      FXGL.GameScene] [JavaFX Application Thread] Entity added to scene
31 Mar 2016, 18:36:14.002 [  FINER] [      FXGL.GameScene] [JavaFX Application Thread] Added MainViewComponent
31 Mar 2016, 18:36:14.002 [  FINER] [       FXGL.EventBus] [JavaFX Application Thread] Firing event: WorldEvent[type=ENTITY_ADDED]
31 Mar 2016, 18:36:14.002 [  FINER] [      FXGL.GameScene] [JavaFX Application Thread] Entity added to scene
31 Mar 2016, 18:36:14.003 [  FINER] [      FXGL.GameScene] [JavaFX Application Thread] Added MainViewComponent
31 Mar 2016, 18:36:14.004 [  FINER] [       FXGL.EventBus] [JavaFX Application Thread] Firing event: WorldEvent[type=ENTITY_ADDED]
31 Mar 2016, 18:36:14.004 [  FINER] [      FXGL.GameScene] [JavaFX Application Thread] Entity added to scene
31 Mar 2016, 18:36:14.005 [  FINER] [      FXGL.GameScene] [JavaFX Application Thread] Added MainViewComponent
31 Mar 2016, 18:36:14.005 [  FINER] [       FXGL.EventBus] [JavaFX Application Thread] Firing event: WorldEvent[type=ENTITY_ADDED]
31 Mar 2016, 18:36:14.006 [  FINER] [      FXGL.GameScene] [JavaFX Application Thread] Entity added to scene
31 Mar 2016, 18:36:14.006 [  FINER] [      FXGL.GameScene] [JavaFX Application Thread] Added MainViewComponent
31 Mar 2016, 18:36:14.006 [  FINER] [       FXGL.EventBus] [JavaFX Application Thread] Firing event: WorldEvent[type=ENTITY_ADDED]
31 Mar 2016, 18:36:14.006 [  FINER] [      FXGL.GameScene] [JavaFX Application Thread] Entity added to scene
31 Mar 2016, 18:36:14.007 [  FINER] [      FXGL.GameScene] [JavaFX Application Thread] Added MainViewComponent
31 Mar 2016, 18:36:14.007 [  FINER] [       FXGL.EventBus] [JavaFX Application Thread] Firing event: WorldEvent[type=ENTITY_ADDED]
31 Mar 2016, 18:36:14.007 [  FINER] [      FXGL.GameScene] [JavaFX Application Thread] Entity added to scene
31 Mar 2016, 18:36:14.007 [  FINER] [      FXGL.GameScene] [JavaFX Application Thread] Added MainViewComponent
31 Mar 2016, 18:36:14.008 [  FINER] [       FXGL.EventBus] [JavaFX Application Thread] Firing event: WorldEvent[type=ENTITY_ADDED]
31 Mar 2016, 18:36:14.008 [  FINER] [      FXGL.GameScene] [JavaFX Application Thread] Entity added to scene
31 Mar 2016, 18:36:14.008 [  FINER] [      FXGL.GameScene] [JavaFX Application Thread] Added MainViewComponent
31 Mar 2016, 18:36:14.008 [  FINER] [       FXGL.EventBus] [JavaFX Application Thread] Firing event: WorldEvent[type=ENTITY_ADDED]
31 Mar 2016, 18:36:14.008 [  FINER] [      FXGL.GameScene] [JavaFX Application Thread] Entity added to scene
31 Mar 2016, 18:36:14.009 [  FINER] [      FXGL.GameScene] [JavaFX Application Thread] Added MainViewComponent
31 Mar 2016, 18:36:14.009 [  FINER] [       FXGL.EventBus] [JavaFX Application Thread] Firing event: WorldEvent[type=ENTITY_ADDED]
31 Mar 2016, 18:36:14.009 [  FINER] [      FXGL.GameScene] [JavaFX Application Thread] Entity added to scene
31 Mar 2016, 18:36:14.009 [  FINER] [      FXGL.GameScene] [JavaFX Application Thread] Added MainViewComponent
31 Mar 2016, 18:36:14.010 [  FINER] [       FXGL.EventBus] [JavaFX Application Thread] Firing event: WorldEvent[type=ENTITY_ADDED]
31 Mar 2016, 18:36:14.010 [  FINER] [      FXGL.GameScene] [JavaFX Application Thread] Entity added to scene
31 Mar 2016, 18:36:14.010 [  FINER] [      FXGL.GameScene] [JavaFX Application Thread] Added MainViewComponent
31 Mar 2016, 18:36:14.011 [  FINER] [       FXGL.EventBus] [JavaFX Application Thread] Firing event: WorldEvent[type=ENTITY_ADDED]
31 Mar 2016, 18:36:14.011 [  FINER] [      FXGL.GameScene] [JavaFX Application Thread] Entity added to scene
31 Mar 2016, 18:36:14.011 [  FINER] [      FXGL.GameScene] [JavaFX Application Thread] Added MainViewComponent
31 Mar 2016, 18:36:14.012 [  FINER] [       FXGL.EventBus] [JavaFX Application Thread] Firing event: WorldEvent[type=ENTITY_ADDED]
31 Mar 2016, 18:36:14.012 [  FINER] [      FXGL.GameScene] [JavaFX Application Thread] Entity added to scene
31 Mar 2016, 18:36:14.012 [  FINER] [      FXGL.GameScene] [JavaFX Application Thread] Added MainViewComponent
31 Mar 2016, 18:36:14.013 [  FINER] [       FXGL.EventBus] [JavaFX Application Thread] Firing event: WorldEvent[type=ENTITY_ADDED]
31 Mar 2016, 18:36:14.013 [  FINER] [      FXGL.GameScene] [JavaFX Application Thread] Entity added to scene
31 Mar 2016, 18:36:14.013 [  FINER] [      FXGL.GameScene] [JavaFX Application Thread] Added MainViewComponent
31 Mar 2016, 18:36:14.014 [  FINER] [       FXGL.EventBus] [JavaFX Application Thread] Firing event: WorldEvent[type=ENTITY_ADDED]
31 Mar 2016, 18:36:14.014 [  FINER] [      FXGL.GameScene] [JavaFX Application Thread] Entity added to scene
31 Mar 2016, 18:36:14.014 [  FINER] [      FXGL.GameScene] [JavaFX Application Thread] Added MainViewComponent
31 Mar 2016, 18:36:14.015 [  FINER] [       FXGL.EventBus] [JavaFX Application Thread] Firing event: WorldEvent[type=ENTITY_ADDED]
31 Mar 2016, 18:36:14.015 [  FINER] [      FXGL.GameScene] [JavaFX Application Thread] Entity added to scene
31 Mar 2016, 18:36:14.016 [  FINER] [      FXGL.GameScene] [JavaFX Application Thread] Added MainViewComponent
31 Mar 2016, 18:36:14.016 [  FINER] [       FXGL.EventBus] [JavaFX Application Thread] Firing event: WorldEvent[type=ENTITY_ADDED]
31 Mar 2016, 18:36:14.016 [  FINER] [      FXGL.GameScene] [JavaFX Application Thread] Entity added to scene
31 Mar 2016, 18:36:14.017 [  FINER] [      FXGL.GameScene] [JavaFX Application Thread] Added MainViewComponent
31 Mar 2016, 18:36:14.017 [  FINER] [       FXGL.EventBus] [JavaFX Application Thread] Firing event: WorldEvent[type=ENTITY_ADDED]
31 Mar 2016, 18:36:14.017 [  FINER] [      FXGL.GameScene] [JavaFX Application Thread] Entity added to scene
31 Mar 2016, 18:36:14.017 [  FINER] [      FXGL.GameScene] [JavaFX Application Thread] Added MainViewComponent
31 Mar 2016, 18:36:14.018 [  FINER] [       FXGL.EventBus] [JavaFX Application Thread] Firing event: WorldEvent[type=ENTITY_ADDED]
31 Mar 2016, 18:36:14.019 [  FINER] [      FXGL.GameScene] [JavaFX Application Thread] Entity added to scene
31 Mar 2016, 18:36:14.019 [  FINER] [      FXGL.GameScene] [JavaFX Application Thread] Added MainViewComponent
31 Mar 2016, 18:36:14.785 [  FINER] [    FXGL.AssetLoader] [JavaFX Application Thread] Loading from disk: /assets/textures/laser1.png
31 Mar 2016, 18:36:14.785 [  FINER] [    FXGL.AssetLoader] [JavaFX Application Thread] Loading failed for asset: laser1.png. Cause: Asset "/assets/textures/laser1.png" was not found!
31 Mar 2016, 18:36:14.786 [  FINER] [    FXGL.Application] [JavaFX Application Thread] Pausing main loop
31 Mar 2016, 18:36:14.786 [  FINER] [       FXGL.EventBus] [JavaFX Application Thread] Firing event: FXGLEvent[type=PAUSE]
31 Mar 2016, 18:36:14.786 [  FINER] [          FXGL.Input] [JavaFX Application Thread] Clearing active input actions
31 Mar 2016, 18:36:14.787 [  FINER] [    FXGL.MasterTimer] [JavaFX Application Thread] Stopping master timer
31 Mar 2016, 18:36:14.788 [  FINER] [    FXGL.Application] [JavaFX Application Thread] State: PLAYING -> PAUSED
31 Mar 2016, 18:36:14.788 [ SEVERE] [    FXGL.Application] [JavaFX Application Thread] Uncaught Exception:
31 Mar 2016, 18:36:14.789 [ SEVERE] [    FXGL.Application] [JavaFX Application Thread] 

Exception occurred: java.lang.RuntimeException : java.lang.reflect.InvocationTargetExceptionE: com.almasb.fxgl.input.Input$1.onAction(Input.java:424)
E: java.lang.Iterable.forEach(Unknown Source)
E: com.almasb.fxgl.input.Input.lambda$new$82(Input.java:112)
E: com.sun.javafx.event.CompositeEventHandler$NormalEventHandlerRecord.handleBubblingEvent(Unknown Source)
E: com.sun.javafx.event.CompositeEventHandler.dispatchBubblingEvent(Unknown Source)
E: com.sun.javafx.event.EventHandlerManager.dispatchBubblingEvent(Unknown Source)
E: com.sun.javafx.event.EventHandlerManager.dispatchBubblingEvent(Unknown Source)
E: com.sun.javafx.event.CompositeEventDispatcher.dispatchBubblingEvent(Unknown Source)
E: com.sun.javafx.event.BasicEventDispatcher.dispatchEvent(Unknown Source)
E: com.sun.javafx.event.EventDispatchChainImpl.dispatchEvent(Unknown Source)
E: com.sun.javafx.event.EventUtil.fireEventImpl(Unknown Source)
E: com.sun.javafx.event.EventUtil.fireEvent(Unknown Source)
E: javafx.event.Event.fireEvent(Unknown Source)
E: javafx.scene.Node.fireEvent(Unknown Source)
E: com.almasb.fxeventbus.FXEventBus.fireEvent(FXEventBus.java:28)
E: com.almasb.fxgl.event.FXGLEventBus.fireEvent(FXGLEventBus.java:73)
E: com.almasb.fxgl.time.FXGLMasterTimer.handle(FXGLMasterTimer.java:132)
E: javafx.animation.AnimationTimer$AnimationTimerReceiver.lambda$handle$484(Unknown Source)
E: java.security.AccessController.doPrivileged(Native Method)
E: javafx.animation.AnimationTimer$AnimationTimerReceiver.handle(Unknown Source)
E: com.sun.scenario.animation.AbstractMasterTimer.timePulseImpl(Unknown Source)
E: com.sun.scenario.animation.AbstractMasterTimer$MainLoop.run(Unknown Source)
E: com.sun.javafx.tk.quantum.QuantumToolkit.pulse(Unknown Source)
E: com.sun.javafx.tk.quantum.QuantumToolkit.pulse(Unknown Source)
E: com.sun.javafx.tk.quantum.QuantumToolkit.lambda$runToolkit$404(Unknown Source)
E: com.sun.glass.ui.InvokeLaterDispatcher$Future.run(Unknown Source)
E: com.sun.glass.ui.win.WinApplication._runLoop(Native Method)
E: com.sun.glass.ui.win.WinApplication.lambda$null$148(Unknown Source)
E: java.lang.Thread.run(Unknown Source)

31 Mar 2016, 18:36:14.789 [ SEVERE] [    FXGL.Application] [JavaFX Application Thread] Application will now exit
31 Mar 2016, 18:36:24.712 [  FINER] [    FXGL.Application] [JavaFX Application Thread] Exiting Normally
31 Mar 2016, 18:36:24.712 [  FINER] [    FXGL.Application] [JavaFX Application Thread] Saving data to profile
31 Mar 2016, 18:36:24.712 [  FINER] [    FXGL.UserProfile] [JavaFX Application Thread] Logging bundle: game
31 Mar 2016, 18:36:24.712 [  FINER] [    FXGL.UserProfile] [JavaFX Application Thread] game.playtime=414948516035
31 Mar 2016, 18:36:24.712 [  FINER] [       FXGL.EventBus] [JavaFX Application Thread] Firing event: SaveEvent
31 Mar 2016, 18:36:24.712 [  FINER] [        FXGL.Display] [JavaFX Application Thread] Saving data to profile
31 Mar 2016, 18:36:24.713 [  FINER] [    FXGL.UserProfile] [JavaFX Application Thread] Logging bundle: scene
31 Mar 2016, 18:36:24.713 [  FINER] [    FXGL.UserProfile] [JavaFX Application Thread] scene.sizeW=480.0
31 Mar 2016, 18:36:24.713 [  FINER] [    FXGL.UserProfile] [JavaFX Application Thread] scene.sizeH=600.0
31 Mar 2016, 18:36:24.713 [  FINER] [          FXGL.Input] [JavaFX Application Thread] Saving data to profile
31 Mar 2016, 18:36:24.714 [  FINER] [    FXGL.UserProfile] [JavaFX Application Thread] Logging bundle: input
31 Mar 2016, 18:36:24.714 [  FINER] [    FXGL.UserProfile] [JavaFX Application Thread] input.Shoot=Space
31 Mar 2016, 18:36:24.714 [  FINER] [    FXGL.UserProfile] [JavaFX Application Thread] input.Move Right=D
31 Mar 2016, 18:36:24.714 [  FINER] [    FXGL.UserProfile] [JavaFX Application Thread] input.Move Left=A
31 Mar 2016, 18:36:24.714 [  FINER] [    FXGL.AudioPlayer] [JavaFX Application Thread] Saving data to profile
31 Mar 2016, 18:36:24.714 [  FINER] [    FXGL.UserProfile] [JavaFX Application Thread] Logging bundle: audio
31 Mar 2016, 18:36:24.715 [  FINER] [    FXGL.UserProfile] [JavaFX Application Thread] audio.musicVolume=0.5
31 Mar 2016, 18:36:24.715 [  FINER] [    FXGL.UserProfile] [JavaFX Application Thread] audio.soundVolume=0.5
31 Mar 2016, 18:36:24.715 [  FINER] [FXGL.AchievementMana] [JavaFX Application Thread] Saving data to profile
31 Mar 2016, 18:36:24.715 [  FINER] [    FXGL.UserProfile] [JavaFX Application Thread] Logging bundle: achievement
31 Mar 2016, 18:36:24.715 [  FINER] [FXGL.SaveLoadManager] [JavaFX Application Thread] Saving profile: Jimmy
31 Mar 2016, 18:36:24.721 [  FINER] [       FXGL.EventBus] [JavaFX Application Thread] Firing event: FXGLEvent[type=EXIT]
31 Mar 2016, 18:36:24.721 [  FINER] [         FXGL.Logger] [JavaFX Application Thread] Logger is closing
