19 Mar 2016, 14:11:17.634 [   INFO] [         FXGL.Logger] [JavaFX Application Thread] Logger initialized with level: CONFIG
19 Mar 2016, 14:11:17.637 [  FINER] [         FXGL.Logger] [JavaFX Application Thread] CPU cores: 4
19 Mar 2016, 14:11:17.640 [  FINER] [         FXGL.Logger] [JavaFX Application Thread] Free Memory: 109MB
19 Mar 2016, 14:11:17.641 [  FINER] [         FXGL.Logger] [JavaFX Application Thread] Max Memory: 1776MB
19 Mar 2016, 14:11:17.641 [  FINER] [         FXGL.Logger] [JavaFX Application Thread] Total Memory: 121MB
19 Mar 2016, 14:11:17.642 [  FINER] [         FXGL.Logger] [JavaFX Application Thread] System Properties:
19 Mar 2016, 14:11:17.643 [  FINER] [         FXGL.Logger] [JavaFX Application Thread] sun.cpu.isalist=amd64
19 Mar 2016, 14:11:17.643 [  FINER] [         FXGL.Logger] [JavaFX Application Thread] sun.desktop=windows
19 Mar 2016, 14:11:17.644 [  FINER] [         FXGL.Logger] [JavaFX Application Thread] sun.io.unicode.encoding=UnicodeLittle
19 Mar 2016, 14:11:17.644 [  FINER] [         FXGL.Logger] [JavaFX Application Thread] sun.cpu.endian=little
19 Mar 2016, 14:11:17.644 [  FINER] [         FXGL.Logger] [JavaFX Application Thread] java.vendor.url.bug=http://bugreport.sun.com/bugreport/
19 Mar 2016, 14:11:17.644 [  FINER] [         FXGL.Logger] [JavaFX Application Thread] file.separator=\
19 Mar 2016, 14:11:17.645 [  FINER] [         FXGL.Logger] [JavaFX Application Thread] java.vendor=Oracle Corporation
19 Mar 2016, 14:11:17.645 [  FINER] [         FXGL.Logger] [JavaFX Application Thread] sun.boot.class.path=C:\Program Files\Java\jre1.8.0_73\lib\resources.jar;C:\Program Files\Java\jre1.8.0_73\lib\rt.jar;C:\Program Files\Java\jre1.8.0_73\lib\sunrsasign.jar;C:\Program Files\Java\jre1.8.0_73\lib\jsse.jar;C:\Program Files\Java\jre1.8.0_73\lib\jce.jar;C:\Program Files\Java\jre1.8.0_73\lib\charsets.jar;C:\Program Files\Java\jre1.8.0_73\lib\jfr.jar;C:\Program Files\Java\jre1.8.0_73\classes
19 Mar 2016, 14:11:17.645 [  FINER] [         FXGL.Logger] [JavaFX Application Thread] java.ext.dirs=C:\Program Files\Java\jre1.8.0_73\lib\ext;C:\Windows\Sun\Java\lib\ext
19 Mar 2016, 14:11:17.645 [  FINER] [         FXGL.Logger] [JavaFX Application Thread] java.version=1.8.0_73
19 Mar 2016, 14:11:17.646 [  FINER] [         FXGL.Logger] [JavaFX Application Thread] java.vm.info=mixed mode
19 Mar 2016, 14:11:17.646 [  FINER] [         FXGL.Logger] [JavaFX Application Thread] awt.toolkit=sun.awt.windows.WToolkit
19 Mar 2016, 14:11:17.646 [  FINER] [         FXGL.Logger] [JavaFX Application Thread] user.language=en
19 Mar 2016, 14:11:17.646 [  FINER] [         FXGL.Logger] [JavaFX Application Thread] java.specification.vendor=Oracle Corporation
19 Mar 2016, 14:11:17.647 [  FINER] [         FXGL.Logger] [JavaFX Application Thread] sun.java.command=com.chromalife.SpaceInvaders.SpaceInvadersApp
19 Mar 2016, 14:11:17.647 [  FINER] [         FXGL.Logger] [JavaFX Application Thread] java.home=C:\Program Files\Java\jre1.8.0_73
19 Mar 2016, 14:11:17.647 [  FINER] [         FXGL.Logger] [JavaFX Application Thread] sun.arch.data.model=64
19 Mar 2016, 14:11:17.647 [  FINER] [         FXGL.Logger] [JavaFX Application Thread] java.vm.specification.version=1.8
19 Mar 2016, 14:11:17.648 [  FINER] [         FXGL.Logger] [JavaFX Application Thread] java.class.path=C:\Users\User\Documents\School\spring 2016\github\SpaceInvaders\target\classes;C:\Users\User\.m2\repository\com\github\AlmasB\FXGL\0.2.1-0.2.0-gba5970d-32\FXGL-0.2.1-0.2.0-gba5970d-32.jar;C:\Users\User\.m2\repository\com\google\inject\guice\4.0\guice-4.0.jar;C:\Users\User\.m2\repository\javax\inject\javax.inject\1\javax.inject-1.jar;C:\Users\User\.m2\repository\aopalliance\aopalliance\1.0\aopalliance-1.0.jar;C:\Users\User\.m2\repository\com\google\guava\guava\16.0.1\guava-16.0.1.jar;C:\Users\User\.m2\repository\org\jfxtras\jfxtras-window\8.0-r4\jfxtras-window-8.0-r4.jar;C:\Users\User\.m2\repository\org\jfxtras\jfxtras-common\8.0-r4\jfxtras-common-8.0-r4.jar;C:\Users\User\.m2\repository\com\github\AlmasB\FXEventBus\1.0\FXEventBus-1.0.jar;C:\Users\User\.m2\repository\com\github\AlmasB\Ents\1.0\Ents-1.0.jar;C:\Users\User\.m2\repository\org\apache\logging\log4j\log4j-api\2.5\log4j-api-2.5.jar;C:\Users\User\.m2\repository\org\apache\logging\log4j\log4j-core\2.5\log4j-core-2.5.jar;C:\Users\User\.m2\repository\com\github\AlmasB\AStar\1.0\AStar-1.0.jar
19 Mar 2016, 14:11:17.648 [  FINER] [         FXGL.Logger] [JavaFX Application Thread] user.name=User
19 Mar 2016, 14:11:17.648 [  FINER] [         FXGL.Logger] [JavaFX Application Thread] file.encoding=UTF-8
19 Mar 2016, 14:11:17.649 [  FINER] [         FXGL.Logger] [JavaFX Application Thread] java.specification.version=1.8
19 Mar 2016, 14:11:17.649 [  FINER] [         FXGL.Logger] [JavaFX Application Thread] java.awt.printerjob=sun.awt.windows.WPrinterJob
19 Mar 2016, 14:11:17.649 [  FINER] [         FXGL.Logger] [JavaFX Application Thread] user.timezone=America/New_York
19 Mar 2016, 14:11:17.649 [  FINER] [         FXGL.Logger] [JavaFX Application Thread] user.home=C:\Users\User
19 Mar 2016, 14:11:17.649 [  FINER] [         FXGL.Logger] [JavaFX Application Thread] os.version=6.1
19 Mar 2016, 14:11:17.650 [  FINER] [         FXGL.Logger] [JavaFX Application Thread] sun.management.compiler=HotSpot 64-Bit Tiered Compilers
19 Mar 2016, 14:11:17.650 [  FINER] [         FXGL.Logger] [JavaFX Application Thread] java.specification.name=Java Platform API Specification
19 Mar 2016, 14:11:17.650 [  FINER] [         FXGL.Logger] [JavaFX Application Thread] java.class.version=52.0
19 Mar 2016, 14:11:17.650 [  FINER] [         FXGL.Logger] [JavaFX Application Thread] java.library.path=C:\Program Files\Java\jre1.8.0_73\bin;C:\Windows\Sun\Java\bin;C:\Windows\system32;C:\Windows;C:/Program Files/Java/jre1.8.0_73/bin/server;C:/Program Files/Java/jre1.8.0_73/bin;C:/Program Files/Java/jre1.8.0_73/lib/amd64;C:\ProgramData\Oracle\Java\javapath;C:\Windows\system32;C:\Windows;C:\Windows\System32\Wbem;C:\Windows\System32\WindowsPowerShell\v1.0\;C:\Program Files\nodejs\;C:\Program Files\Microsoft SQL Server\110\Tools\Binn\;C:\Program Files (x86)\Skype\Phone\;C:\Users\User\AppData\Roaming\npm;C:\eclipse;;.
19 Mar 2016, 14:11:17.651 [  FINER] [         FXGL.Logger] [JavaFX Application Thread] sun.jnu.encoding=Cp1252
19 Mar 2016, 14:11:17.651 [  FINER] [         FXGL.Logger] [JavaFX Application Thread] os.name=Windows 7
19 Mar 2016, 14:11:17.651 [  FINER] [         FXGL.Logger] [JavaFX Application Thread] user.variant=
19 Mar 2016, 14:11:17.651 [  FINER] [         FXGL.Logger] [JavaFX Application Thread] java.vm.specification.vendor=Oracle Corporation
19 Mar 2016, 14:11:17.652 [  FINER] [         FXGL.Logger] [JavaFX Application Thread] java.io.tmpdir=C:\Users\User\AppData\Local\Temp\
19 Mar 2016, 14:11:17.652 [  FINER] [         FXGL.Logger] [JavaFX Application Thread] line.separator=

19 Mar 2016, 14:11:17.652 [  FINER] [         FXGL.Logger] [JavaFX Application Thread] java.endorsed.dirs=C:\Program Files\Java\jre1.8.0_73\lib\endorsed
19 Mar 2016, 14:11:17.652 [  FINER] [         FXGL.Logger] [JavaFX Application Thread] os.arch=amd64
19 Mar 2016, 14:11:17.653 [  FINER] [         FXGL.Logger] [JavaFX Application Thread] javafx.runtime.version=8.0.71-b15
19 Mar 2016, 14:11:17.653 [  FINER] [         FXGL.Logger] [JavaFX Application Thread] java.awt.graphicsenv=sun.awt.Win32GraphicsEnvironment
19 Mar 2016, 14:11:17.653 [  FINER] [         FXGL.Logger] [JavaFX Application Thread] java.runtime.version=1.8.0_73-b02
19 Mar 2016, 14:11:17.653 [  FINER] [         FXGL.Logger] [JavaFX Application Thread] java.vm.specification.name=Java Virtual Machine Specification
19 Mar 2016, 14:11:17.653 [  FINER] [         FXGL.Logger] [JavaFX Application Thread] user.dir=C:\Users\User\Documents\School\spring 2016\github\SpaceInvaders
19 Mar 2016, 14:11:17.654 [  FINER] [         FXGL.Logger] [JavaFX Application Thread] user.country=US
19 Mar 2016, 14:11:17.654 [  FINER] [         FXGL.Logger] [JavaFX Application Thread] user.script=
19 Mar 2016, 14:11:17.654 [  FINER] [         FXGL.Logger] [JavaFX Application Thread] sun.java.launcher=SUN_STANDARD
19 Mar 2016, 14:11:17.654 [  FINER] [         FXGL.Logger] [JavaFX Application Thread] sun.os.patch.level=Service Pack 1
19 Mar 2016, 14:11:17.654 [  FINER] [         FXGL.Logger] [JavaFX Application Thread] java.vm.name=Java HotSpot(TM) 64-Bit Server VM
19 Mar 2016, 14:11:17.655 [  FINER] [         FXGL.Logger] [JavaFX Application Thread] file.encoding.pkg=sun.io
19 Mar 2016, 14:11:17.655 [  FINER] [         FXGL.Logger] [JavaFX Application Thread] path.separator=;
19 Mar 2016, 14:11:17.655 [  FINER] [         FXGL.Logger] [JavaFX Application Thread] java.vm.vendor=Oracle Corporation
19 Mar 2016, 14:11:17.655 [  FINER] [         FXGL.Logger] [JavaFX Application Thread] java.vendor.url=http://java.oracle.com/
19 Mar 2016, 14:11:17.656 [  FINER] [         FXGL.Logger] [JavaFX Application Thread] sun.boot.library.path=C:\Program Files\Java\jre1.8.0_73\bin
19 Mar 2016, 14:11:17.656 [  FINER] [         FXGL.Logger] [JavaFX Application Thread] java.vm.version=25.73-b02
19 Mar 2016, 14:11:17.656 [  FINER] [         FXGL.Logger] [JavaFX Application Thread] java.runtime.name=Java(TM) SE Runtime Environment
19 Mar 2016, 14:11:17.657 [  FINER] [         FXGL.Logger] [JavaFX Application Thread] javafx.version=8.0.71
19 Mar 2016, 14:11:17.662 [   INFO] [        FXGL.Version] [JavaFX Application Thread] FXGL-0.2.1-SNAPSHOT
19 Mar 2016, 14:11:17.662 [   INFO] [        FXGL.Version] [JavaFX Application Thread] Source code and latest builds at: https://github.com/AlmasB/FXGL
19 Mar 2016, 14:11:17.670 [  FINER] [    FXGL.Application] [JavaFX Application Thread] Game_clinit()
19 Mar 2016, 14:11:17.677 [  FINER] [    FXGL.Application] [JavaFX-Launcher] FXGL_init()
19 Mar 2016, 14:11:17.703 [  FINER] [    FXGL.Application] [JavaFX Application Thread] FXGL_start()
19 Mar 2016, 14:11:17.704 [  FINER] [    FXGL.Application] [JavaFX Application Thread] Initializing system properties
19 Mar 2016, 14:11:17.706 [  FINER] [    FXGL.Application] [JavaFX Application Thread] sound.notification = system/notification.wav
19 Mar 2016, 14:11:17.707 [  FINER] [    FXGL.Application] [JavaFX Application Thread] asset.cache.size = 35
19 Mar 2016, 14:11:17.707 [  FINER] [    FXGL.Application] [JavaFX Application Thread] ui.font = Copperplate_Gothic_Light_Regular.ttf
19 Mar 2016, 14:11:17.707 [  FINER] [    FXGL.Application] [JavaFX Application Thread] sound.menu.back = menu/back.wav
19 Mar 2016, 14:11:17.708 [  FINER] [    FXGL.Application] [JavaFX Application Thread] sound.menu.select = menu/select.wav
19 Mar 2016, 14:11:17.708 [  FINER] [    FXGL.Application] [JavaFX Application Thread] physics.ppm = 50
19 Mar 2016, 14:11:17.708 [  FINER] [    FXGL.Application] [JavaFX Application Thread] ui.css = fxgl.css
19 Mar 2016, 14:11:17.708 [  FINER] [    FXGL.Application] [JavaFX Application Thread] ui.icon.name = fxgl_icon.png
19 Mar 2016, 14:11:17.709 [  FINER] [    FXGL.Application] [JavaFX Application Thread] sound.menu.press = menu/press.wav
19 Mar 2016, 14:11:17.709 [  FINER] [    FXGL.Application] [JavaFX Application Thread] Initializing user properties
19 Mar 2016, 14:11:17.709 [   INFO] [    FXGL.Application] [JavaFX Application Thread] User properties not found. Using system
19 Mar 2016, 14:11:17.723 [   INFO] [         FXGL.Logger] [JavaFX Application Thread] Logger level set to: CONFIG
19 Mar 2016, 14:11:17.725 [   INFO] [    FXGL.Application] [JavaFX Application Thread] Application Mode: DEVELOPER
19 Mar 2016, 14:11:18.228 [  FINER] [    FXGL.Application] [JavaFX Application Thread] Services configuration complete
19 Mar 2016, 14:11:18.241 [  FINER] [       FXGL.EventBus] [JavaFX Application Thread] Service [EventBus] initialized
19 Mar 2016, 14:11:18.244 [  FINER] [    FXGL.AssetLoader] [JavaFX Application Thread] Service [AssetLoader] initialized
19 Mar 2016, 14:11:18.247 [  FINER] [    FXGL.AssetLoader] [JavaFX Application Thread] Loading from disk: /assets/sounds/system/notification.wav
19 Mar 2016, 14:11:18.273 [  FINER] [    FXGL.AssetLoader] [JavaFX Application Thread] Loading from disk: /assets/sounds/menu/select.wav
19 Mar 2016, 14:11:18.275 [  FINER] [    FXGL.AssetLoader] [JavaFX Application Thread] Loading from disk: /assets/sounds/menu/back.wav
19 Mar 2016, 14:11:18.277 [  FINER] [    FXGL.AssetLoader] [JavaFX Application Thread] Loading from disk: /assets/sounds/menu/press.wav
19 Mar 2016, 14:11:18.279 [  FINER] [    FXGL.AssetLoader] [JavaFX Application Thread] Loading from disk: /assets/ui/fonts/Copperplate_Gothic_Light_Regular.ttf
19 Mar 2016, 14:11:18.537 [  FINER] [    FXGL.AssetLoader] [JavaFX Application Thread] Loading from disk: /assets/ui/css/fxgl.css
19 Mar 2016, 14:11:18.538 [  FINER] [    FXGL.AssetLoader] [JavaFX Application Thread] Loading from disk: /assets/ui/icons/fxgl_icon.png
19 Mar 2016, 14:11:18.588 [  FINER] [    FXGL.AssetLoader] [JavaFX Application Thread] Loading from disk: /assets/ui/css/fxgl_dark.css
19 Mar 2016, 14:11:18.669 [  FINER] [        FXGL.Display] [JavaFX Application Thread] Target size: 480.0x600.0@1.0
19 Mar 2016, 14:11:18.669 [  FINER] [        FXGL.Display] [JavaFX Application Thread] New size:    480.0x600.0@1.0
19 Mar 2016, 14:11:18.671 [  FINER] [        FXGL.Display] [JavaFX Application Thread] Service [Display] initialized
19 Mar 2016, 14:11:18.671 [  FINER] [        FXGL.Display] [JavaFX Application Thread] Using CSS: CSS[jar:file:/C:/Users/User/.m2/repository/com/github/AlmasB/FXGL/0.2.1-0.2.0-gba5970d-32/FXGL-0.2.1-0.2.0-gba5970d-32.jar!/assets/ui/css/fxgl_dark.css]
19 Mar 2016, 14:11:18.675 [  FINER] [          FXGL.Input] [JavaFX Application Thread] Service [Input] initialized
19 Mar 2016, 14:11:18.678 [  FINER] [    FXGL.AudioPlayer] [JavaFX Application Thread] Service [AudioPlayer] initialized
19 Mar 2016, 14:11:18.686 [  FINER] [    FXGL.MasterTimer] [JavaFX Application Thread] Service [MasterTimer] initialized
19 Mar 2016, 14:11:18.702 [  FINER] [      FXGL.GameScene] [JavaFX Application Thread] Game scene initialized
19 Mar 2016, 14:11:18.704 [  FINER] [FXGL.NotificationSer] [JavaFX Application Thread] Service [NotificationService] initialized
19 Mar 2016, 14:11:18.976 [  FINER] [      FXGL.GameWorld] [JavaFX Application Thread] Game world initialized
19 Mar 2016, 14:11:19.033 [  FINER] [   FXGL.PhysicsWorld] [JavaFX Application Thread] Physics world initialized
19 Mar 2016, 14:11:19.138 [  FINER] [    FXGL.Application] [JavaFX Application Thread] Game_start()
19 Mar 2016, 14:11:19.150 [  FINER] [          FXGL.Input] [JavaFX Application Thread] Registered new binding: Move Left A
19 Mar 2016, 14:11:19.151 [  FINER] [          FXGL.Input] [JavaFX Application Thread] Registered new binding: Shoot Space
19 Mar 2016, 14:11:19.152 [  FINER] [          FXGL.Input] [JavaFX Application Thread] Registered new binding: Move Right D
19 Mar 2016, 14:11:19.155 [  FINER] [    FXGL.Application] [JavaFX Application Thread] Saving data to profile
19 Mar 2016, 14:11:19.156 [  FINER] [    FXGL.UserProfile] [JavaFX Application Thread] Logging bundle: game
19 Mar 2016, 14:11:19.157 [  FINER] [    FXGL.UserProfile] [JavaFX Application Thread] game.playtime=1480057081
19 Mar 2016, 14:11:19.157 [  FINER] [       FXGL.EventBus] [JavaFX Application Thread] Firing event: SaveEvent
19 Mar 2016, 14:11:19.159 [  FINER] [        FXGL.Display] [JavaFX Application Thread] Saving data to profile
19 Mar 2016, 14:11:19.159 [  FINER] [    FXGL.UserProfile] [JavaFX Application Thread] Logging bundle: scene
19 Mar 2016, 14:11:19.159 [  FINER] [    FXGL.UserProfile] [JavaFX Application Thread] scene.sizeW=480.0
19 Mar 2016, 14:11:19.160 [  FINER] [    FXGL.UserProfile] [JavaFX Application Thread] scene.sizeH=600.0
19 Mar 2016, 14:11:19.160 [  FINER] [          FXGL.Input] [JavaFX Application Thread] Saving data to profile
19 Mar 2016, 14:11:19.160 [  FINER] [    FXGL.UserProfile] [JavaFX Application Thread] Logging bundle: input
19 Mar 2016, 14:11:19.160 [  FINER] [    FXGL.UserProfile] [JavaFX Application Thread] input.Shoot=Space
19 Mar 2016, 14:11:19.161 [  FINER] [    FXGL.UserProfile] [JavaFX Application Thread] input.Move Right=D
19 Mar 2016, 14:11:19.161 [  FINER] [    FXGL.UserProfile] [JavaFX Application Thread] input.Move Left=A
19 Mar 2016, 14:11:19.161 [  FINER] [    FXGL.AudioPlayer] [JavaFX Application Thread] Saving data to profile
19 Mar 2016, 14:11:19.161 [  FINER] [    FXGL.UserProfile] [JavaFX Application Thread] Logging bundle: audio
19 Mar 2016, 14:11:19.162 [  FINER] [    FXGL.UserProfile] [JavaFX Application Thread] audio.musicVolume=0.5
19 Mar 2016, 14:11:19.162 [  FINER] [    FXGL.UserProfile] [JavaFX Application Thread] audio.soundVolume=0.5
19 Mar 2016, 14:11:19.162 [  FINER] [FXGL.AchievementMana] [JavaFX Application Thread] Saving data to profile
19 Mar 2016, 14:11:19.163 [  FINER] [    FXGL.UserProfile] [JavaFX Application Thread] Logging bundle: achievement
19 Mar 2016, 14:11:19.164 [  FINER] [    FXGL.Application] [JavaFX Application Thread] Starting new game
19 Mar 2016, 14:11:19.165 [  FINER] [    FXGL.Application] [JavaFX Application Thread] Initializing App
19 Mar 2016, 14:11:19.166 [  FINER] [    FXGL.Application] [JavaFX Application Thread] Pausing main loop
19 Mar 2016, 14:11:19.166 [  FINER] [       FXGL.EventBus] [JavaFX Application Thread] Firing event: FXGLEvent[type=PAUSE]
19 Mar 2016, 14:11:19.166 [  FINER] [          FXGL.Input] [JavaFX Application Thread] Clearing active input actions
19 Mar 2016, 14:11:19.166 [  FINER] [    FXGL.MasterTimer] [JavaFX Application Thread] Stopping master timer
19 Mar 2016, 14:11:19.167 [  FINER] [    FXGL.Application] [JavaFX Application Thread] State: STARTUP -> PAUSED
19 Mar 2016, 14:11:19.167 [  FINER] [    FXGL.Application] [JavaFX Application Thread] Resetting FXGL application
19 Mar 2016, 14:11:19.168 [  FINER] [       FXGL.EventBus] [JavaFX Application Thread] Firing event: FXGLEvent[type=RESET]
19 Mar 2016, 14:11:19.168 [  FINER] [          FXGL.Input] [JavaFX Application Thread] Clearing active input actions
19 Mar 2016, 14:11:19.168 [  FINER] [    FXGL.MasterTimer] [JavaFX Application Thread] Resetting ticks to 0
19 Mar 2016, 14:11:19.169 [  FINER] [    FXGL.MasterTimer] [JavaFX Application Thread] Clearing all scheduled actions
19 Mar 2016, 14:11:19.169 [  FINER] [      FXGL.GameScene] [JavaFX Application Thread] Resetting game scene
19 Mar 2016, 14:11:19.169 [  FINER] [      FXGL.GameWorld] [JavaFX Application Thread] Resetting game world
19 Mar 2016, 14:11:19.172 [  FINER] [    FXGL.Application] [JavaFX Application Thread] State: PAUSED -> LOADING
19 Mar 2016, 14:11:19.211 [  FINER] [    FXGL.Application] [JavaFX Application Thread] Starting FXGL Init Thread
19 Mar 2016, 14:11:19.212 [  FINER] [    FXGL.Application] [FXGL Init Thread] Initializing Assets
19 Mar 2016, 14:11:19.213 [  FINER] [    FXGL.AssetLoader] [FXGL Init Thread] Loading from disk: /assets/textures/spaceshipReduced.png
19 Mar 2016, 14:11:19.219 [  FINER] [    FXGL.Application] [FXGL Init Thread] Initializing Game
19 Mar 2016, 14:11:19.247 [  FINER] [    FXGL.AssetLoader] [FXGL Init Thread] Loading from disk: /assets/textures/enemyReduced2.png
19 Mar 2016, 14:11:19.279 [  FINER] [    FXGL.AssetLoader] [FXGL Init Thread] Loading from disk: /assets/textures/enemyReduced1.png
19 Mar 2016, 14:11:19.283 [  FINER] [    FXGL.AssetLoader] [FXGL Init Thread] Loading from disk: /assets/textures/enemyReduced3.png
19 Mar 2016, 14:11:19.286 [  FINER] [    FXGL.AssetLoader] [FXGL Init Thread] Loading from cache: /assets/textures/enemyReduced1.png
19 Mar 2016, 14:11:19.288 [  FINER] [    FXGL.AssetLoader] [FXGL Init Thread] Loading from cache: /assets/textures/enemyReduced3.png
19 Mar 2016, 14:11:19.289 [  FINER] [    FXGL.AssetLoader] [FXGL Init Thread] Loading from cache: /assets/textures/enemyReduced2.png
19 Mar 2016, 14:11:19.291 [  FINER] [    FXGL.AssetLoader] [FXGL Init Thread] Loading from cache: /assets/textures/enemyReduced2.png
19 Mar 2016, 14:11:19.292 [  FINER] [    FXGL.AssetLoader] [FXGL Init Thread] Loading from cache: /assets/textures/enemyReduced1.png
19 Mar 2016, 14:11:19.295 [  FINER] [    FXGL.AssetLoader] [FXGL Init Thread] Loading from cache: /assets/textures/enemyReduced1.png
19 Mar 2016, 14:11:19.296 [  FINER] [    FXGL.AssetLoader] [FXGL Init Thread] Loading from cache: /assets/textures/enemyReduced3.png
19 Mar 2016, 14:11:19.298 [  FINER] [    FXGL.AssetLoader] [FXGL Init Thread] Loading from cache: /assets/textures/enemyReduced2.png
19 Mar 2016, 14:11:19.299 [  FINER] [    FXGL.AssetLoader] [FXGL Init Thread] Loading from cache: /assets/textures/enemyReduced1.png
19 Mar 2016, 14:11:19.301 [  FINER] [    FXGL.AssetLoader] [FXGL Init Thread] Loading from cache: /assets/textures/enemyReduced3.png
19 Mar 2016, 14:11:19.303 [  FINER] [    FXGL.AssetLoader] [FXGL Init Thread] Loading from cache: /assets/textures/enemyReduced3.png
19 Mar 2016, 14:11:19.305 [  FINER] [    FXGL.AssetLoader] [FXGL Init Thread] Loading from cache: /assets/textures/enemyReduced3.png
19 Mar 2016, 14:11:19.307 [  FINER] [    FXGL.AssetLoader] [FXGL Init Thread] Loading from cache: /assets/textures/enemyReduced2.png
19 Mar 2016, 14:11:19.309 [  FINER] [    FXGL.AssetLoader] [FXGL Init Thread] Loading from cache: /assets/textures/enemyReduced3.png
19 Mar 2016, 14:11:19.310 [  FINER] [    FXGL.AssetLoader] [FXGL Init Thread] Loading from cache: /assets/textures/enemyReduced1.png
19 Mar 2016, 14:11:19.312 [  FINER] [    FXGL.AssetLoader] [FXGL Init Thread] Loading from cache: /assets/textures/enemyReduced2.png
19 Mar 2016, 14:11:19.315 [  FINER] [    FXGL.AssetLoader] [FXGL Init Thread] Loading from cache: /assets/textures/enemyReduced2.png
19 Mar 2016, 14:11:19.317 [  FINER] [    FXGL.AssetLoader] [FXGL Init Thread] Loading from cache: /assets/textures/enemyReduced2.png
19 Mar 2016, 14:11:19.319 [  FINER] [    FXGL.AssetLoader] [FXGL Init Thread] Loading from cache: /assets/textures/enemyReduced1.png
19 Mar 2016, 14:11:19.321 [  FINER] [    FXGL.AssetLoader] [FXGL Init Thread] Loading from cache: /assets/textures/enemyReduced1.png
19 Mar 2016, 14:11:19.323 [  FINER] [    FXGL.AssetLoader] [FXGL Init Thread] Loading from cache: /assets/textures/enemyReduced2.png
19 Mar 2016, 14:11:19.324 [  FINER] [    FXGL.AssetLoader] [FXGL Init Thread] Loading from cache: /assets/textures/enemyReduced3.png
19 Mar 2016, 14:11:19.325 [  FINER] [    FXGL.AssetLoader] [FXGL Init Thread] Loading from cache: /assets/textures/enemyReduced3.png
19 Mar 2016, 14:11:19.327 [  FINER] [    FXGL.AssetLoader] [FXGL Init Thread] Loading from cache: /assets/textures/enemyReduced2.png
19 Mar 2016, 14:11:19.329 [  FINER] [    FXGL.AssetLoader] [FXGL Init Thread] Loading from cache: /assets/textures/enemyReduced1.png
19 Mar 2016, 14:11:19.330 [  FINER] [    FXGL.AssetLoader] [FXGL Init Thread] Loading from cache: /assets/textures/enemyReduced1.png
19 Mar 2016, 14:11:19.332 [  FINER] [    FXGL.AssetLoader] [FXGL Init Thread] Loading from cache: /assets/textures/enemyReduced1.png
19 Mar 2016, 14:11:19.333 [  FINER] [    FXGL.AssetLoader] [FXGL Init Thread] Loading from cache: /assets/textures/enemyReduced1.png
19 Mar 2016, 14:11:19.334 [  FINER] [    FXGL.AssetLoader] [FXGL Init Thread] Loading from cache: /assets/textures/enemyReduced1.png
19 Mar 2016, 14:11:19.335 [  FINER] [    FXGL.AssetLoader] [FXGL Init Thread] Loading from cache: /assets/textures/enemyReduced2.png
19 Mar 2016, 14:11:19.336 [  FINER] [    FXGL.AssetLoader] [FXGL Init Thread] Loading from cache: /assets/textures/enemyReduced3.png
19 Mar 2016, 14:11:19.337 [  FINER] [    FXGL.AssetLoader] [FXGL Init Thread] Loading from cache: /assets/textures/enemyReduced3.png
19 Mar 2016, 14:11:19.338 [  FINER] [    FXGL.AssetLoader] [FXGL Init Thread] Loading from cache: /assets/textures/enemyReduced1.png
19 Mar 2016, 14:11:19.339 [  FINER] [    FXGL.AssetLoader] [FXGL Init Thread] Loading from cache: /assets/textures/enemyReduced2.png
19 Mar 2016, 14:11:19.341 [  FINER] [    FXGL.AssetLoader] [FXGL Init Thread] Loading from cache: /assets/textures/enemyReduced3.png
19 Mar 2016, 14:11:19.342 [  FINER] [    FXGL.AssetLoader] [FXGL Init Thread] Loading from cache: /assets/textures/enemyReduced3.png
19 Mar 2016, 14:11:19.344 [  FINER] [    FXGL.AssetLoader] [FXGL Init Thread] Loading from cache: /assets/textures/enemyReduced2.png
19 Mar 2016, 14:11:19.345 [  FINER] [    FXGL.AssetLoader] [FXGL Init Thread] Loading from cache: /assets/textures/enemyReduced2.png
19 Mar 2016, 14:11:19.346 [  FINER] [    FXGL.AssetLoader] [FXGL Init Thread] Loading from cache: /assets/textures/enemyReduced2.png
19 Mar 2016, 14:11:19.348 [  FINER] [    FXGL.AssetLoader] [FXGL Init Thread] Loading from cache: /assets/textures/enemyReduced3.png
19 Mar 2016, 14:11:19.349 [  FINER] [    FXGL.AssetLoader] [FXGL Init Thread] Loading from cache: /assets/textures/enemyReduced1.png
19 Mar 2016, 14:11:19.350 [  FINER] [    FXGL.AssetLoader] [FXGL Init Thread] Loading from cache: /assets/textures/enemyReduced3.png
19 Mar 2016, 14:11:19.351 [  FINER] [    FXGL.AssetLoader] [FXGL Init Thread] Loading from cache: /assets/textures/enemyReduced2.png
19 Mar 2016, 14:11:19.352 [  FINER] [    FXGL.AssetLoader] [FXGL Init Thread] Loading from cache: /assets/textures/enemyReduced2.png
19 Mar 2016, 14:11:19.354 [  FINER] [    FXGL.AssetLoader] [FXGL Init Thread] Loading from cache: /assets/textures/enemyReduced3.png
19 Mar 2016, 14:11:19.355 [  FINER] [    FXGL.AssetLoader] [FXGL Init Thread] Loading from cache: /assets/textures/enemyReduced1.png
19 Mar 2016, 14:11:19.356 [  FINER] [    FXGL.AssetLoader] [FXGL Init Thread] Loading from cache: /assets/textures/enemyReduced3.png
19 Mar 2016, 14:11:19.357 [  FINER] [    FXGL.AssetLoader] [FXGL Init Thread] Loading from cache: /assets/textures/spaceshipReduced.png
19 Mar 2016, 14:11:19.358 [  FINER] [    FXGL.Application] [FXGL Init Thread] Initializing Physics
19 Mar 2016, 14:11:19.359 [  FINER] [    FXGL.Application] [FXGL Init Thread] Initializing UI
19 Mar 2016, 14:11:19.364 [  FINER] [    FXGL.Application] [FXGL Init Thread] Initialization Complete
19 Mar 2016, 14:11:19.484 [  FINER] [    FXGL.Application] [JavaFX Application Thread] Showing stage
19 Mar 2016, 14:11:19.485 [  FINER] [    FXGL.Application] [JavaFX Application Thread] Root size: 480.0x600.0
19 Mar 2016, 14:11:19.485 [  FINER] [    FXGL.Application] [JavaFX Application Thread] Scene size: 480.0x600.0
19 Mar 2016, 14:11:19.485 [  FINER] [    FXGL.Application] [JavaFX Application Thread] Stage size: 486.0x628.0
19 Mar 2016, 14:11:19.514 [  FINER] [       FXGL.EventBus] [JavaFX Application Thread] Firing event: FXGLEvent[type=INIT_APP_COMPLETE]
19 Mar 2016, 14:11:19.514 [  FINER] [    FXGL.Application] [JavaFX Application Thread] Resuming main loop
19 Mar 2016, 14:11:19.515 [  FINER] [       FXGL.EventBus] [JavaFX Application Thread] Firing event: FXGLEvent[type=RESUME]
19 Mar 2016, 14:11:19.515 [  FINER] [          FXGL.Input] [JavaFX Application Thread] Clearing active input actions
19 Mar 2016, 14:11:19.515 [  FINER] [    FXGL.MasterTimer] [JavaFX Application Thread] Starting master timer
19 Mar 2016, 14:11:19.515 [  FINER] [    FXGL.Application] [JavaFX Application Thread] State: LOADING -> PLAYING
19 Mar 2016, 14:11:19.530 [  FINER] [       FXGL.EventBus] [JavaFX Application Thread] Firing event: WorldEvent[type=ENTITY_ADDED]
19 Mar 2016, 14:11:19.530 [  FINER] [      FXGL.GameScene] [JavaFX Application Thread] Entity added to scene
19 Mar 2016, 14:11:19.531 [  FINER] [      FXGL.GameScene] [JavaFX Application Thread] Added MainViewComponent
19 Mar 2016, 14:11:19.533 [  FINER] [      FXGL.GameScene] [JavaFX Application Thread] Creating render group for layer: TOP(2147483647)
19 Mar 2016, 14:11:19.539 [  FINER] [       FXGL.EventBus] [JavaFX Application Thread] Firing event: WorldEvent[type=ENTITY_ADDED]
19 Mar 2016, 14:11:19.539 [  FINER] [      FXGL.GameScene] [JavaFX Application Thread] Entity added to scene
19 Mar 2016, 14:11:19.540 [  FINER] [      FXGL.GameScene] [JavaFX Application Thread] Added MainViewComponent
19 Mar 2016, 14:11:19.540 [  FINER] [       FXGL.EventBus] [JavaFX Application Thread] Firing event: WorldEvent[type=ENTITY_ADDED]
19 Mar 2016, 14:11:19.541 [  FINER] [      FXGL.GameScene] [JavaFX Application Thread] Entity added to scene
19 Mar 2016, 14:11:19.541 [  FINER] [      FXGL.GameScene] [JavaFX Application Thread] Added MainViewComponent
19 Mar 2016, 14:11:19.541 [  FINER] [       FXGL.EventBus] [JavaFX Application Thread] Firing event: WorldEvent[type=ENTITY_ADDED]
19 Mar 2016, 14:11:19.541 [  FINER] [      FXGL.GameScene] [JavaFX Application Thread] Entity added to scene
19 Mar 2016, 14:11:19.541 [  FINER] [      FXGL.GameScene] [JavaFX Application Thread] Added MainViewComponent
19 Mar 2016, 14:11:19.542 [  FINER] [       FXGL.EventBus] [JavaFX Application Thread] Firing event: WorldEvent[type=ENTITY_ADDED]
19 Mar 2016, 14:11:19.542 [  FINER] [      FXGL.GameScene] [JavaFX Application Thread] Entity added to scene
19 Mar 2016, 14:11:19.542 [  FINER] [      FXGL.GameScene] [JavaFX Application Thread] Added MainViewComponent
19 Mar 2016, 14:11:19.543 [  FINER] [       FXGL.EventBus] [JavaFX Application Thread] Firing event: WorldEvent[type=ENTITY_ADDED]
19 Mar 2016, 14:11:19.543 [  FINER] [      FXGL.GameScene] [JavaFX Application Thread] Entity added to scene
19 Mar 2016, 14:11:19.543 [  FINER] [      FXGL.GameScene] [JavaFX Application Thread] Added MainViewComponent
19 Mar 2016, 14:11:19.543 [  FINER] [       FXGL.EventBus] [JavaFX Application Thread] Firing event: WorldEvent[type=ENTITY_ADDED]
19 Mar 2016, 14:11:19.543 [  FINER] [      FXGL.GameScene] [JavaFX Application Thread] Entity added to scene
19 Mar 2016, 14:11:19.544 [  FINER] [      FXGL.GameScene] [JavaFX Application Thread] Added MainViewComponent
19 Mar 2016, 14:11:19.544 [  FINER] [       FXGL.EventBus] [JavaFX Application Thread] Firing event: WorldEvent[type=ENTITY_ADDED]
19 Mar 2016, 14:11:19.544 [  FINER] [      FXGL.GameScene] [JavaFX Application Thread] Entity added to scene
19 Mar 2016, 14:11:19.544 [  FINER] [      FXGL.GameScene] [JavaFX Application Thread] Added MainViewComponent
19 Mar 2016, 14:11:19.545 [  FINER] [       FXGL.EventBus] [JavaFX Application Thread] Firing event: WorldEvent[type=ENTITY_ADDED]
19 Mar 2016, 14:11:19.545 [  FINER] [      FXGL.GameScene] [JavaFX Application Thread] Entity added to scene
19 Mar 2016, 14:11:19.545 [  FINER] [      FXGL.GameScene] [JavaFX Application Thread] Added MainViewComponent
19 Mar 2016, 14:11:19.546 [  FINER] [       FXGL.EventBus] [JavaFX Application Thread] Firing event: WorldEvent[type=ENTITY_ADDED]
19 Mar 2016, 14:11:19.546 [  FINER] [      FXGL.GameScene] [JavaFX Application Thread] Entity added to scene
19 Mar 2016, 14:11:19.546 [  FINER] [      FXGL.GameScene] [JavaFX Application Thread] Added MainViewComponent
19 Mar 2016, 14:11:19.547 [  FINER] [       FXGL.EventBus] [JavaFX Application Thread] Firing event: WorldEvent[type=ENTITY_ADDED]
19 Mar 2016, 14:11:19.548 [  FINER] [      FXGL.GameScene] [JavaFX Application Thread] Entity added to scene
19 Mar 2016, 14:11:19.548 [  FINER] [      FXGL.GameScene] [JavaFX Application Thread] Added MainViewComponent
19 Mar 2016, 14:11:19.549 [  FINER] [       FXGL.EventBus] [JavaFX Application Thread] Firing event: WorldEvent[type=ENTITY_ADDED]
19 Mar 2016, 14:11:19.549 [  FINER] [      FXGL.GameScene] [JavaFX Application Thread] Entity added to scene
19 Mar 2016, 14:11:19.549 [  FINER] [      FXGL.GameScene] [JavaFX Application Thread] Added MainViewComponent
19 Mar 2016, 14:11:19.550 [  FINER] [       FXGL.EventBus] [JavaFX Application Thread] Firing event: WorldEvent[type=ENTITY_ADDED]
19 Mar 2016, 14:11:19.550 [  FINER] [      FXGL.GameScene] [JavaFX Application Thread] Entity added to scene
19 Mar 2016, 14:11:19.550 [  FINER] [      FXGL.GameScene] [JavaFX Application Thread] Added MainViewComponent
19 Mar 2016, 14:11:19.551 [  FINER] [       FXGL.EventBus] [JavaFX Application Thread] Firing event: WorldEvent[type=ENTITY_ADDED]
19 Mar 2016, 14:11:19.551 [  FINER] [      FXGL.GameScene] [JavaFX Application Thread] Entity added to scene
19 Mar 2016, 14:11:19.551 [  FINER] [      FXGL.GameScene] [JavaFX Application Thread] Added MainViewComponent
19 Mar 2016, 14:11:19.551 [  FINER] [       FXGL.EventBus] [JavaFX Application Thread] Firing event: WorldEvent[type=ENTITY_ADDED]
19 Mar 2016, 14:11:19.552 [  FINER] [      FXGL.GameScene] [JavaFX Application Thread] Entity added to scene
19 Mar 2016, 14:11:19.552 [  FINER] [      FXGL.GameScene] [JavaFX Application Thread] Added MainViewComponent
19 Mar 2016, 14:11:19.552 [  FINER] [       FXGL.EventBus] [JavaFX Application Thread] Firing event: WorldEvent[type=ENTITY_ADDED]
19 Mar 2016, 14:11:19.553 [  FINER] [      FXGL.GameScene] [JavaFX Application Thread] Entity added to scene
19 Mar 2016, 14:11:19.553 [  FINER] [      FXGL.GameScene] [JavaFX Application Thread] Added MainViewComponent
19 Mar 2016, 14:11:19.553 [  FINER] [       FXGL.EventBus] [JavaFX Application Thread] Firing event: WorldEvent[type=ENTITY_ADDED]
19 Mar 2016, 14:11:19.553 [  FINER] [      FXGL.GameScene] [JavaFX Application Thread] Entity added to scene
19 Mar 2016, 14:11:19.553 [  FINER] [      FXGL.GameScene] [JavaFX Application Thread] Added MainViewComponent
19 Mar 2016, 14:11:19.554 [  FINER] [       FXGL.EventBus] [JavaFX Application Thread] Firing event: WorldEvent[type=ENTITY_ADDED]
19 Mar 2016, 14:11:19.554 [  FINER] [      FXGL.GameScene] [JavaFX Application Thread] Entity added to scene
19 Mar 2016, 14:11:19.554 [  FINER] [      FXGL.GameScene] [JavaFX Application Thread] Added MainViewComponent
19 Mar 2016, 14:11:19.555 [  FINER] [       FXGL.EventBus] [JavaFX Application Thread] Firing event: WorldEvent[type=ENTITY_ADDED]
19 Mar 2016, 14:11:19.555 [  FINER] [      FXGL.GameScene] [JavaFX Application Thread] Entity added to scene
19 Mar 2016, 14:11:19.555 [  FINER] [      FXGL.GameScene] [JavaFX Application Thread] Added MainViewComponent
19 Mar 2016, 14:11:19.556 [  FINER] [       FXGL.EventBus] [JavaFX Application Thread] Firing event: WorldEvent[type=ENTITY_ADDED]
19 Mar 2016, 14:11:19.556 [  FINER] [      FXGL.GameScene] [JavaFX Application Thread] Entity added to scene
19 Mar 2016, 14:11:19.556 [  FINER] [      FXGL.GameScene] [JavaFX Application Thread] Added MainViewComponent
19 Mar 2016, 14:11:19.557 [  FINER] [       FXGL.EventBus] [JavaFX Application Thread] Firing event: WorldEvent[type=ENTITY_ADDED]
19 Mar 2016, 14:11:19.557 [  FINER] [      FXGL.GameScene] [JavaFX Application Thread] Entity added to scene
19 Mar 2016, 14:11:19.557 [  FINER] [      FXGL.GameScene] [JavaFX Application Thread] Added MainViewComponent
19 Mar 2016, 14:11:19.557 [  FINER] [       FXGL.EventBus] [JavaFX Application Thread] Firing event: WorldEvent[type=ENTITY_ADDED]
19 Mar 2016, 14:11:19.558 [  FINER] [      FXGL.GameScene] [JavaFX Application Thread] Entity added to scene
19 Mar 2016, 14:11:19.558 [  FINER] [      FXGL.GameScene] [JavaFX Application Thread] Added MainViewComponent
19 Mar 2016, 14:11:19.558 [  FINER] [       FXGL.EventBus] [JavaFX Application Thread] Firing event: WorldEvent[type=ENTITY_ADDED]
19 Mar 2016, 14:11:19.558 [  FINER] [      FXGL.GameScene] [JavaFX Application Thread] Entity added to scene
19 Mar 2016, 14:11:19.558 [  FINER] [      FXGL.GameScene] [JavaFX Application Thread] Added MainViewComponent
19 Mar 2016, 14:11:19.559 [  FINER] [       FXGL.EventBus] [JavaFX Application Thread] Firing event: WorldEvent[type=ENTITY_ADDED]
19 Mar 2016, 14:11:19.559 [  FINER] [      FXGL.GameScene] [JavaFX Application Thread] Entity added to scene
19 Mar 2016, 14:11:19.559 [  FINER] [      FXGL.GameScene] [JavaFX Application Thread] Added MainViewComponent
19 Mar 2016, 14:11:19.560 [  FINER] [       FXGL.EventBus] [JavaFX Application Thread] Firing event: WorldEvent[type=ENTITY_ADDED]
19 Mar 2016, 14:11:19.560 [  FINER] [      FXGL.GameScene] [JavaFX Application Thread] Entity added to scene
19 Mar 2016, 14:11:19.560 [  FINER] [      FXGL.GameScene] [JavaFX Application Thread] Added MainViewComponent
19 Mar 2016, 14:11:19.561 [  FINER] [       FXGL.EventBus] [JavaFX Application Thread] Firing event: WorldEvent[type=ENTITY_ADDED]
19 Mar 2016, 14:11:19.561 [  FINER] [      FXGL.GameScene] [JavaFX Application Thread] Entity added to scene
19 Mar 2016, 14:11:19.561 [  FINER] [      FXGL.GameScene] [JavaFX Application Thread] Added MainViewComponent
19 Mar 2016, 14:11:19.562 [  FINER] [       FXGL.EventBus] [JavaFX Application Thread] Firing event: WorldEvent[type=ENTITY_ADDED]
19 Mar 2016, 14:11:19.562 [  FINER] [      FXGL.GameScene] [JavaFX Application Thread] Entity added to scene
19 Mar 2016, 14:11:19.562 [  FINER] [      FXGL.GameScene] [JavaFX Application Thread] Added MainViewComponent
19 Mar 2016, 14:11:19.563 [  FINER] [       FXGL.EventBus] [JavaFX Application Thread] Firing event: WorldEvent[type=ENTITY_ADDED]
19 Mar 2016, 14:11:19.563 [  FINER] [      FXGL.GameScene] [JavaFX Application Thread] Entity added to scene
19 Mar 2016, 14:11:19.564 [  FINER] [      FXGL.GameScene] [JavaFX Application Thread] Added MainViewComponent
19 Mar 2016, 14:11:19.564 [  FINER] [       FXGL.EventBus] [JavaFX Application Thread] Firing event: WorldEvent[type=ENTITY_ADDED]
19 Mar 2016, 14:11:19.565 [  FINER] [      FXGL.GameScene] [JavaFX Application Thread] Entity added to scene
19 Mar 2016, 14:11:19.565 [  FINER] [      FXGL.GameScene] [JavaFX Application Thread] Added MainViewComponent
19 Mar 2016, 14:11:19.565 [  FINER] [       FXGL.EventBus] [JavaFX Application Thread] Firing event: WorldEvent[type=ENTITY_ADDED]
19 Mar 2016, 14:11:19.566 [  FINER] [      FXGL.GameScene] [JavaFX Application Thread] Entity added to scene
19 Mar 2016, 14:11:19.566 [  FINER] [      FXGL.GameScene] [JavaFX Application Thread] Added MainViewComponent
19 Mar 2016, 14:11:19.566 [  FINER] [       FXGL.EventBus] [JavaFX Application Thread] Firing event: WorldEvent[type=ENTITY_ADDED]
19 Mar 2016, 14:11:19.567 [  FINER] [      FXGL.GameScene] [JavaFX Application Thread] Entity added to scene
19 Mar 2016, 14:11:19.567 [  FINER] [      FXGL.GameScene] [JavaFX Application Thread] Added MainViewComponent
19 Mar 2016, 14:11:19.567 [  FINER] [       FXGL.EventBus] [JavaFX Application Thread] Firing event: WorldEvent[type=ENTITY_ADDED]
19 Mar 2016, 14:11:19.567 [  FINER] [      FXGL.GameScene] [JavaFX Application Thread] Entity added to scene
19 Mar 2016, 14:11:19.567 [  FINER] [      FXGL.GameScene] [JavaFX Application Thread] Added MainViewComponent
19 Mar 2016, 14:11:19.568 [  FINER] [       FXGL.EventBus] [JavaFX Application Thread] Firing event: WorldEvent[type=ENTITY_ADDED]
19 Mar 2016, 14:11:19.568 [  FINER] [      FXGL.GameScene] [JavaFX Application Thread] Entity added to scene
19 Mar 2016, 14:11:19.568 [  FINER] [      FXGL.GameScene] [JavaFX Application Thread] Added MainViewComponent
19 Mar 2016, 14:11:19.569 [  FINER] [       FXGL.EventBus] [JavaFX Application Thread] Firing event: WorldEvent[type=ENTITY_ADDED]
19 Mar 2016, 14:11:19.569 [  FINER] [      FXGL.GameScene] [JavaFX Application Thread] Entity added to scene
19 Mar 2016, 14:11:19.569 [  FINER] [      FXGL.GameScene] [JavaFX Application Thread] Added MainViewComponent
19 Mar 2016, 14:11:19.570 [  FINER] [       FXGL.EventBus] [JavaFX Application Thread] Firing event: WorldEvent[type=ENTITY_ADDED]
19 Mar 2016, 14:11:19.570 [  FINER] [      FXGL.GameScene] [JavaFX Application Thread] Entity added to scene
19 Mar 2016, 14:11:19.570 [  FINER] [      FXGL.GameScene] [JavaFX Application Thread] Added MainViewComponent
19 Mar 2016, 14:11:19.571 [  FINER] [       FXGL.EventBus] [JavaFX Application Thread] Firing event: WorldEvent[type=ENTITY_ADDED]
19 Mar 2016, 14:11:19.571 [  FINER] [      FXGL.GameScene] [JavaFX Application Thread] Entity added to scene
19 Mar 2016, 14:11:19.572 [  FINER] [      FXGL.GameScene] [JavaFX Application Thread] Added MainViewComponent
19 Mar 2016, 14:11:19.572 [  FINER] [       FXGL.EventBus] [JavaFX Application Thread] Firing event: WorldEvent[type=ENTITY_ADDED]
19 Mar 2016, 14:11:19.572 [  FINER] [      FXGL.GameScene] [JavaFX Application Thread] Entity added to scene
19 Mar 2016, 14:11:19.573 [  FINER] [      FXGL.GameScene] [JavaFX Application Thread] Added MainViewComponent
19 Mar 2016, 14:11:19.573 [  FINER] [       FXGL.EventBus] [JavaFX Application Thread] Firing event: WorldEvent[type=ENTITY_ADDED]
19 Mar 2016, 14:11:19.573 [  FINER] [      FXGL.GameScene] [JavaFX Application Thread] Entity added to scene
19 Mar 2016, 14:11:19.573 [  FINER] [      FXGL.GameScene] [JavaFX Application Thread] Added MainViewComponent
19 Mar 2016, 14:11:19.574 [  FINER] [       FXGL.EventBus] [JavaFX Application Thread] Firing event: WorldEvent[type=ENTITY_ADDED]
19 Mar 2016, 14:11:19.574 [  FINER] [      FXGL.GameScene] [JavaFX Application Thread] Entity added to scene
19 Mar 2016, 14:11:19.574 [  FINER] [      FXGL.GameScene] [JavaFX Application Thread] Added MainViewComponent
19 Mar 2016, 14:11:19.575 [  FINER] [       FXGL.EventBus] [JavaFX Application Thread] Firing event: WorldEvent[type=ENTITY_ADDED]
19 Mar 2016, 14:11:19.575 [  FINER] [      FXGL.GameScene] [JavaFX Application Thread] Entity added to scene
19 Mar 2016, 14:11:19.575 [  FINER] [      FXGL.GameScene] [JavaFX Application Thread] Added MainViewComponent
19 Mar 2016, 14:11:19.576 [  FINER] [       FXGL.EventBus] [JavaFX Application Thread] Firing event: WorldEvent[type=ENTITY_ADDED]
19 Mar 2016, 14:11:19.576 [  FINER] [      FXGL.GameScene] [JavaFX Application Thread] Entity added to scene
19 Mar 2016, 14:11:19.577 [  FINER] [      FXGL.GameScene] [JavaFX Application Thread] Added MainViewComponent
19 Mar 2016, 14:11:19.577 [  FINER] [       FXGL.EventBus] [JavaFX Application Thread] Firing event: WorldEvent[type=ENTITY_ADDED]
19 Mar 2016, 14:11:19.578 [  FINER] [      FXGL.GameScene] [JavaFX Application Thread] Entity added to scene
19 Mar 2016, 14:11:19.578 [  FINER] [      FXGL.GameScene] [JavaFX Application Thread] Added MainViewComponent
19 Mar 2016, 14:11:19.579 [  FINER] [       FXGL.EventBus] [JavaFX Application Thread] Firing event: WorldEvent[type=ENTITY_ADDED]
19 Mar 2016, 14:11:19.579 [  FINER] [      FXGL.GameScene] [JavaFX Application Thread] Entity added to scene
19 Mar 2016, 14:11:19.579 [  FINER] [      FXGL.GameScene] [JavaFX Application Thread] Added MainViewComponent
19 Mar 2016, 14:11:19.580 [  FINER] [       FXGL.EventBus] [JavaFX Application Thread] Firing event: WorldEvent[type=ENTITY_ADDED]
19 Mar 2016, 14:11:19.580 [  FINER] [      FXGL.GameScene] [JavaFX Application Thread] Entity added to scene
19 Mar 2016, 14:11:19.580 [  FINER] [      FXGL.GameScene] [JavaFX Application Thread] Added MainViewComponent
19 Mar 2016, 14:11:19.580 [  FINER] [       FXGL.EventBus] [JavaFX Application Thread] Firing event: WorldEvent[type=ENTITY_ADDED]
19 Mar 2016, 14:11:19.581 [  FINER] [      FXGL.GameScene] [JavaFX Application Thread] Entity added to scene
19 Mar 2016, 14:11:19.581 [  FINER] [      FXGL.GameScene] [JavaFX Application Thread] Added MainViewComponent
19 Mar 2016, 14:11:19.581 [  FINER] [       FXGL.EventBus] [JavaFX Application Thread] Firing event: WorldEvent[type=ENTITY_ADDED]
19 Mar 2016, 14:11:19.581 [  FINER] [      FXGL.GameScene] [JavaFX Application Thread] Entity added to scene
19 Mar 2016, 14:11:19.581 [  FINER] [      FXGL.GameScene] [JavaFX Application Thread] Added MainViewComponent
19 Mar 2016, 14:11:19.582 [  FINER] [       FXGL.EventBus] [JavaFX Application Thread] Firing event: WorldEvent[type=ENTITY_ADDED]
19 Mar 2016, 14:11:19.582 [  FINER] [      FXGL.GameScene] [JavaFX Application Thread] Entity added to scene
19 Mar 2016, 14:11:19.582 [  FINER] [      FXGL.GameScene] [JavaFX Application Thread] Added MainViewComponent
19 Mar 2016, 14:11:19.582 [  FINER] [       FXGL.EventBus] [JavaFX Application Thread] Firing event: WorldEvent[type=ENTITY_ADDED]
19 Mar 2016, 14:11:19.583 [  FINER] [      FXGL.GameScene] [JavaFX Application Thread] Entity added to scene
19 Mar 2016, 14:11:19.583 [  FINER] [      FXGL.GameScene] [JavaFX Application Thread] Added MainViewComponent
19 Mar 2016, 14:11:19.583 [  FINER] [       FXGL.EventBus] [JavaFX Application Thread] Firing event: WorldEvent[type=ENTITY_ADDED]
19 Mar 2016, 14:11:19.583 [  FINER] [      FXGL.GameScene] [JavaFX Application Thread] Entity added to scene
19 Mar 2016, 14:11:19.584 [  FINER] [      FXGL.GameScene] [JavaFX Application Thread] Added MainViewComponent
19 Mar 2016, 14:11:19.584 [  FINER] [       FXGL.EventBus] [JavaFX Application Thread] Firing event: WorldEvent[type=ENTITY_ADDED]
19 Mar 2016, 14:11:19.584 [  FINER] [      FXGL.GameScene] [JavaFX Application Thread] Entity added to scene
19 Mar 2016, 14:11:19.585 [  FINER] [      FXGL.GameScene] [JavaFX Application Thread] Added MainViewComponent
19 Mar 2016, 14:11:19.585 [  FINER] [       FXGL.EventBus] [JavaFX Application Thread] Firing event: WorldEvent[type=ENTITY_ADDED]
19 Mar 2016, 14:11:19.585 [  FINER] [      FXGL.GameScene] [JavaFX Application Thread] Entity added to scene
19 Mar 2016, 14:11:19.586 [  FINER] [      FXGL.GameScene] [JavaFX Application Thread] Added MainViewComponent
19 Mar 2016, 14:11:20.035 [  FINER] [    FXGL.Application] [JavaFX Application Thread] Pausing main loop
19 Mar 2016, 14:11:20.035 [  FINER] [       FXGL.EventBus] [JavaFX Application Thread] Firing event: FXGLEvent[type=PAUSE]
19 Mar 2016, 14:11:20.036 [  FINER] [          FXGL.Input] [JavaFX Application Thread] Clearing active input actions
19 Mar 2016, 14:11:20.037 [  FINER] [    FXGL.MasterTimer] [JavaFX Application Thread] Stopping master timer
19 Mar 2016, 14:11:20.037 [  FINER] [    FXGL.Application] [JavaFX Application Thread] State: PLAYING -> PAUSED
19 Mar 2016, 14:11:20.037 [ SEVERE] [    FXGL.Application] [JavaFX Application Thread] Uncaught Exception:
19 Mar 2016, 14:11:20.038 [ SEVERE] [    FXGL.Application] [JavaFX Application Thread] 

Exception occurred: java.lang.RuntimeException : java.lang.reflect.InvocationTargetExceptionE: com.almasb.fxgl.input.Input$1.onAction(Input.java:424)
E: java.lang.Iterable.forEach(Unknown Source)
E: com.almasb.fxgl.input.Input.lambda$new$82(Input.java:112)
E: com.sun.javafx.event.CompositeEventHandler$NormalEventHandlerRecord.handleBubblingEvent(Unknown Source)
E: com.sun.javafx.event.CompositeEventHandler.dispatchBubblingEvent(Unknown Source)
E: com.sun.javafx.event.EventHandlerManager.dispatchBubblingEvent(Unknown Source)
E: com.sun.javafx.event.EventHandlerManager.dispatchBubblingEvent(Unknown Source)
E: com.sun.javafx.event.CompositeEventDispatcher.dispatchBubblingEvent(Unknown Source)
E: com.sun.javafx.event.BasicEventDispatcher.dispatchEvent(Unknown Source)
E: com.sun.javafx.event.EventDispatchChainImpl.dispatchEvent(Unknown Source)
E: com.sun.javafx.event.EventUtil.fireEventImpl(Unknown Source)
E: com.sun.javafx.event.EventUtil.fireEvent(Unknown Source)
E: javafx.event.Event.fireEvent(Unknown Source)
E: javafx.scene.Node.fireEvent(Unknown Source)
E: com.almasb.fxeventbus.FXEventBus.fireEvent(FXEventBus.java:28)
E: com.almasb.fxgl.event.FXGLEventBus.fireEvent(FXGLEventBus.java:73)
E: com.almasb.fxgl.time.FXGLMasterTimer.handle(FXGLMasterTimer.java:132)
E: javafx.animation.AnimationTimer$AnimationTimerReceiver.lambda$handle$484(Unknown Source)
E: java.security.AccessController.doPrivileged(Native Method)
E: javafx.animation.AnimationTimer$AnimationTimerReceiver.handle(Unknown Source)
E: com.sun.scenario.animation.AbstractMasterTimer.timePulseImpl(Unknown Source)
E: com.sun.scenario.animation.AbstractMasterTimer$MainLoop.run(Unknown Source)
E: com.sun.javafx.tk.quantum.QuantumToolkit.pulse(Unknown Source)
E: com.sun.javafx.tk.quantum.QuantumToolkit.pulse(Unknown Source)
E: com.sun.javafx.tk.quantum.QuantumToolkit.lambda$runToolkit$404(Unknown Source)
E: com.sun.glass.ui.InvokeLaterDispatcher$Future.run(Unknown Source)
E: com.sun.glass.ui.win.WinApplication._runLoop(Native Method)
E: com.sun.glass.ui.win.WinApplication.lambda$null$148(Unknown Source)
E: java.lang.Thread.run(Unknown Source)

19 Mar 2016, 14:11:20.039 [ SEVERE] [    FXGL.Application] [JavaFX Application Thread] Application will now exit
19 Mar 2016, 14:11:21.596 [  FINER] [    FXGL.Application] [JavaFX Application Thread] Exiting Normally
19 Mar 2016, 14:11:21.597 [  FINER] [       FXGL.EventBus] [JavaFX Application Thread] Firing event: FXGLEvent[type=EXIT]
19 Mar 2016, 14:11:21.597 [  FINER] [         FXGL.Logger] [JavaFX Application Thread] Logger is closing
