21 Mar 2016, 18:58:34.360 [   INFO] [         FXGL.Logger] [JavaFX Application Thread] Logger initialized with level: CONFIG
21 Mar 2016, 18:58:34.363 [  FINER] [         FXGL.Logger] [JavaFX Application Thread] CPU cores: 4
21 Mar 2016, 18:58:34.365 [  FINER] [         FXGL.Logger] [JavaFX Application Thread] Free Memory: 107MB
21 Mar 2016, 18:58:34.365 [  FINER] [         FXGL.Logger] [JavaFX Application Thread] Max Memory: 1755MB
21 Mar 2016, 18:58:34.365 [  FINER] [         FXGL.Logger] [JavaFX Application Thread] Total Memory: 119MB
21 Mar 2016, 18:58:34.365 [  FINER] [         FXGL.Logger] [JavaFX Application Thread] System Properties:
21 Mar 2016, 18:58:34.368 [  FINER] [         FXGL.Logger] [JavaFX Application Thread] sun.cpu.isalist=amd64
21 Mar 2016, 18:58:34.369 [  FINER] [         FXGL.Logger] [JavaFX Application Thread] sun.desktop=windows
21 Mar 2016, 18:58:34.369 [  FINER] [         FXGL.Logger] [JavaFX Application Thread] sun.io.unicode.encoding=UnicodeLittle
21 Mar 2016, 18:58:34.369 [  FINER] [         FXGL.Logger] [JavaFX Application Thread] sun.cpu.endian=little
21 Mar 2016, 18:58:34.369 [  FINER] [         FXGL.Logger] [JavaFX Application Thread] java.vendor.url.bug=http://bugreport.sun.com/bugreport/
21 Mar 2016, 18:58:34.369 [  FINER] [         FXGL.Logger] [JavaFX Application Thread] file.separator=\
21 Mar 2016, 18:58:34.370 [  FINER] [         FXGL.Logger] [JavaFX Application Thread] java.vendor=Oracle Corporation
21 Mar 2016, 18:58:34.370 [  FINER] [         FXGL.Logger] [JavaFX Application Thread] sun.boot.class.path=C:\Program Files\Java\jre1.8.0_73\lib\resources.jar;C:\Program Files\Java\jre1.8.0_73\lib\rt.jar;C:\Program Files\Java\jre1.8.0_73\lib\sunrsasign.jar;C:\Program Files\Java\jre1.8.0_73\lib\jsse.jar;C:\Program Files\Java\jre1.8.0_73\lib\jce.jar;C:\Program Files\Java\jre1.8.0_73\lib\charsets.jar;C:\Program Files\Java\jre1.8.0_73\lib\jfr.jar;C:\Program Files\Java\jre1.8.0_73\classes
21 Mar 2016, 18:58:34.370 [  FINER] [         FXGL.Logger] [JavaFX Application Thread] java.ext.dirs=C:\Program Files\Java\jre1.8.0_73\lib\ext;C:\Windows\Sun\Java\lib\ext
21 Mar 2016, 18:58:34.370 [  FINER] [         FXGL.Logger] [JavaFX Application Thread] java.version=1.8.0_73
21 Mar 2016, 18:58:34.371 [  FINER] [         FXGL.Logger] [JavaFX Application Thread] java.vm.info=mixed mode
21 Mar 2016, 18:58:34.371 [  FINER] [         FXGL.Logger] [JavaFX Application Thread] awt.toolkit=sun.awt.windows.WToolkit
21 Mar 2016, 18:58:34.371 [  FINER] [         FXGL.Logger] [JavaFX Application Thread] user.language=en
21 Mar 2016, 18:58:34.371 [  FINER] [         FXGL.Logger] [JavaFX Application Thread] java.specification.vendor=Oracle Corporation
21 Mar 2016, 18:58:34.371 [  FINER] [         FXGL.Logger] [JavaFX Application Thread] sun.java.command=SpaceInvaders.SpaceInvadersApp
21 Mar 2016, 18:58:34.372 [  FINER] [         FXGL.Logger] [JavaFX Application Thread] java.home=C:\Program Files\Java\jre1.8.0_73
21 Mar 2016, 18:58:34.372 [  FINER] [         FXGL.Logger] [JavaFX Application Thread] sun.arch.data.model=64
21 Mar 2016, 18:58:34.372 [  FINER] [         FXGL.Logger] [JavaFX Application Thread] java.vm.specification.version=1.8
21 Mar 2016, 18:58:34.372 [  FINER] [         FXGL.Logger] [JavaFX Application Thread] java.class.path=D:\workspace\SpaceInvaders\target\classes;C:\Program Files\eclipse\plugins\org.junit_4.12.0.v201504281640\junit.jar;C:\Program Files\eclipse\plugins\org.hamcrest.core_1.3.0.v201303031735.jar;C:\Users\Anwar Saleeby\.m2\repository\com\github\AlmasB\FXGL\0.2.1-0.2.0-gba5970d-32\FXGL-0.2.1-0.2.0-gba5970d-32.jar;C:\Users\Anwar Saleeby\.m2\repository\com\google\inject\guice\4.0\guice-4.0.jar;C:\Users\Anwar Saleeby\.m2\repository\javax\inject\javax.inject\1\javax.inject-1.jar;C:\Users\Anwar Saleeby\.m2\repository\aopalliance\aopalliance\1.0\aopalliance-1.0.jar;C:\Users\Anwar Saleeby\.m2\repository\com\google\guava\guava\16.0.1\guava-16.0.1.jar;C:\Users\Anwar Saleeby\.m2\repository\org\jfxtras\jfxtras-window\8.0-r4\jfxtras-window-8.0-r4.jar;C:\Users\Anwar Saleeby\.m2\repository\org\jfxtras\jfxtras-common\8.0-r4\jfxtras-common-8.0-r4.jar;C:\Users\Anwar Saleeby\.m2\repository\com\github\AlmasB\FXEventBus\1.0\FXEventBus-1.0.jar;C:\Users\Anwar Saleeby\.m2\repository\com\github\AlmasB\Ents\1.0\Ents-1.0.jar;C:\Users\Anwar Saleeby\.m2\repository\org\apache\logging\log4j\log4j-api\2.5\log4j-api-2.5.jar;C:\Users\Anwar Saleeby\.m2\repository\org\apache\logging\log4j\log4j-core\2.5\log4j-core-2.5.jar;C:\Users\Anwar Saleeby\.m2\repository\com\github\AlmasB\AStar\1.0\AStar-1.0.jar
21 Mar 2016, 18:58:34.373 [  FINER] [         FXGL.Logger] [JavaFX Application Thread] user.name=Anwar Saleeby
21 Mar 2016, 18:58:34.373 [  FINER] [         FXGL.Logger] [JavaFX Application Thread] file.encoding=UTF-8
21 Mar 2016, 18:58:34.373 [  FINER] [         FXGL.Logger] [JavaFX Application Thread] java.specification.version=1.8
21 Mar 2016, 18:58:34.373 [  FINER] [         FXGL.Logger] [JavaFX Application Thread] java.awt.printerjob=sun.awt.windows.WPrinterJob
21 Mar 2016, 18:58:34.373 [  FINER] [         FXGL.Logger] [JavaFX Application Thread] user.timezone=America/New_York
21 Mar 2016, 18:58:34.374 [  FINER] [         FXGL.Logger] [JavaFX Application Thread] user.home=C:\Users\Anwar Saleeby
21 Mar 2016, 18:58:34.374 [  FINER] [         FXGL.Logger] [JavaFX Application Thread] os.version=10.0
21 Mar 2016, 18:58:34.374 [  FINER] [         FXGL.Logger] [JavaFX Application Thread] sun.management.compiler=HotSpot 64-Bit Tiered Compilers
21 Mar 2016, 18:58:34.374 [  FINER] [         FXGL.Logger] [JavaFX Application Thread] java.specification.name=Java Platform API Specification
21 Mar 2016, 18:58:34.375 [  FINER] [         FXGL.Logger] [JavaFX Application Thread] java.class.version=52.0
21 Mar 2016, 18:58:34.375 [  FINER] [         FXGL.Logger] [JavaFX Application Thread] java.library.path=C:\Program Files\Java\jre1.8.0_73\bin;C:\Windows\Sun\Java\bin;C:\Windows\system32;C:\Windows;C:/Program Files/Java/jre1.8.0_73/bin/server;C:/Program Files/Java/jre1.8.0_73/bin;C:/Program Files/Java/jre1.8.0_73/lib/amd64;C:\oraclexe\app\oracle\product\11.2.0\server\bin;C:\ProgramData\Oracle\Java\javapath;C:\Windows\system32;C:\Windows;C:\Windows\System32\Wbem;C:\Windows\System32\WindowsPowerShell\v1.0\;C:\Program Files\nodejs\;C:\Program Files\Git\cmd;C:\Users\Anwar Saleeby\AppData\Local\Programs\Python\Python35\Scripts\;C:\Users\Anwar Saleeby\AppData\Local\Programs\Python\Python35\;C:\Users\Anwar Saleeby\AppData\Roaming\npm;C:\Program Files\MongoDB\Server\3.2\bin;C:\Program Files\Git;C:\Program Files\eclipse;;.
21 Mar 2016, 18:58:34.375 [  FINER] [         FXGL.Logger] [JavaFX Application Thread] sun.jnu.encoding=Cp1252
21 Mar 2016, 18:58:34.375 [  FINER] [         FXGL.Logger] [JavaFX Application Thread] os.name=Windows 10
21 Mar 2016, 18:58:34.375 [  FINER] [         FXGL.Logger] [JavaFX Application Thread] user.variant=
21 Mar 2016, 18:58:34.376 [  FINER] [         FXGL.Logger] [JavaFX Application Thread] java.vm.specification.vendor=Oracle Corporation
21 Mar 2016, 18:58:34.376 [  FINER] [         FXGL.Logger] [JavaFX Application Thread] java.io.tmpdir=C:\Users\ANWARS~1\AppData\Local\Temp\
21 Mar 2016, 18:58:34.376 [  FINER] [         FXGL.Logger] [JavaFX Application Thread] line.separator=

21 Mar 2016, 18:58:34.376 [  FINER] [         FXGL.Logger] [JavaFX Application Thread] java.endorsed.dirs=C:\Program Files\Java\jre1.8.0_73\lib\endorsed
21 Mar 2016, 18:58:34.376 [  FINER] [         FXGL.Logger] [JavaFX Application Thread] os.arch=amd64
21 Mar 2016, 18:58:34.377 [  FINER] [         FXGL.Logger] [JavaFX Application Thread] javafx.runtime.version=8.0.71-b15
21 Mar 2016, 18:58:34.377 [  FINER] [         FXGL.Logger] [JavaFX Application Thread] java.awt.graphicsenv=sun.awt.Win32GraphicsEnvironment
21 Mar 2016, 18:58:34.377 [  FINER] [         FXGL.Logger] [JavaFX Application Thread] java.runtime.version=1.8.0_73-b02
21 Mar 2016, 18:58:34.377 [  FINER] [         FXGL.Logger] [JavaFX Application Thread] java.vm.specification.name=Java Virtual Machine Specification
21 Mar 2016, 18:58:34.377 [  FINER] [         FXGL.Logger] [JavaFX Application Thread] user.dir=D:\workspace\SpaceInvaders
21 Mar 2016, 18:58:34.378 [  FINER] [         FXGL.Logger] [JavaFX Application Thread] user.country=US
21 Mar 2016, 18:58:34.378 [  FINER] [         FXGL.Logger] [JavaFX Application Thread] user.script=
21 Mar 2016, 18:58:34.378 [  FINER] [         FXGL.Logger] [JavaFX Application Thread] sun.java.launcher=SUN_STANDARD
21 Mar 2016, 18:58:34.378 [  FINER] [         FXGL.Logger] [JavaFX Application Thread] sun.os.patch.level=
21 Mar 2016, 18:58:34.378 [  FINER] [         FXGL.Logger] [JavaFX Application Thread] java.vm.name=Java HotSpot(TM) 64-Bit Server VM
21 Mar 2016, 18:58:34.378 [  FINER] [         FXGL.Logger] [JavaFX Application Thread] file.encoding.pkg=sun.io
21 Mar 2016, 18:58:34.379 [  FINER] [         FXGL.Logger] [JavaFX Application Thread] path.separator=;
21 Mar 2016, 18:58:34.379 [  FINER] [         FXGL.Logger] [JavaFX Application Thread] java.vm.vendor=Oracle Corporation
21 Mar 2016, 18:58:34.379 [  FINER] [         FXGL.Logger] [JavaFX Application Thread] java.vendor.url=http://java.oracle.com/
21 Mar 2016, 18:58:34.379 [  FINER] [         FXGL.Logger] [JavaFX Application Thread] sun.boot.library.path=C:\Program Files\Java\jre1.8.0_73\bin
21 Mar 2016, 18:58:34.379 [  FINER] [         FXGL.Logger] [JavaFX Application Thread] java.vm.version=25.73-b02
21 Mar 2016, 18:58:34.380 [  FINER] [         FXGL.Logger] [JavaFX Application Thread] java.runtime.name=Java(TM) SE Runtime Environment
21 Mar 2016, 18:58:34.380 [  FINER] [         FXGL.Logger] [JavaFX Application Thread] javafx.version=8.0.71
21 Mar 2016, 18:58:34.385 [   INFO] [        FXGL.Version] [JavaFX Application Thread] FXGL-0.2.1-SNAPSHOT
21 Mar 2016, 18:58:34.385 [   INFO] [        FXGL.Version] [JavaFX Application Thread] Source code and latest builds at: https://github.com/AlmasB/FXGL
21 Mar 2016, 18:58:34.390 [  FINER] [    FXGL.Application] [JavaFX Application Thread] Game_clinit()
21 Mar 2016, 18:58:34.395 [  FINER] [    FXGL.Application] [JavaFX-Launcher] FXGL_init()
21 Mar 2016, 18:58:34.416 [  FINER] [    FXGL.Application] [JavaFX Application Thread] FXGL_start()
21 Mar 2016, 18:58:34.416 [  FINER] [    FXGL.Application] [JavaFX Application Thread] Initializing system properties
21 Mar 2016, 18:58:34.418 [  FINER] [    FXGL.Application] [JavaFX Application Thread] sound.notification = system/notification.wav
21 Mar 2016, 18:58:34.418 [  FINER] [    FXGL.Application] [JavaFX Application Thread] asset.cache.size = 35
21 Mar 2016, 18:58:34.419 [  FINER] [    FXGL.Application] [JavaFX Application Thread] ui.font = Copperplate_Gothic_Light_Regular.ttf
21 Mar 2016, 18:58:34.419 [  FINER] [    FXGL.Application] [JavaFX Application Thread] sound.menu.back = menu/back.wav
21 Mar 2016, 18:58:34.419 [  FINER] [    FXGL.Application] [JavaFX Application Thread] sound.menu.select = menu/select.wav
21 Mar 2016, 18:58:34.419 [  FINER] [    FXGL.Application] [JavaFX Application Thread] physics.ppm = 50
21 Mar 2016, 18:58:34.419 [  FINER] [    FXGL.Application] [JavaFX Application Thread] ui.css = fxgl.css
21 Mar 2016, 18:58:34.420 [  FINER] [    FXGL.Application] [JavaFX Application Thread] ui.icon.name = fxgl_icon.png
21 Mar 2016, 18:58:34.420 [  FINER] [    FXGL.Application] [JavaFX Application Thread] sound.menu.press = menu/press.wav
21 Mar 2016, 18:58:34.420 [  FINER] [    FXGL.Application] [JavaFX Application Thread] Initializing user properties
21 Mar 2016, 18:58:34.420 [   INFO] [    FXGL.Application] [JavaFX Application Thread] User properties not found. Using system
21 Mar 2016, 18:58:34.430 [   INFO] [         FXGL.Logger] [JavaFX Application Thread] Logger level set to: CONFIG
21 Mar 2016, 18:58:34.431 [   INFO] [    FXGL.Application] [JavaFX Application Thread] Application Mode: DEVELOPER
21 Mar 2016, 18:58:34.857 [  FINER] [    FXGL.Application] [JavaFX Application Thread] Services configuration complete
21 Mar 2016, 18:58:34.867 [  FINER] [       FXGL.EventBus] [JavaFX Application Thread] Service [EventBus] initialized
21 Mar 2016, 18:58:34.870 [  FINER] [    FXGL.AssetLoader] [JavaFX Application Thread] Service [AssetLoader] initialized
21 Mar 2016, 18:58:34.873 [  FINER] [    FXGL.AssetLoader] [JavaFX Application Thread] Loading from disk: /assets/sounds/system/notification.wav
21 Mar 2016, 18:58:34.896 [  FINER] [    FXGL.AssetLoader] [JavaFX Application Thread] Loading from disk: /assets/sounds/menu/select.wav
21 Mar 2016, 18:58:34.899 [  FINER] [    FXGL.AssetLoader] [JavaFX Application Thread] Loading from disk: /assets/sounds/menu/back.wav
21 Mar 2016, 18:58:34.902 [  FINER] [    FXGL.AssetLoader] [JavaFX Application Thread] Loading from disk: /assets/sounds/menu/press.wav
21 Mar 2016, 18:58:34.905 [  FINER] [    FXGL.AssetLoader] [JavaFX Application Thread] Loading from disk: /assets/ui/fonts/Copperplate_Gothic_Light_Regular.ttf
21 Mar 2016, 18:58:34.978 [  FINER] [    FXGL.AssetLoader] [JavaFX Application Thread] Loading from disk: /assets/ui/css/fxgl.css
21 Mar 2016, 18:58:34.978 [  FINER] [    FXGL.AssetLoader] [JavaFX Application Thread] Loading from disk: /assets/ui/icons/fxgl_icon.png
21 Mar 2016, 18:58:35.016 [  FINER] [    FXGL.AssetLoader] [JavaFX Application Thread] Loading from disk: /assets/ui/css/fxgl_dark.css
21 Mar 2016, 18:58:35.084 [  FINER] [        FXGL.Display] [JavaFX Application Thread] Target size: 480.0x600.0@1.0
21 Mar 2016, 18:58:35.084 [  FINER] [        FXGL.Display] [JavaFX Application Thread] New size:    480.0x600.0@1.0
21 Mar 2016, 18:58:35.085 [  FINER] [        FXGL.Display] [JavaFX Application Thread] Service [Display] initialized
21 Mar 2016, 18:58:35.086 [  FINER] [        FXGL.Display] [JavaFX Application Thread] Using CSS: CSS[jar:file:/C:/Users/Anwar%20Saleeby/.m2/repository/com/github/AlmasB/FXGL/0.2.1-0.2.0-gba5970d-32/FXGL-0.2.1-0.2.0-gba5970d-32.jar!/assets/ui/css/fxgl_dark.css]
21 Mar 2016, 18:58:35.089 [  FINER] [          FXGL.Input] [JavaFX Application Thread] Service [Input] initialized
21 Mar 2016, 18:58:35.091 [  FINER] [    FXGL.AudioPlayer] [JavaFX Application Thread] Service [AudioPlayer] initialized
21 Mar 2016, 18:58:35.096 [  FINER] [    FXGL.MasterTimer] [JavaFX Application Thread] Service [MasterTimer] initialized
21 Mar 2016, 18:58:35.109 [  FINER] [      FXGL.GameScene] [JavaFX Application Thread] Game scene initialized
21 Mar 2016, 18:58:35.110 [  FINER] [FXGL.NotificationSer] [JavaFX Application Thread] Service [NotificationService] initialized
21 Mar 2016, 18:58:35.317 [  FINER] [      FXGL.GameWorld] [JavaFX Application Thread] Game world initialized
21 Mar 2016, 18:58:35.415 [  FINER] [   FXGL.PhysicsWorld] [JavaFX Application Thread] Physics world initialized
21 Mar 2016, 18:58:35.437 [  FINER] [    FXGL.Application] [JavaFX Application Thread] Game_start()
21 Mar 2016, 18:58:35.444 [  FINER] [          FXGL.Input] [JavaFX Application Thread] Registered new binding: Move Left A
21 Mar 2016, 18:58:35.445 [  FINER] [          FXGL.Input] [JavaFX Application Thread] Registered new binding: Shoot Space
21 Mar 2016, 18:58:35.445 [  FINER] [          FXGL.Input] [JavaFX Application Thread] Registered new binding: Move Right D
21 Mar 2016, 18:58:35.447 [  FINER] [    FXGL.Application] [JavaFX Application Thread] Saving data to profile
21 Mar 2016, 18:58:35.448 [  FINER] [    FXGL.UserProfile] [JavaFX Application Thread] Logging bundle: game
21 Mar 2016, 18:58:35.448 [  FINER] [    FXGL.UserProfile] [JavaFX Application Thread] game.playtime=1052672964
21 Mar 2016, 18:58:35.449 [  FINER] [       FXGL.EventBus] [JavaFX Application Thread] Firing event: SaveEvent
21 Mar 2016, 18:58:35.450 [  FINER] [        FXGL.Display] [JavaFX Application Thread] Saving data to profile
21 Mar 2016, 18:58:35.451 [  FINER] [    FXGL.UserProfile] [JavaFX Application Thread] Logging bundle: scene
21 Mar 2016, 18:58:35.451 [  FINER] [    FXGL.UserProfile] [JavaFX Application Thread] scene.sizeW=480.0
21 Mar 2016, 18:58:35.451 [  FINER] [    FXGL.UserProfile] [JavaFX Application Thread] scene.sizeH=600.0
21 Mar 2016, 18:58:35.451 [  FINER] [          FXGL.Input] [JavaFX Application Thread] Saving data to profile
21 Mar 2016, 18:58:35.452 [  FINER] [    FXGL.UserProfile] [JavaFX Application Thread] Logging bundle: input
21 Mar 2016, 18:58:35.452 [  FINER] [    FXGL.UserProfile] [JavaFX Application Thread] input.Shoot=Space
21 Mar 2016, 18:58:35.452 [  FINER] [    FXGL.UserProfile] [JavaFX Application Thread] input.Move Right=D
21 Mar 2016, 18:58:35.452 [  FINER] [    FXGL.UserProfile] [JavaFX Application Thread] input.Move Left=A
21 Mar 2016, 18:58:35.452 [  FINER] [    FXGL.AudioPlayer] [JavaFX Application Thread] Saving data to profile
21 Mar 2016, 18:58:35.453 [  FINER] [    FXGL.UserProfile] [JavaFX Application Thread] Logging bundle: audio
21 Mar 2016, 18:58:35.453 [  FINER] [    FXGL.UserProfile] [JavaFX Application Thread] audio.musicVolume=0.5
21 Mar 2016, 18:58:35.453 [  FINER] [    FXGL.UserProfile] [JavaFX Application Thread] audio.soundVolume=0.5
21 Mar 2016, 18:58:35.454 [  FINER] [FXGL.AchievementMana] [JavaFX Application Thread] Saving data to profile
21 Mar 2016, 18:58:35.455 [  FINER] [    FXGL.UserProfile] [JavaFX Application Thread] Logging bundle: achievement
21 Mar 2016, 18:58:35.455 [  FINER] [    FXGL.Application] [JavaFX Application Thread] Starting new game
21 Mar 2016, 18:58:35.457 [  FINER] [    FXGL.Application] [JavaFX Application Thread] Initializing App
21 Mar 2016, 18:58:35.457 [  FINER] [    FXGL.Application] [JavaFX Application Thread] Pausing main loop
21 Mar 2016, 18:58:35.457 [  FINER] [       FXGL.EventBus] [JavaFX Application Thread] Firing event: FXGLEvent[type=PAUSE]
21 Mar 2016, 18:58:35.457 [  FINER] [          FXGL.Input] [JavaFX Application Thread] Clearing active input actions
21 Mar 2016, 18:58:35.457 [  FINER] [    FXGL.MasterTimer] [JavaFX Application Thread] Stopping master timer
21 Mar 2016, 18:58:35.458 [  FINER] [    FXGL.Application] [JavaFX Application Thread] State: STARTUP -> PAUSED
21 Mar 2016, 18:58:35.458 [  FINER] [    FXGL.Application] [JavaFX Application Thread] Resetting FXGL application
21 Mar 2016, 18:58:35.459 [  FINER] [       FXGL.EventBus] [JavaFX Application Thread] Firing event: FXGLEvent[type=RESET]
21 Mar 2016, 18:58:35.459 [  FINER] [          FXGL.Input] [JavaFX Application Thread] Clearing active input actions
21 Mar 2016, 18:58:35.459 [  FINER] [    FXGL.MasterTimer] [JavaFX Application Thread] Resetting ticks to 0
21 Mar 2016, 18:58:35.459 [  FINER] [    FXGL.MasterTimer] [JavaFX Application Thread] Clearing all scheduled actions
21 Mar 2016, 18:58:35.459 [  FINER] [      FXGL.GameScene] [JavaFX Application Thread] Resetting game scene
21 Mar 2016, 18:58:35.460 [  FINER] [      FXGL.GameWorld] [JavaFX Application Thread] Resetting game world
21 Mar 2016, 18:58:35.462 [  FINER] [    FXGL.Application] [JavaFX Application Thread] State: PAUSED -> LOADING
21 Mar 2016, 18:58:35.494 [  FINER] [    FXGL.Application] [JavaFX Application Thread] Starting FXGL Init Thread
21 Mar 2016, 18:58:35.496 [  FINER] [    FXGL.Application] [FXGL Init Thread] Initializing Assets
21 Mar 2016, 18:58:35.500 [  FINER] [    FXGL.AssetLoader] [FXGL Init Thread] Loading from disk: /assets/textures/enemy.png
21 Mar 2016, 18:58:35.506 [  FINER] [    FXGL.AssetLoader] [FXGL Init Thread] Loading from disk: /assets/textures/enemyReduced.png
21 Mar 2016, 18:58:35.508 [  FINER] [    FXGL.AssetLoader] [FXGL Init Thread] Loading from disk: /assets/textures/enemyReduced1.png
21 Mar 2016, 18:58:35.509 [  FINER] [    FXGL.AssetLoader] [FXGL Init Thread] Loading from disk: /assets/textures/enemyReduced2.png
21 Mar 2016, 18:58:35.510 [  FINER] [    FXGL.AssetLoader] [FXGL Init Thread] Loading from disk: /assets/textures/enemyReduced3.png
21 Mar 2016, 18:58:35.512 [  FINER] [    FXGL.AssetLoader] [FXGL Init Thread] Loading from disk: /assets/textures/life.png
21 Mar 2016, 18:58:35.513 [  FINER] [    FXGL.AssetLoader] [FXGL Init Thread] Loading from disk: /assets/textures/spaceship.png
21 Mar 2016, 18:58:35.515 [  FINER] [    FXGL.AssetLoader] [FXGL Init Thread] Loading from disk: /assets/textures/spaceshipReduced.png
21 Mar 2016, 18:58:35.516 [  FINER] [    FXGL.AssetLoader] [FXGL Init Thread] Loading from disk: /assets/textures/text.png
21 Mar 2016, 18:58:35.537 [  FINER] [    FXGL.AssetLoader] [FXGL Init Thread] Loading from disk: /assets/textures/wall.png
21 Mar 2016, 18:58:35.546 [  FINER] [    FXGL.AssetLoader] [FXGL Init Thread] Loading from disk: /assets/music/bgm.mp3
21 Mar 2016, 18:58:35.763 [  FINER] [    FXGL.Application] [JavaFX Application Thread] Showing stage
21 Mar 2016, 18:58:35.763 [  FINER] [    FXGL.Application] [JavaFX Application Thread] Root size: 480.0x600.0
21 Mar 2016, 18:58:35.764 [  FINER] [    FXGL.Application] [JavaFX Application Thread] Scene size: 480.0x600.0
21 Mar 2016, 18:58:35.764 [  FINER] [    FXGL.Application] [JavaFX Application Thread] Stage size: 486.0x629.0
21 Mar 2016, 18:58:35.775 [  FINER] [    FXGL.AssetLoader] [FXGL Init Thread] Loading from cache: /assets/ui/fonts/Copperplate_Gothic_Light_Regular.ttf
21 Mar 2016, 18:58:35.844 [  FINER] [    FXGL.Application] [FXGL Init Thread] Initializing Game
21 Mar 2016, 18:58:35.881 [  FINER] [    FXGL.AssetLoader] [FXGL Init Thread] Loading from cache: /assets/textures/enemyReduced3.png
21 Mar 2016, 18:58:35.890 [  FINER] [    FXGL.AssetLoader] [FXGL Init Thread] Loading from cache: /assets/textures/enemyReduced1.png
21 Mar 2016, 18:58:35.891 [  FINER] [    FXGL.AssetLoader] [FXGL Init Thread] Loading from cache: /assets/textures/enemyReduced2.png
21 Mar 2016, 18:58:35.892 [  FINER] [    FXGL.AssetLoader] [FXGL Init Thread] Loading from cache: /assets/textures/enemyReduced2.png
21 Mar 2016, 18:58:35.894 [  FINER] [    FXGL.AssetLoader] [FXGL Init Thread] Loading from cache: /assets/textures/enemyReduced1.png
21 Mar 2016, 18:58:35.895 [  FINER] [    FXGL.AssetLoader] [FXGL Init Thread] Loading from cache: /assets/textures/enemyReduced2.png
21 Mar 2016, 18:58:35.896 [  FINER] [    FXGL.AssetLoader] [FXGL Init Thread] Loading from cache: /assets/textures/enemyReduced2.png
21 Mar 2016, 18:58:35.898 [  FINER] [    FXGL.AssetLoader] [FXGL Init Thread] Loading from cache: /assets/textures/enemyReduced1.png
21 Mar 2016, 18:58:35.900 [  FINER] [    FXGL.AssetLoader] [FXGL Init Thread] Loading from cache: /assets/textures/enemyReduced3.png
21 Mar 2016, 18:58:35.901 [  FINER] [    FXGL.AssetLoader] [FXGL Init Thread] Loading from cache: /assets/textures/enemyReduced1.png
21 Mar 2016, 18:58:35.903 [  FINER] [    FXGL.AssetLoader] [FXGL Init Thread] Loading from cache: /assets/textures/enemyReduced2.png
21 Mar 2016, 18:58:35.904 [  FINER] [    FXGL.AssetLoader] [FXGL Init Thread] Loading from cache: /assets/textures/enemyReduced3.png
21 Mar 2016, 18:58:35.906 [  FINER] [    FXGL.AssetLoader] [FXGL Init Thread] Loading from cache: /assets/textures/enemyReduced1.png
21 Mar 2016, 18:58:35.907 [  FINER] [    FXGL.AssetLoader] [FXGL Init Thread] Loading from cache: /assets/textures/enemyReduced1.png
21 Mar 2016, 18:58:35.909 [  FINER] [    FXGL.AssetLoader] [FXGL Init Thread] Loading from cache: /assets/textures/enemyReduced1.png
21 Mar 2016, 18:58:35.910 [  FINER] [    FXGL.AssetLoader] [FXGL Init Thread] Loading from cache: /assets/textures/enemyReduced1.png
21 Mar 2016, 18:58:35.911 [  FINER] [    FXGL.AssetLoader] [FXGL Init Thread] Loading from cache: /assets/textures/enemyReduced2.png
21 Mar 2016, 18:58:35.912 [  FINER] [    FXGL.AssetLoader] [FXGL Init Thread] Loading from cache: /assets/textures/enemyReduced1.png
21 Mar 2016, 18:58:35.914 [  FINER] [    FXGL.AssetLoader] [FXGL Init Thread] Loading from cache: /assets/textures/enemyReduced3.png
21 Mar 2016, 18:58:35.915 [  FINER] [    FXGL.AssetLoader] [FXGL Init Thread] Loading from cache: /assets/textures/enemyReduced1.png
21 Mar 2016, 18:58:35.916 [  FINER] [    FXGL.AssetLoader] [FXGL Init Thread] Loading from cache: /assets/textures/enemyReduced1.png
21 Mar 2016, 18:58:35.917 [  FINER] [    FXGL.AssetLoader] [FXGL Init Thread] Loading from cache: /assets/textures/enemyReduced3.png
21 Mar 2016, 18:58:35.919 [  FINER] [    FXGL.AssetLoader] [FXGL Init Thread] Loading from cache: /assets/textures/enemyReduced1.png
21 Mar 2016, 18:58:35.922 [  FINER] [    FXGL.AssetLoader] [FXGL Init Thread] Loading from cache: /assets/textures/enemyReduced3.png
21 Mar 2016, 18:58:35.923 [  FINER] [    FXGL.AssetLoader] [FXGL Init Thread] Loading from cache: /assets/textures/enemyReduced1.png
21 Mar 2016, 18:58:35.924 [  FINER] [    FXGL.AssetLoader] [FXGL Init Thread] Loading from cache: /assets/textures/enemyReduced3.png
21 Mar 2016, 18:58:35.925 [  FINER] [    FXGL.AssetLoader] [FXGL Init Thread] Loading from cache: /assets/textures/enemyReduced3.png
21 Mar 2016, 18:58:35.927 [  FINER] [    FXGL.AssetLoader] [FXGL Init Thread] Loading from cache: /assets/textures/enemyReduced2.png
21 Mar 2016, 18:58:35.928 [  FINER] [    FXGL.AssetLoader] [FXGL Init Thread] Loading from cache: /assets/textures/enemyReduced2.png
21 Mar 2016, 18:58:35.929 [  FINER] [    FXGL.AssetLoader] [FXGL Init Thread] Loading from cache: /assets/textures/enemyReduced3.png
21 Mar 2016, 18:58:35.931 [  FINER] [    FXGL.AssetLoader] [FXGL Init Thread] Loading from cache: /assets/textures/enemyReduced3.png
21 Mar 2016, 18:58:35.932 [  FINER] [    FXGL.AssetLoader] [FXGL Init Thread] Loading from cache: /assets/textures/enemyReduced3.png
21 Mar 2016, 18:58:35.933 [  FINER] [    FXGL.AssetLoader] [FXGL Init Thread] Loading from cache: /assets/textures/enemyReduced1.png
21 Mar 2016, 18:58:35.935 [  FINER] [    FXGL.AssetLoader] [FXGL Init Thread] Loading from cache: /assets/textures/enemyReduced1.png
21 Mar 2016, 18:58:35.936 [  FINER] [    FXGL.AssetLoader] [FXGL Init Thread] Loading from cache: /assets/textures/enemyReduced2.png
21 Mar 2016, 18:58:35.939 [  FINER] [    FXGL.AssetLoader] [FXGL Init Thread] Loading from cache: /assets/textures/enemyReduced2.png
21 Mar 2016, 18:58:35.940 [  FINER] [    FXGL.AssetLoader] [FXGL Init Thread] Loading from cache: /assets/textures/enemyReduced2.png
21 Mar 2016, 18:58:35.941 [  FINER] [    FXGL.AssetLoader] [FXGL Init Thread] Loading from cache: /assets/textures/enemyReduced2.png
21 Mar 2016, 18:58:35.943 [  FINER] [    FXGL.AssetLoader] [FXGL Init Thread] Loading from cache: /assets/textures/enemyReduced1.png
21 Mar 2016, 18:58:35.944 [  FINER] [    FXGL.AssetLoader] [FXGL Init Thread] Loading from cache: /assets/textures/enemyReduced3.png
21 Mar 2016, 18:58:35.945 [  FINER] [    FXGL.AssetLoader] [FXGL Init Thread] Loading from cache: /assets/textures/wall.png
21 Mar 2016, 18:58:35.946 [  FINER] [    FXGL.AssetLoader] [FXGL Init Thread] Loading from cache: /assets/textures/wall.png
21 Mar 2016, 18:58:35.947 [  FINER] [    FXGL.AssetLoader] [FXGL Init Thread] Loading from cache: /assets/textures/wall.png
21 Mar 2016, 18:58:35.948 [  FINER] [    FXGL.AssetLoader] [FXGL Init Thread] Loading from cache: /assets/textures/wall.png
21 Mar 2016, 18:58:35.949 [  FINER] [    FXGL.AssetLoader] [FXGL Init Thread] Loading from cache: /assets/textures/spaceshipReduced.png
21 Mar 2016, 18:58:35.950 [  FINER] [    FXGL.Application] [FXGL Init Thread] Initializing Physics
21 Mar 2016, 18:58:35.951 [  FINER] [    FXGL.Application] [FXGL Init Thread] Initializing UI
21 Mar 2016, 18:58:35.959 [  FINER] [    FXGL.Application] [FXGL Init Thread] Initialization Complete
21 Mar 2016, 18:58:35.961 [  FINER] [       FXGL.EventBus] [JavaFX Application Thread] Firing event: FXGLEvent[type=INIT_APP_COMPLETE]
21 Mar 2016, 18:58:35.961 [  FINER] [    FXGL.Application] [JavaFX Application Thread] Resuming main loop
21 Mar 2016, 18:58:35.961 [  FINER] [       FXGL.EventBus] [JavaFX Application Thread] Firing event: FXGLEvent[type=RESUME]
21 Mar 2016, 18:58:35.961 [  FINER] [          FXGL.Input] [JavaFX Application Thread] Clearing active input actions
21 Mar 2016, 18:58:35.962 [  FINER] [    FXGL.MasterTimer] [JavaFX Application Thread] Starting master timer
21 Mar 2016, 18:58:35.962 [  FINER] [    FXGL.Application] [JavaFX Application Thread] State: LOADING -> PLAYING
21 Mar 2016, 18:58:35.974 [  FINER] [       FXGL.EventBus] [JavaFX Application Thread] Firing event: WorldEvent[type=ENTITY_ADDED]
21 Mar 2016, 18:58:35.975 [  FINER] [      FXGL.GameScene] [JavaFX Application Thread] Entity added to scene
21 Mar 2016, 18:58:35.976 [  FINER] [      FXGL.GameScene] [JavaFX Application Thread] Added MainViewComponent
21 Mar 2016, 18:58:35.977 [  FINER] [      FXGL.GameScene] [JavaFX Application Thread] Creating render group for layer: TOP(2147483647)
21 Mar 2016, 18:58:35.984 [  FINER] [       FXGL.EventBus] [JavaFX Application Thread] Firing event: WorldEvent[type=ENTITY_ADDED]
21 Mar 2016, 18:58:35.984 [  FINER] [      FXGL.GameScene] [JavaFX Application Thread] Entity added to scene
21 Mar 2016, 18:58:35.984 [  FINER] [      FXGL.GameScene] [JavaFX Application Thread] Added MainViewComponent
21 Mar 2016, 18:58:35.985 [  FINER] [       FXGL.EventBus] [JavaFX Application Thread] Firing event: WorldEvent[type=ENTITY_ADDED]
21 Mar 2016, 18:58:35.985 [  FINER] [      FXGL.GameScene] [JavaFX Application Thread] Entity added to scene
21 Mar 2016, 18:58:35.985 [  FINER] [      FXGL.GameScene] [JavaFX Application Thread] Added MainViewComponent
21 Mar 2016, 18:58:35.986 [  FINER] [       FXGL.EventBus] [JavaFX Application Thread] Firing event: WorldEvent[type=ENTITY_ADDED]
21 Mar 2016, 18:58:35.986 [  FINER] [      FXGL.GameScene] [JavaFX Application Thread] Entity added to scene
21 Mar 2016, 18:58:35.987 [  FINER] [      FXGL.GameScene] [JavaFX Application Thread] Added MainViewComponent
21 Mar 2016, 18:58:35.987 [  FINER] [       FXGL.EventBus] [JavaFX Application Thread] Firing event: WorldEvent[type=ENTITY_ADDED]
21 Mar 2016, 18:58:35.988 [  FINER] [      FXGL.GameScene] [JavaFX Application Thread] Entity added to scene
21 Mar 2016, 18:58:35.988 [  FINER] [      FXGL.GameScene] [JavaFX Application Thread] Added MainViewComponent
21 Mar 2016, 18:58:35.988 [  FINER] [       FXGL.EventBus] [JavaFX Application Thread] Firing event: WorldEvent[type=ENTITY_ADDED]
21 Mar 2016, 18:58:35.989 [  FINER] [      FXGL.GameScene] [JavaFX Application Thread] Entity added to scene
21 Mar 2016, 18:58:35.989 [  FINER] [      FXGL.GameScene] [JavaFX Application Thread] Added MainViewComponent
21 Mar 2016, 18:58:35.990 [  FINER] [       FXGL.EventBus] [JavaFX Application Thread] Firing event: WorldEvent[type=ENTITY_ADDED]
21 Mar 2016, 18:58:35.990 [  FINER] [      FXGL.GameScene] [JavaFX Application Thread] Entity added to scene
21 Mar 2016, 18:58:35.990 [  FINER] [      FXGL.GameScene] [JavaFX Application Thread] Added MainViewComponent
21 Mar 2016, 18:58:35.991 [  FINER] [       FXGL.EventBus] [JavaFX Application Thread] Firing event: WorldEvent[type=ENTITY_ADDED]
21 Mar 2016, 18:58:35.991 [  FINER] [      FXGL.GameScene] [JavaFX Application Thread] Entity added to scene
21 Mar 2016, 18:58:35.991 [  FINER] [      FXGL.GameScene] [JavaFX Application Thread] Added MainViewComponent
21 Mar 2016, 18:58:35.992 [  FINER] [       FXGL.EventBus] [JavaFX Application Thread] Firing event: WorldEvent[type=ENTITY_ADDED]
21 Mar 2016, 18:58:35.992 [  FINER] [      FXGL.GameScene] [JavaFX Application Thread] Entity added to scene
21 Mar 2016, 18:58:35.993 [  FINER] [      FXGL.GameScene] [JavaFX Application Thread] Added MainViewComponent
21 Mar 2016, 18:58:35.993 [  FINER] [       FXGL.EventBus] [JavaFX Application Thread] Firing event: WorldEvent[type=ENTITY_ADDED]
21 Mar 2016, 18:58:35.994 [  FINER] [      FXGL.GameScene] [JavaFX Application Thread] Entity added to scene
21 Mar 2016, 18:58:35.994 [  FINER] [      FXGL.GameScene] [JavaFX Application Thread] Added MainViewComponent
21 Mar 2016, 18:58:35.995 [  FINER] [       FXGL.EventBus] [JavaFX Application Thread] Firing event: WorldEvent[type=ENTITY_ADDED]
21 Mar 2016, 18:58:35.995 [  FINER] [      FXGL.GameScene] [JavaFX Application Thread] Entity added to scene
21 Mar 2016, 18:58:35.995 [  FINER] [      FXGL.GameScene] [JavaFX Application Thread] Added MainViewComponent
21 Mar 2016, 18:58:35.996 [  FINER] [       FXGL.EventBus] [JavaFX Application Thread] Firing event: WorldEvent[type=ENTITY_ADDED]
21 Mar 2016, 18:58:35.996 [  FINER] [      FXGL.GameScene] [JavaFX Application Thread] Entity added to scene
21 Mar 2016, 18:58:35.996 [  FINER] [      FXGL.GameScene] [JavaFX Application Thread] Added MainViewComponent
21 Mar 2016, 18:58:35.997 [  FINER] [       FXGL.EventBus] [JavaFX Application Thread] Firing event: WorldEvent[type=ENTITY_ADDED]
21 Mar 2016, 18:58:35.997 [  FINER] [      FXGL.GameScene] [JavaFX Application Thread] Entity added to scene
21 Mar 2016, 18:58:35.998 [  FINER] [      FXGL.GameScene] [JavaFX Application Thread] Added MainViewComponent
21 Mar 2016, 18:58:35.998 [  FINER] [       FXGL.EventBus] [JavaFX Application Thread] Firing event: WorldEvent[type=ENTITY_ADDED]
21 Mar 2016, 18:58:35.998 [  FINER] [      FXGL.GameScene] [JavaFX Application Thread] Entity added to scene
21 Mar 2016, 18:58:35.999 [  FINER] [      FXGL.GameScene] [JavaFX Application Thread] Added MainViewComponent
21 Mar 2016, 18:58:35.999 [  FINER] [       FXGL.EventBus] [JavaFX Application Thread] Firing event: WorldEvent[type=ENTITY_ADDED]
21 Mar 2016, 18:58:36.000 [  FINER] [      FXGL.GameScene] [JavaFX Application Thread] Entity added to scene
21 Mar 2016, 18:58:36.000 [  FINER] [      FXGL.GameScene] [JavaFX Application Thread] Added MainViewComponent
21 Mar 2016, 18:58:36.000 [  FINER] [       FXGL.EventBus] [JavaFX Application Thread] Firing event: WorldEvent[type=ENTITY_ADDED]
21 Mar 2016, 18:58:36.001 [  FINER] [      FXGL.GameScene] [JavaFX Application Thread] Entity added to scene
21 Mar 2016, 18:58:36.001 [  FINER] [      FXGL.GameScene] [JavaFX Application Thread] Added MainViewComponent
21 Mar 2016, 18:58:36.001 [  FINER] [       FXGL.EventBus] [JavaFX Application Thread] Firing event: WorldEvent[type=ENTITY_ADDED]
21 Mar 2016, 18:58:36.002 [  FINER] [      FXGL.GameScene] [JavaFX Application Thread] Entity added to scene
21 Mar 2016, 18:58:36.002 [  FINER] [      FXGL.GameScene] [JavaFX Application Thread] Added MainViewComponent
21 Mar 2016, 18:58:36.002 [  FINER] [       FXGL.EventBus] [JavaFX Application Thread] Firing event: WorldEvent[type=ENTITY_ADDED]
21 Mar 2016, 18:58:36.003 [  FINER] [      FXGL.GameScene] [JavaFX Application Thread] Entity added to scene
21 Mar 2016, 18:58:36.003 [  FINER] [      FXGL.GameScene] [JavaFX Application Thread] Added MainViewComponent
21 Mar 2016, 18:58:36.004 [  FINER] [       FXGL.EventBus] [JavaFX Application Thread] Firing event: WorldEvent[type=ENTITY_ADDED]
21 Mar 2016, 18:58:36.004 [  FINER] [      FXGL.GameScene] [JavaFX Application Thread] Entity added to scene
21 Mar 2016, 18:58:36.004 [  FINER] [      FXGL.GameScene] [JavaFX Application Thread] Added MainViewComponent
21 Mar 2016, 18:58:36.005 [  FINER] [       FXGL.EventBus] [JavaFX Application Thread] Firing event: WorldEvent[type=ENTITY_ADDED]
21 Mar 2016, 18:58:36.005 [  FINER] [      FXGL.GameScene] [JavaFX Application Thread] Entity added to scene
21 Mar 2016, 18:58:36.005 [  FINER] [      FXGL.GameScene] [JavaFX Application Thread] Added MainViewComponent
21 Mar 2016, 18:58:36.006 [  FINER] [       FXGL.EventBus] [JavaFX Application Thread] Firing event: WorldEvent[type=ENTITY_ADDED]
21 Mar 2016, 18:58:36.006 [  FINER] [      FXGL.GameScene] [JavaFX Application Thread] Entity added to scene
21 Mar 2016, 18:58:36.006 [  FINER] [      FXGL.GameScene] [JavaFX Application Thread] Added MainViewComponent
21 Mar 2016, 18:58:36.006 [  FINER] [       FXGL.EventBus] [JavaFX Application Thread] Firing event: WorldEvent[type=ENTITY_ADDED]
21 Mar 2016, 18:58:36.007 [  FINER] [      FXGL.GameScene] [JavaFX Application Thread] Entity added to scene
21 Mar 2016, 18:58:36.007 [  FINER] [      FXGL.GameScene] [JavaFX Application Thread] Added MainViewComponent
21 Mar 2016, 18:58:36.007 [  FINER] [       FXGL.EventBus] [JavaFX Application Thread] Firing event: WorldEvent[type=ENTITY_ADDED]
21 Mar 2016, 18:58:36.008 [  FINER] [      FXGL.GameScene] [JavaFX Application Thread] Entity added to scene
21 Mar 2016, 18:58:36.008 [  FINER] [      FXGL.GameScene] [JavaFX Application Thread] Added MainViewComponent
21 Mar 2016, 18:58:36.008 [  FINER] [       FXGL.EventBus] [JavaFX Application Thread] Firing event: WorldEvent[type=ENTITY_ADDED]
21 Mar 2016, 18:58:36.009 [  FINER] [      FXGL.GameScene] [JavaFX Application Thread] Entity added to scene
21 Mar 2016, 18:58:36.009 [  FINER] [      FXGL.GameScene] [JavaFX Application Thread] Added MainViewComponent
21 Mar 2016, 18:58:36.010 [  FINER] [       FXGL.EventBus] [JavaFX Application Thread] Firing event: WorldEvent[type=ENTITY_ADDED]
21 Mar 2016, 18:58:36.010 [  FINER] [      FXGL.GameScene] [JavaFX Application Thread] Entity added to scene
21 Mar 2016, 18:58:36.010 [  FINER] [      FXGL.GameScene] [JavaFX Application Thread] Added MainViewComponent
21 Mar 2016, 18:58:36.010 [  FINER] [       FXGL.EventBus] [JavaFX Application Thread] Firing event: WorldEvent[type=ENTITY_ADDED]
21 Mar 2016, 18:58:36.011 [  FINER] [      FXGL.GameScene] [JavaFX Application Thread] Entity added to scene
21 Mar 2016, 18:58:36.011 [  FINER] [      FXGL.GameScene] [JavaFX Application Thread] Added MainViewComponent
21 Mar 2016, 18:58:36.011 [  FINER] [       FXGL.EventBus] [JavaFX Application Thread] Firing event: WorldEvent[type=ENTITY_ADDED]
21 Mar 2016, 18:58:36.012 [  FINER] [      FXGL.GameScene] [JavaFX Application Thread] Entity added to scene
21 Mar 2016, 18:58:36.012 [  FINER] [      FXGL.GameScene] [JavaFX Application Thread] Added MainViewComponent
21 Mar 2016, 18:58:36.013 [  FINER] [       FXGL.EventBus] [JavaFX Application Thread] Firing event: WorldEvent[type=ENTITY_ADDED]
21 Mar 2016, 18:58:36.013 [  FINER] [      FXGL.GameScene] [JavaFX Application Thread] Entity added to scene
21 Mar 2016, 18:58:36.013 [  FINER] [      FXGL.GameScene] [JavaFX Application Thread] Added MainViewComponent
21 Mar 2016, 18:58:36.014 [  FINER] [       FXGL.EventBus] [JavaFX Application Thread] Firing event: WorldEvent[type=ENTITY_ADDED]
21 Mar 2016, 18:58:36.014 [  FINER] [      FXGL.GameScene] [JavaFX Application Thread] Entity added to scene
21 Mar 2016, 18:58:36.014 [  FINER] [      FXGL.GameScene] [JavaFX Application Thread] Added MainViewComponent
21 Mar 2016, 18:58:36.015 [  FINER] [       FXGL.EventBus] [JavaFX Application Thread] Firing event: WorldEvent[type=ENTITY_ADDED]
21 Mar 2016, 18:58:36.015 [  FINER] [      FXGL.GameScene] [JavaFX Application Thread] Entity added to scene
21 Mar 2016, 18:58:36.015 [  FINER] [      FXGL.GameScene] [JavaFX Application Thread] Added MainViewComponent
21 Mar 2016, 18:58:36.016 [  FINER] [       FXGL.EventBus] [JavaFX Application Thread] Firing event: WorldEvent[type=ENTITY_ADDED]
21 Mar 2016, 18:58:36.016 [  FINER] [      FXGL.GameScene] [JavaFX Application Thread] Entity added to scene
21 Mar 2016, 18:58:36.016 [  FINER] [      FXGL.GameScene] [JavaFX Application Thread] Added MainViewComponent
21 Mar 2016, 18:58:36.017 [  FINER] [       FXGL.EventBus] [JavaFX Application Thread] Firing event: WorldEvent[type=ENTITY_ADDED]
21 Mar 2016, 18:58:36.017 [  FINER] [      FXGL.GameScene] [JavaFX Application Thread] Entity added to scene
21 Mar 2016, 18:58:36.017 [  FINER] [      FXGL.GameScene] [JavaFX Application Thread] Added MainViewComponent
21 Mar 2016, 18:58:36.018 [  FINER] [       FXGL.EventBus] [JavaFX Application Thread] Firing event: WorldEvent[type=ENTITY_ADDED]
21 Mar 2016, 18:58:36.018 [  FINER] [      FXGL.GameScene] [JavaFX Application Thread] Entity added to scene
21 Mar 2016, 18:58:36.019 [  FINER] [      FXGL.GameScene] [JavaFX Application Thread] Added MainViewComponent
21 Mar 2016, 18:58:36.019 [  FINER] [       FXGL.EventBus] [JavaFX Application Thread] Firing event: WorldEvent[type=ENTITY_ADDED]
21 Mar 2016, 18:58:36.020 [  FINER] [      FXGL.GameScene] [JavaFX Application Thread] Entity added to scene
21 Mar 2016, 18:58:36.020 [  FINER] [      FXGL.GameScene] [JavaFX Application Thread] Added MainViewComponent
21 Mar 2016, 18:58:36.021 [  FINER] [       FXGL.EventBus] [JavaFX Application Thread] Firing event: WorldEvent[type=ENTITY_ADDED]
21 Mar 2016, 18:58:36.021 [  FINER] [      FXGL.GameScene] [JavaFX Application Thread] Entity added to scene
21 Mar 2016, 18:58:36.021 [  FINER] [      FXGL.GameScene] [JavaFX Application Thread] Added MainViewComponent
21 Mar 2016, 18:58:36.022 [  FINER] [       FXGL.EventBus] [JavaFX Application Thread] Firing event: WorldEvent[type=ENTITY_ADDED]
21 Mar 2016, 18:58:36.022 [  FINER] [      FXGL.GameScene] [JavaFX Application Thread] Entity added to scene
21 Mar 2016, 18:58:36.022 [  FINER] [      FXGL.GameScene] [JavaFX Application Thread] Added MainViewComponent
21 Mar 2016, 18:58:36.023 [  FINER] [       FXGL.EventBus] [JavaFX Application Thread] Firing event: WorldEvent[type=ENTITY_ADDED]
21 Mar 2016, 18:58:36.023 [  FINER] [      FXGL.GameScene] [JavaFX Application Thread] Entity added to scene
21 Mar 2016, 18:58:36.023 [  FINER] [      FXGL.GameScene] [JavaFX Application Thread] Added MainViewComponent
21 Mar 2016, 18:58:36.024 [  FINER] [       FXGL.EventBus] [JavaFX Application Thread] Firing event: WorldEvent[type=ENTITY_ADDED]
21 Mar 2016, 18:58:36.024 [  FINER] [      FXGL.GameScene] [JavaFX Application Thread] Entity added to scene
21 Mar 2016, 18:58:36.024 [  FINER] [      FXGL.GameScene] [JavaFX Application Thread] Added MainViewComponent
21 Mar 2016, 18:58:36.025 [  FINER] [       FXGL.EventBus] [JavaFX Application Thread] Firing event: WorldEvent[type=ENTITY_ADDED]
21 Mar 2016, 18:58:36.025 [  FINER] [      FXGL.GameScene] [JavaFX Application Thread] Entity added to scene
21 Mar 2016, 18:58:36.026 [  FINER] [      FXGL.GameScene] [JavaFX Application Thread] Added MainViewComponent
21 Mar 2016, 18:58:36.026 [  FINER] [       FXGL.EventBus] [JavaFX Application Thread] Firing event: WorldEvent[type=ENTITY_ADDED]
21 Mar 2016, 18:58:36.027 [  FINER] [      FXGL.GameScene] [JavaFX Application Thread] Entity added to scene
21 Mar 2016, 18:58:36.027 [  FINER] [      FXGL.GameScene] [JavaFX Application Thread] Added MainViewComponent
21 Mar 2016, 18:58:36.027 [  FINER] [       FXGL.EventBus] [JavaFX Application Thread] Firing event: WorldEvent[type=ENTITY_ADDED]
21 Mar 2016, 18:58:36.027 [  FINER] [      FXGL.GameScene] [JavaFX Application Thread] Entity added to scene
21 Mar 2016, 18:58:36.028 [  FINER] [      FXGL.GameScene] [JavaFX Application Thread] Added MainViewComponent
21 Mar 2016, 18:58:36.028 [  FINER] [       FXGL.EventBus] [JavaFX Application Thread] Firing event: WorldEvent[type=ENTITY_ADDED]
21 Mar 2016, 18:58:36.029 [  FINER] [      FXGL.GameScene] [JavaFX Application Thread] Entity added to scene
21 Mar 2016, 18:58:36.029 [  FINER] [      FXGL.GameScene] [JavaFX Application Thread] Added MainViewComponent
21 Mar 2016, 18:58:36.030 [  FINER] [       FXGL.EventBus] [JavaFX Application Thread] Firing event: WorldEvent[type=ENTITY_ADDED]
21 Mar 2016, 18:58:36.030 [  FINER] [      FXGL.GameScene] [JavaFX Application Thread] Entity added to scene
21 Mar 2016, 18:58:36.030 [  FINER] [      FXGL.GameScene] [JavaFX Application Thread] Added MainViewComponent
21 Mar 2016, 18:58:36.031 [  FINER] [       FXGL.EventBus] [JavaFX Application Thread] Firing event: WorldEvent[type=ENTITY_ADDED]
21 Mar 2016, 18:58:36.031 [  FINER] [      FXGL.GameScene] [JavaFX Application Thread] Entity added to scene
21 Mar 2016, 18:58:36.031 [  FINER] [      FXGL.GameScene] [JavaFX Application Thread] Added MainViewComponent
21 Mar 2016, 18:58:36.032 [  FINER] [       FXGL.EventBus] [JavaFX Application Thread] Firing event: WorldEvent[type=ENTITY_ADDED]
21 Mar 2016, 18:58:36.032 [  FINER] [      FXGL.GameScene] [JavaFX Application Thread] Entity added to scene
21 Mar 2016, 18:58:36.032 [  FINER] [      FXGL.GameScene] [JavaFX Application Thread] Added MainViewComponent
21 Mar 2016, 18:58:47.857 [  FINER] [    FXGL.Application] [JavaFX Application Thread] Pausing main loop
21 Mar 2016, 18:58:47.857 [  FINER] [       FXGL.EventBus] [JavaFX Application Thread] Firing event: FXGLEvent[type=PAUSE]
21 Mar 2016, 18:58:47.858 [  FINER] [          FXGL.Input] [JavaFX Application Thread] Clearing active input actions
21 Mar 2016, 18:58:47.859 [  FINER] [    FXGL.MasterTimer] [JavaFX Application Thread] Stopping master timer
21 Mar 2016, 18:58:47.859 [  FINER] [    FXGL.Application] [JavaFX Application Thread] State: PLAYING -> PAUSED
21 Mar 2016, 18:58:47.859 [ SEVERE] [    FXGL.Application] [JavaFX Application Thread] Uncaught Exception:
21 Mar 2016, 18:58:47.860 [ SEVERE] [    FXGL.Application] [JavaFX Application Thread] 

Exception occurred: java.lang.RuntimeException : java.lang.reflect.InvocationTargetExceptionE: com.almasb.fxgl.input.Input$1.onAction(Input.java:424)
E: java.lang.Iterable.forEach(Unknown Source)
E: com.almasb.fxgl.input.Input.lambda$new$82(Input.java:112)
E: com.sun.javafx.event.CompositeEventHandler$NormalEventHandlerRecord.handleBubblingEvent(Unknown Source)
E: com.sun.javafx.event.CompositeEventHandler.dispatchBubblingEvent(Unknown Source)
E: com.sun.javafx.event.EventHandlerManager.dispatchBubblingEvent(Unknown Source)
E: com.sun.javafx.event.EventHandlerManager.dispatchBubblingEvent(Unknown Source)
E: com.sun.javafx.event.CompositeEventDispatcher.dispatchBubblingEvent(Unknown Source)
E: com.sun.javafx.event.BasicEventDispatcher.dispatchEvent(Unknown Source)
E: com.sun.javafx.event.EventDispatchChainImpl.dispatchEvent(Unknown Source)
E: com.sun.javafx.event.EventUtil.fireEventImpl(Unknown Source)
E: com.sun.javafx.event.EventUtil.fireEvent(Unknown Source)
E: javafx.event.Event.fireEvent(Unknown Source)
E: javafx.scene.Node.fireEvent(Unknown Source)
E: com.almasb.fxeventbus.FXEventBus.fireEvent(FXEventBus.java:28)
E: com.almasb.fxgl.event.FXGLEventBus.fireEvent(FXGLEventBus.java:73)
E: com.almasb.fxgl.time.FXGLMasterTimer.handle(FXGLMasterTimer.java:132)
E: javafx.animation.AnimationTimer$AnimationTimerReceiver.lambda$handle$484(Unknown Source)
E: java.security.AccessController.doPrivileged(Native Method)
E: javafx.animation.AnimationTimer$AnimationTimerReceiver.handle(Unknown Source)
E: com.sun.scenario.animation.AbstractMasterTimer.timePulseImpl(Unknown Source)
E: com.sun.scenario.animation.AbstractMasterTimer$MainLoop.run(Unknown Source)
E: com.sun.javafx.tk.quantum.QuantumToolkit.pulse(Unknown Source)
E: com.sun.javafx.tk.quantum.QuantumToolkit.pulse(Unknown Source)
E: com.sun.javafx.tk.quantum.QuantumToolkit.lambda$runToolkit$404(Unknown Source)
E: com.sun.glass.ui.InvokeLaterDispatcher$Future.run(Unknown Source)
E: com.sun.glass.ui.win.WinApplication._runLoop(Native Method)
E: com.sun.glass.ui.win.WinApplication.lambda$null$148(Unknown Source)
E: java.lang.Thread.run(Unknown Source)

21 Mar 2016, 18:58:47.861 [ SEVERE] [    FXGL.Application] [JavaFX Application Thread] Application will now exit
21 Mar 2016, 18:58:56.094 [  FINER] [    FXGL.Application] [JavaFX Application Thread] Exiting Normally
21 Mar 2016, 18:58:56.094 [  FINER] [       FXGL.EventBus] [JavaFX Application Thread] Firing event: FXGLEvent[type=EXIT]
21 Mar 2016, 18:58:56.094 [  FINER] [         FXGL.Logger] [JavaFX Application Thread] Logger is closing
