24 Mar 2016, 14:36:56.256 [   INFO] [         FXGL.Logger] [JavaFX Application Thread] Logger initialized with level: CONFIG
24 Mar 2016, 14:36:56.260 [  FINER] [         FXGL.Logger] [JavaFX Application Thread] CPU cores: 4
24 Mar 2016, 14:36:56.262 [  FINER] [         FXGL.Logger] [JavaFX Application Thread] Free Memory: 107MB
24 Mar 2016, 14:36:56.262 [  FINER] [         FXGL.Logger] [JavaFX Application Thread] Max Memory: 1755MB
24 Mar 2016, 14:36:56.263 [  FINER] [         FXGL.Logger] [JavaFX Application Thread] Total Memory: 119MB
24 Mar 2016, 14:36:56.263 [  FINER] [         FXGL.Logger] [JavaFX Application Thread] System Properties:
24 Mar 2016, 14:36:56.264 [  FINER] [         FXGL.Logger] [JavaFX Application Thread] sun.cpu.isalist=amd64
24 Mar 2016, 14:36:56.264 [  FINER] [         FXGL.Logger] [JavaFX Application Thread] sun.desktop=windows
24 Mar 2016, 14:36:56.265 [  FINER] [         FXGL.Logger] [JavaFX Application Thread] sun.io.unicode.encoding=UnicodeLittle
24 Mar 2016, 14:36:56.265 [  FINER] [         FXGL.Logger] [JavaFX Application Thread] sun.cpu.endian=little
24 Mar 2016, 14:36:56.265 [  FINER] [         FXGL.Logger] [JavaFX Application Thread] java.vendor.url.bug=http://bugreport.sun.com/bugreport/
24 Mar 2016, 14:36:56.265 [  FINER] [         FXGL.Logger] [JavaFX Application Thread] file.separator=\
24 Mar 2016, 14:36:56.265 [  FINER] [         FXGL.Logger] [JavaFX Application Thread] java.vendor=Oracle Corporation
24 Mar 2016, 14:36:56.266 [  FINER] [         FXGL.Logger] [JavaFX Application Thread] sun.boot.class.path=C:\Program Files\Java\jre1.8.0_73\lib\resources.jar;C:\Program Files\Java\jre1.8.0_73\lib\rt.jar;C:\Program Files\Java\jre1.8.0_73\lib\sunrsasign.jar;C:\Program Files\Java\jre1.8.0_73\lib\jsse.jar;C:\Program Files\Java\jre1.8.0_73\lib\jce.jar;C:\Program Files\Java\jre1.8.0_73\lib\charsets.jar;C:\Program Files\Java\jre1.8.0_73\lib\jfr.jar;C:\Program Files\Java\jre1.8.0_73\classes
24 Mar 2016, 14:36:56.266 [  FINER] [         FXGL.Logger] [JavaFX Application Thread] java.ext.dirs=C:\Program Files\Java\jre1.8.0_73\lib\ext;C:\Windows\Sun\Java\lib\ext
24 Mar 2016, 14:36:56.266 [  FINER] [         FXGL.Logger] [JavaFX Application Thread] java.version=1.8.0_73
24 Mar 2016, 14:36:56.266 [  FINER] [         FXGL.Logger] [JavaFX Application Thread] java.vm.info=mixed mode
24 Mar 2016, 14:36:56.267 [  FINER] [         FXGL.Logger] [JavaFX Application Thread] awt.toolkit=sun.awt.windows.WToolkit
24 Mar 2016, 14:36:56.267 [  FINER] [         FXGL.Logger] [JavaFX Application Thread] user.language=en
24 Mar 2016, 14:36:56.267 [  FINER] [         FXGL.Logger] [JavaFX Application Thread] java.specification.vendor=Oracle Corporation
24 Mar 2016, 14:36:56.267 [  FINER] [         FXGL.Logger] [JavaFX Application Thread] sun.java.command=SpaceInvaders.SpaceInvadersApp
24 Mar 2016, 14:36:56.267 [  FINER] [         FXGL.Logger] [JavaFX Application Thread] java.home=C:\Program Files\Java\jre1.8.0_73
24 Mar 2016, 14:36:56.268 [  FINER] [         FXGL.Logger] [JavaFX Application Thread] sun.arch.data.model=64
24 Mar 2016, 14:36:56.268 [  FINER] [         FXGL.Logger] [JavaFX Application Thread] java.vm.specification.version=1.8
24 Mar 2016, 14:36:56.268 [  FINER] [         FXGL.Logger] [JavaFX Application Thread] java.class.path=D:\workspace\SpaceInvaders\target\classes;C:\Program Files\eclipse\plugins\org.junit_4.12.0.v201504281640\junit.jar;C:\Program Files\eclipse\plugins\org.hamcrest.core_1.3.0.v201303031735.jar;C:\Users\Anwar Saleeby\.m2\repository\com\github\AlmasB\FXGL\0.2.1-0.2.0-gba5970d-32\FXGL-0.2.1-0.2.0-gba5970d-32.jar;C:\Users\Anwar Saleeby\.m2\repository\com\google\inject\guice\4.0\guice-4.0.jar;C:\Users\Anwar Saleeby\.m2\repository\javax\inject\javax.inject\1\javax.inject-1.jar;C:\Users\Anwar Saleeby\.m2\repository\aopalliance\aopalliance\1.0\aopalliance-1.0.jar;C:\Users\Anwar Saleeby\.m2\repository\com\google\guava\guava\16.0.1\guava-16.0.1.jar;C:\Users\Anwar Saleeby\.m2\repository\org\jfxtras\jfxtras-window\8.0-r4\jfxtras-window-8.0-r4.jar;C:\Users\Anwar Saleeby\.m2\repository\org\jfxtras\jfxtras-common\8.0-r4\jfxtras-common-8.0-r4.jar;C:\Users\Anwar Saleeby\.m2\repository\com\github\AlmasB\FXEventBus\1.0\FXEventBus-1.0.jar;C:\Users\Anwar Saleeby\.m2\repository\com\github\AlmasB\Ents\1.0\Ents-1.0.jar;C:\Users\Anwar Saleeby\.m2\repository\org\apache\logging\log4j\log4j-api\2.5\log4j-api-2.5.jar;C:\Users\Anwar Saleeby\.m2\repository\org\apache\logging\log4j\log4j-core\2.5\log4j-core-2.5.jar;C:\Users\Anwar Saleeby\.m2\repository\com\github\AlmasB\AStar\1.0\AStar-1.0.jar
24 Mar 2016, 14:36:56.268 [  FINER] [         FXGL.Logger] [JavaFX Application Thread] user.name=Anwar Saleeby
24 Mar 2016, 14:36:56.268 [  FINER] [         FXGL.Logger] [JavaFX Application Thread] file.encoding=UTF-8
24 Mar 2016, 14:36:56.269 [  FINER] [         FXGL.Logger] [JavaFX Application Thread] java.specification.version=1.8
24 Mar 2016, 14:36:56.269 [  FINER] [         FXGL.Logger] [JavaFX Application Thread] java.awt.printerjob=sun.awt.windows.WPrinterJob
24 Mar 2016, 14:36:56.269 [  FINER] [         FXGL.Logger] [JavaFX Application Thread] user.timezone=America/New_York
24 Mar 2016, 14:36:56.269 [  FINER] [         FXGL.Logger] [JavaFX Application Thread] user.home=C:\Users\Anwar Saleeby
24 Mar 2016, 14:36:56.269 [  FINER] [         FXGL.Logger] [JavaFX Application Thread] os.version=10.0
24 Mar 2016, 14:36:56.270 [  FINER] [         FXGL.Logger] [JavaFX Application Thread] sun.management.compiler=HotSpot 64-Bit Tiered Compilers
24 Mar 2016, 14:36:56.270 [  FINER] [         FXGL.Logger] [JavaFX Application Thread] java.specification.name=Java Platform API Specification
24 Mar 2016, 14:36:56.270 [  FINER] [         FXGL.Logger] [JavaFX Application Thread] java.class.version=52.0
24 Mar 2016, 14:36:56.270 [  FINER] [         FXGL.Logger] [JavaFX Application Thread] java.library.path=C:\Program Files\Java\jre1.8.0_73\bin;C:\Windows\Sun\Java\bin;C:\Windows\system32;C:\Windows;C:/Program Files/Java/jre1.8.0_73/bin/server;C:/Program Files/Java/jre1.8.0_73/bin;C:/Program Files/Java/jre1.8.0_73/lib/amd64;C:\oraclexe\app\oracle\product\11.2.0\server\bin;C:\ProgramData\Oracle\Java\javapath;C:\Windows\system32;C:\Windows;C:\Windows\System32\Wbem;C:\Windows\System32\WindowsPowerShell\v1.0\;C:\Program Files\nodejs\;C:\Program Files\Git\cmd;C:\Users\Anwar Saleeby\AppData\Local\Programs\Python\Python35\Scripts\;C:\Users\Anwar Saleeby\AppData\Local\Programs\Python\Python35\;C:\Users\Anwar Saleeby\AppData\Roaming\npm;C:\Program Files\MongoDB\Server\3.2\bin;C:\Program Files\Git;C:\Program Files\eclipse;;.
24 Mar 2016, 14:36:56.270 [  FINER] [         FXGL.Logger] [JavaFX Application Thread] sun.jnu.encoding=Cp1252
24 Mar 2016, 14:36:56.271 [  FINER] [         FXGL.Logger] [JavaFX Application Thread] os.name=Windows 10
24 Mar 2016, 14:36:56.271 [  FINER] [         FXGL.Logger] [JavaFX Application Thread] user.variant=
24 Mar 2016, 14:36:56.271 [  FINER] [         FXGL.Logger] [JavaFX Application Thread] java.vm.specification.vendor=Oracle Corporation
24 Mar 2016, 14:36:56.271 [  FINER] [         FXGL.Logger] [JavaFX Application Thread] java.io.tmpdir=C:\Users\ANWARS~1\AppData\Local\Temp\
24 Mar 2016, 14:36:56.271 [  FINER] [         FXGL.Logger] [JavaFX Application Thread] line.separator=

24 Mar 2016, 14:36:56.272 [  FINER] [         FXGL.Logger] [JavaFX Application Thread] java.endorsed.dirs=C:\Program Files\Java\jre1.8.0_73\lib\endorsed
24 Mar 2016, 14:36:56.272 [  FINER] [         FXGL.Logger] [JavaFX Application Thread] os.arch=amd64
24 Mar 2016, 14:36:56.272 [  FINER] [         FXGL.Logger] [JavaFX Application Thread] javafx.runtime.version=8.0.71-b15
24 Mar 2016, 14:36:56.272 [  FINER] [         FXGL.Logger] [JavaFX Application Thread] java.awt.graphicsenv=sun.awt.Win32GraphicsEnvironment
24 Mar 2016, 14:36:56.272 [  FINER] [         FXGL.Logger] [JavaFX Application Thread] java.runtime.version=1.8.0_73-b02
24 Mar 2016, 14:36:56.273 [  FINER] [         FXGL.Logger] [JavaFX Application Thread] java.vm.specification.name=Java Virtual Machine Specification
24 Mar 2016, 14:36:56.273 [  FINER] [         FXGL.Logger] [JavaFX Application Thread] user.dir=D:\workspace\SpaceInvaders
24 Mar 2016, 14:36:56.273 [  FINER] [         FXGL.Logger] [JavaFX Application Thread] user.country=US
24 Mar 2016, 14:36:56.273 [  FINER] [         FXGL.Logger] [JavaFX Application Thread] user.script=
24 Mar 2016, 14:36:56.273 [  FINER] [         FXGL.Logger] [JavaFX Application Thread] sun.java.launcher=SUN_STANDARD
24 Mar 2016, 14:36:56.274 [  FINER] [         FXGL.Logger] [JavaFX Application Thread] sun.os.patch.level=
24 Mar 2016, 14:36:56.274 [  FINER] [         FXGL.Logger] [JavaFX Application Thread] java.vm.name=Java HotSpot(TM) 64-Bit Server VM
24 Mar 2016, 14:36:56.274 [  FINER] [         FXGL.Logger] [JavaFX Application Thread] file.encoding.pkg=sun.io
24 Mar 2016, 14:36:56.274 [  FINER] [         FXGL.Logger] [JavaFX Application Thread] path.separator=;
24 Mar 2016, 14:36:56.274 [  FINER] [         FXGL.Logger] [JavaFX Application Thread] java.vm.vendor=Oracle Corporation
24 Mar 2016, 14:36:56.275 [  FINER] [         FXGL.Logger] [JavaFX Application Thread] java.vendor.url=http://java.oracle.com/
24 Mar 2016, 14:36:56.275 [  FINER] [         FXGL.Logger] [JavaFX Application Thread] sun.boot.library.path=C:\Program Files\Java\jre1.8.0_73\bin
24 Mar 2016, 14:36:56.275 [  FINER] [         FXGL.Logger] [JavaFX Application Thread] java.vm.version=25.73-b02
24 Mar 2016, 14:36:56.275 [  FINER] [         FXGL.Logger] [JavaFX Application Thread] java.runtime.name=Java(TM) SE Runtime Environment
24 Mar 2016, 14:36:56.275 [  FINER] [         FXGL.Logger] [JavaFX Application Thread] javafx.version=8.0.71
24 Mar 2016, 14:36:56.279 [   INFO] [        FXGL.Version] [JavaFX Application Thread] FXGL-0.2.1-SNAPSHOT
24 Mar 2016, 14:36:56.280 [   INFO] [        FXGL.Version] [JavaFX Application Thread] Source code and latest builds at: https://github.com/AlmasB/FXGL
24 Mar 2016, 14:36:56.285 [  FINER] [    FXGL.Application] [JavaFX Application Thread] Game_clinit()
24 Mar 2016, 14:36:56.291 [  FINER] [    FXGL.Application] [JavaFX-Launcher] FXGL_init()
24 Mar 2016, 14:36:56.310 [  FINER] [    FXGL.Application] [JavaFX Application Thread] FXGL_start()
24 Mar 2016, 14:36:56.310 [  FINER] [    FXGL.Application] [JavaFX Application Thread] Initializing system properties
24 Mar 2016, 14:36:56.312 [  FINER] [    FXGL.Application] [JavaFX Application Thread] sound.notification = system/notification.wav
24 Mar 2016, 14:36:56.313 [  FINER] [    FXGL.Application] [JavaFX Application Thread] asset.cache.size = 35
24 Mar 2016, 14:36:56.313 [  FINER] [    FXGL.Application] [JavaFX Application Thread] ui.font = Copperplate_Gothic_Light_Regular.ttf
24 Mar 2016, 14:36:56.313 [  FINER] [    FXGL.Application] [JavaFX Application Thread] sound.menu.back = menu/back.wav
24 Mar 2016, 14:36:56.314 [  FINER] [    FXGL.Application] [JavaFX Application Thread] sound.menu.select = menu/select.wav
24 Mar 2016, 14:36:56.314 [  FINER] [    FXGL.Application] [JavaFX Application Thread] physics.ppm = 50
24 Mar 2016, 14:36:56.314 [  FINER] [    FXGL.Application] [JavaFX Application Thread] ui.css = fxgl.css
24 Mar 2016, 14:36:56.315 [  FINER] [    FXGL.Application] [JavaFX Application Thread] ui.icon.name = fxgl_icon.png
24 Mar 2016, 14:36:56.315 [  FINER] [    FXGL.Application] [JavaFX Application Thread] sound.menu.press = menu/press.wav
24 Mar 2016, 14:36:56.315 [  FINER] [    FXGL.Application] [JavaFX Application Thread] Initializing user properties
24 Mar 2016, 14:36:56.316 [   INFO] [    FXGL.Application] [JavaFX Application Thread] User properties not found. Using system
24 Mar 2016, 14:36:56.326 [   INFO] [         FXGL.Logger] [JavaFX Application Thread] Logger level set to: CONFIG
24 Mar 2016, 14:36:56.327 [   INFO] [    FXGL.Application] [JavaFX Application Thread] Application Mode: DEVELOPER
24 Mar 2016, 14:36:56.757 [  FINER] [    FXGL.Application] [JavaFX Application Thread] Services configuration complete
24 Mar 2016, 14:36:56.767 [  FINER] [       FXGL.EventBus] [JavaFX Application Thread] Service [EventBus] initialized
24 Mar 2016, 14:36:56.770 [  FINER] [    FXGL.AssetLoader] [JavaFX Application Thread] Service [AssetLoader] initialized
24 Mar 2016, 14:36:56.772 [  FINER] [    FXGL.AssetLoader] [JavaFX Application Thread] Loading from disk: /assets/sounds/system/notification.wav
24 Mar 2016, 14:36:56.797 [  FINER] [    FXGL.AssetLoader] [JavaFX Application Thread] Loading from disk: /assets/sounds/menu/select.wav
24 Mar 2016, 14:36:56.799 [  FINER] [    FXGL.AssetLoader] [JavaFX Application Thread] Loading from disk: /assets/sounds/menu/back.wav
24 Mar 2016, 14:36:56.801 [  FINER] [    FXGL.AssetLoader] [JavaFX Application Thread] Loading from disk: /assets/sounds/menu/press.wav
24 Mar 2016, 14:36:56.804 [  FINER] [    FXGL.AssetLoader] [JavaFX Application Thread] Loading from disk: /assets/ui/fonts/Copperplate_Gothic_Light_Regular.ttf
24 Mar 2016, 14:36:56.893 [  FINER] [    FXGL.AssetLoader] [JavaFX Application Thread] Loading from disk: /assets/ui/css/fxgl.css
24 Mar 2016, 14:36:56.893 [  FINER] [    FXGL.AssetLoader] [JavaFX Application Thread] Loading from disk: /assets/ui/icons/fxgl_icon.png
24 Mar 2016, 14:36:56.937 [  FINER] [    FXGL.AssetLoader] [JavaFX Application Thread] Loading from disk: /assets/ui/css/fxgl_dark.css
24 Mar 2016, 14:36:57.016 [  FINER] [        FXGL.Display] [JavaFX Application Thread] Target size: 480.0x600.0@1.0
24 Mar 2016, 14:36:57.016 [  FINER] [        FXGL.Display] [JavaFX Application Thread] New size:    480.0x600.0@1.0
24 Mar 2016, 14:36:57.017 [  FINER] [        FXGL.Display] [JavaFX Application Thread] Service [Display] initialized
24 Mar 2016, 14:36:57.018 [  FINER] [        FXGL.Display] [JavaFX Application Thread] Using CSS: CSS[jar:file:/C:/Users/Anwar%20Saleeby/.m2/repository/com/github/AlmasB/FXGL/0.2.1-0.2.0-gba5970d-32/FXGL-0.2.1-0.2.0-gba5970d-32.jar!/assets/ui/css/fxgl_dark.css]
24 Mar 2016, 14:36:57.021 [  FINER] [          FXGL.Input] [JavaFX Application Thread] Service [Input] initialized
24 Mar 2016, 14:36:57.023 [  FINER] [    FXGL.AudioPlayer] [JavaFX Application Thread] Service [AudioPlayer] initialized
24 Mar 2016, 14:36:57.029 [  FINER] [    FXGL.MasterTimer] [JavaFX Application Thread] Service [MasterTimer] initialized
24 Mar 2016, 14:36:57.045 [  FINER] [      FXGL.GameScene] [JavaFX Application Thread] Game scene initialized
24 Mar 2016, 14:36:57.046 [  FINER] [FXGL.NotificationSer] [JavaFX Application Thread] Service [NotificationService] initialized
24 Mar 2016, 14:36:57.281 [  FINER] [      FXGL.GameWorld] [JavaFX Application Thread] Game world initialized
24 Mar 2016, 14:36:57.326 [  FINER] [   FXGL.PhysicsWorld] [JavaFX Application Thread] Physics world initialized
24 Mar 2016, 14:36:57.400 [  FINER] [    FXGL.Application] [JavaFX Application Thread] Game_start()
24 Mar 2016, 14:36:57.407 [  FINER] [          FXGL.Input] [JavaFX Application Thread] Registered new binding: Move Left A
24 Mar 2016, 14:36:57.408 [  FINER] [          FXGL.Input] [JavaFX Application Thread] Registered new binding: Shoot Space
24 Mar 2016, 14:36:57.408 [  FINER] [          FXGL.Input] [JavaFX Application Thread] Registered new binding: Move Right D
24 Mar 2016, 14:36:57.410 [  FINER] [    FXGL.Application] [JavaFX Application Thread] Saving data to profile
24 Mar 2016, 14:36:57.411 [  FINER] [    FXGL.UserProfile] [JavaFX Application Thread] Logging bundle: game
24 Mar 2016, 14:36:57.412 [  FINER] [    FXGL.UserProfile] [JavaFX Application Thread] game.playtime=1119780793
24 Mar 2016, 14:36:57.412 [  FINER] [       FXGL.EventBus] [JavaFX Application Thread] Firing event: SaveEvent
24 Mar 2016, 14:36:57.413 [  FINER] [        FXGL.Display] [JavaFX Application Thread] Saving data to profile
24 Mar 2016, 14:36:57.414 [  FINER] [    FXGL.UserProfile] [JavaFX Application Thread] Logging bundle: scene
24 Mar 2016, 14:36:57.414 [  FINER] [    FXGL.UserProfile] [JavaFX Application Thread] scene.sizeW=480.0
24 Mar 2016, 14:36:57.414 [  FINER] [    FXGL.UserProfile] [JavaFX Application Thread] scene.sizeH=600.0
24 Mar 2016, 14:36:57.414 [  FINER] [          FXGL.Input] [JavaFX Application Thread] Saving data to profile
24 Mar 2016, 14:36:57.415 [  FINER] [    FXGL.UserProfile] [JavaFX Application Thread] Logging bundle: input
24 Mar 2016, 14:36:57.415 [  FINER] [    FXGL.UserProfile] [JavaFX Application Thread] input.Shoot=Space
24 Mar 2016, 14:36:57.415 [  FINER] [    FXGL.UserProfile] [JavaFX Application Thread] input.Move Right=D
24 Mar 2016, 14:36:57.415 [  FINER] [    FXGL.UserProfile] [JavaFX Application Thread] input.Move Left=A
24 Mar 2016, 14:36:57.415 [  FINER] [    FXGL.AudioPlayer] [JavaFX Application Thread] Saving data to profile
24 Mar 2016, 14:36:57.416 [  FINER] [    FXGL.UserProfile] [JavaFX Application Thread] Logging bundle: audio
24 Mar 2016, 14:36:57.416 [  FINER] [    FXGL.UserProfile] [JavaFX Application Thread] audio.musicVolume=0.5
24 Mar 2016, 14:36:57.416 [  FINER] [    FXGL.UserProfile] [JavaFX Application Thread] audio.soundVolume=0.5
24 Mar 2016, 14:36:57.416 [  FINER] [FXGL.AchievementMana] [JavaFX Application Thread] Saving data to profile
24 Mar 2016, 14:36:57.418 [  FINER] [    FXGL.UserProfile] [JavaFX Application Thread] Logging bundle: achievement
24 Mar 2016, 14:36:57.418 [  FINER] [    FXGL.Application] [JavaFX Application Thread] Starting new game
24 Mar 2016, 14:36:57.420 [  FINER] [    FXGL.Application] [JavaFX Application Thread] Initializing App
24 Mar 2016, 14:36:57.420 [  FINER] [    FXGL.Application] [JavaFX Application Thread] Pausing main loop
24 Mar 2016, 14:36:57.420 [  FINER] [       FXGL.EventBus] [JavaFX Application Thread] Firing event: FXGLEvent[type=PAUSE]
24 Mar 2016, 14:36:57.421 [  FINER] [          FXGL.Input] [JavaFX Application Thread] Clearing active input actions
24 Mar 2016, 14:36:57.421 [  FINER] [    FXGL.MasterTimer] [JavaFX Application Thread] Stopping master timer
24 Mar 2016, 14:36:57.421 [  FINER] [    FXGL.Application] [JavaFX Application Thread] State: STARTUP -> PAUSED
24 Mar 2016, 14:36:57.422 [  FINER] [    FXGL.Application] [JavaFX Application Thread] Resetting FXGL application
24 Mar 2016, 14:36:57.422 [  FINER] [       FXGL.EventBus] [JavaFX Application Thread] Firing event: FXGLEvent[type=RESET]
24 Mar 2016, 14:36:57.422 [  FINER] [          FXGL.Input] [JavaFX Application Thread] Clearing active input actions
24 Mar 2016, 14:36:57.422 [  FINER] [    FXGL.MasterTimer] [JavaFX Application Thread] Resetting ticks to 0
24 Mar 2016, 14:36:57.423 [  FINER] [    FXGL.MasterTimer] [JavaFX Application Thread] Clearing all scheduled actions
24 Mar 2016, 14:36:57.423 [  FINER] [      FXGL.GameScene] [JavaFX Application Thread] Resetting game scene
24 Mar 2016, 14:36:57.423 [  FINER] [      FXGL.GameWorld] [JavaFX Application Thread] Resetting game world
24 Mar 2016, 14:36:57.425 [  FINER] [    FXGL.Application] [JavaFX Application Thread] State: PAUSED -> LOADING
24 Mar 2016, 14:36:57.460 [  FINER] [    FXGL.Application] [JavaFX Application Thread] Starting FXGL Init Thread
24 Mar 2016, 14:36:57.461 [  FINER] [    FXGL.Application] [FXGL Init Thread] Initializing Assets
24 Mar 2016, 14:36:57.467 [  FINER] [    FXGL.AssetLoader] [FXGL Init Thread] Loading from disk: /assets/textures/bullet_red.png
24 Mar 2016, 14:36:57.473 [  FINER] [    FXGL.AssetLoader] [FXGL Init Thread] Loading from disk: /assets/textures/enemy.png
24 Mar 2016, 14:36:57.480 [  FINER] [    FXGL.AssetLoader] [FXGL Init Thread] Loading from disk: /assets/textures/enemyReduced.png
24 Mar 2016, 14:36:57.482 [  FINER] [    FXGL.AssetLoader] [FXGL Init Thread] Loading from disk: /assets/textures/enemyReduced1.png
24 Mar 2016, 14:36:57.483 [  FINER] [    FXGL.AssetLoader] [FXGL Init Thread] Loading from disk: /assets/textures/enemyReduced2.png
24 Mar 2016, 14:36:57.485 [  FINER] [    FXGL.AssetLoader] [FXGL Init Thread] Loading from disk: /assets/textures/enemyReduced3.png
24 Mar 2016, 14:36:57.486 [  FINER] [    FXGL.AssetLoader] [FXGL Init Thread] Loading from disk: /assets/textures/life.png
24 Mar 2016, 14:36:57.488 [  FINER] [    FXGL.AssetLoader] [FXGL Init Thread] Loading from disk: /assets/textures/spaceship.png
24 Mar 2016, 14:36:57.489 [  FINER] [    FXGL.AssetLoader] [FXGL Init Thread] Loading from disk: /assets/textures/spaceshipReduced.png
24 Mar 2016, 14:36:57.491 [  FINER] [    FXGL.AssetLoader] [FXGL Init Thread] Loading from disk: /assets/textures/text.png
24 Mar 2016, 14:36:57.513 [  FINER] [    FXGL.AssetLoader] [FXGL Init Thread] Loading from disk: /assets/textures/wall.png
24 Mar 2016, 14:36:57.520 [  FINER] [    FXGL.AssetLoader] [FXGL Init Thread] Loading from disk: /assets/music/bgm.mp3
24 Mar 2016, 14:36:57.711 [  FINER] [    FXGL.AssetLoader] [FXGL Init Thread] Loading from cache: /assets/ui/fonts/Copperplate_Gothic_Light_Regular.ttf
24 Mar 2016, 14:36:57.742 [  FINER] [    FXGL.Application] [JavaFX Application Thread] Showing stage
24 Mar 2016, 14:36:57.742 [  FINER] [    FXGL.Application] [JavaFX Application Thread] Root size: 480.0x600.0
24 Mar 2016, 14:36:57.742 [  FINER] [    FXGL.Application] [JavaFX Application Thread] Scene size: 480.0x600.0
24 Mar 2016, 14:36:57.743 [  FINER] [    FXGL.Application] [JavaFX Application Thread] Stage size: 486.0x629.0
24 Mar 2016, 14:36:57.798 [  FINER] [    FXGL.Application] [FXGL Init Thread] Initializing Game
24 Mar 2016, 14:36:57.826 [  FINER] [    FXGL.AssetLoader] [FXGL Init Thread] Loading from cache: /assets/textures/enemyReduced2.png
24 Mar 2016, 14:36:57.837 [  FINER] [    FXGL.AssetLoader] [FXGL Init Thread] Loading from cache: /assets/textures/enemyReduced1.png
24 Mar 2016, 14:36:57.838 [  FINER] [    FXGL.AssetLoader] [FXGL Init Thread] Loading from cache: /assets/textures/enemyReduced3.png
24 Mar 2016, 14:36:57.840 [  FINER] [    FXGL.AssetLoader] [FXGL Init Thread] Loading from cache: /assets/textures/enemyReduced2.png
24 Mar 2016, 14:36:57.841 [  FINER] [    FXGL.AssetLoader] [FXGL Init Thread] Loading from cache: /assets/textures/enemyReduced1.png
24 Mar 2016, 14:36:57.842 [  FINER] [    FXGL.AssetLoader] [FXGL Init Thread] Loading from cache: /assets/textures/enemyReduced2.png
24 Mar 2016, 14:36:57.844 [  FINER] [    FXGL.AssetLoader] [FXGL Init Thread] Loading from cache: /assets/textures/enemyReduced1.png
24 Mar 2016, 14:36:57.845 [  FINER] [    FXGL.AssetLoader] [FXGL Init Thread] Loading from cache: /assets/textures/enemyReduced1.png
24 Mar 2016, 14:36:57.847 [  FINER] [    FXGL.AssetLoader] [FXGL Init Thread] Loading from cache: /assets/textures/enemyReduced3.png
24 Mar 2016, 14:36:57.848 [  FINER] [    FXGL.AssetLoader] [FXGL Init Thread] Loading from cache: /assets/textures/enemyReduced2.png
24 Mar 2016, 14:36:57.850 [  FINER] [    FXGL.AssetLoader] [FXGL Init Thread] Loading from cache: /assets/textures/enemyReduced3.png
24 Mar 2016, 14:36:57.851 [  FINER] [    FXGL.AssetLoader] [FXGL Init Thread] Loading from cache: /assets/textures/enemyReduced3.png
24 Mar 2016, 14:36:57.852 [  FINER] [    FXGL.AssetLoader] [FXGL Init Thread] Loading from cache: /assets/textures/enemyReduced2.png
24 Mar 2016, 14:36:57.854 [  FINER] [    FXGL.AssetLoader] [FXGL Init Thread] Loading from cache: /assets/textures/enemyReduced1.png
24 Mar 2016, 14:36:57.856 [  FINER] [    FXGL.AssetLoader] [FXGL Init Thread] Loading from cache: /assets/textures/enemyReduced3.png
24 Mar 2016, 14:36:57.857 [  FINER] [    FXGL.AssetLoader] [FXGL Init Thread] Loading from cache: /assets/textures/enemyReduced2.png
24 Mar 2016, 14:36:57.858 [  FINER] [    FXGL.AssetLoader] [FXGL Init Thread] Loading from cache: /assets/textures/enemyReduced3.png
24 Mar 2016, 14:36:57.859 [  FINER] [    FXGL.AssetLoader] [FXGL Init Thread] Loading from cache: /assets/textures/enemyReduced3.png
24 Mar 2016, 14:36:57.861 [  FINER] [    FXGL.AssetLoader] [FXGL Init Thread] Loading from cache: /assets/textures/enemyReduced2.png
24 Mar 2016, 14:36:57.862 [  FINER] [    FXGL.AssetLoader] [FXGL Init Thread] Loading from cache: /assets/textures/enemyReduced2.png
24 Mar 2016, 14:36:57.863 [  FINER] [    FXGL.AssetLoader] [FXGL Init Thread] Loading from cache: /assets/textures/enemyReduced1.png
24 Mar 2016, 14:36:57.864 [  FINER] [    FXGL.AssetLoader] [FXGL Init Thread] Loading from cache: /assets/textures/enemyReduced3.png
24 Mar 2016, 14:36:57.866 [  FINER] [    FXGL.AssetLoader] [FXGL Init Thread] Loading from cache: /assets/textures/enemyReduced1.png
24 Mar 2016, 14:36:57.867 [  FINER] [    FXGL.AssetLoader] [FXGL Init Thread] Loading from cache: /assets/textures/enemyReduced2.png
24 Mar 2016, 14:36:57.869 [  FINER] [    FXGL.AssetLoader] [FXGL Init Thread] Loading from cache: /assets/textures/enemyReduced2.png
24 Mar 2016, 14:36:57.871 [  FINER] [    FXGL.AssetLoader] [FXGL Init Thread] Loading from cache: /assets/textures/enemyReduced2.png
24 Mar 2016, 14:36:57.872 [  FINER] [    FXGL.AssetLoader] [FXGL Init Thread] Loading from cache: /assets/textures/enemyReduced3.png
24 Mar 2016, 14:36:57.874 [  FINER] [    FXGL.AssetLoader] [FXGL Init Thread] Loading from cache: /assets/textures/enemyReduced3.png
24 Mar 2016, 14:36:57.875 [  FINER] [    FXGL.AssetLoader] [FXGL Init Thread] Loading from cache: /assets/textures/enemyReduced1.png
24 Mar 2016, 14:36:57.876 [  FINER] [    FXGL.AssetLoader] [FXGL Init Thread] Loading from cache: /assets/textures/enemyReduced1.png
24 Mar 2016, 14:36:57.878 [  FINER] [    FXGL.AssetLoader] [FXGL Init Thread] Loading from cache: /assets/textures/enemyReduced1.png
24 Mar 2016, 14:36:57.879 [  FINER] [    FXGL.AssetLoader] [FXGL Init Thread] Loading from cache: /assets/textures/enemyReduced3.png
24 Mar 2016, 14:36:57.881 [  FINER] [    FXGL.AssetLoader] [FXGL Init Thread] Loading from cache: /assets/textures/enemyReduced3.png
24 Mar 2016, 14:36:57.883 [  FINER] [    FXGL.AssetLoader] [FXGL Init Thread] Loading from cache: /assets/textures/enemyReduced2.png
24 Mar 2016, 14:36:57.884 [  FINER] [    FXGL.AssetLoader] [FXGL Init Thread] Loading from cache: /assets/textures/enemyReduced2.png
24 Mar 2016, 14:36:57.886 [  FINER] [    FXGL.AssetLoader] [FXGL Init Thread] Loading from cache: /assets/textures/enemyReduced3.png
24 Mar 2016, 14:36:57.888 [  FINER] [    FXGL.AssetLoader] [FXGL Init Thread] Loading from cache: /assets/textures/enemyReduced1.png
24 Mar 2016, 14:36:57.889 [  FINER] [    FXGL.AssetLoader] [FXGL Init Thread] Loading from cache: /assets/textures/enemyReduced3.png
24 Mar 2016, 14:36:57.890 [  FINER] [    FXGL.AssetLoader] [FXGL Init Thread] Loading from cache: /assets/textures/enemyReduced3.png
24 Mar 2016, 14:36:57.892 [  FINER] [    FXGL.AssetLoader] [FXGL Init Thread] Loading from cache: /assets/textures/enemyReduced2.png
24 Mar 2016, 14:36:57.893 [  FINER] [    FXGL.AssetLoader] [FXGL Init Thread] Loading from cache: /assets/textures/wall.png
24 Mar 2016, 14:36:57.894 [  FINER] [    FXGL.AssetLoader] [FXGL Init Thread] Loading from cache: /assets/textures/wall.png
24 Mar 2016, 14:36:57.895 [  FINER] [    FXGL.AssetLoader] [FXGL Init Thread] Loading from cache: /assets/textures/wall.png
24 Mar 2016, 14:36:57.896 [  FINER] [    FXGL.AssetLoader] [FXGL Init Thread] Loading from cache: /assets/textures/wall.png
24 Mar 2016, 14:36:57.896 [  FINER] [    FXGL.AssetLoader] [FXGL Init Thread] Loading from cache: /assets/textures/spaceshipReduced.png
24 Mar 2016, 14:36:57.899 [  FINER] [    FXGL.Application] [FXGL Init Thread] Initializing Physics
24 Mar 2016, 14:36:57.900 [  FINER] [    FXGL.Application] [FXGL Init Thread] Initializing UI
24 Mar 2016, 14:36:57.908 [  FINER] [    FXGL.Application] [FXGL Init Thread] Initialization Complete
24 Mar 2016, 14:36:57.920 [  FINER] [       FXGL.EventBus] [JavaFX Application Thread] Firing event: FXGLEvent[type=INIT_APP_COMPLETE]
24 Mar 2016, 14:36:57.920 [  FINER] [    FXGL.Application] [JavaFX Application Thread] Resuming main loop
24 Mar 2016, 14:36:57.920 [  FINER] [       FXGL.EventBus] [JavaFX Application Thread] Firing event: FXGLEvent[type=RESUME]
24 Mar 2016, 14:36:57.920 [  FINER] [          FXGL.Input] [JavaFX Application Thread] Clearing active input actions
24 Mar 2016, 14:36:57.921 [  FINER] [    FXGL.MasterTimer] [JavaFX Application Thread] Starting master timer
24 Mar 2016, 14:36:57.921 [  FINER] [    FXGL.Application] [JavaFX Application Thread] State: LOADING -> PLAYING
24 Mar 2016, 14:36:57.933 [  FINER] [       FXGL.EventBus] [JavaFX Application Thread] Firing event: WorldEvent[type=ENTITY_ADDED]
24 Mar 2016, 14:36:57.934 [  FINER] [      FXGL.GameScene] [JavaFX Application Thread] Entity added to scene
24 Mar 2016, 14:36:57.934 [  FINER] [      FXGL.GameScene] [JavaFX Application Thread] Added MainViewComponent
24 Mar 2016, 14:36:57.936 [  FINER] [      FXGL.GameScene] [JavaFX Application Thread] Creating render group for layer: TOP(2147483647)
24 Mar 2016, 14:36:57.942 [  FINER] [       FXGL.EventBus] [JavaFX Application Thread] Firing event: WorldEvent[type=ENTITY_ADDED]
24 Mar 2016, 14:36:57.942 [  FINER] [      FXGL.GameScene] [JavaFX Application Thread] Entity added to scene
24 Mar 2016, 14:36:57.942 [  FINER] [      FXGL.GameScene] [JavaFX Application Thread] Added MainViewComponent
24 Mar 2016, 14:36:57.943 [  FINER] [       FXGL.EventBus] [JavaFX Application Thread] Firing event: WorldEvent[type=ENTITY_ADDED]
24 Mar 2016, 14:36:57.943 [  FINER] [      FXGL.GameScene] [JavaFX Application Thread] Entity added to scene
24 Mar 2016, 14:36:57.944 [  FINER] [      FXGL.GameScene] [JavaFX Application Thread] Added MainViewComponent
24 Mar 2016, 14:36:57.944 [  FINER] [       FXGL.EventBus] [JavaFX Application Thread] Firing event: WorldEvent[type=ENTITY_ADDED]
24 Mar 2016, 14:36:57.944 [  FINER] [      FXGL.GameScene] [JavaFX Application Thread] Entity added to scene
24 Mar 2016, 14:36:57.944 [  FINER] [      FXGL.GameScene] [JavaFX Application Thread] Added MainViewComponent
24 Mar 2016, 14:36:57.945 [  FINER] [       FXGL.EventBus] [JavaFX Application Thread] Firing event: WorldEvent[type=ENTITY_ADDED]
24 Mar 2016, 14:36:57.945 [  FINER] [      FXGL.GameScene] [JavaFX Application Thread] Entity added to scene
24 Mar 2016, 14:36:57.945 [  FINER] [      FXGL.GameScene] [JavaFX Application Thread] Added MainViewComponent
24 Mar 2016, 14:36:57.946 [  FINER] [       FXGL.EventBus] [JavaFX Application Thread] Firing event: WorldEvent[type=ENTITY_ADDED]
24 Mar 2016, 14:36:57.946 [  FINER] [      FXGL.GameScene] [JavaFX Application Thread] Entity added to scene
24 Mar 2016, 14:36:57.946 [  FINER] [      FXGL.GameScene] [JavaFX Application Thread] Added MainViewComponent
24 Mar 2016, 14:36:57.947 [  FINER] [       FXGL.EventBus] [JavaFX Application Thread] Firing event: WorldEvent[type=ENTITY_ADDED]
24 Mar 2016, 14:36:57.947 [  FINER] [      FXGL.GameScene] [JavaFX Application Thread] Entity added to scene
24 Mar 2016, 14:36:57.947 [  FINER] [      FXGL.GameScene] [JavaFX Application Thread] Added MainViewComponent
24 Mar 2016, 14:36:57.948 [  FINER] [       FXGL.EventBus] [JavaFX Application Thread] Firing event: WorldEvent[type=ENTITY_ADDED]
24 Mar 2016, 14:36:57.948 [  FINER] [      FXGL.GameScene] [JavaFX Application Thread] Entity added to scene
24 Mar 2016, 14:36:57.948 [  FINER] [      FXGL.GameScene] [JavaFX Application Thread] Added MainViewComponent
24 Mar 2016, 14:36:57.949 [  FINER] [       FXGL.EventBus] [JavaFX Application Thread] Firing event: WorldEvent[type=ENTITY_ADDED]
24 Mar 2016, 14:36:57.949 [  FINER] [      FXGL.GameScene] [JavaFX Application Thread] Entity added to scene
24 Mar 2016, 14:36:57.949 [  FINER] [      FXGL.GameScene] [JavaFX Application Thread] Added MainViewComponent
24 Mar 2016, 14:36:57.950 [  FINER] [       FXGL.EventBus] [JavaFX Application Thread] Firing event: WorldEvent[type=ENTITY_ADDED]
24 Mar 2016, 14:36:57.950 [  FINER] [      FXGL.GameScene] [JavaFX Application Thread] Entity added to scene
24 Mar 2016, 14:36:57.950 [  FINER] [      FXGL.GameScene] [JavaFX Application Thread] Added MainViewComponent
24 Mar 2016, 14:36:57.951 [  FINER] [       FXGL.EventBus] [JavaFX Application Thread] Firing event: WorldEvent[type=ENTITY_ADDED]
24 Mar 2016, 14:36:57.951 [  FINER] [      FXGL.GameScene] [JavaFX Application Thread] Entity added to scene
24 Mar 2016, 14:36:57.951 [  FINER] [      FXGL.GameScene] [JavaFX Application Thread] Added MainViewComponent
24 Mar 2016, 14:36:57.954 [  FINER] [       FXGL.EventBus] [JavaFX Application Thread] Firing event: WorldEvent[type=ENTITY_ADDED]
24 Mar 2016, 14:36:57.954 [  FINER] [      FXGL.GameScene] [JavaFX Application Thread] Entity added to scene
24 Mar 2016, 14:36:57.954 [  FINER] [      FXGL.GameScene] [JavaFX Application Thread] Added MainViewComponent
24 Mar 2016, 14:36:57.955 [  FINER] [       FXGL.EventBus] [JavaFX Application Thread] Firing event: WorldEvent[type=ENTITY_ADDED]
24 Mar 2016, 14:36:57.956 [  FINER] [      FXGL.GameScene] [JavaFX Application Thread] Entity added to scene
24 Mar 2016, 14:36:57.956 [  FINER] [      FXGL.GameScene] [JavaFX Application Thread] Added MainViewComponent
24 Mar 2016, 14:36:57.957 [  FINER] [       FXGL.EventBus] [JavaFX Application Thread] Firing event: WorldEvent[type=ENTITY_ADDED]
24 Mar 2016, 14:36:57.957 [  FINER] [      FXGL.GameScene] [JavaFX Application Thread] Entity added to scene
24 Mar 2016, 14:36:57.957 [  FINER] [      FXGL.GameScene] [JavaFX Application Thread] Added MainViewComponent
24 Mar 2016, 14:36:57.958 [  FINER] [       FXGL.EventBus] [JavaFX Application Thread] Firing event: WorldEvent[type=ENTITY_ADDED]
24 Mar 2016, 14:36:57.958 [  FINER] [      FXGL.GameScene] [JavaFX Application Thread] Entity added to scene
24 Mar 2016, 14:36:57.958 [  FINER] [      FXGL.GameScene] [JavaFX Application Thread] Added MainViewComponent
24 Mar 2016, 14:36:57.959 [  FINER] [       FXGL.EventBus] [JavaFX Application Thread] Firing event: WorldEvent[type=ENTITY_ADDED]
24 Mar 2016, 14:36:57.959 [  FINER] [      FXGL.GameScene] [JavaFX Application Thread] Entity added to scene
24 Mar 2016, 14:36:57.959 [  FINER] [      FXGL.GameScene] [JavaFX Application Thread] Added MainViewComponent
24 Mar 2016, 14:36:57.961 [  FINER] [       FXGL.EventBus] [JavaFX Application Thread] Firing event: WorldEvent[type=ENTITY_ADDED]
24 Mar 2016, 14:36:57.961 [  FINER] [      FXGL.GameScene] [JavaFX Application Thread] Entity added to scene
24 Mar 2016, 14:36:57.961 [  FINER] [      FXGL.GameScene] [JavaFX Application Thread] Added MainViewComponent
24 Mar 2016, 14:36:57.962 [  FINER] [       FXGL.EventBus] [JavaFX Application Thread] Firing event: WorldEvent[type=ENTITY_ADDED]
24 Mar 2016, 14:36:57.962 [  FINER] [      FXGL.GameScene] [JavaFX Application Thread] Entity added to scene
24 Mar 2016, 14:36:57.962 [  FINER] [      FXGL.GameScene] [JavaFX Application Thread] Added MainViewComponent
24 Mar 2016, 14:36:57.963 [  FINER] [       FXGL.EventBus] [JavaFX Application Thread] Firing event: WorldEvent[type=ENTITY_ADDED]
24 Mar 2016, 14:36:57.963 [  FINER] [      FXGL.GameScene] [JavaFX Application Thread] Entity added to scene
24 Mar 2016, 14:36:57.963 [  FINER] [      FXGL.GameScene] [JavaFX Application Thread] Added MainViewComponent
24 Mar 2016, 14:36:57.964 [  FINER] [       FXGL.EventBus] [JavaFX Application Thread] Firing event: WorldEvent[type=ENTITY_ADDED]
24 Mar 2016, 14:36:57.964 [  FINER] [      FXGL.GameScene] [JavaFX Application Thread] Entity added to scene
24 Mar 2016, 14:36:57.964 [  FINER] [      FXGL.GameScene] [JavaFX Application Thread] Added MainViewComponent
24 Mar 2016, 14:36:57.965 [  FINER] [       FXGL.EventBus] [JavaFX Application Thread] Firing event: WorldEvent[type=ENTITY_ADDED]
24 Mar 2016, 14:36:57.965 [  FINER] [      FXGL.GameScene] [JavaFX Application Thread] Entity added to scene
24 Mar 2016, 14:36:57.965 [  FINER] [      FXGL.GameScene] [JavaFX Application Thread] Added MainViewComponent
24 Mar 2016, 14:36:57.966 [  FINER] [       FXGL.EventBus] [JavaFX Application Thread] Firing event: WorldEvent[type=ENTITY_ADDED]
24 Mar 2016, 14:36:57.966 [  FINER] [      FXGL.GameScene] [JavaFX Application Thread] Entity added to scene
24 Mar 2016, 14:36:57.966 [  FINER] [      FXGL.GameScene] [JavaFX Application Thread] Added MainViewComponent
24 Mar 2016, 14:36:57.967 [  FINER] [       FXGL.EventBus] [JavaFX Application Thread] Firing event: WorldEvent[type=ENTITY_ADDED]
24 Mar 2016, 14:36:57.967 [  FINER] [      FXGL.GameScene] [JavaFX Application Thread] Entity added to scene
24 Mar 2016, 14:36:57.967 [  FINER] [      FXGL.GameScene] [JavaFX Application Thread] Added MainViewComponent
24 Mar 2016, 14:36:57.968 [  FINER] [       FXGL.EventBus] [JavaFX Application Thread] Firing event: WorldEvent[type=ENTITY_ADDED]
24 Mar 2016, 14:36:57.968 [  FINER] [      FXGL.GameScene] [JavaFX Application Thread] Entity added to scene
24 Mar 2016, 14:36:57.968 [  FINER] [      FXGL.GameScene] [JavaFX Application Thread] Added MainViewComponent
24 Mar 2016, 14:36:57.969 [  FINER] [       FXGL.EventBus] [JavaFX Application Thread] Firing event: WorldEvent[type=ENTITY_ADDED]
24 Mar 2016, 14:36:57.969 [  FINER] [      FXGL.GameScene] [JavaFX Application Thread] Entity added to scene
24 Mar 2016, 14:36:57.969 [  FINER] [      FXGL.GameScene] [JavaFX Application Thread] Added MainViewComponent
24 Mar 2016, 14:36:57.970 [  FINER] [       FXGL.EventBus] [JavaFX Application Thread] Firing event: WorldEvent[type=ENTITY_ADDED]
24 Mar 2016, 14:36:57.970 [  FINER] [      FXGL.GameScene] [JavaFX Application Thread] Entity added to scene
24 Mar 2016, 14:36:57.970 [  FINER] [      FXGL.GameScene] [JavaFX Application Thread] Added MainViewComponent
24 Mar 2016, 14:36:57.971 [  FINER] [       FXGL.EventBus] [JavaFX Application Thread] Firing event: WorldEvent[type=ENTITY_ADDED]
24 Mar 2016, 14:36:57.971 [  FINER] [      FXGL.GameScene] [JavaFX Application Thread] Entity added to scene
24 Mar 2016, 14:36:57.971 [  FINER] [      FXGL.GameScene] [JavaFX Application Thread] Added MainViewComponent
24 Mar 2016, 14:36:57.972 [  FINER] [       FXGL.EventBus] [JavaFX Application Thread] Firing event: WorldEvent[type=ENTITY_ADDED]
24 Mar 2016, 14:36:57.972 [  FINER] [      FXGL.GameScene] [JavaFX Application Thread] Entity added to scene
24 Mar 2016, 14:36:57.972 [  FINER] [      FXGL.GameScene] [JavaFX Application Thread] Added MainViewComponent
24 Mar 2016, 14:36:57.972 [  FINER] [       FXGL.EventBus] [JavaFX Application Thread] Firing event: WorldEvent[type=ENTITY_ADDED]
24 Mar 2016, 14:36:57.973 [  FINER] [      FXGL.GameScene] [JavaFX Application Thread] Entity added to scene
24 Mar 2016, 14:36:57.973 [  FINER] [      FXGL.GameScene] [JavaFX Application Thread] Added MainViewComponent
24 Mar 2016, 14:36:57.973 [  FINER] [       FXGL.EventBus] [JavaFX Application Thread] Firing event: WorldEvent[type=ENTITY_ADDED]
24 Mar 2016, 14:36:57.973 [  FINER] [      FXGL.GameScene] [JavaFX Application Thread] Entity added to scene
24 Mar 2016, 14:36:57.973 [  FINER] [      FXGL.GameScene] [JavaFX Application Thread] Added MainViewComponent
24 Mar 2016, 14:36:57.974 [  FINER] [       FXGL.EventBus] [JavaFX Application Thread] Firing event: WorldEvent[type=ENTITY_ADDED]
24 Mar 2016, 14:36:57.974 [  FINER] [      FXGL.GameScene] [JavaFX Application Thread] Entity added to scene
24 Mar 2016, 14:36:57.974 [  FINER] [      FXGL.GameScene] [JavaFX Application Thread] Added MainViewComponent
24 Mar 2016, 14:36:57.975 [  FINER] [       FXGL.EventBus] [JavaFX Application Thread] Firing event: WorldEvent[type=ENTITY_ADDED]
24 Mar 2016, 14:36:57.975 [  FINER] [      FXGL.GameScene] [JavaFX Application Thread] Entity added to scene
24 Mar 2016, 14:36:57.975 [  FINER] [      FXGL.GameScene] [JavaFX Application Thread] Added MainViewComponent
24 Mar 2016, 14:36:57.976 [  FINER] [       FXGL.EventBus] [JavaFX Application Thread] Firing event: WorldEvent[type=ENTITY_ADDED]
24 Mar 2016, 14:36:57.976 [  FINER] [      FXGL.GameScene] [JavaFX Application Thread] Entity added to scene
24 Mar 2016, 14:36:57.976 [  FINER] [      FXGL.GameScene] [JavaFX Application Thread] Added MainViewComponent
24 Mar 2016, 14:36:57.977 [  FINER] [       FXGL.EventBus] [JavaFX Application Thread] Firing event: WorldEvent[type=ENTITY_ADDED]
24 Mar 2016, 14:36:57.977 [  FINER] [      FXGL.GameScene] [JavaFX Application Thread] Entity added to scene
24 Mar 2016, 14:36:57.977 [  FINER] [      FXGL.GameScene] [JavaFX Application Thread] Added MainViewComponent
24 Mar 2016, 14:36:57.978 [  FINER] [       FXGL.EventBus] [JavaFX Application Thread] Firing event: WorldEvent[type=ENTITY_ADDED]
24 Mar 2016, 14:36:57.978 [  FINER] [      FXGL.GameScene] [JavaFX Application Thread] Entity added to scene
24 Mar 2016, 14:36:57.978 [  FINER] [      FXGL.GameScene] [JavaFX Application Thread] Added MainViewComponent
24 Mar 2016, 14:36:57.979 [  FINER] [       FXGL.EventBus] [JavaFX Application Thread] Firing event: WorldEvent[type=ENTITY_ADDED]
24 Mar 2016, 14:36:57.979 [  FINER] [      FXGL.GameScene] [JavaFX Application Thread] Entity added to scene
24 Mar 2016, 14:36:57.979 [  FINER] [      FXGL.GameScene] [JavaFX Application Thread] Added MainViewComponent
24 Mar 2016, 14:36:57.980 [  FINER] [       FXGL.EventBus] [JavaFX Application Thread] Firing event: WorldEvent[type=ENTITY_ADDED]
24 Mar 2016, 14:36:57.980 [  FINER] [      FXGL.GameScene] [JavaFX Application Thread] Entity added to scene
24 Mar 2016, 14:36:57.981 [  FINER] [      FXGL.GameScene] [JavaFX Application Thread] Added MainViewComponent
24 Mar 2016, 14:36:57.981 [  FINER] [       FXGL.EventBus] [JavaFX Application Thread] Firing event: WorldEvent[type=ENTITY_ADDED]
24 Mar 2016, 14:36:57.981 [  FINER] [      FXGL.GameScene] [JavaFX Application Thread] Entity added to scene
24 Mar 2016, 14:36:57.982 [  FINER] [      FXGL.GameScene] [JavaFX Application Thread] Added MainViewComponent
24 Mar 2016, 14:36:57.982 [  FINER] [       FXGL.EventBus] [JavaFX Application Thread] Firing event: WorldEvent[type=ENTITY_ADDED]
24 Mar 2016, 14:36:57.983 [  FINER] [      FXGL.GameScene] [JavaFX Application Thread] Entity added to scene
24 Mar 2016, 14:36:57.983 [  FINER] [      FXGL.GameScene] [JavaFX Application Thread] Added MainViewComponent
24 Mar 2016, 14:36:57.983 [  FINER] [       FXGL.EventBus] [JavaFX Application Thread] Firing event: WorldEvent[type=ENTITY_ADDED]
24 Mar 2016, 14:36:57.984 [  FINER] [      FXGL.GameScene] [JavaFX Application Thread] Entity added to scene
24 Mar 2016, 14:36:57.984 [  FINER] [      FXGL.GameScene] [JavaFX Application Thread] Added MainViewComponent
24 Mar 2016, 14:36:57.984 [  FINER] [       FXGL.EventBus] [JavaFX Application Thread] Firing event: WorldEvent[type=ENTITY_ADDED]
24 Mar 2016, 14:36:57.985 [  FINER] [      FXGL.GameScene] [JavaFX Application Thread] Entity added to scene
24 Mar 2016, 14:36:57.985 [  FINER] [      FXGL.GameScene] [JavaFX Application Thread] Added MainViewComponent
24 Mar 2016, 14:36:57.986 [  FINER] [       FXGL.EventBus] [JavaFX Application Thread] Firing event: WorldEvent[type=ENTITY_ADDED]
24 Mar 2016, 14:36:57.986 [  FINER] [      FXGL.GameScene] [JavaFX Application Thread] Entity added to scene
24 Mar 2016, 14:36:57.986 [  FINER] [      FXGL.GameScene] [JavaFX Application Thread] Added MainViewComponent
24 Mar 2016, 14:36:57.987 [  FINER] [       FXGL.EventBus] [JavaFX Application Thread] Firing event: WorldEvent[type=ENTITY_ADDED]
24 Mar 2016, 14:36:57.987 [  FINER] [      FXGL.GameScene] [JavaFX Application Thread] Entity added to scene
24 Mar 2016, 14:36:57.987 [  FINER] [      FXGL.GameScene] [JavaFX Application Thread] Added MainViewComponent
24 Mar 2016, 14:36:57.988 [  FINER] [       FXGL.EventBus] [JavaFX Application Thread] Firing event: WorldEvent[type=ENTITY_ADDED]
24 Mar 2016, 14:36:57.988 [  FINER] [      FXGL.GameScene] [JavaFX Application Thread] Entity added to scene
24 Mar 2016, 14:36:57.988 [  FINER] [      FXGL.GameScene] [JavaFX Application Thread] Added MainViewComponent
24 Mar 2016, 14:36:57.989 [  FINER] [       FXGL.EventBus] [JavaFX Application Thread] Firing event: WorldEvent[type=ENTITY_ADDED]
24 Mar 2016, 14:36:57.989 [  FINER] [      FXGL.GameScene] [JavaFX Application Thread] Entity added to scene
24 Mar 2016, 14:36:57.989 [  FINER] [      FXGL.GameScene] [JavaFX Application Thread] Added MainViewComponent
24 Mar 2016, 14:37:32.733 [  FINER] [       FXGL.EventBus] [JavaFX Application Thread] Firing event: DisplayEvent[type=DIALOG_OPENED]
24 Mar 2016, 14:37:32.734 [  FINER] [    FXGL.Application] [JavaFX Application Thread] Pausing main loop
24 Mar 2016, 14:37:32.734 [  FINER] [       FXGL.EventBus] [JavaFX Application Thread] Firing event: FXGLEvent[type=PAUSE]
24 Mar 2016, 14:37:32.734 [  FINER] [          FXGL.Input] [JavaFX Application Thread] Clearing active input actions
24 Mar 2016, 14:37:32.734 [  FINER] [    FXGL.MasterTimer] [JavaFX Application Thread] Stopping master timer
24 Mar 2016, 14:37:32.734 [  FINER] [    FXGL.Application] [JavaFX Application Thread] State: PLAYING -> PAUSED
24 Mar 2016, 14:37:32.734 [  FINER] [          FXGL.Input] [JavaFX Application Thread] Clearing active input actions
24 Mar 2016, 14:37:35.800 [  FINER] [       FXGL.EventBus] [JavaFX Application Thread] Firing event: DisplayEvent[type=DIALOG_CLOSED]
24 Mar 2016, 14:37:35.801 [  FINER] [    FXGL.Application] [JavaFX Application Thread] Resuming main loop
24 Mar 2016, 14:37:35.801 [  FINER] [       FXGL.EventBus] [JavaFX Application Thread] Firing event: FXGLEvent[type=RESUME]
24 Mar 2016, 14:37:35.801 [  FINER] [          FXGL.Input] [JavaFX Application Thread] Clearing active input actions
24 Mar 2016, 14:37:35.801 [  FINER] [    FXGL.MasterTimer] [JavaFX Application Thread] Starting master timer
24 Mar 2016, 14:37:35.801 [  FINER] [    FXGL.Application] [JavaFX Application Thread] State: PAUSED -> PLAYING
24 Mar 2016, 14:37:35.801 [  FINER] [       FXGL.EventBus] [JavaFX Application Thread] Firing event: DisplayEvent[type=CLOSE_REQUEST]
24 Mar 2016, 14:37:35.801 [  FINER] [    FXGL.Application] [JavaFX Application Thread] Exiting Normally
24 Mar 2016, 14:37:35.801 [  FINER] [       FXGL.EventBus] [JavaFX Application Thread] Firing event: FXGLEvent[type=EXIT]
24 Mar 2016, 14:37:35.801 [  FINER] [         FXGL.Logger] [JavaFX Application Thread] Logger is closing
